==============================================
 2026-04-28 11:24:32 进程状态
==============================================
root         904       1  0 11:04 ?        00:00:00 /usr/bin/python3 /usr/share/unattended-upgrades/unattended-upgrade-shutdown --wait-for-signal

==============================================
 软标签进度
==============================================
[数据] 从缓存加载: X_tr=/home/fandy/workplace/thesis/results/soft_labels/kuhar_X_tr.npy
  WISDM raw: 1086465 time points, 10864 train windows, 2716 val, 3395 test
============================================================
  📊 详细进度汇报  2026-04-28 11:24:34
============================================================

🗂️  软标签进度 (总: 21980/21980)
数据集                  真软标签  one-hot      未填充       进度 状态
-----------------------------------------------------------------
pamap2             1128/1128       1698        0 ████████████████████ ✅完成
kuhar              7059/7059          2    54149 ████████████████████ ✅完成
uci_har            2250/2250       3631        0 ████████████████████ ✅完成
harth              2082/2082      20662        0 ████████████████████ ✅完成
uci_har_new        2362/2362       3851        0 ████████████████████ ✅完成
motionsense        2400/2400      11593        0 ████████████████████ ✅完成
gait                268/268         405        0 ████████████████████ ✅完成
wisdm              2031/2031       8833        0 ████████████████████ ✅完成
motionsense_dm     2400/2400      11384        0 ████████████████████ ✅完成

🏋️  训练进度
  pamap2          : pure_cnn✅ | v1✅ | v2✅ | v3✅
  kuhar           : pure_cnn✅ | v1❌ | v2❌ | v3❌
  uci_har         : pure_cnn✅ | v1✅ | v2✅ | v3✅
  harth           : pure_cnn❌ | v1❌ | v2❌ | v3❌
  uci_har_new     : pure_cnn✅ | v1✅ | v2✅ | v3✅
  motionsense     : pure_cnn✅ | v1✅ | v2✅ | v3✅
  gait            : pure_cnn✅ | v1✅ | v2✅ | v3✅
  wisdm           : pure_cnn✅ | v1✅ | v2✅ | v3✅
  motionsense_dm  : pure_cnn✅ | v1✅ | v2✅ | v3✅

📈 总训练: 29/36 完成
🔧 软标签进程: 0 运行中 (无)
🔧 训练进程: 0 运行中 (无)

