
==================================================
  HARTH - PURE_CNN
==================================================
  Checkpoint: /home/fandy/workplace/thesis/results/checkpoints/harth_pure_cnn_best.pt
  Log: /home/fandy/workplace/thesis/results/logs/harth_pure_cnn_train.log
  History: /home/fandy/workplace/thesis/results/history/harth_pure_cnn_history.json
  Train: 22744 Val: 5686 Test: 7108
  [Limit] Max train: 20000

[Stage 1] 纯CNN训练 (300 epochs, 无蒸馏)...
         用focal_loss训练，不使用软标签...
Traceback (most recent call last):
  File "/home/fandy/workplace/thesis/scripts/run_distill.py", line 801, in <module>
    train(args.dataset, args.version, resume=args.resume)
  File "/home/fandy/workplace/thesis/scripts/run_distill.py", line 566, in train
    out = model(bx)
          ^^^^^^^^^
  File "/home/fandy/.local/lib/python3.12/site-packages/torch/nn/modules/module.py", line 1779, in _wrapped_call_impl
    return self._call_impl(*args, **kwargs)
           ^^^^^^^^^^^^^^^^^^^^^^^^^^^^^^^^
  File "/home/fandy/.local/lib/python3.12/site-packages/torch/nn/modules/module.py", line 1790, in _call_impl
    return forward_call(*args, **kwargs)
           ^^^^^^^^^^^^^^^^^^^^^^^^^^^^^
  File "/home/fandy/workplace/thesis/scripts/run_distill.py", line 352, in forward
    x = F.relu(self.bn1(self.conv1(x)))
                        ^^^^^^^^^^^^^
  File "/home/fandy/.local/lib/python3.12/site-packages/torch/nn/modules/module.py", line 1779, in _wrapped_call_impl
    return self._call_impl(*args, **kwargs)
           ^^^^^^^^^^^^^^^^^^^^^^^^^^^^^^^^
  File "/home/fandy/.local/lib/python3.12/site-packages/torch/nn/modules/module.py", line 1790, in _call_impl
    return forward_call(*args, **kwargs)
           ^^^^^^^^^^^^^^^^^^^^^^^^^^^^^
  File "/home/fandy/.local/lib/python3.12/site-packages/torch/nn/modules/conv.py", line 375, in forward
    return self._conv_forward(input, self.weight, self.bias)
           ^^^^^^^^^^^^^^^^^^^^^^^^^^^^^^^^^^^^^^^^^^^^^^^^^
  File "/home/fandy/.local/lib/python3.12/site-packages/torch/nn/modules/conv.py", line 370, in _conv_forward
    return F.conv1d(
           ^^^^^^^^^
RuntimeError: Given groups=1, weight of size [64, 6, 7], expected input[64, 3, 128] to have 6 channels, but got 3 channels instead

==================================================
  HARTH - V1
==================================================
  Checkpoint: /home/fandy/workplace/thesis/results/checkpoints/harth_v1_best.pt
  Log: /home/fandy/workplace/thesis/results/logs/harth_v1_train.log
  History: /home/fandy/workplace/thesis/results/history/harth_v1_history.json
  Train: 22744 Val: 5686 Test: 7108
  [Limit] Max train: 20000
  [Soft] WARNING: 软标签样本数(22744) > 训练样本数(20000), 已截断
  [WARN] 未找到pure_cnn checkpoint，将从头训练Stage1
Traceback (most recent call last):
  File "/home/fandy/workplace/thesis/scripts/run_distill.py", line 801, in <module>
    train(args.dataset, args.version, resume=args.resume)
  File "/home/fandy/workplace/thesis/scripts/run_distill.py", line 566, in train
    out = model(bx)
          ^^^^^^^^^
  File "/home/fandy/.local/lib/python3.12/site-packages/torch/nn/modules/module.py", line 1779, in _wrapped_call_impl
    return self._call_impl(*args, **kwargs)
           ^^^^^^^^^^^^^^^^^^^^^^^^^^^^^^^^
  File "/home/fandy/.local/lib/python3.12/site-packages/torch/nn/modules/module.py", line 1790, in _call_impl
    return forward_call(*args, **kwargs)
           ^^^^^^^^^^^^^^^^^^^^^^^^^^^^^
  File "/home/fandy/workplace/thesis/scripts/run_distill.py", line 352, in forward
    x = F.relu(self.bn1(self.conv1(x)))
                        ^^^^^^^^^^^^^
  File "/home/fandy/.local/lib/python3.12/site-packages/torch/nn/modules/module.py", line 1779, in _wrapped_call_impl
    return self._call_impl(*args, **kwargs)
           ^^^^^^^^^^^^^^^^^^^^^^^^^^^^^^^^
  File "/home/fandy/.local/lib/python3.12/site-packages/torch/nn/modules/module.py", line 1790, in _call_impl
    return forward_call(*args, **kwargs)
           ^^^^^^^^^^^^^^^^^^^^^^^^^^^^^
  File "/home/fandy/.local/lib/python3.12/site-packages/torch/nn/modules/conv.py", line 375, in forward
    return self._conv_forward(input, self.weight, self.bias)
           ^^^^^^^^^^^^^^^^^^^^^^^^^^^^^^^^^^^^^^^^^^^^^^^^^
  File "/home/fandy/.local/lib/python3.12/site-packages/torch/nn/modules/conv.py", line 370, in _conv_forward
    return F.conv1d(
           ^^^^^^^^^
RuntimeError: Given groups=1, weight of size [64, 6, 7], expected input[64, 3, 128] to have 6 channels, but got 3 channels instead

==================================================
  HARTH - V2
==================================================
  Checkpoint: /home/fandy/workplace/thesis/results/checkpoints/harth_v2_best.pt
  Log: /home/fandy/workplace/thesis/results/logs/harth_v2_train.log
  History: /home/fandy/workplace/thesis/results/history/harth_v2_history.json
  Train: 22744 Val: 5686 Test: 7108
  [Limit] Max train: 20000
  [Soft] WARNING: 软标签样本数(22744) > 训练样本数(20000), 已截断
  [WARN] 未找到pure_cnn checkpoint，将从头训练Stage1
Traceback (most recent call last):
  File "/home/fandy/workplace/thesis/scripts/run_distill.py", line 801, in <module>
    train(args.dataset, args.version, resume=args.resume)
  File "/home/fandy/workplace/thesis/scripts/run_distill.py", line 566, in train
    out = model(bx)
          ^^^^^^^^^
  File "/home/fandy/.local/lib/python3.12/site-packages/torch/nn/modules/module.py", line 1779, in _wrapped_call_impl
    return self._call_impl(*args, **kwargs)
           ^^^^^^^^^^^^^^^^^^^^^^^^^^^^^^^^
  File "/home/fandy/.local/lib/python3.12/site-packages/torch/nn/modules/module.py", line 1790, in _call_impl
    return forward_call(*args, **kwargs)
           ^^^^^^^^^^^^^^^^^^^^^^^^^^^^^
  File "/home/fandy/workplace/thesis/scripts/run_distill.py", line 352, in forward
    x = F.relu(self.bn1(self.conv1(x)))
                        ^^^^^^^^^^^^^
  File "/home/fandy/.local/lib/python3.12/site-packages/torch/nn/modules/module.py", line 1779, in _wrapped_call_impl
    return self._call_impl(*args, **kwargs)
           ^^^^^^^^^^^^^^^^^^^^^^^^^^^^^^^^
  File "/home/fandy/.local/lib/python3.12/site-packages/torch/nn/modules/module.py", line 1790, in _call_impl
    return forward_call(*args, **kwargs)
           ^^^^^^^^^^^^^^^^^^^^^^^^^^^^^
  File "/home/fandy/.local/lib/python3.12/site-packages/torch/nn/modules/conv.py", line 375, in forward
    return self._conv_forward(input, self.weight, self.bias)
           ^^^^^^^^^^^^^^^^^^^^^^^^^^^^^^^^^^^^^^^^^^^^^^^^^
  File "/home/fandy/.local/lib/python3.12/site-packages/torch/nn/modules/conv.py", line 370, in _conv_forward
    return F.conv1d(
           ^^^^^^^^^
RuntimeError: Given groups=1, weight of size [64, 6, 7], expected input[64, 3, 128] to have 6 channels, but got 3 channels instead

==================================================
  HARTH - V3
==================================================
  Checkpoint: /home/fandy/workplace/thesis/results/checkpoints/harth_v3_best.pt
  Log: /home/fandy/workplace/thesis/results/logs/harth_v3_train.log
  History: /home/fandy/workplace/thesis/results/history/harth_v3_history.json
  Train: 22744 Val: 5686 Test: 7108
  [Limit] Max train: 20000
  [Soft] WARNING: 软标签样本数(22744) > 训练样本数(20000), 已截断
  [WARN] 未找到pure_cnn checkpoint，将从头训练Stage1
Traceback (most recent call last):
  File "/home/fandy/workplace/thesis/scripts/run_distill.py", line 801, in <module>
    train(args.dataset, args.version, resume=args.resume)
  File "/home/fandy/workplace/thesis/scripts/run_distill.py", line 566, in train
    out = model(bx)
          ^^^^^^^^^
  File "/home/fandy/.local/lib/python3.12/site-packages/torch/nn/modules/module.py", line 1779, in _wrapped_call_impl
    return self._call_impl(*args, **kwargs)
           ^^^^^^^^^^^^^^^^^^^^^^^^^^^^^^^^
  File "/home/fandy/.local/lib/python3.12/site-packages/torch/nn/modules/module.py", line 1790, in _call_impl
    return forward_call(*args, **kwargs)
           ^^^^^^^^^^^^^^^^^^^^^^^^^^^^^
  File "/home/fandy/workplace/thesis/scripts/run_distill.py", line 352, in forward
    x = F.relu(self.bn1(self.conv1(x)))
                        ^^^^^^^^^^^^^
  File "/home/fandy/.local/lib/python3.12/site-packages/torch/nn/modules/module.py", line 1779, in _wrapped_call_impl
    return self._call_impl(*args, **kwargs)
           ^^^^^^^^^^^^^^^^^^^^^^^^^^^^^^^^
  File "/home/fandy/.local/lib/python3.12/site-packages/torch/nn/modules/module.py", line 1790, in _call_impl
    return forward_call(*args, **kwargs)
           ^^^^^^^^^^^^^^^^^^^^^^^^^^^^^
  File "/home/fandy/.local/lib/python3.12/site-packages/torch/nn/modules/conv.py", line 375, in forward
    return self._conv_forward(input, self.weight, self.bias)
           ^^^^^^^^^^^^^^^^^^^^^^^^^^^^^^^^^^^^^^^^^^^^^^^^^
  File "/home/fandy/.local/lib/python3.12/site-packages/torch/nn/modules/conv.py", line 370, in _conv_forward
    return F.conv1d(
           ^^^^^^^^^
RuntimeError: Given groups=1, weight of size [64, 6, 7], expected input[64, 3, 128] to have 6 channels, but got 3 channels instead
============================================================
 训练配置
 数据集: pamap2, uci_har, harth, uci_har_new, motionsense, motionsense_dm, gait, wisdm, kuhar
 版本: pure_cnn, v1, v2, v3
 模式: 训练
 恢复训练: 是（跳过已完成）
============================================================

无运行中的软标签生成进程

当前训练状态:
数据集                  pure_cnn         v1         v2         v3    生成中
------------------------------------------------------------------
pamap2                 94.68%     94.68%     95.14%     95.93%       
uci_har                95.86%     96.10%     96.20%     96.44%       
harth                    None       None       None       None       
uci_har_new            94.66%     94.62%     95.32%     95.07%       
motionsense            98.70%     98.86%     99.02%     98.95%       
motionsense_dm         98.21%     98.61%     98.89%     98.54%       
gait                   87.20%     86.73%     87.68%     88.15%       
wisdm                  98.00%     98.26%     98.26%     98.29%       
kuhar                  94.07%     95.25%     95.27%     95.21%       

==================================================================
 开始训练...
==================================================================

[pamap2][pure_cnn] ✅ 已完成，跳过 (结果: 94.68)

[pamap2][v1] ✅ 已完成，跳过 (结果: 94.68)

[pamap2][v2] ✅ 已完成，跳过 (结果: 95.14)

[pamap2][v3] ✅ 已完成，跳过 (结果: 95.93)

[uci_har][pure_cnn] ✅ 已完成，跳过 (结果: 95.86)

[uci_har][v1] ✅ 已完成，跳过 (结果: 96.1)

[uci_har][v2] ✅ 已完成，跳过 (结果: 96.2)

[uci_har][v3] ✅ 已完成，跳过 (结果: 96.44)

[harth][pure_cnn] 🚀 开始训练...
  命令: /usr/bin/python3 run_distill.py harth pure_cnn
[harth][pure_cnn] ❌ 训练失败 (exit=1)

[harth][v1] 🚀 开始训练...
  命令: /usr/bin/python3 run_distill.py harth v1
[harth][v1] ❌ 训练失败 (exit=1)

[harth][v2] 🚀 开始训练...
  命令: /usr/bin/python3 run_distill.py harth v2
[harth][v2] ❌ 训练失败 (exit=1)

[harth][v3] 🚀 开始训练...
  命令: /usr/bin/python3 run_distill.py harth v3
[harth][v3] ❌ 训练失败 (exit=1)

[uci_har_new][pure_cnn] ✅ 已完成，跳过 (结果: 94.66)

[uci_har_new][v1] ✅ 已完成，跳过 (结果: 94.62)

[uci_har_new][v2] ✅ 已完成，跳过 (结果: 95.32)

[uci_har_new][v3] ✅ 已完成，跳过 (结果: 95.07)

[motionsense][pure_cnn] ✅ 已完成，跳过 (结果: 98.7)

[motionsense][v1] ✅ 已完成，跳过 (结果: 98.86)

[motionsense][v2] ✅ 已完成，跳过 (结果: 99.02)

[motionsense][v3] ✅ 已完成，跳过 (结果: 98.95)

[motionsense_dm][pure_cnn] ✅ 已完成，跳过 (结果: 98.21)

[motionsense_dm][v1] ✅ 已完成，跳过 (结果: 98.61)

[motionsense_dm][v2] ✅ 已完成，跳过 (结果: 98.89)

[motionsense_dm][v3] ✅ 已完成，跳过 (结果: 98.54)

[gait][pure_cnn] ✅ 已完成，跳过 (结果: 87.2)

[gait][v1] ✅ 已完成，跳过 (结果: 86.73)

[gait][v2] ✅ 已完成，跳过 (结果: 87.68)

[gait][v3] ✅ 已完成，跳过 (结果: 88.15)

[wisdm][pure_cnn] ✅ 已完成，跳过 (结果: 98.0)

[wisdm][v1] ✅ 已完成，跳过 (结果: 98.26)

[wisdm][v2] ✅ 已完成，跳过 (结果: 98.26)

[wisdm][v3] ✅ 已完成，跳过 (结果: 98.29)

[kuhar][pure_cnn] ✅ 已完成，跳过 (结果: 94.07)

[kuhar][v1] ✅ 已完成，跳过 (结果: 95.25)

[kuhar][v2] ✅ 已完成，跳过 (结果: 95.27)

[kuhar][v3] ✅ 已完成，跳过 (结果: 95.21)

==================================================================
 训练完成！
 本轮训练: 4 个
 跳过（生成中）: 0 个
 跳过（已完成）: 32 个
==================================================================

==================================================
  HARTH - PURE_CNN
==================================================
  Checkpoint: /home/fandy/workplace/thesis/results/checkpoints/harth_pure_cnn_best.pt
  Log: /home/fandy/workplace/thesis/results/logs/harth_pure_cnn_train.log
  History: /home/fandy/workplace/thesis/results/history/harth_pure_cnn_history.json
  Train: 22744 Val: 5686 Test: 7108
  [Limit] Max train: 20000

[Stage 1] 纯CNN训练 (300 epochs, 无蒸馏)...
         用focal_loss训练，不使用软标签...
  [S1] ep 10: loss=0.1446 val=85.4%
  [S1] ep 20: loss=0.0767 val=85.4%
  [S1] ep 30: loss=0.0837 val=84.7%
  [S1] ep 40: loss=0.0453 val=84.9%
  [S1] ep 50: loss=0.0208 val=85.1%
  [S1] ep 60: loss=0.0130 val=85.0%
  [S1] ep 70: loss=0.0400 val=83.7%
  [S1] ep 80: loss=0.0261 val=84.2%
  [S1] ep 90: loss=0.0179 val=83.4%
  [S1] ep100: loss=0.0119 val=84.3%
  [S1] ep110: loss=0.0059 val=84.5%
  [S1] ep120: loss=0.0023 val=84.4%
  [S1] ep130: loss=0.0011 val=84.5%
  [S1] ep140: loss=0.0009 val=84.5%
  [S1] ep150: loss=0.0204 val=84.2%
  [S1] ep160: loss=0.0125 val=84.7%
  [S1] ep170: loss=0.0095 val=84.0%
  [S1] ep180: loss=0.0080 val=84.3%
  [S1] ep190: loss=0.0065 val=84.4%
  [S1] ep200: loss=0.0032 val=83.7%
  [S1] ep210: loss=0.0059 val=84.7%
  [S1] ep220: loss=0.0025 val=84.4%
  [S1] ep230: loss=0.0022 val=84.5%
  [S1] ep240: loss=0.0020 val=84.4%
  [S1] ep250: loss=0.0013 val=84.8%
  [S1] ep260: loss=0.0004 val=84.6%
  [S1] ep270: loss=0.0004 val=84.6%
  [S1] ep280: loss=0.0003 val=84.6%
  [S1] ep290: loss=0.0003 val=84.6%
  [S1] ep300: loss=0.0007 val=84.5%
  [S1] Final: val_acc=85.58% | test_acc=85.86%
  [S1] Confusion matrix saved ((6, 6))
  [S1] Per-class accuracy saved:
    左立: 91.1%
    走路: 97.3%
    上楼: 43.2%
    下楼: 73.0%
    右立: 68.9%
    站立: 91.0%

  ✅ Result saved: /home/fandy/workplace/thesis/results/harth_pure_cnn.json
  ✅ History saved: /home/fandy/workplace/thesis/results/history/harth_pure_cnn_history.json
  Total time: 70.1min

==================================================
  HARTH - V1
==================================================
  Checkpoint: /home/fandy/workplace/thesis/results/checkpoints/harth_v1_best.pt
  Log: /home/fandy/workplace/thesis/results/logs/harth_v1_train.log
  History: /home/fandy/workplace/thesis/results/history/harth_v1_history.json
  Train: 22744 Val: 5686 Test: 7108
  [Limit] Max train: 20000
  [Soft] WARNING: 软标签样本数(22744) > 训练样本数(20000), 已截断
  [SKIP Stage1] 跳过纯CNN训练，直接用已有权重 (val_acc=85.58%)
  [LOAD] harth_pure_cnn_best.pt → model.load_state_dict()
  [S1] Loaded: val_acc=85.58% | test_acc=85.86%
  [S1] Confusion matrix saved ((6, 6))
  [S1] Per-class accuracy saved:
    左立: 91.1%
    走路: 97.3%
    上楼: 43.2%
    下楼: 73.0%
    右立: 68.9%
    站立: 91.1%

[Stage 2] V1 蒸馏训练 (300 epochs, T=3.0, alpha=0.6)
         用Stage1的权重初始化，用软标签训练...
  [S2] ep 10: loss=0.2867 val=85.4% best=85.6%
  [S2] ep 20: loss=0.2593 val=85.6% best=85.9%
  [S2] ep 30: loss=0.2518 val=85.9% best=85.9%
  [S2] ep 40: loss=0.2386 val=84.9% best=85.9%
  [S2] ep 50: loss=0.2256 val=85.3% best=85.9%
  [S2] ep 60: loss=0.2179 val=84.8% best=85.9%
  [S2] ep 70: loss=0.2137 val=84.6% best=85.9%
  [S2] ep 80: loss=0.2114 val=84.7% best=85.9%
  [S2] ep 90: loss=0.2109 val=84.6% best=85.9%
  [S2] ep100: loss=0.2149 val=84.3% best=85.9%
  [S2] ep110: loss=0.2115 val=84.6% best=85.9%
  [S2] ep120: loss=0.2089 val=84.6% best=85.9%
  [S2] ep130: loss=0.2059 val=84.2% best=85.9%
  [S2] ep140: loss=0.2048 val=84.4% best=85.9%
  [S2] ep150: loss=0.2036 val=84.3% best=85.9%
  [S2] ep160: loss=0.2031 val=84.6% best=85.9%
  [S2] ep170: loss=0.2022 val=84.3% best=85.9%
  [S2] ep180: loss=0.2023 val=84.5% best=85.9%
  [S2] ep190: loss=0.2016 val=84.3% best=85.9%
  [S2] ep200: loss=0.2015 val=84.5% best=85.9%
  [S2] ep210: loss=0.2013 val=84.7% best=85.9%
  [S2] ep220: loss=0.2054 val=84.1% best=85.9%
  [S2] ep230: loss=0.2048 val=84.0% best=85.9%
  [S2] ep240: loss=0.2035 val=84.3% best=85.9%
  [S2] ep250: loss=0.2034 val=84.5% best=85.9%
  [S2] ep260: loss=0.2035 val=84.5% best=85.9%
  [S2] ep270: loss=0.2028 val=84.2% best=85.9%
  [S2] ep280: loss=0.2013 val=84.4% best=85.9%
  [S2] ep290: loss=0.2008 val=84.1% best=85.9%
  [S2] ep300: loss=0.2002 val=84.2% best=85.9%
  [S2] V1 保存: val_acc=85.95%
  V1: 86.28%
  [V1] Confusion matrix saved ((6, 6))
  [V1] Per-class accuracy saved:
    左立: 92.9%
    走路: 97.6%
    上楼: 44.1%
    下楼: 65.8%
    右立: 71.1%
    站立: 89.7%

  ✅ Result saved: /home/fandy/workplace/thesis/results/harth_v1.json
  ✅ History saved: /home/fandy/workplace/thesis/results/history/harth_v1_history.json
  Total time: 64.1min

==================================================
  HARTH - V2
==================================================
  Checkpoint: /home/fandy/workplace/thesis/results/checkpoints/harth_v2_best.pt
  Log: /home/fandy/workplace/thesis/results/logs/harth_v2_train.log
  History: /home/fandy/workplace/thesis/results/history/harth_v2_history.json
  Train: 22744 Val: 5686 Test: 7108
  [Limit] Max train: 20000
  [Soft] WARNING: 软标签样本数(22744) > 训练样本数(20000), 已截断
  [SKIP Stage1] 跳过纯CNN训练，直接用已有权重 (val_acc=85.58%)
  [LOAD] harth_pure_cnn_best.pt → model.load_state_dict()
  [S1] Loaded: val_acc=85.58% | test_acc=85.86%
  [S1] Confusion matrix saved ((6, 6))
  [S1] Per-class accuracy saved:
    左立: 91.1%
    走路: 97.3%
    上楼: 43.3%
    下楼: 73.0%
    右立: 68.9%
    站立: 91.1%

[Stage 2] V2 蒸馏训练 (300 epochs, T=2.5, alpha=0.8)
         用Stage1的权重初始化，用软标签训练...
  [S2] ep 10: loss=0.2461 val=85.9% best=85.9%
  [S2] ep 20: loss=0.2151 val=85.8% best=85.9%
  [S2] ep 30: loss=0.2068 val=85.4% best=85.9%
  [S2] ep 40: loss=0.1914 val=85.6% best=86.0%
  [S2] ep 50: loss=0.1751 val=85.1% best=86.0%
  [S2] ep 60: loss=0.1649 val=85.1% best=86.0%
  [S2] ep 70: loss=0.1588 val=84.7% best=86.0%
  [S2] ep 80: loss=0.1562 val=84.7% best=86.0%
  [S2] ep 90: loss=0.1547 val=84.9% best=86.0%
  [S2] ep100: loss=0.1598 val=84.2% best=86.0%
  [S2] ep110: loss=0.1561 val=84.6% best=86.0%
  [S2] ep120: loss=0.1534 val=84.4% best=86.0%
  [S2] ep130: loss=0.1511 val=84.3% best=86.0%
  [S2] ep140: loss=0.1482 val=84.8% best=86.0%
  [S2] ep150: loss=0.1469 val=84.8% best=86.0%
  [S2] ep160: loss=0.1457 val=85.0% best=86.0%
  [S2] ep170: loss=0.1449 val=84.6% best=86.0%
  [S2] ep180: loss=0.1447 val=85.1% best=86.0%
  [S2] ep190: loss=0.1445 val=85.1% best=86.0%
  [S2] ep200: loss=0.1441 val=84.9% best=86.0%
  [S2] ep210: loss=0.1440 val=84.7% best=86.0%
  [S2] ep220: loss=0.1479 val=84.1% best=86.0%
  [S2] ep230: loss=0.1471 val=84.4% best=86.0%
  [S2] ep240: loss=0.1466 val=84.0% best=86.0%
  [S2] ep250: loss=0.1452 val=84.3% best=86.0%
  [S2] ep260: loss=0.1471 val=83.9% best=86.0%
  [S2] ep270: loss=0.1454 val=84.5% best=86.0%
  [S2] ep280: loss=0.1442 val=84.7% best=86.0%
  [S2] ep290: loss=0.1440 val=84.7% best=86.0%
  [S2] ep300: loss=0.1448 val=84.5% best=86.0%
  [S2] V2 保存: val_acc=85.97%
  V2: 86.24%
  [V2] Confusion matrix saved ((6, 6))
  [V2] Per-class accuracy saved:
    左立: 92.8%
    走路: 97.6%
    上楼: 50.5%
    下楼: 66.3%
    右立: 73.3%
    站立: 87.1%

  ✅ Result saved: /home/fandy/workplace/thesis/results/harth_v2.json
  ✅ History saved: /home/fandy/workplace/thesis/results/history/harth_v2_history.json
  Total time: 64.0min

==================================================
  HARTH - V3
==================================================
  Checkpoint: /home/fandy/workplace/thesis/results/checkpoints/harth_v3_best.pt
  Log: /home/fandy/workplace/thesis/results/logs/harth_v3_train.log
  History: /home/fandy/workplace/thesis/results/history/harth_v3_history.json
  Train: 22744 Val: 5686 Test: 7108
  [Limit] Max train: 20000
  [Soft] WARNING: 软标签样本数(22744) > 训练样本数(20000), 已截断
  [SKIP Stage1] 跳过纯CNN训练，直接用已有权重 (val_acc=85.58%)
  [LOAD] harth_pure_cnn_best.pt → model.load_state_dict()
  [S1] Loaded: val_acc=85.58% | test_acc=85.85%
  [S1] Confusion matrix saved ((6, 6))
  [S1] Per-class accuracy saved:
    左立: 91.1%
    走路: 97.3%
    上楼: 43.2%
    下楼: 73.0%
    右立: 68.9%
    站立: 91.1%

[Stage 2] V3 蒸馏训练 (300 epochs, T=1.5, alpha=0.85)
         用Stage1的权重初始化，用软标签训练...
  [S2] ep 10: loss=0.2285 val=85.7% best=85.9%
  [S2] ep 20: loss=0.1993 val=85.8% best=85.9%
  [S2] ep 30: loss=0.1900 val=85.8% best=85.9%
  [S2] ep 40: loss=0.1779 val=85.0% best=85.9%
  [S2] ep 50: loss=0.1598 val=85.4% best=85.9%
  [S2] ep 60: loss=0.1491 val=84.9% best=85.9%
  [S2] ep 70: loss=0.1433 val=84.3% best=85.9%
  [S2] ep 80: loss=0.1412 val=84.3% best=85.9%
  [S2] ep 90: loss=0.1394 val=84.4% best=85.9%
  [S2] ep100: loss=0.1449 val=84.3% best=85.9%
  [S2] ep110: loss=0.1408 val=84.0% best=85.9%
  [S2] ep120: loss=0.1374 val=84.1% best=85.9%
  [S2] ep130: loss=0.1344 val=84.3% best=85.9%
  [S2] ep140: loss=0.1329 val=84.0% best=85.9%
  [S2] ep150: loss=0.1317 val=84.0% best=85.9%
  [S2] ep160: loss=0.1308 val=84.6% best=85.9%
  [S2] ep170: loss=0.1300 val=84.6% best=85.9%
  [S2] ep180: loss=0.1292 val=84.4% best=85.9%
  [S2] ep190: loss=0.1288 val=84.4% best=85.9%
  [S2] ep200: loss=0.1287 val=84.4% best=85.9%
  [S2] ep210: loss=0.1285 val=84.2% best=85.9%
  [S2] ep220: loss=0.1342 val=84.3% best=85.9%
  [S2] ep230: loss=0.1311 val=84.1% best=85.9%
  [S2] ep240: loss=0.1318 val=84.0% best=85.9%
  [S2] ep250: loss=0.1300 val=84.3% best=85.9%
  [S2] ep260: loss=0.1298 val=84.2% best=85.9%
  [S2] ep270: loss=0.1288 val=83.5% best=85.9%
  [S2] ep280: loss=0.1283 val=84.0% best=85.9%
  [S2] ep290: loss=0.1285 val=84.4% best=85.9%
  [S2] ep300: loss=0.1284 val=83.8% best=85.9%
  [S2] V3 保存: val_acc=85.93%
  V3: 86.42%
  [V3] Confusion matrix saved ((6, 6))
  [V3] Per-class accuracy saved:
    左立: 93.1%
    走路: 97.2%
    上楼: 49.1%
    下楼: 70.9%
    右立: 71.7%
    站立: 87.7%

  ✅ Result saved: /home/fandy/workplace/thesis/results/harth_v3.json
  ✅ History saved: /home/fandy/workplace/thesis/results/history/harth_v3_history.json
  Total time: 63.6min
============================================================
 训练配置
 数据集: pamap2, uci_har, harth, uci_har_new, motionsense, motionsense_dm, gait, wisdm, kuhar
 版本: pure_cnn, v1, v2, v3
 模式: 训练
 恢复训练: 是（跳过已完成）
============================================================

无运行中的软标签生成进程

当前训练状态:
数据集                  pure_cnn         v1         v2         v3    生成中
------------------------------------------------------------------
pamap2                 94.68%     94.57%     95.14%     95.93%       
uci_har                95.86%     96.10%     96.20%     96.44%       
harth                  85.86%     86.28%       None       None       
uci_har_new            94.66%     94.62%     95.32%     95.07%       
motionsense            98.70%     98.86%     99.02%     98.95%       
motionsense_dm         98.21%     98.61%     98.89%     98.54%       
gait                   87.20%     86.73%     87.68%     88.15%       
wisdm                  98.00%     98.26%     98.26%     98.29%       
kuhar                  94.07%     95.25%     95.27%     95.21%       

==================================================================
 开始训练...
==================================================================

[pamap2][pure_cnn] ✅ 已完成，跳过 (结果: 94.68)

[pamap2][v1] ✅ 已完成，跳过 (结果: 94.57)

[pamap2][v2] ✅ 已完成，跳过 (结果: 95.14)

[pamap2][v3] ✅ 已完成，跳过 (结果: 95.93)

[uci_har][pure_cnn] ✅ 已完成，跳过 (结果: 95.86)

[uci_har][v1] ✅ 已完成，跳过 (结果: 96.1)

[uci_har][v2] ✅ 已完成，跳过 (结果: 96.2)

[uci_har][v3] ✅ 已完成，跳过 (结果: 96.44)

[harth][pure_cnn] ✅ 已完成，跳过 (结果: 85.86)

[harth][v1] ✅ 已完成，跳过 (结果: 86.28)

[harth][v2] 🚀 开始训练...
  命令: /usr/bin/python3 run_distill.py harth v2
[harth][v2] ✅ 训练完成
  测试准确率: 86.24

[harth][v3] 🚀 开始训练...
  命令: /usr/bin/python3 run_distill.py harth v3
[harth][v3] ✅ 训练完成
  测试准确率: 86.42

[uci_har_new][pure_cnn] ✅ 已完成，跳过 (结果: 94.66)

[uci_har_new][v1] ✅ 已完成，跳过 (结果: 94.62)

[uci_har_new][v2] ✅ 已完成，跳过 (结果: 95.32)

[uci_har_new][v3] ✅ 已完成，跳过 (结果: 95.07)

[motionsense][pure_cnn] ✅ 已完成，跳过 (结果: 98.7)

[motionsense][v1] ✅ 已完成，跳过 (结果: 98.86)

[motionsense][v2] ✅ 已完成，跳过 (结果: 99.02)

[motionsense][v3] ✅ 已完成，跳过 (结果: 98.95)

[motionsense_dm][pure_cnn] ✅ 已完成，跳过 (结果: 98.21)

[motionsense_dm][v1] ✅ 已完成，跳过 (结果: 98.61)

[motionsense_dm][v2] ✅ 已完成，跳过 (结果: 98.89)

[motionsense_dm][v3] ✅ 已完成，跳过 (结果: 98.54)

[gait][pure_cnn] ✅ 已完成，跳过 (结果: 87.2)

[gait][v1] ✅ 已完成，跳过 (结果: 86.73)

[gait][v2] ✅ 已完成，跳过 (结果: 87.68)

[gait][v3] ✅ 已完成，跳过 (结果: 88.15)

[wisdm][pure_cnn] ✅ 已完成，跳过 (结果: 98.0)

[wisdm][v1] ✅ 已完成，跳过 (结果: 98.26)

[wisdm][v2] ✅ 已完成，跳过 (结果: 98.26)

[wisdm][v3] ✅ 已完成，跳过 (结果: 98.29)

[kuhar][pure_cnn] ✅ 已完成，跳过 (结果: 94.07)

[kuhar][v1] ✅ 已完成，跳过 (结果: 95.25)

[kuhar][v2] ✅ 已完成，跳过 (结果: 95.27)

[kuhar][v3] ✅ 已完成，跳过 (结果: 95.21)

==================================================================
 训练完成！
 本轮训练: 2 个
 跳过（生成中）: 0 个
 跳过（已完成）: 34 个
==================================================================
