13:32:46 | ============================================================
13:32:46 | 阶段1: TRANSFORMER 预训练
13:32:46 | 参数量: 167,428  |  Focal Loss γ=2.0  |  lr=0.0005
13:32:46 | train=737  val=158  test=158
13:32:46 | ============================================================
13:32:53 | E001 | loss=0.6677 train=0.4464 val=0.8165 lr=4.97e-04
13:33:20 | E005 | loss=0.2972 train=0.8168 val=0.8544 lr=4.27e-04
13:33:56 | E010 | loss=0.1978 train=0.8684 val=0.9051 lr=2.50e-04
13:34:28 | E015 | loss=0.1758 train=0.8684 val=0.8924 lr=7.32e-05
13:34:59 | E020 | loss=0.1671 train=0.8711 val=0.8987 lr=5.00e-04
13:35:31 | E025 | loss=0.1369 train=0.9009 val=0.9177 lr=4.81e-04
13:36:03 | E030 | loss=0.1243 train=0.8887 val=0.9241 lr=4.27e-04
13:36:36 | E035 | loss=0.1038 train=0.9009 val=0.8987 lr=3.46e-04
13:37:09 | E040 | loss=0.0855 train=0.9091 val=0.9114 lr=2.50e-04
13:37:35 | 早停 @ E44 (best val=0.9304 @ E29)
13:37:36 | 
============================================================
13:37:36 | 阶段1 完成!
13:37:36 |   train_acc: 0.9091
13:37:36 |   val_acc:   0.9304 @ E29
13:37:36 |   test_acc:  0.9177
13:37:36 |   耗时: 4.8 min
13:37:36 | 
每类准确率 (test):
13:37:36 |   sit_on_bed     : 0.9211
13:37:36 |   sit_on_chair   : 0.5556
13:37:36 |   lying          : 1.0000
13:37:36 |   ambulating     : 0.3333
13:37:36 | 
混淆矩阵 (test):
13:37:36 |         sit_on_b sit_on_c    lying ambulati
13:37:36 |   sit_on_bed       35        1        1        1
13:37:36 |   sit_on_chair        3        5        1        0
13:37:36 |   lying           0        0      102        0
13:37:36 |   ambulating        6        0        0        3
13:37:36 | ============================================================
13:37:36 | 模型: /home/fandy/workplace/thesis/scripts/gait/output/results/gait_transformer_phase1.pt
13:37:36 | 结果: /home/fandy/workplace/thesis/scripts/gait/output/results/gait_transformer_phase1.json
13:37:36 | 日志: /home/fandy/workplace/thesis/scripts/gait/output/logs/gait_transformer_phase1.log
