13:38:26 | ============================================================
13:38:26 | 阶段2: CNNRES 蒸馏微调
13:38:26 | 策略: filtered  |  α=0.7  |  T=1.5
13:38:26 | 硬标签 70% | 软标签 30%
13:38:26 | 阶段1 基线 test_acc: 0.8797
13:38:26 | ============================================================
13:38:27 | E001 | loss=0.4447 train=0.9009 val=0.9051 lr=9.94e-05
13:38:29 | E005 | loss=0.4371 train=0.8942 val=0.9051 lr=8.54e-05
13:38:31 | E010 | loss=0.3994 train=0.9050 val=0.9114 lr=5.00e-05
13:38:34 | E015 | loss=0.3893 train=0.9145 val=0.9114 lr=1.46e-05
13:38:35 | 早停 @ E17 (best val=0.9114 @ E2)
13:38:35 | 
============================================================
13:38:35 | 阶段2 完成!
13:38:35 |   train_acc: 0.9145
13:38:35 |   val_acc:   0.9114 @ E2
13:38:35 |   test_acc:  0.8797  (基线 0.8797, 0.00pp)
13:38:35 |   耗时: 0.2 min
13:38:35 | 
每类准确率 (test):
13:38:35 |   sit_on_bed     : 0.8684
13:38:35 |   sit_on_chair   : 0.4444
13:38:35 |   lying          : 0.9706
13:38:35 |   ambulating     : 0.3333
13:38:35 | 
混淆矩阵 (test):
13:38:35 |         sit_on_b sit_on_c    lying ambulati
13:38:35 |   sit_on_bed       33        1        3        1
13:38:35 |   sit_on_chair        4        4        1        0
13:38:35 |   lying           2        1       99        0
13:38:35 |   ambulating        6        0        0        3
13:38:35 | ============================================================
13:38:35 | 模型: /home/fandy/workplace/thesis/scripts/gait/output/results/gait_cnnres_phase2_filtered_a0.7_T1.5.pt
13:38:35 | 结果: /home/fandy/workplace/thesis/scripts/gait/output/results/gait_cnnres_phase2_filtered_a0.7_T1.5.json
13:38:35 | 日志: /home/fandy/workplace/thesis/scripts/gait/output/logs/gait_cnnres_phase2_filtered_a0.7_T1.5.log
