13:37:53 | ============================================================
13:37:53 | 阶段2: PURECNN 蒸馏微调
13:37:53 | 策略: all  |  α=0.5  |  T=3.5
13:37:53 | 硬标签 50% | 软标签 50%
13:37:53 | 阶段1 基线 test_acc: 0.8987
13:37:53 | ============================================================
13:37:54 | E001 | loss=4.7582 train=0.9403 val=0.9241 lr=9.94e-05
13:37:57 | E005 | loss=4.5580 train=0.9227 val=0.9177 lr=8.54e-05
13:38:00 | E010 | loss=4.3422 train=0.9294 val=0.9304 lr=5.00e-05
13:38:03 | E015 | loss=4.2387 train=0.9240 val=0.9304 lr=1.46e-05
13:38:05 | E020 | loss=4.2588 train=0.9172 val=0.9304 lr=1.00e-04
13:38:08 | E025 | loss=4.1018 train=0.9104 val=0.9367 lr=9.62e-05
13:38:11 | E030 | loss=3.8510 train=0.9186 val=0.9430 lr=8.54e-05
13:38:14 | E035 | loss=3.6551 train=0.9254 val=0.9241 lr=6.91e-05
13:38:17 | E040 | loss=3.5098 train=0.9267 val=0.9304 lr=5.00e-05
13:38:20 | E045 | loss=3.4429 train=0.9335 val=0.9304 lr=3.09e-05
13:38:23 | E050 | loss=3.3984 train=0.9376 val=0.9241 lr=1.46e-05
13:38:26 | 早停 @ E54 (best val=0.9494 @ E39)
13:38:26 | 
============================================================
13:38:26 | 阶段2 完成!
13:38:26 |   train_acc: 0.9525
13:38:26 |   val_acc:   0.9494 @ E39
13:38:26 |   test_acc:  0.9114  (基线 0.8987, +1.27pp)
13:38:26 |   耗时: 0.5 min
13:38:26 | 
每类准确率 (test):
13:38:26 |   sit_on_bed     : 0.8947
13:38:26 |   sit_on_chair   : 0.4444
13:38:26 |   lying          : 1.0000
13:38:26 |   ambulating     : 0.4444
13:38:26 | 
混淆矩阵 (test):
13:38:26 |         sit_on_b sit_on_c    lying ambulati
13:38:26 |   sit_on_bed       34        1        3        0
13:38:26 |   sit_on_chair        5        4        0        0
13:38:26 |   lying           0        0      102        0
13:38:26 |   ambulating        5        0        0        4
13:38:26 | ============================================================
13:38:26 | 模型: /home/fandy/workplace/thesis/scripts/gait/output/results/gait_purecnn_phase2_all_a0.5_T3.5.pt
13:38:26 | 结果: /home/fandy/workplace/thesis/scripts/gait/output/results/gait_purecnn_phase2_all_a0.5_T3.5.json
13:38:26 | 日志: /home/fandy/workplace/thesis/scripts/gait/output/logs/gait_purecnn_phase2_all_a0.5_T3.5.log
