13:32:21 | ============================================================
13:32:21 | 阶段1: CNNRES 预训练
13:32:21 | 参数量: 144,260  |  Focal Loss γ=2.0  |  lr=0.0005
13:32:21 | train=737  val=158  test=158
13:32:21 | ============================================================
13:32:22 | E001 | loss=0.7810 train=0.3148 val=0.2405 lr=4.97e-04
13:32:24 | E005 | loss=0.2923 train=0.8223 val=0.8481 lr=4.27e-04
13:32:27 | E010 | loss=0.2172 train=0.8467 val=0.8671 lr=2.50e-04
13:32:29 | E015 | loss=0.1920 train=0.8697 val=0.8797 lr=7.32e-05
13:32:32 | E020 | loss=0.1765 train=0.8806 val=0.8861 lr=5.00e-04
13:32:34 | E025 | loss=0.1603 train=0.8765 val=0.9051 lr=4.81e-04
13:32:37 | E030 | loss=0.1228 train=0.8833 val=0.8987 lr=4.27e-04
13:32:39 | E035 | loss=0.1217 train=0.8901 val=0.9051 lr=3.46e-04
13:32:42 | E040 | loss=0.1055 train=0.8901 val=0.8924 lr=2.50e-04
13:32:44 | E045 | loss=0.0946 train=0.9023 val=0.8987 lr=1.54e-04
13:32:46 | 早停 @ E49 (best val=0.9114 @ E34)
13:32:46 | 
============================================================
13:32:46 | 阶段1 完成!
13:32:46 |   train_acc: 0.9172
13:32:46 |   val_acc:   0.9114 @ E34
13:32:46 |   test_acc:  0.8797
13:32:46 |   耗时: 0.4 min
13:32:46 | 
每类准确率 (test):
13:32:46 |   sit_on_bed     : 0.8947
13:32:46 |   sit_on_chair   : 0.3333
13:32:46 |   lying          : 0.9706
13:32:46 |   ambulating     : 0.3333
13:32:46 | 
混淆矩阵 (test):
13:32:46 |         sit_on_b sit_on_c    lying ambulati
13:32:46 |   sit_on_bed       34        1        3        0
13:32:46 |   sit_on_chair        5        3        1        0
13:32:46 |   lying           2        1       99        0
13:32:46 |   ambulating        6        0        0        3
13:32:46 | ============================================================
13:32:46 | 模型: /home/fandy/workplace/thesis/scripts/gait/output/results/gait_cnnres_phase1.pt
13:32:46 | 结果: /home/fandy/workplace/thesis/scripts/gait/output/results/gait_cnnres_phase1.json
13:32:46 | 日志: /home/fandy/workplace/thesis/scripts/gait/output/logs/gait_cnnres_phase1.log
