train=737 val=158 test=158
E000 loss=0.4891 val_acc=0.8481 test_acc=0.8228 lr=5.00e-04
E001 loss=0.3085 val_acc=0.8608 test_acc=0.8418 lr=5.00e-04
E002 loss=0.2584 val_acc=0.8861 test_acc=0.8481 lr=5.00e-04
E003 loss=0.2248 val_acc=0.8924 test_acc=0.8734 lr=5.00e-04
E004 loss=0.2238 val_acc=0.9177 test_acc=0.8797 lr=5.00e-04
E005 loss=0.1939 val_acc=0.9051 test_acc=0.9051 lr=5.00e-04
E006 loss=0.1800 val_acc=0.9367 test_acc=0.8924 lr=5.00e-04
E007 loss=0.1636 val_acc=0.9051 test_acc=0.8734 lr=5.00e-04
E008 loss=0.1584 val_acc=0.9304 test_acc=0.8987 lr=5.00e-04
E009 loss=0.1525 val_acc=0.9177 test_acc=0.8861 lr=5.00e-04
E010 loss=0.1441 val_acc=0.9051 test_acc=0.8924 lr=5.00e-04
E011 loss=0.1272 val_acc=0.9051 test_acc=0.8987 lr=5.00e-04
E012 loss=0.1286 val_acc=0.9114 test_acc=0.8861 lr=5.00e-04
E013 loss=0.1187 val_acc=0.8861 test_acc=0.8924 lr=5.00e-04
E014 loss=0.1125 val_acc=0.9051 test_acc=0.8924 lr=5.00e-04
E015 loss=0.1084 val_acc=0.9177 test_acc=0.9177 lr=2.50e-04
E016 loss=0.0938 val_acc=0.9114 test_acc=0.8924 lr=2.50e-04
E017 loss=0.0849 val_acc=0.9051 test_acc=0.9051 lr=2.50e-04
E018 loss=0.0811 val_acc=0.9051 test_acc=0.8797 lr=2.50e-04
E019 loss=0.0845 val_acc=0.9114 test_acc=0.8987 lr=2.50e-04
E020 loss=0.0798 val_acc=0.8987 test_acc=0.8987 lr=2.50e-04
E021 loss=0.0895 val_acc=0.9114 test_acc=0.9051 lr=2.50e-04
早停 @ epoch 21 (最佳 val_acc=0.9367 @ E6)

=== 蒸馏训练结果 ===
策略: correct_only
α=0.3 (硬标签30% | 软标签70%)
T=0.8
train_acc: 0.9430
best_val_acc: 0.9367
test_acc: 0.8924
模型已保存: gait_distill_correct_only_a0.3.pt
