train=737 val=158 test=158
E000 loss=1.0348 val_acc=0.8354 test_acc=0.8038 lr=5.00e-04
E001 loss=0.7077 val_acc=0.8608 test_acc=0.8354 lr=5.00e-04
E002 loss=0.6352 val_acc=0.8797 test_acc=0.8481 lr=5.00e-04
E003 loss=0.5966 val_acc=0.8987 test_acc=0.8671 lr=5.00e-04
E004 loss=0.5866 val_acc=0.9114 test_acc=0.8797 lr=5.00e-04
E005 loss=0.5450 val_acc=0.9241 test_acc=0.8987 lr=5.00e-04
E006 loss=0.5169 val_acc=0.9114 test_acc=0.8924 lr=5.00e-04
E007 loss=0.5014 val_acc=0.8924 test_acc=0.9051 lr=5.00e-04
E008 loss=0.4896 val_acc=0.9241 test_acc=0.9051 lr=5.00e-04
E009 loss=0.4595 val_acc=0.9177 test_acc=0.8797 lr=5.00e-04
E010 loss=0.4514 val_acc=0.9114 test_acc=0.8987 lr=5.00e-04
E011 loss=0.4168 val_acc=0.9241 test_acc=0.8861 lr=5.00e-04
E012 loss=0.4033 val_acc=0.9177 test_acc=0.8861 lr=5.00e-04
E013 loss=0.3918 val_acc=0.9051 test_acc=0.9051 lr=5.00e-04
E014 loss=0.3785 val_acc=0.9051 test_acc=0.8861 lr=5.00e-04
E015 loss=0.3499 val_acc=0.8924 test_acc=0.9051 lr=5.00e-04
E016 loss=0.3504 val_acc=0.8987 test_acc=0.8987 lr=5.00e-04
E017 loss=0.3298 val_acc=0.8861 test_acc=0.8924 lr=5.00e-04
E018 loss=0.3173 val_acc=0.9114 test_acc=0.8987 lr=2.50e-04
E019 loss=0.3172 val_acc=0.9051 test_acc=0.9051 lr=2.50e-04
E020 loss=0.2931 val_acc=0.8924 test_acc=0.8861 lr=2.50e-04
早停 @ epoch 20 (最佳 val_acc=0.9241 @ E5)

=== 蒸馏训练结果 ===
策略: all
α=0.6 (硬标签60% | 软标签40%)
T=1.5
train_acc: 0.9308
best_val_acc: 0.9241
test_acc: 0.8987
模型已保存: gait_distill_all_a0.6.pt
