总窗口: 1053
train=737 val=158 test=158
E000 loss=0.6821 val_loss=0.7667 val_acc=0.8544 test_acc=0.8228 lr=1.00e-03
E001 loss=0.4201 val_loss=0.4828 val_acc=0.8861 test_acc=0.8544 lr=1.00e-03
E002 loss=0.3366 val_loss=0.3570 val_acc=0.8987 test_acc=0.8671 lr=1.00e-03
E003 loss=0.2764 val_loss=0.2728 val_acc=0.8924 test_acc=0.8734 lr=1.00e-03
E004 loss=0.2712 val_loss=0.2559 val_acc=0.9114 test_acc=0.8797 lr=1.00e-03
E005 loss=0.2087 val_loss=0.2786 val_acc=0.9241 test_acc=0.8861 lr=1.00e-03
E006 loss=0.1874 val_loss=0.2546 val_acc=0.9114 test_acc=0.8924 lr=1.00e-03
E007 loss=0.1741 val_loss=0.2541 val_acc=0.9051 test_acc=0.9114 lr=1.00e-03
E008 loss=0.1678 val_loss=0.2851 val_acc=0.9114 test_acc=0.9051 lr=1.00e-03
E009 loss=0.1707 val_loss=0.2595 val_acc=0.9241 test_acc=0.8797 lr=1.00e-03
E010 loss=0.1564 val_loss=0.2965 val_acc=0.8861 test_acc=0.9051 lr=1.00e-03
E011 loss=0.1312 val_loss=0.2381 val_acc=0.9304 test_acc=0.8987 lr=1.00e-03
E012 loss=0.1243 val_loss=0.2742 val_acc=0.9177 test_acc=0.8797 lr=1.00e-03
E013 loss=0.1049 val_loss=0.3158 val_acc=0.8987 test_acc=0.8861 lr=1.00e-03
E014 loss=0.1100 val_loss=0.3577 val_acc=0.8987 test_acc=0.8861 lr=1.00e-03
E015 loss=0.0921 val_loss=0.3344 val_acc=0.8987 test_acc=0.8987 lr=1.00e-03
E016 loss=0.0751 val_loss=0.3317 val_acc=0.9114 test_acc=0.8987 lr=1.00e-03
E017 loss=0.0561 val_loss=0.3118 val_acc=0.9241 test_acc=0.8861 lr=5.00e-04
E018 loss=0.0514 val_loss=0.3370 val_acc=0.9051 test_acc=0.8987 lr=5.00e-04
E019 loss=0.0416 val_loss=0.3288 val_acc=0.9114 test_acc=0.8924 lr=5.00e-04
E020 loss=0.0399 val_loss=0.3327 val_acc=0.8861 test_acc=0.8924 lr=5.00e-04
E021 loss=0.0524 val_loss=0.3373 val_acc=0.8924 test_acc=0.8734 lr=5.00e-04
E022 loss=0.0327 val_loss=0.3653 val_acc=0.8987 test_acc=0.8987 lr=5.00e-04
E023 loss=0.0297 val_loss=0.3914 val_acc=0.8987 test_acc=0.8987 lr=2.50e-04
E024 loss=0.0296 val_loss=0.3902 val_acc=0.9051 test_acc=0.8861 lr=2.50e-04
E025 loss=0.0211 val_loss=0.3928 val_acc=0.9051 test_acc=0.8861 lr=2.50e-04
E026 loss=0.0190 val_loss=0.3970 val_acc=0.8987 test_acc=0.8924 lr=2.50e-04
早停 @ epoch 26 (最佳 val_acc=0.9304 @ E11)

=== Pure CNN 结果 ===
train_acc: 0.9756
best_val_acc: 0.9304
test_acc: 0.8987
模型已保存: gait_pure_cnn.pt
