启动: python3 scripts/gen_soft_labels_unified.py pamap2 --ratio 0.4 --limit 400
/usr/bin/python3: can't open file '/home/fandy/workplace/thesis/scripts/scripts/gen_soft_labels_unified.py': [Errno 2] No such file or directory
启动: python3 scripts/gen_soft_labels_unified.py uci_har --ratio 0.4 --limit 400
/usr/bin/python3: can't open file '/home/fandy/workplace/thesis/scripts/scripts/gen_soft_labels_unified.py': [Errno 2] No such file or directory
启动: python3 scripts/gen_soft_labels_unified.py harth --ratio 0.4 --limit 400
/usr/bin/python3: can't open file '/home/fandy/workplace/thesis/scripts/scripts/gen_soft_labels_unified.py': [Errno 2] No such file or directory
启动: python3 scripts/gen_soft_labels_unified.py uci_har_new --ratio 0.4 --limit 400
/usr/bin/python3: can't open file '/home/fandy/workplace/thesis/scripts/scripts/gen_soft_labels_unified.py': [Errno 2] No such file or directory
启动: python3 scripts/gen_soft_labels_unified.py motionsense --ratio 0.4 --limit 400
/usr/bin/python3: can't open file '/home/fandy/workplace/thesis/scripts/scripts/gen_soft_labels_unified.py': [Errno 2] No such file or directory
启动: python3 scripts/gen_soft_labels_unified.py motionsense_dm --ratio 0.4 --limit 400
/usr/bin/python3: can't open file '/home/fandy/workplace/thesis/scripts/scripts/gen_soft_labels_unified.py': [Errno 2] No such file or directory
启动: python3 scripts/gen_soft_labels_unified.py gait --ratio 0.4 --limit 400
/usr/bin/python3: can't open file '/home/fandy/workplace/thesis/scripts/scripts/gen_soft_labels_unified.py': [Errno 2] No such file or directory
启动: python3 scripts/gen_soft_labels_unified.py pamap2 --ratio 0.4 --limit 400
Traceback (most recent call last):
  File "/home/fandy/workplace/thesis/scripts/run_gen_all.py", line 284, in main
    time.sleep(30)
    ^^^^
UnboundLocalError: cannot access local variable 'time' where it is not associated with a value
DAEMON ERROR - see /home/fandy/workplace/thesis/results/logs/daemon_gen.log
/usr/bin/python3: can't open file '/home/fandy/workplace/thesis/scripts/scripts/gen_soft_labels_unified.py': [Errno 2] No such file or directory
启动: python3 gen_soft_labels_unified.py pamap2 --ratio 0.4 --limit 400
object address  : 0x7f668f8445e0
object refcount : 6
object type     : 0xa31960
object type name: ValueError
object repr     : ValueError('I/O operation on closed file.')
lost sys.stderr
启动: python3 gen_soft_labels_unified.py uci_har --ratio 0.4 --limit 400
object address  : 0x7f8213bf2740
object refcount : 6
object type     : 0xa31960
object type name: ValueError
object repr     : ValueError('I/O operation on closed file.')
lost sys.stderr
启动: python3 gen_soft_labels_unified.py harth --ratio 0.4 --limit 400
object address  : 0x7f2b460801c0
object refcount : 6
object type     : 0xa31960
object type name: ValueError
object repr     : ValueError('I/O operation on closed file.')
lost sys.stderr
启动: python3 gen_soft_labels_unified.py uci_har_new --ratio 0.4 --limit 400
object address  : 0x7fcd84c52140
object refcount : 6
object type     : 0xa31960
object type name: ValueError
object repr     : ValueError('I/O operation on closed file.')
lost sys.stderr
启动: python3 gen_soft_labels_unified.py motionsense --ratio 0.4 --limit 400
object address  : 0x7f8c291a0160
object refcount : 6
object type     : 0xa31960
object type name: ValueError
object repr     : ValueError('I/O operation on closed file.')
lost sys.stderr
启动: python3 gen_soft_labels_unified.py motionsense_dm --ratio 0.4 --limit 400
object address  : 0x7f68308736a0
object refcount : 6
object type     : 0xa31960
object type name: ValueError
object repr     : ValueError('I/O operation on closed file.')
lost sys.stderr
启动: python3 gen_soft_labels_unified.py gait --ratio 0.4 --limit 400
object address  : 0x7f0d3da5e560
object refcount : 6
object type     : 0xa31960
object type name: ValueError
object repr     : ValueError('I/O operation on closed file.')
lost sys.stderr
启动: python3 gen_soft_labels_unified.py wisdm --ratio 0.4 --limit 400
object address  : 0x7f58ff226a40
object refcount : 6
object type     : 0xa31960
object type name: ValueError
object repr     : ValueError('I/O operation on closed file.')
lost sys.stderr
启动: python3 gen_kuhar_parallel.py start --ratio 0.4 --limit 400
Traceback (most recent call last):
  File "/home/fandy/workplace/thesis/scripts/run_gen_all.py", line 304, in main
  File "/home/fandy/workplace/thesis/scripts/run_gen_all.py", line 36, in save_pid_file
    with open(pf, 'w') as f:
         ^^^^^^^^^^^^^
FileNotFoundError: [Errno 2] No such file or directory: '/home/fandy/workplace/thesis/scripts/results/.run_gen_all_pids.json'
DAEMON ERROR - see /home/fandy/workplace/thesis/results/logs/daemon_gen.log
object address  : 0x7fd1a80505e0
object refcount : 6
object type     : 0xa31960
object type name: ValueError
object repr     : ValueError('I/O operation on closed file.')
lost sys.stderr
object address  : 0x7f94239ee740
object refcount : 6
object type     : 0xa31960
object type name: ValueError
object repr     : ValueError('I/O operation on closed file.')
lost sys.stderr
object address  : 0x7f0013be01c0
object refcount : 6
object type     : 0xa31960
object type name: ValueError
object repr     : ValueError('I/O operation on closed file.')
lost sys.stderr
object address  : 0x7f9029366140
object refcount : 6
object type     : 0xa31960
object type name: ValueError
object repr     : ValueError('I/O operation on closed file.')
lost sys.stderr
object address  : 0x7fca16908160
object refcount : 6
object type     : 0xa31960
object type name: ValueError
object repr     : ValueError('I/O operation on closed file.')
lost sys.stderr
object address  : 0x7feb3119f6a0
object refcount : 6
object type     : 0xa31960
object type name: ValueError
object repr     : ValueError('I/O operation on closed file.')
lost sys.stderr
object address  : 0x7f5fc96ee560
object refcount : 6
object type     : 0xa31960
object type name: ValueError
object repr     : ValueError('I/O operation on closed file.')
lost sys.stderr
object address  : 0x7f8948ad2a40
object refcount : 6
object type     : 0xa31960
object type name: ValueError
object repr     : ValueError('I/O operation on closed file.')
lost sys.stderr
Traceback (most recent call last):
  File "/home/fandy/workplace/thesis/scripts/run_gen_all.py", line 322, in main
    save_pid_file(pid_data)
  File "/home/fandy/workplace/thesis/scripts/run_gen_all.py", line 36, in save_pid_file
    with open(pf, 'w') as f:
         ^^^^^^^^^^^^^
FileNotFoundError: [Errno 2] No such file or directory: '/home/fandy/workplace/thesis/scripts/results/.run_gen_all_pids.json'
============================================================
 软标签生成配置
 每类采样率: 40%
 每类上限: 400
 数据集: pamap2, uci_har, harth, uci_har_new, motionsense, motionsense_dm, gait, wisdm, kuhar
============================================================
启动: python3 gen_soft_labels_unified.py pamap2 --ratio 0.4 --limit 400
启动: python3 gen_soft_labels_unified.py uci_har --ratio 0.4 --limit 400
启动: python3 gen_soft_labels_unified.py harth --ratio 0.4 --limit 400
启动: python3 gen_soft_labels_unified.py uci_har_new --ratio 0.4 --limit 400
启动: python3 gen_soft_labels_unified.py motionsense --ratio 0.4 --limit 400
启动: python3 gen_soft_labels_unified.py motionsense_dm --ratio 0.4 --limit 400
启动: python3 gen_soft_labels_unified.py gait --ratio 0.4 --limit 400
启动: python3 gen_soft_labels_unified.py wisdm --ratio 0.4 --limit 400
启动: python3 gen_kuhar_parallel.py start --ratio 0.4 --limit 400
DAEMON ERROR - see /home/fandy/workplace/thesis/results/logs/daemon_gen.log
Traceback (most recent call last):
  File "/home/fandy/workplace/thesis/scripts/run_gen_all.py", line 357, in <module>
    main()
  File "/home/fandy/workplace/thesis/scripts/run_gen_all.py", line 354, in main
    logf.close()
OSError: [Errno 9] Bad file descriptor
object address  : 0x7fcb791b45e0
object refcount : 6
object type     : 0xa31960
object type name: ValueError
object repr     : ValueError('I/O operation on closed file.')
lost sys.stderr
object address  : 0x7f2de6c7a740
object refcount : 6
object type     : 0xa31960
object type name: ValueError
object repr     : ValueError('I/O operation on closed file.')
lost sys.stderr
object address  : 0x7f00639801c0
object refcount : 6
object type     : 0xa31960
object type name: ValueError
object repr     : ValueError('I/O operation on closed file.')
lost sys.stderr
object address  : 0x7f4ca0016140
object refcount : 6
object type     : 0xa31960
object type name: ValueError
object repr     : ValueError('I/O operation on closed file.')
lost sys.stderr
object address  : 0x7f245f1ac160
object refcount : 6
object type     : 0xa31960
object type name: ValueError
object repr     : ValueError('I/O operation on closed file.')
lost sys.stderr
object address  : 0x7ff5672076a0
object refcount : 6
object type     : 0xa31960
object type name: ValueError
object repr     : ValueError('I/O operation on closed file.')
lost sys.stderr
object address  : 0x7f0240f66560
object refcount : 6
object type     : 0xa31960
object type name: ValueError
object repr     : ValueError('I/O operation on closed file.')
lost sys.stderr
object address  : 0x7f68bab66a40
object refcount : 6
object type     : 0xa31960
object type name: ValueError
object repr     : ValueError('I/O operation on closed file.')
lost sys.stderr
Traceback (most recent call last):
  File "/home/fandy/workplace/thesis/scripts/run_gen_all.py", line 322, in main
    save_pid_file(pid_data)
  File "/home/fandy/workplace/thesis/scripts/run_gen_all.py", line 36, in save_pid_file
    with open(pf, 'w') as f:
         ^^^^^^^^^^^^^
FileNotFoundError: [Errno 2] No such file or directory: '/home/fandy/workplace/thesis/scripts/results/.run_gen_all_pids.json'
============================================================
 软标签生成配置
 每类采样率: 40%
 每类上限: 400
 数据集: pamap2, uci_har, harth, uci_har_new, motionsense, motionsense_dm, gait, wisdm, kuhar
============================================================
启动: python3 gen_soft_labels_unified.py pamap2 --ratio 0.4 --limit 400
启动: python3 gen_soft_labels_unified.py uci_har --ratio 0.4 --limit 400
启动: python3 gen_soft_labels_unified.py harth --ratio 0.4 --limit 400
启动: python3 gen_soft_labels_unified.py uci_har_new --ratio 0.4 --limit 400
启动: python3 gen_soft_labels_unified.py motionsense --ratio 0.4 --limit 400
启动: python3 gen_soft_labels_unified.py motionsense_dm --ratio 0.4 --limit 400
启动: python3 gen_soft_labels_unified.py gait --ratio 0.4 --limit 400
启动: python3 gen_soft_labels_unified.py wisdm --ratio 0.4 --limit 400
启动: python3 gen_kuhar_parallel.py start --ratio 0.4 --limit 400
DAEMON ERROR - see /home/fandy/workplace/thesis/results/logs/daemon_gen.log
Traceback (most recent call last):
  File "/home/fandy/workplace/thesis/scripts/run_gen_all.py", line 357, in <module>
    main()
  File "/home/fandy/workplace/thesis/scripts/run_gen_all.py", line 354, in main
    logf.close()
OSError: [Errno 9] Bad file descriptor
[启动] Proc 0 PID=92468 → /home/fandy/workplace/thesis/results/logs/gen_kuhar_0.log
[启动] Proc 1 PID=92477 → /home/fandy/workplace/thesis/results/logs/gen_kuhar_1.log
[启动] Proc 2 PID=92496 → /home/fandy/workplace/thesis/results/logs/gen_kuhar_2.log
[启动] Proc 3 PID=92508 → /home/fandy/workplace/thesis/results/logs/gen_kuhar_3.log
[启动] Proc 4 PID=92518 → /home/fandy/workplace/thesis/results/logs/gen_kuhar_4.log
[启动] Proc 5 PID=92525 → /home/fandy/workplace/thesis/results/logs/gen_kuhar_5.log
[启动] Proc 6 PID=92534 → /home/fandy/workplace/thesis/results/logs/gen_kuhar_6.log
[启动] Proc 7 PID=92554 → /home/fandy/workplace/thesis/results/logs/gen_kuhar_7.log
[启动] Proc 8 PID=92567 → /home/fandy/workplace/thesis/results/logs/gen_kuhar_8.log
[启动] Proc 9 PID=92577 → /home/fandy/workplace/thesis/results/logs/gen_kuhar_9.log
[启动] Proc 10 PID=92583 → /home/fandy/workplace/thesis/results/logs/gen_kuhar_10.log
[启动] Proc 11 PID=92592 → /home/fandy/workplace/thesis/results/logs/gen_kuhar_11.log
[启动] Proc 12 PID=92610 → /home/fandy/workplace/thesis/results/logs/gen_kuhar_12.log
[启动] Proc 13 PID=92648 → /home/fandy/workplace/thesis/results/logs/gen_kuhar_13.log
[启动] Proc 14 PID=92675 → /home/fandy/workplace/thesis/results/logs/gen_kuhar_14.log
[启动] Proc 15 PID=92684 → /home/fandy/workplace/thesis/results/logs/gen_kuhar_15.log
[启动] Proc 16 PID=92723 → /home/fandy/workplace/thesis/results/logs/gen_kuhar_16.log
[启动] Proc 17 PID=92741 → /home/fandy/workplace/thesis/results/logs/gen_kuhar_17.log

已启动 18 个进程，正在等待完成...
[Proc 0] 进程结束，exit=120
[Proc 1] 进程结束，exit=120
[Proc 2] 进程结束，exit=120
[Proc 3] 进程结束，exit=120
[Proc 4] 进程结束，exit=120
[Proc 5] 进程结束，exit=120
[Proc 6] 进程结束，exit=120
[Proc 7] 进程结束，exit=120
[Proc 8] 进程结束，exit=120
[Proc 9] 进程结束，exit=120
[Proc 10] 进程结束，exit=120
[Proc 11] 进程结束，exit=120
[Proc 12] 进程结束，exit=120
[Proc 13] 进程结束，exit=120
[Proc 14] 进程结束，exit=120
[Proc 15] 进程结束，exit=120
[Proc 16] 进程结束，exit=120
[Proc 17] 进程结束，exit=120

所有进程已完成，开始合并...

[数据] 从缓存加载: X_tr=/home/fandy/workplace/thesis/results/soft_labels/kuhar_X_tr.npy
[Merge] Proc 0 (类0=Stand): 400 有效软标签
[Merge] Proc 1 (类1=Sit): 800 有效软标签
[Merge] Proc 2 (类2=Talk-sit): 1200 有效软标签
[Merge] Proc 3 (类3=Talk-stand): 1600 有效软标签
[Merge] Proc 4 (类4=Stand-sit): 2000 有效软标签
[Merge] Proc 5 (类5=Lay): 2400 有效软标签
[Merge] Proc 6 (类6=Lay-stand): 2800 有效软标签
[Merge] Proc 7 (类7=Pick): 3200 有效软标签
[Merge] Proc 8 (类8=Jump): 3600 有效软标签
[Merge] Proc 9 (类9=Push-up): 4000 有效软标签
[Merge] Proc 10 (类10=Sit-up): 4400 有效软标签
[Merge] Proc 11 (类11=Walk): 4800 有效软标签
[Merge] Proc 12 (类12=Walk-backwards): 5160 有效软标签
[Merge] Proc 13 (类13=Walk-circle): 5459 有效软标签
[Merge] Proc 14 (类14=Run): 5859 有效软标签
[Merge] Proc 15 (类15=Stair-up): 6259 有效软标签
[Merge] Proc 16 (类16=Stair-down): 6659 有效软标签
[Merge] Proc 17 (类17=Table-tennis): 7059 有效软标签

[Merge] 完成: /home/fandy/workplace/thesis/results/soft_labels/kuhar_soft.npy
  Shape: (61210, 18)
  总有效软标签: 7059
