
=== GAIT - V1 ===
Start time: 2026-04-17 22:33:02
Dataset config: {'classes': 4, 'cn': ['type_01', 'type_02', 'type_03', 'type_04'], 'loader': 'load_gait', 'channels': 6, 'max_train': 400}

Data: Train=673, Val=169, Test=211
[Limit] Max train: 400
Model: CNN1D, in_dim=128, n_cls=4
Soft labels: /home/fandy/workplace/thesis/results/soft_labels/gait_soft.npy, shape=(400, 4)
[SKIP Stage1] 跳过纯CNN训练，直接用已有权重 (val_acc=91.12%)
[LOAD] gait_pure_cnn_best.pt

[S1] Loaded: val=91.12% test=88.15%

=== Stage 2: V1 Distillation (T=3.0, alpha=0.6) ===
[S2] ep 10: loss=0.1978 val=89.9% best_val=91.1%
[S2] ep 20: loss=0.1848 val=89.9% best_val=91.1%
[S2] ep 30: loss=0.1811 val=88.8% best_val=91.1%
[S2] ep 40: loss=0.1673 val=88.8% best_val=91.1%
[S2] ep 50: loss=0.1547 val=89.3% best_val=91.1%
[S2] ep 60: loss=0.1568 val=88.2% best_val=91.1%
[S2] ep 70: loss=0.1543 val=89.3% best_val=91.1%
[S2] ep 80: loss=0.1619 val=88.8% best_val=91.1%
[S2] ep 90: loss=0.1524 val=88.8% best_val=91.1%
[S2] ep100: loss=0.1560 val=87.6% best_val=91.1%
[S2] ep110: loss=0.1538 val=87.0% best_val=91.1%
[S2] ep120: loss=0.1449 val=86.4% best_val=91.1%
[S2] ep130: loss=0.1466 val=87.6% best_val=91.1%
[S2] ep140: loss=0.1411 val=87.0% best_val=91.1%
[S2] ep150: loss=0.1451 val=87.0% best_val=91.1%
[S2] ep160: loss=0.1417 val=87.6% best_val=91.1%
[S2] ep170: loss=0.1465 val=86.4% best_val=91.1%
[S2] ep180: loss=0.1447 val=87.6% best_val=91.1%
[S2] ep190: loss=0.1444 val=87.0% best_val=91.1%
[S2] ep200: loss=0.1368 val=87.0% best_val=91.1%
[S2] ep210: loss=0.1400 val=87.0% best_val=91.1%
[S2] ep220: loss=0.1460 val=87.6% best_val=91.1%
[S2] ep230: loss=0.1437 val=87.6% best_val=91.1%
[S2] ep240: loss=0.1373 val=88.8% best_val=91.1%
[S2] ep250: loss=0.1383 val=87.6% best_val=91.1%
[S2] ep260: loss=0.1385 val=87.6% best_val=91.1%
[S2] ep270: loss=0.1401 val=87.6% best_val=91.1%
[S2] ep280: loss=0.1371 val=88.2% best_val=91.1%
[S2] ep290: loss=0.1353 val=87.6% best_val=91.1%
[S2] ep300: loss=0.1377 val=87.6% best_val=91.1%

V1 Final: val=91.12% test=87.68%

Total time: 2.1min
End time: 2026-04-17 22:35:06
