
=== GAIT - V2 ===
Start time: 2026-04-28 06:12:18
Dataset config: {'classes': 4, 'cn': ['type_01', 'type_02', 'type_03', 'type_04'], 'loader': 'load_gait', 'channels': 6, 'max_train': 400}

Data: Train=673, Val=169, Test=211
[Limit] Max train: 400
Model: CNN1D, in_dim=128, n_cls=4
Soft labels truncated: 673 -> 400
Soft labels: /home/fandy/workplace/thesis/results/soft_labels/gait_soft.npy, shape=(400, 4)
[SKIP Stage1] 跳过纯CNN训练，直接用已有权重 (val_acc=89.94%)
[LOAD] gait_pure_cnn_best.pt

[S1] Loaded: val=89.94% test=87.20%
[S1] Per-class acc: {'type_01': 0.88, 'type_02': 0.4166666666666667, 'type_03': 0.9854014598540146, 'type_04': 0.0}

=== Stage 2: V2 Distillation (T=2.5, alpha=0.8) ===
[S2] ep 10: loss=0.1606 val=88.8% best_val=90.5%
[S2] ep 20: loss=0.1355 val=89.3% best_val=90.5%
[S2] ep 30: loss=0.1302 val=89.3% best_val=90.5%
[S2] ep 40: loss=0.1214 val=88.8% best_val=90.5%
[S2] ep 50: loss=0.1242 val=88.8% best_val=90.5%
[S2] ep 60: loss=0.1185 val=88.8% best_val=90.5%
[S2] ep 70: loss=0.1173 val=88.8% best_val=90.5%
[S2] ep 80: loss=0.1125 val=88.8% best_val=90.5%
[S2] ep 90: loss=0.1162 val=88.8% best_val=90.5%
[S2] ep100: loss=0.1148 val=89.3% best_val=90.5%
[S2] ep110: loss=0.1177 val=89.3% best_val=90.5%
[S2] ep120: loss=0.1120 val=88.8% best_val=90.5%
[S2] ep130: loss=0.1122 val=89.3% best_val=90.5%
[S2] ep140: loss=0.1114 val=89.3% best_val=90.5%
[S2] ep150: loss=0.1134 val=89.3% best_val=90.5%
[S2] ep160: loss=0.1125 val=89.9% best_val=90.5%
[S2] ep170: loss=0.1100 val=88.8% best_val=90.5%
[S2] ep180: loss=0.1147 val=88.8% best_val=90.5%
[S2] ep190: loss=0.1123 val=88.8% best_val=90.5%
[S2] ep200: loss=0.1101 val=88.8% best_val=90.5%
[S2] ep210: loss=0.1092 val=88.8% best_val=90.5%
[S2] ep220: loss=0.1093 val=88.2% best_val=90.5%
[S2] ep230: loss=0.1119 val=89.9% best_val=90.5%
[S2] ep240: loss=0.1102 val=89.3% best_val=90.5%
[S2] ep250: loss=0.1109 val=89.3% best_val=90.5%
[S2] ep260: loss=0.1094 val=89.9% best_val=90.5%
[S2] ep270: loss=0.1133 val=89.9% best_val=90.5%
[S2] ep280: loss=0.1107 val=89.3% best_val=90.5%
[S2] ep290: loss=0.1123 val=89.3% best_val=90.5%
[S2] ep300: loss=0.1105 val=89.9% best_val=90.5%

V2 Final: val=90.53% test=87.68%
[V2] Per-class acc: {'type_01': 0.84, 'type_02': 0.5, 'type_03': 0.9781021897810219, 'type_04': 0.25}

Total time: 1.4min
End time: 2026-04-28 06:13:42
