
=== GAIT - V3 ===
Start time: 2026-04-28 06:13:46
Dataset config: {'classes': 4, 'cn': ['type_01', 'type_02', 'type_03', 'type_04'], 'loader': 'load_gait', 'channels': 6, 'max_train': 400}

Data: Train=673, Val=169, Test=211
[Limit] Max train: 400
Model: CNN1D, in_dim=128, n_cls=4
Soft labels truncated: 673 -> 400
Soft labels: /home/fandy/workplace/thesis/results/soft_labels/gait_soft.npy, shape=(400, 4)
[SKIP Stage1] 跳过纯CNN训练，直接用已有权重 (val_acc=89.94%)
[LOAD] gait_pure_cnn_best.pt

[S1] Loaded: val=89.94% test=87.20%
[S1] Per-class acc: {'type_01': 0.88, 'type_02': 0.4166666666666667, 'type_03': 0.9854014598540146, 'type_04': 0.0}

=== Stage 2: V3 Distillation (T=1.5, alpha=0.85) ===
[S2] ep 10: loss=0.1453 val=89.9% best_val=90.5%
[S2] ep 20: loss=0.1184 val=88.8% best_val=90.5%
[S2] ep 30: loss=0.1250 val=89.3% best_val=90.5%
[S2] ep 40: loss=0.1214 val=88.8% best_val=90.5%
[S2] ep 50: loss=0.1149 val=89.3% best_val=90.5%
[S2] ep 60: loss=0.1090 val=89.3% best_val=90.5%
[S2] ep 70: loss=0.1084 val=89.3% best_val=90.5%
[S2] ep 80: loss=0.1096 val=88.8% best_val=90.5%
[S2] ep 90: loss=0.1097 val=88.8% best_val=90.5%
[S2] ep100: loss=0.1069 val=88.8% best_val=90.5%
[S2] ep110: loss=0.1072 val=88.8% best_val=90.5%
[S2] ep120: loss=0.1028 val=88.8% best_val=90.5%
[S2] ep130: loss=0.1045 val=88.8% best_val=90.5%
[S2] ep140: loss=0.1020 val=88.8% best_val=90.5%
[S2] ep150: loss=0.1028 val=88.2% best_val=90.5%
[S2] ep160: loss=0.1049 val=88.8% best_val=90.5%
[S2] ep170: loss=0.0968 val=88.2% best_val=90.5%
[S2] ep180: loss=0.0997 val=88.2% best_val=90.5%
[S2] ep190: loss=0.1030 val=88.2% best_val=90.5%
[S2] ep200: loss=0.1002 val=88.2% best_val=90.5%
[S2] ep210: loss=0.1047 val=88.2% best_val=90.5%
[S2] ep220: loss=0.1027 val=88.8% best_val=90.5%
[S2] ep230: loss=0.0992 val=88.2% best_val=90.5%
[S2] ep240: loss=0.1012 val=88.2% best_val=90.5%
[S2] ep250: loss=0.1004 val=88.2% best_val=90.5%
[S2] ep260: loss=0.0981 val=88.8% best_val=90.5%
[S2] ep270: loss=0.0978 val=88.8% best_val=90.5%
[S2] ep280: loss=0.0993 val=88.8% best_val=90.5%
[S2] ep290: loss=0.1003 val=89.3% best_val=90.5%
[S2] ep300: loss=0.0963 val=88.2% best_val=90.5%

V3 Final: val=90.53% test=88.15%
[V3] Per-class acc: {'type_01': 0.86, 'type_02': 0.4166666666666667, 'type_03': 0.9781021897810219, 'type_04': 0.3333333333333333}

Total time: 1.4min
End time: 2026-04-28 06:15:09
