
=== GAIT - PURE_CNN ===
Start time: 2026-04-28 06:09:14
Dataset config: {'classes': 4, 'cn': ['type_01', 'type_02', 'type_03', 'type_04'], 'loader': 'load_gait', 'channels': 6, 'max_train': 400}

Data: Train=673, Val=169, Test=211
[Limit] Max train: 400
Model: CNN1D, in_dim=128, n_cls=4
Soft labels: one-hot (pure_cnn mode)

=== Stage 1: 纯CNN训练 (300 epochs) ===
[S1] ep 10: loss=0.1301 val=85.8% best_val=85.8%
[S1] ep 20: loss=0.0849 val=87.6% best_val=88.8%
[S1] ep 30: loss=0.0224 val=88.2% best_val=88.8%
[S1] ep 40: loss=0.0056 val=89.3% best_val=89.3%
[S1] ep 50: loss=0.0017 val=88.8% best_val=89.9%
[S1] ep 60: loss=0.0014 val=88.8% best_val=89.9%
[S1] ep 70: loss=0.0009 val=89.9% best_val=89.9%
[S1] ep 80: loss=0.0001 val=89.3% best_val=89.9%
[S1] ep 90: loss=0.0297 val=88.8% best_val=89.9%
[S1] ep100: loss=0.0011 val=89.3% best_val=89.9%
[S1] ep110: loss=0.0005 val=89.3% best_val=89.9%
[S1] ep120: loss=0.0002 val=89.3% best_val=89.9%
[S1] ep130: loss=0.0002 val=89.3% best_val=89.9%
[S1] ep140: loss=0.0003 val=88.8% best_val=89.9%
[S1] ep150: loss=0.0007 val=89.3% best_val=89.9%
[S1] ep160: loss=0.0001 val=89.3% best_val=89.9%
[S1] ep170: loss=0.0001 val=89.3% best_val=89.9%
[S1] ep180: loss=0.0002 val=89.3% best_val=89.9%
[S1] ep190: loss=0.0029 val=87.6% best_val=89.9%
[S1] ep200: loss=0.0003 val=89.3% best_val=89.9%
[S1] ep210: loss=0.0003 val=89.3% best_val=89.9%
[S1] ep220: loss=0.0001 val=89.3% best_val=89.9%
[S1] ep230: loss=0.0002 val=89.3% best_val=89.9%
[S1] ep240: loss=0.0001 val=89.3% best_val=89.9%
[S1] ep250: loss=0.0000 val=89.3% best_val=89.9%
[S1] ep260: loss=0.0001 val=89.3% best_val=89.9%
[S1] ep270: loss=0.0000 val=89.3% best_val=89.9%
[S1] ep280: loss=0.0000 val=89.3% best_val=89.9%
[S1] ep290: loss=0.0000 val=89.3% best_val=89.9%
[S1] ep300: loss=0.0000 val=89.3% best_val=89.9%

[S1] Final: val=89.94% test=87.20%
[S1] Per-class acc: {'type_01': 0.88, 'type_02': 0.4166666666666667, 'type_03': 0.9854014598540146, 'type_04': 0.0}

Total time: 1.5min
End time: 2026-04-28 06:10:46
