============================================================
 软标签生成配置
 每类采样率: 40%
 每类上限: 400
 数据集: pamap2, uci_har, harth, uci_har_new, motionsense, motionsense_dm, gait, wisdm, kuhar
============================================================
后台运行中，PID: 39785
============================================================
 软标签生成配置
 每类采样率: 40%
 每类上限: 400
 数据集: pamap2, uci_har, harth, uci_har_new, motionsense, motionsense_dm, gait, wisdm, kuhar
============================================================
后台运行中，PID: 44109
============================================================
 软标签生成配置
 每类采样率: 40%
 每类上限: 400
 数据集: pamap2, uci_har, harth, uci_har_new, motionsense, motionsense_dm, gait, wisdm, kuhar
============================================================
后台运行中，PID: 47683
============================================================
 软标签生成配置
 每类采样率: 40%
 每类上限: 400
 数据集: pamap2, uci_har, harth, uci_har_new, motionsense, motionsense_dm, gait, wisdm, kuhar
============================================================
后台运行中，PID: 51464
============================================================
 软标签生成配置
 每类采样率: 40%
 每类上限: 400
 数据集: pamap2, uci_har, harth, uci_har_new, motionsense, motionsense_dm, gait, wisdm, kuhar
============================================================
后台运行中，PID: 52094
============================================================
 软标签生成配置
 每类采样率: 40%
 每类上限: 400
 数据集: pamap2, uci_har, harth, uci_har_new, motionsense, motionsense_dm, gait, wisdm, kuhar
============================================================
后台运行中，PID: 53500
============================================================
 软标签生成配置
 每类采样率: 40%
 每类上限: 400
 数据集: pamap2, uci_har, harth, uci_har_new, motionsense, motionsense_dm, gait, wisdm, kuhar
============================================================
后台运行中，PID: 54211
============================================================
 软标签生成配置
 每类采样率: 40%
 每类上限: 400
 数据集: pamap2, uci_har, harth, uci_har_new, motionsense, motionsense_dm, gait, wisdm, kuhar
============================================================
后台运行中，PID: 3870
============================================================
 软标签生成配置
 每类采样率: 40%
 每类上限: 400
 数据集: pamap2, uci_har, harth, uci_har_new, motionsense, motionsense_dm, gait, wisdm, kuhar
============================================================
后台运行中，PID: 4472
============================================================
 软标签生成配置
 每类采样率: 40%
 每类上限: 400
 数据集: pamap2, uci_har, harth, uci_har_new, motionsense, motionsense_dm, gait, wisdm, kuhar
============================================================
后台运行中，PID: 27605
============================================================
 软标签生成配置
 每类采样率: 40%
 每类上限: 400
 数据集: pamap2, uci_har, harth, uci_har_new, motionsense, motionsense_dm, gait, wisdm, kuhar
============================================================
后台运行中，PID: 64185
============================================================
 软标签生成配置
 每类采样率: 40%
 每类上限: 400
 数据集: pamap2, uci_har, harth, uci_har_new, motionsense, motionsense_dm, gait, wisdm, kuhar
============================================================
后台运行中，PID: 66416
============================================================
 软标签生成配置
 每类采样率: 40%
 每类上限: 400
 数据集: pamap2, uci_har, harth, uci_har_new, motionsense, motionsense_dm, gait, wisdm, kuhar
============================================================
后台运行中，PID: 68953
============================================================
 软标签生成配置
 每类采样率: 40%
 每类上限: 400
 数据集: pamap2, uci_har, harth, uci_har_new, motionsense, motionsense_dm, gait, wisdm, kuhar
============================================================
后台运行中，PID: 74109
============================================================
 软标签生成配置
 每类采样率: 40%
 每类上限: 400
 数据集: pamap2, uci_har, harth, uci_har_new, motionsense, motionsense_dm, gait, wisdm, kuhar
============================================================
后台运行中，PID: 86168
============================================================
 软标签生成配置
 每类采样率: 40%
 每类上限: 400
 数据集: pamap2, uci_har, harth, uci_har_new, motionsense, motionsense_dm, gait, wisdm, kuhar
============================================================
后台运行中，PID: 90776
