[2026-04-27 10:42:39] [Proc 9] 启动，45秒后开始（避免并发冲突）
[2026-04-27 10:43:24] [数据] 从缓存加载: X_tr=/home/fandy/workplace/thesis/results/soft_labels/kuhar_X_tr.npy
[2026-04-27 10:43:24] [Proc 9] 类 9 (Push-up): 1482样本, 目标400, 已有0, 需生成400
[2026-04-27 10:44:19]   [1/400 · 0%] idx=1: ✅REAL max=0.530 (54668ms) ETA=21813s
[2026-04-27 10:44:58]   [2/400 · 0%] idx=21: ✅REAL max=0.720 (37827ms) ETA=18607s
[2026-04-27 10:46:16]   [3/400 · 1%] idx=81: ✅REAL max=0.400 (77112ms) ETA=22711s
[2026-04-27 10:47:02]   [4/400 · 1%] idx=100: ✅REAL max=0.480 (44915ms) ETA=21537s
[2026-04-27 10:47:32]   [5/400 · 1%] idx=144: ✅REAL max=0.800 (29135ms) ETA=19567s
[2026-04-27 10:48:07]   [6/400 · 2%] idx=195: ✅REAL max=0.260 (34549ms) ETA=18601s
[2026-04-27 10:49:11]   [7/400 · 2%] idx=301: ✅REAL max=0.651 (62127ms) ETA=19448s
[2026-04-27 10:50:35]   [8/400 · 2%] idx=394: ✅REAL max=0.550 (83838ms) ETA=21131s
[2026-04-27 10:51:30]   [9/400 · 2%] idx=408: ✅REAL max=0.408 (53302ms) ETA=21096s
[2026-04-27 10:52:42]   [10/400 · 2%] idx=521: ✅REAL max=0.310 (71133ms) ETA=21752s
[2026-04-27 10:53:41]   [11/400 · 3%] idx=555: ✅REAL max=0.500 (53692ms) ETA=21755s
[2026-04-27 11:22:35]   [12/400 · 3%] idx=571: ✅REAL max=0.550 (325760ms) ETA=76025s
[2026-04-27 11:32:38] [Proc 9] 启动，45秒后开始（避免并发冲突）
[2026-04-27 11:33:23] [数据] 从缓存加载: X_tr=/home/fandy/workplace/thesis/results/soft_labels/kuhar_X_tr.npy
[2026-04-27 11:33:23] [Proc 9] 类 9 (Push-up): 1482样本, 目标400, 已有12, 需生成388
[2026-04-27 11:34:18]   [1/388 · 0%] idx=648: ✅REAL max=0.413 (54692ms) ETA=21166s
[2026-04-27 11:39:13]   [2/388 · 1%] idx=671: ✅REAL max=0.530 (294400ms) ETA=67569s
[2026-04-27 11:40:05]   [3/388 · 1%] idx=737: ✅REAL max=0.335 (50248ms) ETA=51506s
[2026-04-27 11:40:56]   [4/388 · 1%] idx=789: ✅REAL max=0.300 (50335ms) ETA=43458s
[2026-04-27 11:41:29]   [5/388 · 1%] idx=797: ✅REAL max=0.450 (32500ms) ETA=37242s
[2026-04-27 11:42:52]   [6/388 · 2%] idx=832: ✅REAL max=0.350 (82082ms) ETA=36244s
[2026-04-27 11:43:35]   [7/388 · 2%] idx=834: ✅REAL max=0.550 (41387ms) ETA=33292s
[2026-04-27 11:44:25]   [8/388 · 2%] idx=850: ✅REAL max=0.350 (48877ms) ETA=31424s
[2026-04-27 11:45:08]   [9/388 · 2%] idx=947: ✅REAL max=0.560 (41910ms) ETA=29666s
[2026-04-27 11:49:03]   [10/388 · 3%] idx=958: ✅REAL max=0.596 (33254ms) ETA=35511s
[2026-04-27 11:51:40]   [11/388 · 3%] idx=1000: ✅REAL max=0.440 (156213ms) ETA=37585s
[2026-04-27 11:54:10]   [12/388 · 3%] idx=1033: ✅REAL max=0.440 (64194ms) ETA=39060s
[2026-04-27 11:54:59]   [13/388 · 3%] idx=1044: ✅REAL max=0.570 (48432ms) ETA=37385s
[2026-04-27 11:57:00]   [14/388 · 4%] idx=1129: ✅REAL max=0.320 (119638ms) ETA=37845s
[2026-04-27 11:59:47]   [15/388 · 4%] idx=1143: ✅REAL max=0.550 (69644ms) ETA=39377s
[2026-04-27 12:02:13]   [16/388 · 4%] idx=1181: ✅REAL max=0.360 (39695ms) ETA=40218s
[2026-04-27 12:03:36]   [17/388 · 4%] idx=1197: ✅REAL max=0.360 (82035ms) ETA=39563s
[2026-04-27 12:04:33]   [18/388 · 5%] idx=1233: ✅REAL max=0.300 (56300ms) ETA=38442s
[2026-04-27 12:05:30]   [19/388 · 5%] idx=1256: ✅REAL max=0.450 (56161ms) ETA=37431s
[2026-04-27 12:06:19]   [20/388 · 5%] idx=1283: ✅REAL max=0.310 (47353ms) ETA=36353s
[2026-04-27 12:06:19]   💾 [20/388] 进度已保存
[2026-04-27 12:06:52]   [21/388 · 5%] idx=1378: ✅REAL max=0.520 (32244ms) ETA=35109s
[2026-04-27 12:07:28]   [22/388 · 6%] idx=1421: ✅REAL max=0.310 (35199ms) ETA=34024s
[2026-04-27 12:09:23]   [23/388 · 6%] idx=1593: ✅REAL max=0.380 (113970ms) ETA=34280s
[2026-04-27 12:10:16]   [24/388 · 6%] idx=1596: ✅REAL max=0.600 (51263ms) ETA=33555s
[2026-04-27 12:12:30]   [25/388 · 6%] idx=1603: ✅REAL max=0.707 (41301ms) ETA=34083s
[2026-04-27 12:13:13]   [26/388 · 7%] idx=1646: ✅REAL max=0.455 (41786ms) ETA=33277s
[2026-04-27 12:13:50]   [27/388 · 7%] idx=1674: ✅REAL max=0.425 (35925ms) ETA=32450s
[2026-04-27 12:14:55]   [28/388 · 7%] idx=1704: ✅REAL max=0.430 (64243ms) ETA=32043s
[2026-04-27 12:15:43]   [29/388 · 7%] idx=1709: ✅REAL max=0.290 (46645ms) ETA=31442s
[2026-04-27 12:16:25]   [30/388 · 8%] idx=1762: ✅REAL max=0.360 (41016ms) ETA=30811s
[2026-04-27 12:17:13]   [31/388 · 8%] idx=1799: ✅REAL max=0.480 (47397ms) ETA=30291s
[2026-04-27 12:17:47]   [32/388 · 8%] idx=1820: ✅REAL max=0.550 (32228ms) ETA=29632s
[2026-04-27 12:18:45]   [33/388 · 9%] idx=1888: ✅REAL max=0.360 (57653ms) ETA=29284s
[2026-04-27 12:19:55]   [34/388 · 9%] idx=1910: ✅REAL max=0.300 (68968ms) ETA=29072s
[2026-04-27 12:22:54]   [35/388 · 9%] idx=1948: ✅REAL max=0.330 (178057ms) ETA=29967s
[2026-04-27 12:24:18]   [36/388 · 9%] idx=2153: ✅REAL max=0.250 (82967ms) ETA=29873s
[2026-04-27 12:24:59]   [37/388 · 10%] idx=2186: ✅REAL max=0.450 (39802ms) ETA=29370s
[2026-04-27 12:25:52]   [38/388 · 10%] idx=2261: ✅REAL max=0.310 (51877ms) ETA=29003s
[2026-04-27 12:26:32]   [39/388 · 10%] idx=2281: ✅REAL max=0.410 (38740ms) ETA=28534s
[2026-04-27 12:27:29]   [40/388 · 10%] idx=2340: ✅REAL max=0.520 (55736ms) ETA=28235s
[2026-04-27 12:27:29]   💾 [40/388] 进度已保存
[2026-04-27 12:28:08]   [41/388 · 11%] idx=2360: ✅REAL max=0.350 (38565ms) ETA=27802s
[2026-04-27 12:29:21]   [42/388 · 11%] idx=2390: ✅REAL max=0.650 (71698ms) ETA=27661s
[2026-04-27 12:31:20]   [43/388 · 11%] idx=2394: ✅REAL max=0.550 (118198ms) ETA=27896s
[2026-04-27 12:33:17]   [44/388 · 11%] idx=2573: ✅REAL max=0.600 (43132ms) ETA=28098s
[2026-04-27 12:34:05]   [45/388 · 12%] idx=2591: ✅REAL max=0.550 (46517ms) ETA=27756s
[2026-04-27 12:34:53]   [46/388 · 12%] idx=2606: ✅REAL max=0.300 (47647ms) ETA=27435s
[2026-04-27 12:35:38]   [47/388 · 12%] idx=2642: ✅REAL max=0.594 (43263ms) ETA=27094s
[2026-04-27 12:36:16]   [48/388 · 12%] idx=2741: ✅REAL max=0.740 (37387ms) ETA=26724s
[2026-04-27 12:37:04]   [49/388 · 13%] idx=2760: ✅REAL max=0.400 (46624ms) ETA=26431s
[2026-04-27 12:39:05]   [50/388 · 13%] idx=2769: ✅REAL max=0.390 (39647ms) ETA=26648s
[2026-04-27 12:40:02]   [51/388 · 13%] idx=2875: ✅REAL max=0.400 (55661ms) ETA=26422s
[2026-04-27 12:40:45]   [52/388 · 13%] idx=2951: ✅REAL max=0.390 (42538ms) ETA=26119s
[2026-04-27 12:41:54]   [53/388 · 14%] idx=3056: ✅REAL max=0.450 (67820ms) ETA=25985s
[2026-04-27 12:43:12]   [54/388 · 14%] idx=3100: ✅REAL max=0.290 (77006ms) ETA=25910s
[2026-04-27 12:45:27]   [55/388 · 14%] idx=3126: ✅REAL max=0.350 (32512ms) ETA=26178s
[2026-04-27 12:46:31]   [56/388 · 14%] idx=3183: ✅REAL max=0.335 (63520ms) ETA=26015s
[2026-04-27 12:46:59]   [57/388 · 15%] idx=3221: ✅REAL max=0.200 (26648ms) ETA=25643s
[2026-04-27 12:47:58]   [58/388 · 15%] idx=3239: ✅REAL max=0.520 (57895ms) ETA=25459s
[2026-04-27 12:48:26]   [59/388 · 15%] idx=3252: ✅REAL max=0.420 (27216ms) ETA=25109s
[2026-04-27 12:49:28]   [60/388 · 15%] idx=3305: ✅REAL max=0.300 (61214ms) ETA=24956s
[2026-04-27 12:49:28]   💾 [60/388] 进度已保存
[2026-04-27 12:50:25]   [61/388 · 16%] idx=3310: ✅REAL max=0.420 (55683ms) ETA=24776s
[2026-04-27 12:51:19]   [62/388 · 16%] idx=3341: ✅REAL max=0.484 (53004ms) ETA=24586s
[2026-04-27 12:51:59]   [63/388 · 16%] idx=3373: ✅REAL max=0.550 (39336ms) ETA=24329s
[2026-04-27 12:53:10]   [64/388 · 16%] idx=3388: ✅REAL max=0.150 (70013ms) ETA=24235s
[2026-04-27 12:53:53]   [65/388 · 17%] idx=3402: ✅REAL max=0.670 (41413ms) ETA=23999s
[2026-04-27 12:54:46]   [66/388 · 17%] idx=3406: ✅REAL max=0.450 (51855ms) ETA=23821s
[2026-04-27 12:57:02]   [67/388 · 17%] idx=3461: ✅REAL max=0.280 (56898ms) ETA=24047s
[2026-04-27 13:00:06]   [68/388 · 18%] idx=3615: ✅REAL max=0.370 (66321ms) ETA=24484s
[2026-04-27 13:01:21]   [69/388 · 18%] idx=3655: ✅REAL max=0.300 (74370ms) ETA=24402s
[2026-04-27 13:11:45] [Proc 9] 启动，45秒后开始（避免并发冲突）
[2026-04-27 13:12:30] [数据] 从缓存加载: X_tr=/home/fandy/workplace/thesis/results/soft_labels/kuhar_X_tr.npy
[2026-04-27 13:12:30] [Proc 9] 类 9 (Push-up): 1482样本, 目标400, 已有81, 需生成319
[2026-04-27 13:13:44]   [1/319 · 0%] idx=3662: ✅REAL max=0.490 (73535ms) ETA=23384s
[2026-04-27 13:14:42]   [2/319 · 1%] idx=3675: ✅REAL max=0.270 (57202ms) ETA=20881s
[2026-04-27 13:15:31]   [3/319 · 1%] idx=3709: ✅REAL max=0.240 (47968ms) ETA=19035s
[2026-04-27 13:16:12]   [4/319 · 1%] idx=3739: ✅REAL max=0.400 (40159ms) ETA=17473s
[2026-04-27 13:17:07]   [5/319 · 2%] idx=3747: ✅REAL max=0.281 (53563ms) ETA=17361s
[2026-04-27 13:18:45]   [6/319 · 2%] idx=3758: ✅REAL max=0.430 (30455ms) ETA=19535s
[2026-04-27 13:19:26]   [7/319 · 2%] idx=3812: ✅REAL max=0.450 (40204ms) ETA=18527s
[2026-04-27 13:20:04]   [8/319 · 3%] idx=3833: ✅REAL max=0.343 (37050ms) ETA=17639s
[2026-04-27 13:21:11]   [9/319 · 3%] idx=3887: ✅REAL max=0.440 (66413ms) ETA=17951s
[2026-04-27 13:21:44]   [10/319 · 3%] idx=3906: ✅REAL max=0.400 (31347ms) ETA=17103s
[2026-04-27 13:22:52]   [11/319 · 3%] idx=3917: ✅REAL max=0.350 (67890ms) ETA=17427s
[2026-04-27 13:23:43]   [12/319 · 4%] idx=3973: ✅REAL max=0.257 (49913ms) ETA=17226s
[2026-04-27 13:24:39]   [13/319 · 4%] idx=4046: ✅REAL max=0.320 (54927ms) ETA=17165s
[2026-04-27 13:25:46]   [14/319 · 4%] idx=4060: ✅REAL max=0.500 (65473ms) ETA=17336s
[2026-04-27 13:26:24]   [15/319 · 5%] idx=4098: ✅REAL max=0.750 (36782ms) ETA=16893s
[2026-04-27 13:26:54]   [16/319 · 5%] idx=4110: ✅REAL max=0.650 (29467ms) ETA=16362s
[2026-04-27 13:28:12]   [17/319 · 5%] idx=4280: ✅REAL max=0.540 (76694ms) ETA=16729s
[2026-04-27 13:28:48]   [18/319 · 6%] idx=4319: ✅REAL max=0.350 (35226ms) ETA=16353s
[2026-04-27 13:33:38]   [19/319 · 6%] idx=4353: ✅REAL max=0.350 (58626ms) ETA=20015s
[2026-04-27 13:34:14]   [20/319 · 6%] idx=4440: ✅REAL max=0.550 (35219ms) ETA=19493s
[2026-04-27 13:34:14]   💾 [20/319] 进度已保存
[2026-04-27 13:35:11]   [21/319 · 7%] idx=4477: ✅REAL max=0.400 (55592ms) ETA=19305s
[2026-04-27 13:36:11]   [22/319 · 7%] idx=4489: ✅REAL max=0.520 (59308ms) ETA=19180s
[2026-04-27 13:37:00]   [23/319 · 7%] idx=4589: ✅REAL max=0.230 (48359ms) ETA=18920s
[2026-04-27 13:38:01]   [24/319 · 8%] idx=4598: ✅REAL max=0.220 (59817ms) ETA=18818s
[2026-04-27 13:38:51]   [25/319 · 8%] idx=4643: ✅REAL max=0.270 (49141ms) ETA=18594s
[2026-04-27 13:40:06]   [26/319 · 8%] idx=4672: ✅REAL max=0.347 (73465ms) ETA=18657s
[2026-04-27 13:41:12]   [27/319 · 8%] idx=4704: ✅REAL max=0.250 (65684ms) ETA=18626s
[2026-04-27 13:42:16]   [28/319 · 9%] idx=4746: ✅REAL max=0.250 (62639ms) ETA=18561s
[2026-04-27 13:43:19]   [29/319 · 9%] idx=4788: ✅REAL max=0.240 (62015ms) ETA=18489s
[2026-04-27 13:44:11]   [30/319 · 9%] idx=4795: ✅REAL max=0.470 (51222ms) ETA=18314s
[2026-04-27 13:45:08]   [31/319 · 10%] idx=4900: ✅REAL max=0.330 (55410ms) ETA=18186s
[2026-04-27 13:47:12]   [32/319 · 10%] idx=4910: ✅REAL max=0.470 (59562ms) ETA=18673s
[2026-04-27 13:48:17]   [33/319 · 10%] idx=4933: ✅REAL max=0.270 (64387ms) ETA=18611s
[2026-04-27 13:49:03]   [34/319 · 11%] idx=4952: ✅REAL max=0.780 (44881ms) ETA=18385s
[2026-04-27 13:49:46]   [35/319 · 11%] idx=4962: ✅REAL max=0.400 (41190ms) ETA=18139s
[2026-04-27 13:50:25]   [36/319 · 11%] idx=4969: ✅REAL max=0.330 (37953ms) ETA=17880s
[2026-04-27 13:51:25]   [37/319 · 12%] idx=4978: ✅REAL max=0.350 (59184ms) ETA=17794s
[2026-04-27 13:52:02]   [38/319 · 12%] idx=5054: ✅REAL max=0.550 (36162ms) ETA=17539s
[2026-04-27 13:52:55]   [39/319 · 12%] idx=5068: ✅REAL max=0.350 (52043ms) ETA=17409s
[2026-04-27 13:54:15]   [40/319 · 13%] idx=5164: ✅REAL max=0.450 (78609ms) ETA=17469s
[2026-04-27 13:54:15]   💾 [40/319] 进度已保存
[2026-04-27 13:55:12]   [41/319 · 13%] idx=5206: ✅REAL max=0.300 (56550ms) ETA=17372s
[2026-04-27 13:56:18]   [42/319 · 13%] idx=5229: ✅REAL max=0.300 (65243ms) ETA=17334s
[2026-04-27 13:57:19]   [43/319 · 13%] idx=5252: ✅REAL max=0.450 (59239ms) ETA=17256s
[2026-04-27 13:58:02]   [44/319 · 14%] idx=5350: ✅REAL max=0.470 (42803ms) ETA=17077s
[2026-04-27 13:59:04]   [45/319 · 14%] idx=5368: ✅REAL max=0.300 (60206ms) ETA=17009s
[2026-04-27 14:00:12]   [46/319 · 14%] idx=5398: ✅REAL max=0.381 (67188ms) ETA=16984s
[2026-04-27 14:00:57]   [47/319 · 15%] idx=5439: ✅REAL max=0.480 (44149ms) ETA=16823s
[2026-04-27 14:02:39]   [48/319 · 15%] idx=5469: ✅REAL max=0.334 (101247ms) ETA=16989s
[2026-04-27 14:03:29]   [49/319 · 15%] idx=5709: ✅REAL max=0.550 (48949ms) ETA=16856s
[2026-04-27 14:04:18]   [50/319 · 16%] idx=5765: ✅REAL max=0.550 (48235ms) ETA=16723s
[2026-04-27 14:05:21]   [51/319 · 16%] idx=5889: ✅REAL max=0.400 (62087ms) ETA=16665s
[2026-04-27 14:06:08]   [52/319 · 16%] idx=5966: ✅REAL max=0.440 (45890ms) ETA=16525s
[2026-04-27 14:07:03]   [53/319 · 17%] idx=5987: ✅REAL max=0.350 (54057ms) ETA=16429s
[2026-04-27 14:08:22]   [54/319 · 17%] idx=6016: ✅REAL max=0.350 (77911ms) ETA=16451s
[2026-04-27 14:09:56]   [55/319 · 17%] idx=6149: ✅REAL max=0.604 (92232ms) ETA=16538s
[2026-04-27 14:11:30]   [56/319 · 18%] idx=6154: ✅REAL max=0.340 (92933ms) ETA=16623s
[2026-04-27 14:12:21]   [57/319 · 18%] idx=6164: ✅REAL max=0.250 (50104ms) ETA=16504s
[2026-04-27 14:13:15]   [58/319 · 18%] idx=6186: ✅REAL max=0.561 (53739ms) ETA=16404s
[2026-04-27 14:14:10]   [59/319 · 18%] idx=6224: ✅REAL max=0.320 (54091ms) ETA=16307s
[2026-04-27 14:15:33]   [60/319 · 19%] idx=6242: ✅REAL max=0.280 (81553ms) ETA=16330s
[2026-04-27 14:15:33]   💾 [60/319] 进度已保存
[2026-04-27 14:16:36]   [61/319 · 19%] idx=6271: ✅REAL max=0.440 (62040ms) ETA=16267s
[2026-04-27 14:17:33]   [62/319 · 19%] idx=6355: ✅REAL max=0.380 (55693ms) ETA=16177s
[2026-04-27 14:19:33]   [63/319 · 20%] idx=6403: ✅REAL max=0.460 (118987ms) ETA=16346s
[2026-04-27 14:21:32]   [64/319 · 20%] idx=6412: ✅REAL max=0.530 (118364ms) ETA=16504s
[2026-04-27 14:22:43]   [65/319 · 20%] idx=6424: ✅REAL max=0.449 (70209ms) ETA=16464s
[2026-04-27 14:23:50]   [66/319 · 21%] idx=6433: ✅REAL max=0.340 (65533ms) ETA=16406s
[2026-04-27 14:24:46]   [67/319 · 21%] idx=6518: ✅REAL max=0.440 (54622ms) ETA=16306s
[2026-04-27 14:25:31]   [68/319 · 21%] idx=6581: ✅REAL max=0.550 (44697ms) ETA=16172s
[2026-04-27 14:26:49]   [69/319 · 22%] idx=6706: ✅REAL max=0.510 (76829ms) ETA=16156s
[2026-04-27 14:27:59]   [70/319 · 22%] idx=6721: ✅REAL max=0.120 (69133ms) ETA=16111s
[2026-04-27 14:28:55]   [71/319 · 22%] idx=6723: ✅REAL max=0.400 (54776ms) ETA=16015s
[2026-04-27 14:29:53]   [72/319 · 23%] idx=6744: ✅REAL max=0.345 (57091ms) ETA=15928s
[2026-04-27 14:31:06]   [73/319 · 23%] idx=6792: ✅REAL max=0.690 (71849ms) ETA=15892s
[2026-04-27 14:33:58]   [74/319 · 23%] idx=6802: ✅REAL max=0.490 (81217ms) ETA=16182s
[2026-04-27 14:34:38]   [75/319 · 24%] idx=6809: ✅REAL max=0.450 (39457ms) ETA=16033s
[2026-04-27 14:35:18]   [76/319 · 24%] idx=6820: ✅REAL max=0.450 (38379ms) ETA=15883s
[2026-04-27 14:36:19]   [77/319 · 24%] idx=6834: ✅REAL max=0.394 (60467ms) ETA=15805s
[2026-04-27 14:37:10]   [78/319 · 24%] idx=6880: ✅REAL max=0.470 (50219ms) ETA=15697s
[2026-04-27 14:38:31]   [79/319 · 25%] idx=6902: ✅REAL max=0.550 (79703ms) ETA=15679s
[2026-04-27 14:42:43]   [80/319 · 25%] idx=6965: ✅REAL max=0.290 (62972ms) ETA=16171s
[2026-04-27 14:42:43]   💾 [80/319] 进度已保存
[2026-04-27 14:43:38]   [81/319 · 25%] idx=6994: ✅REAL max=0.620 (53717ms) ETA=16066s
[2026-04-27 14:45:02]   [82/319 · 26%] idx=7016: ✅REAL max=0.600 (82992ms) ETA=16046s
[2026-04-27 14:46:09]   [83/319 · 26%] idx=7071: ✅REAL max=0.340 (66355ms) ETA=15977s
[2026-04-27 14:47:04]   [84/319 · 26%] idx=7106: ✅REAL max=0.190 (54032ms) ETA=15874s
[2026-04-27 14:47:54]   [85/319 · 27%] idx=7162: ✅REAL max=0.260 (48832ms) ETA=15758s
[2026-04-27 14:49:24]   [86/319 · 27%] idx=7171: ✅REAL max=0.290 (88578ms) ETA=15751s
[2026-04-27 14:50:34]   [87/319 · 27%] idx=7187: ✅REAL max=0.300 (69517ms) ETA=15691s
[2026-04-27 14:51:38]   [88/319 · 28%] idx=7285: ✅REAL max=0.490 (62739ms) ETA=15613s
[2026-04-27 14:52:44]   [89/319 · 28%] idx=7309: ✅REAL max=0.340 (64677ms) ETA=15540s
[2026-04-27 14:56:29]   [90/319 · 28%] idx=7361: ✅REAL max=0.380 (75424ms) ETA=15874s
[2026-04-27 14:57:43]   [91/319 · 29%] idx=7403: ✅REAL max=0.822 (72806ms) ETA=15816s
[2026-04-27 14:59:18]   [92/319 · 29%] idx=7459: ✅REAL max=0.300 (94077ms) ETA=15810s
[2026-04-27 15:00:30]   [93/319 · 29%] idx=7491: ✅REAL max=0.500 (71086ms) ETA=15746s
[2026-04-27 15:01:52]   [94/319 · 29%] idx=7495: ✅REAL max=0.480 (81201ms) ETA=15707s
[2026-04-27 15:03:02]   [95/319 · 30%] idx=7503: ✅REAL max=0.390 (68757ms) ETA=15637s
[2026-04-27 15:03:53]   [96/319 · 30%] idx=7504: ✅REAL max=0.460 (50254ms) ETA=15524s
[2026-04-27 15:04:53]   [97/319 · 30%] idx=7517: ✅REAL max=0.690 (59329ms) ETA=15433s
[2026-04-27 15:05:31]   [98/319 · 31%] idx=7543: ✅REAL max=0.650 (36167ms) ETA=15291s
[2026-04-27 15:06:37]   [99/319 · 31%] idx=7555: ✅REAL max=0.632 (65614ms) ETA=15216s
[2026-04-27 15:08:02]   [100/319 · 31%] idx=7568: ✅REAL max=0.300 (83587ms) ETA=15180s
[2026-04-27 15:08:02]   💾 [100/319] 进度已保存
[2026-04-27 15:08:50]   [101/319 · 32%] idx=7644: ✅REAL max=0.550 (47288ms) ETA=15066s
[2026-04-27 15:09:42]   [102/319 · 32%] idx=7665: ✅REAL max=0.520 (51403ms) ETA=14961s
[2026-04-27 15:11:10]   [103/319 · 32%] idx=7687: ✅REAL max=0.550 (86866ms) ETA=14932s
[2026-04-27 15:13:50]   [104/319 · 33%] idx=7739: ✅REAL max=0.300 (65641ms) ETA=15049s
[2026-04-27 15:15:13]   [105/319 · 33%] idx=7803: ✅REAL max=0.200 (81901ms) ETA=15006s
[2026-04-27 15:16:23]   [106/319 · 33%] idx=7872: ✅REAL max=0.392 (69637ms) ETA=14937s
[2026-04-27 15:19:31]   [107/319 · 34%] idx=7932: ✅REAL max=0.550 (186922ms) ETA=15100s
[2026-04-27 15:20:21]   [108/319 · 34%] idx=7948: ✅REAL max=0.550 (48400ms) ETA=14986s
[2026-04-27 15:21:19]   [109/319 · 34%] idx=7956: ✅REAL max=0.447 (57092ms) ETA=14890s
[2026-04-27 15:22:31]   [110/319 · 34%] idx=7976: ✅REAL max=0.610 (71103ms) ETA=14822s
[2026-04-27 15:23:40]   [111/319 · 35%] idx=7979: ✅REAL max=0.380 (68461ms) ETA=14748s
[2026-04-27 15:24:28]   [112/319 · 35%] idx=8029: ✅REAL max=0.330 (46395ms) ETA=14634s
[2026-04-27 15:24:58]   [113/319 · 35%] idx=8118: ✅REAL max=0.600 (29345ms) ETA=14489s
[2026-04-27 15:25:37]   [114/319 · 36%] idx=8194: ✅REAL max=0.350 (37388ms) ETA=14362s
[2026-04-27 15:26:38]   [115/319 · 36%] idx=8208: ✅REAL max=0.470 (60044ms) ETA=14276s
[2026-04-27 15:29:35]   [116/319 · 36%] idx=8213: ✅REAL max=0.400 (71561ms) ETA=14393s
[2026-04-27 15:30:32]   [117/319 · 37%] idx=8260: ✅REAL max=0.750 (56446ms) ETA=14299s
[2026-04-27 15:31:56]   [118/319 · 37%] idx=8271: ✅REAL max=0.712 (82659ms) ETA=14250s
[2026-04-27 15:32:32]   [119/319 · 37%] idx=8285: ✅REAL max=0.800 (35638ms) ETA=14121s
[2026-04-27 15:33:41]   [120/319 · 38%] idx=8300: ✅REAL max=0.450 (67238ms) ETA=14047s
[2026-04-27 15:33:41]   💾 [120/319] 进度已保存
[2026-04-27 15:35:05]   [121/319 · 38%] idx=8313: ✅REAL max=0.300 (83750ms) ETA=14000s
[2026-04-27 15:35:42]   [122/319 · 38%] idx=8354: ✅REAL max=0.300 (35374ms) ETA=13873s
[2026-04-27 15:36:50]   [123/319 · 39%] idx=8407: ✅REAL max=0.350 (67628ms) ETA=13800s
[2026-04-27 15:37:41]   [124/319 · 39%] idx=8446: ✅REAL max=0.350 (50017ms) ETA=13699s
[2026-04-27 15:38:48]   [125/319 · 39%] idx=8447: ✅REAL max=0.400 (65905ms) ETA=13624s
[2026-04-27 15:39:53]   [126/319 · 39%] idx=8573: ✅REAL max=0.700 (63945ms) ETA=13546s
[2026-04-27 15:41:18]   [127/319 · 40%] idx=8588: ✅REAL max=0.350 (83714ms) ETA=13497s
[2026-04-27 15:42:05]   [128/319 · 40%] idx=8604: ✅REAL max=0.450 (46304ms) ETA=13393s
[2026-04-27 15:42:48]   [129/319 · 40%] idx=8615: ✅REAL max=0.450 (41510ms) ETA=13282s
[2026-04-27 15:43:28]   [130/319 · 41%] idx=8627: ✅REAL max=0.400 (39335ms) ETA=13169s
[2026-04-27 15:44:22]   [131/319 · 41%] idx=8635: ✅REAL max=0.540 (52763ms) ETA=13077s
[2026-04-27 15:45:23]   [132/319 · 41%] idx=8655: ✅REAL max=0.300 (59649ms) ETA=12994s
[2026-04-27 15:47:19]   [133/319 · 42%] idx=8670: ✅REAL max=0.707 (115006ms) ETA=12990s
[2026-04-27 15:48:21]   [134/319 · 42%] idx=8688: ✅REAL max=0.520 (61645ms) ETA=12910s
[2026-04-27 15:49:30]   [135/319 · 42%] idx=8756: ✅REAL max=0.450 (67632ms) ETA=12839s
[2026-04-27 15:50:08]   [136/319 · 43%] idx=8861: ✅REAL max=0.550 (37437ms) ETA=12727s
[2026-04-27 15:51:13]   [137/319 · 43%] idx=8864: ✅REAL max=0.470 (63657ms) ETA=12651s
[2026-04-27 15:51:49]   [138/319 · 43%] idx=8873: ✅REAL max=0.803 (35426ms) ETA=12538s
[2026-04-27 15:52:52]   [139/319 · 44%] idx=8930: ✅REAL max=0.330 (61608ms) ETA=12460s
[2026-04-27 15:53:31]   [140/319 · 44%] idx=8989: ✅REAL max=0.550 (37721ms) ETA=12352s
[2026-04-27 15:53:31]   💾 [140/319] 进度已保存
[2026-04-27 15:54:05]   [141/319 · 44%] idx=9099: ✅REAL max=0.350 (33478ms) ETA=12239s
[2026-04-27 15:55:36]   [142/319 · 45%] idx=9106: ✅REAL max=0.333 (90020ms) ETA=12198s
[2026-04-27 15:56:38]   [143/319 · 45%] idx=9119: ✅REAL max=0.430 (60281ms) ETA=12120s
[2026-04-27 15:57:33]   [144/319 · 45%] idx=9196: ✅REAL max=0.550 (54502ms) ETA=12035s
[2026-04-27 15:58:35]   [145/319 · 45%] idx=9240: ✅REAL max=0.540 (61187ms) ETA=11958s
[2026-04-27 15:59:32]   [146/319 · 46%] idx=9325: ✅REAL max=0.450 (55985ms) ETA=11876s
[2026-04-27 16:00:34]   [147/319 · 46%] idx=9337: ✅REAL max=0.300 (60500ms) ETA=11799s
[2026-04-27 16:01:51]   [148/319 · 46%] idx=9373: ✅REAL max=0.450 (76337ms) ETA=11740s
[2026-04-27 16:02:47]   [149/319 · 47%] idx=9400: ✅REAL max=0.200 (54647ms) ETA=11657s
[2026-04-27 16:03:40]   [150/319 · 47%] idx=9405: ✅REAL max=0.250 (52633ms) ETA=11571s
[2026-04-27 16:05:01]   [151/319 · 47%] idx=9418: ✅REAL max=0.410 (79366ms) ETA=11516s
[2026-04-27 16:06:01]   [152/319 · 48%] idx=9448: ✅REAL max=0.330 (59697ms) ETA=11439s
[2026-04-27 16:07:17]   [153/319 · 48%] idx=9449: ✅REAL max=0.740 (74589ms) ETA=11378s
[2026-04-27 16:08:44]   [154/319 · 48%] idx=9450: ✅REAL max=0.550 (85935ms) ETA=11329s
[2026-04-27 16:09:58]   [155/319 · 49%] idx=9536: ✅REAL max=0.320 (72893ms) ETA=11266s
[2026-04-27 16:10:51]   [156/319 · 49%] idx=9560: ✅REAL max=0.350 (52314ms) ETA=11181s
[2026-04-27 16:12:18]   [157/319 · 49%] idx=9575: ✅REAL max=0.320 (85858ms) ETA=11132s
[2026-04-27 16:14:11]   [158/319 · 50%] idx=9589: ✅REAL max=0.700 (112144ms) ETA=11108s
[2026-04-27 16:15:16]   [159/319 · 50%] idx=9590: ✅REAL max=0.277 (63630ms) ETA=11035s
[2026-04-27 16:16:04]   [160/319 · 50%] idx=9595: ✅REAL max=0.300 (47076ms) ETA=10945s
[2026-04-27 16:16:04]   💾 [160/319] 进度已保存
[2026-04-27 16:16:50]   [161/319 · 50%] idx=9596: ✅REAL max=0.400 (45538ms) ETA=10854s
[2026-04-27 16:17:46]   [162/319 · 51%] idx=9600: ✅REAL max=0.450 (54549ms) ETA=10773s
[2026-04-27 16:18:38]   [163/319 · 51%] idx=9689: ✅REAL max=0.290 (50479ms) ETA=10688s
[2026-04-27 16:19:43]   [164/319 · 51%] idx=9712: ✅REAL max=0.300 (63996ms) ETA=10616s
[2026-04-27 16:21:01]   [165/319 · 52%] idx=9786: ✅REAL max=0.280 (77075ms) ETA=10556s
[2026-04-27 16:22:13]   [166/319 · 52%] idx=9807: ✅REAL max=0.390 (71080ms) ETA=10491s
[2026-04-27 16:23:07]   [167/319 · 52%] idx=9813: ✅REAL max=0.612 (52883ms) ETA=10409s
[2026-04-27 16:23:48]   [168/319 · 53%] idx=9870: ✅REAL max=0.620 (40872ms) ETA=10317s
[2026-04-27 16:24:30]   [169/319 · 53%] idx=9889: ✅REAL max=0.500 (40161ms) ETA=10224s
[2026-04-27 16:25:36]   [170/319 · 53%] idx=9908: ✅REAL max=0.250 (65826ms) ETA=10155s
[2026-04-27 16:26:53]   [171/319 · 54%] idx=9944: ✅REAL max=0.290 (75420ms) ETA=10094s
[2026-04-27 16:28:02]   [172/319 · 54%] idx=9982: ✅REAL max=0.563 (68141ms) ETA=10027s
[2026-04-27 16:29:02]   [173/319 · 54%] idx=10221: ✅REAL max=0.345 (58867ms) ETA=9951s
[2026-04-27 16:30:12]   [174/319 · 55%] idx=10299: ✅REAL max=0.500 (69106ms) ETA=9885s
[2026-04-27 16:31:06]   [175/319 · 55%] idx=10315: ✅REAL max=0.300 (53306ms) ETA=9805s
[2026-04-27 16:34:29]   [176/319 · 55%] idx=10373: ✅REAL max=0.300 (80605ms) ETA=9845s
[2026-04-27 16:50:10] [Proc 9] 启动，45秒后开始（避免并发冲突）
[2026-04-27 16:50:55] [数据] 从缓存加载: X_tr=/home/fandy/workplace/thesis/results/soft_labels/kuhar_X_tr.npy
[2026-04-27 16:50:55] [Proc 9] 类 9 (Push-up): 1482样本, 目标400, 已有257, 需生成143
[2026-04-27 16:51:37]   [1/143 · 1%] idx=10378: ✅REAL max=0.459 (42025ms) ETA=5968s
[2026-04-27 16:52:47]   [2/143 · 1%] idx=10412: ✅REAL max=0.240 (68766ms) ETA=7882s
[2026-04-27 16:54:10]   [3/143 · 2%] idx=10430: ✅REAL max=0.635 (81971ms) ETA=9089s
[2026-04-27 16:55:24]   [4/143 · 3%] idx=10453: ✅REAL max=0.280 (73118ms) ETA=9344s
[2026-04-27 16:56:19]   [5/143 · 3%] idx=10456: ✅REAL max=0.620 (54477ms) ETA=8953s
[2026-04-27 16:58:21]   [6/143 · 4%] idx=10564: ✅REAL max=0.380 (42471ms) ETA=10189s
[2026-04-27 17:00:09]   [7/143 · 5%] idx=10578: ✅REAL max=0.250 (106533ms) ETA=10759s
[2026-04-27 17:01:03]   [8/143 · 6%] idx=10626: ✅REAL max=0.293 (53438ms) ETA=10264s
[2026-04-27 17:01:53]   [9/143 · 6%] idx=10636: ✅REAL max=0.260 (49385ms) ETA=9806s
[2026-04-27 17:02:55]   [10/143 · 7%] idx=10678: ✅REAL max=0.315 (60731ms) ETA=9581s
[2026-04-27 17:04:01]   [11/143 · 8%] idx=10714: ✅REAL max=0.200 (65304ms) ETA=9440s
[2026-04-27 17:05:54]   [12/143 · 8%] idx=10723: ✅REAL max=0.400 (111939ms) ETA=9821s
[2026-04-27 17:06:58]   [13/143 · 9%] idx=10777: ✅REAL max=0.400 (62365ms) ETA=9630s
[2026-04-27 17:07:29]   [14/143 · 10%] idx=10794: ✅REAL max=0.600 (30366ms) ETA=9162s
[2026-04-27 19:02:37] [Proc 9] 启动，45秒后开始（避免并发冲突）
[2026-04-27 19:03:22] [数据] 从缓存加载: X_tr=/home/fandy/workplace/thesis/results/soft_labels/kuhar_X_tr.npy
[2026-04-27 19:03:24] [Proc 9] 类 9 (Push-up): 1482样本, 目标400, 已有271, 需生成129
[2026-04-27 20:48:31] [Proc 9] 启动，45秒后开始（避免并发冲突）
[2026-04-27 20:49:16] [数据] 从缓存加载: X_tr=/home/fandy/workplace/thesis/results/soft_labels/kuhar_X_tr.npy
[2026-04-27 20:49:17] [Proc 9] 类 9 (Push-up): 1482样本, 目标400, 已有271, 需生成129
[2026-04-27 20:49:23] [Proc 9] 启动，45秒后开始（避免并发冲突）
[2026-04-27 20:50:10] [数据] 从缓存加载: X_tr=/home/fandy/workplace/thesis/results/soft_labels/kuhar_X_tr.npy
[2026-04-27 20:51:40] [Proc 9] 启动，45秒后开始（避免并发冲突）
[2026-04-27 20:52:25] [数据] 从缓存加载: X_tr=/home/fandy/workplace/thesis/results/soft_labels/kuhar_X_tr.npy
[2026-04-27 20:52:25] [Proc 9] 类 9 (Push-up): 1482样本, 目标400, 已有271, 需生成129
[2026-04-27 20:53:03]   [1/129 · 1%] idx=10837: ✅REAL max=0.210 (38252ms) ETA=4896s
[2026-04-27 20:53:43]   [2/129 · 2%] idx=10856: ✅REAL max=0.550 (38849ms) ETA=4960s
[2026-04-27 20:54:33]   [3/129 · 2%] idx=10861: ✅REAL max=0.535 (49253ms) ETA=5391s
[2026-04-27 20:55:18]   [4/129 · 3%] idx=10968: ✅REAL max=0.300 (43313ms) ETA=5396s
[2026-04-27 20:55:53]   [5/129 · 4%] idx=11028: ✅REAL max=0.550 (34217ms) ETA=5156s
[2026-04-27 20:56:45]   [6/129 · 5%] idx=11060: ✅REAL max=0.370 (51150ms) ETA=5331s
[2026-04-27 20:57:32]   [7/129 · 5%] idx=11098: ✅REAL max=0.290 (45676ms) ETA=5346s
[2026-04-27 20:58:13]   [8/129 · 6%] idx=11153: ✅REAL max=0.364 (40264ms) ETA=5264s
[2026-04-27 20:59:00]   [9/129 · 7%] idx=11181: ✅REAL max=0.280 (46289ms) ETA=5271s
[2026-04-27 21:00:06]   [10/129 · 8%] idx=11229: ✅REAL max=0.440 (64917ms) ETA=5489s
[2026-04-27 21:02:22]   [11/129 · 9%] idx=11241: ✅REAL max=0.550 (55488ms) ETA=6404s
[2026-04-27 21:03:38]   [12/129 · 9%] idx=11290: ✅REAL max=0.550 (74910ms) ETA=6561s
[2026-04-27 21:04:35]   [13/129 · 10%] idx=11296: ✅REAL max=0.305 (56160ms) ETA=6514s
[2026-04-27 21:05:53]   [14/129 · 11%] idx=11336: ✅REAL max=0.350 (76443ms) ETA=6633s
[2026-04-27 21:06:53]   [15/129 · 12%] idx=11352: ✅REAL max=0.450 (59001ms) ETA=6593s
[2026-04-27 21:07:25]   [16/129 · 12%] idx=11357: ✅REAL max=0.780 (30964ms) ETA=6353s
[2026-04-27 21:08:35]   [17/129 · 13%] idx=11361: ✅REAL max=0.270 (69313ms) ETA=6389s
[2026-04-27 21:09:38]   [18/129 · 14%] idx=11380: ✅REAL max=0.559 (62403ms) ETA=6371s
[2026-04-27 21:11:40]   [19/129 · 15%] idx=11431: ✅REAL max=0.342 (43973ms) ETA=6685s
[2026-04-27 21:12:15]   [20/129 · 16%] idx=11469: ✅REAL max=0.700 (33966ms) ETA=6483s
[2026-04-27 21:12:15]   💾 [20/129] 进度已保存
[2026-04-27 21:14:34]   [21/129 · 16%] idx=11550: ✅REAL max=0.290 (54757ms) ETA=6833s
[2026-04-27 21:15:01]   [22/129 · 17%] idx=11576: ✅REAL max=0.400 (26506ms) ETA=6596s
[2026-04-27 21:15:55]   [23/129 · 18%] idx=11599: ✅REAL max=0.650 (52672ms) ETA=6498s
[2026-04-27 21:17:14]   [24/129 · 19%] idx=11691: ✅REAL max=0.450 (78446ms) ETA=6516s
[2026-04-27 21:17:59]   [25/129 · 19%] idx=11757: ✅REAL max=0.330 (43381ms) ETA=6380s
[2026-04-27 21:18:47]   [26/129 · 20%] idx=11769: ✅REAL max=0.260 (47533ms) ETA=6268s
[2026-04-27 21:19:23]   [27/129 · 21%] idx=11832: ✅REAL max=0.450 (34195ms) ETA=6110s
[2026-04-27 21:20:42]   [28/129 · 22%] idx=11850: ✅REAL max=0.380 (78320ms) ETA=6120s
[2026-04-27 21:21:32]   [29/129 · 22%] idx=11854: ✅REAL max=0.310 (49497ms) ETA=6025s
[2026-04-27 21:23:59]   [30/129 · 23%] idx=11919: ✅REAL max=0.750 (63742ms) ETA=6251s
[2026-04-27 21:24:46]   [31/129 · 24%] idx=11933: ✅REAL max=0.550 (45919ms) ETA=6136s
[2026-04-27 21:25:32]   [32/129 · 25%] idx=11937: ✅REAL max=0.200 (44587ms) ETA=6022s
[2026-04-27 21:28:30]   [33/129 · 26%] idx=11985: ✅REAL max=0.325 (64049ms) ETA=6297s
[2026-04-27 21:29:35]   [34/129 · 26%] idx=11993: ✅REAL max=0.250 (64799ms) ETA=6232s
[2026-04-27 21:30:29]   [35/129 · 27%] idx=12065: ✅REAL max=0.493 (52893ms) ETA=6135s
[2026-04-27 21:31:04]   [36/129 · 28%] idx=12072: ✅REAL max=0.780 (33882ms) ETA=5991s
[2026-04-27 21:31:41]   [37/129 · 29%] idx=12078: ✅REAL max=0.313 (36044ms) ETA=5859s
[2026-04-27 21:32:41]   [38/129 · 29%] idx=12081: ✅REAL max=0.400 (58427ms) ETA=5785s
[2026-04-27 21:33:53]   [39/129 · 30%] idx=12144: ✅REAL max=0.350 (71494ms) ETA=5742s
[2026-04-27 21:35:27]   [40/129 · 31%] idx=12152: ✅REAL max=0.400 (92437ms) ETA=5744s
[2026-04-27 21:35:27]   💾 [40/129] 进度已保存
[2026-04-27 21:36:15]   [41/129 · 32%] idx=12176: ✅REAL max=0.300 (47725ms) ETA=5646s
[2026-04-27 21:38:01]   [42/129 · 33%] idx=12249: ✅REAL max=0.400 (104702ms) ETA=5667s
[2026-04-27 21:38:45]   [43/129 · 33%] idx=12283: ✅REAL max=0.400 (43170ms) ETA=5560s
[2026-04-27 21:39:40]   [44/129 · 34%] idx=12286: ✅REAL max=0.200 (53711ms) ETA=5477s
[2026-04-27 21:40:27]   [45/129 · 35%] idx=12287: ✅REAL max=0.400 (45702ms) ETA=5379s
[2026-04-27 21:41:03]   [46/129 · 36%] idx=12295: ✅REAL max=0.561 (35513ms) ETA=5265s
[2026-04-27 21:41:49]   [47/129 · 36%] idx=12381: ✅REAL max=0.310 (44715ms) ETA=5171s
[2026-04-27 21:42:24]   [48/129 · 37%] idx=12383: ✅REAL max=0.340 (33693ms) ETA=5060s
[2026-04-27 21:44:13]   [49/129 · 38%] idx=12401: ✅REAL max=0.250 (108080ms) ETA=5074s
[2026-04-27 21:45:15]   [50/129 · 39%] idx=12456: ✅REAL max=0.330 (60944ms) ETA=5008s
[2026-04-27 21:45:57]   [51/129 · 40%] idx=12509: ✅REAL max=0.250 (41618ms) ETA=4913s
[2026-04-27 21:46:25]   [52/129 · 40%] idx=12534: ✅REAL max=0.650 (27086ms) ETA=4798s
[2026-04-27 21:47:20]   [53/129 · 41%] idx=12535: ✅REAL max=0.300 (53979ms) ETA=4725s
[2026-04-27 21:48:06]   [54/129 · 42%] idx=12732: ✅REAL max=0.320 (44523ms) ETA=4640s
[2026-04-27 21:49:58]   [55/129 · 43%] idx=12767: ✅REAL max=0.469 (111001ms) ETA=4646s
[2026-04-27 21:51:27]   [56/129 · 43%] idx=12813: ✅REAL max=0.350 (88112ms) ETA=4617s
[2026-04-27 21:53:09]   [57/129 · 44%] idx=12848: ✅REAL max=0.200 (100807ms) ETA=4603s
[2026-04-27 21:54:24]   [58/129 · 45%] idx=12914: ✅REAL max=0.700 (73713ms) ETA=4552s
[2026-04-27 21:55:51]   [59/129 · 46%] idx=12920: ✅REAL max=0.700 (86576ms) ETA=4516s
[2026-04-27 21:56:53]   [60/129 · 47%] idx=12924: ✅REAL max=0.560 (61148ms) ETA=4448s
[2026-04-27 21:56:53]   💾 [60/129] 进度已保存
[2026-04-27 21:57:42]   [61/129 · 47%] idx=12933: ✅REAL max=0.400 (47330ms) ETA=4366s
[2026-04-27 21:58:18]   [62/129 · 48%] idx=13030: ✅REAL max=0.500 (35332ms) ETA=4272s
[2026-04-27 21:58:50]   [63/129 · 49%] idx=13044: ✅REAL max=0.550 (30664ms) ETA=4174s
[2026-04-27 21:59:18]   [64/129 · 50%] idx=13057: ✅REAL max=0.540 (27771ms) ETA=4076s
[2026-04-27 22:00:06]   [65/129 · 50%] idx=13064: ✅REAL max=0.365 (46700ms) ETA=3999s
[2026-04-27 22:01:29]   [66/129 · 51%] idx=13124: ✅REAL max=0.350 (81966ms) ETA=3956s
[2026-04-27 22:02:24]   [67/129 · 52%] idx=13253: ✅REAL max=0.400 (53792ms) ETA=3885s
[2026-04-27 22:03:27]   [68/129 · 53%] idx=13302: ✅REAL max=0.370 (62514ms) ETA=3824s
[2026-04-27 22:05:06]   [69/129 · 53%] idx=13324: ✅REAL max=0.400 (97288ms) ETA=3792s
[2026-04-27 22:06:01]   [70/129 · 54%] idx=13327: ✅REAL max=0.600 (53922ms) ETA=3722s
[2026-04-27 22:06:46]   [71/129 · 55%] idx=13364: ✅REAL max=0.300 (44111ms) ETA=3644s
[2026-04-27 22:07:36]   [72/129 · 56%] idx=13383: ✅REAL max=0.300 (48925ms) ETA=3571s
[2026-04-27 22:08:38]   [73/129 · 57%] idx=13390: ✅REAL max=0.430 (61104ms) ETA=3508s
[2026-04-27 22:09:12]   [74/129 · 57%] idx=13401: ✅REAL max=0.365 (33332ms) ETA=3424s
[2026-04-27 22:10:41]   [75/129 · 58%] idx=13508: ✅REAL max=0.650 (87697ms) ETA=3381s
[2026-04-27 22:11:45]   [76/129 · 59%] idx=13550: ✅REAL max=0.350 (63022ms) ETA=3319s
[2026-04-27 22:15:17]   [77/129 · 60%] idx=13598: ✅REAL max=0.550 (91807ms) ETA=3358s
[2026-04-27 22:16:36]   [78/129 · 60%] idx=13638: ✅REAL max=0.290 (77409ms) ETA=3302s
[2026-04-27 22:17:30]   [79/129 · 61%] idx=13640: ✅REAL max=0.360 (53707ms) ETA=3231s
[2026-04-27 22:19:42]   [80/129 · 62%] idx=13667: ✅REAL max=0.350 (68055ms) ETA=3208s
[2026-04-27 22:19:42]   💾 [80/129] 进度已保存
[2026-04-27 22:20:53]   [81/129 · 63%] idx=13674: ✅REAL max=0.600 (69493ms) ETA=3145s
[2026-04-27 22:23:35]   [82/129 · 64%] idx=13692: ✅REAL max=0.500 (161017ms) ETA=3135s
[2026-04-27 22:24:49]   [83/129 · 64%] idx=13713: ✅REAL max=0.556 (73489ms) ETA=3073s
[2026-04-27 22:25:48]   [84/129 · 65%] idx=13745: ✅REAL max=0.608 (57620ms) ETA=3001s
[2026-04-27 22:26:31]   [85/129 · 66%] idx=13753: ✅REAL max=0.580 (42519ms) ETA=2923s
[2026-04-27 22:27:18]   [86/129 · 67%] idx=13754: ✅REAL max=0.450 (45927ms) ETA=2847s
[2026-04-27 22:28:16]   [87/129 · 67%] idx=13765: ✅REAL max=0.500 (56414ms) ETA=2776s
[2026-04-27 22:28:42]   [88/129 · 68%] idx=13785: ✅REAL max=0.320 (25323ms) ETA=2691s
[2026-04-27 22:29:31]   [89/129 · 69%] idx=13810: ✅REAL max=0.350 (48266ms) ETA=2618s
[2026-04-27 22:31:07]   [90/129 · 70%] idx=13826: ✅REAL max=0.350 (95064ms) ETA=2566s
[2026-04-27 22:31:50]   [91/129 · 71%] idx=13878: ✅REAL max=0.550 (41723ms) ETA=2491s
[2026-04-27 22:32:41]   [92/129 · 71%] idx=13907: ✅REAL max=0.200 (49842ms) ETA=2419s
[2026-04-27 22:33:17]   [93/129 · 72%] idx=13930: ✅REAL max=0.300 (35596ms) ETA=2343s
[2026-04-27 22:34:02]   [94/129 · 73%] idx=13938: ✅REAL max=0.490 (43055ms) ETA=2270s
[2026-04-27 22:34:59]   [95/129 · 74%] idx=13941: ✅REAL max=0.240 (56593ms) ETA=2202s
[2026-04-27 22:35:48]   [96/129 · 74%] idx=13988: ✅REAL max=0.300 (48181ms) ETA=2132s
[2026-04-27 22:36:59]   [97/129 · 75%] idx=14070: ✅REAL max=0.500 (69548ms) ETA=2070s
[2026-04-27 22:37:49]   [98/129 · 76%] idx=14090: ✅REAL max=0.450 (49077ms) ETA=2000s
[2026-04-27 22:39:30]   [99/129 · 77%] idx=14147: ✅REAL max=0.191 (100017ms) ETA=1947s
[2026-04-27 22:40:53]   [100/129 · 78%] idx=14212: ✅REAL max=0.451 (82308ms) ETA=1887s
[2026-04-27 22:40:53]   💾 [100/129] 进度已保存
[2026-04-27 22:41:27]   [101/129 · 78%] idx=14309: ✅REAL max=0.380 (33003ms) ETA=1814s
[2026-04-27 22:42:03]   [102/129 · 79%] idx=14346: ✅REAL max=0.770 (34600ms) ETA=1741s
[2026-04-27 22:43:20]   [103/129 · 80%] idx=14372: ✅REAL max=0.300 (75871ms) ETA=1680s
[2026-04-27 22:43:52]   [104/129 · 81%] idx=14410: ✅REAL max=0.500 (31526ms) ETA=1607s
[2026-04-27 22:44:44]   [105/129 · 81%] idx=14551: ✅REAL max=0.455 (51066ms) ETA=1540s
[2026-04-27 22:45:23]   [106/129 · 82%] idx=14581: ✅REAL max=0.370 (37273ms) ETA=1471s
[2026-04-27 22:46:11]   [107/129 · 83%] idx=14630: ✅REAL max=0.290 (47137ms) ETA=1403s
[2026-04-27 22:46:55]   [108/129 · 84%] idx=14648: ✅REAL max=0.480 (43361ms) ETA=1336s
[2026-04-27 22:47:45]   [109/129 · 84%] idx=14652: ✅REAL max=0.600 (48843ms) ETA=1270s
[2026-04-27 22:48:17]   [110/129 · 85%] idx=14767: ✅REAL max=0.778 (31136ms) ETA=1201s
[2026-04-27 22:48:55]   [111/129 · 86%] idx=14774: ✅REAL max=0.350 (37298ms) ETA=1134s
[2026-04-27 22:49:46]   [112/129 · 87%] idx=14781: ✅REAL max=0.450 (49882ms) ETA=1069s
[2026-04-27 22:50:30]   [113/129 · 88%] idx=14795: ✅REAL max=0.250 (42190ms) ETA=1003s
[2026-04-27 22:51:18]   [114/129 · 88%] idx=14851: ✅REAL max=0.717 (47047ms) ETA=938s
[2026-04-27 22:52:40]   [115/129 · 89%] idx=14977: ✅REAL max=0.490 (81033ms) ETA=878s
[2026-04-27 22:53:41]   [116/129 · 90%] idx=15034: ✅REAL max=0.340 (60535ms) ETA=815s
[2026-04-27 22:54:45]   [117/129 · 91%] idx=15247: ✅REAL max=0.320 (62586ms) ETA=753s
[2026-04-27 22:55:28]   [118/129 · 91%] idx=15252: ✅REAL max=0.630 (42636ms) ETA=688s
[2026-04-27 22:56:04]   [119/129 · 92%] idx=15278: ✅REAL max=0.370 (34193ms) ETA=623s
[2026-04-27 22:57:05]   [120/129 · 93%] idx=15287: ✅REAL max=0.450 (60043ms) ETA=561s
[2026-04-27 22:57:05]   💾 [120/129] 进度已保存
[2026-04-27 22:58:01]   [121/129 · 94%] idx=15320: ✅REAL max=0.350 (55691ms) ETA=498s
[2026-04-27 22:58:53]   [122/129 · 95%] idx=15429: ✅REAL max=0.441 (50857ms) ETA=435s
[2026-04-27 23:00:11]   [123/129 · 95%] idx=15472: ✅REAL max=0.580 (77288ms) ETA=374s
[2026-04-27 23:00:57]   [124/129 · 96%] idx=15498: ✅REAL max=0.555 (44233ms) ETA=311s
[2026-04-27 23:02:23]   [125/129 · 97%] idx=15529: ✅REAL max=0.364 (84918ms) ETA=250s
[2026-04-27 23:03:25]   [126/129 · 98%] idx=15572: ✅REAL max=0.300 (61580ms) ETA=187s
[2026-04-27 23:04:16]   [127/129 · 98%] idx=15583: ✅REAL max=0.400 (49392ms) ETA=125s
[2026-04-27 23:07:38]   [128/129 · 99%] idx=15638: ✅REAL max=0.260 (201150ms) ETA=63s
[2026-04-27 23:08:34]   [129/129 · 100%] idx=15678: ✅REAL max=0.400 (55548ms) ETA=0s
[2026-04-27 23:08:35] [Proc 9] ✅ 类 9 (Push-up) 完成: 400/400 耗时8170s
[2026-04-27 23:08:35] [Proc 9] 全部完成 → /home/fandy/workplace/thesis/results/soft_labels/kuhar_soft_proc9.npy
[2026-04-28 00:05:15] [Proc 9] 启动，45秒后开始（避免并发冲突）
[2026-04-28 00:06:00] [数据] 从缓存加载: X_tr=/home/fandy/workplace/thesis/results/soft_labels/kuhar_X_tr.npy
[2026-04-28 00:06:00] [Proc 9] 类 9 已完成，跳过
[2026-04-28 00:06:00] [Proc 9] 全部完成 → /home/fandy/workplace/thesis/results/soft_labels/kuhar_soft_proc9.npy
[2026-04-28 00:13:16] [Proc 9] 启动，45秒后开始（避免并发冲突）
[2026-04-28 00:14:01] [数据] 从缓存加载: X_tr=/home/fandy/workplace/thesis/results/soft_labels/kuhar_X_tr.npy
[2026-04-28 00:14:01] [Proc 9] 类 9 已完成，跳过
[2026-04-28 00:14:01] [Proc 9] 全部完成 → /home/fandy/workplace/thesis/results/soft_labels/kuhar_soft_proc9.npy
[2026-04-28 00:23:55] [Proc 9] 启动，45秒后开始（避免并发冲突）
[2026-04-28 00:24:40] [数据] 从缓存加载: X_tr=/home/fandy/workplace/thesis/results/soft_labels/kuhar_X_tr.npy
[2026-04-28 00:24:40] [Proc 9] 类 9 已完成，跳过
[2026-04-28 00:24:40] [Proc 9] 全部完成 → /home/fandy/workplace/thesis/results/soft_labels/kuhar_soft_proc9.npy
