[2026-04-27 10:42:53] [Proc 15] 启动，75秒后开始（避免并发冲突）
[2026-04-27 10:44:08] [数据] 从缓存加载: X_tr=/home/fandy/workplace/thesis/results/soft_labels/kuhar_X_tr.npy
[2026-04-27 10:44:08] [Proc 15] 类 15 (Stair-up): 2475样本, 目标400, 已有0, 需生成400
[2026-04-27 10:45:08]   [1/400 · 0%] idx=4: ✅REAL max=0.300 (60739ms) ETA=24235s
[2026-04-27 10:45:56]   [2/400 · 0%] idx=49: ✅REAL max=0.300 (46319ms) ETA=21505s
[2026-04-27 10:46:50]   [3/400 · 1%] idx=56: ✅REAL max=0.403 (52891ms) ETA=21433s
[2026-04-27 10:47:31]   [4/400 · 1%] idx=87: ✅REAL max=0.485 (40743ms) ETA=20167s
[2026-04-27 10:47:59]   [5/400 · 1%] idx=99: ✅REAL max=0.450 (26612ms) ETA=18275s
[2026-04-27 10:48:50]   [6/400 · 2%] idx=154: ✅REAL max=0.230 (49695ms) ETA=18520s
[2026-04-27 10:50:03]   [7/400 · 2%] idx=205: ✅REAL max=0.310 (71990ms) ETA=19932s
[2026-04-27 10:51:10]   [8/400 · 2%] idx=210: ✅REAL max=0.450 (66247ms) ETA=20692s
[2026-04-27 10:52:20]   [9/400 · 2%] idx=222: ✅REAL max=0.430 (68657ms) ETA=21375s
[2026-04-27 10:53:36]   [10/400 · 2%] idx=223: ✅REAL max=0.700 (71478ms) ETA=22125s
[2026-04-27 11:22:06]   [11/400 · 3%] idx=235: ✅REAL max=0.550 (331626ms) ETA=79141s
[2026-04-27 11:32:50] [Proc 15] 启动，75秒后开始（避免并发冲突）
[2026-04-27 11:34:05] [数据] 从缓存加载: X_tr=/home/fandy/workplace/thesis/results/soft_labels/kuhar_X_tr.npy
[2026-04-27 11:34:05] [Proc 15] 类 15 (Stair-up): 2475样本, 目标400, 已有11, 需生成389
[2026-04-27 11:35:08]   [1/389 · 0%] idx=254: ✅REAL max=0.440 (62604ms) ETA=24290s
[2026-04-27 11:36:04]   [2/389 · 1%] idx=278: ✅REAL max=0.434 (55059ms) ETA=22963s
[2026-04-27 11:36:49]   [3/389 · 1%] idx=321: ✅REAL max=0.250 (44255ms) ETA=21092s
[2026-04-27 11:37:57]   [4/389 · 1%] idx=336: ✅REAL max=0.450 (66407ms) ETA=22267s
[2026-04-27 11:38:39]   [5/389 · 1%] idx=358: ✅REAL max=0.350 (41645ms) ETA=21043s
[2026-04-27 11:39:31]   [6/389 · 2%] idx=378: ✅REAL max=0.480 (50275ms) ETA=20763s
[2026-04-27 11:41:10]   [7/389 · 2%] idx=384: ✅REAL max=0.727 (98294ms) ETA=23169s
[2026-04-27 11:42:00]   [8/389 · 2%] idx=413: ✅REAL max=0.450 (48691ms) ETA=22587s
[2026-04-27 11:42:51]   [9/389 · 2%] idx=467: ✅REAL max=0.586 (50621ms) ETA=22204s
[2026-04-27 11:44:43]   [10/389 · 3%] idx=474: ✅REAL max=0.450 (35758ms) ETA=24170s
[2026-04-27 11:46:02]   [11/389 · 3%] idx=477: ✅REAL max=0.350 (77949ms) ETA=24628s
[2026-04-27 11:47:15]   [12/389 · 3%] idx=487: ✅REAL max=0.305 (71525ms) ETA=24795s
[2026-04-27 11:48:02]   [13/389 · 3%] idx=501: ✅REAL max=0.200 (46239ms) ETA=24193s
[2026-04-27 11:48:48]   [14/389 · 4%] idx=586: ✅REAL max=0.380 (45319ms) ETA=23646s
[2026-04-27 11:49:30]   [15/389 · 4%] idx=591: ✅REAL max=0.290 (41228ms) ETA=23064s
[2026-04-27 11:50:17]   [16/389 · 4%] idx=651: ✅REAL max=0.450 (45884ms) ETA=22658s
[2026-04-27 11:52:29]   [17/389 · 4%] idx=702: ✅REAL max=0.350 (43678ms) ETA=24142s
[2026-04-27 11:53:06]   [18/389 · 5%] idx=715: ✅REAL max=0.550 (36353ms) ETA=23510s
[2026-04-27 11:53:50]   [19/389 · 5%] idx=723: ✅REAL max=0.471 (43253ms) ETA=23074s
[2026-04-27 11:54:57]   [20/389 · 5%] idx=726: ✅REAL max=0.373 (65260ms) ETA=23084s
[2026-04-27 11:54:57]   💾 [20/389] 进度已保存
[2026-04-27 11:55:52]   [21/389 · 5%] idx=750: ✅REAL max=0.730 (54862ms) ETA=22904s
[2026-04-27 11:56:28]   [22/389 · 6%] idx=770: ✅REAL max=0.380 (34247ms) ETA=22391s
[2026-04-27 11:57:25]   [23/389 · 6%] idx=836: ✅REAL max=0.700 (56111ms) ETA=22268s
[2026-04-27 11:58:19]   [24/389 · 6%] idx=886: ✅REAL max=0.385 (53295ms) ETA=22108s
[2026-04-27 11:58:59]   [25/389 · 6%] idx=891: ✅REAL max=0.730 (38606ms) ETA=21742s
[2026-04-27 11:59:58]   [26/389 · 7%] idx=900: ✅REAL max=0.455 (58720ms) ETA=21683s
[2026-04-27 12:00:48]   [27/389 · 7%] idx=926: ✅REAL max=0.240 (49011ms) ETA=21493s
[2026-04-27 12:02:11]   [28/389 · 7%] idx=928: ✅REAL max=0.450 (81203ms) ETA=21728s
[2026-04-27 12:03:09]   [29/389 · 7%] idx=960: ✅REAL max=0.313 (57546ms) ETA=21647s
[2026-04-27 12:03:48]   [30/389 · 8%] idx=1001: ✅REAL max=0.700 (38204ms) ETA=21337s
[2026-04-27 12:04:43]   [31/389 · 8%] idx=1036: ✅REAL max=0.140 (53530ms) ETA=21221s
[2026-04-27 12:05:56]   [32/389 · 8%] idx=1060: ✅REAL max=0.330 (71798ms) ETA=21312s
[2026-04-27 12:07:09]   [33/389 · 8%] idx=1086: ✅REAL max=0.384 (72690ms) ETA=21404s
[2026-04-27 12:08:02]   [34/389 · 9%] idx=1144: ✅REAL max=0.340 (51396ms) ETA=21263s
[2026-04-27 12:08:55]   [35/389 · 9%] idx=1153: ✅REAL max=0.650 (52517ms) ETA=21138s
[2026-04-27 12:09:48]   [36/389 · 9%] idx=1193: ✅REAL max=0.450 (51973ms) ETA=21013s
[2026-04-27 12:10:33]   [37/389 · 10%] idx=1206: ✅REAL max=0.350 (43783ms) ETA=20813s
[2026-04-27 12:11:23]   [38/389 · 10%] idx=1228: ✅REAL max=0.550 (48743ms) ETA=20667s
[2026-04-27 12:12:15]   [39/389 · 10%] idx=1234: ✅REAL max=0.650 (51492ms) ETA=20551s
[2026-04-27 12:13:31]   [40/389 · 10%] idx=1261: ✅REAL max=0.455 (74632ms) ETA=20640s
[2026-04-27 12:13:31]   💾 [40/389] 进度已保存
[2026-04-27 12:14:08]   [41/389 · 11%] idx=1301: ✅REAL max=0.450 (35631ms) ETA=20390s
[2026-04-27 12:15:26]   [42/389 · 11%] idx=1312: ✅REAL max=0.375 (77614ms) ETA=20497s
[2026-04-27 12:16:27]   [43/389 · 11%] idx=1323: ✅REAL max=0.444 (59677ms) ETA=20451s
[2026-04-27 12:17:11]   [44/389 · 11%] idx=1375: ✅REAL max=0.310 (43212ms) ETA=20275s
[2026-04-27 12:17:43]   [45/389 · 12%] idx=1377: ✅REAL max=0.700 (30684ms) ETA=20009s
[2026-04-27 12:18:40]   [46/389 · 12%] idx=1387: ✅REAL max=0.556 (56291ms) ETA=19944s
[2026-04-27 12:19:40]   [47/389 · 12%] idx=1388: ✅REAL max=0.440 (58904ms) ETA=19899s
[2026-04-27 12:20:29]   [48/389 · 12%] idx=1409: ✅REAL max=0.700 (48093ms) ETA=19776s
[2026-04-27 12:21:18]   [49/389 · 13%] idx=1416: ✅REAL max=0.550 (47990ms) ETA=19656s
[2026-04-27 12:22:21]   [50/389 · 13%] idx=1418: ✅REAL max=0.620 (61949ms) ETA=19633s
[2026-04-27 12:23:19]   [51/389 · 13%] idx=1467: ✅REAL max=0.300 (57071ms) ETA=19576s
[2026-04-27 12:23:53]   [52/389 · 13%] idx=1469: ✅REAL max=0.420 (33015ms) ETA=19363s
[2026-04-27 12:24:45]   [53/389 · 14%] idx=1522: ✅REAL max=0.500 (50390ms) ETA=19267s
[2026-04-27 12:25:29]   [54/389 · 14%] idx=1546: ✅REAL max=0.390 (43153ms) ETA=19128s
[2026-04-27 12:26:29]   [55/389 · 14%] idx=1568: ✅REAL max=0.240 (59356ms) ETA=19091s
[2026-04-27 12:27:35]   [56/389 · 14%] idx=1570: ✅REAL max=0.530 (64766ms) ETA=19085s
[2026-04-27 12:28:22]   [57/389 · 15%] idx=1636: ✅REAL max=0.603 (45721ms) ETA=18966s
[2026-04-27 12:29:19]   [58/389 · 15%] idx=1649: ✅REAL max=0.420 (55957ms) ETA=18908s
[2026-04-27 12:30:15]   [59/389 · 15%] idx=1735: ✅REAL max=0.556 (54999ms) ETA=18845s
[2026-04-27 12:31:33]   [60/389 · 15%] idx=1750: ✅REAL max=0.350 (77864ms) ETA=18907s
[2026-04-27 12:31:33]   💾 [60/389] 进度已保存
[2026-04-27 12:32:38]   [61/389 · 16%] idx=1783: ✅REAL max=0.500 (63922ms) ETA=18889s
[2026-04-27 12:33:37]   [62/389 · 16%] idx=1794: ✅REAL max=0.480 (57973ms) ETA=18839s
[2026-04-27 12:34:22]   [63/389 · 16%] idx=1795: ✅REAL max=0.556 (43401ms) ETA=18713s
[2026-04-27 12:36:34]   [64/389 · 16%] idx=1810: ✅REAL max=0.430 (34374ms) ETA=19035s
[2026-04-27 12:37:35]   [65/389 · 17%] idx=1850: ✅REAL max=0.550 (60512ms) ETA=18991s
[2026-04-27 12:38:36]   [66/389 · 17%] idx=1852: ✅REAL max=0.303 (59566ms) ETA=18942s
[2026-04-27 12:39:05]   [67/389 · 17%] idx=1911: ✅REAL max=0.456 (27980ms) ETA=18741s
[2026-04-27 12:39:50]   [68/389 · 17%] idx=1918: ✅REAL max=0.590 (43814ms) ETA=18619s
[2026-04-27 12:40:56]   [69/389 · 18%] idx=2018: ✅REAL max=0.410 (65062ms) ETA=18599s
[2026-04-27 12:42:18]   [70/389 · 18%] idx=2021: ✅REAL max=0.500 (81184ms) ETA=18650s
[2026-04-27 12:43:02]   [71/389 · 18%] idx=2022: ✅REAL max=0.240 (43509ms) ETA=18529s
[2026-04-27 12:43:43]   [72/389 · 19%] idx=2029: ✅REAL max=0.350 (39983ms) ETA=18395s
[2026-04-27 12:44:25]   [73/389 · 19%] idx=2043: ✅REAL max=0.555 (40892ms) ETA=18267s
[2026-04-27 12:48:39]   [74/389 · 19%] idx=2045: ✅REAL max=0.445 (64302ms) ETA=19043s
[2026-04-27 12:49:40]   [75/389 · 19%] idx=2070: ✅REAL max=0.220 (59539ms) ETA=18983s
[2026-04-27 12:50:16]   [76/389 · 20%] idx=2076: ✅REAL max=0.450 (35310ms) ETA=18823s
[2026-04-27 12:50:56]   [77/389 · 20%] idx=2111: ✅REAL max=0.300 (39281ms) ETA=18683s
[2026-04-27 12:51:32]   [78/389 · 20%] idx=2113: ✅REAL max=0.550 (34512ms) ETA=18526s
[2026-04-27 12:52:14]   [79/389 · 20%] idx=2158: ✅REAL max=0.500 (41563ms) ETA=18399s
[2026-04-27 12:53:08]   [80/389 · 21%] idx=2182: ✅REAL max=0.440 (52361ms) ETA=18317s
[2026-04-27 12:53:08]   💾 [80/389] 进度已保存
[2026-04-27 12:55:01]   [81/389 · 21%] idx=2187: ✅REAL max=0.343 (112055ms) ETA=18462s
[2026-04-27 12:55:44]   [82/389 · 21%] idx=2188: ✅REAL max=0.480 (42500ms) ETA=18341s
[2026-04-27 12:56:24]   [83/389 · 21%] idx=2223: ✅REAL max=0.249 (38730ms) ETA=18207s
[2026-04-27 12:57:17]   [84/389 · 22%] idx=2325: ✅REAL max=0.550 (52523ms) ETA=18126s
[2026-04-27 12:58:13]   [85/389 · 22%] idx=2329: ✅REAL max=0.350 (54908ms) ETA=18054s
[2026-04-27 12:59:09]   [86/389 · 22%] idx=2347: ✅REAL max=0.280 (55081ms) ETA=17983s
[2026-04-27 12:59:53]   [87/389 · 22%] idx=2356: ✅REAL max=0.450 (42865ms) ETA=17870s
[2026-04-27 13:00:38]   [88/389 · 23%] idx=2363: ✅REAL max=0.380 (44170ms) ETA=17763s
[2026-04-27 13:02:05]   [89/389 · 23%] idx=2381: ✅REAL max=0.350 (85144ms) ETA=17795s
[2026-04-27 13:11:57] [Proc 15] 启动，75秒后开始（避免并发冲突）
[2026-04-27 13:13:12] [数据] 从缓存加载: X_tr=/home/fandy/workplace/thesis/results/soft_labels/kuhar_X_tr.npy
[2026-04-27 13:13:12] [Proc 15] 类 15 (Stair-up): 2475样本, 目标400, 已有100, 需生成300
[2026-04-27 13:13:58]   [1/300 · 0%] idx=2384: ✅REAL max=0.380 (45644ms) ETA=13648s
[2026-04-27 13:14:47]   [2/300 · 1%] idx=2399: ✅REAL max=0.500 (47761ms) ETA=14067s
[2026-04-27 13:15:41]   [3/300 · 1%] idx=2418: ✅REAL max=0.300 (53002ms) ETA=14693s
[2026-04-27 13:16:29]   [4/300 · 1%] idx=2463: ✅REAL max=0.400 (47784ms) ETA=14593s
[2026-04-27 13:17:44]   [5/300 · 2%] idx=2504: ✅REAL max=0.450 (73290ms) ETA=16019s
[2026-04-27 13:18:16]   [6/300 · 2%] idx=2510: ✅REAL max=0.663 (31697ms) ETA=14906s
[2026-04-27 13:19:25]   [7/300 · 2%] idx=2519: ✅REAL max=0.400 (67421ms) ETA=15597s
[2026-04-27 13:21:56]   [8/300 · 3%] idx=2540: ✅REAL max=0.430 (83638ms) ETA=19119s
[2026-04-27 13:22:47]   [9/300 · 3%] idx=2541: ✅REAL max=0.450 (50134ms) ETA=18590s
[2026-04-27 13:23:26]   [10/300 · 3%] idx=2555: ✅REAL max=0.440 (37781ms) ETA=17799s
[2026-04-27 13:24:26]   [11/300 · 4%] idx=2587: ✅REAL max=0.290 (59089ms) ETA=17704s
[2026-04-27 13:25:29]   [12/300 · 4%] idx=2598: ✅REAL max=0.530 (62265ms) ETA=17691s
[2026-04-27 13:25:59]   [13/300 · 4%] idx=2632: ✅REAL max=0.850 (29109ms) ETA=16938s
[2026-04-27 13:27:00]   [14/300 · 5%] idx=2638: ✅REAL max=0.440 (59385ms) ETA=16907s
[2026-04-27 13:27:35]   [15/300 · 5%] idx=2644: ✅REAL max=0.300 (34547ms) ETA=16400s
[2026-04-27 13:28:59]   [16/300 · 5%] idx=2656: ✅REAL max=0.550 (82481ms) ETA=16803s
[2026-04-27 13:29:45]   [17/300 · 6%] idx=2708: ✅REAL max=0.535 (45666ms) ETA=16536s
[2026-04-27 13:30:43]   [18/300 · 6%] idx=2710: ✅REAL max=0.200 (56638ms) ETA=16465s
[2026-04-27 13:32:06]   [19/300 · 6%] idx=2720: ✅REAL max=0.380 (81717ms) ETA=16767s
[2026-04-27 13:33:05]   [20/300 · 7%] idx=2722: ✅REAL max=0.305 (57667ms) ETA=16693s
[2026-04-27 13:33:05]   💾 [20/300] 进度已保存
[2026-04-27 13:34:25]   [21/300 · 7%] idx=2792: ✅REAL max=0.500 (79463ms) ETA=16910s
[2026-04-27 13:35:12]   [22/300 · 7%] idx=2812: ✅REAL max=0.400 (45586ms) ETA=16673s
[2026-04-27 13:35:49]   [23/300 · 8%] idx=2846: ✅REAL max=0.535 (36528ms) ETA=16342s
[2026-04-27 13:36:40]   [24/300 · 8%] idx=2872: ✅REAL max=0.606 (49859ms) ETA=16190s
[2026-04-27 13:37:27]   [25/300 · 8%] idx=2933: ✅REAL max=0.290 (46044ms) ETA=16003s
[2026-04-27 13:38:32]   [26/300 · 9%] idx=2967: ✅REAL max=0.300 (64217ms) ETA=16019s
[2026-04-27 13:39:17]   [27/300 · 9%] idx=2980: ✅REAL max=0.700 (43485ms) ETA=15820s
[2026-04-27 13:40:02]   [28/300 · 9%] idx=3005: ✅REAL max=0.680 (43880ms) ETA=15635s
[2026-04-27 13:41:18]   [29/300 · 10%] idx=3075: ✅REAL max=0.470 (75037ms) ETA=15751s
[2026-04-27 13:42:37]   [30/300 · 10%] idx=3106: ✅REAL max=0.450 (78268ms) ETA=15883s
[2026-04-27 13:43:31]   [31/300 · 10%] idx=3136: ✅REAL max=0.357 (52832ms) ETA=15781s
[2026-04-27 13:44:23]   [32/300 · 11%] idx=3141: ✅REAL max=0.450 (50873ms) ETA=15665s
[2026-04-27 13:45:37]   [33/300 · 11%] idx=3146: ✅REAL max=0.700 (73304ms) ETA=15735s
[2026-04-27 13:46:25]   [34/300 · 11%] idx=3149: ✅REAL max=0.650 (47427ms) ETA=15594s
[2026-04-27 13:47:47]   [35/300 · 12%] idx=3209: ✅REAL max=0.350 (80605ms) ETA=15710s
[2026-04-27 13:48:43]   [36/300 · 12%] idx=3227: ✅REAL max=0.800 (54580ms) ETA=15623s
[2026-04-27 13:50:39]   [37/300 · 12%] idx=3263: ✅REAL max=0.450 (115606ms) ETA=15972s
[2026-04-27 13:51:20]   [38/300 · 13%] idx=3266: ✅REAL max=0.200 (39754ms) ETA=15774s
[2026-04-27 13:52:35]   [39/300 · 13%] idx=3280: ✅REAL max=0.510 (74169ms) ETA=15814s
[2026-04-27 13:53:48]   [40/300 · 13%] idx=3284: ✅REAL max=0.450 (71948ms) ETA=15833s
[2026-04-27 13:53:48]   💾 [40/300] 进度已保存
[2026-04-27 13:54:24]   [41/300 · 14%] idx=3326: ✅REAL max=0.400 (34809ms) ETA=15614s
[2026-04-27 13:55:15]   [42/300 · 14%] idx=3335: ✅REAL max=0.600 (50431ms) ETA=15500s
[2026-04-27 13:55:56]   [43/300 · 14%] idx=3340: ✅REAL max=0.600 (39574ms) ETA=15323s
[2026-04-27 13:57:15]   [44/300 · 15%] idx=3350: ✅REAL max=0.350 (78004ms) ETA=15376s
[2026-04-27 13:58:16]   [45/300 · 15%] idx=3370: ✅REAL max=0.400 (60332ms) ETA=15323s
[2026-04-27 13:59:03]   [46/300 · 15%] idx=3393: ✅REAL max=0.650 (45945ms) ETA=15191s
[2026-04-27 14:00:00]   [47/300 · 16%] idx=3403: ✅REAL max=0.417 (55528ms) ETA=15113s
[2026-04-27 14:01:34]   [48/300 · 16%] idx=3414: ✅REAL max=0.700 (93058ms) ETA=15234s
[2026-04-27 14:03:09]   [49/300 · 16%] idx=3482: ✅REAL max=0.350 (94030ms) ETA=15350s
[2026-04-27 14:06:52]   [50/300 · 17%] idx=3531: ✅REAL max=0.440 (85414ms) ETA=16098s
[2026-04-27 14:07:38]   [51/300 · 17%] idx=3542: ✅REAL max=0.347 (45793ms) ETA=15947s
[2026-04-27 14:08:23]   [52/300 · 17%] idx=3569: ✅REAL max=0.700 (43299ms) ETA=15789s
[2026-04-27 14:11:05]   [53/300 · 18%] idx=3608: ✅REAL max=0.480 (49988ms) ETA=16185s
[2026-04-27 14:13:01]   [54/300 · 18%] idx=3633: ✅REAL max=0.400 (114771ms) ETA=16348s
[2026-04-27 14:13:53]   [55/300 · 18%] idx=3658: ✅REAL max=0.280 (50803ms) ETA=16217s
[2026-04-27 14:14:39]   [56/300 · 19%] idx=3661: ✅REAL max=0.440 (45732ms) ETA=16066s
[2026-04-27 14:16:19]   [57/300 · 19%] idx=3666: ✅REAL max=0.330 (98778ms) ETA=16145s
[2026-04-27 14:19:00]   [58/300 · 19%] idx=3676: ✅REAL max=0.450 (159833ms) ETA=16472s
[2026-04-27 14:20:15]   [59/300 · 20%] idx=3681: ✅REAL max=0.300 (74460ms) ETA=16434s
[2026-04-27 14:21:11]   [60/300 · 20%] idx=3705: ✅REAL max=0.683 (54583ms) ETA=16316s
[2026-04-27 14:21:11]   💾 [60/300] 进度已保存
[2026-04-27 14:22:21]   [61/300 · 20%] idx=3711: ✅REAL max=0.350 (69131ms) ETA=16256s
[2026-04-27 14:22:53]   [62/300 · 21%] idx=3728: ✅REAL max=0.388 (31234ms) ETA=16051s
[2026-04-27 14:24:04]   [63/300 · 21%] idx=3740: ✅REAL max=0.700 (69227ms) ETA=15994s
[2026-04-27 14:25:53]   [64/300 · 21%] idx=3742: ✅REAL max=0.520 (107873ms) ETA=16079s
[2026-04-27 14:27:10]   [65/300 · 22%] idx=3763: ✅REAL max=0.450 (76294ms) ETA=16044s
[2026-04-27 14:27:59]   [66/300 · 22%] idx=3797: ✅REAL max=0.700 (48478ms) ETA=15909s
[2026-04-27 14:29:01]   [67/300 · 22%] idx=3816: ✅REAL max=0.900 (60792ms) ETA=15819s
[2026-04-27 14:29:47]   [68/300 · 23%] idx=3820: ✅REAL max=0.707 (44620ms) ETA=15676s
[2026-04-27 14:30:58]   [69/300 · 23%] idx=3832: ✅REAL max=0.280 (70283ms) ETA=15620s
[2026-04-27 14:32:37]   [70/300 · 23%] idx=3841: ✅REAL max=0.440 (98068ms) ETA=15656s
[2026-04-27 14:33:35]   [71/300 · 24%] idx=3856: ✅REAL max=0.550 (57219ms) ETA=15556s
[2026-04-27 14:35:06]   [72/300 · 24%] idx=3889: ✅REAL max=0.300 (90119ms) ETA=15562s
[2026-04-27 14:35:54]   [73/300 · 24%] idx=3891: ✅REAL max=0.550 (46391ms) ETA=15429s
[2026-04-27 14:36:53]   [74/300 · 25%] idx=3903: ✅REAL max=0.640 (58280ms) ETA=15334s
[2026-04-27 14:38:23]   [75/300 · 25%] idx=3927: ✅REAL max=0.388 (88743ms) ETA=15332s
[2026-04-27 14:39:59]   [76/300 · 25%] idx=3954: ✅REAL max=0.300 (94991ms) ETA=15346s
[2026-04-27 14:40:54]   [77/300 · 26%] idx=3995: ✅REAL max=0.200 (54485ms) ETA=15240s
[2026-04-27 14:42:00]   [78/300 · 26%] idx=4020: ✅REAL max=0.357 (65066ms) ETA=15165s
[2026-04-27 14:42:48]   [79/300 · 26%] idx=4026: ✅REAL max=0.390 (46559ms) ETA=15039s
[2026-04-27 14:44:25]   [80/300 · 27%] idx=4063: ✅REAL max=0.450 (96229ms) ETA=15051s
[2026-04-27 14:44:25]   💾 [80/300] 进度已保存
[2026-04-27 14:45:07]   [81/300 · 27%] idx=4105: ✅REAL max=0.450 (40281ms) ETA=14909s
[2026-04-27 14:45:53]   [82/300 · 27%] idx=4120: ✅REAL max=0.450 (45273ms) ETA=14783s
[2026-04-27 14:47:21]   [83/300 · 28%] idx=4140: ✅REAL max=0.310 (87236ms) ETA=14769s
[2026-04-27 14:48:16]   [84/300 · 28%] idx=4152: ✅REAL max=0.446 (53556ms) ETA=14666s
[2026-04-27 14:49:27]   [85/300 · 28%] idx=4172: ✅REAL max=0.500 (70543ms) ETA=14607s
[2026-04-27 14:50:13]   [86/300 · 29%] idx=4183: ✅REAL max=0.270 (44712ms) ETA=14484s
[2026-04-27 14:50:48]   [87/300 · 29%] idx=4185: ✅REAL max=0.579 (34328ms) ETA=14337s
[2026-04-27 14:51:52]   [88/300 · 29%] idx=4199: ✅REAL max=0.860 (63009ms) ETA=14262s
[2026-04-27 14:52:37]   [89/300 · 30%] idx=4200: ✅REAL max=0.256 (43782ms) ETA=14141s
[2026-04-27 14:55:18]   [90/300 · 30%] idx=4216: ✅REAL max=0.500 (82689ms) ETA=14294s
[2026-04-27 14:56:33]   [91/300 · 30%] idx=4223: ✅REAL max=0.250 (73726ms) ETA=14242s
[2026-04-27 14:57:44]   [92/300 · 31%] idx=4234: ✅REAL max=0.670 (69503ms) ETA=14179s
[2026-04-27 15:00:26]   [93/300 · 31%] idx=4260: ✅REAL max=0.490 (62711ms) ETA=14320s
[2026-04-27 15:01:32]   [94/300 · 31%] idx=4288: ✅REAL max=0.280 (65444ms) ETA=14245s
[2026-04-27 15:02:19]   [95/300 · 32%] idx=4337: ✅REAL max=0.550 (46010ms) ETA=14128s
[2026-04-27 15:03:11]   [96/300 · 32%] idx=4342: ✅REAL max=0.350 (50406ms) ETA=14022s
[2026-04-27 15:03:41]   [97/300 · 32%] idx=4366: ✅REAL max=0.500 (28963ms) ETA=13872s
[2026-04-27 15:04:29]   [98/300 · 33%] idx=4371: ✅REAL max=0.410 (47180ms) ETA=13762s
[2026-04-27 15:05:26]   [99/300 · 33%] idx=4384: ✅REAL max=0.880 (56160ms) ETA=13672s
[2026-04-27 15:06:03]   [100/300 · 33%] idx=4411: ✅REAL max=0.350 (36080ms) ETA=13542s
[2026-04-27 15:06:03]   💾 [100/300] 进度已保存
[2026-04-27 15:06:49]   [101/300 · 34%] idx=4414: ✅REAL max=0.370 (44564ms) ETA=13431s
[2026-04-27 15:08:19]   [102/300 · 34%] idx=4437: ✅REAL max=0.390 (89003ms) ETA=13407s
[2026-04-27 15:09:37]   [103/300 · 34%] idx=4453: ✅REAL max=0.450 (77305ms) ETA=13360s
[2026-04-27 15:10:39]   [104/300 · 35%] idx=4458: ✅REAL max=0.303 (60777ms) ETA=13280s
[2026-04-27 15:11:21]   [105/300 · 35%] idx=4503: ✅REAL max=0.350 (41294ms) ETA=13165s
[2026-04-27 15:12:29]   [106/300 · 35%] idx=4537: ✅REAL max=0.340 (66985ms) ETA=13099s
[2026-04-27 15:13:29]   [107/300 · 36%] idx=4558: ✅REAL max=0.350 (59236ms) ETA=13018s
[2026-04-27 15:14:10]   [108/300 · 36%] idx=4570: ✅REAL max=0.784 (39867ms) ETA=12903s
[2026-04-27 15:17:31]   [109/300 · 36%] idx=4620: ✅REAL max=0.220 (200156ms) ETA=13071s
[2026-04-27 15:18:19]   [110/300 · 37%] idx=4631: ✅REAL max=0.300 (46271ms) ETA=12966s
[2026-04-27 15:19:25]   [111/300 · 37%] idx=4683: ✅REAL max=0.550 (64938ms) ETA=12894s
[2026-04-27 15:20:03]   [112/300 · 37%] idx=4744: ✅REAL max=0.300 (37172ms) ETA=12775s
[2026-04-27 15:20:36]   [113/300 · 38%] idx=4759: ✅REAL max=0.288 (31968ms) ETA=12649s
[2026-04-27 15:22:11]   [114/300 · 38%] idx=4770: ✅REAL max=0.370 (94085ms) ETA=12626s
[2026-04-27 15:23:21]   [115/300 · 38%] idx=4791: ✅REAL max=0.300 (69036ms) ETA=12562s
[2026-04-27 15:24:07]   [116/300 · 39%] idx=4803: ✅REAL max=0.850 (44865ms) ETA=12459s
[2026-04-27 15:25:10]   [117/300 · 39%] idx=4826: ✅REAL max=0.220 (62345ms) ETA=12385s
[2026-04-27 15:26:47]   [118/300 · 39%] idx=4851: ✅REAL max=0.650 (95936ms) ETA=12362s
[2026-04-27 15:27:28]   [119/300 · 40%] idx=4854: ✅REAL max=0.570 (40328ms) ETA=12254s
[2026-04-27 15:28:12]   [120/300 · 40%] idx=4863: ✅REAL max=0.350 (42455ms) ETA=12150s
[2026-04-27 15:28:12]   💾 [120/300] 进度已保存
[2026-04-27 15:28:56]   [121/300 · 40%] idx=4874: ✅REAL max=0.700 (43499ms) ETA=12048s
[2026-04-27 15:30:12]   [122/300 · 41%] idx=4886: ✅REAL max=0.200 (74166ms) ETA=11992s
[2026-04-27 15:31:14]   [123/300 · 41%] idx=4888: ✅REAL max=0.430 (60974ms) ETA=11917s
[2026-04-27 15:32:12]   [124/300 · 41%] idx=4918: ✅REAL max=0.350 (57531ms) ETA=11837s
[2026-04-27 15:33:14]   [125/300 · 42%] idx=4987: ✅REAL max=0.440 (61209ms) ETA=11763s
[2026-04-27 15:33:47]   [126/300 · 42%] idx=5023: ✅REAL max=0.850 (31392ms) ETA=11648s
[2026-04-27 15:34:36]   [127/300 · 42%] idx=5026: ✅REAL max=0.780 (47901ms) ETA=11556s
[2026-04-27 15:35:55]   [128/300 · 43%] idx=5041: ✅REAL max=0.450 (78834ms) ETA=11507s
[2026-04-27 15:37:24]   [129/300 · 43%] idx=5066: ✅REAL max=0.280 (87919ms) ETA=11469s
[2026-04-27 15:38:38]   [130/300 · 43%] idx=5166: ✅REAL max=0.230 (72734ms) ETA=11411s
[2026-04-27 15:39:57]   [131/300 · 44%] idx=5210: ✅REAL max=0.495 (78126ms) ETA=11359s
[2026-04-27 15:41:19]   [132/300 · 44%] idx=5253: ✅REAL max=0.590 (81127ms) ETA=11311s
[2026-04-27 15:41:58]   [133/300 · 44%] idx=5266: ✅REAL max=0.800 (37405ms) ETA=11207s
[2026-04-27 15:42:58]   [134/300 · 45%] idx=5325: ✅REAL max=0.390 (59017ms) ETA=11131s
[2026-04-27 15:44:15]   [135/300 · 45%] idx=5336: ✅REAL max=0.500 (76208ms) ETA=11077s
[2026-04-27 15:45:35]   [136/300 · 45%] idx=5339: ✅REAL max=0.374 (78850ms) ETA=11025s
[2026-04-27 15:46:17]   [137/300 · 46%] idx=5352: ✅REAL max=0.500 (41287ms) ETA=10928s
[2026-04-27 15:46:46]   [138/300 · 46%] idx=5355: ✅REAL max=0.450 (28302ms) ETA=10817s
[2026-04-27 15:47:42]   [139/300 · 46%] idx=5490: ✅REAL max=0.445 (54760ms) ETA=10737s
[2026-04-27 15:48:28]   [140/300 · 47%] idx=5547: ✅REAL max=0.280 (44949ms) ETA=10647s
[2026-04-27 15:48:28]   💾 [140/300] 进度已保存
[2026-04-27 15:49:13]   [141/300 · 47%] idx=5552: ✅REAL max=0.294 (44040ms) ETA=10556s
[2026-04-27 15:49:48]   [142/300 · 47%] idx=5584: ✅REAL max=0.540 (33687ms) ETA=10454s
[2026-04-27 15:50:34]   [143/300 · 48%] idx=5620: ✅REAL max=0.290 (45392ms) ETA=10367s
[2026-04-27 15:51:33]   [144/300 · 48%] idx=5640: ✅REAL max=0.200 (57967ms) ETA=10293s
[2026-04-27 15:52:49]   [145/300 · 48%] idx=5643: ✅REAL max=0.430 (74381ms) ETA=10237s
[2026-04-27 15:54:01]   [146/300 · 49%] idx=5704: ✅REAL max=0.710 (70963ms) ETA=10177s
[2026-04-27 15:55:28]   [147/300 · 49%] idx=5730: ✅REAL max=0.630 (86171ms) ETA=10133s
[2026-04-27 15:56:11]   [148/300 · 49%] idx=5755: ✅REAL max=0.550 (41763ms) ETA=10043s
[2026-04-27 15:57:25]   [149/300 · 50%] idx=5767: ✅REAL max=0.540 (73466ms) ETA=9985s
[2026-04-27 15:58:30]   [150/300 · 50%] idx=5774: ✅REAL max=0.430 (64194ms) ETA=9918s
[2026-04-27 15:59:21]   [151/300 · 50%] idx=5777: ✅REAL max=0.330 (49564ms) ETA=9837s
[2026-04-27 16:02:04]   [152/300 · 51%] idx=5785: ✅REAL max=0.790 (87312ms) ETA=9865s
[2026-04-27 16:02:42]   [153/300 · 51%] idx=5812: ✅REAL max=0.320 (37252ms) ETA=9771s
[2026-04-27 16:04:35]   [154/300 · 51%] idx=5817: ✅REAL max=0.260 (112149ms) ETA=9749s
[2026-04-27 16:05:20]   [155/300 · 52%] idx=5857: ✅REAL max=0.850 (43807ms) ETA=9662s
[2026-04-27 16:06:40]   [156/300 · 52%] idx=5888: ✅REAL max=0.270 (79152ms) ETA=9608s
[2026-04-27 16:08:16]   [157/300 · 52%] idx=5892: ✅REAL max=0.452 (94627ms) ETA=9567s
[2026-04-27 16:09:51]   [158/300 · 53%] idx=5954: ✅REAL max=0.480 (93714ms) ETA=9525s
[2026-04-27 16:10:55]   [159/300 · 53%] idx=5977: ✅REAL max=0.550 (62985ms) ETA=9456s
[2026-04-27 16:12:40]   [160/300 · 53%] idx=5988: ✅REAL max=0.440 (103939ms) ETA=9422s
[2026-04-27 16:12:40]   💾 [160/300] 进度已保存
[2026-04-27 16:13:54]   [161/300 · 54%] idx=6034: ✅REAL max=0.460 (73040ms) ETA=9360s
[2026-04-27 16:14:48]   [162/300 · 54%] idx=6038: ✅REAL max=0.550 (52797ms) ETA=9281s
[2026-04-27 16:16:20]   [163/300 · 54%] idx=6136: ✅REAL max=0.260 (91501ms) ETA=9235s
[2026-04-27 16:18:02]   [164/300 · 55%] idx=6141: ✅REAL max=0.550 (101384ms) ETA=9197s
[2026-04-27 16:18:45]   [165/300 · 55%] idx=6181: ✅REAL max=0.450 (41752ms) ETA=9109s
[2026-04-27 16:19:41]   [166/300 · 55%] idx=6226: ✅REAL max=0.150 (55229ms) ETA=9032s
[2026-04-27 16:21:18]   [167/300 · 56%] idx=6231: ✅REAL max=0.300 (96018ms) ETA=8989s
[2026-04-27 16:22:37]   [168/300 · 56%] idx=6234: ✅REAL max=0.280 (77394ms) ETA=8929s
[2026-04-27 16:23:35]   [169/300 · 56%] idx=6243: ✅REAL max=0.218 (56715ms) ETA=8854s
[2026-04-27 16:24:29]   [170/300 · 57%] idx=6259: ✅REAL max=0.550 (53737ms) ETA=8777s
[2026-04-27 16:25:48]   [171/300 · 57%] idx=6328: ✅REAL max=0.450 (77252ms) ETA=8717s
[2026-04-27 16:26:38]   [172/300 · 57%] idx=6404: ✅REAL max=0.300 (49463ms) ETA=8637s
[2026-04-27 16:27:28]   [173/300 · 58%] idx=6492: ✅REAL max=0.500 (48948ms) ETA=8557s
[2026-04-27 16:28:06]   [174/300 · 58%] idx=6501: ✅REAL max=0.350 (37196ms) ETA=8468s
[2026-04-27 16:30:32]   [175/300 · 58%] idx=6570: ✅REAL max=0.570 (53393ms) ETA=8457s
[2026-04-27 16:33:47]   [176/300 · 59%] idx=6579: ✅REAL max=0.320 (192116ms) ETA=8479s
[2026-04-27 16:50:22] [Proc 15] 启动，75秒后开始（避免并发冲突）
[2026-04-27 16:51:37] [数据] 从缓存加载: X_tr=/home/fandy/workplace/thesis/results/soft_labels/kuhar_X_tr.npy
[2026-04-27 16:51:37] [Proc 15] 类 15 (Stair-up): 2475样本, 目标400, 已有276, 需生成124
[2026-04-27 16:52:29]   [1/124 · 1%] idx=6608: ✅REAL max=0.300 (51669ms) ETA=6355s
[2026-04-27 16:52:57]   [2/124 · 2%] idx=6612: ✅REAL max=0.650 (27298ms) ETA=4879s
[2026-04-27 16:53:37]   [3/124 · 2%] idx=6649: ✅REAL max=0.300 (39005ms) ETA=4842s
[2026-04-27 16:54:52]   [4/124 · 3%] idx=6657: ✅REAL max=0.433 (74079ms) ETA=5854s
[2026-04-27 16:56:02]   [5/124 · 4%] idx=6676: ✅REAL max=0.440 (68543ms) ETA=6299s
[2026-04-27 16:57:10]   [6/124 · 5%] idx=6696: ✅REAL max=0.600 (67527ms) ETA=6553s
[2026-04-27 16:58:43]   [7/124 · 6%] idx=6702: ✅REAL max=0.600 (92010ms) ETA=7124s
[2026-04-27 16:59:43]   [8/124 · 6%] idx=6768: ✅REAL max=0.520 (59181ms) ETA=7053s
[2026-04-27 17:00:19]   [9/124 · 7%] idx=6786: ✅REAL max=0.350 (34671ms) ETA=6671s
[2026-04-27 17:01:11]   [10/124 · 8%] idx=6805: ✅REAL max=0.450 (50863ms) ETA=6543s
[2026-04-27 17:01:52]   [11/124 · 9%] idx=6806: ✅REAL max=0.600 (40636ms) ETA=6324s
[2026-04-27 17:02:57]   [12/124 · 10%] idx=6814: ✅REAL max=0.480 (63957ms) ETA=6352s
[2026-04-27 17:03:55]   [13/124 · 10%] idx=6886: ✅REAL max=0.400 (56669ms) ETA=6303s
[2026-04-27 17:04:45]   [14/124 · 11%] idx=6972: ✅REAL max=0.400 (48921ms) ETA=6193s
[2026-04-27 17:05:28]   [15/124 · 12%] idx=6981: ✅REAL max=0.350 (42404ms) ETA=6043s
[2026-04-27 17:07:00]   [16/124 · 13%] idx=7057: ✅REAL max=0.305 (90979ms) ETA=6234s
[2026-04-27 19:02:50] [Proc 15] 启动，75秒后开始（避免并发冲突）
[2026-04-27 19:04:14] [数据] 从缓存加载: X_tr=/home/fandy/workplace/thesis/results/soft_labels/kuhar_X_tr.npy
[2026-04-27 20:48:43] [Proc 15] 启动，75秒后开始（避免并发冲突）
[2026-04-27 20:50:01] [数据] 从缓存加载: X_tr=/home/fandy/workplace/thesis/results/soft_labels/kuhar_X_tr.npy
[2026-04-27 20:51:52] [Proc 15] 启动，75秒后开始（避免并发冲突）
[2026-04-27 20:53:07] [数据] 从缓存加载: X_tr=/home/fandy/workplace/thesis/results/soft_labels/kuhar_X_tr.npy
[2026-04-27 20:53:07] [Proc 15] 类 15 (Stair-up): 2475样本, 目标400, 已有292, 需生成108
[2026-04-27 20:53:45]   [1/108 · 1%] idx=7065: ✅REAL max=0.313 (37896ms) ETA=4055s
[2026-04-27 20:54:52]   [2/108 · 2%] idx=7066: ✅REAL max=0.350 (66284ms) ETA=5575s
[2026-04-27 20:55:47]   [3/108 · 3%] idx=7119: ✅REAL max=0.350 (53863ms) ETA=5602s
[2026-04-27 20:56:15]   [4/108 · 4%] idx=7127: ✅REAL max=0.350 (27402ms) ETA=4900s
[2026-04-27 20:58:03]   [5/108 · 5%] idx=7145: ✅REAL max=0.290 (106729ms) ETA=6102s
[2026-04-27 20:58:55]   [6/108 · 6%] idx=7256: ✅REAL max=0.700 (51029ms) ETA=5920s
[2026-04-27 20:59:35]   [7/108 · 6%] idx=7261: ✅REAL max=0.257 (39221ms) ETA=5605s
[2026-04-27 21:00:43]   [8/108 · 7%] idx=7278: ✅REAL max=0.450 (66253ms) ETA=5696s
[2026-04-27 21:01:49]   [9/108 · 8%] idx=7290: ✅REAL max=0.340 (65285ms) ETA=5742s
[2026-04-27 21:02:50]   [10/108 · 9%] idx=7343: ✅REAL max=0.700 (59715ms) ETA=5711s
[2026-04-27 21:03:58]   [11/108 · 10%] idx=7356: ✅REAL max=0.380 (67911ms) ETA=5746s
[2026-04-27 21:04:45]   [12/108 · 11%] idx=7368: ✅REAL max=0.450 (45460ms) ETA=5585s
[2026-04-27 21:05:52]   [13/108 · 12%] idx=7404: ✅REAL max=0.540 (65990ms) ETA=5591s
[2026-04-27 21:06:32]   [14/108 · 13%] idx=7520: ✅REAL max=0.300 (38666ms) ETA=5403s
[2026-04-27 21:06:57]   [15/108 · 14%] idx=7536: ✅REAL max=0.700 (24481ms) ETA=5148s
[2026-04-27 21:07:33]   [16/108 · 15%] idx=7541: ✅REAL max=0.410 (34850ms) ETA=4980s
[2026-04-27 21:07:55]   [17/108 · 16%] idx=7559: ✅REAL max=0.550 (20857ms) ETA=4753s
[2026-04-27 21:08:36]   [18/108 · 17%] idx=7563: ✅REAL max=0.300 (40468ms) ETA=4647s
[2026-04-27 21:09:34]   [19/108 · 18%] idx=7580: ✅REAL max=0.280 (56380ms) ETA=4623s
[2026-04-27 21:10:35]   [20/108 · 19%] idx=7650: ✅REAL max=0.500 (59937ms) ETA=4610s
[2026-04-27 21:10:35]   💾 [20/108] 进度已保存
[2026-04-27 21:11:11]   [21/108 · 19%] idx=7655: ✅REAL max=0.640 (35718ms) ETA=4493s
[2026-04-27 21:12:26]   [22/108 · 20%] idx=7668: ✅REAL max=0.446 (74129ms) ETA=4533s
[2026-04-27 21:13:36]   [23/108 · 21%] idx=7680: ✅REAL max=0.520 (68906ms) ETA=4544s
[2026-04-27 21:14:12]   [24/108 · 22%] idx=7748: ✅REAL max=0.327 (34365ms) ETA=4427s
[2026-04-27 21:14:45]   [25/108 · 23%] idx=7764: ✅REAL max=0.564 (31921ms) ETA=4309s
[2026-04-27 21:16:12]   [26/108 · 24%] idx=7773: ✅REAL max=0.450 (86740ms) ETA=4370s
[2026-04-27 21:17:15]   [27/108 · 25%] idx=7780: ✅REAL max=0.360 (61368ms) ETA=4344s
[2026-04-27 21:17:55]   [28/108 · 26%] idx=7794: ✅REAL max=0.290 (39613ms) ETA=4253s
[2026-04-27 21:19:07]   [29/108 · 27%] idx=7810: ✅REAL max=0.459 (70480ms) ETA=4250s
[2026-04-27 21:19:44]   [30/108 · 28%] idx=7832: ✅REAL max=0.540 (35769ms) ETA=4152s
[2026-04-27 21:20:31]   [31/108 · 29%] idx=7857: ✅REAL max=0.590 (46109ms) ETA=4083s
[2026-04-27 21:21:01]   [32/108 · 30%] idx=7861: ✅REAL max=0.590 (29268ms) ETA=3976s
[2026-04-27 21:21:28]   [33/108 · 31%] idx=7882: ✅REAL max=0.340 (25529ms) ETA=3865s
[2026-04-27 21:22:23]   [34/108 · 31%] idx=7895: ✅REAL max=0.450 (54912ms) ETA=3823s
[2026-04-27 21:25:14]   [35/108 · 32%] idx=7903: ✅REAL max=0.750 (99136ms) ETA=4021s
[2026-04-27 21:26:28]   [36/108 · 33%] idx=7910: ✅REAL max=0.320 (72869ms) ETA=4003s
[2026-04-27 21:26:54]   [37/108 · 34%] idx=7960: ✅REAL max=0.650 (24421ms) ETA=3890s
[2026-04-27 21:28:23]   [38/108 · 35%] idx=7991: ✅REAL max=0.701 (88447ms) ETA=3899s
[2026-04-27 21:30:07]   [39/108 · 36%] idx=8034: ✅REAL max=0.350 (102416ms) ETA=3927s
[2026-04-27 21:31:01]   [40/108 · 37%] idx=8044: ✅REAL max=0.450 (53159ms) ETA=3866s
[2026-04-27 21:31:01]   💾 [40/108] 进度已保存
[2026-04-27 21:31:52]   [41/108 · 38%] idx=8055: ✅REAL max=0.440 (50518ms) ETA=3800s
[2026-04-27 21:32:34]   [42/108 · 39%] idx=8128: ✅REAL max=0.290 (40459ms) ETA=3720s
[2026-04-27 21:33:30]   [43/108 · 40%] idx=8162: ✅REAL max=0.450 (55236ms) ETA=3663s
[2026-04-27 21:34:52]   [44/108 · 41%] idx=8215: ✅REAL max=0.488 (80674ms) ETA=3644s
[2026-04-27 21:35:22]   [45/108 · 42%] idx=8222: ✅REAL max=0.550 (29014ms) ETA=3549s
[2026-04-27 21:36:21]   [46/108 · 43%] idx=8223: ✅REAL max=0.558 (58232ms) ETA=3496s
[2026-04-27 21:37:41]   [47/108 · 44%] idx=8228: ✅REAL max=0.833 (79355ms) ETA=3471s
[2026-04-27 21:39:04]   [48/108 · 44%] idx=8242: ✅REAL max=0.652 (81454ms) ETA=3446s
[2026-04-27 21:39:55]   [49/108 · 45%] idx=8281: ✅REAL max=0.400 (49837ms) ETA=3381s
[2026-04-27 21:40:50]   [50/108 · 46%] idx=8282: ✅REAL max=0.351 (54752ms) ETA=3322s
[2026-04-27 21:41:37]   [51/108 · 47%] idx=8299: ✅REAL max=0.400 (46067ms) ETA=3253s
[2026-04-27 21:44:00]   [52/108 · 48%] idx=8301: ✅REAL max=0.700 (48162ms) ETA=3288s
[2026-04-27 21:44:35]   [53/108 · 49%] idx=8336: ✅REAL max=0.381 (33997ms) ETA=3205s
[2026-04-27 21:45:05]   [54/108 · 50%] idx=8358: ✅REAL max=0.470 (28621ms) ETA=3118s
[2026-04-27 21:46:25]   [55/108 · 51%] idx=8366: ✅REAL max=0.390 (79531ms) ETA=3082s
[2026-04-27 21:47:28]   [56/108 · 52%] idx=8378: ✅REAL max=0.320 (62138ms) ETA=3029s
[2026-04-27 21:47:58]   [57/108 · 53%] idx=8383: ✅REAL max=0.400 (28359ms) ETA=2945s
[2026-04-27 21:48:57]   [58/108 · 54%] idx=8398: ✅REAL max=0.300 (58350ms) ETA=2888s
[2026-04-27 21:49:29]   [59/108 · 55%] idx=8408: ✅REAL max=0.330 (30458ms) ETA=2809s
[2026-04-27 21:50:27]   [60/108 · 56%] idx=8456: ✅REAL max=0.320 (57024ms) ETA=2752s
[2026-04-27 21:50:27]   💾 [60/108] 进度已保存
[2026-04-27 21:51:06]   [61/108 · 56%] idx=8482: ✅REAL max=0.550 (38427ms) ETA=2681s
[2026-04-27 21:52:32]   [62/108 · 57%] idx=8496: ✅REAL max=0.600 (85395ms) ETA=2645s
[2026-04-27 21:53:10]   [63/108 · 58%] idx=8525: ✅REAL max=0.450 (36516ms) ETA=2574s
[2026-04-27 21:54:00]   [64/108 · 59%] idx=8530: ✅REAL max=0.450 (49248ms) ETA=2512s
[2026-04-27 21:55:43]   [65/108 · 60%] idx=8544: ✅REAL max=0.390 (101711ms) ETA=2485s
[2026-04-27 21:56:33]   [66/108 · 61%] idx=8550: ✅REAL max=0.250 (49127ms) ETA=2422s
[2026-04-27 22:00:10]   [67/108 · 62%] idx=8589: ✅REAL max=0.200 (215520ms) ETA=2462s
[2026-04-27 22:00:52]   [68/108 · 63%] idx=8609: ✅REAL max=0.450 (41082ms) ETA=2391s
[2026-04-27 22:01:43]   [69/108 · 64%] idx=8622: ✅REAL max=0.480 (49910ms) ETA=2326s
[2026-04-27 22:02:53]   [70/108 · 65%] idx=8636: ✅REAL max=0.300 (69238ms) ETA=2272s
[2026-04-27 22:03:48]   [71/108 · 66%] idx=8643: ✅REAL max=0.400 (53848ms) ETA=2210s
[2026-04-27 22:06:24]   [72/108 · 67%] idx=8646: ✅REAL max=0.220 (154945ms) ETA=2198s
[2026-04-27 22:07:28]   [73/108 · 68%] idx=8651: ✅REAL max=0.450 (63015ms) ETA=2139s
[2026-04-27 22:10:00]   [74/108 · 69%] idx=8652: ✅REAL max=0.800 (151750ms) ETA=2120s
[2026-04-27 22:10:57]   [75/108 · 69%] idx=8667: ✅REAL max=0.605 (56084ms) ETA=2055s
[2026-04-27 22:11:51]   [76/108 · 70%] idx=8717: ✅REAL max=0.370 (52784ms) ETA=1989s
[2026-04-27 22:12:49]   [77/108 · 71%] idx=8732: ✅REAL max=0.300 (57167ms) ETA=1925s
[2026-04-27 22:13:25]   [78/108 · 72%] idx=8759: ✅REAL max=0.250 (34960ms) ETA=1853s
[2026-04-27 22:14:18]   [79/108 · 73%] idx=8782: ✅REAL max=0.190 (51937ms) ETA=1788s
[2026-04-27 22:15:00]   [80/108 · 74%] idx=8793: ✅REAL max=0.580 (41074ms) ETA=1720s
[2026-04-27 22:15:00]   💾 [80/108] 进度已保存
[2026-04-27 22:15:38]   [81/108 · 75%] idx=8822: ✅REAL max=0.470 (36135ms) ETA=1650s
[2026-04-27 22:16:19]   [82/108 · 76%] idx=8827: ✅REAL max=0.600 (40064ms) ETA=1583s
[2026-04-27 22:17:24]   [83/108 · 77%] idx=8857: ✅REAL max=0.540 (64148ms) ETA=1523s
[2026-04-27 22:18:42]   [84/108 · 78%] idx=8881: ✅REAL max=0.180 (77165ms) ETA=1467s
[2026-04-27 22:19:45]   [85/108 · 79%] idx=9011: ✅REAL max=0.550 (61642ms) ETA=1406s
[2026-04-27 22:20:21]   [86/108 · 80%] idx=9020: ✅REAL max=0.300 (35363ms) ETA=1339s
[2026-04-27 22:21:13]   [87/108 · 81%] idx=9023: ✅REAL max=0.800 (51182ms) ETA=1276s
[2026-04-27 22:22:27]   [88/108 · 81%] idx=9086: ✅REAL max=0.150 (73006ms) ETA=1218s
[2026-04-27 22:23:35]   [89/108 · 82%] idx=9211: ✅REAL max=0.650 (66933ms) ETA=1159s
[2026-04-27 22:26:20]   [90/108 · 83%] idx=9278: ✅REAL max=0.430 (82025ms) ETA=1119s
[2026-04-27 22:27:25]   [91/108 · 84%] idx=9285: ✅REAL max=0.549 (63458ms) ETA=1057s
[2026-04-27 22:28:18]   [92/108 · 85%] idx=9290: ✅REAL max=0.300 (52724ms) ETA=993s
[2026-04-27 22:29:11]   [93/108 · 86%] idx=9295: ✅REAL max=0.200 (51339ms) ETA=930s
[2026-04-27 22:29:43]   [94/108 · 87%] idx=9328: ✅REAL max=0.400 (31082ms) ETA=863s
[2026-04-27 22:30:51]   [95/108 · 88%] idx=9332: ✅REAL max=0.450 (67188ms) ETA=802s
[2026-04-27 22:31:46]   [96/108 · 89%] idx=9361: ✅REAL max=0.306 (53717ms) ETA=740s
[2026-04-27 22:32:40]   [97/108 · 90%] idx=9413: ✅REAL max=0.400 (53360ms) ETA=677s
[2026-04-27 22:33:29]   [98/108 · 91%] idx=9414: ✅REAL max=0.290 (47608ms) ETA=614s
[2026-04-27 22:33:57]   [99/108 · 92%] idx=9429: ✅REAL max=0.820 (27264ms) ETA=550s
[2026-04-27 22:35:00]   [100/108 · 93%] idx=9464: ✅REAL max=0.750 (61955ms) ETA=489s
[2026-04-27 22:35:00]   💾 [100/108] 进度已保存
[2026-04-27 22:36:09]   [101/108 · 94%] idx=9465: ✅REAL max=0.293 (67845ms) ETA=428s
[2026-04-27 22:38:30]   [102/108 · 94%] idx=9483: ✅REAL max=0.560 (56481ms) ETA=372s
[2026-04-27 22:39:21]   [103/108 · 95%] idx=9506: ✅REAL max=0.275 (50009ms) ETA=309s
[2026-04-27 22:40:50]   [104/108 · 96%] idx=9534: ✅REAL max=0.250 (88697ms) ETA=249s
[2026-04-27 22:41:47]   [105/108 · 97%] idx=9555: ✅REAL max=0.650 (55229ms) ETA=186s
[2026-04-27 22:43:07]   [106/108 · 98%] idx=9603: ✅REAL max=0.392 (79265ms) ETA=125s
[2026-04-27 22:43:49]   [107/108 · 99%] idx=9612: ✅REAL max=0.430 (40680ms) ETA=62s
[2026-04-27 22:44:44]   [108/108 · 100%] idx=9615: ✅REAL max=0.700 (54760ms) ETA=0s
[2026-04-27 22:44:45] [Proc 15] ✅ 类 15 (Stair-up) 完成: 400/400 耗时6699s
[2026-04-27 22:44:45] [Proc 15] 全部完成 → /home/fandy/workplace/thesis/results/soft_labels/kuhar_soft_proc15.npy
[2026-04-28 00:05:27] [Proc 15] 启动，75秒后开始（避免并发冲突）
[2026-04-28 00:06:42] [数据] 从缓存加载: X_tr=/home/fandy/workplace/thesis/results/soft_labels/kuhar_X_tr.npy
[2026-04-28 00:06:42] [Proc 15] 类 15 已完成，跳过
[2026-04-28 00:06:42] [Proc 15] 全部完成 → /home/fandy/workplace/thesis/results/soft_labels/kuhar_soft_proc15.npy
[2026-04-28 00:13:28] [Proc 15] 启动，75秒后开始（避免并发冲突）
[2026-04-28 00:14:43] [数据] 从缓存加载: X_tr=/home/fandy/workplace/thesis/results/soft_labels/kuhar_X_tr.npy
[2026-04-28 00:14:43] [Proc 15] 类 15 已完成，跳过
[2026-04-28 00:14:43] [Proc 15] 全部完成 → /home/fandy/workplace/thesis/results/soft_labels/kuhar_soft_proc15.npy
[2026-04-28 00:24:07] [Proc 15] 启动，75秒后开始（避免并发冲突）
[2026-04-28 00:25:22] [数据] 从缓存加载: X_tr=/home/fandy/workplace/thesis/results/soft_labels/kuhar_X_tr.npy
[2026-04-28 00:25:22] [Proc 15] 类 15 已完成，跳过
[2026-04-28 00:25:22] [Proc 15] 全部完成 → /home/fandy/workplace/thesis/results/soft_labels/kuhar_soft_proc15.npy
