[2026-05-08 16:31:14]   [000/673] | true=sit_on_bed(0) | pred=lying(2) |  ✗ | ent=0.71 | top=2:0.80, 3:0.10
[2026-05-08 16:31:18]   [001/673] | true=lying(2) | pred=lying(2) |  ✓ | ent=1.03 | top=2:0.65, 0:0.15
[2026-05-08 16:31:25]   [002/673] | true=lying(2) | pred=lying(2) |  ✓ | ent=0.94 | top=2:0.70, 0:0.10
[2026-05-08 16:31:34]   [003/673] | true=lying(2) | pred=lying(2) |  ✓ | ent=1.03 | top=2:0.65, 0:0.15
[2026-05-08 16:31:46]   [004/673] | true=ambulating(3) | pred=lying(2) |  ✗ | ent=0.83 | top=2:0.75, 1:0.10
[2026-05-08 16:31:58]   [005/673] | true=lying(2) | pred=lying(2) |  ✓ | ent=0.89 | top=2:0.72, 3:0.13
[2026-05-08 16:32:06]   [006/673] | true=ambulating(3) | pred=sit_on_bed(0) |  ✗ | ent=1.11 | top=0:0.55, 1:0.25
[2026-05-08 16:32:09]   [007/673] | true=lying(2) | pred=lying(2) |  ✓ | ent=1.18 | top=2:0.55, 0:0.15
[2026-05-08 16:32:22]   [008/673] | true=lying(2) | pred=ambulating(3) |  ✗ | ent=0.80 | top=3:0.75, 1:0.15
[2026-05-08 16:32:25]   [009/673] | true=sit_on_bed(0) | pred=sit_on_bed(0) |  ✓ | ent=0.98 | top=0:0.65, 1:0.20
[2026-05-08 16:32:32]   [010/673] | true=lying(2) | pred=lying(2) |  ✓ | ent=1.35 | top=2:0.35, 1:0.25
[2026-05-08 16:32:35]   [011/673] | true=lying(2) | pred=lying(2) |  ✓ | ent=0.90 | top=2:0.72, 0:0.10
[2026-05-08 16:32:38]   [012/673] | true=lying(2) | pred=lying(2) |  ✓ | ent=0.59 | top=2:0.85, 0:0.05
[2026-05-08 16:33:00]   [013/673] | true=lying(2) | pred=ambulating(3) |  ✗ | ent=0.78 | top=3:0.77, 1:0.10
[2026-05-08 16:33:09]   [014/673] | true=lying(2) | pred=lying(2) |  ✓ | ent=0.71 | top=2:0.80, 3:0.10
[2026-05-08 16:33:14]   [015/673] | true=lying(2) | pred=lying(2) |  ✓ | ent=0.89 | top=2:0.72, 3:0.13
[2026-05-08 16:33:18]   [016/673] | true=lying(2) | pred=lying(2) |  ✓ | ent=0.59 | top=2:0.85, 0:0.05
[2026-05-08 16:33:27]   [017/673] | true=sit_on_bed(0) | pred=sit_on_bed(0) |  ✓ | ent=1.03 | top=0:0.62, 1:0.22
[2026-05-08 16:33:38]   [018/673] | true=lying(2) | pred=sit_on_bed(0) |  ✗ | ent=1.31 | top=0:0.35, 1:0.30
[2026-05-08 16:33:44]   [019/673] | true=sit_on_bed(0) | pred=sit_on_bed(0) |  ✓ | ent=1.07 | top=0:0.55, 1:0.30
[2026-05-08 16:33:48]   [020/673] | true=sit_on_bed(0) | pred=sit_on_bed(0) |  ✓ | ent=0.80 | top=0:0.75, 1:0.15
[2026-05-08 16:33:59]   [021/673] | true=lying(2) | pred=sit_on_bed(0) |  ✗ | ent=1.06 | top=0:0.52, 1:0.35
[2026-05-08 16:34:05]   [022/673] | true=lying(2) | pred=lying(2) |  ✓ | ent=1.11 | top=2:0.60, 1:0.15
[2026-05-08 16:34:10]   [023/673] | true=lying(2) | pred=lying(2) |  ✓ | ent=0.97 | top=2:0.60, 3:0.30
[2026-05-08 16:34:14]   [024/673] | true=lying(2) | pred=lying(2) |  ✓ | ent=0.71 | top=2:0.80, 3:0.10
[2026-05-08 16:34:19]   [025/673] | true=sit_on_bed(0) | pred=sit_on_bed(0) |  ✓ | ent=1.11 | top=0:0.55, 1:0.25
[2026-05-08 16:34:30]   [026/673] | true=sit_on_bed(0) | pred=sit_on_bed(0) |  ✓ | ent=0.99 | top=0:0.62, 1:0.25
[2026-05-08 16:34:35]   [027/673] | true=sit_on_bed(0) | pred=sit_on_bed(0) |  ✓ | ent=0.89 | top=0:0.68, 1:0.22
[2026-05-08 16:34:38]   [028/673] | true=lying(2) | pred=lying(2) |  ✓ | ent=0.59 | top=2:0.85, 0:0.05
[2026-05-08 16:34:40]   [029/673] | true=lying(2) | pred=lying(2) |  ✓ | ent=0.59 | top=2:0.85, 0:0.05
[2026-05-08 16:34:46]   [030/673] | true=lying(2) | pred=sit_on_chair(1) |  ✗ | ent=1.19 | top=1:0.45, 3:0.30
[2026-05-08 16:34:49]   [031/673] | true=lying(2) | pred=lying(2) |  ✓ | ent=1.14 | top=2:0.58, 1:0.15
[2026-05-08 16:35:20]   [032/673] | true=lying(2) | pred=sit_on_bed(0) |  ✗ | ent=1.06 | top=0:0.62, 1:0.18
[2026-05-08 16:35:28]   [033/673] | true=lying(2) | pred=lying(2) |  ✓ | ent=0.59 | top=2:0.85, 0:0.05
[2026-05-08 16:35:40]   [034/673] | true=lying(2) | pred=lying(2) |  ✓ | ent=0.84 | top=2:0.72, 3:0.18
[2026-05-08 16:35:43]   [035/673] | true=lying(2) | pred=lying(2) |  ✓ | ent=0.97 | top=2:0.68, 1:0.12
[2026-05-08 16:35:48]   [036/673] | true=sit_on_bed(0) | pred=sit_on_bed(0) |  ✓ | ent=0.98 | top=0:0.65, 1:0.20
[2026-05-08 16:36:11]   [037/673] | true=sit_on_bed(0) | pred=sit_on_bed(0) |  ✓ | ent=1.12 | top=0:0.52, 1:0.30
[2026-05-08 16:36:18]   [038/673] | true=lying(2) | pred=lying(2) |  ✓ | ent=0.59 | top=2:0.85, 0:0.05
[2026-05-08 16:36:22]   [039/673] | true=lying(2) | pred=lying(2) |  ✓ | ent=1.03 | top=2:0.65, 0:0.15
[2026-05-08 16:36:31]   [040/673] | true=sit_on_bed(0) | pred=lying(2) |  ✗ | ent=0.80 | top=2:0.75, 3:0.15
[2026-05-08 16:36:38]   [041/673] | true=lying(2) | pred=lying(2) |  ✓ | ent=0.59 | top=2:0.85, 0:0.05
[2026-05-08 16:36:42]   [042/673] | true=lying(2) | pred=lying(2) |  ✓ | ent=0.89 | top=2:0.72, 3:0.13
[2026-05-08 16:36:46]   [043/673] | true=lying(2) | pred=lying(2) |  ✓ | ent=0.97 | top=2:0.60, 3:0.30
[2026-05-08 16:36:50]   [044/673] | true=lying(2) | pred=lying(2) |  ✓ | ent=0.98 | top=2:0.65, 3:0.20
[2026-05-08 16:36:53]   [045/673] | true=lying(2) | pred=lying(2) |  ✓ | ent=1.03 | top=2:0.65, 0:0.15
[2026-05-08 16:36:59]   [046/673] | true=lying(2) | pred=lying(2) |  ✓ | ent=0.59 | top=2:0.85, 0:0.05
[2026-05-08 16:37:08]   [047/673] | true=sit_on_chair(1) | pred=lying(2) |  ✗ | ent=0.89 | top=2:0.72, 3:0.13
[2026-05-08 16:37:11]   [048/673] | true=sit_on_bed(0) | pred=sit_on_bed(0) |  ✓ | ent=1.11 | top=0:0.55, 3:0.25
[2026-05-08 16:37:21]   [049/673] | true=lying(2) | pred=lying(2) |  ✓ | ent=1.03 | top=2:0.65, 1:0.15
[2026-05-08 16:37:23]   [050/673] | true=lying(2) | pred=lying(2) |  ✓ | ent=0.90 | top=2:0.72, 0:0.10
[2026-05-08 16:37:30]   [051/673] | true=lying(2) | pred=lying(2) |  ✓ | ent=0.59 | top=2:0.85, 0:0.05
[2026-05-08 16:37:49]   [052/673] | true=sit_on_chair(1) | pred=sit_on_chair(1) |  ✓ | ent=1.11 | top=1:0.55, 3:0.25
[2026-05-08 16:38:00]   [053/673] | true=lying(2) | pred=lying(2) |  ✓ | ent=1.03 | top=2:0.65, 1:0.15
[2026-05-08 16:38:07]   [054/673] | true=lying(2) | pred=lying(2) |  ✓ | ent=1.17 | top=2:0.55, 3:0.20
[2026-05-08 16:38:11]   [055/673] | true=lying(2) | pred=lying(2) |  ✓ | ent=0.83 | top=2:0.75, 1:0.10
[2026-05-08 16:38:13]   [056/673] | true=lying(2) | pred=lying(2) |  ✓ | ent=0.59 | top=2:0.85, 0:0.05
[2026-05-08 16:38:23]   [057/673] | true=lying(2) | pred=lying(2) |  ✓ | ent=0.59 | top=2:0.85, 0:0.05
[2026-05-08 16:38:26]   [058/673] | true=sit_on_bed(0) | pred=sit_on_bed(0) |  ✓ | ent=0.98 | top=0:0.65, 1:0.20
[2026-05-08 16:38:29]   [059/673] | true=lying(2) | pred=lying(2) |  ✓ | ent=1.02 | top=2:0.65, 3:0.15
[2026-05-08 16:38:34]   [060/673] | true=sit_on_chair(1) | pred=sit_on_bed(0) |  ✗ | ent=0.83 | top=0:0.73, 1:0.17
[2026-05-08 16:38:43]   [061/673] | true=sit_on_chair(1) | pred=sit_on_chair(1) |  ✓ | ent=1.21 | top=1:0.40, 0:0.35
[2026-05-08 16:38:48]   [062/673] | true=lying(2) | pred=lying(2) |  ✓ | ent=0.87 | top=2:0.70, 3:0.20
[2026-05-08 16:38:51]   [063/673] | true=sit_on_bed(0) | pred=sit_on_bed(0) |  ✓ | ent=0.84 | top=0:0.72, 1:0.18
[2026-05-08 16:38:55]   [064/673] | true=lying(2) | pred=lying(2) |  ✓ | ent=1.03 | top=2:0.65, 0:0.15
[2026-05-08 16:38:58]   [065/673] | true=lying(2) | pred=lying(2) |  ✓ | ent=0.83 | top=2:0.75, 1:0.10
[2026-05-08 16:39:01]   [066/673] | true=sit_on_bed(0) | pred=sit_on_bed(0) |  ✓ | ent=0.84 | top=0:0.72, 1:0.18
[2026-05-08 16:39:22]   [067/673] | true=sit_on_chair(1) | pred=sit_on_bed(0) |  ✗ | ent=0.99 | top=0:0.62, 1:0.25
[2026-05-08 16:39:27]   [068/673] | true=lying(2) | pred=lying(2) |  ✓ | ent=0.84 | top=2:0.72, 3:0.18
[2026-05-08 16:39:30]   [069/673] | true=lying(2) | pred=lying(2) |  ✓ | ent=0.72 | top=2:0.80, 0:0.08
[2026-05-08 16:39:36]   [070/673] | true=lying(2) | pred=lying(2) |  ✓ | ent=1.15 | top=2:0.55, 3:0.23
[2026-05-08 16:39:41]   [071/673] | true=lying(2) | pred=lying(2) |  ✓ | ent=0.98 | top=2:0.68, 1:0.12
[2026-05-08 16:39:45]   [072/673] | true=lying(2) | pred=lying(2) |  ✓ | ent=0.59 | top=2:0.85, 0:0.05
[2026-05-08 16:40:06]   [073/673] | true=sit_on_bed(0) | pred=sit_on_chair(1) |  ✗ | ent=1.16 | top=1:0.50, 0:0.25
[2026-05-08 16:40:13]   [074/673] | true=sit_on_bed(0) | pred=sit_on_bed(0) |  ✓ | ent=1.11 | top=0:0.55, 3:0.25
[2026-05-08 16:40:18]   [075/673] | true=sit_on_chair(1) | pred=lying(2) |  ✗ | ent=0.83 | top=2:0.75, 1:0.10
[2026-05-08 16:40:23]   [076/673] | true=lying(2) | pred=lying(2) |  ✓ | ent=1.05 | top=2:0.62, 3:0.20
[2026-05-08 16:40:45]   [077/673] | true=lying(2) | pred=lying(2) |  ✓ | ent=0.93 | top=2:0.65, 3:0.25
[2026-05-08 16:40:50]   [078/673] | true=lying(2) | pred=lying(2) |  ✓ | ent=0.87 | top=2:0.72, 3:0.15
[2026-05-08 16:41:01]   [079/673] | true=lying(2) | pred=lying(2) |  ✓ | ent=0.86 | top=2:0.73, 0:0.12
[2026-05-08 16:41:10]   [080/673] | true=ambulating(3) | pred=lying(2) |  ✗ | ent=1.03 | top=2:0.65, 3:0.15
[2026-05-08 16:41:20]   [081/673] | true=lying(2) | pred=lying(2) |  ✓ | ent=0.89 | top=2:0.72, 3:0.13
[2026-05-08 16:41:28]   [082/673] | true=lying(2) | pred=lying(2) |  ✓ | ent=0.89 | top=2:0.72, 3:0.13
[2026-05-08 16:41:33]   [083/673] | true=lying(2) | pred=lying(2) |  ✓ | ent=0.80 | top=2:0.75, 3:0.15
[2026-05-08 16:41:36]   [084/673] | true=lying(2) | pred=lying(2) |  ✓ | ent=0.91 | top=2:0.70, 3:0.15
[2026-05-08 16:41:45]   [085/673] | true=ambulating(3) | pred=lying(2) |  ✗ | ent=0.80 | top=2:0.75, 3:0.15
[2026-05-08 16:41:57]   [086/673] | true=sit_on_chair(1) | pred=sit_on_bed(0) |  ✗ | ent=1.14 | top=0:0.55, 1:0.25
[2026-05-08 16:42:09]   [087/673] | true=sit_on_bed(0) | pred=sit_on_bed(0) |  ✓ | ent=1.11 | top=0:0.55, 1:0.25
[2026-05-08 16:42:13]   [088/673] | true=lying(2) | pred=lying(2) |  ✓ | ent=0.59 | top=2:0.85, 0:0.05
[2026-05-08 16:42:18]   [089/673] | true=lying(2) | pred=lying(2) |  ✓ | ent=1.10 | top=2:0.60, 1:0.18
[2026-05-08 16:42:23]   [090/673] | true=sit_on_bed(0) | pred=lying(2) |  ✗ | ent=0.91 | top=2:0.70, 0:0.15
[2026-05-08 16:42:29]   [091/673] | true=lying(2) | pred=lying(2) |  ✓ | ent=1.02 | top=2:0.65, 3:0.15
[2026-05-08 16:42:35]   [092/673] | true=lying(2) | pred=lying(2) |  ✓ | ent=0.89 | top=2:0.72, 3:0.13
[2026-05-08 16:42:37]   [093/673] | true=sit_on_bed(0) | pred=sit_on_bed(0) |  ✓ | ent=0.77 | top=0:0.71, 1:0.24
[2026-05-08 16:42:40]   [094/673] | true=lying(2) | pred=lying(2) |  ✓ | ent=0.71 | top=2:0.80, 3:0.10
[2026-05-08 16:42:53]   [095/673] | true=lying(2) | pred=lying(2) |  ✓ | ent=0.98 | top=2:0.65, 1:0.20
[2026-05-08 16:42:57]   [096/673] | true=lying(2) | pred=lying(2) |  ✓ | ent=0.80 | top=2:0.75, 3:0.15
[2026-05-08 16:43:00]   [097/673] | true=lying(2) | pred=lying(2) |  ✓ | ent=0.90 | top=2:0.72, 1:0.10
[2026-05-08 16:43:06]   [098/673] | true=lying(2) | pred=ambulating(3) |  ✗ | ent=1.21 | top=3:0.50, 1:0.25
[2026-05-08 16:43:13]   [099/673] | true=lying(2) | pred=lying(2) |  ✓ | ent=0.94 | top=2:0.70, 1:0.12
[2026-05-08 16:43:19]   [100/673] | true=sit_on_chair(1) | pred=sit_on_chair(1) |  ✓ | ent=0.96 | top=1:0.68, 3:0.14
[2026-05-08 16:43:25]   [101/673] | true=sit_on_bed(0) | pred=sit_on_bed(0) |  ✓ | ent=0.89 | top=0:0.68, 1:0.22
[2026-05-08 16:43:32]   [102/673] | true=lying(2) | pred=lying(2) |  ✓ | ent=0.83 | top=2:0.75, 3:0.10
[2026-05-08 16:43:40]   [103/673] | true=lying(2) | pred=lying(2) |  ✓ | ent=0.59 | top=2:0.85, 0:0.05
[2026-05-08 16:43:45]   [104/673] | true=lying(2) | pred=lying(2) |  ✓ | ent=1.21 | top=2:0.50, 3:0.25
[2026-05-08 16:43:53]   [105/673] | true=sit_on_bed(0) | pred=sit_on_bed(0) |  ✓ | ent=1.11 | top=0:0.55, 1:0.25
[2026-05-08 16:43:57]   [106/673] | true=lying(2) | pred=lying(2) |  ✓ | ent=0.71 | top=2:0.80, 3:0.10
[2026-05-08 16:44:04]   [107/673] | true=ambulating(3) | pred=sit_on_chair(1) |  ✗ | ent=1.06 | top=1:0.60, 3:0.20
[2026-05-08 16:44:08]   [108/673] | true=sit_on_bed(0) | pred=sit_on_bed(0) |  ✓ | ent=1.11 | top=0:0.55, 1:0.25
[2026-05-08 16:44:12]   [109/673] | true=lying(2) | pred=lying(2) |  ✓ | ent=0.83 | top=2:0.75, 1:0.10
[2026-05-08 16:44:15]   [110/673] | true=lying(2) | pred=lying(2) |  ✓ | ent=0.59 | top=2:0.85, 0:0.05
[2026-05-08 16:44:24]   [111/673] | true=sit_on_bed(0) | pred=lying(2) |  ✗ | ent=0.87 | top=2:0.70, 3:0.20
[2026-05-08 16:44:43]   [112/673] | true=lying(2) | pred=lying(2) |  ✓ | ent=0.85 | top=2:0.73, 3:0.15
[2026-05-08 16:44:53]   [113/673] | true=lying(2) | pred=lying(2) |  ✓ | ent=0.80 | top=2:0.75, 3:0.15
[2026-05-08 16:44:55]   [114/673] | true=sit_on_bed(0) | pred=sit_on_bed(0) |  ✓ | ent=0.87 | top=0:0.72, 1:0.15
[2026-05-08 16:45:00]   [115/673] | true=lying(2) | pred=lying(2) |  ✓ | ent=0.90 | top=2:0.72, 0:0.10
[2026-05-08 16:45:05]   [116/673] | true=lying(2) | pred=lying(2) |  ✓ | ent=0.87 | top=2:0.70, 3:0.20
[2026-05-08 16:45:15]   [117/673] | true=sit_on_bed(0) | pred=sit_on_bed(0) |  ✓ | ent=1.11 | top=0:0.52, 1:0.32
[2026-05-08 16:45:21]   [118/673] | true=ambulating(3) | pred=sit_on_bed(0) |  ✗ | ent=1.00 | top=0:0.65, 1:0.15
[2026-05-08 16:45:37]   [119/673] | true=sit_on_chair(1) | pred=sit_on_chair(1) |  ✓ | ent=1.21 | top=1:0.40, 0:0.35
[2026-05-08 16:45:43]   [120/673] | true=sit_on_bed(0) | pred=sit_on_bed(0) |  ✓ | ent=1.03 | top=0:0.62, 1:0.22
[2026-05-08 16:45:52]   [121/673] | true=sit_on_chair(1) | pred=lying(2) |  ✗ | ent=0.89 | top=2:0.72, 0:0.12
[2026-05-08 16:45:58]   [122/673] | true=lying(2) | pred=lying(2) |  ✓ | ent=0.59 | top=2:0.85, 0:0.05
[2026-05-08 16:46:04]   [123/673] | true=lying(2) | pred=lying(2) |  ✓ | ent=0.83 | top=2:0.75, 1:0.10
[2026-05-08 16:46:09]   [124/673] | true=lying(2) | pred=ambulating(3) |  ✗ | ent=1.21 | top=3:0.50, 1:0.25
[2026-05-08 16:46:15]   [125/673] | true=lying(2) | pred=lying(2) |  ✓ | ent=0.59 | top=2:0.85, 0:0.05
[2026-05-08 16:46:19]   [126/673] | true=lying(2) | pred=lying(2) |  ✓ | ent=0.71 | top=2:0.80, 3:0.10
[2026-05-08 16:46:23]   [127/673] | true=lying(2) | pred=lying(2) |  ✓ | ent=1.27 | top=2:0.45, 3:0.25
[2026-05-08 16:46:26]   [128/673] | true=sit_on_bed(0) | pred=sit_on_bed(0) |  ✓ | ent=1.16 | top=0:0.45, 1:0.35
[2026-05-08 16:46:35]   [129/673] | true=sit_on_bed(0) | pred=sit_on_bed(0) |  ✓ | ent=1.08 | top=0:0.55, 1:0.30
[2026-05-08 16:46:41]   [130/673] | true=sit_on_chair(1) | pred=lying(2) |  ✗ | ent=1.10 | top=2:0.60, 1:0.18
[2026-05-08 16:46:50]   [131/673] | true=lying(2) | pred=sit_on_chair(1) |  ✗ | ent=1.06 | top=1:0.60, 3:0.20
[2026-05-08 16:46:54]   [132/673] | true=lying(2) | pred=lying(2) |  ✓ | ent=0.59 | top=2:0.85, 0:0.05
[2026-05-08 16:47:09]   [133/673] | true=lying(2) | pred=lying(2) |  ✓ | ent=0.59 | top=2:0.85, 0:0.05
[2026-05-08 16:47:13]   [134/673] | true=lying(2) | pred=lying(2) |  ✓ | ent=0.80 | top=2:0.75, 3:0.15
[2026-05-08 16:47:22]   [135/673] | true=lying(2) | pred=lying(2) |  ✓ | ent=0.87 | top=2:0.70, 3:0.20
[2026-05-08 16:47:30]   [136/673] | true=sit_on_bed(0) | pred=sit_on_bed(0) |  ✓ | ent=0.95 | top=0:0.62, 1:0.28
[2026-05-08 16:47:33]   [137/673] | true=lying(2) | pred=lying(2) |  ✓ | ent=1.06 | top=2:0.63, 3:0.15
[2026-05-08 16:47:37]   [138/673] | true=lying(2) | pred=lying(2) |  ✓ | ent=0.83 | top=2:0.75, 1:0.10
[2026-05-08 16:47:47]   [139/673] | true=lying(2) | pred=lying(2) |  ✓ | ent=0.83 | top=2:0.75, 1:0.10
[2026-05-08 16:47:58]   [140/673] | true=sit_on_bed(0) | pred=sit_on_bed(0) |  ✓ | ent=0.91 | top=0:0.70, 1:0.15
[2026-05-08 16:48:08]   [141/673] | true=sit_on_bed(0) | pred=sit_on_bed(0) |  ✓ | ent=1.24 | top=0:0.45, 1:0.30
[2026-05-08 16:48:18]   [142/673] | true=sit_on_chair(1) | pred=sit_on_chair(1) |  ✓ | ent=1.11 | top=1:0.55, 3:0.25
[2026-05-08 16:48:21]   [143/673] | true=lying(2) | pred=lying(2) |  ✓ | ent=0.59 | top=2:0.85, 0:0.05
[2026-05-08 16:48:30]   [144/673] | true=sit_on_bed(0) | pred=lying(2) |  ✗ | ent=0.91 | top=2:0.70, 0:0.15
[2026-05-08 16:48:39]   [145/673] | true=lying(2) | pred=lying(2) |  ✓ | ent=0.59 | top=2:0.85, 0:0.05
[2026-05-08 16:48:42]   [146/673] | true=lying(2) | pred=lying(2) |  ✓ | ent=0.80 | top=2:0.75, 3:0.15
[2026-05-08 16:48:50]   [147/673] | true=lying(2) | pred=lying(2) |  ✓ | ent=0.87 | top=2:0.73, 3:0.12
[2026-05-08 16:48:54]   [148/673] | true=lying(2) | pred=lying(2) |  ✓ | ent=0.59 | top=2:0.85, 0:0.05
[2026-05-08 16:49:00]   [149/673] | true=lying(2) | pred=lying(2) |  ✓ | ent=1.21 | top=2:0.50, 1:0.25
[2026-05-08 16:49:02]   [150/673] | true=lying(2) | pred=lying(2) |  ✓ | ent=1.03 | top=2:0.65, 3:0.15
[2026-05-08 16:49:04]   [151/673] | true=lying(2) | pred=lying(2) |  ✓ | ent=0.59 | top=2:0.85, 0:0.05
[2026-05-08 16:49:14]   [152/673] | true=lying(2) | pred=lying(2) |  ✓ | ent=0.89 | top=2:0.72, 3:0.13
[2026-05-08 16:49:20]   [153/673] | true=lying(2) | pred=lying(2) |  ✓ | ent=0.59 | top=2:0.85, 0:0.05
[2026-05-08 16:49:27]   [154/673] | true=lying(2) | pred=lying(2) |  ✓ | ent=0.59 | top=2:0.85, 0:0.05
[2026-05-08 16:49:36]   [155/673] | true=ambulating(3) | pred=lying(2) |  ✗ | ent=1.03 | top=2:0.65, 1:0.15
[2026-05-08 16:49:39]   [156/673] | true=lying(2) | pred=lying(2) |  ✓ | ent=0.59 | top=2:0.85, 0:0.05
[2026-05-08 16:49:49]   [157/673] | true=lying(2) | pred=lying(2) |  ✓ | ent=1.07 | top=2:0.55, 3:0.30
[2026-05-08 16:49:52]   [158/673] | true=lying(2) | pred=lying(2) |  ✓ | ent=0.59 | top=2:0.85, 0:0.05
[2026-05-08 16:49:56]   [159/673] | true=sit_on_chair(1) | pred=sit_on_chair(1) |  ✓ | ent=0.80 | top=1:0.75, 3:0.15
[2026-05-08 16:50:00]   [160/673] | true=sit_on_chair(1) | pred=sit_on_chair(1) |  ✓ | ent=0.83 | top=1:0.75, 0:0.10
[2026-05-08 16:50:03]   [161/673] | true=sit_on_bed(0) | pred=sit_on_bed(0) |  ✓ | ent=1.19 | top=0:0.45, 1:0.30
[2026-05-08 16:50:06]   [162/673] | true=sit_on_bed(0) | pred=sit_on_bed(0) |  ✓ | ent=0.95 | top=0:0.62, 1:0.28
[2026-05-08 16:50:13]   [163/673] | true=lying(2) | pred=sit_on_bed(0) |  ✗ | ent=1.18 | top=0:0.55, 1:0.15
[2026-05-08 16:50:18]   [164/673] | true=lying(2) | pred=lying(2) |  ✓ | ent=0.83 | top=2:0.75, 0:0.10
[2026-05-08 16:50:23]   [165/673] | true=lying(2) | pred=lying(2) |  ✓ | ent=0.90 | top=2:0.72, 1:0.10
[2026-05-08 16:50:40]   [166/673] | true=lying(2) | pred=lying(2) |  ✓ | ent=0.87 | top=2:0.70, 3:0.20
[2026-05-08 16:50:48]   [167/673] | true=sit_on_bed(0) | pred=ambulating(3) |  ✗ | ent=1.21 | top=3:0.50, 1:0.25
[2026-05-08 16:51:00]   [168/673] | true=lying(2) | pred=sit_on_bed(0) |  ✗ | ent=0.99 | top=0:0.65, 1:0.20
[2026-05-08 16:51:07]   [169/673] | true=lying(2) | pred=lying(2) |  ✓ | ent=0.94 | top=2:0.70, 0:0.10
[2026-05-08 16:51:24]   [170/673] | true=lying(2) | pred=lying(2) |  ✓ | ent=0.88 | top=2:0.72, 3:0.15
[2026-05-08 16:51:28]   [171/673] | true=lying(2) | pred=lying(2) |  ✓ | ent=0.80 | top=2:0.75, 3:0.15
[2026-05-08 16:51:36]   [172/673] | true=sit_on_bed(0) | pred=sit_on_bed(0) |  ✓ | ent=1.38 | top=0:0.30, 1:0.25
[2026-05-08 16:51:40]   [173/673] | true=lying(2) | pred=lying(2) |  ✓ | ent=0.82 | top=2:0.75, 1:0.12
[2026-05-08 16:51:46]   [174/673] | true=lying(2) | pred=lying(2) |  ✓ | ent=0.80 | top=2:0.75, 3:0.15
[2026-05-08 16:51:58]   [175/673] | true=lying(2) | pred=lying(2) |  ✓ | ent=0.59 | top=2:0.85, 0:0.05
[2026-05-08 16:52:08]   [176/673] | true=lying(2) | pred=sit_on_bed(0) |  ✗ | ent=1.06 | top=0:0.62, 1:0.18
[2026-05-08 16:52:10]   [177/673] | true=lying(2) | pred=lying(2) |  ✓ | ent=0.90 | top=2:0.72, 1:0.12
[2026-05-08 16:52:24]   [178/673] | true=ambulating(3) | pred=lying(2) |  ✗ | ent=0.94 | top=2:0.70, 0:0.10
[2026-05-08 16:52:27]   [179/673] | true=lying(2) | pred=lying(2) |  ✓ | ent=0.59 | top=2:0.85, 0:0.05
[2026-05-08 16:52:33]   [180/673] | true=lying(2) | pred=lying(2) |  ✓ | ent=0.90 | top=2:0.72, 0:0.10
[2026-05-08 16:52:35]   [181/673] | true=lying(2) | pred=lying(2) |  ✓ | ent=0.90 | top=2:0.72, 0:0.12
[2026-05-08 16:52:41]   [182/673] | true=sit_on_bed(0) | pred=ambulating(3) |  ✗ | ent=1.03 | top=3:0.65, 1:0.13
[2026-05-08 16:52:44]   [183/673] | true=sit_on_bed(0) | pred=sit_on_bed(0) |  ✓ | ent=1.16 | top=0:0.52, 1:0.28
[2026-05-08 16:52:51]   [184/673] | true=lying(2) | pred=lying(2) |  ✓ | ent=1.21 | top=2:0.50, 3:0.25
[2026-05-08 16:52:58]   [185/673] | true=sit_on_bed(0) | pred=sit_on_bed(0) |  ✓ | ent=1.08 | top=0:0.55, 1:0.30
[2026-05-08 16:53:02]   [186/673] | true=sit_on_bed(0) | pred=lying(2) |  ✗ | ent=0.59 | top=2:0.85, 0:0.05
[2026-05-08 16:53:09]   [187/673] | true=lying(2) | pred=lying(2) |  ✓ | ent=0.59 | top=2:0.85, 0:0.05
[2026-05-08 16:53:24]   [188/673] | true=lying(2) | pred=lying(2) |  ✓ | ent=0.71 | top=2:0.80, 3:0.10
[2026-05-08 16:53:31]   [189/673] | true=lying(2) | pred=lying(2) |  ✓ | ent=0.59 | top=2:0.85, 0:0.05
[2026-05-08 16:53:40]   [190/673] | true=sit_on_bed(0) | pred=lying(2) |  ✗ | ent=0.83 | top=2:0.75, 3:0.10
[2026-05-08 16:53:43]   [191/673] | true=sit_on_bed(0) | pred=sit_on_bed(0) |  ✓ | ent=0.95 | top=0:0.62, 1:0.28
[2026-05-08 16:53:47]   [192/673] | true=lying(2) | pred=lying(2) |  ✓ | ent=0.97 | top=2:0.68, 1:0.12
[2026-05-08 16:53:52]   [193/673] | true=lying(2) | pred=lying(2) |  ✓ | ent=0.59 | top=2:0.85, 0:0.05
[2026-05-08 16:53:56]   [194/673] | true=lying(2) | pred=lying(2) |  ✓ | ent=1.11 | top=2:0.60, 0:0.15
[2026-05-08 16:53:59]   [195/673] | true=lying(2) | pred=lying(2) |  ✓ | ent=0.89 | top=2:0.72, 3:0.13
[2026-05-08 16:54:05]   [196/673] | true=lying(2) | pred=sit_on_chair(1) |  ✗ | ent=0.87 | top=1:0.72, 3:0.15
[2026-05-08 16:54:08]   [197/673] | true=lying(2) | pred=lying(2) |  ✓ | ent=0.59 | top=2:0.85, 0:0.05
[2026-05-08 16:54:12]   [198/673] | true=sit_on_bed(0) | pred=sit_on_bed(0) |  ✓ | ent=1.03 | top=0:0.60, 1:0.25
[2026-05-08 16:54:29]   [199/673] | true=lying(2) | pred=lying(2) |  ✓ | ent=0.80 | top=2:0.75, 3:0.15
[2026-05-08 16:54:42]   [200/673] | true=lying(2) | pred=lying(2) |  ✓ | ent=1.03 | top=2:0.65, 0:0.15
[2026-05-08 16:54:51]   [201/673] | true=sit_on_chair(1) | pred=lying(2) |  ✗ | ent=0.93 | top=2:0.65, 3:0.25
[2026-05-08 16:55:09]   [202/673] | true=ambulating(3) | pred=ambulating(3) |  ✓ | ent=0.91 | top=3:0.70, 1:0.15
[2026-05-08 16:55:13]   [203/673] | true=lying(2) | pred=lying(2) |  ✓ | ent=0.90 | top=2:0.72, 1:0.10
[2026-05-08 16:55:14]   [204/673] | true=lying(2) | pred=lying(2) |  ✓ | ent=0.98 | top=2:0.65, 3:0.20
[2026-05-08 16:55:17]   [205/673] | true=lying(2) | pred=lying(2) |  ✓ | ent=0.87 | top=2:0.73, 3:0.12
[2026-05-08 16:55:21]   [206/673] | true=lying(2) | pred=lying(2) |  ✓ | ent=0.83 | top=2:0.75, 3:0.10
[2026-05-08 16:55:34]   [207/673] | true=ambulating(3) | pred=lying(2) |  ✗ | ent=1.35 | top=2:0.35, 1:0.25
[2026-05-08 16:55:39]   [208/673] | true=lying(2) | pred=lying(2) |  ✓ | ent=0.59 | top=2:0.85, 0:0.05
[2026-05-08 16:55:44]   [209/673] | true=lying(2) | pred=lying(2) |  ✓ | ent=0.59 | top=2:0.85, 0:0.05
[2026-05-08 16:55:50]   [210/673] | true=ambulating(3) | pred=ambulating(3) |  ✓ | ent=1.17 | top=3:0.55, 1:0.20
[2026-05-08 16:56:00]   [211/673] | true=sit_on_bed(0) | pred=sit_on_bed(0) |  ✓ | ent=1.39 | top=0:0.25, 1:0.25
[2026-05-08 16:56:06]   [212/673] | true=sit_on_bed(0) | pred=sit_on_bed(0) |  ✓ | ent=0.95 | top=0:0.62, 1:0.28
[2026-05-08 16:56:16]   [213/673] | true=sit_on_bed(0) | pred=ambulating(3) |  ✗ | ent=1.02 | top=3:0.65, 2:0.15
[2026-05-08 16:56:23]   [214/673] | true=lying(2) | pred=lying(2) |  ✓ | ent=1.13 | top=2:0.55, 3:0.25
[2026-05-08 16:56:26]   [215/673] | true=lying(2) | pred=lying(2) |  ✓ | ent=0.59 | top=2:0.85, 0:0.05
[2026-05-08 16:56:30]   [216/673] | true=lying(2) | pred=lying(2) |  ✓ | ent=0.87 | top=2:0.70, 3:0.20
[2026-05-08 16:56:33]   [217/673] | true=lying(2) | pred=lying(2) |  ✓ | ent=1.12 | top=2:0.58, 3:0.20
[2026-05-08 16:56:41]   [218/673] | true=ambulating(3) | pred=sit_on_bed(0) |  ✗ | ent=1.07 | top=0:0.55, 1:0.30
[2026-05-08 16:56:47]   [219/673] | true=lying(2) | pred=lying(2) |  ✓ | ent=0.59 | top=2:0.85, 0:0.05
[2026-05-08 16:56:55]   [220/673] | true=sit_on_bed(0) | pred=lying(2) |  ✗ | ent=0.59 | top=2:0.85, 0:0.05
[2026-05-08 16:57:01]   [221/673] | true=lying(2) | pred=lying(2) |  ✓ | ent=1.11 | top=2:0.55, 1:0.25
[2026-05-08 16:57:04]   [222/673] | true=ambulating(3) | pred=ambulating(3) |  ✓ | ent=0.59 | top=3:0.85, 0:0.05
[2026-05-08 16:57:18]   [223/673] | true=sit_on_chair(1) | pred=sit_on_bed(0) |  ✗ | ent=1.14 | top=0:0.55, 1:0.25
[2026-05-08 16:57:34]   [224/673] | true=lying(2) | pred=lying(2) |  ✓ | ent=0.94 | top=2:0.70, 3:0.12
[2026-05-08 16:57:38]   [225/673] | true=lying(2) | pred=lying(2) |  ✓ | ent=0.59 | top=2:0.85, 0:0.05
[2026-05-08 16:57:43]   [226/673] | true=lying(2) | pred=lying(2) |  ✓ | ent=0.71 | top=2:0.80, 3:0.10
[2026-05-08 16:57:49]   [227/673] | true=lying(2) | pred=lying(2) |  ✓ | ent=0.59 | top=2:0.85, 0:0.05
[2026-05-08 16:57:54]   [228/673] | true=sit_on_bed(0) | pred=lying(2) |  ✗ | ent=1.11 | top=2:0.60, 1:0.15
[2026-05-08 16:58:05]   [229/673] | true=sit_on_chair(1) | pred=sit_on_chair(1) |  ✓ | ent=1.17 | top=1:0.55, 3:0.20
[2026-05-08 16:58:12]   [230/673] | true=lying(2) | pred=lying(2) |  ✓ | ent=0.83 | top=2:0.75, 1:0.10
[2026-05-08 16:58:16]   [231/673] | true=sit_on_bed(0) | pred=sit_on_bed(0) |  ✓ | ent=0.84 | top=0:0.70, 1:0.22
[2026-05-08 16:58:43]   [232/673] | true=sit_on_bed(0) | pred=lying(2) |  ✗ | ent=0.71 | top=2:0.80, 3:0.10
[2026-05-08 16:58:49]   [233/673] | true=sit_on_bed(0) | pred=sit_on_bed(0) |  ✓ | ent=1.00 | top=0:0.55, 1:0.35
[2026-05-08 16:59:02]   [234/673] | true=sit_on_chair(1) | pred=lying(2) |  ✗ | ent=1.18 | top=2:0.55, 0:0.15
[2026-05-08 16:59:10]   [235/673] | true=lying(2) | pred=lying(2) |  ✓ | ent=0.90 | top=2:0.72, 0:0.10
[2026-05-08 16:59:13]   [236/673] | true=lying(2) | pred=lying(2) |  ✓ | ent=0.90 | top=2:0.72, 1:0.12
[2026-05-08 16:59:17]   [237/673] | true=sit_on_bed(0) | pred=lying(2) |  ✗ | ent=0.82 | top=2:0.75, 3:0.13
[2026-05-08 16:59:32]   [238/673] | true=lying(2) | pred=lying(2) |  ✓ | ent=0.87 | top=2:0.70, 3:0.20
[2026-05-08 16:59:37]   [239/673] | true=lying(2) | pred=lying(2) |  ✓ | ent=0.59 | top=2:0.85, 0:0.05
[2026-05-08 16:59:41]   [240/673] | true=lying(2) | pred=lying(2) |  ✓ | ent=0.59 | top=2:0.85, 0:0.05
[2026-05-08 16:59:47]   [241/673] | true=lying(2) | pred=lying(2) |  ✓ | ent=0.71 | top=2:0.80, 3:0.10
[2026-05-08 16:59:50]   [242/673] | true=lying(2) | pred=lying(2) |  ✓ | ent=1.35 | top=2:0.35, 0:0.25
[2026-05-08 16:59:55]   [243/673] | true=lying(2) | pred=lying(2) |  ✓ | ent=0.71 | top=2:0.80, 3:0.10
[2026-05-08 16:59:59]   [244/673] | true=lying(2) | pred=sit_on_bed(0) |  ✗ | ent=1.07 | top=0:0.55, 1:0.30
[2026-05-08 17:00:05]   [245/673] | true=lying(2) | pred=lying(2) |  ✓ | ent=0.59 | top=2:0.85, 0:0.05
[2026-05-08 17:00:11]   [246/673] | true=sit_on_chair(1) | pred=sit_on_chair(1) |  ✓ | ent=1.11 | top=1:0.55, 3:0.25
[2026-05-08 17:00:15]   [247/673] | true=lying(2) | pred=lying(2) |  ✓ | ent=0.83 | top=2:0.75, 0:0.10
[2026-05-08 17:00:26]   [248/673] | true=sit_on_bed(0) | pred=lying(2) |  ✗ | ent=0.83 | top=2:0.75, 1:0.10
[2026-05-08 17:00:39]   [249/673] | true=sit_on_bed(0) | pred=lying(2) |  ✗ | ent=0.90 | top=2:0.72, 1:0.12
[2026-05-08 17:00:57]   [250/673] | true=lying(2) | pred=lying(2) |  ✓ | ent=0.80 | top=2:0.75, 3:0.15
[2026-05-08 17:01:03]   [251/673] | true=lying(2) | pred=lying(2) |  ✓ | ent=0.90 | top=2:0.72, 1:0.10
[2026-05-08 17:01:07]   [252/673] | true=lying(2) | pred=lying(2) |  ✓ | ent=0.59 | top=2:0.85, 0:0.05
[2026-05-08 17:01:17]   [253/673] | true=lying(2) | pred=lying(2) |  ✓ | ent=0.80 | top=2:0.75, 3:0.15
[2026-05-08 17:01:26]   [254/673] | true=ambulating(3) | pred=lying(2) |  ✗ | ent=1.02 | top=2:0.65, 3:0.15
[2026-05-08 17:01:35]   [255/673] | true=sit_on_chair(1) | pred=sit_on_bed(0) |  ✗ | ent=1.06 | top=0:0.60, 1:0.20
[2026-05-08 17:01:48]   [256/673] | true=sit_on_bed(0) | pred=lying(2) |  ✗ | ent=0.91 | top=2:0.70, 0:0.15
[2026-05-08 17:01:54]   [257/673] | true=sit_on_bed(0) | pred=sit_on_bed(0) |  ✓ | ent=1.31 | top=0:0.35, 1:0.30
[2026-05-08 17:01:59]   [258/673] | true=lying(2) | pred=lying(2) |  ✓ | ent=1.11 | top=2:0.60, 0:0.15
[2026-05-08 17:02:07]   [259/673] | true=sit_on_chair(1) | pred=sit_on_bed(0) |  ✗ | ent=0.88 | top=0:0.72, 1:0.15
[2026-05-08 17:02:09]   [260/673] | true=sit_on_bed(0) | pred=sit_on_bed(0) |  ✓ | ent=1.02 | top=0:0.65, 3:0.15
[2026-05-08 17:02:20]   [261/673] | true=lying(2) | pred=lying(2) |  ✓ | ent=0.83 | top=2:0.75, 0:0.10
[2026-05-08 17:02:26]   [262/673] | true=lying(2) | pred=lying(2) |  ✓ | ent=0.90 | top=2:0.72, 1:0.10
[2026-05-08 17:02:30]   [263/673] | true=lying(2) | pred=lying(2) |  ✓ | ent=0.66 | top=2:0.82, 1:0.08
[2026-05-08 17:02:38]   [264/673] | true=sit_on_bed(0) | pred=lying(2) |  ✗ | ent=0.59 | top=2:0.85, 0:0.05
[2026-05-08 17:02:51]   [265/673] | true=ambulating(3) | pred=lying(2) |  ✗ | ent=1.28 | top=2:0.45, 3:0.25
[2026-05-08 17:02:59]   [266/673] | true=sit_on_bed(0) | pred=sit_on_bed(0) |  ✓ | ent=1.08 | top=0:0.55, 1:0.30
[2026-05-08 17:03:03]   [267/673] | true=lying(2) | pred=lying(2) |  ✓ | ent=0.80 | top=2:0.75, 3:0.15
[2026-05-08 17:03:08]   [268/673] | true=sit_on_bed(0) | pred=sit_on_bed(0) |  ✓ | ent=1.14 | top=0:0.55, 1:0.25
[2026-05-08 17:03:09]   [269/673] | true=lying(2) | pred=lying(2) |  ✓ | ent=0.59 | top=2:0.85, 0:0.05
[2026-05-08 17:03:18]   [270/673] | true=sit_on_chair(1) | pred=sit_on_bed(0) |  ✗ | ent=1.03 | top=0:0.60, 1:0.25
[2026-05-08 17:03:21]   [271/673] | true=lying(2) | pred=lying(2) |  ✓ | ent=0.59 | top=2:0.85, 0:0.05
[2026-05-08 17:03:27]   [272/673] | true=lying(2) | pred=lying(2) |  ✓ | ent=0.89 | top=2:0.72, 3:0.13
[2026-05-08 17:03:36]   [273/673] | true=lying(2) | pred=lying(2) |  ✓ | ent=0.59 | top=2:0.85, 0:0.05
[2026-05-08 17:03:39]   [274/673] | true=lying(2) | pred=lying(2) |  ✓ | ent=0.80 | top=2:0.75, 3:0.15
[2026-05-08 17:03:43]   [275/673] | true=sit_on_bed(0) | pred=sit_on_bed(0) |  ✓ | ent=0.98 | top=0:0.65, 1:0.20
[2026-05-08 17:03:45]   [276/673] | true=lying(2) | pred=lying(2) |  ✓ | ent=0.83 | top=2:0.75, 1:0.10
[2026-05-08 17:03:51]   [277/673] | true=lying(2) | pred=lying(2) |  ✓ | ent=1.06 | top=2:0.63, 0:0.15
[2026-05-08 17:03:55]   [278/673] | true=lying(2) | pred=lying(2) |  ✓ | ent=1.18 | top=2:0.55, 0:0.15
[2026-05-08 17:04:00]   [279/673] | true=lying(2) | pred=lying(2) |  ✓ | ent=0.59 | top=2:0.85, 0:0.05
[2026-05-08 17:04:05]   [280/673] | true=lying(2) | pred=lying(2) |  ✓ | ent=1.03 | top=2:0.65, 3:0.15
[2026-05-08 17:04:09]   [281/673] | true=lying(2) | pred=lying(2) |  ✓ | ent=0.80 | top=2:0.75, 3:0.15
[2026-05-08 17:04:14]   [282/673] | true=sit_on_bed(0) | pred=sit_on_bed(0) |  ✓ | ent=1.19 | top=0:0.42, 1:0.38
[2026-05-08 17:04:18]   [283/673] | true=sit_on_bed(0) | pred=sit_on_bed(0) |  ✓ | ent=0.98 | top=0:0.65, 1:0.20
[2026-05-08 17:04:23]   [284/673] | true=lying(2) | pred=lying(2) |  ✓ | ent=0.71 | top=2:0.80, 3:0.10
[2026-05-08 17:04:26]   [285/673] | true=lying(2) | pred=lying(2) |  ✓ | ent=0.59 | top=2:0.85, 0:0.05
[2026-05-08 17:04:36]   [286/673] | true=lying(2) | pred=lying(2) |  ✓ | ent=1.21 | top=2:0.50, 3:0.25
[2026-05-08 17:04:40]   [287/673] | true=lying(2) | pred=lying(2) |  ✓ | ent=0.59 | top=2:0.85, 0:0.05
[2026-05-08 17:04:43]   [288/673] | true=sit_on_bed(0) | pred=sit_on_bed(0) |  ✓ | ent=1.16 | top=0:0.45, 1:0.35
[2026-05-08 17:04:46]   [289/673] | true=lying(2) | pred=lying(2) |  ✓ | ent=0.59 | top=2:0.85, 0:0.05
[2026-05-08 17:04:57]   [290/673] | true=ambulating(3) | pred=sit_on_bed(0) |  ✗ | ent=0.93 | top=0:0.65, 1:0.25
[2026-05-08 17:05:00]   [291/673] | true=lying(2) | pred=lying(2) |  ✓ | ent=0.59 | top=2:0.85, 0:0.05
[2026-05-08 17:05:06]   [292/673] | true=lying(2) | pred=lying(2) |  ✓ | ent=0.93 | top=2:0.65, 3:0.25
[2026-05-08 17:05:21]   [293/673] | true=lying(2) | pred=lying(2) |  ✓ | ent=0.59 | top=2:0.85, 0:0.05
[2026-05-08 17:05:27]   [294/673] | true=lying(2) | pred=lying(2) |  ✓ | ent=0.93 | top=2:0.65, 3:0.25
[2026-05-08 17:05:34]   [295/673] | true=sit_on_bed(0) | pred=sit_on_bed(0) |  ✓ | ent=1.19 | top=0:0.42, 1:0.35
[2026-05-08 17:05:37]   [296/673] | true=lying(2) | pred=lying(2) |  ✓ | ent=0.80 | top=2:0.75, 3:0.15
[2026-05-08 17:05:43]   [297/673] | true=lying(2) | pred=lying(2) |  ✓ | ent=0.83 | top=2:0.75, 3:0.10
[2026-05-08 17:05:47]   [298/673] | true=lying(2) | pred=lying(2) |  ✓ | ent=0.83 | top=2:0.75, 3:0.10
[2026-05-08 17:05:50]   [299/673] | true=lying(2) | pred=lying(2) |  ✓ | ent=0.71 | top=2:0.80, 3:0.10
[2026-05-08 17:05:55]   [300/673] | true=lying(2) | pred=lying(2) |  ✓ | ent=0.89 | top=2:0.72, 3:0.13
[2026-05-08 17:06:08]   [301/673] | true=sit_on_bed(0) | pred=sit_on_bed(0) |  ✓ | ent=1.03 | top=0:0.62, 1:0.22
[2026-05-08 17:06:13]   [302/673] | true=lying(2) | pred=lying(2) |  ✓ | ent=0.59 | top=2:0.85, 0:0.05
[2026-05-08 17:06:17]   [303/673] | true=lying(2) | pred=lying(2) |  ✓ | ent=0.71 | top=2:0.80, 3:0.10
[2026-05-08 17:06:25]   [304/673] | true=sit_on_bed(0) | pred=lying(2) |  ✗ | ent=0.59 | top=2:0.85, 0:0.05
[2026-05-08 17:06:32]   [305/673] | true=lying(2) | pred=lying(2) |  ✓ | ent=0.80 | top=2:0.75, 3:0.15
[2026-05-08 17:06:41]   [306/673] | true=lying(2) | pred=lying(2) |  ✓ | ent=0.83 | top=2:0.75, 1:0.10
[2026-05-08 17:06:45]   [307/673] | true=lying(2) | pred=lying(2) |  ✓ | ent=0.59 | top=2:0.85, 0:0.05
[2026-05-08 17:06:56]   [308/673] | true=sit_on_chair(1) | pred=sit_on_bed(0) |  ✗ | ent=1.11 | top=0:0.55, 1:0.25
[2026-05-08 17:07:06]   [309/673] | true=lying(2) | pred=lying(2) |  ✓ | ent=1.30 | top=2:0.35, 3:0.35
[2026-05-08 17:07:08]   [310/673] | true=lying(2) | pred=lying(2) |  ✓ | ent=0.93 | top=2:0.65, 3:0.25
[2026-05-08 17:07:16]   [311/673] | true=sit_on_bed(0) | pred=sit_on_bed(0) |  ✓ | ent=1.07 | top=0:0.55, 1:0.30
[2026-05-08 17:07:21]   [312/673] | true=lying(2) | pred=lying(2) |  ✓ | ent=0.59 | top=2:0.85, 0:0.05
[2026-05-08 17:07:25]   [313/673] | true=lying(2) | pred=lying(2) |  ✓ | ent=0.90 | top=2:0.72, 0:0.10
[2026-05-08 17:07:32]   [314/673] | true=lying(2) | pred=lying(2) |  ✓ | ent=0.80 | top=2:0.75, 3:0.15
[2026-05-08 17:07:40]   [315/673] | true=lying(2) | pred=lying(2) |  ✓ | ent=0.89 | top=2:0.72, 1:0.12
[2026-05-08 17:07:50]   [316/673] | true=sit_on_bed(0) | pred=sit_on_bed(0) |  ✓ | ent=1.11 | top=0:0.55, 1:0.25
[2026-05-08 17:07:55]   [317/673] | true=lying(2) | pred=lying(2) |  ✓ | ent=0.87 | top=2:0.72, 0:0.15
[2026-05-08 17:08:00]   [318/673] | true=lying(2) | pred=lying(2) |  ✓ | ent=0.90 | top=2:0.72, 1:0.10
[2026-05-08 17:08:03]   [319/673] | true=lying(2) | pred=lying(2) |  ✓ | ent=0.83 | top=2:0.75, 1:0.10
[2026-05-08 17:08:09]   [320/673] | true=lying(2) | pred=lying(2) |  ✓ | ent=0.71 | top=2:0.80, 3:0.10
[2026-05-08 17:08:13]   [321/673] | true=lying(2) | pred=lying(2) |  ✓ | ent=0.83 | top=2:0.75, 1:0.10
[2026-05-08 17:08:31]   [322/673] | true=lying(2) | pred=lying(2) |  ✓ | ent=0.59 | top=2:0.85, 0:0.05
[2026-05-08 17:08:35]   [323/673] | true=lying(2) | pred=lying(2) |  ✓ | ent=1.11 | top=2:0.60, 1:0.15
[2026-05-08 17:08:40]   [324/673] | true=lying(2) | pred=lying(2) |  ✓ | ent=0.59 | top=2:0.85, 0:0.05
[2026-05-08 17:08:46]   [325/673] | true=lying(2) | pred=lying(2) |  ✓ | ent=0.71 | top=2:0.80, 3:0.10
[2026-05-08 17:09:04]   [326/673] | true=lying(2) | pred=lying(2) |  ✓ | ent=0.84 | top=2:0.72, 3:0.18
[2026-05-08 17:09:07]   [327/673] | true=lying(2) | pred=lying(2) |  ✓ | ent=1.14 | top=2:0.58, 1:0.15
[2026-05-08 17:09:13]   [328/673] | true=lying(2) | pred=lying(2) |  ✓ | ent=0.59 | top=2:0.85, 0:0.05
[2026-05-08 17:09:20]   [329/673] | true=lying(2) | pred=lying(2) |  ✓ | ent=0.90 | top=2:0.72, 1:0.12
[2026-05-08 17:09:28]   [330/673] | true=sit_on_bed(0) | pred=sit_on_bed(0) |  ✓ | ent=0.99 | top=0:0.62, 1:0.25
[2026-05-08 17:09:33]   [331/673] | true=sit_on_bed(0) | pred=sit_on_bed(0) |  ✓ | ent=0.87 | top=0:0.70, 1:0.20
[2026-05-08 17:09:40]   [332/673] | true=ambulating(3) | pred=lying(2) |  ✗ | ent=0.59 | top=2:0.85, 0:0.05
[2026-05-08 17:09:46]   [333/673] | true=lying(2) | pred=lying(2) |  ✓ | ent=0.59 | top=2:0.85, 0:0.05
[2026-05-08 17:09:51]   [334/673] | true=sit_on_bed(0) | pred=lying(2) |  ✗ | ent=0.90 | top=2:0.72, 1:0.12
[2026-05-08 17:09:54]   [335/673] | true=sit_on_chair(1) | pred=sit_on_chair(1) |  ✓ | ent=1.32 | top=1:0.40, 0:0.25
[2026-05-08 17:10:05]   [336/673] | true=lying(2) | pred=lying(2) |  ✓ | ent=0.59 | top=2:0.85, 0:0.05
[2026-05-08 17:10:11]   [337/673] | true=sit_on_bed(0) | pred=sit_on_bed(0) |  ✓ | ent=1.11 | top=0:0.55, 1:0.25
[2026-05-08 17:10:17]   [338/673] | true=sit_on_bed(0) | pred=sit_on_chair(1) |  ✗ | ent=1.11 | top=1:0.55, 0:0.25
[2026-05-08 17:10:23]   [339/673] | true=lying(2) | pred=lying(2) |  ✓ | ent=0.59 | top=2:0.85, 0:0.05
[2026-05-08 17:10:29]   [340/673] | true=lying(2) | pred=lying(2) |  ✓ | ent=0.59 | top=2:0.85, 0:0.05
[2026-05-08 17:10:36]   [341/673] | true=lying(2) | pred=lying(2) |  ✓ | ent=0.94 | top=2:0.70, 0:0.10
[2026-05-08 17:10:42]   [342/673] | true=lying(2) | pred=lying(2) |  ✓ | ent=0.80 | top=2:0.75, 3:0.15
[2026-05-08 17:10:44]   [343/673] | true=lying(2) | pred=lying(2) |  ✓ | ent=1.02 | top=2:0.65, 3:0.15
[2026-05-08 17:10:49]   [344/673] | true=lying(2) | pred=lying(2) |  ✓ | ent=0.80 | top=2:0.75, 3:0.15
[2026-05-08 17:10:52]   [345/673] | true=sit_on_bed(0) | pred=sit_on_bed(0) |  ✓ | ent=0.95 | top=0:0.62, 1:0.28
[2026-05-08 17:10:58]   [346/673] | true=sit_on_bed(0) | pred=sit_on_chair(1) |  ✗ | ent=1.16 | top=1:0.45, 0:0.35
[2026-05-08 17:11:05]   [347/673] | true=lying(2) | pred=lying(2) |  ✓ | ent=0.59 | top=2:0.85, 0:0.05
[2026-05-08 17:11:19]   [348/673] | true=lying(2) | pred=lying(2) |  ✓ | ent=0.83 | top=2:0.75, 3:0.10
[2026-05-08 17:11:21]   [349/673] | true=lying(2) | pred=lying(2) |  ✓ | ent=0.59 | top=2:0.85, 0:0.05
[2026-05-08 17:11:25]   [350/673] | true=lying(2) | pred=lying(2) |  ✓ | ent=0.83 | top=2:0.75, 1:0.10
[2026-05-08 17:11:47]   [351/673] | true=sit_on_chair(1) | pred=lying(2) |  ✗ | ent=1.03 | top=2:0.65, 1:0.15
[2026-05-08 17:11:51]   [352/673] | true=lying(2) | pred=lying(2) |  ✓ | ent=0.66 | top=2:0.82, 0:0.08
[2026-05-08 17:12:04]   [353/673] | true=lying(2) | pred=lying(2) |  ✓ | ent=0.83 | top=2:0.75, 3:0.10
[2026-05-08 17:12:07]   [354/673] | true=lying(2) | pred=lying(2) |  ✓ | ent=0.71 | top=2:0.80, 1:0.10
[2026-05-08 17:12:18]   [355/673] | true=ambulating(3) | pred=lying(2) |  ✗ | ent=0.59 | top=2:0.85, 0:0.05
[2026-05-08 17:12:31]   [356/673] | true=lying(2) | pred=lying(2) |  ✓ | ent=0.66 | top=2:0.82, 3:0.08
[2026-05-08 17:12:34]   [357/673] | true=lying(2) | pred=lying(2) |  ✓ | ent=0.59 | top=2:0.85, 0:0.05
[2026-05-08 17:12:37]   [358/673] | true=lying(2) | pred=lying(2) |  ✓ | ent=0.89 | top=2:0.72, 3:0.13
[2026-05-08 17:12:39]   [359/673] | true=lying(2) | pred=lying(2) |  ✓ | ent=1.12 | top=2:0.58, 3:0.20
[2026-05-08 17:12:44]   [360/673] | true=lying(2) | pred=lying(2) |  ✓ | ent=0.89 | top=2:0.72, 1:0.12
[2026-05-08 17:12:48]   [361/673] | true=lying(2) | pred=lying(2) |  ✓ | ent=0.59 | top=2:0.85, 0:0.05
[2026-05-08 17:12:55]   [362/673] | true=sit_on_bed(0) | pred=lying(2) |  ✗ | ent=0.71 | top=2:0.80, 3:0.10
[2026-05-08 17:13:08]   [363/673] | true=lying(2) | pred=lying(2) |  ✓ | ent=0.59 | top=2:0.85, 0:0.05
[2026-05-08 17:13:14]   [364/673] | true=lying(2) | pred=lying(2) |  ✓ | ent=0.80 | top=2:0.75, 3:0.15
[2026-05-08 17:13:20]   [365/673] | true=lying(2) | pred=lying(2) |  ✓ | ent=0.71 | top=2:0.80, 3:0.10
[2026-05-08 17:13:26]   [366/673] | true=sit_on_bed(0) | pred=sit_on_bed(0) |  ✓ | ent=1.19 | top=0:0.45, 1:0.30
[2026-05-08 17:13:44]   [367/673] | true=sit_on_bed(0) | pred=sit_on_chair(1) |  ✗ | ent=1.07 | top=1:0.58, 3:0.25
[2026-05-08 17:14:03]   [368/673] | true=lying(2) | pred=lying(2) |  ✓ | ent=0.80 | top=2:0.75, 3:0.15
[2026-05-08 17:14:09]   [369/673] | true=lying(2) | pred=lying(2) |  ✓ | ent=0.90 | top=2:0.72, 0:0.10
[2026-05-08 17:14:15]   [370/673] | true=lying(2) | pred=lying(2) |  ✓ | ent=0.59 | top=2:0.85, 0:0.05
[2026-05-08 17:14:21]   [371/673] | true=lying(2) | pred=lying(2) |  ✓ | ent=0.80 | top=2:0.75, 3:0.15
[2026-05-08 17:14:24]   [372/673] | true=lying(2) | pred=lying(2) |  ✓ | ent=0.80 | top=2:0.75, 3:0.15
[2026-05-08 17:14:27]   [373/673] | true=lying(2) | pred=lying(2) |  ✓ | ent=0.83 | top=2:0.75, 3:0.10
[2026-05-08 17:14:30]   [374/673] | true=lying(2) | pred=lying(2) |  ✓ | ent=1.03 | top=2:0.65, 1:0.15
[2026-05-08 17:14:33]   [375/673] | true=lying(2) | pred=lying(2) |  ✓ | ent=0.97 | top=2:0.68, 1:0.12
[2026-05-08 17:14:36]   [376/673] | true=lying(2) | pred=lying(2) |  ✓ | ent=0.59 | top=2:0.85, 0:0.05
[2026-05-08 17:14:39]   [377/673] | true=lying(2) | pred=lying(2) |  ✓ | ent=0.59 | top=2:0.85, 0:0.05
[2026-05-08 17:14:45]   [378/673] | true=lying(2) | pred=lying(2) |  ✓ | ent=0.59 | top=2:0.85, 0:0.05
[2026-05-08 17:14:54]   [379/673] | true=lying(2) | pred=lying(2) |  ✓ | ent=0.91 | top=2:0.70, 0:0.15
[2026-05-08 17:15:07]   [380/673] | true=lying(2) | pred=lying(2) |  ✓ | ent=1.17 | top=2:0.55, 3:0.20
[2026-05-08 17:15:23]   [381/673] | true=lying(2) | pred=lying(2) |  ✓ | ent=0.88 | top=2:0.72, 3:0.15
[2026-05-08 17:15:27]   [382/673] | true=lying(2) | pred=lying(2) |  ✓ | ent=0.59 | top=2:0.85, 0:0.05
[2026-05-08 17:15:42]   [383/673] | true=sit_on_bed(0) | pred=lying(2) |  ✗ | ent=0.59 | top=2:0.85, 0:0.05
[2026-05-08 17:15:46]   [384/673] | true=sit_on_bed(0) | pred=sit_on_bed(0) |  ✓ | ent=1.11 | top=0:0.55, 1:0.25
[2026-05-08 17:15:52]   [385/673] | true=sit_on_chair(1) | pred=lying(2) |  ✗ | ent=0.59 | top=2:0.85, 0:0.05
[2026-05-08 17:15:56]   [386/673] | true=lying(2) | pred=lying(2) |  ✓ | ent=0.83 | top=2:0.75, 1:0.10
[2026-05-08 17:15:58]   [387/673] | true=lying(2) | pred=lying(2) |  ✓ | ent=0.95 | top=2:0.68, 1:0.15
[2026-05-08 17:16:06]   [388/673] | true=sit_on_chair(1) | pred=sit_on_chair(1) |  ✓ | ent=0.98 | top=1:0.65, 3:0.20
[2026-05-08 17:16:09]   [389/673] | true=lying(2) | pred=lying(2) |  ✓ | ent=0.91 | top=2:0.70, 0:0.15
[2026-05-08 17:16:14]   [390/673] | true=lying(2) | pred=lying(2) |  ✓ | ent=0.80 | top=2:0.75, 3:0.15
[2026-05-08 17:16:19]   [391/673] | true=ambulating(3) | pred=sit_on_chair(1) |  ✗ | ent=1.26 | top=1:0.45, 0:0.25
[2026-05-08 17:16:28]   [392/673] | true=ambulating(3) | pred=ambulating(3) |  ✓ | ent=0.71 | top=3:0.80, 2:0.10
[2026-05-08 17:16:35]   [393/673] | true=ambulating(3) | pred=lying(2) |  ✗ | ent=0.98 | top=2:0.65, 3:0.20
[2026-05-08 17:16:38]   [394/673] | true=sit_on_bed(0) | pred=sit_on_bed(0) |  ✓ | ent=1.11 | top=0:0.55, 1:0.25
[2026-05-08 17:16:47]   [395/673] | true=lying(2) | pred=sit_on_chair(1) |  ✗ | ent=1.11 | top=1:0.55, 3:0.25
[2026-05-08 17:16:54]   [396/673] | true=lying(2) | pred=lying(2) |  ✓ | ent=0.80 | top=2:0.75, 3:0.15
[2026-05-08 17:16:58]   [397/673] | true=lying(2) | pred=lying(2) |  ✓ | ent=0.83 | top=2:0.75, 3:0.10
[2026-05-08 17:17:03]   [398/673] | true=sit_on_bed(0) | pred=sit_on_bed(0) |  ✓ | ent=1.31 | top=0:0.35, 1:0.30
[2026-05-08 17:17:09]   [399/673] | true=lying(2) | pred=lying(2) |  ✓ | ent=1.06 | top=2:0.62, 1:0.18
[2026-05-08 17:17:12]   [400/673] | true=lying(2) | pred=lying(2) |  ✓ | ent=1.03 | top=2:0.65, 1:0.15
[2026-05-08 17:17:23]   [401/673] | true=sit_on_bed(0) | pred=sit_on_bed(0) |  ✓ | ent=1.11 | top=0:0.58, 1:0.22
[2026-05-08 17:17:29]   [402/673] | true=lying(2) | pred=lying(2) |  ✓ | ent=0.80 | top=2:0.75, 3:0.15
[2026-05-08 17:17:48]   [403/673] | true=sit_on_bed(0) | pred=sit_on_bed(0) |  ✓ | ent=1.21 | top=0:0.40, 3:0.35
[2026-05-08 17:17:54]   [404/673] | true=ambulating(3) | pred=ambulating(3) |  ✓ | ent=1.15 | top=3:0.52, 1:0.28
[2026-05-08 17:18:10]   [405/673] | true=lying(2) | pred=lying(2) |  ✓ | ent=0.95 | top=2:0.62, 3:0.28
[2026-05-08 17:18:12]   [406/673] | true=lying(2) | pred=lying(2) |  ✓ | ent=0.88 | top=2:0.72, 3:0.14
[2026-05-08 17:18:28]   [407/673] | true=sit_on_bed(0) | pred=lying(2) |  ✗ | ent=0.87 | top=2:0.70, 3:0.20
[2026-05-08 17:18:33]   [408/673] | true=sit_on_bed(0) | pred=sit_on_bed(0) |  ✓ | ent=1.11 | top=0:0.55, 1:0.25
[2026-05-08 17:18:37]   [409/673] | true=sit_on_bed(0) | pred=sit_on_bed(0) |  ✓ | ent=1.01 | top=0:0.65, 1:0.18
[2026-05-08 17:18:44]   [410/673] | true=lying(2) | pred=lying(2) |  ✓ | ent=0.59 | top=2:0.85, 0:0.05
[2026-05-08 17:18:57]   [411/673] | true=lying(2) | pred=lying(2) |  ✓ | ent=1.09 | top=2:0.60, 3:0.20
[2026-05-08 17:19:02]   [412/673] | true=lying(2) | pred=lying(2) |  ✓ | ent=0.59 | top=2:0.85, 0:0.05
[2026-05-08 17:19:08]   [413/673] | true=lying(2) | pred=lying(2) |  ✓ | ent=1.11 | top=2:0.60, 0:0.15
[2026-05-08 17:19:14]   [414/673] | true=lying(2) | pred=lying(2) |  ✓ | ent=0.59 | top=2:0.85, 0:0.05
[2026-05-08 17:19:21]   [415/673] | true=lying(2) | pred=sit_on_chair(1) |  ✗ | ent=0.75 | top=1:0.78, 0:0.12
[2026-05-08 17:19:24]   [416/673] | true=lying(2) | pred=lying(2) |  ✓ | ent=0.90 | top=2:0.72, 1:0.12
[2026-05-08 17:19:30]   [417/673] | true=lying(2) | pred=lying(2) |  ✓ | ent=0.92 | top=2:0.70, 3:0.15
[2026-05-08 17:19:37]   [418/673] | true=lying(2) | pred=lying(2) |  ✓ | ent=0.83 | top=2:0.75, 1:0.10
[2026-05-08 17:19:40]   [419/673] | true=sit_on_chair(1) | pred=sit_on_chair(1) |  ✓ | ent=1.15 | top=1:0.52, 0:0.28
[2026-05-08 17:19:42]   [420/673] | true=lying(2) | pred=lying(2) |  ✓ | ent=0.80 | top=2:0.75, 3:0.15
[2026-05-08 17:19:50]   [421/673] | true=lying(2) | pred=lying(2) |  ✓ | ent=1.03 | top=2:0.65, 0:0.15
[2026-05-08 17:20:08]   [422/673] | true=lying(2) | pred=lying(2) |  ✓ | ent=0.95 | top=2:0.68, 3:0.17
[2026-05-08 17:20:11]   [423/673] | true=lying(2) | pred=lying(2) |  ✓ | ent=0.80 | top=2:0.75, 3:0.15
[2026-05-08 17:20:19]   [424/673] | true=sit_on_chair(1) | pred=sit_on_chair(1) |  ✓ | ent=1.17 | top=1:0.55, 3:0.20
[2026-05-08 17:20:27]   [425/673] | true=sit_on_bed(0) | pred=sit_on_bed(0) |  ✓ | ent=1.27 | top=0:0.42, 1:0.28
[2026-05-08 17:20:33]   [426/673] | true=sit_on_bed(0) | pred=lying(2) |  ✗ | ent=0.94 | top=2:0.70, 0:0.10
[2026-05-08 17:20:36]   [427/673] | true=lying(2) | pred=lying(2) |  ✓ | ent=1.03 | top=2:0.65, 3:0.15
[2026-05-08 17:20:38]   [428/673] | true=lying(2) | pred=lying(2) |  ✓ | ent=1.03 | top=2:0.65, 0:0.15
[2026-05-08 17:20:45]   [429/673] | true=sit_on_bed(0) | pred=lying(2) |  ✗ | ent=0.94 | top=2:0.70, 0:0.10
[2026-05-08 17:20:55]   [430/673] | true=lying(2) | pred=lying(2) |  ✓ | ent=1.14 | top=2:0.58, 1:0.15
[2026-05-08 17:21:01]   [431/673] | true=lying(2) | pred=lying(2) |  ✓ | ent=0.66 | top=2:0.82, 1:0.08
[2026-05-08 17:21:06]   [432/673] | true=lying(2) | pred=lying(2) |  ✓ | ent=1.11 | top=2:0.60, 1:0.15
[2026-05-08 17:21:10]   [433/673] | true=lying(2) | pred=lying(2) |  ✓ | ent=0.80 | top=2:0.75, 3:0.15
[2026-05-08 17:21:14]   [434/673] | true=lying(2) | pred=lying(2) |  ✓ | ent=0.94 | top=2:0.70, 0:0.10
[2026-05-08 17:21:21]   [435/673] | true=ambulating(3) | pred=sit_on_chair(1) |  ✗ | ent=1.00 | top=1:0.65, 0:0.15
[2026-05-08 17:21:23]   [436/673] | true=lying(2) | pred=lying(2) |  ✓ | ent=0.59 | top=2:0.85, 0:0.05
[2026-05-08 17:21:32]   [437/673] | true=lying(2) | pred=lying(2) |  ✓ | ent=0.90 | top=2:0.72, 1:0.10
[2026-05-08 17:21:38]   [438/673] | true=sit_on_bed(0) | pred=sit_on_bed(0) |  ✓ | ent=1.07 | top=0:0.55, 1:0.30
[2026-05-08 17:21:42]   [439/673] | true=lying(2) | pred=lying(2) |  ✓ | ent=0.83 | top=2:0.75, 1:0.10
[2026-05-08 17:22:05]   [440/673] | true=sit_on_bed(0) | pred=sit_on_bed(0) |  ✓ | ent=1.14 | top=0:0.55, 1:0.25
[2026-05-08 17:22:11]   [441/673] | true=sit_on_bed(0) | pred=lying(2) |  ✗ | ent=1.00 | top=2:0.65, 0:0.15
[2026-05-08 17:22:19]   [442/673] | true=lying(2) | pred=lying(2) |  ✓ | ent=1.03 | top=2:0.65, 1:0.15
[2026-05-08 17:22:29]   [443/673] | true=lying(2) | pred=lying(2) |  ✓ | ent=0.80 | top=2:0.75, 3:0.15
[2026-05-08 17:22:33]   [444/673] | true=lying(2) | pred=lying(2) |  ✓ | ent=0.59 | top=2:0.85, 0:0.05
[2026-05-08 17:22:41]   [445/673] | true=sit_on_bed(0) | pred=lying(2) |  ✗ | ent=0.59 | top=2:0.85, 0:0.05
[2026-05-08 17:22:49]   [446/673] | true=lying(2) | pred=lying(2) |  ✓ | ent=0.59 | top=2:0.85, 0:0.05
[2026-05-08 17:23:00]   [447/673] | true=sit_on_bed(0) | pred=ambulating(3) |  ✗ | ent=0.71 | top=3:0.80, 1:0.10
[2026-05-08 17:23:04]   [448/673] | true=lying(2) | pred=lying(2) |  ✓ | ent=0.90 | top=2:0.72, 0:0.10
[2026-05-08 17:23:21]   [449/673] | true=lying(2) | pred=lying(2) |  ✓ | ent=0.97 | top=2:0.60, 3:0.30
[2026-05-08 17:23:27]   [450/673] | true=lying(2) | pred=lying(2) |  ✓ | ent=0.83 | top=2:0.75, 1:0.10
[2026-05-08 17:23:30]   [451/673] | true=lying(2) | pred=lying(2) |  ✓ | ent=1.03 | top=2:0.65, 0:0.15
[2026-05-08 17:23:37]   [452/673] | true=lying(2) | pred=lying(2) |  ✓ | ent=0.71 | top=2:0.80, 3:0.10
[2026-05-08 17:23:41]   [453/673] | true=lying(2) | pred=lying(2) |  ✓ | ent=1.03 | top=2:0.65, 1:0.15
[2026-05-08 17:23:55]   [454/673] | true=sit_on_bed(0) | pred=sit_on_chair(1) |  ✗ | ent=1.25 | top=1:0.40, 0:0.35
[2026-05-08 17:24:03]   [455/673] | true=sit_on_bed(0) | pred=sit_on_bed(0) |  ✓ | ent=1.11 | top=0:0.58, 1:0.22
[2026-05-08 17:24:08]   [456/673] | true=sit_on_bed(0) | pred=sit_on_bed(0) |  ✓ | ent=0.84 | top=0:0.72, 1:0.18
[2026-05-08 17:24:24]   [457/673] | true=sit_on_chair(1) | pred=sit_on_chair(1) |  ✓ | ent=0.93 | top=1:0.65, 3:0.25
[2026-05-08 17:24:28]   [458/673] | true=lying(2) | pred=lying(2) |  ✓ | ent=0.90 | top=2:0.72, 0:0.10
[2026-05-08 17:24:36]   [459/673] | true=sit_on_bed(0) | pred=sit_on_chair(1) |  ✗ | ent=1.21 | top=1:0.40, 0:0.35
[2026-05-08 17:24:40]   [460/673] | true=lying(2) | pred=lying(2) |  ✓ | ent=0.59 | top=2:0.85, 0:0.05
[2026-05-08 17:24:44]   [461/673] | true=lying(2) | pred=lying(2) |  ✓ | ent=0.59 | top=2:0.85, 0:0.05
[2026-05-08 17:24:47]   [462/673] | true=lying(2) | pred=lying(2) |  ✓ | ent=0.80 | top=2:0.75, 3:0.15
[2026-05-08 17:24:52]   [463/673] | true=lying(2) | pred=lying(2) |  ✓ | ent=0.80 | top=2:0.75, 3:0.15
[2026-05-08 17:25:00]   [464/673] | true=lying(2) | pred=lying(2) |  ✓ | ent=0.94 | top=2:0.70, 0:0.10
[2026-05-08 17:25:08]   [465/673] | true=lying(2) | pred=lying(2) |  ✓ | ent=1.03 | top=2:0.65, 0:0.15
[2026-05-08 17:25:15]   [466/673] | true=lying(2) | pred=lying(2) |  ✓ | ent=1.03 | top=2:0.65, 1:0.15
[2026-05-08 17:25:20]   [467/673] | true=lying(2) | pred=lying(2) |  ✓ | ent=0.98 | top=2:0.68, 0:0.12
[2026-05-08 17:25:24]   [468/673] | true=lying(2) | pred=lying(2) |  ✓ | ent=0.94 | top=2:0.70, 0:0.10
[2026-05-08 17:25:26]   [469/673] | true=lying(2) | pred=lying(2) |  ✓ | ent=0.71 | top=2:0.80, 3:0.10
[2026-05-08 17:25:31]   [470/673] | true=lying(2) | pred=lying(2) |  ✓ | ent=0.59 | top=2:0.85, 0:0.05
[2026-05-08 17:25:36]   [471/673] | true=ambulating(3) | pred=ambulating(3) |  ✓ | ent=0.80 | top=3:0.75, 1:0.15
[2026-05-08 17:25:38]   [472/673] | true=sit_on_chair(1) | pred=sit_on_chair(1) |  ✓ | ent=1.11 | top=1:0.55, 3:0.25
[2026-05-08 17:25:46]   [473/673] | true=sit_on_bed(0) | pred=sit_on_bed(0) |  ✓ | ent=0.84 | top=0:0.72, 1:0.18
[2026-05-08 17:25:49]   [474/673] | true=sit_on_bed(0) | pred=sit_on_bed(0) |  ✓ | ent=1.11 | top=0:0.55, 1:0.25
[2026-05-08 17:25:53]   [475/673] | true=lying(2) | pred=lying(2) |  ✓ | ent=0.83 | top=2:0.75, 1:0.10
[2026-05-08 17:25:59]   [476/673] | true=sit_on_bed(0) | pred=sit_on_bed(0) |  ✓ | ent=1.11 | top=0:0.55, 1:0.25
[2026-05-08 17:26:03]   [477/673] | true=lying(2) | pred=lying(2) |  ✓ | ent=0.90 | top=2:0.72, 1:0.10
[2026-05-08 17:26:25]   [478/673] | true=lying(2) | pred=lying(2) |  ✓ | ent=0.84 | top=2:0.72, 3:0.18
[2026-05-08 17:26:28]   [479/673] | true=lying(2) | pred=lying(2) |  ✓ | ent=0.83 | top=2:0.75, 1:0.10
[2026-05-08 17:26:32]   [480/673] | true=lying(2) | pred=lying(2) |  ✓ | ent=1.03 | top=2:0.65, 3:0.15
[2026-05-08 17:26:39]   [481/673] | true=lying(2) | pred=lying(2) |  ✓ | ent=0.59 | top=2:0.85, 0:0.05
[2026-05-08 17:26:42]   [482/673] | true=lying(2) | pred=lying(2) |  ✓ | ent=0.90 | top=2:0.72, 1:0.12
[2026-05-08 17:26:45]   [483/673] | true=lying(2) | pred=lying(2) |  ✓ | ent=0.80 | top=2:0.75, 3:0.15
[2026-05-08 17:26:51]   [484/673] | true=lying(2) | pred=lying(2) |  ✓ | ent=0.94 | top=2:0.70, 0:0.10
[2026-05-08 17:27:01]   [485/673] | true=lying(2) | pred=lying(2) |  ✓ | ent=1.10 | top=2:0.60, 1:0.18
[2026-05-08 17:27:09]   [486/673] | true=lying(2) | pred=lying(2) |  ✓ | ent=0.59 | top=2:0.85, 0:0.05
[2026-05-08 17:27:14]   [487/673] | true=lying(2) | pred=ambulating(3) |  ✗ | ent=0.80 | top=3:0.75, 1:0.15
[2026-05-08 17:27:24]   [488/673] | true=ambulating(3) | pred=lying(2) |  ✗ | ent=1.13 | top=2:0.58, 1:0.18
[2026-05-08 17:27:30]   [489/673] | true=sit_on_bed(0) | pred=sit_on_bed(0) |  ✓ | ent=1.12 | top=0:0.52, 1:0.30
[2026-05-08 17:27:33]   [490/673] | true=lying(2) | pred=lying(2) |  ✓ | ent=0.84 | top=2:0.72, 3:0.18
[2026-05-08 17:27:36]   [491/673] | true=sit_on_bed(0) | pred=sit_on_bed(0) |  ✓ | ent=1.13 | top=0:0.52, 1:0.28
[2026-05-08 17:27:39]   [492/673] | true=lying(2) | pred=lying(2) |  ✓ | ent=0.80 | top=2:0.75, 3:0.15
[2026-05-08 17:27:42]   [493/673] | true=sit_on_bed(0) | pred=sit_on_bed(0) |  ✓ | ent=1.16 | top=0:0.45, 1:0.35
[2026-05-08 17:27:45]   [494/673] | true=lying(2) | pred=lying(2) |  ✓ | ent=0.71 | top=2:0.80, 3:0.10
[2026-05-08 17:27:48]   [495/673] | true=lying(2) | pred=lying(2) |  ✓ | ent=0.83 | top=2:0.75, 3:0.10
[2026-05-08 17:27:55]   [496/673] | true=sit_on_bed(0) | pred=lying(2) |  ✗ | ent=0.89 | top=2:0.72, 3:0.13
[2026-05-08 17:27:58]   [497/673] | true=lying(2) | pred=lying(2) |  ✓ | ent=1.14 | top=2:0.58, 1:0.15
[2026-05-08 17:28:04]   [498/673] | true=sit_on_bed(0) | pred=ambulating(3) |  ✗ | ent=1.03 | top=3:0.60, 1:0.25
[2026-05-08 17:28:19]   [499/673] | true=lying(2) | pred=lying(2) |  ✓ | ent=0.83 | top=2:0.75, 0:0.10
[2026-05-08 17:28:25]   [500/673] | true=lying(2) | pred=lying(2) |  ✓ | ent=0.82 | top=2:0.75, 3:0.12
[2026-05-08 17:28:32]   [501/673] | true=lying(2) | pred=ambulating(3) |  ✗ | ent=1.21 | top=3:0.50, 1:0.25
[2026-05-08 17:28:36]   [502/673] | true=sit_on_bed(0) | pred=sit_on_bed(0) |  ✓ | ent=0.98 | top=0:0.65, 1:0.20
[2026-05-08 17:28:39]   [503/673] | true=lying(2) | pred=lying(2) |  ✓ | ent=1.17 | top=2:0.55, 3:0.20
[2026-05-08 17:28:42]   [504/673] | true=lying(2) | pred=lying(2) |  ✓ | ent=0.94 | top=2:0.70, 0:0.10
[2026-05-08 17:28:53]   [505/673] | true=lying(2) | pred=lying(2) |  ✓ | ent=0.59 | top=2:0.85, 0:0.05
[2026-05-08 17:28:57]   [506/673] | true=sit_on_bed(0) | pred=lying(2) |  ✗ | ent=0.59 | top=2:0.85, 0:0.05
[2026-05-08 17:29:01]   [507/673] | true=lying(2) | pred=lying(2) |  ✓ | ent=1.03 | top=2:0.65, 0:0.15
[2026-05-08 17:29:05]   [508/673] | true=lying(2) | pred=lying(2) |  ✓ | ent=1.03 | top=2:0.65, 0:0.15
[2026-05-08 17:29:15]   [509/673] | true=lying(2) | pred=sit_on_bed(0) |  ✗ | ent=1.17 | top=0:0.55, 1:0.20
[2026-05-08 17:29:20]   [510/673] | true=ambulating(3) | pred=lying(2) |  ✗ | ent=0.83 | top=2:0.75, 1:0.10
[2026-05-08 17:29:23]   [511/673] | true=lying(2) | pred=lying(2) |  ✓ | ent=0.93 | top=2:0.68, 3:0.19
[2026-05-08 17:29:38]   [512/673] | true=sit_on_chair(1) | pred=sit_on_bed(0) |  ✗ | ent=1.15 | top=0:0.55, 1:0.20
[2026-05-08 17:29:43]   [513/673] | true=sit_on_bed(0) | pred=sit_on_bed(0) |  ✓ | ent=0.80 | top=0:0.75, 1:0.15
[2026-05-08 17:29:48]   [514/673] | true=lying(2) | pred=lying(2) |  ✓ | ent=0.59 | top=2:0.85, 0:0.05
[2026-05-08 17:30:06]   [515/673] | true=lying(2) | pred=lying(2) |  ✓ | ent=0.87 | top=2:0.72, 3:0.15
[2026-05-08 17:30:09]   [516/673] | true=lying(2) | pred=lying(2) |  ✓ | ent=0.90 | top=2:0.72, 1:0.10
[2026-05-08 17:30:16]   [517/673] | true=lying(2) | pred=lying(2) |  ✓ | ent=1.03 | top=2:0.65, 1:0.15
[2026-05-08 17:30:23]   [518/673] | true=sit_on_bed(0) | pred=sit_on_bed(0) |  ✓ | ent=1.17 | top=0:0.42, 1:0.38
[2026-05-08 17:30:32]   [519/673] | true=sit_on_bed(0) | pred=lying(2) |  ✗ | ent=0.59 | top=2:0.85, 0:0.05
[2026-05-08 17:30:38]   [520/673] | true=lying(2) | pred=lying(2) |  ✓ | ent=1.11 | top=2:0.60, 0:0.15
[2026-05-08 17:30:40]   [521/673] | true=lying(2) | pred=lying(2) |  ✓ | ent=0.91 | top=2:0.70, 0:0.15
[2026-05-08 17:30:44]   [522/673] | true=lying(2) | pred=lying(2) |  ✓ | ent=0.59 | top=2:0.85, 0:0.05
[2026-05-08 17:30:51]   [523/673] | true=lying(2) | pred=lying(2) |  ✓ | ent=0.59 | top=2:0.85, 0:0.05
[2026-05-08 17:31:00]   [524/673] | true=ambulating(3) | pred=lying(2) |  ✗ | ent=1.21 | top=2:0.50, 3:0.25
[2026-05-08 17:31:09]   [525/673] | true=sit_on_bed(0) | pred=lying(2) |  ✗ | ent=1.06 | top=2:0.63, 3:0.15
[2026-05-08 17:31:22]   [526/673] | true=lying(2) | pred=lying(2) |  ✓ | ent=0.99 | top=2:0.65, 3:0.20
[2026-05-08 17:31:25]   [527/673] | true=lying(2) | pred=lying(2) |  ✓ | ent=1.00 | top=2:0.65, 0:0.15
[2026-05-08 17:31:27]   [528/673] | true=lying(2) | pred=lying(2) |  ✓ | ent=0.98 | top=2:0.68, 1:0.12
[2026-05-08 17:31:32]   [529/673] | true=lying(2) | pred=lying(2) |  ✓ | ent=0.59 | top=2:0.85, 0:0.05
[2026-05-08 17:31:37]   [530/673] | true=ambulating(3) | pred=sit_on_chair(1) |  ✗ | ent=1.17 | top=1:0.55, 0:0.20
[2026-05-08 17:31:51]   [531/673] | true=sit_on_bed(0) | pred=lying(2) |  ✗ | ent=0.80 | top=2:0.75, 3:0.15
[2026-05-08 17:31:54]   [532/673] | true=lying(2) | pred=lying(2) |  ✓ | ent=1.06 | top=2:0.63, 1:0.15
[2026-05-08 17:32:02]   [533/673] | true=sit_on_bed(0) | pred=sit_on_chair(1) |  ✗ | ent=1.21 | top=1:0.50, 0:0.25
[2026-05-08 17:32:08]   [534/673] | true=lying(2) | pred=lying(2) |  ✓ | ent=0.59 | top=2:0.85, 0:0.05
[2026-05-08 17:32:19]   [535/673] | true=sit_on_bed(0) | pred=ambulating(3) |  ✗ | ent=1.09 | top=3:0.55, 1:0.28
[2026-05-08 17:32:25]   [536/673] | true=sit_on_bed(0) | pred=ambulating(3) |  ✗ | ent=1.25 | top=3:0.40, 1:0.35
[2026-05-08 17:32:29]   [537/673] | true=lying(2) | pred=lying(2) |  ✓ | ent=0.59 | top=2:0.85, 0:0.05
[2026-05-08 17:32:33]   [538/673] | true=sit_on_bed(0) | pred=sit_on_bed(0) |  ✓ | ent=1.06 | top=0:0.62, 1:0.18
[2026-05-08 17:32:37]   [539/673] | true=ambulating(3) | pred=ambulating(3) |  ✓ | ent=1.11 | top=3:0.55, 1:0.25
[2026-05-08 17:32:45]   [540/673] | true=lying(2) | pred=lying(2) |  ✓ | ent=0.87 | top=2:0.70, 3:0.20
[2026-05-08 17:32:49]   [541/673] | true=sit_on_bed(0) | pred=sit_on_bed(0) |  ✓ | ent=1.19 | top=0:0.45, 1:0.35
[2026-05-08 17:33:13]   [542/673] | true=sit_on_bed(0) | pred=lying(2) |  ✗ | ent=0.59 | top=2:0.85, 0:0.05
[2026-05-08 17:33:31]   [543/673] | true=lying(2) | pred=lying(2) |  ✓ | ent=0.59 | top=2:0.85, 0:0.05
[2026-05-08 17:33:35]   [544/673] | true=sit_on_bed(0) | pred=sit_on_bed(0) |  ✓ | ent=1.17 | top=0:0.55, 1:0.20
[2026-05-08 17:33:39]   [545/673] | true=lying(2) | pred=lying(2) |  ✓ | ent=0.59 | top=2:0.85, 0:0.05
[2026-05-08 17:33:44]   [546/673] | true=lying(2) | pred=lying(2) |  ✓ | ent=1.03 | top=2:0.65, 1:0.15
[2026-05-08 17:33:50]   [547/673] | true=sit_on_bed(0) | pred=lying(2) |  ✗ | ent=0.90 | top=2:0.72, 3:0.12
[2026-05-08 17:33:59]   [548/673] | true=lying(2) | pred=sit_on_bed(0) |  ✗ | ent=1.22 | top=0:0.52, 2:0.18
[2026-05-08 17:34:02]   [549/673] | true=lying(2) | pred=lying(2) |  ✓ | ent=0.84 | top=2:0.75, 1:0.09
[2026-05-08 17:34:04]   [550/673] | true=lying(2) | pred=lying(2) |  ✓ | ent=0.90 | top=2:0.72, 1:0.12
[2026-05-08 17:34:10]   [551/673] | true=lying(2) | pred=lying(2) |  ✓ | ent=0.90 | top=2:0.72, 1:0.10
[2026-05-08 17:34:34]   [552/673] | true=ambulating(3) | pred=ambulating(3) |  ✓ | ent=1.19 | top=3:0.45, 0:0.30
[2026-05-08 17:34:37]   [553/673] | true=lying(2) | pred=lying(2) |  ✓ | ent=0.90 | top=2:0.72, 0:0.12
[2026-05-08 17:34:38]   [554/673] | true=lying(2) | pred=lying(2) |  ✓ | ent=1.06 | top=2:0.63, 1:0.15
[2026-05-08 17:34:43]   [555/673] | true=ambulating(3) | pred=ambulating(3) |  ✓ | ent=0.91 | top=3:0.70, 1:0.15
[2026-05-08 17:34:47]   [556/673] | true=lying(2) | pred=lying(2) |  ✓ | ent=0.71 | top=2:0.80, 3:0.10
[2026-05-08 17:34:50]   [557/673] | true=lying(2) | pred=lying(2) |  ✓ | ent=0.59 | top=2:0.85, 0:0.05
[2026-05-08 17:34:57]   [558/673] | true=sit_on_bed(0) | pred=sit_on_bed(0) |  ✓ | ent=1.06 | top=0:0.62, 1:0.18
[2026-05-08 17:35:05]   [559/673] | true=sit_on_bed(0) | pred=sit_on_bed(0) |  ✓ | ent=0.80 | top=0:0.75, 1:0.15
[2026-05-08 17:35:09]   [560/673] | true=lying(2) | pred=lying(2) |  ✓ | ent=0.59 | top=2:0.85, 0:0.05
[2026-05-08 17:35:18]   [561/673] | true=sit_on_chair(1) | pred=sit_on_chair(1) |  ✓ | ent=0.93 | top=1:0.65, 3:0.25
[2026-05-08 17:35:23]   [562/673] | true=lying(2) | pred=lying(2) |  ✓ | ent=0.91 | top=2:0.70, 3:0.15
[2026-05-08 17:35:29]   [563/673] | true=lying(2) | pred=lying(2) |  ✓ | ent=0.84 | top=2:0.72, 3:0.18
[2026-05-08 17:35:35]   [564/673] | true=lying(2) | pred=lying(2) |  ✓ | ent=1.11 | top=2:0.60, 0:0.15
[2026-05-08 17:35:45]   [565/673] | true=ambulating(3) | pred=sit_on_chair(1) |  ✗ | ent=0.71 | top=1:0.80, 3:0.10
[2026-05-08 17:35:48]   [566/673] | true=lying(2) | pred=lying(2) |  ✓ | ent=1.17 | top=2:0.55, 3:0.20
[2026-05-08 17:36:01]   [567/673] | true=sit_on_chair(1) | pred=sit_on_chair(1) |  ✓ | ent=1.07 | top=1:0.55, 0:0.30
[2026-05-08 17:36:17]   [568/673] | true=sit_on_bed(0) | pred=sit_on_bed(0) |  ✓ | ent=1.22 | top=0:0.42, 1:0.32
[2026-05-08 17:36:22]   [569/673] | true=sit_on_bed(0) | pred=sit_on_chair(1) |  ✗ | ent=1.11 | top=1:0.60, 0:0.15
[2026-05-08 17:36:26]   [570/673] | true=sit_on_bed(0) | pred=sit_on_bed(0) |  ✓ | ent=1.14 | top=0:0.55, 1:0.25
[2026-05-08 17:36:46]   [571/673] | true=lying(2) | pred=lying(2) |  ✓ | ent=0.93 | top=2:0.65, 3:0.25
[2026-05-08 17:36:53]   [572/673] | true=ambulating(3) | pred=sit_on_chair(1) |  ✗ | ent=0.91 | top=1:0.70, 3:0.15
[2026-05-08 17:36:57]   [573/673] | true=sit_on_bed(0) | pred=sit_on_chair(1) |  ✗ | ent=1.17 | top=1:0.55, 3:0.20
[2026-05-08 17:37:04]   [574/673] | true=lying(2) | pred=ambulating(3) |  ✗ | ent=1.21 | top=3:0.50, 1:0.25
[2026-05-08 17:37:08]   [575/673] | true=sit_on_bed(0) | pred=lying(2) |  ✗ | ent=0.59 | top=2:0.85, 0:0.05
[2026-05-08 17:37:13]   [576/673] | true=lying(2) | pred=lying(2) |  ✓ | ent=1.03 | top=2:0.65, 0:0.15
[2026-05-08 17:37:20]   [577/673] | true=lying(2) | pred=ambulating(3) |  ✗ | ent=0.82 | top=3:0.75, 1:0.12
[2026-05-08 17:37:23]   [578/673] | true=lying(2) | pred=lying(2) |  ✓ | ent=0.71 | top=2:0.80, 3:0.10
[2026-05-08 17:37:28]   [579/673] | true=sit_on_chair(1) | pred=sit_on_bed(0) |  ✗ | ent=1.13 | top=0:0.52, 1:0.30
[2026-05-08 17:37:32]   [580/673] | true=sit_on_bed(0) | pred=sit_on_bed(0) |  ✓ | ent=0.91 | top=0:0.70, 1:0.15
[2026-05-08 17:37:40]   [581/673] | true=sit_on_bed(0) | pred=lying(2) |  ✗ | ent=0.83 | top=2:0.75, 1:0.10
[2026-05-08 17:37:44]   [582/673] | true=sit_on_bed(0) | pred=sit_on_bed(0) |  ✓ | ent=1.14 | top=0:0.55, 1:0.25
[2026-05-08 17:37:51]   [583/673] | true=lying(2) | pred=lying(2) |  ✓ | ent=0.89 | top=2:0.72, 3:0.13
[2026-05-08 17:37:55]   [584/673] | true=sit_on_bed(0) | pred=sit_on_bed(0) |  ✓ | ent=1.24 | top=0:0.35, 1:0.30
[2026-05-08 17:37:57]   [585/673] | true=lying(2) | pred=lying(2) |  ✓ | ent=0.89 | top=2:0.72, 3:0.13
[2026-05-08 17:38:05]   [586/673] | true=ambulating(3) | pred=lying(2) |  ✗ | ent=0.83 | top=2:0.75, 1:0.10
[2026-05-08 17:38:09]   [587/673] | true=lying(2) | pred=lying(2) |  ✓ | ent=0.59 | top=2:0.85, 0:0.05
[2026-05-08 17:38:14]   [588/673] | true=sit_on_chair(1) | pred=lying(2) |  ✗ | ent=0.80 | top=2:0.75, 3:0.15
[2026-05-08 17:38:20]   [589/673] | true=lying(2) | pred=lying(2) |  ✓ | ent=0.89 | top=2:0.72, 3:0.13
[2026-05-08 17:38:23]   [590/673] | true=lying(2) | pred=lying(2) |  ✓ | ent=0.94 | top=2:0.70, 0:0.10
[2026-05-08 17:38:27]   [591/673] | true=lying(2) | pred=lying(2) |  ✓ | ent=0.90 | top=2:0.72, 1:0.12
[2026-05-08 17:38:32]   [592/673] | true=lying(2) | pred=lying(2) |  ✓ | ent=0.71 | top=2:0.80, 3:0.10
[2026-05-08 17:38:35]   [593/673] | true=lying(2) | pred=lying(2) |  ✓ | ent=0.59 | top=2:0.85, 0:0.05
[2026-05-08 17:38:38]   [594/673] | true=sit_on_bed(0) | pred=sit_on_bed(0) |  ✓ | ent=0.93 | top=0:0.65, 1:0.25
[2026-05-08 17:38:42]   [595/673] | true=ambulating(3) | pred=sit_on_chair(1) |  ✗ | ent=1.21 | top=1:0.40, 0:0.35
[2026-05-08 17:38:49]   [596/673] | true=lying(2) | pred=sit_on_bed(0) |  ✗ | ent=1.19 | top=0:0.45, 1:0.35
[2026-05-08 17:38:53]   [597/673] | true=sit_on_bed(0) | pred=sit_on_bed(0) |  ✓ | ent=0.97 | top=0:0.68, 1:0.14
[2026-05-08 17:38:57]   [598/673] | true=lying(2) | pred=lying(2) |  ✓ | ent=0.94 | top=2:0.70, 0:0.10
[2026-05-08 17:39:00]   [599/673] | true=sit_on_bed(0) | pred=sit_on_bed(0) |  ✓ | ent=0.84 | top=0:0.72, 1:0.18
[2026-05-08 17:39:03]   [600/673] | true=lying(2) | pred=lying(2) |  ✓ | ent=1.17 | top=2:0.55, 3:0.20
[2026-05-08 17:39:06]   [601/673] | true=lying(2) | pred=lying(2) |  ✓ | ent=0.59 | top=2:0.85, 0:0.05
[2026-05-08 17:39:12]   [602/673] | true=lying(2) | pred=lying(2) |  ✓ | ent=0.98 | top=2:0.65, 3:0.20
[2026-05-08 17:39:15]   [603/673] | true=lying(2) | pred=lying(2) |  ✓ | ent=1.35 | top=2:0.35, 0:0.25
[2026-05-08 17:39:19]   [604/673] | true=lying(2) | pred=lying(2) |  ✓ | ent=0.95 | top=2:0.68, 3:0.17
[2026-05-08 17:39:21]   [605/673] | true=lying(2) | pred=lying(2) |  ✓ | ent=0.80 | top=2:0.75, 3:0.15
[2026-05-08 17:39:25]   [606/673] | true=lying(2) | pred=lying(2) |  ✓ | ent=1.03 | top=2:0.65, 1:0.15
[2026-05-08 17:39:35]   [607/673] | true=sit_on_bed(0) | pred=sit_on_bed(0) |  ✓ | ent=1.11 | top=0:0.55, 1:0.25
[2026-05-08 17:39:40]   [608/673] | true=lying(2) | pred=lying(2) |  ✓ | ent=1.17 | top=2:0.55, 3:0.20
[2026-05-08 17:39:42]   [609/673] | true=lying(2) | pred=lying(2) |  ✓ | ent=0.83 | top=2:0.75, 0:0.10
[2026-05-08 17:39:48]   [610/673] | true=sit_on_bed(0) | pred=sit_on_bed(0) |  ✓ | ent=1.00 | top=0:0.65, 1:0.15
[2026-05-08 17:39:50]   [611/673] | true=lying(2) | pred=lying(2) |  ✓ | ent=1.21 | top=2:0.50, 3:0.25
[2026-05-08 17:39:55]   [612/673] | true=lying(2) | pred=lying(2) |  ✓ | ent=1.11 | top=2:0.60, 0:0.15
[2026-05-08 17:40:05]   [613/673] | true=sit_on_bed(0) | pred=sit_on_bed(0) |  ✓ | ent=0.80 | top=0:0.75, 2:0.15
[2026-05-08 17:40:10]   [614/673] | true=lying(2) | pred=lying(2) |  ✓ | ent=0.59 | top=2:0.85, 0:0.05
[2026-05-08 17:40:25]   [615/673] | true=sit_on_bed(0) | pred=sit_on_bed(0) |  ✓ | ent=1.12 | top=0:0.52, 1:0.30
[2026-05-08 17:40:38]   [616/673] | true=sit_on_bed(0) | pred=ambulating(3) |  ✗ | ent=0.71 | top=3:0.80, 1:0.10
[2026-05-08 17:40:43]   [617/673] | true=lying(2) | pred=lying(2) |  ✓ | ent=0.90 | top=2:0.72, 3:0.11
[2026-05-08 17:40:52]   [618/673] | true=sit_on_bed(0) | pred=sit_on_bed(0) |  ✓ | ent=0.98 | top=0:0.65, 1:0.20
[2026-05-08 17:41:04]   [619/673] | true=lying(2) | pred=lying(2) |  ✓ | ent=0.91 | top=2:0.70, 3:0.15
[2026-05-08 17:41:23]   [620/673] | true=lying(2) | pred=sit_on_bed(0) |  ✗ | ent=1.11 | top=0:0.55, 1:0.25
[2026-05-08 17:41:27]   [621/673] | true=lying(2) | pred=sit_on_chair(1) |  ✗ | ent=1.13 | top=1:0.55, 3:0.25
[2026-05-08 17:41:40]   [622/673] | true=sit_on_bed(0) | pred=ambulating(3) |  ✗ | ent=1.11 | top=3:0.55, 1:0.25
[2026-05-08 17:41:49]   [623/673] | true=sit_on_bed(0) | pred=sit_on_chair(1) |  ✗ | ent=0.80 | top=1:0.75, 3:0.15
[2026-05-08 17:42:19]   [624/673] | true=lying(2) | pred=lying(2) |  ✓ | ent=1.17 | top=2:0.50, 3:0.30
[2026-05-08 17:42:28]   [625/673] | true=sit_on_bed(0) | pred=lying(2) |  ✗ | ent=0.82 | top=2:0.75, 3:0.13
[2026-05-08 17:42:31]   [626/673] | true=sit_on_bed(0) | pred=sit_on_bed(0) |  ✓ | ent=1.07 | top=0:0.55, 1:0.30
[2026-05-08 17:42:39]   [627/673] | true=ambulating(3) | pred=sit_on_bed(0) |  ✗ | ent=1.11 | top=0:0.55, 1:0.25
[2026-05-08 17:42:41]   [628/673] | true=sit_on_bed(0) | pred=sit_on_bed(0) |  ✓ | ent=1.19 | top=0:0.42, 1:0.38
[2026-05-08 17:42:47]   [629/673] | true=lying(2) | pred=sit_on_bed(0) |  ✗ | ent=0.98 | top=0:0.65, 1:0.20
[2026-05-08 17:42:51]   [630/673] | true=lying(2) | pred=lying(2) |  ✓ | ent=0.87 | top=2:0.70, 3:0.20
[2026-05-08 17:43:00]   [631/673] | true=sit_on_bed(0) | pred=lying(2) |  ✗ | ent=0.91 | top=2:0.70, 0:0.15
[2026-05-08 17:43:07]   [632/673] | true=lying(2) | pred=sit_on_bed(0) |  ✗ | ent=0.95 | top=0:0.62, 1:0.28
[2026-05-08 17:43:13]   [633/673] | true=lying(2) | pred=lying(2) |  ✓ | ent=0.83 | top=2:0.75, 0:0.10
[2026-05-08 17:43:16]   [634/673] | true=lying(2) | pred=lying(2) |  ✓ | ent=0.71 | top=2:0.80, 3:0.10
[2026-05-08 17:43:39]   [635/673] | true=lying(2) | pred=lying(2) |  ✓ | ent=1.16 | top=2:0.50, 3:0.30
[2026-05-08 17:43:43]   [636/673] | true=lying(2) | pred=lying(2) |  ✓ | ent=0.59 | top=2:0.85, 0:0.05
[2026-05-08 17:44:01]   [637/673] | true=lying(2) | pred=lying(2) |  ✓ | ent=0.89 | top=2:0.72, 3:0.13
[2026-05-08 17:44:05]   [638/673] | true=sit_on_bed(0) | pred=sit_on_bed(0) |  ✓ | ent=1.21 | top=0:0.50, 1:0.25
[2026-05-08 17:44:10]   [639/673] | true=sit_on_bed(0) | pred=lying(2) |  ✗ | ent=0.71 | top=2:0.80, 3:0.10
[2026-05-08 17:44:12]   [640/673] | true=lying(2) | pred=lying(2) |  ✓ | ent=1.03 | top=2:0.65, 0:0.15
[2026-05-08 17:44:16]   [641/673] | true=ambulating(3) | pred=ambulating(3) |  ✓ | ent=0.94 | top=3:0.70, 0:0.10
[2026-05-08 17:44:18]   [642/673] | true=lying(2) | pred=lying(2) |  ✓ | ent=0.86 | top=2:0.73, 1:0.12
[2026-05-08 17:44:34]   [643/673] | true=sit_on_bed(0) | pred=sit_on_chair(1) |  ✗ | ent=1.09 | top=1:0.60, 3:0.20
[2026-05-08 17:44:37]   [644/673] | true=lying(2) | pred=lying(2) |  ✓ | ent=0.90 | top=2:0.72, 1:0.12
[2026-05-08 17:44:48]   [645/673] | true=sit_on_chair(1) | pred=sit_on_chair(1) |  ✓ | ent=1.06 | top=1:0.62, 3:0.18
[2026-05-08 17:44:53]   [646/673] | true=lying(2) | pred=ambulating(3) |  ✗ | ent=1.15 | top=3:0.52, 1:0.28
[2026-05-08 17:44:56]   [647/673] | true=lying(2) | pred=lying(2) |  ✓ | ent=0.91 | top=2:0.70, 3:0.15
[2026-05-08 17:45:01]   [648/673] | true=sit_on_bed(0) | pred=sit_on_bed(0) |  ✓ | ent=0.93 | top=0:0.65, 1:0.25
[2026-05-08 17:45:05]   [649/673] | true=sit_on_bed(0) | pred=sit_on_bed(0) |  ✓ | ent=1.11 | top=0:0.55, 1:0.25
[2026-05-08 17:45:27]   [650/673] | true=lying(2) | pred=lying(2) |  ✓ | ent=0.99 | top=2:0.65, 3:0.20
[2026-05-08 17:45:34]   [651/673] | true=sit_on_bed(0) | pred=lying(2) |  ✗ | ent=0.83 | top=2:0.75, 3:0.10
[2026-05-08 17:45:38]   [652/673] | true=sit_on_bed(0) | pred=sit_on_bed(0) |  ✓ | ent=1.09 | top=0:0.60, 1:0.20
[2026-05-08 17:45:44]   [653/673] | true=lying(2) | pred=lying(2) |  ✓ | ent=0.59 | top=2:0.85, 0:0.05
[2026-05-08 17:45:49]   [654/673] | true=lying(2) | pred=lying(2) |  ✓ | ent=0.83 | top=2:0.75, 0:0.10
[2026-05-08 17:46:08]   [655/673] | true=sit_on_bed(0) | pred=sit_on_bed(0) |  ✓ | ent=0.93 | top=0:0.65, 1:0.25
[2026-05-08 17:46:10]   [656/673] | true=lying(2) | pred=lying(2) |  ✓ | ent=0.87 | top=2:0.70, 3:0.20
[2026-05-08 17:46:13]   [657/673] | true=lying(2) | pred=lying(2) |  ✓ | ent=0.89 | top=2:0.72, 0:0.12
[2026-05-08 17:46:19]   [658/673] | true=lying(2) | pred=lying(2) |  ✓ | ent=0.80 | top=2:0.75, 3:0.15
[2026-05-08 17:46:31]   [659/673] | true=lying(2) | pred=sit_on_bed(0) |  ✗ | ent=1.07 | top=0:0.55, 1:0.30
[2026-05-08 17:46:33]   [660/673] | true=lying(2) | pred=lying(2) |  ✓ | ent=0.80 | top=2:0.75, 3:0.15
[2026-05-08 17:46:36]   [661/673] | true=lying(2) | pred=lying(2) |  ✓ | ent=0.90 | top=2:0.72, 1:0.12
[2026-05-08 17:46:40]   [662/673] | true=lying(2) | pred=lying(2) |  ✓ | ent=1.03 | top=2:0.65, 1:0.15
[2026-05-08 17:46:42]   [663/673] | true=lying(2) | pred=lying(2) |  ✓ | ent=0.90 | top=2:0.72, 1:0.12
[2026-05-08 17:46:44]   [664/673] | true=lying(2) | pred=lying(2) |  ✓ | ent=0.90 | top=2:0.72, 1:0.10
[2026-05-08 17:46:47]   [665/673] | true=sit_on_bed(0) | pred=sit_on_bed(0) |  ✓ | ent=1.31 | top=0:0.35, 1:0.30
[2026-05-08 17:46:52]   [666/673] | true=lying(2) | pred=lying(2) |  ✓ | ent=0.59 | top=2:0.85, 0:0.05
[2026-05-08 17:46:57]   [667/673] | true=sit_on_bed(0) | pred=ambulating(3) |  ✗ | ent=1.06 | top=3:0.60, 1:0.20
[2026-05-08 17:47:03]   [668/673] | true=lying(2) | pred=sit_on_bed(0) |  ✗ | ent=1.08 | top=0:0.55, 1:0.30
[2026-05-08 17:47:07]   [669/673] | true=sit_on_chair(1) | pred=sit_on_chair(1) |  ✓ | ent=0.93 | top=1:0.65, 3:0.25
[2026-05-08 17:47:14]   [670/673] | true=lying(2) | pred=lying(2) |  ✓ | ent=0.71 | top=2:0.80, 3:0.10
[2026-05-08 17:47:19]   [671/673] | true=ambulating(3) | pred=sit_on_chair(1) |  ✗ | ent=1.11 | top=1:0.55, 3:0.25
[2026-05-08 17:47:25]   [672/673] | true=sit_on_bed(0) | pred=lying(2) |  ✗ | ent=0.83 | top=2:0.75, 1:0.10
