
=== Proc 5 开始 2026-04-19 16:46:01 ===

=== Proc 5 开始 2026-04-19 16:47:23 ===
FALLBACK idx=4 class=15 err=JSON解析失败: Expecting value: line 1 column 1 (char 0)
FALLBACK idx=49 class=15 err=JSON解析失败: Expecting value: line 1 column 1 (char 0)
FALLBACK idx=56 class=15 err=JSON解析失败: Expecting value: line 1 column 1 (char 0)
FALLBACK idx=87 class=15 err=JSON解析失败: Expecting value: line 1 column 1 (char 0)

=== Proc 5 开始 2026-04-19 18:31:23 ===
FALLBACK idx=4 class=15 err=JSON解析失败: Expecting value: line 1 column 1 (char 0)
FALLBACK idx=49 class=15 err=JSON解析失败: Expecting value: line 1 column 1 (char 0)

=== Proc 5 开始 2026-04-19 18:44:27 ===
FALLBACK idx=4 class=15 err=JSON解析失败: Expecting value: line 1 column 1 (char 0)

=== Proc 5 开始 2026-04-19 18:54:27 ===

=== Proc 5 开始 2026-04-19 19:21:19 ===

=== Proc 5 开始 2026-04-19 19:34:57 ===

=== Proc 5 开始 2026-04-20 00:14:24 ===

=== Proc 5 开始 2026-04-20 00:27:58 ===

=== Proc 5 开始 2026-04-20 00:42:10 ===

=== Proc 5 开始 2026-04-20 01:54:52 ===

=== Proc 5 开始 2026-04-20 11:35:55 ===
=== Proc 5 完成 2026-04-20 14:59:35 ===

=== Proc 5 开始 2026-04-22 13:24:55 ===
FALLBACK idx=6981 class=15 err=Error code: 429 - {'type': 'error', 'error': {'type': 'rate_limit_error', 'message': 'usage limit ex
FALLBACK idx=7057 class=15 err=Error code: 429 - {'type': 'error', 'error': {'type': 'rate_limit_error', 'message': 'usage limit ex
FALLBACK idx=7065 class=15 err=Error code: 429 - {'type': 'error', 'error': {'type': 'rate_limit_error', 'message': 'Token Plan 主要面
FALLBACK idx=7066 class=15 err=Error code: 429 - {'type': 'error', 'error': {'type': 'rate_limit_error', 'message': 'usage limit ex
FALLBACK idx=7119 class=15 err=Error code: 429 - {'type': 'error', 'error': {'type': 'rate_limit_error', 'message': 'Token Plan 主要面
FALLBACK idx=7127 class=15 err=Error code: 429 - {'type': 'error', 'error': {'type': 'rate_limit_error', 'message': 'usage limit ex
FALLBACK idx=7145 class=15 err=Error code: 429 - {'type': 'error', 'error': {'type': 'rate_limit_error', 'message': 'usage limit ex
FALLBACK idx=7256 class=15 err=Error code: 429 - {'type': 'error', 'error': {'type': 'rate_limit_error', 'message': 'Token Plan 主要面
FALLBACK idx=7261 class=15 err=Error code: 429 - {'type': 'error', 'error': {'type': 'rate_limit_error', 'message': 'usage limit ex
FALLBACK idx=7278 class=15 err=Error code: 429 - {'type': 'error', 'error': {'type': 'rate_limit_error', 'message': 'Token Plan 主要面
FALLBACK idx=7290 class=15 err=Error code: 429 - {'type': 'error', 'error': {'type': 'rate_limit_error', 'message': 'usage limit ex
FALLBACK idx=7343 class=15 err=Error code: 429 - {'type': 'error', 'error': {'type': 'rate_limit_error', 'message': 'usage limit ex
FALLBACK idx=7356 class=15 err=Error code: 429 - {'type': 'error', 'error': {'type': 'rate_limit_error', 'message': 'Token Plan 主要面
FALLBACK idx=7368 class=15 err=Error code: 429 - {'type': 'error', 'error': {'type': 'rate_limit_error', 'message': 'usage limit ex
FALLBACK idx=7404 class=15 err=Error code: 429 - {'type': 'error', 'error': {'type': 'rate_limit_error', 'message': 'Token Plan 主要面
FALLBACK idx=7520 class=15 err=Error code: 429 - {'type': 'error', 'error': {'type': 'rate_limit_error', 'message': 'usage limit ex
FALLBACK idx=7536 class=15 err=Error code: 429 - {'type': 'error', 'error': {'type': 'rate_limit_error', 'message': 'usage limit ex
FALLBACK idx=7541 class=15 err=Error code: 429 - {'type': 'error', 'error': {'type': 'rate_limit_error', 'message': 'Token Plan 主要面
FALLBACK idx=7559 class=15 err=Error code: 429 - {'type': 'error', 'error': {'type': 'rate_limit_error', 'message': 'usage limit ex
FALLBACK idx=7563 class=15 err=Error code: 429 - {'type': 'error', 'error': {'type': 'rate_limit_error', 'message': 'Token Plan 主要面
=== Proc 5 完成 2026-04-23 11:43:42 ===

=== Proc 5 开始 2026-04-23 17:38:48 ===
=== Proc 5 完成 2026-04-23 17:38:48 ===

=== Proc 5 开始 2026-04-23 19:32:53 ===
=== Proc 5 完成 2026-04-23 19:32:53 ===
