[2026-04-27 10:42:27] [Proc 4] 启动，20秒后开始（避免并发冲突）
[2026-04-27 10:42:47] [数据] 从缓存加载: X_tr=/home/fandy/workplace/thesis/results/soft_labels/kuhar_X_tr.npy
[2026-04-27 10:42:47] [Proc 4] 类 4 (Stand-sit): 6273样本, 目标400, 已有0, 需生成400
[2026-04-27 10:43:44]   [1/400 · 0%] idx=10: ✅REAL max=0.680 (56207ms) ETA=22427s
[2026-04-27 10:45:01]   [2/400 · 0%] idx=28: ✅REAL max=0.360 (75907ms) ETA=26491s
[2026-04-27 10:45:50]   [3/400 · 1%] idx=30: ✅REAL max=0.580 (48221ms) ETA=24131s
[2026-04-27 10:46:31]   [4/400 · 1%] idx=37: ✅REAL max=0.300 (39852ms) ETA=22097s
[2026-04-27 10:47:34]   [5/400 · 1%] idx=47: ✅REAL max=0.550 (62103ms) ETA=22619s
[2026-04-27 10:48:35]   [6/400 · 2%] idx=55: ✅REAL max=0.500 (60676ms) ETA=22852s
[2026-04-27 10:49:44]   [7/400 · 2%] idx=60: ✅REAL max=0.240 (67431ms) ETA=23381s
[2026-04-27 10:50:30]   [8/400 · 2%] idx=62: ✅REAL max=0.500 (45484ms) ETA=22684s
[2026-04-27 10:51:12]   [9/400 · 2%] idx=91: ✅REAL max=0.260 (40135ms) ETA=21901s
[2026-04-27 10:52:25]   [10/400 · 2%] idx=98: ✅REAL max=0.550 (72360ms) ETA=22522s
[2026-04-27 10:53:14]   [11/400 · 3%] idx=107: ✅REAL max=0.550 (48380ms) ETA=22170s
[2026-04-27 10:54:43]   [12/400 · 3%] idx=109: ✅REAL max=0.750 (62008ms) ETA=22812s
[2026-04-27 11:21:36]   [13/400 · 3%] idx=124: ✅REAL max=0.450 (1375532ms) ETA=67632s
[2026-04-27 11:32:28] [Proc 4] 启动，20秒后开始（避免并发冲突）
[2026-04-27 11:32:48] [数据] 从缓存加载: X_tr=/home/fandy/workplace/thesis/results/soft_labels/kuhar_X_tr.npy
[2026-04-27 11:32:48] [Proc 4] 类 4 (Stand-sit): 6273样本, 目标400, 已有13, 需生成387
[2026-04-27 11:33:46]   [1/387 · 0%] idx=126: ✅REAL max=0.330 (57259ms) ETA=22102s
[2026-04-27 11:34:38]   [2/387 · 1%] idx=147: ✅REAL max=0.180 (51887ms) ETA=21204s
[2026-04-27 11:35:36]   [3/387 · 1%] idx=156: ✅REAL max=0.480 (56846ms) ETA=21504s
[2026-04-27 11:36:46]   [4/387 · 1%] idx=161: ✅REAL max=0.540 (68686ms) ETA=22759s
[2026-04-27 11:37:44]   [5/387 · 1%] idx=170: ✅REAL max=0.850 (56838ms) ETA=22579s
[2026-04-27 11:38:32]   [6/387 · 2%] idx=171: ✅REAL max=0.400 (47595ms) ETA=21853s
[2026-04-27 11:39:47]   [7/387 · 2%] idx=176: ✅REAL max=0.320 (73512ms) ETA=22727s
[2026-04-27 11:44:52]   [8/387 · 2%] idx=180: ✅REAL max=0.300 (65239ms) ETA=34265s
[2026-04-27 11:45:41]   [9/387 · 2%] idx=183: ✅REAL max=0.300 (47946ms) ETA=32434s
[2026-04-27 11:46:19]   [10/387 · 3%] idx=184: ✅REAL max=0.330 (37733ms) ETA=30574s
[2026-04-27 11:47:59]   [11/387 · 3%] idx=185: ✅REAL max=0.750 (98653ms) ETA=31127s
[2026-04-27 11:48:54]   [12/387 · 3%] idx=191: ✅REAL max=0.350 (54221ms) ETA=30183s
[2026-04-27 11:49:45]   [13/387 · 3%] idx=221: ✅REAL max=0.700 (50164ms) ETA=29259s
[2026-04-27 11:50:55]   [14/387 · 4%] idx=232: ✅REAL max=0.600 (68282ms) ETA=28942s
[2026-04-27 11:51:42]   [15/387 · 4%] idx=239: ✅REAL max=0.280 (46011ms) ETA=28106s
[2026-04-27 11:52:25]   [16/387 · 4%] idx=241: ✅REAL max=0.280 (42271ms) ETA=27282s
[2026-04-27 11:53:06]   [17/387 · 4%] idx=257: ✅REAL max=0.450 (39840ms) ETA=26497s
[2026-04-27 11:54:17]   [18/387 · 5%] idx=260: ✅REAL max=0.422 (70367ms) ETA=26421s
[2026-04-27 11:55:02]   [19/387 · 5%] idx=284: ✅REAL max=0.410 (43577ms) ETA=25826s
[2026-04-27 11:56:44]   [20/387 · 5%] idx=295: ✅REAL max=0.380 (100797ms) ETA=26336s
[2026-04-27 11:56:44]   💾 [20/387] 进度已保存
[2026-04-27 11:57:21]   [21/387 · 5%] idx=299: ✅REAL max=0.300 (36367ms) ETA=25665s
[2026-04-27 11:59:21]   [22/387 · 6%] idx=307: ✅REAL max=0.780 (27535ms) ETA=26420s
[2026-04-27 12:00:18]   [23/387 · 6%] idx=314: ✅REAL max=0.180 (56473ms) ETA=26112s
[2026-04-27 12:01:03]   [24/387 · 6%] idx=320: ✅REAL max=0.550 (44082ms) ETA=25637s
[2026-04-27 12:02:09]   [25/387 · 6%] idx=322: ✅REAL max=0.401 (65006ms) ETA=25500s
[2026-04-27 12:02:58]   [26/387 · 7%] idx=328: ✅REAL max=0.550 (47196ms) ETA=25120s
[2026-04-27 12:03:50]   [27/387 · 7%] idx=333: ✅REAL max=0.710 (51200ms) ETA=24819s
[2026-04-27 12:04:35]   [28/387 · 7%] idx=335: ✅REAL max=0.253 (44631ms) ETA=24451s
[2026-04-27 12:05:32]   [29/387 · 7%] idx=341: ✅REAL max=0.250 (55847ms) ETA=24244s
[2026-04-27 12:06:48]   [30/387 · 8%] idx=342: ✅REAL max=0.450 (75222ms) ETA=24278s
[2026-04-27 12:07:24]   [31/387 · 8%] idx=350: ✅REAL max=0.550 (34418ms) ETA=23836s
[2026-04-27 12:08:35]   [32/387 · 8%] idx=356: ✅REAL max=0.200 (70320ms) ETA=23817s
[2026-04-27 12:09:15]   [33/387 · 9%] idx=360: ✅REAL max=0.490 (38697ms) ETA=23456s
[2026-04-27 12:09:53]   [34/387 · 9%] idx=364: ✅REAL max=0.400 (37068ms) ETA=23097s
[2026-04-27 12:10:53]   [35/387 · 9%] idx=366: ✅REAL max=0.350 (59268ms) ETA=22980s
[2026-04-27 12:11:59]   [36/387 · 9%] idx=379: ✅REAL max=0.650 (64250ms) ETA=22914s
[2026-04-27 12:12:51]   [37/387 · 10%] idx=383: ✅REAL max=0.260 (51868ms) ETA=22732s
[2026-04-27 12:13:42]   [38/387 · 10%] idx=390: ✅REAL max=0.330 (49980ms) ETA=22539s
[2026-04-27 12:15:06]   [39/387 · 10%] idx=393: ✅REAL max=0.200 (82816ms) ETA=22646s
[2026-04-27 12:16:05]   [40/387 · 10%] idx=396: ✅REAL max=0.440 (58274ms) ETA=22530s
[2026-04-27 12:16:05]   💾 [40/387] 进度已保存
[2026-04-27 12:17:14]   [41/387 · 11%] idx=406: ✅REAL max=0.560 (67948ms) ETA=22499s
[2026-04-27 12:18:06]   [42/387 · 11%] idx=424: ✅REAL max=0.150 (50555ms) ETA=22324s
[2026-04-27 12:19:10]   [43/387 · 11%] idx=431: ✅REAL max=0.300 (62990ms) ETA=22253s
[2026-04-27 12:20:11]   [44/387 · 11%] idx=436: ✅REAL max=0.500 (60485ms) ETA=22164s
[2026-04-27 12:21:01]   [45/387 · 12%] idx=450: ✅REAL max=0.400 (48508ms) ETA=21984s
[2026-04-27 12:21:36]   [46/387 · 12%] idx=451: ✅REAL max=0.450 (33942ms) ETA=21702s
[2026-04-27 12:22:12]   [47/387 · 12%] idx=454: ✅REAL max=0.550 (35050ms) ETA=21439s
[2026-04-27 12:22:43]   [48/387 · 12%] idx=456: ✅REAL max=0.450 (30367ms) ETA=21152s
[2026-04-27 12:23:49]   [49/387 · 13%] idx=463: ✅REAL max=0.320 (64136ms) ETA=21109s
[2026-04-27 12:25:00]   [50/387 · 13%] idx=464: ✅REAL max=0.440 (70420ms) ETA=21107s
[2026-04-27 12:25:27]   [51/387 · 13%] idx=468: ✅REAL max=0.800 (26381ms) ETA=20812s
[2026-04-27 12:27:32]   [52/387 · 13%] idx=481: ✅REAL max=0.650 (57698ms) ETA=21154s
[2026-04-27 12:28:21]   [53/387 · 14%] idx=533: ✅REAL max=0.550 (48350ms) ETA=21004s
[2026-04-27 12:29:16]   [54/387 · 14%] idx=547: ✅REAL max=0.300 (53730ms) ETA=20891s
[2026-04-27 12:29:59]   [55/387 · 14%] idx=556: ✅REAL max=0.720 (41533ms) ETA=20706s
[2026-04-27 12:30:52]   [56/387 · 14%] idx=569: ✅REAL max=0.323 (51913ms) ETA=20588s
[2026-04-27 12:31:40]   [57/387 · 15%] idx=578: ✅REAL max=0.550 (47761ms) ETA=20448s
[2026-04-27 12:32:26]   [58/387 · 15%] idx=580: ✅REAL max=0.300 (44293ms) ETA=20292s
[2026-04-27 12:33:48]   [59/387 · 15%] idx=588: ✅REAL max=0.130 (81188ms) ETA=20344s
[2026-04-27 12:34:41]   [60/387 · 16%] idx=603: ✅REAL max=0.470 (52314ms) ETA=20235s
[2026-04-27 12:34:41]   💾 [60/387] 进度已保存
[2026-04-27 12:35:33]   [61/387 · 16%] idx=618: ✅REAL max=0.500 (50463ms) ETA=20117s
[2026-04-27 12:36:04]   [62/387 · 16%] idx=646: ✅REAL max=0.430 (30871ms) ETA=19899s
[2026-04-27 12:36:52]   [63/387 · 16%] idx=647: ✅REAL max=0.550 (46739ms) ETA=19768s
[2026-04-27 12:38:36]   [64/387 · 17%] idx=656: ✅REAL max=0.202 (102909ms) ETA=19924s
[2026-04-27 12:39:06]   [65/387 · 17%] idx=660: ✅REAL max=0.297 (29187ms) ETA=19706s
[2026-04-27 12:40:04]   [66/387 · 17%] idx=693: ✅REAL max=0.400 (56452ms) ETA=19627s
[2026-04-27 12:41:13]   [67/387 · 17%] idx=694: ✅REAL max=0.460 (68606ms) ETA=19606s
[2026-04-27 12:41:55]   [68/387 · 18%] idx=698: ✅REAL max=0.400 (40169ms) ETA=19450s
[2026-04-27 12:42:53]   [69/387 · 18%] idx=705: ✅REAL max=0.360 (57521ms) ETA=19378s
[2026-04-27 12:43:45]   [70/387 · 18%] idx=713: ✅REAL max=0.446 (50614ms) ETA=19275s
[2026-04-27 12:44:27]   [71/387 · 18%] idx=721: ✅REAL max=0.700 (40836ms) ETA=19130s
[2026-04-27 12:46:00]   [72/387 · 19%] idx=725: ✅REAL max=0.200 (92109ms) ETA=19212s
[2026-04-27 12:48:01]   [73/387 · 19%] idx=731: ✅REAL max=0.555 (48727ms) ETA=19413s
[2026-04-27 12:48:50]   [74/387 · 19%] idx=738: ✅REAL max=0.230 (47358ms) ETA=19294s
[2026-04-27 12:50:40]   [75/387 · 19%] idx=743: ✅REAL max=0.300 (108877ms) ETA=19433s
[2026-04-27 12:51:29]   [76/387 · 20%] idx=744: ✅REAL max=0.450 (48188ms) ETA=19317s
[2026-04-27 12:52:52]   [77/387 · 20%] idx=754: ✅REAL max=0.550 (81710ms) ETA=19338s
[2026-04-27 12:53:34]   [78/387 · 20%] idx=757: ✅REAL max=0.340 (40887ms) ETA=19194s
[2026-04-27 12:55:29]   [79/387 · 20%] idx=761: ✅REAL max=0.429 (114029ms) ETA=19339s
[2026-04-27 12:56:22]   [80/387 · 21%] idx=765: ✅REAL max=0.410 (52289ms) ETA=19239s
[2026-04-27 12:56:22]   💾 [80/387] 进度已保存
[2026-04-27 12:58:55]   [81/387 · 21%] idx=775: ✅REAL max=0.440 (62215ms) ETA=19518s
[2026-04-27 12:59:42]   [82/387 · 21%] idx=801: ✅REAL max=0.700 (46128ms) ETA=19392s
[2026-04-27 13:00:10]   [83/387 · 21%] idx=802: ✅REAL max=0.550 (27253ms) ETA=19199s
[2026-04-27 13:01:17]   [84/387 · 22%] idx=820: ✅REAL max=0.500 (65314ms) ETA=19148s
[2026-04-27 13:11:35] [Proc 4] 启动，20秒后开始（避免并发冲突）
[2026-04-27 13:11:55] [数据] 从缓存加载: X_tr=/home/fandy/workplace/thesis/results/soft_labels/kuhar_X_tr.npy
[2026-04-27 13:11:55] [Proc 4] 类 4 (Stand-sit): 6273样本, 目标400, 已有97, 需生成303
[2026-04-27 13:13:08]   [1/303 · 0%] idx=825: ✅REAL max=0.280 (72441ms) ETA=21877s
[2026-04-27 13:14:03]   [2/303 · 1%] idx=827: ✅REAL max=0.350 (54759ms) ETA=19296s
[2026-04-27 13:15:00]   [3/303 · 1%] idx=840: ✅REAL max=0.230 (55874ms) ETA=18509s
[2026-04-27 13:16:05]   [4/303 · 1%] idx=843: ✅REAL max=0.550 (63898ms) ETA=18687s
[2026-04-27 13:17:19]   [5/303 · 2%] idx=849: ✅REAL max=0.460 (73239ms) ETA=19324s
[2026-04-27 13:18:05]   [6/303 · 2%] idx=854: ✅REAL max=0.350 (44183ms) ETA=18286s
[2026-04-27 13:20:41]   [7/303 · 2%] idx=860: ✅REAL max=0.693 (73511ms) ETA=22251s
[2026-04-27 13:22:06]   [8/303 · 3%] idx=880: ✅REAL max=0.150 (83532ms) ETA=22521s
[2026-04-27 13:25:06]   [9/303 · 3%] idx=882: ✅REAL max=0.300 (59345ms) ETA=25845s
[2026-04-27 13:26:52]   [10/303 · 3%] idx=893: ✅REAL max=0.600 (104402ms) ETA=26270s
[2026-04-27 13:29:30]   [11/303 · 4%] idx=899: ✅REAL max=0.450 (88077ms) ETA=28012s
[2026-04-27 13:30:46]   [12/303 · 4%] idx=915: ✅REAL max=0.440 (74079ms) ETA=27411s
[2026-04-27 13:31:32]   [13/303 · 4%] idx=917: ✅REAL max=0.330 (45876ms) ETA=26261s
[2026-04-27 13:32:38]   [14/303 · 5%] idx=919: ✅REAL max=0.300 (64118ms) ETA=25645s
[2026-04-27 13:34:10]   [15/303 · 5%] idx=925: ✅REAL max=0.400 (91831ms) ETA=25635s
[2026-04-27 13:35:12]   [16/303 · 5%] idx=944: ✅REAL max=0.350 (60416ms) ETA=25051s
[2026-04-27 13:35:57]   [17/303 · 6%] idx=965: ✅REAL max=0.465 (44339ms) ETA=24258s
[2026-04-27 13:37:05]   [18/303 · 6%] idx=968: ✅REAL max=0.390 (67244ms) ETA=23911s
[2026-04-27 13:38:53]   [19/303 · 6%] idx=975: ✅REAL max=0.550 (106673ms) ETA=24183s
[2026-04-27 13:40:01]   [20/303 · 7%] idx=1016: ✅REAL max=0.495 (67053ms) ETA=23856s
[2026-04-27 13:40:01]   💾 [20/303] 进度已保存
[2026-04-27 13:42:59]   [21/303 · 7%] idx=1049: ✅REAL max=0.350 (63528ms) ETA=25028s
[2026-04-27 13:44:21]   [22/303 · 7%] idx=1054: ✅REAL max=0.551 (81282ms) ETA=24856s
[2026-04-27 13:45:04]   [23/303 · 8%] idx=1062: ✅REAL max=0.400 (42106ms) ETA=24216s
[2026-04-27 13:46:16]   [24/303 · 8%] idx=1081: ✅REAL max=0.330 (70367ms) ETA=23954s
[2026-04-27 13:47:07]   [25/303 · 8%] idx=1083: ✅REAL max=0.550 (50343ms) ETA=23484s
[2026-04-27 13:49:50]   [26/303 · 9%] idx=1091: ✅REAL max=0.341 (83736ms) ETA=24236s
[2026-04-27 13:50:38]   [27/303 · 9%] idx=1095: ✅REAL max=0.600 (47381ms) ETA=23749s
[2026-04-27 13:51:33]   [28/303 · 9%] idx=1100: ✅REAL max=0.455 (53215ms) ETA=23350s
[2026-04-27 13:52:43]   [29/303 · 10%] idx=1101: ✅REAL max=0.550 (68973ms) ETA=23124s
[2026-04-27 13:53:49]   [30/303 · 10%] idx=1102: ✅REAL max=0.300 (64836ms) ETA=22871s
[2026-04-27 13:57:23]   [31/303 · 10%] idx=1110: ✅REAL max=0.450 (213873ms) ETA=23938s
[2026-04-27 13:58:08]   [32/303 · 11%] idx=1114: ✅REAL max=0.300 (43465ms) ETA=23481s
[2026-04-27 13:59:35]   [33/303 · 11%] idx=1131: ✅REAL max=0.250 (85817ms) ETA=23396s
[2026-04-27 14:00:48]   [34/303 · 11%] idx=1157: ✅REAL max=0.250 (72810ms) ETA=23208s
[2026-04-27 14:02:32]   [35/303 · 12%] idx=1173: ✅REAL max=0.330 (102544ms) ETA=23254s
[2026-04-27 14:03:39]   [36/303 · 12%] idx=1174: ✅REAL max=0.300 (66009ms) ETA=23020s
[2026-04-27 14:04:46]   [37/303 · 12%] idx=1188: ✅REAL max=0.360 (65943ms) ETA=22796s
[2026-04-27 14:05:48]   [38/303 · 13%] idx=1195: ✅REAL max=0.400 (61390ms) ETA=22547s
[2026-04-27 14:07:11]   [39/303 · 13%] idx=1198: ✅REAL max=0.450 (81785ms) ETA=22447s
[2026-04-27 14:08:16]   [40/303 · 13%] idx=1254: ✅REAL max=0.455 (64112ms) ETA=22231s
[2026-04-27 14:08:16]   💾 [40/303] 进度已保存
[2026-04-27 14:09:17]   [41/303 · 14%] idx=1258: ✅REAL max=0.450 (59384ms) ETA=21992s
[2026-04-27 14:10:29]   [42/303 · 14%] idx=1262: ✅REAL max=0.450 (71401ms) ETA=21836s
[2026-04-27 14:11:30]   [43/303 · 14%] idx=1268: ✅REAL max=0.447 (59979ms) ETA=21616s
[2026-04-27 14:16:31]   [44/303 · 15%] idx=1275: ✅REAL max=0.550 (109528ms) ETA=22817s
[2026-04-27 14:17:59]   [45/303 · 15%] idx=1281: ✅REAL max=0.350 (86209ms) ETA=22724s
[2026-04-27 14:19:22]   [46/303 · 15%] idx=1295: ✅REAL max=0.500 (81938ms) ETA=22607s
[2026-04-27 14:20:27]   [47/303 · 16%] idx=1298: ✅REAL max=0.455 (64619ms) ETA=22397s
[2026-04-27 14:22:50]   [48/303 · 16%] idx=1305: ✅REAL max=0.550 (50906ms) ETA=22604s
[2026-04-27 14:24:16]   [49/303 · 16%] idx=1311: ✅REAL max=0.280 (85250ms) ETA=22503s
[2026-04-27 14:26:05]   [50/303 · 17%] idx=1322: ✅REAL max=0.550 (108193ms) ETA=22518s
[2026-04-27 14:27:14]   [51/303 · 17%] idx=1328: ✅REAL max=0.300 (67247ms) ETA=22327s
[2026-04-27 14:28:01]   [52/303 · 17%] idx=1339: ✅REAL max=0.440 (45890ms) ETA=22037s
[2026-04-27 14:28:59]   [53/303 · 17%] idx=1364: ✅REAL max=0.500 (57031ms) ETA=21809s
[2026-04-27 14:30:02]   [54/303 · 18%] idx=1392: ✅REAL max=0.350 (62509ms) ETA=21612s
[2026-04-27 14:30:42]   [55/303 · 18%] idx=1397: ✅REAL max=0.550 (38986ms) ETA=21314s
[2026-04-27 14:33:59]   [56/303 · 18%] idx=1401: ✅REAL max=0.347 (196054ms) ETA=21719s
[2026-04-27 14:36:52]   [57/303 · 19%] idx=1403: ✅REAL max=0.400 (57926ms) ETA=21998s
[2026-04-27 14:37:42]   [58/303 · 19%] idx=1412: ✅REAL max=0.400 (48864ms) ETA=21742s
[2026-04-27 14:38:45]   [59/303 · 19%] idx=1438: ✅REAL max=0.350 (62129ms) ETA=21547s
[2026-04-27 14:40:38]   [60/303 · 20%] idx=1451: ✅REAL max=0.400 (111598ms) ETA=21557s
[2026-04-27 14:40:38]   💾 [60/303] 进度已保存
[2026-04-27 14:41:24]   [61/303 · 20%] idx=1472: ✅REAL max=0.350 (44734ms) ETA=21298s
[2026-04-27 14:42:58]   [62/303 · 20%] idx=1478: ✅REAL max=0.650 (93010ms) ETA=21233s
[2026-04-27 14:43:49]   [63/303 · 21%] idx=1488: ✅REAL max=0.750 (50478ms) ETA=21006s
[2026-04-27 14:45:05]   [64/303 · 21%] idx=1490: ✅REAL max=0.300 (74980ms) ETA=20875s
[2026-04-27 14:46:15]   [65/303 · 21%] idx=1492: ✅REAL max=0.300 (68605ms) ETA=20723s
[2026-04-27 14:47:01]   [66/303 · 22%] idx=1509: ✅REAL max=0.550 (45193ms) ETA=20489s
[2026-04-27 14:48:17]   [67/303 · 22%] idx=1516: ✅REAL max=0.500 (74935ms) ETA=20365s
[2026-04-27 14:49:00]   [68/303 · 22%] idx=1517: ✅REAL max=0.450 (41616ms) ETA=20128s
[2026-04-27 14:50:14]   [69/303 · 23%] idx=1519: ✅REAL max=0.250 (73653ms) ETA=20005s
[2026-04-27 14:51:21]   [70/303 · 23%] idx=1520: ✅REAL max=0.175 (65844ms) ETA=19858s
[2026-04-27 14:52:20]   [71/303 · 23%] idx=1548: ✅REAL max=0.520 (58197ms) ETA=19687s
[2026-04-27 14:53:05]   [72/303 · 24%] idx=1561: ✅REAL max=0.850 (43876ms) ETA=19474s
[2026-04-27 14:53:56]   [73/303 · 24%] idx=1579: ✅REAL max=0.800 (50075ms) ETA=19285s
[2026-04-27 14:57:27]   [74/303 · 24%] idx=1584: ✅REAL max=0.330 (89417ms) ETA=19594s
[2026-04-27 14:58:09]   [75/303 · 25%] idx=1587: ✅REAL max=0.296 (41246ms) ETA=19377s
[2026-04-27 14:59:20]   [76/303 · 25%] idx=1623: ✅REAL max=0.265 (69658ms) ETA=19249s
[2026-04-27 15:00:12]   [77/303 · 25%] idx=1640: ✅REAL max=0.450 (50853ms) ETA=19068s
[2026-04-27 15:01:10]   [78/303 · 26%] idx=1641: ✅REAL max=0.700 (57084ms) ETA=18908s
[2026-04-27 15:02:27]   [79/303 · 26%] idx=1650: ✅REAL max=0.350 (76242ms) ETA=18804s
[2026-04-27 15:03:50]   [80/303 · 26%] idx=1652: ✅REAL max=0.550 (81674ms) ETA=18717s
[2026-04-27 15:03:50]   💾 [80/303] 进度已保存
[2026-04-27 15:04:43]   [81/303 · 27%] idx=1658: ✅REAL max=0.450 (52392ms) ETA=18549s
[2026-04-27 15:05:51]   [82/303 · 27%] idx=1666: ✅REAL max=0.350 (67269ms) ETA=18425s
[2026-04-27 15:06:26]   [83/303 · 27%] idx=1672: ✅REAL max=0.454 (33639ms) ETA=18212s
[2026-04-27 15:07:27]   [84/303 · 28%] idx=1679: ✅REAL max=0.323 (60121ms) ETA=18073s
[2026-04-27 15:08:41]   [85/303 · 28%] idx=1688: ✅REAL max=0.300 (72360ms) ETA=17967s
[2026-04-27 15:09:47]   [86/303 · 28%] idx=1702: ✅REAL max=0.540 (65634ms) ETA=17845s
[2026-04-27 15:13:05]   [87/303 · 29%] idx=1718: ✅REAL max=0.780 (196712ms) ETA=18049s
[2026-04-27 15:14:44]   [88/303 · 29%] idx=1725: ✅REAL max=0.450 (98223ms) ETA=18004s
[2026-04-27 15:15:26]   [89/303 · 29%] idx=1730: ✅REAL max=0.800 (40858ms) ETA=17819s
[2026-04-27 15:17:49]   [90/303 · 30%] idx=1737: ✅REAL max=0.380 (39952ms) ETA=17877s
[2026-04-27 15:18:50]   [91/303 · 30%] idx=1745: ✅REAL max=0.700 (59719ms) ETA=17739s
[2026-04-27 15:19:43]   [92/303 · 30%] idx=1748: ✅REAL max=0.200 (52296ms) ETA=17586s
[2026-04-27 15:20:30]   [93/303 · 31%] idx=1754: ✅REAL max=0.270 (45970ms) ETA=17420s
[2026-04-27 15:22:09]   [94/303 · 31%] idx=1756: ✅REAL max=0.600 (97914ms) ETA=17373s
[2026-04-27 15:22:54]   [95/303 · 31%] idx=1765: ✅REAL max=0.440 (43818ms) ETA=17206s
[2026-04-27 15:23:42]   [96/303 · 32%] idx=1766: ✅REAL max=0.440 (47689ms) ETA=17050s
[2026-04-27 15:24:41]   [97/303 · 32%] idx=1775: ✅REAL max=0.690 (57317ms) ETA=16916s
[2026-04-27 15:25:48]   [98/303 · 32%] idx=1789: ✅REAL max=0.490 (66388ms) ETA=16804s
[2026-04-27 15:27:01]   [99/303 · 33%] idx=1790: ✅REAL max=0.500 (72242ms) ETA=16704s
[2026-04-27 15:27:55]   [100/303 · 33%] idx=1801: ✅REAL max=0.200 (52898ms) ETA=16565s
[2026-04-27 15:27:55]   💾 [100/303] 进度已保存
[2026-04-27 15:28:34]   [101/303 · 33%] idx=1805: ✅REAL max=0.840 (37590ms) ETA=16397s
[2026-04-27 15:29:18]   [102/303 · 34%] idx=1806: ✅REAL max=0.350 (42862ms) ETA=16243s
[2026-04-27 15:30:42]   [103/303 · 34%] idx=1815: ✅REAL max=0.300 (83441ms) ETA=16169s
[2026-04-27 15:31:27]   [104/303 · 34%] idx=1827: ✅REAL max=0.550 (43862ms) ETA=16019s
[2026-04-27 15:32:35]   [105/303 · 35%] idx=1869: ✅REAL max=0.390 (66990ms) ETA=15915s
[2026-04-27 15:33:48]   [106/303 · 35%] idx=1871: ✅REAL max=0.300 (71764ms) ETA=15821s
[2026-04-27 15:34:54]   [107/303 · 35%] idx=1880: ✅REAL max=0.190 (65209ms) ETA=15714s
[2026-04-27 15:35:34]   [108/303 · 36%] idx=1904: ✅REAL max=0.707 (38936ms) ETA=15562s
[2026-04-27 15:36:25]   [109/303 · 36%] idx=1907: ✅REAL max=0.250 (50219ms) ETA=15431s
[2026-04-27 15:37:28]   [110/303 · 36%] idx=1909: ✅REAL max=0.480 (61355ms) ETA=15321s
[2026-04-27 15:38:03]   [111/303 · 37%] idx=1916: ✅REAL max=0.530 (34410ms) ETA=15166s
[2026-04-27 15:39:21]   [112/303 · 37%] idx=1917: ✅REAL max=0.590 (77094ms) ETA=15085s
[2026-04-27 15:40:48]   [113/303 · 37%] idx=1932: ✅REAL max=0.550 (85879ms) ETA=15020s
[2026-04-27 15:42:14]   [114/303 · 38%] idx=1934: ✅REAL max=0.425 (85479ms) ETA=14953s
[2026-04-27 15:43:06]   [115/303 · 38%] idx=1941: ✅REAL max=0.600 (50490ms) ETA=14829s
[2026-04-27 15:43:59]   [116/303 · 38%] idx=1955: ✅REAL max=0.400 (52437ms) ETA=14709s
[2026-04-27 15:45:50]   [117/303 · 39%] idx=1956: ✅REAL max=0.300 (109728ms) ETA=14681s
[2026-04-27 15:46:43]   [118/303 · 39%] idx=1967: ✅REAL max=0.250 (52119ms) ETA=14562s
[2026-04-27 15:47:20]   [119/303 · 39%] idx=1972: ✅REAL max=0.620 (35874ms) ETA=14418s
[2026-04-27 15:48:43]   [120/303 · 40%] idx=1991: ✅REAL max=0.390 (82203ms) ETA=14347s
[2026-04-27 15:48:43]   💾 [120/303] 进度已保存
[2026-04-27 15:50:00]   [121/303 · 40%] idx=1993: ✅REAL max=0.650 (75967ms) ETA=14267s
[2026-04-27 15:52:59]   [122/303 · 40%] idx=1995: ✅REAL max=0.350 (178013ms) ETA=14338s
[2026-04-27 15:53:50]   [123/303 · 41%] idx=2012: ✅REAL max=0.680 (49759ms) ETA=14217s
[2026-04-27 15:54:45]   [124/303 · 41%] idx=2015: ✅REAL max=0.610 (53883ms) ETA=14103s
[2026-04-27 15:55:42]   [125/303 · 41%] idx=2020: ✅REAL max=0.444 (56285ms) ETA=13994s
[2026-04-27 15:58:14]   [126/303 · 42%] idx=2023: ✅REAL max=0.396 (66760ms) ETA=14018s
[2026-04-27 16:01:23]   [127/303 · 42%] idx=2035: ✅REAL max=0.539 (91044ms) ETA=14090s
[2026-04-27 16:01:56]   [128/303 · 42%] idx=2036: ✅REAL max=0.350 (32479ms) ETA=13947s
[2026-04-27 16:03:20]   [129/303 · 43%] idx=2048: ✅REAL max=0.306 (83110ms) ETA=13873s
[2026-04-27 16:04:24]   [130/303 · 43%] idx=2057: ✅REAL max=0.460 (62517ms) ETA=13772s
[2026-04-27 16:06:05]   [131/303 · 43%] idx=2062: ✅REAL max=0.290 (100034ms) ETA=13720s
[2026-04-27 16:07:26]   [132/303 · 44%] idx=2067: ✅REAL max=0.350 (80621ms) ETA=13643s
[2026-04-27 16:08:33]   [133/303 · 44%] idx=2074: ✅REAL max=0.700 (65488ms) ETA=13546s
[2026-04-27 16:09:28]   [134/303 · 44%] idx=2079: ✅REAL max=0.300 (53862ms) ETA=13435s
[2026-04-27 16:10:26]   [135/303 · 45%] idx=2084: ✅REAL max=0.430 (56777ms) ETA=13328s
[2026-04-27 16:13:11]   [136/303 · 45%] idx=2094: ✅REAL max=0.350 (66014ms) ETA=13355s
[2026-04-27 16:14:13]   [137/303 · 45%] idx=2097: ✅REAL max=0.398 (60996ms) ETA=13253s
[2026-04-27 16:15:23]   [138/303 · 46%] idx=2107: ✅REAL max=0.450 (68916ms) ETA=13162s
[2026-04-27 16:17:14]   [139/303 · 46%] idx=2119: ✅REAL max=0.450 (109887ms) ETA=13119s
[2026-04-27 16:18:04]   [140/303 · 46%] idx=2122: ✅REAL max=0.510 (48696ms) ETA=13003s
[2026-04-27 16:18:04]   💾 [140/303] 进度已保存
[2026-04-27 16:18:36]   [141/303 · 47%] idx=2130: ✅REAL max=0.450 (31292ms) ETA=12869s
[2026-04-27 16:19:24]   [142/303 · 47%] idx=2166: ✅REAL max=0.449 (47358ms) ETA=12754s
[2026-04-27 16:20:48]   [143/303 · 47%] idx=2207: ✅REAL max=0.350 (82448ms) ETA=12680s
[2026-04-27 16:21:29]   [144/303 · 48%] idx=2210: ✅REAL max=0.680 (39738ms) ETA=12558s
[2026-04-27 16:22:27]   [145/303 · 48%] idx=2239: ✅REAL max=0.300 (57283ms) ETA=12457s
[2026-04-27 16:23:05]   [146/303 · 48%] idx=2242: ✅REAL max=0.550 (37265ms) ETA=12334s
[2026-04-27 16:23:46]   [147/303 · 49%] idx=2260: ✅REAL max=0.380 (40083ms) ETA=12216s
[2026-04-27 16:24:50]   [148/303 · 49%] idx=2263: ✅REAL max=0.550 (63098ms) ETA=12123s
[2026-04-27 16:26:01]   [149/303 · 49%] idx=2278: ✅REAL max=0.270 (69863ms) ETA=12037s
[2026-04-27 16:27:43]   [150/303 · 50%] idx=2296: ✅REAL max=0.470 (100991ms) ETA=11983s
[2026-04-27 16:28:44]   [151/303 · 50%] idx=2306: ✅REAL max=0.342 (59939ms) ETA=11887s
[2026-04-27 16:29:21]   [152/303 · 50%] idx=2312: ✅REAL max=0.320 (35381ms) ETA=11767s
[2026-04-27 16:31:36]   [153/303 · 50%] idx=2326: ✅REAL max=0.280 (45439ms) ETA=11746s
[2026-04-27 16:33:52]   [154/303 · 51%] idx=2345: ✅REAL max=0.300 (61898ms) ETA=11723s
[2026-04-27 16:50:00] [Proc 4] 启动，20秒后开始（避免并发冲突）
[2026-04-27 16:50:20] [数据] 从缓存加载: X_tr=/home/fandy/workplace/thesis/results/soft_labels/kuhar_X_tr.npy
[2026-04-27 16:50:20] [Proc 4] 类 4 (Stand-sit): 6273样本, 目标400, 已有251, 需生成149
[2026-04-27 16:51:02]   [1/149 · 1%] idx=2354: ✅REAL max=0.400 (41665ms) ETA=6166s
[2026-04-27 16:51:47]   [2/149 · 1%] idx=2361: ✅REAL max=0.297 (43982ms) ETA=6369s
[2026-04-27 16:52:43]   [3/149 · 2%] idx=2372: ✅REAL max=0.180 (54953ms) ETA=6940s
[2026-04-27 16:56:31]   [4/149 · 3%] idx=2382: ✅REAL max=0.250 (227490ms) ETA=13453s
[2026-04-27 16:58:10]   [5/149 · 3%] idx=2388: ✅REAL max=0.381 (97788ms) ETA=13533s
[2026-04-27 16:59:18]   [6/149 · 4%] idx=2409: ✅REAL max=0.400 (67409ms) ETA=12830s
[2026-04-27 17:00:45]   [7/149 · 5%] idx=2410: ✅REAL max=0.430 (85276ms) ETA=12670s
[2026-04-27 17:01:48]   [8/149 · 5%] idx=2415: ✅REAL max=0.600 (62844ms) ETA=12134s
[2026-04-27 17:02:40]   [9/149 · 6%] idx=2422: ✅REAL max=0.455 (50779ms) ETA=11515s
[2026-04-27 17:04:11]   [10/149 · 7%] idx=2425: ✅REAL max=0.650 (89444ms) ETA=11546s
[2026-04-27 17:07:05]   [11/149 · 7%] idx=2429: ✅REAL max=0.340 (108399ms) ETA=12605s
[2026-04-27 19:02:28] [Proc 4] 启动，20秒后开始（避免并发冲突）
[2026-04-27 19:02:48] [数据] 从缓存加载: X_tr=/home/fandy/workplace/thesis/results/soft_labels/kuhar_X_tr.npy
[2026-04-27 19:02:48] [Proc 4] 类 4 (Stand-sit): 6273样本, 目标400, 已有262, 需生成138
[2026-04-27 19:02:53] [Proc 4] 启动，20秒后开始（避免并发冲突）
[2026-04-27 19:03:13] [数据] 从缓存加载: X_tr=/home/fandy/workplace/thesis/results/soft_labels/kuhar_X_tr.npy
[2026-04-27 19:03:14] [Proc 4] 类 4 (Stand-sit): 6273样本, 目标400, 已有262, 需生成138
[2026-04-27 19:03:34]   [1/138 · 1%] idx=2430: ✅REAL max=0.550 (45400ms) ETA=6326s
[2026-04-27 20:48:21] [Proc 4] 启动，20秒后开始（避免并发冲突）
[2026-04-27 20:48:41] [数据] 从缓存加载: X_tr=/home/fandy/workplace/thesis/results/soft_labels/kuhar_X_tr.npy
[2026-04-27 20:48:41] [Proc 4] 类 4 (Stand-sit): 6273样本, 目标400, 已有263, 需生成137
[2026-04-27 20:48:58] [Proc 4] 启动，20秒后开始（避免并发冲突）
[2026-04-27 20:49:18] [数据] 从缓存加载: X_tr=/home/fandy/workplace/thesis/results/soft_labels/kuhar_X_tr.npy
[2026-04-27 20:49:19] [Proc 4] 类 4 (Stand-sit): 6273样本, 目标400, 已有263, 需生成137
[2026-04-27 20:51:30] [Proc 4] 启动，20秒后开始（避免并发冲突）
[2026-04-27 20:51:50] [数据] 从缓存加载: X_tr=/home/fandy/workplace/thesis/results/soft_labels/kuhar_X_tr.npy
[2026-04-27 20:51:50] [Proc 4] 类 4 (Stand-sit): 6273样本, 目标400, 已有263, 需生成137
[2026-04-27 20:52:26]   [1/137 · 1%] idx=2436: ✅REAL max=0.530 (36688ms) ETA=4990s
[2026-04-27 20:53:25]   [2/137 · 1%] idx=2444: ✅REAL max=0.450 (57628ms) ETA=6434s
[2026-04-27 20:53:55]   [3/137 · 2%] idx=2459: ✅REAL max=0.550 (28476ms) ETA=5575s
[2026-04-27 20:55:14]   [4/137 · 3%] idx=2466: ✅REAL max=0.550 (78163ms) ETA=6782s
[2026-04-27 20:57:10]   [5/137 · 4%] idx=2467: ✅REAL max=0.440 (52244ms) ETA=8441s
[2026-04-27 20:58:24]   [6/137 · 4%] idx=2472: ✅REAL max=0.320 (73706ms) ETA=8612s
[2026-04-27 21:00:43]   [7/137 · 5%] idx=2473: ✅REAL max=0.450 (63498ms) ETA=9907s
[2026-04-27 21:01:53]   [8/137 · 6%] idx=2477: ✅REAL max=0.539 (68403ms) ETA=9721s
[2026-04-27 21:02:31]   [9/137 · 7%] idx=2489: ✅REAL max=0.782 (37364ms) ETA=9120s
[2026-04-27 21:04:12]   [10/137 · 7%] idx=2496: ✅REAL max=0.300 (100329ms) ETA=9431s
[2026-04-27 21:05:22]   [11/137 · 8%] idx=2505: ✅REAL max=0.440 (68959ms) ETA=9307s
[2026-04-27 21:07:40]   [12/137 · 9%] idx=2527: ✅REAL max=0.250 (68638ms) ETA=9902s
[2026-04-27 21:08:37]   [13/137 · 9%] idx=2528: ✅REAL max=0.600 (55097ms) ETA=9603s
[2026-04-27 21:09:48]   [14/137 · 10%] idx=2543: ✅REAL max=0.430 (70505ms) ETA=9473s
[2026-04-27 21:10:37]   [15/137 · 11%] idx=2549: ✅REAL max=0.470 (47676ms) ETA=9166s
[2026-04-27 21:11:23]   [16/137 · 12%] idx=2558: ✅REAL max=0.350 (45346ms) ETA=8873s
[2026-04-27 21:13:45]   [17/137 · 12%] idx=2563: ✅REAL max=0.400 (141251ms) ETA=9286s
[2026-04-27 21:14:55]   [18/137 · 13%] idx=2572: ✅REAL max=0.610 (69012ms) ETA=9160s
[2026-04-27 21:15:54]   [19/137 · 14%] idx=2578: ✅REAL max=0.300 (57585ms) ETA=8969s
[2026-04-27 21:16:31]   [20/137 · 15%] idx=2579: ✅REAL max=0.400 (36548ms) ETA=8668s
[2026-04-27 21:16:31]   💾 [20/137] 进度已保存
[2026-04-27 21:17:13]   [21/137 · 15%] idx=2589: ✅REAL max=0.408 (40045ms) ETA=8411s
[2026-04-27 21:17:51]   [22/137 · 16%] idx=2657: ✅REAL max=0.450 (37489ms) ETA=8161s
[2026-04-27 21:18:35]   [23/137 · 17%] idx=2675: ✅REAL max=0.440 (42932ms) ETA=7956s
[2026-04-27 21:19:05]   [24/137 · 18%] idx=2676: ✅REAL max=0.500 (28928ms) ETA=7699s
[2026-04-27 21:22:11]   [25/137 · 18%] idx=2689: ✅REAL max=0.470 (184719ms) ETA=8157s
[2026-04-27 21:22:43]   [26/137 · 19%] idx=2690: ✅REAL max=0.550 (31566ms) ETA=7913s
[2026-04-27 21:25:10]   [27/137 · 20%] idx=2729: ✅REAL max=0.710 (48362ms) ETA=8148s
[2026-04-27 21:26:12]   [28/137 · 20%] idx=2731: ✅REAL max=0.130 (61289ms) ETA=8028s
[2026-04-27 21:26:57]   [29/137 · 21%] idx=2738: ✅REAL max=0.480 (43845ms) ETA=7847s
[2026-04-27 21:27:43]   [30/137 · 22%] idx=2750: ✅REAL max=0.180 (44822ms) ETA=7679s
[2026-04-27 21:28:36]   [31/137 · 23%] idx=2761: ✅REAL max=0.455 (51924ms) ETA=7542s
[2026-04-27 21:29:22]   [32/137 · 23%] idx=2763: ✅REAL max=0.550 (45669ms) ETA=7391s
[2026-04-27 21:30:23]   [33/137 · 24%] idx=2787: ✅REAL max=0.550 (60226ms) ETA=7292s
[2026-04-27 21:31:26]   [34/137 · 25%] idx=2793: ✅REAL max=0.440 (61259ms) ETA=7198s
[2026-04-27 21:32:11]   [35/137 · 26%] idx=2794: ✅REAL max=0.450 (44694ms) ETA=7057s
[2026-04-27 21:32:55]   [36/137 · 26%] idx=2829: ✅REAL max=0.440 (42100ms) ETA=6915s
[2026-04-27 21:33:22]   [37/137 · 27%] idx=2853: ✅REAL max=0.700 (26286ms) ETA=6735s
[2026-04-27 21:34:08]   [38/137 · 28%] idx=2862: ✅REAL max=0.420 (45476ms) ETA=6614s
[2026-04-27 21:35:10]   [39/137 · 28%] idx=2866: ✅REAL max=0.430 (60324ms) ETA=6533s
[2026-04-27 21:35:56]   [40/137 · 29%] idx=2867: ✅REAL max=0.450 (45060ms) ETA=6416s
[2026-04-27 21:35:56]   💾 [40/137] 进度已保存
[2026-04-27 21:36:28]   [41/137 · 30%] idx=2876: ✅REAL max=0.450 (30820ms) ETA=6270s
[2026-04-27 21:37:08]   [42/137 · 31%] idx=2878: ✅REAL max=0.400 (38978ms) ETA=6147s
[2026-04-27 21:37:46]   [43/137 · 31%] idx=2880: ✅REAL max=0.450 (37444ms) ETA=6025s
[2026-04-27 21:39:25]   [44/137 · 32%] idx=2884: ✅REAL max=0.435 (97798ms) ETA=6034s
[2026-04-27 21:40:04]   [45/137 · 33%] idx=2894: ✅REAL max=0.550 (38550ms) ETA=5918s
[2026-04-27 21:41:07]   [46/137 · 34%] idx=2919: ✅REAL max=0.400 (61646ms) ETA=5850s
[2026-04-27 21:42:36]   [47/137 · 34%] idx=2934: ✅REAL max=0.430 (88215ms) ETA=5834s
[2026-04-27 21:43:33]   [48/137 · 35%] idx=2935: ✅REAL max=0.550 (55975ms) ETA=5754s
[2026-04-27 21:44:03]   [49/137 · 36%] idx=2939: ✅REAL max=0.550 (28941ms) ETA=5627s
[2026-04-27 21:45:18]   [50/137 · 36%] idx=2944: ✅REAL max=0.300 (74055ms) ETA=5583s
[2026-04-27 21:47:58]   [51/137 · 37%] idx=2948: ✅REAL max=0.750 (158406ms) ETA=5679s
[2026-04-27 21:48:58]   [52/137 · 38%] idx=2961: ✅REAL max=0.280 (59412ms) ETA=5604s
[2026-04-27 21:49:36]   [53/137 · 39%] idx=3002: ✅REAL max=0.396 (36473ms) ETA=5493s
[2026-04-27 21:50:24]   [54/137 · 39%] idx=3007: ✅REAL max=0.440 (47795ms) ETA=5402s
[2026-04-27 21:51:08]   [55/137 · 40%] idx=3016: ✅REAL max=0.470 (42576ms) ETA=5305s
[2026-04-27 21:52:37]   [56/137 · 41%] idx=3018: ✅REAL max=0.350 (88114ms) ETA=5275s
[2026-04-27 21:53:44]   [57/137 · 42%] idx=3043: ✅REAL max=0.505 (66017ms) ETA=5213s
[2026-04-27 21:54:37]   [58/137 · 42%] idx=3046: ✅REAL max=0.550 (51865ms) ETA=5131s
[2026-04-27 21:55:21]   [59/137 · 43%] idx=3051: ✅REAL max=0.500 (43409ms) ETA=5039s
[2026-04-27 21:56:16]   [60/137 · 44%] idx=3057: ✅REAL max=0.340 (53368ms) ETA=4961s
[2026-04-27 21:56:16]   💾 [60/137] 进度已保存
[2026-04-27 21:57:14]   [61/137 · 45%] idx=3061: ✅REAL max=0.500 (57789ms) ETA=4890s
[2026-04-27 21:59:10]   [62/137 · 45%] idx=3062: ✅REAL max=0.360 (114814ms) ETA=4888s
[2026-04-27 21:59:50]   [63/137 · 46%] idx=3063: ✅REAL max=0.390 (38895ms) ETA=4793s
[2026-04-27 22:00:54]   [64/137 · 47%] idx=3065: ✅REAL max=0.400 (62734ms) ETA=4727s
[2026-04-27 22:01:24]   [65/137 · 47%] idx=3066: ✅REAL max=0.630 (28586ms) ETA=4623s
[2026-04-27 22:03:17]   [66/137 · 48%] idx=3078: ✅REAL max=0.350 (112725ms) ETA=4612s
[2026-04-27 22:04:13]   [67/137 · 49%] idx=3090: ✅REAL max=0.450 (54724ms) ETA=4538s
[2026-04-27 22:05:02]   [68/137 · 50%] idx=3094: ✅REAL max=0.416 (48456ms) ETA=4457s
[2026-04-27 22:05:44]   [69/137 · 50%] idx=3114: ✅REAL max=0.350 (40108ms) ETA=4370s
[2026-04-27 22:07:14]   [70/137 · 51%] idx=3117: ✅REAL max=0.300 (34892ms) ETA=4330s
[2026-04-27 22:08:33]   [71/137 · 52%] idx=3119: ✅REAL max=0.340 (78151ms) ETA=4279s
[2026-04-27 22:09:52]   [72/137 · 53%] idx=3121: ✅REAL max=0.450 (77831ms) ETA=4227s
[2026-04-27 22:10:44]   [73/137 · 53%] idx=3127: ✅REAL max=0.280 (51188ms) ETA=4150s
[2026-04-27 22:11:54]   [74/137 · 54%] idx=3129: ✅REAL max=0.350 (68823ms) ETA=4090s
[2026-04-27 22:13:02]   [75/137 · 55%] idx=3133: ✅REAL max=0.400 (67355ms) ETA=4028s
[2026-04-27 22:13:58]   [76/137 · 55%] idx=3147: ✅REAL max=0.610 (55461ms) ETA=3956s
[2026-04-27 22:15:34]   [77/137 · 56%] idx=3162: ✅REAL max=0.620 (94440ms) ETA=3915s
[2026-04-27 22:16:39]   [78/137 · 57%] idx=3170: ✅REAL max=0.400 (63969ms) ETA=3849s
[2026-04-27 22:18:06]   [79/137 · 58%] idx=3172: ✅REAL max=0.180 (85617ms) ETA=3800s
[2026-04-27 22:19:50]   [80/137 · 58%] idx=3196: ✅REAL max=0.400 (103768ms) ETA=3762s
[2026-04-27 22:19:50]   💾 [80/137] 进度已保存
[2026-04-27 22:22:57]   [81/137 · 59%] idx=3203: ✅REAL max=0.400 (67553ms) ETA=3780s
[2026-04-27 22:23:35]   [82/137 · 60%] idx=3222: ✅REAL max=0.600 (37156ms) ETA=3693s
[2026-04-27 22:24:22]   [83/137 · 61%] idx=3225: ✅REAL max=0.421 (45764ms) ETA=3612s
[2026-04-27 22:25:14]   [84/137 · 61%] idx=3232: ✅REAL max=0.510 (51360ms) ETA=3536s
[2026-04-27 22:26:25]   [85/137 · 62%] idx=3243: ✅REAL max=0.700 (69879ms) ETA=3472s
[2026-04-27 22:27:29]   [86/137 · 63%] idx=3245: ✅REAL max=0.550 (62448ms) ETA=3403s
[2026-04-27 22:28:33]   [87/137 · 64%] idx=3270: ✅REAL max=0.330 (63067ms) ETA=3335s
[2026-04-27 22:29:32]   [88/137 · 64%] idx=3288: ✅REAL max=0.300 (58232ms) ETA=3264s
[2026-04-27 22:30:57]   [89/137 · 65%] idx=3290: ✅REAL max=0.450 (84576ms) ETA=3208s
[2026-04-27 22:31:51]   [90/137 · 66%] idx=3298: ✅REAL max=0.525 (52807ms) ETA=3134s
[2026-04-27 22:32:42]   [91/137 · 66%] idx=3300: ✅REAL max=0.560 (49951ms) ETA=3059s
[2026-04-27 22:33:23]   [92/137 · 67%] idx=3319: ✅REAL max=0.700 (40032ms) ETA=2980s
[2026-04-27 22:34:07]   [93/137 · 68%] idx=3345: ✅REAL max=0.472 (42837ms) ETA=2904s
[2026-04-27 22:34:41]   [94/137 · 69%] idx=3362: ✅REAL max=0.530 (32490ms) ETA=2823s
[2026-04-27 22:35:29]   [95/137 · 69%] idx=3365: ✅REAL max=0.450 (47706ms) ETA=2750s
[2026-04-27 22:36:16]   [96/137 · 70%] idx=3378: ✅REAL max=0.480 (45275ms) ETA=2676s
[2026-04-27 22:37:26]   [97/137 · 71%] idx=3383: ✅REAL max=0.450 (69855ms) ETA=2613s
[2026-04-27 22:38:35]   [98/137 · 72%] idx=3390: ✅REAL max=0.330 (67173ms) ETA=2549s
[2026-04-27 22:39:28]   [99/137 · 72%] idx=3396: ✅REAL max=0.520 (52239ms) ETA=2479s
[2026-04-27 22:40:16]   [100/137 · 73%] idx=3401: ✅REAL max=0.470 (47350ms) ETA=2407s
[2026-04-27 22:40:16]   💾 [100/137] 进度已保存
[2026-04-27 22:40:59]   [101/137 · 74%] idx=3405: ✅REAL max=0.420 (41747ms) ETA=2334s
[2026-04-27 22:41:39]   [102/137 · 74%] idx=3409: ✅REAL max=0.300 (39250ms) ETA=2261s
[2026-04-27 22:42:13]   [103/137 · 75%] idx=3435: ✅REAL max=0.400 (32662ms) ETA=2186s
[2026-04-27 22:42:54]   [104/137 · 76%] idx=3448: ✅REAL max=0.600 (40008ms) ETA=2115s
[2026-04-27 22:43:33]   [105/137 · 77%] idx=3455: ✅REAL max=0.320 (38160ms) ETA=2043s
[2026-04-27 22:45:31]   [106/137 · 77%] idx=3463: ✅REAL max=0.740 (39078ms) ETA=1995s
[2026-04-27 22:46:22]   [107/137 · 78%] idx=3480: ✅REAL max=0.688 (50188ms) ETA=1927s
[2026-04-27 22:47:18]   [108/137 · 79%] idx=3485: ✅REAL max=0.450 (54225ms) ETA=1860s
[2026-04-27 22:48:34]   [109/137 · 80%] idx=3486: ✅REAL max=0.400 (75371ms) ETA=1799s
[2026-04-27 22:49:40]   [110/137 · 80%] idx=3487: ✅REAL max=0.408 (64961ms) ETA=1735s
[2026-04-27 22:50:15]   [111/137 · 81%] idx=3497: ✅REAL max=0.350 (33798ms) ETA=1664s
[2026-04-27 22:50:56]   [112/137 · 82%] idx=3499: ✅REAL max=0.500 (40277ms) ETA=1595s
[2026-04-27 22:52:01]   [113/137 · 82%] idx=3504: ✅REAL max=0.300 (64115ms) ETA=1532s
[2026-04-27 22:52:52]   [114/137 · 83%] idx=3505: ✅REAL max=0.450 (50131ms) ETA=1465s
[2026-04-27 22:53:58]   [115/137 · 84%] idx=3507: ✅REAL max=0.450 (64656ms) ETA=1402s
[2026-04-27 22:55:16]   [116/137 · 85%] idx=3508: ✅REAL max=0.380 (76517ms) ETA=1341s
[2026-04-27 22:56:37]   [117/137 · 85%] idx=3525: ✅REAL max=0.550 (80529ms) ETA=1280s
[2026-04-27 22:57:52]   [118/137 · 86%] idx=3538: ✅REAL max=0.450 (73766ms) ETA=1218s
[2026-04-27 22:58:59]   [119/137 · 87%] idx=3539: ✅REAL max=0.350 (65738ms) ETA=1154s
[2026-04-27 23:00:06]   [120/137 · 88%] idx=3580: ✅REAL max=0.310 (65947ms) ETA=1090s
[2026-04-27 23:00:06]   💾 [120/137] 进度已保存
[2026-04-27 23:01:05]   [121/137 · 88%] idx=3582: ✅REAL max=0.460 (58464ms) ETA=1025s
[2026-04-27 23:01:38]   [122/137 · 89%] idx=3585: ✅REAL max=0.550 (31752ms) ETA=958s
[2026-04-27 23:02:35]   [123/137 · 90%] idx=3598: ✅REAL max=0.400 (55907ms) ETA=893s
[2026-04-27 23:05:15]   [124/137 · 91%] idx=3602: ✅REAL max=0.350 (88856ms) ETA=839s
[2026-04-27 23:05:48]   [125/137 · 91%] idx=3605: ✅REAL max=0.650 (32279ms) ETA=772s
[2026-04-27 23:06:41]   [126/137 · 92%] idx=3606: ✅REAL max=0.552 (52113ms) ETA=706s
[2026-04-27 23:07:40]   [127/137 · 93%] idx=3610: ✅REAL max=0.390 (57332ms) ETA=642s
[2026-04-27 23:08:10]   [128/137 · 93%] idx=3623: ✅REAL max=0.450 (29497ms) ETA=575s
[2026-04-27 23:08:41]   [129/137 · 94%] idx=3624: ✅REAL max=0.480 (30003ms) ETA=509s
[2026-04-27 23:09:34]   [130/137 · 95%] idx=3631: ✅REAL max=0.330 (51529ms) ETA=445s
[2026-04-27 23:10:19]   [131/137 · 96%] idx=3636: ✅REAL max=0.670 (44416ms) ETA=381s
[2026-04-27 23:11:05]   [132/137 · 96%] idx=3639: ✅REAL max=0.220 (44718ms) ETA=316s
[2026-04-28 00:05:04] [Proc 4] 启动，20秒后开始（避免并发冲突）
[2026-04-28 00:05:24] [数据] 从缓存加载: X_tr=/home/fandy/workplace/thesis/results/soft_labels/kuhar_X_tr.npy
[2026-04-28 00:05:25] [Proc 4] 类 4 (Stand-sit): 6273样本, 目标400, 已有395, 需生成5
[2026-04-28 00:06:09]   [1/5 · 20%] idx=3648: ✅REAL max=0.410 (44744ms) ETA=179s
[2026-04-28 00:07:06]   [2/5 · 40%] idx=3651: ✅REAL max=0.670 (55290ms) ETA=152s
[2026-04-28 00:08:07]   [3/5 · 60%] idx=3671: ✅REAL max=0.400 (60288ms) ETA=108s
[2026-04-28 00:08:42]   [4/5 · 80%] idx=3715: ✅REAL max=0.470 (34243ms) ETA=49s
[2026-04-28 00:13:06] [Proc 4] 启动，20秒后开始（避免并发冲突）
[2026-04-28 00:13:26] [数据] 从缓存加载: X_tr=/home/fandy/workplace/thesis/results/soft_labels/kuhar_X_tr.npy
[2026-04-28 00:13:26] [Proc 4] 类 4 (Stand-sit): 6273样本, 目标400, 已有399, 需生成1
[2026-04-28 00:14:02]   [1/1 · 100%] idx=3717: ✅REAL max=0.525 (36153ms) ETA=0s
[2026-04-28 00:14:03] [Proc 4] ✅ 类 4 (Stand-sit) 完成: 400/400 耗时37s
[2026-04-28 00:14:03] [Proc 4] 全部完成 → /home/fandy/workplace/thesis/results/soft_labels/kuhar_soft_proc4.npy
[2026-04-28 00:23:46] [Proc 4] 启动，20秒后开始（避免并发冲突）
[2026-04-28 00:24:06] [数据] 从缓存加载: X_tr=/home/fandy/workplace/thesis/results/soft_labels/kuhar_X_tr.npy
[2026-04-28 00:24:06] [Proc 4] 类 4 已完成，跳过
[2026-04-28 00:24:06] [Proc 4] 全部完成 → /home/fandy/workplace/thesis/results/soft_labels/kuhar_soft_proc4.npy
