[2026-04-27 10:42:23] [Proc 2] 启动，10秒后开始（避免并发冲突）
[2026-04-27 10:42:33] [数据] 第一次运行，正在加载全量数据（需约10秒）...
[2026-04-27 10:43:05] [数据] 已缓存: X_tr=(61210, 128, 8), y_tr=(61210,)
[2026-04-27 10:43:05] [Proc 2] 类 2 (Talk-sit): 5302样本, 目标400, 已有0, 需生成400
[2026-04-27 10:43:46]   [1/400 · 0%] idx=19: ✅REAL max=0.550 (40352ms) ETA=16100s
[2026-04-27 10:46:20]   [2/400 · 0%] idx=22: ✅REAL max=0.550 (62219ms) ETA=38787s
[2026-04-27 10:46:54]   [3/400 · 1%] idx=26: ✅REAL max=0.316 (33211ms) ETA=30321s
[2026-04-27 10:47:42]   [4/400 · 1%] idx=36: ✅REAL max=0.450 (46327ms) ETA=27370s
[2026-04-27 10:48:34]   [5/400 · 1%] idx=41: ✅REAL max=0.224 (51139ms) ETA=25960s
[2026-04-27 10:49:34]   [6/400 · 2%] idx=48: ✅REAL max=0.490 (59001ms) ETA=25519s
[2026-04-27 10:50:24]   [7/400 · 2%] idx=57: ✅REAL max=0.400 (49019ms) ETA=24627s
[2026-04-27 10:54:05]   [8/400 · 2%] idx=58: ✅REAL max=0.740 (214583ms) ETA=32265s
[2026-04-27 11:32:24] [Proc 2] 启动，10秒后开始（避免并发冲突）
[2026-04-27 11:32:34] [数据] 从缓存加载: X_tr=/home/fandy/workplace/thesis/results/soft_labels/kuhar_X_tr.npy
[2026-04-27 11:32:34] [Proc 2] 类 2 (Talk-sit): 5302样本, 目标400, 已有8, 需生成392
[2026-04-27 11:33:54]   [1/392 · 0%] idx=67: ✅REAL max=0.540 (80266ms) ETA=31384s
[2026-04-27 11:34:32]   [2/392 · 1%] idx=78: ✅REAL max=0.700 (36169ms) ETA=22901s
[2026-04-27 11:35:30]   [3/392 · 1%] idx=82: ✅REAL max=0.400 (57545ms) ETA=22820s
[2026-04-27 11:36:24]   [4/392 · 1%] idx=85: ✅REAL max=0.350 (52485ms) ETA=22260s
[2026-04-27 11:37:30]   [5/392 · 1%] idx=90: ✅REAL max=0.450 (64987ms) ETA=22870s
[2026-04-27 11:38:15]   [6/392 · 2%] idx=96: ✅REAL max=0.310 (44035ms) ETA=21906s
[2026-04-27 11:39:09]   [7/392 · 2%] idx=104: ✅REAL max=0.840 (52830ms) ETA=21689s
[2026-04-27 11:40:15]   [8/392 · 2%] idx=112: ✅REAL max=0.700 (65690ms) ETA=22130s
[2026-04-27 11:41:05]   [9/392 · 2%] idx=117: ✅REAL max=0.400 (48986ms) ETA=21747s
[2026-04-27 11:41:51]   [10/392 · 3%] idx=118: ✅REAL max=0.550 (44298ms) ETA=21252s
[2026-04-27 11:42:39]   [11/392 · 3%] idx=134: ✅REAL max=0.650 (47727ms) ETA=20957s
[2026-04-27 11:43:32]   [12/392 · 3%] idx=187: ✅REAL max=0.300 (51251ms) ETA=20815s
[2026-04-27 11:44:08]   [13/392 · 3%] idx=188: ✅REAL max=0.550 (35205ms) ETA=20219s
[2026-04-27 11:46:18]   [14/392 · 4%] idx=200: ✅REAL max=0.550 (38317ms) ETA=22241s
[2026-04-27 11:47:15]   [15/392 · 4%] idx=204: ✅REAL max=0.525 (55826ms) ETA=22132s
[2026-04-27 11:48:13]   [16/392 · 4%] idx=207: ✅REAL max=0.580 (57050ms) ETA=22058s
[2026-04-27 11:48:46]   [17/392 · 4%] idx=217: ✅REAL max=0.600 (32269ms) ETA=21439s
[2026-04-27 11:50:16]   [18/392 · 5%] idx=224: ✅REAL max=0.450 (88824ms) ETA=22061s
[2026-04-27 11:51:37]   [19/392 · 5%] idx=242: ✅REAL max=0.550 (79871ms) ETA=22431s
[2026-04-27 11:52:38]   [20/392 · 5%] idx=248: ✅REAL max=0.300 (60217ms) ETA=22392s
[2026-04-27 11:52:38]   💾 [20/392] 进度已保存
[2026-04-27 11:53:33]   [21/392 · 5%] idx=266: ✅REAL max=0.455 (54402ms) ETA=22247s
[2026-04-27 11:54:22]   [22/392 · 6%] idx=282: ✅REAL max=0.450 (47835ms) ETA=22000s
[2026-04-27 11:55:03]   [23/392 · 6%] idx=302: ✅REAL max=0.657 (40054ms) ETA=21645s
[2026-04-27 11:55:58]   [24/392 · 6%] idx=303: ✅REAL max=0.570 (53985ms) ETA=21530s
[2026-04-27 11:56:30]   [25/392 · 6%] idx=306: ✅REAL max=0.450 (31028ms) ETA=21083s
[2026-04-27 11:57:36]   [26/392 · 7%] idx=325: ✅REAL max=0.440 (64803ms) ETA=21143s
[2026-04-27 11:58:15]   [27/392 · 7%] idx=326: ✅REAL max=0.340 (37907ms) ETA=20831s
[2026-04-27 11:58:59]   [28/392 · 7%] idx=329: ✅REAL max=0.450 (43095ms) ETA=20605s
[2026-04-27 11:59:54]   [29/392 · 7%] idx=345: ✅REAL max=0.693 (53451ms) ETA=20522s
[2026-04-27 12:02:42]   [30/392 · 8%] idx=354: ✅REAL max=0.350 (166980ms) ETA=21810s
[2026-04-27 12:03:11]   [31/392 · 8%] idx=380: ✅REAL max=0.300 (27991ms) ETA=21386s
[2026-04-27 12:03:50]   [32/392 · 8%] idx=382: ✅REAL max=0.680 (38825ms) ETA=21108s
[2026-04-27 12:04:29]   [33/392 · 8%] idx=405: ✅REAL max=0.340 (37480ms) ETA=20830s
[2026-04-27 12:05:02]   [34/392 · 9%] idx=416: ✅REAL max=0.660 (32033ms) ETA=20509s
[2026-04-27 12:06:06]   [35/392 · 9%] idx=426: ✅REAL max=0.550 (62506ms) ETA=20515s
[2026-04-27 12:07:04]   [36/392 · 9%] idx=428: ✅REAL max=0.350 (57745ms) ETA=20471s
[2026-04-27 12:08:01]   [37/392 · 9%] idx=434: ✅REAL max=0.450 (55392ms) ETA=20402s
[2026-04-27 12:08:47]   [38/392 · 10%] idx=453: ✅REAL max=0.450 (45297ms) ETA=20241s
[2026-04-27 12:09:34]   [39/392 · 10%] idx=514: ✅REAL max=0.520 (46448ms) ETA=20096s
[2026-04-27 12:10:16]   [40/392 · 10%] idx=542: ✅REAL max=0.590 (40309ms) ETA=19901s
[2026-04-27 12:10:16]   💾 [40/392] 进度已保存
[2026-04-27 12:10:41]   [41/392 · 10%] idx=557: ✅REAL max=0.450 (24569ms) ETA=19580s
[2026-04-27 12:12:18]   [42/392 · 11%] idx=562: ✅REAL max=0.700 (36564ms) ETA=19867s
[2026-04-27 12:13:10]   [43/392 · 11%] idx=579: ✅REAL max=0.549 (51114ms) ETA=19772s
[2026-04-27 12:14:31]   [44/392 · 11%] idx=582: ✅REAL max=0.630 (80139ms) ETA=19909s
[2026-04-27 12:15:50]   [45/392 · 11%] idx=583: ✅REAL max=0.556 (77209ms) ETA=20014s
[2026-04-27 12:16:41]   [46/392 · 12%] idx=585: ✅REAL max=0.350 (49827ms) ETA=19905s
[2026-04-27 12:17:15]   [47/392 · 12%] idx=595: ✅REAL max=0.500 (33697ms) ETA=19680s
[2026-04-27 12:17:58]   [48/392 · 12%] idx=602: ✅REAL max=0.440 (41699ms) ETA=19520s
[2026-04-27 12:18:52]   [49/392 · 12%] idx=606: ✅REAL max=0.300 (53226ms) ETA=19446s
[2026-04-27 12:19:46]   [50/392 · 13%] idx=613: ✅REAL max=0.405 (53042ms) ETA=19371s
[2026-04-27 12:20:24]   [51/392 · 13%] idx=624: ✅REAL max=0.330 (36736ms) ETA=19188s
[2026-04-27 12:21:02]   [52/392 · 13%] idx=627: ✅REAL max=0.240 (36578ms) ETA=19009s
[2026-04-27 12:22:33]   [53/392 · 14%] idx=629: ✅REAL max=0.450 (90525ms) ETA=19181s
[2026-04-27 12:23:44]   [54/392 · 14%] idx=638: ✅REAL max=0.620 (69529ms) ETA=19212s
[2026-04-27 12:24:29]   [55/392 · 14%] idx=688: ✅REAL max=0.430 (44391ms) ETA=19085s
[2026-04-27 12:27:26]   [56/392 · 14%] idx=697: ✅REAL max=0.433 (65466ms) ETA=19752s
[2026-04-27 12:29:05]   [57/392 · 15%] idx=706: ✅REAL max=0.310 (97549ms) ETA=19927s
[2026-04-27 12:30:06]   [58/392 · 15%] idx=711: ✅REAL max=0.560 (59766ms) ETA=19875s
[2026-04-27 12:30:39]   [59/392 · 15%] idx=714: ✅REAL max=0.450 (32031ms) ETA=19666s
[2026-04-27 12:31:24]   [60/392 · 15%] idx=718: ✅REAL max=0.310 (44791ms) ETA=19534s
[2026-04-27 12:31:24]   💾 [60/392] 进度已保存
[2026-04-27 12:32:19]   [61/392 · 16%] idx=728: ✅REAL max=0.400 (53995ms) ETA=19454s
[2026-04-27 12:34:18]   [62/392 · 16%] idx=729: ✅REAL max=0.380 (117979ms) ETA=19716s
[2026-04-27 12:36:04]   [63/392 · 16%] idx=741: ✅REAL max=0.320 (104934ms) ETA=19897s
[2026-04-27 12:37:06]   [64/392 · 16%] idx=746: ✅REAL max=0.450 (60587ms) ETA=19843s
[2026-04-27 12:37:38]   [65/392 · 17%] idx=756: ✅REAL max=0.210 (31248ms) ETA=19640s
[2026-04-27 12:38:12]   [66/392 · 17%] idx=758: ✅REAL max=0.450 (33143ms) ETA=19452s
[2026-04-27 12:38:42]   [67/392 · 17%] idx=783: ✅REAL max=0.560 (28505ms) ETA=19246s
[2026-04-27 12:39:54]   [68/392 · 17%] idx=790: ✅REAL max=0.550 (70920ms) ETA=19247s
[2026-04-27 12:40:51]   [69/392 · 18%] idx=803: ✅REAL max=0.500 (55772ms) ETA=19176s
[2026-04-27 12:41:27]   [70/392 · 18%] idx=808: ✅REAL max=0.760 (35619ms) ETA=19012s
[2026-04-27 12:44:54]   [71/392 · 18%] idx=828: ✅REAL max=0.350 (42829ms) ETA=19622s
[2026-04-27 12:46:06]   [72/392 · 18%] idx=847: ✅REAL max=0.400 (70666ms) ETA=19608s
[2026-04-27 12:46:46]   [73/392 · 19%] idx=852: ✅REAL max=0.250 (39105ms) ETA=19454s
[2026-04-27 12:47:39]   [74/392 · 19%] idx=859: ✅REAL max=0.450 (51463ms) ETA=19357s
[2026-04-27 12:48:36]   [75/392 · 19%] idx=866: ✅REAL max=0.400 (56520ms) ETA=19282s
[2026-04-27 12:49:21]   [76/392 · 19%] idx=902: ✅REAL max=0.800 (44317ms) ETA=19156s
[2026-04-27 12:49:59]   [77/392 · 20%] idx=903: ✅REAL max=0.300 (36633ms) ETA=19002s
[2026-04-27 12:50:44]   [78/392 · 20%] idx=905: ✅REAL max=0.400 (43750ms) ETA=18879s
[2026-04-27 12:51:33]   [79/392 · 20%] idx=911: ✅REAL max=0.300 (48359ms) ETA=18776s
[2026-04-27 12:52:06]   [80/392 · 20%] idx=916: ✅REAL max=0.425 (32172ms) ETA=18612s
[2026-04-27 12:52:06]   💾 [80/392] 进度已保存
[2026-04-27 12:53:03]   [81/392 · 21%] idx=946: ✅REAL max=0.291 (55878ms) ETA=18541s
[2026-04-27 12:54:09]   [82/392 · 21%] idx=963: ✅REAL max=0.450 (65017ms) ETA=18506s
[2026-04-27 12:54:43]   [83/392 · 21%] idx=970: ✅REAL max=0.596 (33082ms) ETA=18351s
[2026-04-27 12:55:29]   [84/392 · 21%] idx=971: ✅REAL max=0.300 (44516ms) ETA=18241s
[2026-04-27 12:56:45]   [85/392 · 22%] idx=987: ✅REAL max=0.710 (75196ms) ETA=18243s
[2026-04-27 12:57:44]   [86/392 · 22%] idx=993: ✅REAL max=0.460 (58177ms) ETA=18182s
[2026-04-27 12:59:01]   [87/392 · 22%] idx=996: ✅REAL max=0.350 (76116ms) ETA=18185s
[2026-04-27 12:59:39]   [88/392 · 22%] idx=1019: ✅REAL max=0.707 (36159ms) ETA=18048s
[2026-04-27 13:00:36]   [89/392 · 23%] idx=1023: ✅REAL max=0.360 (56421ms) ETA=17982s
[2026-04-27 13:11:31] [Proc 2] 启动，10秒后开始（避免并发冲突）
[2026-04-27 13:11:41] [数据] 从缓存加载: X_tr=/home/fandy/workplace/thesis/results/soft_labels/kuhar_X_tr.npy
[2026-04-27 13:11:41] [Proc 2] 类 2 (Talk-sit): 5302样本, 目标400, 已有97, 需生成303
[2026-04-27 13:13:23]   [1/303 · 0%] idx=1025: ✅REAL max=0.200 (101596ms) ETA=30682s
[2026-04-27 13:14:39]   [2/303 · 1%] idx=1047: ✅REAL max=0.450 (75071ms) ETA=26740s
[2026-04-27 13:15:37]   [3/303 · 1%] idx=1059: ✅REAL max=0.312 (57330ms) ETA=23601s
[2026-04-27 13:16:35]   [4/303 · 1%] idx=1084: ✅REAL max=0.626 (56590ms) ETA=21947s
[2026-04-27 13:19:39]   [5/303 · 2%] idx=1090: ✅REAL max=0.450 (77943ms) ETA=28476s
[2026-04-27 13:20:32]   [6/303 · 2%] idx=1092: ✅REAL max=0.395 (51554ms) ETA=26252s
[2026-04-27 13:21:21]   [7/303 · 2%] idx=1117: ✅REAL max=0.280 (48164ms) ETA=24506s
[2026-04-27 13:22:39]   [8/303 · 3%] idx=1124: ✅REAL max=0.550 (76943ms) ETA=24244s
[2026-04-27 13:24:00]   [9/303 · 3%] idx=1137: ✅REAL max=0.300 (80663ms) ETA=24145s
[2026-04-27 13:25:30]   [10/303 · 3%] idx=1138: ✅REAL max=0.350 (89105ms) ETA=24298s
[2026-04-27 13:26:30]   [11/303 · 4%] idx=1150: ✅REAL max=0.465 (58601ms) ETA=23596s
[2026-04-27 13:27:09]   [12/303 · 4%] idx=1171: ✅REAL max=0.750 (38096ms) ETA=22503s
[2026-04-27 13:28:10]   [13/303 · 4%] idx=1199: ✅REAL max=0.500 (59771ms) ETA=22057s
[2026-04-27 13:29:25]   [14/303 · 5%] idx=1201: ✅REAL max=0.567 (73592ms) ETA=21951s
[2026-04-27 13:31:06]   [15/303 · 5%] idx=1222: ✅REAL max=0.610 (100523ms) ETA=22366s
[2026-04-27 13:33:59]   [16/303 · 5%] idx=1223: ✅REAL max=0.752 (172362ms) ETA=24005s
[2026-04-27 13:35:29]   [17/303 · 6%] idx=1226: ✅REAL max=0.480 (88890ms) ETA=24026s
[2026-04-27 13:36:19]   [18/303 · 6%] idx=1232: ✅REAL max=0.450 (49073ms) ETA=23405s
[2026-04-27 13:37:01]   [19/303 · 6%] idx=1236: ✅REAL max=0.210 (40644ms) ETA=22718s
[2026-04-27 13:38:57]   [20/303 · 7%] idx=1248: ✅REAL max=0.500 (115444ms) ETA=23154s
[2026-04-27 13:38:57]   💾 [20/303] 进度已保存
[2026-04-27 13:39:47]   [21/303 · 7%] idx=1250: ✅REAL max=0.300 (48394ms) ETA=22637s
[2026-04-27 13:41:25]   [22/303 · 7%] idx=1253: ✅REAL max=0.250 (96806ms) ETA=22780s
[2026-04-27 13:42:14]   [23/303 · 8%] idx=1260: ✅REAL max=0.450 (48394ms) ETA=22314s
[2026-04-27 13:42:53]   [24/303 · 8%] idx=1274: ✅REAL max=0.280 (37573ms) ETA=21756s
[2026-04-27 13:44:25]   [25/303 · 8%] idx=1282: ✅REAL max=0.470 (91149ms) ETA=21836s
[2026-04-27 13:45:22]   [26/303 · 9%] idx=1287: ✅REAL max=0.600 (55803ms) ETA=21526s
[2026-04-27 13:46:10]   [27/303 · 9%] idx=1314: ✅REAL max=0.240 (47713ms) ETA=21152s
[2026-04-27 13:47:18]   [28/303 · 9%] idx=1315: ✅REAL max=0.280 (66911ms) ETA=20989s
[2026-04-27 13:48:13]   [29/303 · 10%] idx=1325: ✅REAL max=0.300 (53452ms) ETA=20706s
[2026-04-27 13:49:24]   [30/303 · 10%] idx=1335: ✅REAL max=0.347 (70585ms) ETA=20595s
[2026-04-27 13:53:07]   [31/303 · 10%] idx=1346: ✅REAL max=0.550 (221449ms) ETA=21809s
[2026-04-27 13:54:15]   [32/303 · 11%] idx=1353: ✅REAL max=0.440 (66909ms) ETA=21625s
[2026-04-27 13:56:05]   [33/303 · 11%] idx=1359: ✅REAL max=0.670 (108975ms) ETA=21792s
[2026-04-27 13:57:11]   [34/303 · 11%] idx=1362: ✅REAL max=0.450 (65593ms) ETA=21600s
[2026-04-27 13:58:17]   [35/303 · 12%] idx=1363: ✅REAL max=0.707 (64572ms) ETA=21407s
[2026-04-27 14:02:24]   [36/303 · 12%] idx=1367: ✅REAL max=0.450 (166406ms) ETA=22569s
[2026-04-27 14:03:31]   [37/303 · 12%] idx=1372: ✅REAL max=0.850 (65326ms) ETA=22354s
[2026-04-27 14:04:39]   [38/303 · 13%] idx=1379: ✅REAL max=0.300 (67104ms) ETA=22159s
[2026-04-27 14:05:33]   [39/303 · 13%] idx=1381: ✅REAL max=0.470 (53273ms) ETA=21877s
[2026-04-27 14:06:19]   [40/303 · 13%] idx=1383: ✅REAL max=0.434 (44907ms) ETA=21551s
[2026-04-27 14:06:19]   💾 [40/303] 进度已保存
[2026-04-27 14:07:25]   [41/303 · 14%] idx=1384: ✅REAL max=0.645 (65554ms) ETA=21370s
[2026-04-27 14:08:22]   [42/303 · 14%] idx=1404: ✅REAL max=0.215 (55526ms) ETA=21133s
[2026-04-27 14:11:30]   [43/303 · 14%] idx=1411: ✅REAL max=0.368 (187102ms) ETA=21700s
[2026-04-27 14:13:19]   [44/303 · 15%] idx=1471: ✅REAL max=0.300 (107917ms) ETA=21767s
[2026-04-27 14:14:17]   [45/303 · 15%] idx=1479: ✅REAL max=0.550 (57407ms) ETA=21536s
[2026-04-27 14:16:12]   [46/303 · 15%] idx=1525: ✅REAL max=0.430 (113208ms) ETA=21624s
[2026-04-27 14:19:04]   [47/303 · 16%] idx=1533: ✅REAL max=0.550 (171614ms) ETA=22022s
[2026-04-27 14:20:32]   [48/303 · 16%] idx=1581: ✅REAL max=0.600 (86771ms) ETA=21945s
[2026-04-27 14:21:39]   [49/303 · 16%] idx=1592: ✅REAL max=0.450 (65988ms) ETA=21760s
[2026-04-27 14:22:57]   [50/303 · 17%] idx=1594: ✅REAL max=0.280 (77223ms) ETA=21637s
[2026-04-27 14:24:17]   [51/303 · 17%] idx=1600: ✅REAL max=0.480 (79222ms) ETA=21525s
[2026-04-27 14:25:57]   [52/303 · 17%] idx=1607: ✅REAL max=0.550 (98761ms) ETA=21509s
[2026-04-27 14:27:06]   [53/303 · 17%] idx=1629: ✅REAL max=0.700 (67476ms) ETA=21342s
[2026-04-27 14:28:04]   [54/303 · 18%] idx=1662: ✅REAL max=0.500 (57307ms) ETA=21132s
[2026-04-27 14:31:30]   [55/303 · 18%] idx=1668: ✅REAL max=0.460 (205364ms) ETA=21595s
[2026-04-27 14:32:27]   [56/303 · 18%] idx=1681: ✅REAL max=0.560 (55521ms) ETA=21373s
[2026-04-27 14:33:33]   [57/303 · 19%] idx=1684: ✅REAL max=0.450 (65309ms) ETA=21199s
[2026-04-27 14:36:27]   [58/303 · 19%] idx=1697: ✅REAL max=0.350 (89916ms) ETA=21484s
[2026-04-27 14:37:43]   [59/303 · 19%] idx=1701: ✅REAL max=0.420 (74419ms) ETA=21346s
[2026-04-27 14:38:42]   [60/303 · 20%] idx=1705: ✅REAL max=0.550 (57951ms) ETA=21143s
[2026-04-27 14:38:42]   💾 [60/303] 进度已保存
[2026-04-27 14:39:55]   [61/303 · 20%] idx=1707: ✅REAL max=0.300 (72201ms) ETA=21001s
[2026-04-27 14:42:43]   [62/303 · 20%] idx=1716: ✅REAL max=0.420 (166730ms) ETA=21229s
[2026-04-27 14:43:54]   [63/303 · 21%] idx=1719: ✅REAL max=0.300 (70324ms) ETA=21077s
[2026-04-27 14:45:34]   [64/303 · 21%] idx=1726: ✅REAL max=0.730 (99416ms) ETA=21036s
[2026-04-27 14:47:05]   [65/303 · 21%] idx=1740: ✅REAL max=0.530 (89965ms) ETA=20959s
[2026-04-27 14:48:57]   [66/303 · 22%] idx=1744: ✅REAL max=0.250 (111161ms) ETA=20957s
[2026-04-27 14:50:31]   [67/303 · 22%] idx=1749: ✅REAL max=0.690 (92250ms) ETA=20886s
[2026-04-27 14:51:24]   [68/303 · 22%] idx=1771: ✅REAL max=0.450 (52257ms) ETA=20676s
[2026-04-27 14:52:57]   [69/303 · 23%] idx=1778: ✅REAL max=0.380 (91581ms) ETA=20603s
[2026-04-27 14:53:47]   [70/303 · 23%] idx=1784: ✅REAL max=0.380 (49597ms) ETA=20391s
[2026-04-27 14:57:03]   [71/303 · 23%] idx=1791: ✅REAL max=0.450 (69072ms) ETA=20657s
[2026-04-27 14:57:52]   [72/303 · 24%] idx=1824: ✅REAL max=0.725 (47757ms) ETA=20439s
[2026-04-27 15:00:23]   [73/303 · 24%] idx=1833: ✅REAL max=0.430 (58380ms) ETA=20547s
[2026-04-27 15:01:37]   [74/303 · 24%] idx=1843: ✅REAL max=0.550 (73780ms) ETA=20412s
[2026-04-27 15:02:33]   [75/303 · 25%] idx=1860: ✅REAL max=0.800 (55048ms) ETA=20223s
[2026-04-27 15:03:34]   [76/303 · 25%] idx=1878: ✅REAL max=0.310 (59798ms) ETA=20051s
[2026-04-27 15:04:49]   [77/303 · 25%] idx=1883: ✅REAL max=0.840 (74215ms) ETA=19924s
[2026-04-27 15:05:56]   [78/303 · 26%] idx=1894: ✅REAL max=0.559 (65533ms) ETA=19773s
[2026-04-27 15:07:09]   [79/303 · 26%] idx=1925: ✅REAL max=0.510 (72561ms) ETA=19645s
[2026-04-27 15:08:44]   [80/303 · 26%] idx=1929: ✅REAL max=0.300 (93300ms) ETA=19576s
[2026-04-27 15:08:44]   💾 [80/303] 进度已保存
[2026-04-27 15:11:43]   [81/303 · 27%] idx=1937: ✅REAL max=0.300 (177872ms) ETA=19737s
[2026-04-27 15:12:49]   [82/303 · 27%] idx=1969: ✅REAL max=0.360 (65422ms) ETA=19588s
[2026-04-27 15:13:44]   [83/303 · 27%] idx=1977: ✅REAL max=0.347 (53588ms) ETA=19409s
[2026-04-27 15:14:52]   [84/303 · 28%] idx=1986: ✅REAL max=0.550 (67092ms) ETA=19268s
[2026-04-27 15:15:36]   [85/303 · 28%] idx=1988: ✅REAL max=0.500 (43541ms) ETA=19069s
[2026-04-27 15:16:59]   [86/303 · 28%] idx=2001: ✅REAL max=0.680 (81431ms) ETA=18969s
[2026-04-27 15:18:09]   [87/303 · 29%] idx=2008: ✅REAL max=0.215 (68835ms) ETA=18838s
[2026-04-27 15:18:56]   [88/303 · 29%] idx=2013: ✅REAL max=0.420 (46459ms) ETA=18654s
[2026-04-27 15:19:56]   [89/303 · 29%] idx=2026: ✅REAL max=0.260 (58665ms) ETA=18502s
[2026-04-27 15:23:26]   [90/303 · 30%] idx=2055: ✅REAL max=0.280 (209732ms) ETA=18709s
[2026-04-27 15:24:21]   [91/303 · 30%] idx=2077: ✅REAL max=0.470 (53173ms) ETA=18543s
[2026-04-27 15:27:47]   [92/303 · 30%] idx=2082: ✅REAL max=0.461 (205207ms) ETA=18728s
[2026-04-27 15:29:01]   [93/303 · 31%] idx=2089: ✅REAL max=0.350 (72686ms) ETA=18605s
[2026-04-27 15:30:01]   [94/303 · 31%] idx=2096: ✅REAL max=0.450 (59215ms) ETA=18453s
[2026-04-27 15:30:49]   [95/303 · 31%] idx=2098: ✅REAL max=0.390 (47400ms) ETA=18278s
[2026-04-27 15:32:13]   [96/303 · 32%] idx=2110: ✅REAL max=0.700 (82335ms) ETA=18180s
[2026-04-27 15:33:39]   [97/303 · 32%] idx=2115: ✅REAL max=0.400 (85366ms) ETA=18089s
[2026-04-27 15:34:59]   [98/303 · 32%] idx=2117: ✅REAL max=0.550 (79370ms) ETA=17986s
[2026-04-27 15:36:13]   [99/303 · 33%] idx=2137: ✅REAL max=0.260 (72921ms) ETA=17870s
[2026-04-27 15:37:10]   [100/303 · 33%] idx=2143: ✅REAL max=0.650 (55677ms) ETA=17719s
[2026-04-27 15:37:10]   💾 [100/303] 进度已保存
[2026-04-27 15:38:59]   [101/303 · 33%] idx=2145: ✅REAL max=0.300 (39048ms) ETA=17676s
[2026-04-27 15:39:34]   [102/303 · 34%] idx=2162: ✅REAL max=0.320 (33490ms) ETA=17484s
[2026-04-27 15:40:34]   [103/303 · 34%] idx=2167: ✅REAL max=0.550 (59284ms) ETA=17346s
[2026-04-27 15:42:14]   [104/303 · 34%] idx=2173: ✅REAL max=0.555 (98415ms) ETA=17283s
[2026-04-27 15:42:59]   [105/303 · 35%] idx=2265: ✅REAL max=0.400 (44513ms) ETA=17118s
[2026-04-27 15:43:50]   [106/303 · 35%] idx=2266: ✅REAL max=0.576 (49623ms) ETA=16965s
[2026-04-27 15:45:36]   [107/303 · 35%] idx=2271: ✅REAL max=0.455 (105068ms) ETA=16916s
[2026-04-27 15:46:40]   [108/303 · 36%] idx=2283: ✅REAL max=0.280 (63617ms) ETA=16790s
[2026-04-27 15:49:32]   [109/303 · 36%] idx=2294: ✅REAL max=0.400 (170103ms) ETA=16855s
[2026-04-27 15:50:34]   [110/303 · 36%] idx=2316: ✅REAL max=0.350 (61470ms) ETA=16726s
[2026-04-27 15:51:51]   [111/303 · 37%] idx=2323: ✅REAL max=0.500 (76150ms) ETA=16623s
[2026-04-27 15:52:55]   [112/303 · 37%] idx=2338: ✅REAL max=0.440 (62941ms) ETA=16497s
[2026-04-27 15:54:19]   [113/303 · 37%] idx=2344: ✅REAL max=0.450 (83011ms) ETA=16407s
[2026-04-27 15:55:56]   [114/303 · 38%] idx=2373: ✅REAL max=0.530 (96192ms) ETA=16339s
[2026-04-27 15:57:05]   [115/303 · 38%] idx=2380: ✅REAL max=0.730 (68119ms) ETA=16224s
[2026-04-27 15:58:10]   [116/303 · 38%] idx=2396: ✅REAL max=0.495 (63978ms) ETA=16103s
[2026-04-27 16:00:50]   [117/303 · 39%] idx=2412: ✅REAL max=0.350 (67240ms) ETA=16134s
[2026-04-27 16:02:51]   [118/303 · 39%] idx=2424: ✅REAL max=0.238 (66433ms) ETA=16102s
[2026-04-27 16:06:21]   [119/303 · 39%] idx=2426: ✅REAL max=0.160 (77983ms) ETA=16205s
[2026-04-27 16:07:58]   [120/303 · 40%] idx=2431: ✅REAL max=0.440 (95988ms) ETA=16130s
[2026-04-27 16:07:58]   💾 [120/303] 进度已保存
[2026-04-27 16:08:49]   [121/303 · 40%] idx=2432: ✅REAL max=0.210 (49919ms) ETA=15986s
[2026-04-27 16:09:34]   [122/303 · 40%] idx=2442: ✅REAL max=0.450 (44310ms) ETA=15835s
[2026-04-27 16:10:55]   [123/303 · 41%] idx=2454: ✅REAL max=0.450 (79393ms) ETA=15737s
[2026-04-27 16:11:54]   [124/303 · 41%] idx=2455: ✅REAL max=0.400 (58492ms) ETA=15609s
[2026-04-27 16:12:43]   [125/303 · 41%] idx=2475: ✅REAL max=0.450 (47254ms) ETA=15467s
[2026-04-27 16:13:53]   [126/303 · 42%] idx=2481: ✅REAL max=0.400 (69842ms) ETA=15357s
[2026-04-27 16:15:46]   [127/303 · 42%] idx=2513: ✅REAL max=0.350 (111305ms) ETA=15306s
[2026-04-27 16:16:40]   [128/303 · 42%] idx=2515: ✅REAL max=0.800 (53215ms) ETA=15174s
[2026-04-27 16:18:16]   [129/303 · 43%] idx=2516: ✅REAL max=0.300 (94779ms) ETA=15100s
[2026-04-27 16:21:10]   [130/303 · 43%] idx=2526: ✅REAL max=0.327 (172924ms) ETA=15129s
[2026-04-27 16:23:04]   [131/303 · 43%] idx=2538: ✅REAL max=0.297 (113467ms) ETA=15077s
[2026-04-27 16:23:58]   [132/303 · 44%] idx=2544: ✅REAL max=0.470 (52877ms) ETA=14946s
[2026-04-27 16:26:14]   [133/303 · 44%] idx=2570: ✅REAL max=0.450 (48477ms) ETA=14920s
[2026-04-27 16:27:09]   [134/303 · 44%] idx=2574: ✅REAL max=0.500 (53668ms) ETA=14791s
[2026-04-27 16:27:55]   [135/303 · 45%] idx=2605: ✅REAL max=0.450 (45184ms) ETA=14652s
[2026-04-27 16:29:32]   [136/303 · 45%] idx=2616: ✅REAL max=0.500 (96190ms) ETA=14577s
[2026-04-27 16:30:16]   [137/303 · 45%] idx=2651: ✅REAL max=0.510 (42418ms) ETA=14436s
[2026-04-27 16:31:11]   [138/303 · 46%] idx=2654: ✅REAL max=0.550 (53985ms) ETA=14311s
[2026-04-27 16:32:58]   [139/303 · 46%] idx=2686: ✅REAL max=0.590 (106619ms) ETA=14249s
[2026-04-27 16:33:53]   [140/303 · 46%] idx=2687: ✅REAL max=0.470 (51778ms) ETA=14124s
[2026-04-27 16:33:54]   💾 [140/303] 进度已保存
[2026-04-27 16:49:56] [Proc 2] 启动，10秒后开始（避免并发冲突）
[2026-04-27 16:50:06] [数据] 从缓存加载: X_tr=/home/fandy/workplace/thesis/results/soft_labels/kuhar_X_tr.npy
[2026-04-27 16:50:06] [Proc 2] 类 2 (Talk-sit): 5302样本, 目标400, 已有237, 需生成163
[2026-04-27 16:52:00]   [1/163 · 1%] idx=2694: ✅REAL max=0.300 (113777ms) ETA=18432s
[2026-04-27 16:53:33]   [2/163 · 1%] idx=2695: ✅REAL max=0.450 (92526ms) ETA=16691s
[2026-04-27 16:54:24]   [3/163 · 2%] idx=2744: ✅REAL max=0.340 (50139ms) ETA=13792s
[2026-04-27 16:55:25]   [4/163 · 2%] idx=2755: ✅REAL max=0.450 (59935ms) ETA=12701s
[2026-04-27 16:57:07]   [5/163 · 3%] idx=2801: ✅REAL max=0.300 (100711ms) ETA=13311s
[2026-04-27 16:58:15]   [6/163 · 4%] idx=2814: ✅REAL max=0.320 (67315ms) ETA=12810s
[2026-04-27 16:59:27]   [7/163 · 4%] idx=2824: ✅REAL max=0.450 (70649ms) ETA=12507s
[2026-04-27 17:00:39]   [8/163 · 5%] idx=2827: ✅REAL max=0.550 (70981ms) ETA=12268s
[2026-04-27 17:02:33]   [9/163 · 6%] idx=2832: ✅REAL max=0.590 (113329ms) ETA=12791s
[2026-04-27 17:04:48]   [10/163 · 6%] idx=2833: ✅REAL max=0.310 (60906ms) ETA=13503s
[2026-04-27 17:05:41]   [11/163 · 7%] idx=2836: ✅REAL max=0.415 (52004ms) ETA=12928s
[2026-04-27 17:06:25]   [12/163 · 7%] idx=2847: ✅REAL max=0.600 (42698ms) ETA=12322s
[2026-04-27 17:07:25]   [13/163 · 8%] idx=2848: ✅REAL max=0.700 (59276ms) ETA=11995s
[2026-04-27 19:02:24] [Proc 2] 启动，10秒后开始（避免并发冲突）
[2026-04-27 19:02:34] [数据] 从缓存加载: X_tr=/home/fandy/workplace/thesis/results/soft_labels/kuhar_X_tr.npy
[2026-04-27 19:02:34] [Proc 2] 类 2 (Talk-sit): 5302样本, 目标400, 已有250, 需生成150
[2026-04-27 19:02:47] [Proc 2] 启动，10秒后开始（避免并发冲突）
[2026-04-27 19:02:57] [数据] 从缓存加载: X_tr=/home/fandy/workplace/thesis/results/soft_labels/kuhar_X_tr.npy
[2026-04-27 19:02:57] [Proc 2] 类 2 (Talk-sit): 5302样本, 目标400, 已有250, 需生成150
[2026-04-27 19:03:07]   [1/150 · 1%] idx=2863: ✅REAL max=0.400 (33633ms) ETA=5015s
[2026-04-27 20:48:17] [Proc 2] 启动，10秒后开始（避免并发冲突）
[2026-04-27 20:48:27] [数据] 从缓存加载: X_tr=/home/fandy/workplace/thesis/results/soft_labels/kuhar_X_tr.npy
[2026-04-27 20:48:27] [Proc 2] 类 2 (Talk-sit): 5302样本, 目标400, 已有251, 需生成149
[2026-04-27 20:48:52] [Proc 2] 启动，10秒后开始（避免并发冲突）
[2026-04-27 20:49:02] [数据] 从缓存加载: X_tr=/home/fandy/workplace/thesis/results/soft_labels/kuhar_X_tr.npy
[2026-04-27 20:49:02] [Proc 2] 类 2 (Talk-sit): 5302样本, 目标400, 已有251, 需生成149
[2026-04-27 20:49:39] [Proc 2] 启动，10秒后开始（避免并发冲突）
[2026-04-27 20:49:51] [数据] 从缓存加载: X_tr=/home/fandy/workplace/thesis/results/soft_labels/kuhar_X_tr.npy
[2026-04-27 20:51:26] [Proc 2] 启动，10秒后开始（避免并发冲突）
[2026-04-27 20:51:36] [数据] 从缓存加载: X_tr=/home/fandy/workplace/thesis/results/soft_labels/kuhar_X_tr.npy
[2026-04-27 20:51:36] [Proc 2] 类 2 (Talk-sit): 5302样本, 目标400, 已有251, 需生成149
[2026-04-27 20:52:48]   [1/149 · 1%] idx=2874: ✅REAL max=0.693 (72137ms) ETA=10676s
[2026-04-27 20:53:37]   [2/149 · 1%] idx=2877: ✅REAL max=0.309 (48415ms) ETA=8934s
[2026-04-27 20:54:43]   [3/149 · 2%] idx=2890: ✅REAL max=0.330 (64624ms) ETA=9110s
[2026-04-27 20:55:30]   [4/149 · 3%] idx=2897: ✅REAL max=0.561 (46374ms) ETA=8503s
[2026-04-27 20:56:14]   [5/149 · 3%] idx=2915: ✅REAL max=0.525 (42376ms) ETA=8005s
[2026-04-27 20:56:59]   [6/149 · 4%] idx=2917: ✅REAL max=0.283 (43817ms) ETA=7693s
[2026-04-27 20:57:58]   [7/149 · 5%] idx=2927: ✅REAL max=0.700 (58258ms) ETA=7750s
[2026-04-27 20:58:19]   [8/149 · 5%] idx=2945: ✅REAL max=0.450 (19948ms) ETA=7103s
[2026-04-27 21:00:46]   [9/149 · 6%] idx=2953: ✅REAL max=0.240 (40032ms) ETA=8561s
[2026-04-27 21:02:15]   [10/149 · 7%] idx=2954: ✅REAL max=0.500 (88159ms) ETA=8889s
[2026-04-27 21:03:01]   [11/149 · 7%] idx=2975: ✅REAL max=0.700 (44330ms) ETA=8592s
[2026-04-27 21:03:52]   [12/149 · 8%] idx=2984: ✅REAL max=0.552 (50741ms) ETA=8409s
[2026-04-27 21:07:17]   [13/149 · 9%] idx=2985: ✅REAL max=0.280 (203446ms) ETA=9845s
[2026-04-27 21:09:07]   [14/149 · 9%] idx=3004: ✅REAL max=0.250 (109658ms) ETA=10141s
[2026-04-27 21:11:43]   [15/149 · 10%] idx=3048: ✅REAL max=0.440 (57207ms) ETA=10780s
[2026-04-27 21:13:03]   [16/149 · 11%] idx=3049: ✅REAL max=0.550 (79045ms) ETA=10696s
[2026-04-27 21:13:44]   [17/149 · 11%] idx=3058: ✅REAL max=0.410 (40519ms) ETA=10314s
[2026-04-27 21:14:32]   [18/149 · 12%] idx=3077: ✅REAL max=0.500 (47214ms) ETA=10018s
[2026-04-27 21:15:26]   [19/149 · 13%] idx=3082: ✅REAL max=0.410 (52593ms) ETA=9785s
[2026-04-27 21:15:59]   [20/149 · 13%] idx=3091: ✅REAL max=0.200 (32363ms) ETA=9439s
[2026-04-27 21:15:59]   💾 [20/149] 进度已保存
[2026-04-27 21:17:09]   [21/149 · 14%] idx=3102: ✅REAL max=0.530 (68332ms) ETA=9343s
[2026-04-27 21:18:00]   [22/149 · 15%] idx=3115: ✅REAL max=0.400 (50062ms) ETA=9143s
[2026-04-27 21:18:40]   [23/149 · 15%] idx=3118: ✅REAL max=0.450 (39629ms) ETA=8899s
[2026-04-27 21:19:45]   [24/149 · 16%] idx=3123: ✅REAL max=0.350 (63817ms) ETA=8799s
[2026-04-27 21:20:39]   [25/149 · 17%] idx=3125: ✅REAL max=0.340 (52496ms) ETA=8644s
[2026-04-27 21:21:22]   [26/149 · 17%] idx=3144: ✅REAL max=0.552 (42471ms) ETA=8451s
[2026-04-27 21:22:18]   [27/149 · 18%] idx=3174: ✅REAL max=0.421 (55025ms) ETA=8325s
[2026-04-27 21:22:50]   [28/149 · 19%] idx=3176: ✅REAL max=0.400 (30489ms) ETA=8098s
[2026-04-27 21:24:23]   [29/149 · 19%] idx=3184: ✅REAL max=0.710 (92785ms) ETA=8142s
[2026-04-27 21:25:18]   [30/149 · 20%] idx=3185: ✅REAL max=0.550 (53474ms) ETA=8021s
[2026-04-27 21:26:22]   [31/149 · 21%] idx=3195: ✅REAL max=0.550 (63297ms) ETA=7942s
[2026-04-27 21:27:00]   [32/149 · 21%] idx=3218: ✅REAL max=0.700 (36548ms) ETA=7766s
[2026-04-27 21:27:41]   [33/149 · 22%] idx=3220: ✅REAL max=0.150 (40384ms) ETA=7611s
[2026-04-27 21:28:30]   [34/149 · 23%] idx=3229: ✅REAL max=0.400 (47631ms) ETA=7488s
[2026-04-27 21:29:07]   [35/149 · 23%] idx=3235: ✅REAL max=0.550 (35994ms) ETA=7332s
[2026-04-27 21:30:35]   [36/149 · 24%] idx=3251: ✅REAL max=0.550 (87197ms) ETA=7342s
[2026-04-27 21:31:31]   [37/149 · 25%] idx=3253: ✅REAL max=0.350 (54912ms) ETA=7250s
[2026-04-27 21:32:29]   [38/149 · 26%] idx=3254: ✅REAL max=0.307 (57218ms) ETA=7166s
[2026-04-27 21:33:29]   [39/149 · 26%] idx=3269: ✅REAL max=0.450 (59223ms) ETA=7089s
[2026-04-27 21:34:43]   [40/149 · 27%] idx=3271: ✅REAL max=0.640 (72327ms) ETA=7049s
[2026-04-27 21:34:43]   💾 [40/149] 进度已保存
[2026-04-27 21:36:11]   [41/149 · 28%] idx=3277: ✅REAL max=0.280 (87123ms) ETA=7046s
[2026-04-27 21:37:07]   [42/149 · 28%] idx=3297: ✅REAL max=0.450 (55262ms) ETA=6958s
[2026-04-27 21:37:40]   [43/149 · 29%] idx=3301: ✅REAL max=0.350 (32127ms) ETA=6815s
[2026-04-27 21:38:30]   [44/149 · 30%] idx=3323: ✅REAL max=0.450 (49207ms) ETA=6717s
[2026-04-27 21:39:26]   [45/149 · 30%] idx=3327: ✅REAL max=0.461 (54516ms) ETA=6633s
[2026-04-27 21:40:16]   [46/149 · 31%] idx=3329: ✅REAL max=0.572 (48784ms) ETA=6538s
[2026-04-27 21:41:21]   [47/149 · 32%] idx=3343: ✅REAL max=0.350 (64274ms) ETA=6479s
[2026-04-27 21:43:44]   [48/149 · 32%] idx=3353: ✅REAL max=0.150 (71494ms) ETA=6583s
[2026-04-27 21:45:06]   [49/149 · 33%] idx=3389: ✅REAL max=0.450 (80676ms) ETA=6552s
[2026-04-27 21:46:05]   [50/149 · 34%] idx=3426: ✅REAL max=0.300 (58187ms) ETA=6474s
[2026-04-27 21:47:03]   [51/149 · 34%] idx=3439: ✅REAL max=0.440 (56800ms) ETA=6394s
[2026-04-27 21:48:18]   [52/149 · 35%] idx=3443: ✅REAL max=0.330 (74281ms) ETA=6347s
[2026-04-27 21:48:47]   [53/149 · 36%] idx=3447: ✅REAL max=0.850 (27203ms) ETA=6214s
[2026-04-27 21:49:51]   [54/149 · 36%] idx=3467: ✅REAL max=0.561 (63765ms) ETA=6150s
[2026-04-27 21:51:05]   [55/149 · 37%] idx=3475: ✅REAL max=0.400 (72835ms) ETA=6100s
[2026-04-27 21:52:31]   [56/149 · 38%] idx=3510: ✅REAL max=0.300 (84465ms) ETA=6070s
[2026-04-27 21:53:28]   [57/149 · 38%] idx=3519: ✅REAL max=0.320 (56513ms) ETA=5992s
[2026-04-27 21:54:43]   [58/149 · 39%] idx=3520: ✅REAL max=0.700 (73368ms) ETA=5941s
[2026-04-27 21:55:26]   [59/149 · 40%] idx=3528: ✅REAL max=0.370 (42483ms) ETA=5843s
[2026-04-27 21:55:57]   [60/149 · 40%] idx=3541: ✅REAL max=0.550 (30363ms) ETA=5728s
[2026-04-27 21:55:57]   💾 [60/149] 进度已保存
[2026-04-27 21:57:23]   [61/149 · 41%] idx=3564: ✅REAL max=0.700 (84297ms) ETA=5694s
[2026-04-27 21:58:15]   [62/149 · 42%] idx=3591: ✅REAL max=0.530 (51381ms) ETA=5612s
[2026-04-27 21:58:53]   [63/149 · 42%] idx=3593: ✅REAL max=0.450 (36777ms) ETA=5511s
[2026-04-27 21:59:42]   [64/149 · 43%] idx=3604: ✅REAL max=0.390 (48340ms) ETA=5427s
[2026-04-27 22:00:25]   [65/149 · 44%] idx=3611: ✅REAL max=0.590 (41901ms) ETA=5336s
[2026-04-27 22:01:16]   [66/149 · 44%] idx=3632: ✅REAL max=0.437 (50144ms) ETA=5257s
[2026-04-27 22:02:09]   [67/149 · 45%] idx=3646: ✅REAL max=0.658 (51249ms) ETA=5180s
[2026-04-27 22:03:22]   [68/149 · 46%] idx=3664: ✅REAL max=0.450 (72506ms) ETA=5129s
[2026-04-27 22:04:02]   [69/149 · 46%] idx=3679: ✅REAL max=0.396 (39091ms) ETA=5039s
[2026-04-27 22:05:07]   [70/149 · 47%] idx=3698: ✅REAL max=0.440 (64053ms) ETA=4979s
[2026-04-27 22:06:26]   [71/149 · 48%] idx=3719: ✅REAL max=0.300 (77899ms) ETA=4933s
[2026-04-27 22:07:08]   [72/149 · 48%] idx=3750: ✅REAL max=0.600 (40475ms) ETA=4846s
[2026-04-27 22:08:14]   [73/149 · 49%] idx=3751: ✅REAL max=0.550 (64931ms) ETA=4787s
[2026-04-27 22:09:00]   [74/149 · 50%] idx=3755: ✅REAL max=0.417 (45362ms) ETA=4707s
[2026-04-27 22:11:49]   [75/149 · 50%] idx=3757: ✅REAL max=0.310 (168284ms) ETA=4749s
[2026-04-27 22:12:41]   [76/149 · 51%] idx=3767: ✅REAL max=0.217 (50511ms) ETA=4673s
[2026-04-27 22:13:51]   [77/149 · 52%] idx=3778: ✅REAL max=0.550 (69199ms) ETA=4615s
[2026-04-27 22:14:31]   [78/149 · 52%] idx=3808: ✅REAL max=0.600 (39089ms) ETA=4529s
[2026-04-27 22:15:31]   [79/149 · 53%] idx=3836: ✅REAL max=0.600 (58968ms) ETA=4462s
[2026-04-27 22:18:18]   [80/149 · 54%] idx=3837: ✅REAL max=0.530 (70932ms) ETA=4487s
[2026-04-27 22:18:18]   💾 [80/149] 进度已保存
[2026-04-27 22:18:54]   [81/149 · 54%] idx=3848: ✅REAL max=0.509 (35289ms) ETA=4398s
[2026-04-27 22:19:54]   [82/149 · 55%] idx=3851: ✅REAL max=0.590 (58367ms) ETA=4329s
[2026-04-27 22:20:38]   [83/149 · 56%] idx=3859: ✅REAL max=0.550 (43144ms) ETA=4248s
[2026-04-27 22:21:37]   [84/149 · 56%] idx=3880: ✅REAL max=0.270 (58343ms) ETA=4180s
[2026-04-27 22:22:52]   [85/149 · 57%] idx=3888: ✅REAL max=0.350 (74043ms) ETA=4124s
[2026-04-27 22:24:23]   [86/149 · 58%] idx=3918: ✅REAL max=0.450 (89145ms) ETA=4078s
[2026-04-27 22:25:35]   [87/149 · 58%] idx=3920: ✅REAL max=0.350 (71532ms) ETA=4019s
[2026-04-27 22:26:12]   [88/149 · 59%] idx=3926: ✅REAL max=0.450 (35469ms) ETA=3934s
[2026-04-27 22:27:53]   [89/149 · 60%] idx=3953: ✅REAL max=0.520 (100843ms) ETA=3895s
[2026-04-27 22:28:52]   [90/149 · 60%] idx=3956: ✅REAL max=0.430 (57862ms) ETA=3826s
[2026-04-27 22:30:53]   [91/149 · 61%] idx=3960: ✅REAL max=0.550 (59870ms) ETA=3797s
[2026-04-27 22:31:31]   [92/149 · 62%] idx=3967: ✅REAL max=0.540 (36579ms) ETA=3714s
[2026-04-27 22:32:25]   [93/149 · 62%] idx=3968: ✅REAL max=0.650 (53626ms) ETA=3643s
[2026-04-27 22:33:15]   [94/149 · 63%] idx=3985: ✅REAL max=0.220 (48210ms) ETA=3568s
[2026-04-27 22:34:04]   [95/149 · 64%] idx=3993: ✅REAL max=0.644 (48403ms) ETA=3495s
[2026-04-27 22:34:51]   [96/149 · 64%] idx=3996: ✅REAL max=0.545 (45464ms) ETA=3420s
[2026-04-27 22:35:21]   [97/149 · 65%] idx=4000: ✅REAL max=0.390 (29093ms) ETA=3337s
[2026-04-27 22:36:19]   [98/149 · 66%] idx=4036: ✅REAL max=0.700 (57616ms) ETA=3270s
[2026-04-27 22:37:14]   [99/149 · 66%] idx=4068: ✅REAL max=0.288 (53962ms) ETA=3201s
[2026-04-27 22:38:02]   [100/149 · 67%] idx=4075: ✅REAL max=0.390 (46892ms) ETA=3129s
[2026-04-27 22:38:02]   💾 [100/149] 进度已保存
[2026-04-27 22:39:19]   [101/149 · 68%] idx=4076: ✅REAL max=0.500 (76262ms) ETA=3072s
[2026-04-27 22:40:23]   [102/149 · 68%] idx=4092: ✅REAL max=0.400 (62242ms) ETA=3007s
[2026-04-27 22:41:16]   [103/149 · 69%] idx=4094: ✅REAL max=0.535 (52619ms) ETA=2939s
[2026-04-27 22:42:21]   [104/149 · 70%] idx=4100: ✅REAL max=0.350 (63775ms) ETA=2875s
[2026-04-27 22:44:01]   [105/149 · 70%] idx=4102: ✅REAL max=0.550 (98696ms) ETA=2826s
[2026-04-27 22:44:49]   [106/149 · 71%] idx=4148: ✅REAL max=0.380 (47132ms) ETA=2756s
[2026-04-27 22:45:45]   [107/149 · 72%] idx=4150: ✅REAL max=0.460 (55466ms) ETA=2689s
[2026-04-27 22:46:33]   [108/149 · 72%] idx=4160: ✅REAL max=0.350 (47088ms) ETA=2619s
[2026-04-27 22:47:14]   [109/149 · 73%] idx=4177: ✅REAL max=0.500 (39299ms) ETA=2546s
[2026-04-27 22:48:22]   [110/149 · 74%] idx=4179: ✅REAL max=0.400 (67037ms) ETA=2484s
[2026-04-27 22:49:13]   [111/149 · 74%] idx=4181: ✅REAL max=0.260 (50255ms) ETA=2416s
[2026-04-27 22:49:56]   [112/149 · 75%] idx=4217: ✅REAL max=0.261 (41473ms) ETA=2345s
[2026-04-27 22:51:09]   [113/149 · 76%] idx=4222: ✅REAL max=0.300 (72175ms) ETA=2285s
[2026-04-27 22:53:06]   [114/149 · 77%] idx=4235: ✅REAL max=0.450 (50568ms) ETA=2238s
[2026-04-27 22:54:21]   [115/149 · 77%] idx=4251: ✅REAL max=0.200 (74363ms) ETA=2178s
[2026-04-27 22:55:20]   [116/149 · 78%] idx=4253: ✅REAL max=0.444 (57591ms) ETA=2112s
[2026-04-27 22:56:12]   [117/149 · 79%] idx=4268: ✅REAL max=0.600 (51578ms) ETA=2045s
[2026-04-27 22:58:54]   [118/149 · 79%] idx=4272: ✅REAL max=0.340 (160848ms) ETA=2007s
[2026-04-27 22:59:28]   [119/149 · 80%] idx=4275: ✅REAL max=0.609 (32692ms) ETA=1934s
[2026-04-27 23:00:39]   [120/149 · 81%] idx=4278: ✅REAL max=0.350 (70203ms) ETA=1871s
[2026-04-27 23:00:39]   💾 [120/149] 进度已保存
[2026-04-27 23:01:21]   [121/149 · 81%] idx=4285: ✅REAL max=0.540 (40892ms) ETA=1802s
[2026-04-27 23:01:58]   [122/149 · 82%] idx=4301: ✅REAL max=0.350 (36274ms) ETA=1731s
[2026-04-27 23:02:58]   [123/149 · 83%] idx=4313: ✅REAL max=0.400 (58902ms) ETA=1666s
[2026-04-27 23:03:46]   [124/149 · 83%] idx=4322: ✅REAL max=0.680 (47162ms) ETA=1599s
[2026-04-27 23:04:31]   [125/149 · 84%] idx=4323: ✅REAL max=0.404 (43829ms) ETA=1531s
[2026-04-27 23:05:19]   [126/149 · 85%] idx=4332: ✅REAL max=0.650 (46581ms) ETA=1465s
[2026-04-27 23:07:34]   [127/149 · 85%] idx=4348: ✅REAL max=0.450 (66965ms) ETA=1413s
[2026-04-27 23:10:10]   [128/149 · 86%] idx=4350: ✅REAL max=0.400 (53230ms) ETA=1364s
[2026-04-27 23:10:56]   [129/149 · 87%] idx=4362: ✅REAL max=0.723 (44422ms) ETA=1296s
[2026-04-28 00:05:01] [Proc 2] 启动，10秒后开始（避免并发冲突）
[2026-04-28 00:05:11] [数据] 从缓存加载: X_tr=/home/fandy/workplace/thesis/results/soft_labels/kuhar_X_tr.npy
[2026-04-28 00:05:11] [Proc 2] 类 2 (Talk-sit): 5302样本, 目标400, 已有380, 需生成20
[2026-04-28 00:06:09]   [1/20 · 5%] idx=4376: ✅REAL max=0.340 (58190ms) ETA=1106s
[2026-04-28 00:06:57]   [2/20 · 10%] idx=4391: ✅REAL max=0.650 (46974ms) ETA=956s
[2026-04-28 00:08:02]   [3/20 · 15%] idx=4419: ✅REAL max=0.350 (64132ms) ETA=971s
[2026-04-28 00:13:02] [Proc 2] 启动，10秒后开始（避免并发冲突）
[2026-04-28 00:13:12] [数据] 从缓存加载: X_tr=/home/fandy/workplace/thesis/results/soft_labels/kuhar_X_tr.npy
[2026-04-28 00:13:12] [Proc 2] 类 2 (Talk-sit): 5302样本, 目标400, 已有383, 需生成17
[2026-04-28 00:14:38]   [1/17 · 6%] idx=4425: ✅REAL max=0.200 (85990ms) ETA=1376s
[2026-04-28 00:15:33]   [2/17 · 12%] idx=4428: ✅REAL max=0.450 (54353ms) ETA=1060s
[2026-04-28 00:17:33]   [3/17 · 18%] idx=4487: ✅REAL max=0.454 (119376ms) ETA=1221s
[2026-04-28 00:18:59]   [4/17 · 24%] idx=4498: ✅REAL max=0.550 (84781ms) ETA=1129s
[2026-04-28 00:23:41] [Proc 2] 启动，10秒后开始（避免并发冲突）
[2026-04-28 00:23:51] [数据] 从缓存加载: X_tr=/home/fandy/workplace/thesis/results/soft_labels/kuhar_X_tr.npy
[2026-04-28 00:23:51] [Proc 2] 类 2 (Talk-sit): 5302样本, 目标400, 已有387, 需生成13
[2026-04-28 00:24:45]   [1/13 · 8%] idx=4514: ✅REAL max=0.590 (53901ms) ETA=647s
[2026-04-28 00:25:40]   [2/13 · 15%] idx=4523: ✅REAL max=0.225 (53945ms) ETA=599s
[2026-04-28 00:26:56]   [3/13 · 23%] idx=4526: ✅REAL max=0.700 (74987ms) ETA=616s
[2026-04-28 00:27:37]   [4/13 · 31%] idx=4531: ✅REAL max=0.440 (40155ms) ETA=509s
[2026-04-28 00:27:59]   [5/13 · 38%] idx=4533: ✅REAL max=0.700 (20801ms) ETA=397s
[2026-04-28 00:28:33]   [6/13 · 46%] idx=4542: ✅REAL max=0.400 (33038ms) ETA=329s
[2026-04-28 00:29:16]   [7/13 · 54%] idx=4552: ✅REAL max=0.742 (41968ms) ETA=278s
[2026-04-28 00:29:57]   [8/13 · 62%] idx=4568: ✅REAL max=0.300 (39621ms) ETA=228s
[2026-04-28 00:30:47]   [9/13 · 69%] idx=4569: ✅REAL max=0.440 (49223ms) ETA=185s
[2026-04-28 00:32:03]   [10/13 · 77%] idx=4593: ✅REAL max=0.200 (75137ms) ETA=148s
[2026-04-28 00:32:44]   [11/13 · 85%] idx=4617: ✅REAL max=0.420 (39588ms) ETA=97s
[2026-04-28 00:33:27]   [12/13 · 92%] idx=4623: ✅REAL max=0.510 (42514ms) ETA=48s
[2026-04-28 00:34:13]   [13/13 · 100%] idx=4667: ✅REAL max=0.480 (44248ms) ETA=0s
[2026-04-28 00:34:14] [Proc 2] ✅ 类 2 (Talk-sit) 完成: 400/400 耗时622s
[2026-04-28 00:34:14] [Proc 2] 全部完成 → /home/fandy/workplace/thesis/results/soft_labels/kuhar_soft_proc2.npy
