[2026-04-27 10:42:25] [Proc 3] 启动，15秒后开始（避免并发冲突）
[2026-04-27 10:42:40] [数据] 从缓存加载: X_tr=/home/fandy/workplace/thesis/results/soft_labels/kuhar_X_tr.npy
[2026-04-27 10:42:40] [Proc 3] 类 3 (Talk-stand): 5499样本, 目标400, 已有0, 需生成400
[2026-04-27 10:43:39]   [1/400 · 0%] idx=33: ✅REAL max=0.440 (58543ms) ETA=23365s
[2026-04-27 10:44:26]   [2/400 · 0%] idx=39: ✅REAL max=0.450 (46778ms) ETA=21168s
[2026-04-27 10:45:15]   [3/400 · 1%] idx=46: ✅REAL max=0.290 (47824ms) ETA=20538s
[2026-04-27 10:46:49]   [4/400 · 1%] idx=59: ✅REAL max=0.300 (92679ms) ETA=24639s
[2026-04-27 10:47:53]   [5/400 · 1%] idx=63: ✅REAL max=0.500 (62794ms) ETA=24702s
[2026-04-27 10:49:12]   [6/400 · 2%] idx=72: ✅REAL max=0.340 (78763ms) ETA=25771s
[2026-04-27 10:50:08]   [7/400 · 2%] idx=73: ✅REAL max=0.390 (54916ms) ETA=25173s
[2026-04-27 10:50:56]   [8/400 · 2%] idx=97: ✅REAL max=0.600 (46274ms) ETA=24287s
[2026-04-27 10:52:25]   [9/400 · 2%] idx=103: ✅REAL max=0.550 (88749ms) ETA=25434s
[2026-04-27 10:53:50]   [10/400 · 2%] idx=111: ✅REAL max=0.450 (79915ms) ETA=26075s
[2026-04-27 11:22:35]   [11/400 · 3%] idx=113: ✅REAL max=0.360 (376515ms) ETA=84711s
[2026-04-27 11:32:26] [Proc 3] 启动，15秒后开始（避免并发冲突）
[2026-04-27 11:32:41] [数据] 从缓存加载: X_tr=/home/fandy/workplace/thesis/results/soft_labels/kuhar_X_tr.npy
[2026-04-27 11:32:41] [Proc 3] 类 3 (Talk-stand): 5499样本, 目标400, 已有11, 需生成389
[2026-04-27 11:33:20]   [1/389 · 0%] idx=146: ✅REAL max=0.300 (38405ms) ETA=14901s
[2026-04-27 11:36:53]   [2/389 · 1%] idx=148: ✅REAL max=0.450 (95712ms) ETA=48759s
[2026-04-27 11:40:00]   [3/389 · 1%] idx=150: ✅REAL max=0.370 (185565ms) ETA=56427s
[2026-04-27 11:41:02]   [4/389 · 1%] idx=165: ✅REAL max=0.200 (61252ms) ETA=48203s
[2026-04-27 11:43:22]   [5/389 · 1%] idx=166: ✅REAL max=0.450 (33052ms) ETA=49218s
[2026-04-27 11:44:10]   [6/389 · 2%] idx=173: ✅REAL max=0.850 (47199ms) ETA=43985s
[2026-04-27 11:45:37]   [7/389 · 2%] idx=229: ✅REAL max=0.330 (86071ms) ETA=42355s
[2026-04-27 11:46:42]   [8/389 · 2%] idx=237: ✅REAL max=0.350 (63774ms) ETA=40049s
[2026-04-27 11:47:51]   [9/389 · 2%] idx=245: ✅REAL max=0.850 (67670ms) ETA=38405s
[2026-04-27 11:48:46]   [10/389 · 3%] idx=252: ✅REAL max=0.300 (54175ms) ETA=36565s
[2026-04-27 11:49:36]   [11/389 · 3%] idx=258: ✅REAL max=0.600 (49383ms) ETA=34885s
[2026-04-27 11:50:51]   [12/389 · 3%] idx=262: ✅REAL max=0.404 (73750ms) ETA=34242s
[2026-04-27 11:52:07]   [13/389 · 3%] idx=304: ✅REAL max=0.560 (74595ms) ETA=33710s
[2026-04-27 11:53:14]   [14/389 · 4%] idx=305: ✅REAL max=0.300 (66286ms) ETA=33022s
[2026-04-27 11:54:35]   [15/389 · 4%] idx=323: ✅REAL max=0.567 (80243ms) ETA=32764s
[2026-04-27 11:55:39]   [16/389 · 4%] idx=324: ✅REAL max=0.850 (62684ms) ETA=32119s
[2026-04-27 11:56:16]   [17/389 · 4%] idx=339: ✅REAL max=0.220 (35960ms) ETA=30957s
[2026-04-27 11:57:09]   [18/389 · 5%] idx=340: ✅REAL max=0.450 (51882ms) ETA=30249s
[2026-04-27 11:57:57]   [19/389 · 5%] idx=359: ✅REAL max=0.680 (47628ms) ETA=29527s
[2026-04-27 11:58:57]   [20/389 · 5%] idx=362: ✅REAL max=0.300 (58204ms) ETA=29067s
[2026-04-27 11:58:57]   💾 [20/389] 进度已保存
[2026-04-27 11:59:33]   [21/389 · 5%] idx=368: ✅REAL max=0.270 (35717ms) ETA=28251s
[2026-04-27 12:00:54]   [22/389 · 6%] idx=381: ✅REAL max=0.350 (79286ms) ETA=28233s
[2026-04-27 12:01:55]   [23/389 · 6%] idx=387: ✅REAL max=0.550 (60652ms) ETA=27913s
[2026-04-27 12:02:38]   [24/389 · 6%] idx=391: ✅REAL max=0.450 (41663ms) ETA=27326s
[2026-04-27 12:03:07]   [25/389 · 6%] idx=425: ✅REAL max=0.450 (28257ms) ETA=26587s
[2026-04-27 12:04:00]   [26/389 · 7%] idx=432: ✅REAL max=0.550 (51680ms) ETA=26230s
[2026-04-27 12:04:46]   [27/389 · 7%] idx=458: ✅REAL max=0.594 (44616ms) ETA=25801s
[2026-04-27 12:05:45]   [28/389 · 7%] idx=473: ✅REAL max=0.240 (58493ms) ETA=25577s
[2026-04-27 12:06:17]   [29/389 · 7%] idx=476: ✅REAL max=0.200 (31118ms) ETA=25026s
[2026-04-27 12:07:17]   [30/389 · 8%] idx=480: ✅REAL max=0.520 (59305ms) ETA=24846s
[2026-04-27 12:08:28]   [31/389 · 8%] idx=486: ✅REAL max=0.440 (69810ms) ETA=24795s
[2026-04-27 12:10:12]   [32/389 · 8%] idx=498: ✅REAL max=0.380 (102974ms) ETA=25114s
[2026-04-27 12:11:02]   [33/389 · 8%] idx=504: ✅REAL max=0.450 (48312ms) ETA=24816s
[2026-04-27 12:12:27]   [34/389 · 9%] idx=554: ✅REAL max=0.460 (84354ms) ETA=24910s
[2026-04-27 12:13:14]   [35/389 · 9%] idx=587: ✅REAL max=0.375 (46428ms) ETA=24610s
[2026-04-27 12:14:08]   [36/389 · 9%] idx=596: ✅REAL max=0.430 (52648ms) ETA=24385s
[2026-04-27 12:14:35]   [37/389 · 10%] idx=604: ✅REAL max=0.650 (26258ms) ETA=23918s
[2026-04-27 12:15:56]   [38/389 · 10%] idx=623: ✅REAL max=0.430 (79519ms) ETA=23966s
[2026-04-27 12:16:40]   [39/389 · 10%] idx=630: ✅REAL max=0.440 (42831ms) ETA=23678s
[2026-04-27 12:17:57]   [40/389 · 10%] idx=636: ✅REAL max=0.280 (76204ms) ETA=23694s
[2026-04-27 12:17:57]   💾 [40/389] 进度已保存
[2026-04-27 12:18:25]   [41/389 · 11%] idx=641: ✅REAL max=0.750 (26997ms) ETA=23288s
[2026-04-27 12:19:17]   [42/389 · 11%] idx=642: ✅REAL max=0.470 (50867ms) ETA=23096s
[2026-04-27 12:21:23]   [43/389 · 11%] idx=644: ✅REAL max=0.450 (43973ms) ETA=23512s
[2026-04-27 12:22:09]   [44/389 · 11%] idx=662: ✅REAL max=0.650 (44578ms) ETA=23269s
[2026-04-27 12:23:23]   [45/389 · 12%] idx=665: ✅REAL max=0.350 (73025ms) ETA=23252s
[2026-04-27 12:24:20]   [46/389 · 12%] idx=677: ✅REAL max=0.310 (56054ms) ETA=23106s
[2026-04-27 12:24:54]   [47/389 · 12%] idx=680: ✅REAL max=0.450 (33034ms) ETA=22796s
[2026-04-27 12:25:54]   [48/389 · 12%] idx=687: ✅REAL max=0.250 (59165ms) ETA=22683s
[2026-04-27 12:26:42]   [49/389 · 13%] idx=703: ✅REAL max=0.550 (46740ms) ETA=22486s
[2026-04-27 12:27:35]   [50/389 · 13%] idx=708: ✅REAL max=0.350 (52499ms) ETA=22335s
[2026-04-27 12:28:22]   [51/389 · 13%] idx=732: ✅REAL max=0.620 (46071ms) ETA=22144s
[2026-04-27 12:28:49]   [52/389 · 13%] idx=773: ✅REAL max=0.300 (25510ms) ETA=21826s
[2026-04-27 12:29:54]   [53/389 · 14%] idx=779: ✅REAL max=0.300 (63707ms) ETA=21761s
[2026-04-27 12:30:36]   [54/389 · 14%] idx=780: ✅REAL max=0.450 (41567ms) ETA=21558s
[2026-04-27 12:31:31]   [55/389 · 14%] idx=819: ✅REAL max=0.347 (53894ms) ETA=21436s
[2026-04-27 12:32:46]   [56/389 · 14%] idx=824: ✅REAL max=0.500 (74347ms) ETA=21439s
[2026-04-27 12:33:34]   [57/389 · 15%] idx=833: ✅REAL max=0.800 (46673ms) ETA=21277s
[2026-04-27 12:35:02]   [58/389 · 15%] idx=841: ✅REAL max=0.320 (87007ms) ETA=21350s
[2026-04-27 12:35:54]   [59/389 · 15%] idx=845: ✅REAL max=0.495 (51102ms) ETA=21216s
[2026-04-27 12:37:05]   [60/389 · 15%] idx=858: ✅REAL max=0.400 (70084ms) ETA=21189s
[2026-04-27 12:37:05]   💾 [60/389] 进度已保存
[2026-04-27 12:37:48]   [61/389 · 16%] idx=890: ✅REAL max=0.404 (41865ms) ETA=21008s
[2026-04-27 12:38:52]   [62/389 · 16%] idx=895: ✅REAL max=0.490 (63037ms) ETA=20944s
[2026-04-27 12:39:28]   [63/389 · 16%] idx=897: ✅REAL max=0.500 (34848ms) ETA=20734s
[2026-04-27 12:40:19]   [64/389 · 16%] idx=901: ✅REAL max=0.693 (49403ms) ETA=20604s
[2026-04-27 12:41:13]   [65/389 · 17%] idx=918: ✅REAL max=0.350 (53237ms) ETA=20495s
[2026-04-27 12:41:50]   [66/389 · 17%] idx=945: ✅REAL max=0.330 (36432ms) ETA=20305s
[2026-04-27 12:43:04]   [67/389 · 17%] idx=949: ✅REAL max=0.430 (72582ms) ETA=20294s
[2026-04-27 12:43:42]   [68/389 · 17%] idx=966: ✅REAL max=0.400 (37651ms) ETA=20116s
[2026-04-27 12:44:34]   [69/389 · 18%] idx=967: ✅REAL max=0.150 (50982ms) ETA=20004s
[2026-04-27 12:46:08]   [70/389 · 18%] idx=1004: ✅REAL max=0.360 (92152ms) ETA=20081s
[2026-04-27 12:47:50]   [71/389 · 18%] idx=1022: ✅REAL max=0.530 (101377ms) ETA=20194s
[2026-04-27 12:48:33]   [72/389 · 19%] idx=1027: ✅REAL max=0.430 (42391ms) ETA=20042s
[2026-04-27 12:49:11]   [73/389 · 19%] idx=1038: ✅REAL max=0.780 (36556ms) ETA=19868s
[2026-04-27 12:50:03]   [74/389 · 19%] idx=1048: ✅REAL max=0.350 (50978ms) ETA=19759s
[2026-04-27 12:50:38]   [75/389 · 19%] idx=1063: ✅REAL max=0.693 (34366ms) ETA=19582s
[2026-04-27 12:53:23]   [76/389 · 20%] idx=1071: ✅REAL max=0.580 (76895ms) ETA=19939s
[2026-04-27 12:55:22]   [77/389 · 20%] idx=1075: ✅REAL max=0.490 (31171ms) ETA=20103s
[2026-04-27 12:55:57]   [78/389 · 20%] idx=1077: ✅REAL max=0.455 (33575ms) ETA=19919s
[2026-04-27 12:56:30]   [79/389 · 20%] idx=1103: ✅REAL max=0.550 (32061ms) ETA=19733s
[2026-04-27 12:57:51]   [80/389 · 21%] idx=1112: ✅REAL max=0.550 (79610ms) ETA=19735s
[2026-04-27 12:57:51]   💾 [80/389] 进度已保存
[2026-04-27 12:58:30]   [81/389 · 21%] idx=1115: ✅REAL max=0.720 (37980ms) ETA=19577s
[2026-04-27 12:58:52]   [82/389 · 21%] idx=1119: ✅REAL max=0.800 (21475ms) ETA=19359s
[2026-04-27 13:00:07]   [83/389 · 21%] idx=1126: ✅REAL max=0.545 (73956ms) ETA=19340s
[2026-04-27 13:00:59]   [84/389 · 22%] idx=1133: ✅REAL max=0.250 (50848ms) ETA=19236s
[2026-04-27 13:01:24]   [85/389 · 22%] idx=1158: ✅REAL max=0.455 (24396ms) ETA=19038s
[2026-04-27 13:11:33] [Proc 3] 启动，15秒后开始（避免并发冲突）
[2026-04-27 13:11:48] [数据] 从缓存加载: X_tr=/home/fandy/workplace/thesis/results/soft_labels/kuhar_X_tr.npy
[2026-04-27 13:11:48] [Proc 3] 类 3 (Talk-stand): 5499样本, 目标400, 已有96, 需生成304
[2026-04-27 13:12:46]   [1/304 · 0%] idx=1162: ✅REAL max=0.550 (57636ms) ETA=17465s
[2026-04-27 13:13:43]   [2/304 · 1%] idx=1179: ✅REAL max=0.270 (56189ms) ETA=17342s
[2026-04-27 13:14:32]   [3/304 · 1%] idx=1180: ✅REAL max=0.290 (47596ms) ETA=16399s
[2026-04-27 13:15:28]   [4/304 · 1%] idx=1203: ✅REAL max=0.600 (55794ms) ETA=16519s
[2026-04-27 13:16:29]   [5/304 · 2%] idx=1214: ✅REAL max=0.450 (59197ms) ETA=16771s
[2026-04-27 13:18:58]   [6/304 · 2%] idx=1217: ✅REAL max=0.380 (57874ms) ETA=21363s
[2026-04-27 13:19:54]   [7/304 · 2%] idx=1224: ✅REAL max=0.450 (55288ms) ETA=20638s
[2026-04-27 13:20:52]   [8/304 · 3%] idx=1227: ✅REAL max=0.700 (56486ms) ETA=20124s
[2026-04-27 13:21:34]   [9/304 · 3%] idx=1239: ✅REAL max=0.320 (40731ms) ETA=19196s
[2026-04-27 13:22:46]   [10/304 · 3%] idx=1243: ✅REAL max=0.380 (71513ms) ETA=19350s
[2026-04-27 13:24:08]   [11/304 · 4%] idx=1249: ✅REAL max=0.551 (80874ms) ETA=19712s
[2026-04-27 13:24:56]   [12/304 · 4%] idx=1264: ✅REAL max=0.255 (47313ms) ETA=19183s
[2026-04-27 13:26:00]   [13/304 · 4%] idx=1286: ✅REAL max=0.430 (62991ms) ETA=19079s
[2026-04-27 13:26:48]   [14/304 · 5%] idx=1290: ✅REAL max=0.300 (46720ms) ETA=18644s
[2026-04-27 13:27:44]   [15/304 · 5%] idx=1296: ✅REAL max=0.300 (54874ms) ETA=18418s
[2026-04-27 13:29:26]   [16/304 · 5%] idx=1308: ✅REAL max=0.704 (101037ms) ETA=19044s
[2026-04-27 13:32:45]   [17/304 · 6%] idx=1350: ✅REAL max=0.270 (110802ms) ETA=21214s
[2026-04-27 13:34:11]   [18/304 · 6%] idx=1352: ✅REAL max=0.340 (85186ms) ETA=21335s
[2026-04-27 13:35:13]   [19/304 · 6%] idx=1369: ✅REAL max=0.300 (60888ms) ETA=21070s
[2026-04-27 13:36:25]   [20/304 · 7%] idx=1386: ✅REAL max=0.650 (71583ms) ETA=20977s
[2026-04-27 13:36:25]   💾 [20/304] 进度已保存
[2026-04-27 13:37:46]   [21/304 · 7%] idx=1396: ✅REAL max=0.440 (80035ms) ETA=20999s
[2026-04-27 13:39:05]   [22/304 · 7%] idx=1414: ✅REAL max=0.300 (77485ms) ETA=20980s
[2026-04-27 13:40:21]   [23/304 · 8%] idx=1415: ✅REAL max=0.300 (75334ms) ETA=20930s
[2026-04-27 13:41:26]   [24/304 · 8%] idx=1417: ✅REAL max=0.690 (63615ms) ETA=20740s
[2026-04-27 13:42:35]   [25/304 · 8%] idx=1428: ✅REAL max=0.550 (68273ms) ETA=20612s
[2026-04-27 13:44:32]   [26/304 · 9%] idx=1447: ✅REAL max=0.700 (115634ms) ETA=20996s
[2026-04-27 13:46:02]   [27/304 · 9%] idx=1448: ✅REAL max=0.330 (89539ms) ETA=21074s
[2026-04-27 13:50:01]   [28/304 · 9%] idx=1449: ✅REAL max=0.300 (52729ms) ETA=22605s
[2026-04-27 13:51:02]   [29/304 · 10%] idx=1455: ✅REAL max=0.320 (59904ms) ETA=22324s
[2026-04-27 13:51:50]   [30/304 · 10%] idx=1464: ✅REAL max=0.430 (46374ms) ETA=21934s
[2026-04-27 13:52:59]   [31/304 · 10%] idx=1465: ✅REAL max=0.450 (68682ms) ETA=21762s
[2026-04-27 13:54:00]   [32/304 · 11%] idx=1475: ✅REAL max=0.350 (59794ms) ETA=21522s
[2026-04-27 13:54:53]   [33/304 · 11%] idx=1481: ✅REAL max=0.280 (51648ms) ETA=21225s
[2026-04-27 13:55:58]   [34/304 · 11%] idx=1491: ✅REAL max=0.350 (63970ms) ETA=21041s
[2026-04-27 13:57:23]   [35/304 · 12%] idx=1503: ✅REAL max=0.260 (84438ms) ETA=21021s
[2026-04-27 13:58:26]   [36/304 · 12%] idx=1505: ✅REAL max=0.380 (62087ms) ETA=20831s
[2026-04-27 13:59:23]   [37/304 · 12%] idx=1539: ✅REAL max=0.330 (55897ms) ETA=20603s
[2026-04-27 14:01:37]   [38/304 · 12%] idx=1543: ✅REAL max=0.600 (43782ms) ETA=20922s
[2026-04-27 14:02:25]   [39/304 · 13%] idx=1551: ✅REAL max=0.273 (47266ms) ETA=20636s
[2026-04-27 14:04:02]   [40/304 · 13%] idx=1556: ✅REAL max=0.270 (95830ms) ETA=20684s
[2026-04-27 14:04:02]   💾 [40/304] 进度已保存
[2026-04-27 14:05:46]   [41/304 · 13%] idx=1563: ✅REAL max=0.300 (102541ms) ETA=20767s
[2026-04-27 14:06:53]   [42/304 · 14%] idx=1588: ✅REAL max=0.400 (66302ms) ETA=20615s
[2026-04-27 14:07:48]   [43/304 · 14%] idx=1595: ✅REAL max=0.441 (54445ms) ETA=20396s
[2026-04-27 14:08:18]   [44/304 · 14%] idx=1620: ✅REAL max=0.820 (29007ms) ETA=20033s
[2026-04-27 14:09:19]   [45/304 · 15%] idx=1660: ✅REAL max=0.350 (59311ms) ETA=19860s
[2026-04-27 14:11:08]   [46/304 · 15%] idx=1667: ✅REAL max=0.590 (108048ms) ETA=19965s
[2026-04-27 14:11:55]   [47/304 · 15%] idx=1676: ✅REAL max=0.300 (46232ms) ETA=19722s
[2026-04-27 14:13:04]   [48/304 · 16%] idx=1677: ✅REAL max=0.445 (68347ms) ETA=19606s
[2026-04-27 14:16:10]   [49/304 · 16%] idx=1686: ✅REAL max=0.550 (184437ms) ETA=20096s
[2026-04-27 14:17:35]   [50/304 · 16%] idx=1691: ✅REAL max=0.550 (84237ms) ETA=20050s
[2026-04-27 14:18:17]   [51/304 · 17%] idx=1692: ✅REAL max=0.550 (40834ms) ETA=19787s
[2026-04-27 14:19:14]   [52/304 · 17%] idx=1706: ✅REAL max=0.450 (56486ms) ETA=19608s
[2026-04-27 14:21:02]   [53/304 · 17%] idx=1720: ✅REAL max=0.740 (107159ms) ETA=19674s
[2026-04-27 14:22:02]   [54/304 · 18%] idx=1733: ✅REAL max=0.700 (58283ms) ETA=19508s
[2026-04-27 14:23:18]   [55/304 · 18%] idx=1768: ✅REAL max=0.410 (75722ms) ETA=19424s
[2026-04-27 14:24:12]   [56/304 · 18%] idx=1770: ✅REAL max=0.680 (52796ms) ETA=19238s
[2026-04-27 14:25:25]   [57/304 · 19%] idx=1807: ✅REAL max=0.441 (71954ms) ETA=19141s
[2026-04-27 14:26:16]   [58/304 · 19%] idx=1839: ✅REAL max=0.410 (49766ms) ETA=18950s
[2026-04-27 14:27:45]   [59/304 · 19%] idx=1841: ✅REAL max=0.440 (88215ms) ETA=18924s
[2026-04-27 14:28:53]   [60/304 · 20%] idx=1853: ✅REAL max=0.460 (67202ms) ETA=18810s
[2026-04-27 14:28:53]   💾 [60/304] 进度已保存
[2026-04-27 14:30:23]   [61/304 · 20%] idx=1858: ✅REAL max=0.300 (88621ms) ETA=18783s
[2026-04-27 14:31:17]   [62/304 · 20%] idx=1866: ✅REAL max=0.780 (52884ms) ETA=18614s
[2026-04-27 14:32:06]   [63/304 · 21%] idx=1867: ✅REAL max=0.450 (48038ms) ETA=18430s
[2026-04-27 14:33:08]   [64/304 · 21%] idx=1875: ✅REAL max=0.751 (60612ms) ETA=18298s
[2026-04-27 14:35:49]   [65/304 · 21%] idx=1897: ✅REAL max=0.570 (46841ms) ETA=18535s
[2026-04-27 14:37:14]   [66/304 · 22%] idx=1899: ✅REAL max=0.350 (84374ms) ETA=18486s
[2026-04-27 14:38:20]   [67/304 · 22%] idx=1906: ✅REAL max=0.550 (64431ms) ETA=18365s
[2026-04-27 14:39:21]   [68/304 · 22%] idx=1922: ✅REAL max=0.400 (60431ms) ETA=18232s
[2026-04-27 14:40:30]   [69/304 · 23%] idx=1943: ✅REAL max=0.700 (68181ms) ETA=18127s
[2026-04-27 14:41:34]   [70/304 · 23%] idx=1953: ✅REAL max=0.500 (62498ms) ETA=18004s
[2026-04-27 14:42:53]   [71/304 · 23%] idx=1958: ✅REAL max=0.250 (77751ms) ETA=17933s
[2026-04-27 14:44:18]   [72/304 · 24%] idx=1968: ✅REAL max=0.500 (84481ms) ETA=17884s
[2026-04-27 14:45:28]   [73/304 · 24%] idx=1984: ✅REAL max=0.340 (68900ms) ETA=17784s
[2026-04-27 14:46:36]   [74/304 · 24%] idx=1985: ✅REAL max=0.290 (66495ms) ETA=17677s
[2026-04-27 14:47:22]   [75/304 · 25%] idx=1994: ✅REAL max=0.700 (45365ms) ETA=17507s
[2026-04-27 14:48:22]   [76/304 · 25%] idx=2011: ✅REAL max=0.400 (59456ms) ETA=17383s
[2026-04-27 14:49:24]   [77/304 · 25%] idx=2027: ✅REAL max=0.360 (60867ms) ETA=17264s
[2026-04-27 14:50:32]   [78/304 · 26%] idx=2028: ✅REAL max=0.450 (66730ms) ETA=17164s
[2026-04-27 14:52:10]   [79/304 · 26%] idx=2033: ✅REAL max=0.253 (97122ms) ETA=17151s
[2026-04-27 14:53:41]   [80/304 · 26%] idx=2034: ✅REAL max=0.280 (90241ms) ETA=17117s
[2026-04-27 14:53:41]   💾 [80/304] 进度已保存
[2026-04-27 14:54:47]   [81/304 · 27%] idx=2047: ✅REAL max=0.290 (64418ms) ETA=17011s
[2026-04-27 14:55:42]   [82/304 · 27%] idx=2049: ✅REAL max=0.700 (54366ms) ETA=16878s
[2026-04-27 14:56:17]   [83/304 · 27%] idx=2092: ✅REAL max=0.800 (34007ms) ETA=16692s
[2026-04-27 14:57:27]   [84/304 · 28%] idx=2101: ✅REAL max=0.650 (69003ms) ETA=16603s
[2026-04-27 14:58:28]   [85/304 · 28%] idx=2109: ✅REAL max=0.700 (59387ms) ETA=16488s
[2026-04-27 14:59:27]   [86/304 · 28%] idx=2128: ✅REAL max=0.450 (58780ms) ETA=16374s
[2026-04-27 15:02:42]   [87/304 · 29%] idx=2134: ✅REAL max=0.400 (84829ms) ETA=16597s
[2026-04-27 15:03:49]   [88/304 · 29%] idx=2155: ✅REAL max=0.440 (66183ms) ETA=16497s
[2026-04-27 15:04:51]   [89/304 · 29%] idx=2156: ✅REAL max=0.450 (60484ms) ETA=16385s
[2026-04-27 15:05:39]   [90/304 · 30%] idx=2179: ✅REAL max=0.350 (47734ms) ETA=16244s
[2026-04-27 15:06:37]   [91/304 · 30%] idx=2197: ✅REAL max=0.400 (56350ms) ETA=16124s
[2026-04-27 15:07:51]   [92/304 · 30%] idx=2211: ✅REAL max=0.700 (72843ms) ETA=16044s
[2026-04-27 15:09:15]   [93/304 · 31%] idx=2216: ✅REAL max=0.450 (83612ms) ETA=15989s
[2026-04-27 15:10:06]   [94/304 · 31%] idx=2227: ✅REAL max=0.350 (49679ms) ETA=15857s
[2026-04-27 15:11:03]   [95/304 · 31%] idx=2268: ✅REAL max=0.250 (55993ms) ETA=15741s
[2026-04-27 15:13:41]   [96/304 · 32%] idx=2285: ✅REAL max=0.440 (66757ms) ETA=15844s
[2026-04-27 15:14:35]   [97/304 · 32%] idx=2319: ✅REAL max=0.400 (53575ms) ETA=15721s
[2026-04-27 15:15:30]   [98/304 · 32%] idx=2368: ✅REAL max=0.380 (53544ms) ETA=15600s
[2026-04-27 15:16:12]   [99/304 · 33%] idx=2369: ✅REAL max=0.420 (41534ms) ETA=15456s
[2026-04-27 15:17:32]   [100/304 · 33%] idx=2374: ✅REAL max=0.600 (78721ms) ETA=15389s
[2026-04-27 15:17:32]   💾 [100/304] 进度已保存
[2026-04-27 15:18:16]   [101/304 · 33%] idx=2377: ✅REAL max=0.750 (43023ms) ETA=15251s
[2026-04-27 15:18:59]   [102/304 · 34%] idx=2386: ✅REAL max=0.283 (41784ms) ETA=15112s
[2026-04-27 15:19:37]   [103/304 · 34%] idx=2387: ✅REAL max=0.350 (36761ms) ETA=14965s
[2026-04-27 15:20:30]   [104/304 · 34%] idx=2406: ✅REAL max=0.550 (52731ms) ETA=14850s
[2026-04-27 15:21:31]   [105/304 · 35%] idx=2419: ✅REAL max=0.800 (59599ms) ETA=14750s
[2026-04-27 15:22:22]   [106/304 · 35%] idx=2435: ✅REAL max=0.300 (49839ms) ETA=14633s
[2026-04-27 15:24:21]   [107/304 · 35%] idx=2452: ✅REAL max=0.500 (46919ms) ETA=14643s
[2026-04-27 15:25:19]   [108/304 · 36%] idx=2468: ✅REAL max=0.535 (56884ms) ETA=14539s
[2026-04-27 15:26:36]   [109/304 · 36%] idx=2479: ✅REAL max=0.475 (76212ms) ETA=14470s
[2026-04-27 15:27:39]   [110/304 · 36%] idx=2498: ✅REAL max=0.200 (61906ms) ETA=14376s
[2026-04-27 15:28:10]   [111/304 · 37%] idx=2501: ✅REAL max=0.290 (29829ms) ETA=14226s
[2026-04-27 15:29:07]   [112/304 · 37%] idx=2509: ✅REAL max=0.350 (55723ms) ETA=14124s
[2026-04-27 15:29:59]   [113/304 · 37%] idx=2521: ✅REAL max=0.320 (50697ms) ETA=14013s
[2026-04-27 15:31:10]   [114/304 · 38%] idx=2529: ✅REAL max=0.420 (70956ms) ETA=13937s
[2026-04-27 15:31:40]   [115/304 · 38%] idx=2531: ✅REAL max=0.700 (28833ms) ETA=13792s
[2026-04-27 15:32:49]   [116/304 · 38%] idx=2532: ✅REAL max=0.600 (67579ms) ETA=13712s
[2026-04-27 15:33:57]   [117/304 · 38%] idx=2536: ✅REAL max=0.300 (67393ms) ETA=13632s
[2026-04-27 15:34:51]   [118/304 · 39%] idx=2547: ✅REAL max=0.750 (52198ms) ETA=13528s
[2026-04-27 15:35:44]   [119/304 · 39%] idx=2548: ✅REAL max=0.440 (52633ms) ETA=13426s
[2026-04-27 15:36:34]   [120/304 · 39%] idx=2575: ✅REAL max=0.300 (48456ms) ETA=13318s
[2026-04-27 15:36:34]   💾 [120/304] 进度已保存
[2026-04-27 15:37:07]   [121/304 · 40%] idx=2581: ✅REAL max=0.680 (31968ms) ETA=13186s
[2026-04-27 15:38:47]   [122/304 · 40%] idx=2586: ✅REAL max=0.610 (99122ms) ETA=13156s
[2026-04-27 15:39:36]   [123/304 · 40%] idx=2596: ✅REAL max=0.580 (48123ms) ETA=13049s
[2026-04-27 15:41:09]   [124/304 · 41%] idx=2600: ✅REAL max=0.480 (91995ms) ETA=13008s
[2026-04-27 15:41:50]   [125/304 · 41%] idx=2623: ✅REAL max=0.570 (40360ms) ETA=12891s
[2026-04-27 15:43:28]   [126/304 · 41%] idx=2624: ✅REAL max=0.320 (97205ms) ETA=12856s
[2026-04-27 15:44:32]   [127/304 · 42%] idx=2626: ✅REAL max=0.400 (62874ms) ETA=12772s
[2026-04-27 15:45:30]   [128/304 · 42%] idx=2660: ✅REAL max=0.850 (56852ms) ETA=12680s
[2026-04-27 15:46:22]   [129/304 · 42%] idx=2663: ✅REAL max=0.350 (50796ms) ETA=12581s
[2026-04-27 15:47:12]   [130/304 · 43%] idx=2671: ✅REAL max=0.280 (49020ms) ETA=12480s
[2026-04-27 15:48:33]   [131/304 · 43%] idx=2672: ✅REAL max=0.510 (79608ms) ETA=12420s
[2026-04-27 15:50:52]   [132/304 · 43%] idx=2692: ✅REAL max=0.414 (41010ms) ETA=12436s
[2026-04-27 15:51:27]   [133/304 · 44%] idx=2697: ✅REAL max=0.556 (34706ms) ETA=12316s
[2026-04-27 15:52:20]   [134/304 · 44%] idx=2706: ✅REAL max=0.450 (51336ms) ETA=12219s
[2026-04-27 15:53:30]   [135/304 · 44%] idx=2712: ✅REAL max=0.400 (69039ms) ETA=12145s
[2026-04-27 15:54:13]   [136/304 · 45%] idx=2721: ✅REAL max=0.270 (41850ms) ETA=12037s
[2026-04-27 15:55:32]   [137/304 · 45%] idx=2745: ✅REAL max=0.690 (78181ms) ETA=11975s
[2026-04-27 15:56:26]   [138/304 · 45%] idx=2751: ✅REAL max=0.429 (53564ms) ETA=11883s
[2026-04-27 15:57:34]   [139/304 · 46%] idx=2757: ✅REAL max=0.350 (66687ms) ETA=11806s
[2026-04-27 15:58:15]   [140/304 · 46%] idx=2774: ✅REAL max=0.550 (40241ms) ETA=11699s
[2026-04-27 15:58:15]   💾 [140/304] 进度已保存
[2026-04-27 15:58:59]   [141/304 · 46%] idx=2791: ✅REAL max=0.520 (42831ms) ETA=11596s
[2026-04-27 15:59:52]   [142/304 · 47%] idx=2800: ✅REAL max=0.600 (51443ms) ETA=11504s
[2026-04-27 16:00:48]   [143/304 · 47%] idx=2803: ✅REAL max=0.440 (54905ms) ETA=11416s
[2026-04-27 16:01:49]   [144/304 · 47%] idx=2808: ✅REAL max=0.500 (60465ms) ETA=11334s
[2026-04-27 16:03:19]   [145/304 · 48%] idx=2823: ✅REAL max=0.300 (89080ms) ETA=11285s
[2026-04-27 16:04:21]   [146/304 · 48%] idx=2826: ✅REAL max=0.290 (60528ms) ETA=11203s
[2026-04-27 16:05:40]   [147/304 · 48%] idx=2828: ✅REAL max=0.500 (78846ms) ETA=11142s
[2026-04-27 16:06:13]   [148/304 · 49%] idx=2842: ✅REAL max=0.556 (32003ms) ETA=11031s
[2026-04-27 16:06:48]   [149/304 · 49%] idx=2850: ✅REAL max=0.700 (33835ms) ETA=10923s
[2026-04-27 16:08:01]   [150/304 · 49%] idx=2854: ✅REAL max=0.556 (71632ms) ETA=10855s
[2026-04-27 16:09:03]   [151/304 · 50%] idx=2860: ✅REAL max=0.200 (61506ms) ETA=10776s
[2026-04-27 16:10:03]   [152/304 · 50%] idx=2864: ✅REAL max=0.350 (58583ms) ETA=10695s
[2026-04-27 16:11:17]   [153/304 · 50%] idx=2879: ✅REAL max=0.600 (73333ms) ETA=10629s
[2026-04-27 16:12:56]   [154/304 · 51%] idx=2881: ✅REAL max=0.400 (97925ms) ETA=10586s
[2026-04-27 16:14:05]   [155/304 · 51%] idx=2903: ✅REAL max=0.320 (67967ms) ETA=10514s
[2026-04-27 16:14:50]   [156/304 · 51%] idx=2908: ✅REAL max=0.430 (43869ms) ETA=10419s
[2026-04-27 16:15:20]   [157/304 · 52%] idx=2923: ✅REAL max=0.350 (28412ms) ETA=10310s
[2026-04-27 16:16:08]   [158/304 · 52%] idx=2950: ✅REAL max=0.300 (46943ms) ETA=10220s
[2026-04-27 16:16:40]   [159/304 · 52%] idx=2972: ✅REAL max=0.720 (31842ms) ETA=10116s
[2026-04-27 16:17:38]   [160/304 · 53%] idx=3006: ✅REAL max=0.700 (56516ms) ETA=10035s
[2026-04-27 16:17:38]   💾 [160/304] 进度已保存
[2026-04-27 16:18:44]   [161/304 · 53%] idx=3024: ✅REAL max=0.420 (64944ms) ETA=9962s
[2026-04-27 16:19:45]   [162/304 · 53%] idx=3027: ✅REAL max=0.300 (60314ms) ETA=9885s
[2026-04-27 16:20:48]   [163/304 · 54%] idx=3041: ✅REAL max=0.267 (62035ms) ETA=9810s
[2026-04-27 16:22:13]   [164/304 · 54%] idx=3042: ✅REAL max=0.500 (83448ms) ETA=9753s
[2026-04-27 16:22:56]   [165/304 · 54%] idx=3044: ✅REAL max=0.350 (41975ms) ETA=9661s
[2026-04-27 16:24:22]   [166/304 · 55%] idx=3050: ✅REAL max=0.400 (85732ms) ETA=9605s
[2026-04-27 16:26:31]   [167/304 · 55%] idx=3060: ✅REAL max=0.390 (34563ms) ETA=9585s
[2026-04-27 16:27:17]   [168/304 · 55%] idx=3074: ✅REAL max=0.540 (45006ms) ETA=9495s
[2026-04-27 16:28:14]   [169/304 · 56%] idx=3076: ✅REAL max=0.300 (55338ms) ETA=9415s
[2026-04-27 16:28:57]   [170/304 · 56%] idx=3099: ✅REAL max=0.787 (41844ms) ETA=9324s
[2026-04-27 16:30:03]   [171/304 · 56%] idx=3101: ✅REAL max=0.510 (65624ms) ETA=9252s
[2026-04-27 16:31:04]   [172/304 · 57%] idx=3122: ✅REAL max=0.500 (59800ms) ETA=9176s
[2026-04-27 16:33:19]   [173/304 · 57%] idx=3145: ✅REAL max=0.450 (51153ms) ETA=9156s
[2026-04-27 16:49:58] [Proc 3] 启动，15秒后开始（避免并发冲突）
[2026-04-27 16:50:13] [数据] 从缓存加载: X_tr=/home/fandy/workplace/thesis/results/soft_labels/kuhar_X_tr.npy
[2026-04-27 16:50:13] [Proc 3] 类 3 (Talk-stand): 5499样本, 目标400, 已有269, 需生成131
[2026-04-27 16:51:12]   [1/131 · 1%] idx=3154: ✅REAL max=0.310 (59203ms) ETA=7696s
[2026-04-27 16:51:49]   [2/131 · 2%] idx=3156: ✅REAL max=0.300 (35914ms) ETA=6200s
[2026-04-27 16:52:42]   [3/131 · 2%] idx=3161: ✅REAL max=0.350 (51751ms) ETA=6352s
[2026-04-27 16:54:06]   [4/131 · 3%] idx=3165: ✅REAL max=0.450 (83787ms) ETA=7419s
[2026-04-27 16:55:36]   [5/131 · 4%] idx=3169: ✅REAL max=0.594 (88292ms) ETA=8139s
[2026-04-27 16:56:42]   [6/131 · 5%] idx=3181: ✅REAL max=0.425 (65023ms) ETA=8104s
[2026-04-27 16:57:44]   [7/131 · 5%] idx=3186: ✅REAL max=0.550 (61648ms) ETA=8001s
[2026-04-27 17:00:44]   [8/131 · 6%] idx=3205: ✅REAL max=0.350 (178321ms) ETA=9701s
[2026-04-27 17:01:58]   [9/131 · 7%] idx=3211: ✅REAL max=0.450 (73446ms) ETA=9562s
[2026-04-27 17:03:18]   [10/131 · 8%] idx=3216: ✅REAL max=0.450 (78456ms) ETA=9497s
[2026-04-27 17:04:30]   [11/131 · 8%] idx=3219: ✅REAL max=0.450 (71295ms) ETA=9351s
[2026-04-27 17:05:08]   [12/131 · 9%] idx=3224: ✅REAL max=0.550 (36880ms) ETA=8876s
[2026-04-27 17:07:24]   [13/131 · 10%] idx=3234: ✅REAL max=0.400 (38406ms) ETA=9364s
[2026-04-27 19:02:25] [Proc 3] 启动，15秒后开始（避免并发冲突）
[2026-04-27 19:02:40] [数据] 从缓存加载: X_tr=/home/fandy/workplace/thesis/results/soft_labels/kuhar_X_tr.npy
[2026-04-27 19:02:40] [Proc 3] 类 3 (Talk-stand): 5499样本, 目标400, 已有282, 需生成118
[2026-04-27 19:02:49] [Proc 3] 启动，15秒后开始（避免并发冲突）
[2026-04-27 19:03:04] [数据] 从缓存加载: X_tr=/home/fandy/workplace/thesis/results/soft_labels/kuhar_X_tr.npy
[2026-04-27 19:03:07] [Proc 3] 类 3 (Talk-stand): 5499样本, 目标400, 已有282, 需生成118
[2026-04-27 20:48:19] [Proc 3] 启动，15秒后开始（避免并发冲突）
[2026-04-27 20:48:34] [数据] 从缓存加载: X_tr=/home/fandy/workplace/thesis/results/soft_labels/kuhar_X_tr.npy
[2026-04-27 20:48:34] [Proc 3] 类 3 (Talk-stand): 5499样本, 目标400, 已有282, 需生成118
[2026-04-27 20:48:55] [Proc 3] 启动，15秒后开始（避免并发冲突）
[2026-04-27 20:49:10] [数据] 从缓存加载: X_tr=/home/fandy/workplace/thesis/results/soft_labels/kuhar_X_tr.npy
[2026-04-27 20:49:10]   [1/118 · 1%] idx=3242: ✅REAL max=0.720 (35494ms) ETA=4154s
[2026-04-27 20:49:10] [Proc 3] 类 3 (Talk-stand): 5499样本, 目标400, 已有282, 需生成118
[2026-04-27 20:51:28] [Proc 3] 启动，15秒后开始（避免并发冲突）
[2026-04-27 20:51:43] [数据] 从缓存加载: X_tr=/home/fandy/workplace/thesis/results/soft_labels/kuhar_X_tr.npy
[2026-04-27 20:51:43] [Proc 3] 类 3 (Talk-stand): 5499样本, 目标400, 已有283, 需生成117
[2026-04-27 20:52:49]   [1/117 · 1%] idx=3244: ✅REAL max=0.347 (66068ms) ETA=7664s
[2026-04-27 20:53:13]   [2/117 · 2%] idx=3247: ✅REAL max=0.700 (23066ms) ETA=5183s
[2026-04-27 20:54:38]   [3/117 · 3%] idx=3250: ✅REAL max=0.230 (84109ms) ETA=6660s
[2026-04-27 20:55:23]   [4/117 · 3%] idx=3265: ✅REAL max=0.450 (43987ms) ETA=6222s
[2026-04-27 20:56:52]   [5/117 · 4%] idx=3320: ✅REAL max=0.297 (87995ms) ETA=6927s
[2026-04-27 20:57:26]   [6/117 · 5%] idx=3321: ✅REAL max=0.450 (32973ms) ETA=6350s
[2026-04-27 20:58:17]   [7/117 · 6%] idx=3324: ✅REAL max=0.490 (50428ms) ETA=6202s
[2026-04-27 20:59:04]   [8/117 · 7%] idx=3381: ✅REAL max=0.421 (45556ms) ETA=6012s
[2026-04-27 20:59:36]   [9/117 · 8%] idx=3404: ✅REAL max=0.579 (30737ms) ETA=5676s
[2026-04-27 21:00:49]   [10/117 · 9%] idx=3408: ✅REAL max=0.220 (72441ms) ETA=5847s
[2026-04-27 21:01:44]   [11/117 · 9%] idx=3416: ✅REAL max=0.300 (53517ms) ETA=5791s
[2026-04-27 21:02:22]   [12/117 · 10%] idx=3427: ✅REAL max=0.450 (37258ms) ETA=5593s
[2026-04-27 21:03:11]   [13/117 · 11%] idx=3438: ✅REAL max=0.500 (47949ms) ETA=5505s
[2026-04-27 21:03:54]   [14/117 · 12%] idx=3445: ✅REAL max=0.290 (41619ms) ETA=5376s
[2026-04-27 21:04:58]   [15/117 · 13%] idx=3454: ✅REAL max=0.300 (63736ms) ETA=5409s
[2026-04-27 21:05:57]   [16/117 · 14%] idx=3457: ✅REAL max=0.350 (57440ms) ETA=5391s
[2026-04-27 21:07:00]   [17/117 · 15%] idx=3458: ✅REAL max=0.410 (61877ms) ETA=5393s
[2026-04-27 21:07:41]   [18/117 · 15%] idx=3471: ✅REAL max=0.350 (40713ms) ETA=5272s
[2026-04-27 21:09:35]   [19/117 · 16%] idx=3478: ✅REAL max=0.280 (113040ms) ETA=5532s
[2026-04-27 21:11:06]   [20/117 · 17%] idx=3483: ✅REAL max=0.450 (89152ms) ETA=5639s
[2026-04-27 21:11:06]   💾 [20/117] 进度已保存
[2026-04-27 21:11:51]   [21/117 · 18%] idx=3521: ✅REAL max=0.350 (44908ms) ETA=5525s
[2026-04-27 21:12:41]   [22/117 · 19%] idx=3549: ✅REAL max=0.530 (48791ms) ETA=5434s
[2026-04-27 21:13:26]   [23/117 · 20%] idx=3557: ✅REAL max=0.700 (43288ms) ETA=5324s
[2026-04-27 21:14:17]   [24/117 · 21%] idx=3568: ✅REAL max=0.300 (50746ms) ETA=5249s
[2026-04-27 21:15:06]   [25/117 · 21%] idx=3573: ✅REAL max=0.460 (47905ms) ETA=5165s
[2026-04-27 21:18:05]   [26/117 · 22%] idx=3578: ✅REAL max=0.528 (177742ms) ETA=5538s
[2026-04-27 21:21:09]   [27/117 · 23%] idx=3589: ✅REAL max=0.450 (183487ms) ETA=5889s
[2026-04-27 21:22:10]   [28/117 · 24%] idx=3601: ✅REAL max=0.300 (59759ms) ETA=5809s
[2026-04-27 21:22:44]   [29/117 · 25%] idx=3609: ✅REAL max=0.850 (32823ms) ETA=5648s
[2026-04-27 21:25:00]   [30/117 · 26%] idx=3612: ✅REAL max=0.750 (40331ms) ETA=5792s
[2026-04-27 21:26:00]   [31/117 · 26%] idx=3613: ✅REAL max=0.530 (58522ms) ETA=5706s
[2026-04-27 21:27:30]   [32/117 · 27%] idx=3617: ✅REAL max=0.400 (89581ms) ETA=5704s
[2026-04-27 21:28:40]   [33/117 · 28%] idx=3640: ✅REAL max=0.690 (68898ms) ETA=5644s
[2026-04-27 21:29:29]   [34/117 · 29%] idx=3645: ✅REAL max=0.450 (47745ms) ETA=5532s
[2026-04-27 21:30:25]   [35/117 · 30%] idx=3654: ✅REAL max=0.840 (55393ms) ETA=5441s
[2026-04-27 21:31:24]   [36/117 · 31%] idx=3657: ✅REAL max=0.611 (57837ms) ETA=5358s
[2026-04-27 21:31:56]   [37/117 · 32%] idx=3667: ✅REAL max=0.250 (31228ms) ETA=5219s
[2026-04-27 21:32:30]   [38/117 · 32%] idx=3674: ✅REAL max=0.550 (32715ms) ETA=5088s
[2026-04-27 21:33:09]   [39/117 · 33%] idx=3686: ✅REAL max=0.250 (38130ms) ETA=4973s
[2026-04-27 21:33:51]   [40/117 · 34%] idx=3691: ✅REAL max=0.450 (40753ms) ETA=4867s
[2026-04-27 21:33:51]   💾 [40/117] 进度已保存
[2026-04-27 21:35:18]   [41/117 · 35%] idx=3701: ✅REAL max=0.500 (85817ms) ETA=4847s
[2026-04-27 21:36:02]   [42/117 · 36%] idx=3710: ✅REAL max=0.300 (43343ms) ETA=4749s
[2026-04-27 21:36:50]   [43/117 · 37%] idx=3718: ✅REAL max=0.470 (46441ms) ETA=4658s
[2026-04-27 21:37:24]   [44/117 · 38%] idx=3730: ✅REAL max=0.713 (32991ms) ETA=4547s
[2026-04-27 21:38:04]   [45/117 · 38%] idx=3769: ✅REAL max=0.730 (39308ms) ETA=4450s
[2026-04-27 21:39:01]   [46/117 · 39%] idx=3770: ✅REAL max=0.440 (56264ms) ETA=4381s
[2026-04-27 21:39:47]   [47/117 · 40%] idx=3776: ✅REAL max=0.139 (44629ms) ETA=4295s
[2026-04-27 21:40:27]   [48/117 · 41%] idx=3786: ✅REAL max=0.550 (39487ms) ETA=4204s
[2026-04-27 21:41:12]   [49/117 · 42%] idx=3787: ✅REAL max=0.220 (43647ms) ETA=4120s
[2026-04-27 21:42:50]   [50/117 · 43%] idx=3796: ✅REAL max=0.420 (96568ms) ETA=4109s
[2026-04-27 21:43:40]   [51/117 · 44%] idx=3815: ✅REAL max=0.800 (49014ms) ETA=4033s
[2026-04-27 21:44:40]   [52/117 · 44%] idx=3821: ✅REAL max=0.350 (59156ms) ETA=3971s
[2026-04-27 21:45:12]   [53/117 · 45%] idx=3863: ✅REAL max=0.280 (31172ms) ETA=3875s
[2026-04-27 21:46:09]   [54/117 · 46%] idx=3867: ✅REAL max=0.300 (55885ms) ETA=3810s
[2026-04-27 21:46:52]   [55/117 · 47%] idx=3871: ✅REAL max=0.150 (42569ms) ETA=3731s
[2026-04-27 21:47:27]   [56/117 · 48%] idx=3874: ✅REAL max=0.720 (33823ms) ETA=3643s
[2026-04-27 21:48:55]   [57/117 · 49%] idx=3894: ✅REAL max=0.550 (86602ms) ETA=3613s
[2026-04-27 21:49:40]   [58/117 · 50%] idx=3904: ✅REAL max=0.550 (43815ms) ETA=3537s
[2026-04-27 21:50:48]   [59/117 · 50%] idx=3912: ✅REAL max=0.680 (67777ms) ETA=3485s
[2026-04-27 21:51:21]   [60/117 · 51%] idx=3928: ✅REAL max=0.450 (31391ms) ETA=3399s
[2026-04-27 21:51:21]   💾 [60/117] 进度已保存
[2026-04-27 21:52:24]   [61/117 · 52%] idx=3936: ✅REAL max=0.450 (62541ms) ETA=3343s
[2026-04-27 21:53:58]   [62/117 · 53%] idx=3942: ✅REAL max=0.400 (92251ms) ETA=3313s
[2026-04-27 21:54:45]   [63/117 · 54%] idx=3969: ✅REAL max=0.859 (46164ms) ETA=3242s
[2026-04-27 21:56:38]   [64/117 · 55%] idx=3977: ✅REAL max=0.400 (112564ms) ETA=3226s
[2026-04-27 21:58:09]   [65/117 · 56%] idx=3988: ✅REAL max=0.360 (89561ms) ETA=3189s
[2026-04-27 22:00:26]   [66/117 · 56%] idx=3998: ✅REAL max=0.550 (61799ms) ETA=3186s
[2026-04-27 22:02:03]   [67/117 · 57%] idx=4001: ✅REAL max=0.400 (96549ms) ETA=3150s
[2026-04-27 22:03:03]   [68/117 · 58%] idx=4004: ✅REAL max=0.350 (59034ms) ETA=3084s
[2026-04-27 22:04:03]   [69/117 · 59%] idx=4015: ✅REAL max=0.450 (58248ms) ETA=3019s
[2026-04-27 22:04:55]   [70/117 · 60%] idx=4025: ✅REAL max=0.360 (51911ms) ETA=2949s
[2026-04-27 22:05:45]   [71/117 · 61%] idx=4039: ✅REAL max=0.350 (48588ms) ETA=2878s
[2026-04-27 22:06:28]   [72/117 · 62%] idx=4048: ✅REAL max=0.550 (41641ms) ETA=2803s
[2026-04-27 22:07:04]   [73/117 · 62%] idx=4050: ✅REAL max=0.860 (35520ms) ETA=2725s
[2026-04-27 22:07:45]   [74/117 · 63%] idx=4058: ✅REAL max=0.388 (39932ms) ETA=2651s
[2026-04-27 22:08:42]   [75/117 · 64%] idx=4065: ✅REAL max=0.200 (55836ms) ETA=2587s
[2026-04-27 22:09:31]   [76/117 · 65%] idx=4071: ✅REAL max=0.350 (47612ms) ETA=2518s
[2026-04-27 22:11:14]   [77/117 · 66%] idx=4074: ✅REAL max=0.550 (102311ms) ETA=2478s
[2026-04-27 22:12:08]   [78/117 · 67%] idx=4083: ✅REAL max=0.350 (52692ms) ETA=2412s
[2026-04-27 22:12:51]   [79/117 · 68%] idx=4091: ✅REAL max=0.250 (41890ms) ETA=2341s
[2026-04-27 22:13:19]   [80/117 · 68%] idx=4097: ✅REAL max=0.529 (27095ms) ETA=2264s
[2026-04-27 22:13:19]   💾 [80/117] 进度已保存
[2026-04-27 22:14:12]   [81/117 · 69%] idx=4106: ✅REAL max=0.700 (52795ms) ETA=2200s
[2026-04-27 22:14:49]   [82/117 · 70%] idx=4114: ✅REAL max=0.400 (35200ms) ETA=2128s
[2026-04-27 22:16:52]   [83/117 · 71%] idx=4151: ✅REAL max=0.530 (56662ms) ETA=2093s
[2026-04-27 22:17:52]   [84/117 · 72%] idx=4154: ✅REAL max=0.510 (58632ms) ETA=2031s
[2026-04-27 22:18:45]   [85/117 · 73%] idx=4157: ✅REAL max=0.400 (52047ms) ETA=1966s
[2026-04-27 22:19:38]   [86/117 · 74%] idx=4174: ✅REAL max=0.510 (51448ms) ETA=1901s
[2026-04-27 22:21:49]   [87/117 · 74%] idx=4180: ✅REAL max=0.300 (50642ms) ETA=1864s
[2026-04-27 22:22:34]   [88/117 · 75%] idx=4182: ✅REAL max=0.400 (43705ms) ETA=1796s
[2026-04-27 22:23:38]   [89/117 · 76%] idx=4187: ✅REAL max=0.550 (63511ms) ETA=1735s
[2026-04-27 22:24:27]   [90/117 · 77%] idx=4192: ✅REAL max=0.452 (47432ms) ETA=1669s
[2026-04-27 22:25:18]   [91/117 · 78%] idx=4205: ✅REAL max=0.490 (49836ms) ETA=1604s
[2026-04-27 22:26:42]   [92/117 · 79%] idx=4207: ✅REAL max=0.300 (83243ms) ETA=1549s
[2026-04-27 22:27:27]   [93/117 · 79%] idx=4214: ✅REAL max=0.750 (43839ms) ETA=1482s
[2026-04-27 22:28:33]   [94/117 · 80%] idx=4228: ✅REAL max=0.470 (65344ms) ETA=1422s
[2026-04-27 22:30:32]   [95/117 · 81%] idx=4229: ✅REAL max=0.280 (117816ms) ETA=1373s
[2026-04-27 22:33:06]   [96/117 · 82%] idx=4237: ✅REAL max=0.318 (57224ms) ETA=1331s
[2026-04-27 22:33:49]   [97/117 · 83%] idx=4265: ✅REAL max=0.350 (41731ms) ETA=1263s
[2026-04-27 22:35:59]   [98/117 · 84%] idx=4270: ✅REAL max=0.550 (36704ms) ETA=1213s
[2026-04-27 22:36:40]   [99/117 · 85%] idx=4274: ✅REAL max=0.340 (39356ms) ETA=1145s
[2026-04-27 22:37:13]   [100/117 · 85%] idx=4289: ✅REAL max=0.455 (31916ms) ETA=1076s
[2026-04-27 22:37:13]   💾 [100/117] 进度已保存
[2026-04-27 22:38:27]   [101/117 · 86%] idx=4292: ✅REAL max=0.440 (73502ms) ETA=1015s
[2026-04-27 22:39:24]   [102/117 · 87%] idx=4298: ✅REAL max=0.440 (55746ms) ETA=950s
[2026-04-27 22:40:06]   [103/117 · 88%] idx=4331: ✅REAL max=0.300 (41236ms) ETA=884s
[2026-04-27 22:41:11]   [104/117 · 89%] idx=4333: ✅REAL max=0.300 (63363ms) ETA=821s
[2026-04-27 22:42:45]   [105/117 · 90%] idx=4367: ✅REAL max=0.550 (93265ms) ETA=761s
[2026-04-27 22:43:44]   [106/117 · 91%] idx=4369: ✅REAL max=0.400 (57848ms) ETA=697s
[2026-04-27 22:44:25]   [107/117 · 91%] idx=4378: ✅REAL max=0.447 (40705ms) ETA=632s
[2026-04-27 22:45:44]   [108/117 · 92%] idx=4423: ✅REAL max=0.372 (77636ms) ETA=570s
[2026-04-27 22:48:17]   [109/117 · 93%] idx=4427: ✅REAL max=0.780 (48027ms) ETA=513s
[2026-04-27 22:48:58]   [110/117 · 94%] idx=4430: ✅REAL max=0.550 (39538ms) ETA=448s
[2026-04-27 22:49:50]   [111/117 · 95%] idx=4431: ✅REAL max=0.673 (50604ms) ETA=383s
[2026-04-27 22:50:51]   [112/117 · 96%] idx=4438: ✅REAL max=0.410 (60436ms) ETA=319s
[2026-04-27 22:51:28]   [113/117 · 97%] idx=4451: ✅REAL max=0.680 (36499ms) ETA=254s
[2026-04-27 22:52:32]   [114/117 · 97%] idx=4455: ✅REAL max=0.180 (62437ms) ETA=191s
[2026-04-27 22:55:01]   [115/117 · 98%] idx=4460: ✅REAL max=0.296 (70820ms) ETA=129s
[2026-04-27 22:55:55]   [116/117 · 99%] idx=4471: ✅REAL max=0.400 (52346ms) ETA=64s
[2026-04-27 22:56:50]   [117/117 · 100%] idx=4496: ✅REAL max=0.310 (54180ms) ETA=0s
[2026-04-27 22:56:51] [Proc 3] ✅ 类 3 (Talk-stand) 完成: 400/400 耗时7508s
[2026-04-27 22:56:51] [Proc 3] 全部完成 → /home/fandy/workplace/thesis/results/soft_labels/kuhar_soft_proc3.npy
[2026-04-28 00:05:03] [Proc 3] 启动，15秒后开始（避免并发冲突）
[2026-04-28 00:05:18] [数据] 从缓存加载: X_tr=/home/fandy/workplace/thesis/results/soft_labels/kuhar_X_tr.npy
[2026-04-28 00:05:18] [Proc 3] 类 3 已完成，跳过
[2026-04-28 00:05:18] [Proc 3] 全部完成 → /home/fandy/workplace/thesis/results/soft_labels/kuhar_soft_proc3.npy
[2026-04-28 00:13:04] [Proc 3] 启动，15秒后开始（避免并发冲突）
[2026-04-28 00:13:19] [数据] 从缓存加载: X_tr=/home/fandy/workplace/thesis/results/soft_labels/kuhar_X_tr.npy
[2026-04-28 00:13:19] [Proc 3] 类 3 已完成，跳过
[2026-04-28 00:13:19] [Proc 3] 全部完成 → /home/fandy/workplace/thesis/results/soft_labels/kuhar_soft_proc3.npy
[2026-04-28 00:23:43] [Proc 3] 启动，15秒后开始（避免并发冲突）
[2026-04-28 00:23:58] [数据] 从缓存加载: X_tr=/home/fandy/workplace/thesis/results/soft_labels/kuhar_X_tr.npy
[2026-04-28 00:23:59] [Proc 3] 类 3 已完成，跳过
[2026-04-28 00:23:59] [Proc 3] 全部完成 → /home/fandy/workplace/thesis/results/soft_labels/kuhar_soft_proc3.npy
