[2026-04-27 10:42:21] [Proc 1] 启动，5秒后开始（避免并发冲突）
[2026-04-27 10:42:26] [数据] 第一次运行，正在加载全量数据（需约10秒）...
[2026-04-27 10:42:56] [数据] 已缓存: X_tr=(61210, 128, 8), y_tr=(61210,)
[2026-04-27 10:42:56] [Proc 1] 类 1 (Sit): 5496样本, 目标400, 已有0, 需生成400
[2026-04-27 10:43:46]   [1/400 · 0%] idx=20: ✅REAL max=0.600 (49745ms) ETA=19848s
[2026-04-27 10:45:18]   [2/400 · 0%] idx=23: ✅REAL max=0.350 (91497ms) ETA=28309s
[2026-04-27 10:46:01]   [3/400 · 1%] idx=32: ✅REAL max=0.677 (41638ms) ETA=24470s
[2026-04-27 10:46:39]   [4/400 · 1%] idx=74: ✅REAL max=0.590 (36729ms) ETA=22042s
[2026-04-27 10:47:53]   [5/400 · 1%] idx=95: ✅REAL max=0.540 (72996ms) ETA=23435s
[2026-04-27 10:49:53]   [6/400 · 2%] idx=108: ✅REAL max=0.580 (46490ms) ETA=27369s
[2026-04-27 10:51:33]   [7/400 · 2%] idx=115: ✅REAL max=0.940 (98652ms) ETA=28995s
[2026-04-27 10:52:22]   [8/400 · 2%] idx=128: ✅REAL max=0.443 (48287ms) ETA=27723s
[2026-04-27 10:52:56]   [9/400 · 2%] idx=157: ✅REAL max=0.530 (33133ms) ETA=26066s
[2026-04-27 10:59:49]   [10/400 · 2%] idx=163: ✅REAL max=0.563 (376599ms) ETA=39140s
[2026-04-27 11:22:35]   [11/400 · 3%] idx=179: ✅REAL max=0.650 (1239579ms) ETA=83856s
[2026-04-27 11:32:22] [Proc 1] 启动，5秒后开始（避免并发冲突）
[2026-04-27 11:32:27] [数据] 从缓存加载: X_tr=/home/fandy/workplace/thesis/results/soft_labels/kuhar_X_tr.npy
[2026-04-27 11:32:27] [Proc 1] 类 1 (Sit): 5496样本, 目标400, 已有11, 需生成389
[2026-04-27 11:33:24]   [1/389 · 0%] idx=194: ✅REAL max=0.850 (57207ms) ETA=22197s
[2026-04-27 11:34:32]   [2/389 · 1%] idx=197: ✅REAL max=0.680 (66475ms) ETA=24127s
[2026-04-27 11:35:32]   [3/389 · 1%] idx=203: ✅REAL max=0.570 (59124ms) ETA=23780s
[2026-04-27 11:36:50]   [4/389 · 1%] idx=209: ✅REAL max=0.430 (77369ms) ETA=25332s
[2026-04-27 11:37:52]   [5/389 · 1%] idx=214: ✅REAL max=0.530 (60832ms) ETA=24962s
[2026-04-27 11:39:24]   [6/389 · 2%] idx=253: ✅REAL max=0.410 (90926ms) ETA=26616s
[2026-04-27 11:40:01]   [7/389 · 2%] idx=268: ✅REAL max=0.650 (35714ms) ETA=24758s
[2026-04-27 11:40:56]   [8/389 · 2%] idx=272: ✅REAL max=0.354 (53659ms) ETA=24210s
[2026-04-27 11:41:46]   [9/389 · 2%] idx=274: ✅REAL max=0.600 (49142ms) ETA=23581s
[2026-04-27 11:42:36]   [10/389 · 3%] idx=292: ✅REAL max=0.333 (49202ms) ETA=23070s
[2026-04-27 11:43:23]   [11/389 · 3%] idx=297: ✅REAL max=0.410 (46187ms) ETA=22539s
[2026-04-27 11:44:23]   [12/389 · 3%] idx=315: ✅REAL max=0.450 (58699ms) ETA=22481s
[2026-04-27 11:45:35]   [13/389 · 3%] idx=332: ✅REAL max=0.480 (71332ms) ETA=22789s
[2026-04-27 11:46:25]   [14/389 · 4%] idx=334: ✅REAL max=0.450 (48733ms) ETA=22437s
[2026-04-27 11:47:27]   [15/389 · 4%] idx=343: ✅REAL max=0.490 (60981ms) ETA=22431s
[2026-04-27 11:48:29]   [16/389 · 4%] idx=372: ✅REAL max=0.460 (61194ms) ETA=22423s
[2026-04-27 11:49:29]   [17/389 · 4%] idx=375: ✅REAL max=0.180 (58748ms) ETA=22355s
[2026-04-27 11:50:33]   [18/389 · 5%] idx=376: ✅REAL max=0.650 (62964ms) ETA=22375s
[2026-04-27 11:51:34]   [19/389 · 5%] idx=388: ✅REAL max=0.400 (60318ms) ETA=22334s
[2026-04-27 11:52:28]   [20/389 · 5%] idx=395: ✅REAL max=0.550 (52924ms) ETA=22155s
[2026-04-27 11:52:28]   💾 [20/389] 进度已保存
[2026-04-27 11:53:25]   [21/389 · 5%] idx=397: ✅REAL max=0.560 (55547ms) ETA=22034s
[2026-04-27 11:54:12]   [22/389 · 6%] idx=403: ✅REAL max=0.350 (45948ms) ETA=21759s
[2026-04-27 11:55:03]   [23/389 · 6%] idx=414: ✅REAL max=0.450 (50285ms) ETA=21572s
[2026-04-27 11:55:53]   [24/389 · 6%] idx=415: ✅REAL max=0.450 (48906ms) ETA=21376s
[2026-04-27 11:57:40]   [25/389 · 6%] idx=418: ✅REAL max=0.535 (105866ms) ETA=22021s
[2026-04-27 11:59:08]   [26/389 · 7%] idx=419: ✅REAL max=0.540 (87772ms) ETA=22355s
[2026-04-27 12:00:37]   [27/389 · 7%] idx=422: ✅REAL max=0.350 (87441ms) ETA=22653s
[2026-04-27 12:01:59]   [28/389 · 7%] idx=429: ✅REAL max=0.620 (80749ms) ETA=22838s
[2026-04-27 12:02:26]   [29/389 · 7%] idx=446: ✅REAL max=0.441 (26808ms) ETA=22335s
[2026-04-27 12:05:27]   [30/389 · 8%] idx=447: ✅REAL max=0.550 (179081ms) ETA=23685s
[2026-04-27 12:07:18]   [31/389 · 8%] idx=449: ✅REAL max=0.400 (110800ms) ETA=24149s
[2026-04-27 12:08:01]   [32/389 · 8%] idx=472: ✅REAL max=0.424 (41471ms) ETA=23803s
[2026-04-27 12:10:09]   [33/389 · 8%] idx=475: ✅REAL max=0.450 (46270ms) ETA=24395s
[2026-04-27 12:11:00]   [34/389 · 9%] idx=491: ✅REAL max=0.449 (50753ms) ETA=24151s
[2026-04-27 12:12:22]   [35/389 · 9%] idx=513: ✅REAL max=0.750 (81086ms) ETA=24225s
[2026-04-27 12:13:05]   [36/389 · 9%] idx=517: ✅REAL max=0.450 (41793ms) ETA=23906s
[2026-04-27 12:13:55]   [37/389 · 10%] idx=524: ✅REAL max=0.350 (48271ms) ETA=23662s
[2026-04-27 12:14:45]   [38/389 · 10%] idx=535: ✅REAL max=0.760 (49467ms) ETA=23441s
[2026-04-27 12:15:26]   [39/389 · 10%] idx=548: ✅REAL max=0.500 (39541ms) ETA=23138s
[2026-04-27 12:16:02]   [40/389 · 10%] idx=550: ✅REAL max=0.350 (35170ms) ETA=22811s
[2026-04-27 12:16:02]   💾 [40/389] 进度已保存
[2026-04-27 12:16:38]   [41/389 · 11%] idx=575: ✅REAL max=0.350 (35580ms) ETA=22501s
[2026-04-27 12:17:34]   [42/389 · 11%] idx=581: ✅REAL max=0.450 (54741ms) ETA=22363s
[2026-04-27 12:20:04]   [43/389 · 11%] idx=597: ✅REAL max=0.800 (49808ms) ETA=22986s
[2026-04-27 12:20:49]   [44/389 · 11%] idx=617: ✅REAL max=0.510 (43681ms) ETA=22749s
[2026-04-27 12:21:28]   [45/389 · 12%] idx=621: ✅REAL max=0.637 (38586ms) ETA=22481s
[2026-04-27 12:22:48]   [46/389 · 12%] idx=628: ✅REAL max=0.500 (79079ms) ETA=22526s
[2026-04-27 12:23:57]   [47/389 · 12%] idx=649: ✅REAL max=0.350 (67790ms) ETA=22483s
[2026-04-27 12:24:50]   [48/389 · 12%] idx=650: ✅REAL max=0.320 (51789ms) ETA=22325s
[2026-04-27 12:25:46]   [49/389 · 13%] idx=659: ✅REAL max=0.700 (54911ms) ETA=22193s
[2026-04-27 12:26:23]   [50/389 · 13%] idx=664: ✅REAL max=0.550 (36603ms) ETA=21941s
[2026-04-27 12:27:01]   [51/389 · 13%] idx=667: ✅REAL max=0.690 (36302ms) ETA=21694s
[2026-04-27 12:29:05]   [52/389 · 13%] idx=683: ✅REAL max=0.250 (46974ms) ETA=22019s
[2026-04-27 12:30:29]   [53/389 · 14%] idx=692: ✅REAL max=0.400 (83409ms) ETA=22074s
[2026-04-27 12:31:15]   [54/389 · 14%] idx=696: ✅REAL max=0.450 (44308ms) ETA=21882s
[2026-04-27 12:32:12]   [55/389 · 14%] idx=717: ✅REAL max=0.850 (56544ms) ETA=21770s
[2026-04-27 12:32:48]   [56/389 · 14%] idx=724: ✅REAL max=0.280 (35250ms) ETA=21533s
[2026-04-27 12:33:25]   [57/389 · 15%] idx=748: ✅REAL max=0.380 (35950ms) ETA=21307s
[2026-04-27 12:34:15]   [58/389 · 15%] idx=752: ✅REAL max=0.860 (48735ms) ETA=21160s
[2026-04-27 12:35:35]   [59/389 · 15%] idx=753: ✅REAL max=0.300 (78839ms) ETA=21185s
[2026-04-27 12:38:55]   [60/389 · 15%] idx=755: ✅REAL max=0.300 (66641ms) ETA=21868s
[2026-04-27 12:38:55]   💾 [60/389] 进度已保存
[2026-04-27 12:39:48]   [61/389 · 16%] idx=759: ✅REAL max=0.550 (51845ms) ETA=21728s
[2026-04-27 12:40:41]   [62/389 · 16%] idx=778: ✅REAL max=0.500 (51542ms) ETA=21590s
[2026-04-27 12:44:16]   [63/389 · 16%] idx=784: ✅REAL max=0.515 (70854ms) ETA=22299s
[2026-04-27 12:44:39]   [64/389 · 16%] idx=788: ✅REAL max=0.550 (21060ms) ETA=21995s
[2026-04-27 12:45:51]   [65/389 · 17%] idx=792: ✅REAL max=0.400 (71818ms) ETA=21953s
[2026-04-27 12:46:48]   [66/389 · 17%] idx=794: ✅REAL max=0.515 (55445ms) ETA=21830s
[2026-04-27 12:47:55]   [67/389 · 17%] idx=795: ✅REAL max=0.500 (66107ms) ETA=21760s
[2026-04-27 12:50:20]   [68/389 · 17%] idx=796: ✅REAL max=0.530 (69796ms) ETA=22059s
[2026-04-27 12:51:29]   [69/389 · 18%] idx=798: ✅REAL max=0.323 (67705ms) ETA=21990s
[2026-04-27 12:52:07]   [70/389 · 18%] idx=862: ✅REAL max=0.250 (37417ms) ETA=21783s
[2026-04-27 12:52:39]   [71/389 · 18%] idx=873: ✅REAL max=0.450 (30195ms) ETA=21549s
[2026-04-27 12:54:18]   [72/389 · 19%] idx=896: ✅REAL max=0.350 (98356ms) ETA=21620s
[2026-04-27 12:55:06]   [73/389 · 19%] idx=906: ✅REAL max=0.380 (47230ms) ETA=21466s
[2026-04-27 12:56:04]   [74/389 · 19%] idx=932: ✅REAL max=0.466 (56633ms) ETA=21354s
[2026-04-27 12:56:41]   [75/389 · 19%] idx=936: ✅REAL max=0.550 (36675ms) ETA=21160s
[2026-04-27 12:57:24]   [76/389 · 20%] idx=953: ✅REAL max=0.333 (41218ms) ETA=20989s
[2026-04-27 12:58:12]   [77/389 · 20%] idx=957: ✅REAL max=0.800 (47468ms) ETA=20847s
[2026-04-27 13:01:59]   [78/389 · 20%] idx=973: ✅REAL max=0.550 (77510ms) ETA=21417s
[2026-04-27 13:11:29] [Proc 1] 启动，5秒后开始（避免并发冲突）
[2026-04-27 13:11:34] [数据] 从缓存加载: X_tr=/home/fandy/workplace/thesis/results/soft_labels/kuhar_X_tr.npy
[2026-04-27 13:11:34] [Proc 1] 类 1 (Sit): 5496样本, 目标400, 已有89, 需生成311
[2026-04-27 13:12:33]   [1/311 · 0%] idx=988: ✅REAL max=0.650 (58952ms) ETA=18275s
[2026-04-27 13:13:39]   [2/311 · 1%] idx=994: ✅REAL max=0.542 (65148ms) ETA=19329s
[2026-04-27 13:14:25]   [3/311 · 1%] idx=997: ✅REAL max=0.561 (44561ms) ETA=17522s
[2026-04-27 13:15:13]   [4/311 · 1%] idx=1005: ✅REAL max=0.550 (47343ms) ETA=16810s
[2026-04-27 13:15:47]   [5/311 · 2%] idx=1009: ✅REAL max=0.200 (33037ms) ETA=15487s
[2026-04-27 13:16:25]   [6/311 · 2%] idx=1012: ✅REAL max=0.180 (36776ms) ETA=14784s
[2026-04-27 13:17:28]   [7/311 · 2%] idx=1018: ✅REAL max=0.800 (61757ms) ETA=15356s
[2026-04-27 13:18:07]   [8/311 · 3%] idx=1043: ✅REAL max=0.780 (38538ms) ETA=14890s
[2026-04-27 13:18:54]   [9/311 · 3%] idx=1051: ✅REAL max=0.460 (45607ms) ETA=14756s
[2026-04-27 13:19:26]   [10/311 · 3%] idx=1055: ✅REAL max=0.560 (30724ms) ETA=14192s
[2026-04-27 13:22:01]   [11/311 · 4%] idx=1056: ✅REAL max=0.450 (59106ms) ETA=17089s
[2026-04-27 13:23:24]   [12/311 · 4%] idx=1061: ✅REAL max=0.700 (82247ms) ETA=17687s
[2026-04-27 13:24:04]   [13/311 · 4%] idx=1064: ✅REAL max=0.750 (39471ms) ETA=17200s
[2026-04-27 13:25:12]   [14/311 · 5%] idx=1069: ✅REAL max=0.600 (66281ms) ETA=17345s
[2026-04-27 13:26:51]   [15/311 · 5%] idx=1073: ✅REAL max=0.280 (98264ms) ETA=18093s
[2026-04-27 13:27:38]   [16/311 · 5%] idx=1074: ✅REAL max=0.550 (45573ms) ETA=17764s
[2026-04-27 13:28:17]   [17/311 · 5%] idx=1076: ✅REAL max=0.750 (38489ms) ETA=17345s
[2026-04-27 13:32:47]   [18/311 · 6%] idx=1082: ✅REAL max=0.550 (188355ms) ETA=20718s
[2026-04-27 13:34:24]   [19/311 · 6%] idx=1085: ✅REAL max=0.450 (95664ms) ETA=21046s
[2026-04-27 13:35:22]   [20/311 · 6%] idx=1088: ✅REAL max=0.550 (57326ms) ETA=20774s
[2026-04-27 13:35:22]   💾 [20/311] 进度已保存
[2026-04-27 13:36:37]   [21/311 · 7%] idx=1104: ✅REAL max=0.700 (74352ms) ETA=20758s
[2026-04-27 13:37:31]   [22/311 · 7%] idx=1107: ✅REAL max=0.620 (52275ms) ETA=20446s
[2026-04-27 13:38:36]   [23/311 · 7%] idx=1142: ✅REAL max=0.545 (64739ms) ETA=20312s
[2026-04-27 13:40:05]   [24/311 · 8%] idx=1159: ✅REAL max=0.300 (87611ms) ETA=20458s
[2026-04-27 13:41:03]   [25/311 · 8%] idx=1163: ✅REAL max=0.680 (56701ms) ETA=20232s
[2026-04-27 13:43:56]   [26/311 · 8%] idx=1167: ✅REAL max=0.490 (91008ms) ETA=21290s
[2026-04-27 13:45:36]   [27/311 · 9%] idx=1168: ✅REAL max=0.350 (98603ms) ETA=21478s
[2026-04-27 13:46:17]   [28/311 · 9%] idx=1177: ✅REAL max=0.650 (39950ms) ETA=21052s
[2026-04-27 13:47:01]   [29/311 · 9%] idx=1183: ✅REAL max=0.350 (42771ms) ETA=20680s
[2026-04-27 13:47:47]   [30/311 · 10%] idx=1200: ✅REAL max=0.800 (45304ms) ETA=20353s
[2026-04-27 13:48:41]   [31/311 · 10%] idx=1209: ✅REAL max=0.495 (52531ms) ETA=20110s
[2026-04-27 13:52:13]   [32/311 · 10%] idx=1211: ✅REAL max=0.400 (211396ms) ETA=21264s
[2026-04-27 13:53:31]   [33/311 · 11%] idx=1212: ✅REAL max=0.690 (76570ms) ETA=21199s
[2026-04-27 13:54:37]   [34/311 · 11%] idx=1276: ✅REAL max=0.450 (65188ms) ETA=21041s
[2026-04-27 13:55:38]   [35/311 · 11%] idx=1294: ✅REAL max=0.500 (60219ms) ETA=20849s
[2026-04-27 13:56:12]   [36/311 · 12%] idx=1299: ✅REAL max=0.720 (33470ms) ETA=20459s
[2026-04-27 13:57:13]   [37/311 · 12%] idx=1310: ✅REAL max=0.550 (59071ms) ETA=20279s
[2026-04-27 13:57:59]   [38/311 · 12%] idx=1331: ✅REAL max=0.718 (45804ms) ETA=20010s
[2026-04-27 13:58:48]   [39/311 · 13%] idx=1332: ✅REAL max=0.200 (47963ms) ETA=19767s
[2026-04-27 14:00:40]   [40/311 · 13%] idx=1336: ✅REAL max=0.530 (110637ms) ETA=19958s
[2026-04-27 14:00:40]   💾 [40/311] 进度已保存
[2026-04-27 14:01:39]   [41/311 · 13%] idx=1338: ✅REAL max=0.500 (58174ms) ETA=19789s
[2026-04-27 14:02:28]   [42/311 · 14%] idx=1343: ✅REAL max=0.600 (47628ms) ETA=19558s
[2026-04-27 14:04:37]   [43/311 · 14%] idx=1355: ✅REAL max=0.450 (40509ms) ETA=19840s
[2026-04-27 14:05:56]   [44/311 · 14%] idx=1361: ✅REAL max=0.400 (77329ms) ETA=19792s
[2026-04-27 14:06:50]   [45/311 · 14%] idx=1380: ✅REAL max=0.280 (53433ms) ETA=19601s
[2026-04-27 14:07:37]   [46/311 · 15%] idx=1391: ✅REAL max=0.500 (46020ms) ETA=19374s
[2026-04-27 14:08:27]   [47/311 · 15%] idx=1407: ✅REAL max=0.527 (48669ms) ETA=19169s
[2026-04-27 14:09:29]   [48/311 · 15%] idx=1413: ✅REAL max=0.650 (61573ms) ETA=19042s
[2026-04-27 14:10:54]   [49/311 · 16%] idx=1422: ✅REAL max=0.350 (83438ms) ETA=19034s
[2026-04-27 14:13:50]   [50/311 · 16%] idx=1434: ✅REAL max=0.780 (175218ms) ETA=19502s
[2026-04-27 14:14:48]   [51/311 · 16%] idx=1450: ✅REAL max=0.600 (57005ms) ETA=19342s
[2026-04-27 14:15:59]   [52/311 · 17%] idx=1453: ✅REAL max=0.288 (69915ms) ETA=19250s
[2026-04-27 14:16:57]   [53/311 · 17%] idx=1497: ✅REAL max=0.300 (56473ms) ETA=19094s
[2026-04-27 14:17:51]   [54/311 · 17%] idx=1498: ✅REAL max=0.700 (53608ms) ETA=18927s
[2026-04-27 14:18:40]   [55/311 · 18%] idx=1501: ✅REAL max=0.800 (47540ms) ETA=18737s
[2026-04-27 14:19:32]   [56/311 · 18%] idx=1530: ✅REAL max=0.600 (51154ms) ETA=18568s
[2026-04-27 14:21:02]   [57/311 · 18%] idx=1532: ✅REAL max=0.380 (89170ms) ETA=18573s
[2026-04-27 14:21:58]   [58/311 · 19%] idx=1536: ✅REAL max=0.530 (55339ms) ETA=18426s
[2026-04-27 14:22:40]   [59/311 · 19%] idx=1542: ✅REAL max=0.700 (40483ms) ETA=18220s
[2026-04-27 14:23:52]   [60/311 · 19%] idx=1547: ✅REAL max=0.432 (71548ms) ETA=18148s
[2026-04-27 14:23:52]   💾 [60/311] 进度已保存
[2026-04-27 14:25:26]   [61/311 · 20%] idx=1560: ✅REAL max=0.418 (92647ms) ETA=18163s
[2026-04-27 14:26:39]   [62/311 · 20%] idx=1575: ✅REAL max=0.600 (71781ms) ETA=18091s
[2026-04-27 14:27:36]   [63/311 · 20%] idx=1599: ✅REAL max=0.650 (56131ms) ETA=17958s
[2026-04-27 14:30:39]   [64/311 · 21%] idx=1612: ✅REAL max=0.400 (59082ms) ETA=18311s
[2026-04-27 14:31:48]   [65/311 · 21%] idx=1613: ✅REAL max=0.350 (68139ms) ETA=18218s
[2026-04-27 14:32:47]   [66/311 · 21%] idx=1617: ✅REAL max=0.610 (58204ms) ETA=18089s
[2026-04-27 14:34:29]   [67/311 · 22%] idx=1618: ✅REAL max=0.550 (100547ms) ETA=18116s
[2026-04-27 14:35:30]   [68/311 · 22%] idx=1634: ✅REAL max=0.395 (60041ms) ETA=17995s
[2026-04-27 14:36:47]   [69/311 · 22%] idx=1648: ✅REAL max=0.500 (76113ms) ETA=17932s
[2026-04-27 14:37:43]   [70/311 · 23%] idx=1654: ✅REAL max=0.550 (55465ms) ETA=17797s
[2026-04-27 14:38:46]   [71/311 · 23%] idx=1669: ✅REAL max=0.670 (61421ms) ETA=17684s
[2026-04-27 14:39:39]   [72/311 · 23%] idx=1675: ✅REAL max=0.400 (52197ms) ETA=17543s
[2026-04-27 14:40:38]   [73/311 · 23%] idx=1682: ✅REAL max=0.440 (57664ms) ETA=17421s
[2026-04-27 14:41:40]   [74/311 · 24%] idx=1698: ✅REAL max=0.500 (60867ms) ETA=17312s
[2026-04-27 14:42:52]   [75/311 · 24%] idx=1708: ✅REAL max=0.350 (71835ms) ETA=17238s
[2026-04-27 14:43:37]   [76/311 · 24%] idx=1715: ✅REAL max=0.500 (44108ms) ETA=17079s
[2026-04-27 14:44:22]   [77/311 · 25%] idx=1734: ✅REAL max=0.400 (43791ms) ETA=16921s
[2026-04-27 14:45:09]   [78/311 · 25%] idx=1739: ✅REAL max=0.530 (46096ms) ETA=16774s
[2026-04-27 14:50:45]   [79/311 · 25%] idx=1780: ✅REAL max=0.550 (334601ms) ETA=17476s
[2026-04-27 14:51:23]   [80/311 · 26%] idx=1823: ✅REAL max=0.470 (37474ms) ETA=17294s
[2026-04-27 14:51:23]   💾 [80/311] 进度已保存
[2026-04-27 14:52:36]   [81/311 · 26%] idx=1825: ✅REAL max=0.450 (71867ms) ETA=17214s
[2026-04-27 14:53:32]   [82/311 · 26%] idx=1837: ✅REAL max=0.580 (54932ms) ETA=17086s
[2026-04-27 14:54:59]   [83/311 · 27%] idx=1842: ✅REAL max=0.300 (85837ms) ETA=17045s
[2026-04-27 14:55:46]   [84/311 · 27%] idx=1868: ✅REAL max=0.450 (46172ms) ETA=16896s
[2026-04-27 14:58:24]   [85/311 · 27%] idx=1873: ✅REAL max=0.580 (88972ms) ETA=17042s
[2026-04-27 14:59:03]   [86/311 · 28%] idx=1884: ✅REAL max=0.570 (38530ms) ETA=16873s
[2026-04-27 15:00:08]   [87/311 · 28%] idx=1903: ✅REAL max=0.450 (63378ms) ETA=16771s
[2026-04-27 15:02:09]   [88/311 · 28%] idx=1919: ✅REAL max=0.400 (120409ms) ETA=16814s
[2026-04-27 15:03:01]   [89/311 · 29%] idx=1936: ✅REAL max=0.570 (50728ms) ETA=16679s
[2026-04-27 15:03:58]   [90/311 · 29%] idx=1944: ✅REAL max=0.500 (56554ms) ETA=16561s
[2026-04-27 15:05:05]   [91/311 · 29%] idx=1947: ✅REAL max=0.550 (65582ms) ETA=16466s
[2026-04-27 15:08:40]   [92/311 · 30%] idx=1951: ✅REAL max=0.340 (213693ms) ETA=16724s
[2026-04-27 15:09:48]   [93/311 · 30%] idx=1962: ✅REAL max=0.550 (66865ms) ETA=16628s
[2026-04-27 15:12:03]   [94/311 · 30%] idx=1970: ✅REAL max=0.650 (61023ms) ETA=16687s
[2026-04-27 15:12:38]   [95/311 · 31%] idx=1974: ✅REAL max=0.700 (34355ms) ETA=16516s
[2026-04-27 15:13:39]   [96/311 · 31%] idx=1976: ✅REAL max=0.850 (60002ms) ETA=16405s
[2026-04-27 15:14:50]   [97/311 · 31%] idx=1982: ✅REAL max=0.384 (69663ms) ETA=16316s
[2026-04-27 15:15:50]   [98/311 · 32%] idx=1996: ✅REAL max=0.350 (58774ms) ETA=16204s
[2026-04-27 15:16:49]   [99/311 · 32%] idx=2024: ✅REAL max=0.606 (58471ms) ETA=16093s
[2026-04-27 15:18:04]   [100/311 · 32%] idx=2039: ✅REAL max=0.550 (74195ms) ETA=16015s
[2026-04-27 15:18:04]   💾 [100/311] 进度已保存
[2026-04-27 15:19:37]   [101/311 · 32%] idx=2054: ✅REAL max=0.320 (91821ms) ETA=15974s
[2026-04-27 15:20:21]   [102/311 · 33%] idx=2058: ✅REAL max=0.889 (42535ms) ETA=15832s
[2026-04-27 15:20:56]   [103/311 · 33%] idx=2073: ✅REAL max=0.650 (33958ms) ETA=15674s
[2026-04-27 15:21:46]   [104/311 · 33%] idx=2080: ✅REAL max=0.556 (49841ms) ETA=15549s
[2026-04-27 15:22:26]   [105/311 · 34%] idx=2100: ✅REAL max=0.354 (38175ms) ETA=15404s
[2026-04-27 15:26:51]   [106/311 · 34%] idx=2102: ✅REAL max=0.357 (104252ms) ETA=15698s
[2026-04-27 15:27:31]   [107/311 · 34%] idx=2114: ✅REAL max=0.290 (38835ms) ETA=15551s
[2026-04-27 15:28:30]   [108/311 · 35%] idx=2123: ✅REAL max=0.450 (58148ms) ETA=15443s
[2026-04-27 15:30:06]   [109/311 · 35%] idx=2132: ✅REAL max=0.586 (94755ms) ETA=15403s
[2026-04-27 15:31:31]   [110/311 · 35%] idx=2133: ✅REAL max=0.350 (83827ms) ETA=15343s
[2026-04-27 15:33:03]   [111/311 · 36%] idx=2138: ✅REAL max=0.450 (91872ms) ETA=15296s
[2026-04-27 15:34:36]   [112/311 · 36%] idx=2150: ✅REAL max=0.600 (91347ms) ETA=15248s
[2026-04-27 15:35:32]   [113/311 · 36%] idx=2152: ✅REAL max=0.720 (54895ms) ETA=15135s
[2026-04-27 15:36:58]   [114/311 · 37%] idx=2160: ✅REAL max=0.400 (85477ms) ETA=15076s
[2026-04-27 15:39:23]   [115/311 · 37%] idx=2164: ✅REAL max=0.550 (61961ms) ETA=15116s
[2026-04-27 15:42:40]   [116/311 · 37%] idx=2171: ✅REAL max=0.450 (195646ms) ETA=15239s
[2026-04-27 15:43:49]   [117/311 · 38%] idx=2172: ✅REAL max=0.415 (68223ms) ETA=15147s
[2026-04-27 15:45:35]   [118/311 · 38%] idx=2192: ✅REAL max=0.337 (105540ms) ETA=15115s
[2026-04-27 15:46:57]   [119/311 · 38%] idx=2213: ✅REAL max=0.700 (80961ms) ETA=15043s
[2026-04-27 15:47:47]   [120/311 · 39%] idx=2224: ✅REAL max=0.420 (48556ms) ETA=14918s
[2026-04-27 15:47:47]   💾 [120/311] 进度已保存
[2026-04-27 15:48:32]   [121/311 · 39%] idx=2238: ✅REAL max=0.370 (43523ms) ETA=14788s
[2026-04-27 15:49:09]   [122/311 · 39%] idx=2246: ✅REAL max=0.310 (36989ms) ETA=14648s
[2026-04-27 15:50:07]   [123/311 · 40%] idx=2253: ✅REAL max=0.550 (56671ms) ETA=14540s
[2026-04-27 15:51:20]   [124/311 · 40%] idx=2257: ✅REAL max=0.450 (71724ms) ETA=14456s
[2026-04-27 15:52:18]   [125/311 · 40%] idx=2259: ✅REAL max=0.180 (56770ms) ETA=14350s
[2026-04-27 15:53:24]   [126/311 · 41%] idx=2280: ✅REAL max=0.720 (65405ms) ETA=14257s
[2026-04-27 15:54:32]   [127/311 · 41%] idx=2282: ✅REAL max=0.641 (67376ms) ETA=14167s
[2026-04-27 15:55:56]   [128/311 · 41%] idx=2303: ✅REAL max=0.490 (82220ms) ETA=14099s
[2026-04-27 15:56:38]   [129/311 · 41%] idx=2349: ✅REAL max=0.556 (41306ms) ETA=13973s
[2026-04-27 15:57:47]   [130/311 · 42%] idx=2376: ✅REAL max=0.511 (68439ms) ETA=13886s
[2026-04-27 15:58:33]   [131/311 · 42%] idx=2395: ✅REAL max=0.550 (44673ms) ETA=13767s
[2026-04-27 15:59:31]   [132/311 · 42%] idx=2427: ✅REAL max=0.320 (56519ms) ETA=13664s
[2026-04-27 16:00:47]   [133/311 · 43%] idx=2433: ✅REAL max=0.380 (75354ms) ETA=13588s
[2026-04-27 16:01:45]   [134/311 · 43%] idx=2440: ✅REAL max=0.490 (56587ms) ETA=13487s
[2026-04-27 16:02:36]   [135/311 · 43%] idx=2453: ✅REAL max=0.470 (50275ms) ETA=13378s
[2026-04-27 16:03:45]   [136/311 · 44%] idx=2460: ✅REAL max=0.680 (67616ms) ETA=13293s
[2026-04-27 16:05:38]   [137/311 · 44%] idx=2464: ✅REAL max=0.780 (112112ms) ETA=13264s
[2026-04-27 16:09:22]   [138/311 · 44%] idx=2469: ✅REAL max=0.590 (222922ms) ETA=13373s
[2026-04-27 16:12:15]   [139/311 · 45%] idx=2474: ✅REAL max=0.550 (172484ms) ETA=13415s
[2026-04-27 16:13:19]   [140/311 · 45%] idx=2491: ✅REAL max=0.650 (62506ms) ETA=13319s
[2026-04-27 16:13:19]   💾 [140/311] 进度已保存
[2026-04-27 16:14:37]   [141/311 · 45%] idx=2495: ✅REAL max=0.350 (76958ms) ETA=13241s
[2026-04-27 16:15:42]   [142/311 · 46%] idx=2502: ✅REAL max=0.586 (64518ms) ETA=13149s
[2026-04-27 16:16:35]   [143/311 · 46%] idx=2545: ✅REAL max=0.570 (51644ms) ETA=13041s
[2026-04-27 16:17:27]   [144/311 · 46%] idx=2553: ✅REAL max=0.900 (51530ms) ETA=12934s
[2026-04-27 16:18:37]   [145/311 · 47%] idx=2571: ✅REAL max=0.590 (69123ms) ETA=12849s
[2026-04-27 16:19:40]   [146/311 · 47%] idx=2576: ✅REAL max=0.350 (62118ms) ETA=12755s
[2026-04-27 16:20:20]   [147/311 · 47%] idx=2580: ✅REAL max=0.290 (38789ms) ETA=12636s
[2026-04-27 16:21:02]   [148/311 · 48%] idx=2614: ✅REAL max=0.410 (40750ms) ETA=12520s
[2026-04-27 16:22:29]   [149/311 · 48%] idx=2620: ✅REAL max=0.465 (86137ms) ETA=12454s
[2026-04-27 16:23:45]   [150/311 · 48%] idx=2647: ✅REAL max=0.704 (74773ms) ETA=12376s
[2026-04-27 16:24:39]   [151/311 · 49%] idx=2669: ✅REAL max=0.270 (52947ms) ETA=12275s
[2026-04-27 16:27:43]   [152/311 · 49%] idx=2673: ✅REAL max=0.550 (182750ms) ETA=12310s
[2026-04-27 16:28:38]   [153/311 · 49%] idx=2678: ✅REAL max=0.450 (54596ms) ETA=12211s
[2026-04-27 16:29:28]   [154/311 · 50%] idx=2685: ✅REAL max=0.450 (48381ms) ETA=12105s
[2026-04-27 16:30:22]   [155/311 · 50%] idx=2688: ✅REAL max=0.450 (53685ms) ETA=12005s
[2026-04-27 16:31:20]   [156/311 · 50%] idx=2693: ✅REAL max=0.400 (56805ms) ETA=11909s
[2026-04-27 16:32:12]   [157/311 · 50%] idx=2705: ✅REAL max=0.306 (50716ms) ETA=11808s
[2026-04-27 16:33:05]   [158/311 · 51%] idx=2709: ✅REAL max=0.600 (52002ms) ETA=11708s
[2026-04-27 16:34:12]   [159/311 · 51%] idx=2713: ✅REAL max=0.340 (60877ms) ETA=11622s
[2026-04-27 16:49:54] [Proc 1] 启动，5秒后开始（避免并发冲突）
[2026-04-27 16:49:59] [数据] 从缓存加载: X_tr=/home/fandy/workplace/thesis/results/soft_labels/kuhar_X_tr.npy
[2026-04-27 16:49:59] [Proc 1] 类 1 (Sit): 5496样本, 目标400, 已有248, 需生成152
[2026-04-27 16:55:24]   [1/152 · 1%] idx=2726: ✅REAL max=0.441 (324946ms) ETA=49067s
[2026-04-27 16:56:37]   [2/152 · 1%] idx=2730: ✅REAL max=0.600 (72608ms) ETA=29892s
[2026-04-27 16:57:21]   [3/152 · 2%] idx=2743: ✅REAL max=0.640 (42476ms) ETA=21955s
[2026-04-27 17:00:10]   [4/152 · 3%] idx=2756: ✅REAL max=0.850 (58604ms) ETA=22610s
[2026-04-27 17:01:19]   [5/152 · 3%] idx=2798: ✅REAL max=0.800 (68252ms) ETA=20002s
[2026-04-27 17:01:58]   [6/152 · 4%] idx=2809: ✅REAL max=0.730 (37337ms) ETA=17488s
[2026-04-27 17:03:40]   [7/152 · 5%] idx=2811: ✅REAL max=0.475 (101723ms) ETA=17015s
[2026-04-27 17:05:18]   [8/152 · 5%] idx=2822: ✅REAL max=0.550 (96666ms) ETA=16543s
[2026-04-27 17:06:13]   [9/152 · 6%] idx=2825: ✅REAL max=0.353 (53769ms) ETA=15473s
[2026-04-27 17:07:00]   [10/152 · 7%] idx=2834: ✅REAL max=0.390 (46076ms) ETA=14497s
[2026-04-27 17:07:45]   [11/152 · 7%] idx=2835: ✅REAL max=0.190 (44053ms) ETA=13664s
[2026-04-27 19:02:09] [Proc 1] 启动，5秒后开始（避免并发冲突）
[2026-04-27 19:02:21] [Proc 1] 启动，5秒后开始（避免并发冲突）
[2026-04-27 19:02:26] [数据] 从缓存加载: X_tr=/home/fandy/workplace/thesis/results/soft_labels/kuhar_X_tr.npy
[2026-04-27 19:02:26] [Proc 1] 类 1 (Sit): 5496样本, 目标400, 已有259, 需生成141
[2026-04-27 19:02:45] [Proc 1] 启动，5秒后开始（避免并发冲突）
[2026-04-27 19:02:50] [数据] 从缓存加载: X_tr=/home/fandy/workplace/thesis/results/soft_labels/kuhar_X_tr.npy
[2026-04-27 19:02:50] [Proc 1] 类 1 (Sit): 5496样本, 目标400, 已有259, 需生成141
[2026-04-27 20:48:15] [Proc 1] 启动，5秒后开始（避免并发冲突）
[2026-04-27 20:48:20] [数据] 从缓存加载: X_tr=/home/fandy/workplace/thesis/results/soft_labels/kuhar_X_tr.npy
[2026-04-27 20:48:20] [Proc 1] 类 1 (Sit): 5496样本, 目标400, 已有259, 需生成141
[2026-04-27 20:48:50] [Proc 1] 启动，5秒后开始（避免并发冲突）
[2026-04-27 20:48:55] [数据] 从缓存加载: X_tr=/home/fandy/workplace/thesis/results/soft_labels/kuhar_X_tr.npy
[2026-04-27 20:48:55] [Proc 1] 类 1 (Sit): 5496样本, 目标400, 已有259, 需生成141
[2026-04-27 20:49:28]   [1/141 · 1%] idx=2849: ✅REAL max=0.520 (68156ms) ETA=9550s
[2026-04-27 20:49:36] [Proc 1] 启动，5秒后开始（避免并发冲突）
[2026-04-27 20:49:41] [数据] 从缓存加载: X_tr=/home/fandy/workplace/thesis/results/soft_labels/kuhar_X_tr.npy
[2026-04-27 20:50:35]   [2/141 · 1%] idx=2859: ✅REAL max=0.460 (64898ms) ETA=9345s
[2026-04-27 20:50:35] [Proc 1] 类 1 (Sit): 5496样本, 目标400, 已有260, 需生成140
[2026-04-27 20:51:24] [Proc 1] 启动，5秒后开始（避免并发冲突）
[2026-04-27 20:51:29] [数据] 从缓存加载: X_tr=/home/fandy/workplace/thesis/results/soft_labels/kuhar_X_tr.npy
[2026-04-27 20:51:29] Traceback (most recent call last):
[2026-04-27 20:51:29]   File "/home/fandy/workplace/thesis/scripts/gen_kuhar_parallel.py", line 492, in <module>
[2026-04-27 20:51:29]     run_process(pid, log_path=log_path)
[2026-04-27 20:51:29]   File "/home/fandy/workplace/thesis/scripts/gen_kuhar_parallel.py", line 230, in run_process
[2026-04-27 20:51:29]     y_soft = np.load(out_file) if os.path.exists(out_file) else np.zeros((n_samples, n_cls), dtype=np.float32)
[2026-04-27 20:51:29]              ^^^^^^^^^^^^^^^^^
[2026-04-27 20:51:29]   File "/home/fandy/.local/lib/python3.12/site-packages/numpy/lib/_npyio_impl.py", line 483, in load
[2026-04-27 20:51:29]     return format.read_array(fid, allow_pickle=allow_pickle,
[2026-04-27 20:51:29]            ^^^^^^^^^^^^^^^^^^^^^^^^^^^^^^^^^^^^^^^^^^^^^^^^^
[2026-04-27 20:51:29]   File "/home/fandy/.local/lib/python3.12/site-packages/numpy/lib/_format_impl.py", line 874, in read_array
[2026-04-27 20:51:29]     raise ValueError(
[2026-04-27 20:51:29] ValueError: Failed to read all data for array. Expected (61210, 18) = 1101780 elements, could only read 415712 elements. (file seems not fully written?)
[2026-04-28 00:04:59] [Proc 1] 启动，5秒后开始（避免并发冲突）
[2026-04-28 00:05:04] [数据] 从缓存加载: X_tr=/home/fandy/workplace/thesis/results/soft_labels/kuhar_X_tr.npy
[2026-04-28 00:05:04] Traceback (most recent call last):
[2026-04-28 00:05:04]   File "/home/fandy/workplace/thesis/scripts/gen_kuhar_parallel.py", line 492, in <module>
[2026-04-28 00:05:04]     run_process(pid, log_path=log_path)
[2026-04-28 00:05:04]   File "/home/fandy/workplace/thesis/scripts/gen_kuhar_parallel.py", line 230, in run_process
[2026-04-28 00:05:04]     y_soft = np.load(out_file) if os.path.exists(out_file) else np.zeros((n_samples, n_cls), dtype=np.float32)
[2026-04-28 00:05:04]              ^^^^^^^^^^^^^^^^^
[2026-04-28 00:05:04]   File "/home/fandy/.local/lib/python3.12/site-packages/numpy/lib/_npyio_impl.py", line 483, in load
[2026-04-28 00:05:04]     return format.read_array(fid, allow_pickle=allow_pickle,
[2026-04-28 00:05:04]            ^^^^^^^^^^^^^^^^^^^^^^^^^^^^^^^^^^^^^^^^^^^^^^^^^
[2026-04-28 00:05:04]   File "/home/fandy/.local/lib/python3.12/site-packages/numpy/lib/_format_impl.py", line 874, in read_array
[2026-04-28 00:05:04]     raise ValueError(
[2026-04-28 00:05:04] ValueError: Failed to read all data for array. Expected (61210, 18) = 1101780 elements, could only read 415712 elements. (file seems not fully written?)
[2026-04-28 00:13:00] [Proc 1] 启动，5秒后开始（避免并发冲突）
[2026-04-28 00:13:05] [数据] 从缓存加载: X_tr=/home/fandy/workplace/thesis/results/soft_labels/kuhar_X_tr.npy
[2026-04-28 00:13:05] Traceback (most recent call last):
[2026-04-28 00:13:05]   File "/home/fandy/workplace/thesis/scripts/gen_kuhar_parallel.py", line 492, in <module>
[2026-04-28 00:13:05]     run_process(pid, log_path=log_path)
[2026-04-28 00:13:05]   File "/home/fandy/workplace/thesis/scripts/gen_kuhar_parallel.py", line 230, in run_process
[2026-04-28 00:13:05]     y_soft = np.load(out_file) if os.path.exists(out_file) else np.zeros((n_samples, n_cls), dtype=np.float32)
[2026-04-28 00:13:05]              ^^^^^^^^^^^^^^^^^
[2026-04-28 00:13:05]   File "/home/fandy/.local/lib/python3.12/site-packages/numpy/lib/_npyio_impl.py", line 483, in load
[2026-04-28 00:13:05]     return format.read_array(fid, allow_pickle=allow_pickle,
[2026-04-28 00:13:05]            ^^^^^^^^^^^^^^^^^^^^^^^^^^^^^^^^^^^^^^^^^^^^^^^^^
[2026-04-28 00:13:05]   File "/home/fandy/.local/lib/python3.12/site-packages/numpy/lib/_format_impl.py", line 874, in read_array
[2026-04-28 00:13:05]     raise ValueError(
[2026-04-28 00:13:05] ValueError: Failed to read all data for array. Expected (61210, 18) = 1101780 elements, could only read 415712 elements. (file seems not fully written?)
[2026-04-28 00:23:39] [Proc 1] 启动，5秒后开始（避免并发冲突）
[2026-04-28 00:23:44] [数据] 从缓存加载: X_tr=/home/fandy/workplace/thesis/results/soft_labels/kuhar_X_tr.npy
[2026-04-28 00:23:44] [Proc 1] 警告: 软标签文件损坏，从头开始 (Failed to read all data for array. Expected (61210, 18) = 1101780 elements, could only read 415712 elements. (file seems not fully written?))
[2026-04-28 00:23:44] [Proc 1] 类 1 (Sit): 5496样本, 目标400, 已有0, 需生成400
[2026-04-28 00:24:53]   [1/400 · 0%] idx=2859: ✅REAL max=0.354 (68818ms) ETA=27458s
[2026-04-28 00:25:39]   [2/400 · 0%] idx=2870: ✅REAL max=0.550 (45052ms) ETA=22860s
[2026-04-28 00:26:36]   [3/400 · 1%] idx=2882: ✅REAL max=0.610 (55714ms) ETA=22708s
[2026-04-28 00:27:10]   [4/400 · 1%] idx=2889: ✅REAL max=0.440 (33177ms) ETA=20372s
[2026-04-28 00:28:03]   [5/400 · 1%] idx=2929: ✅REAL max=0.450 (51531ms) ETA=20407s
[2026-04-28 00:28:36]   [6/400 · 2%] idx=2931: ✅REAL max=0.601 (32397ms) ETA=19156s
[2026-04-28 00:29:17]   [7/400 · 2%] idx=2959: ✅REAL max=0.200 (39356ms) ETA=18644s
[2026-04-28 00:29:59]   [8/400 · 2%] idx=2973: ✅REAL max=0.550 (41881ms) ETA=18373s
[2026-04-28 00:30:40]   [9/400 · 2%] idx=2988: ✅REAL max=0.450 (39351ms) ETA=18043s
[2026-04-28 00:31:31]   [10/400 · 2%] idx=2989: ✅REAL max=0.920 (50418ms) ETA=18203s
[2026-04-28 00:32:07]   [11/400 · 3%] idx=2991: ✅REAL max=0.250 (34494ms) ETA=17761s
[2026-04-28 00:33:09]   [12/400 · 3%] idx=2996: ✅REAL max=0.800 (61483ms) ETA=18260s
[2026-04-28 00:33:48]   [13/400 · 3%] idx=2997: ✅REAL max=0.235 (37710ms) ETA=17964s
[2026-04-28 00:34:53]   [14/400 · 4%] idx=3000: ✅REAL max=0.550 (63578ms) ETA=18419s
[2026-04-28 00:35:53]   [15/400 · 4%] idx=3003: ✅REAL max=0.450 (59324ms) ETA=18695s
[2026-04-28 00:36:50]   [16/400 · 4%] idx=3008: ✅REAL max=0.350 (55976ms) ETA=18848s
[2026-04-28 00:37:26]   [17/400 · 4%] idx=3019: ✅REAL max=0.730 (35127ms) ETA=18507s
[2026-04-28 00:38:05]   [18/400 · 4%] idx=3022: ✅REAL max=0.550 (38540ms) ETA=18273s
[2026-04-28 00:39:04]   [19/400 · 5%] idx=3025: ✅REAL max=0.420 (57609ms) ETA=18441s
[2026-04-28 00:39:35]   [20/400 · 5%] idx=3033: ✅REAL max=0.300 (29478ms) ETA=18052s
[2026-04-28 00:39:35]   💾 [20/400] 进度已保存
[2026-04-28 00:40:09]   [21/400 · 5%] idx=3039: ✅REAL max=0.290 (33558ms) ETA=17771s
[2026-04-28 00:42:29]   [22/400 · 6%] idx=3079: ✅REAL max=0.256 (54659ms) ETA=19321s
[2026-04-28 00:43:36]   [23/400 · 6%] idx=3092: ✅REAL max=0.650 (65606ms) ETA=19524s
[2026-04-28 00:45:04]   [24/400 · 6%] idx=3109: ✅REAL max=0.540 (87518ms) ETA=20048s
[2026-04-28 00:47:26]   [25/400 · 6%] idx=3135: ✅REAL max=0.450 (60483ms) ETA=21320s
[2026-04-28 00:48:42]   [26/400 · 6%] idx=3139: ✅REAL max=0.300 (74966ms) ETA=21538s
[2026-04-28 00:49:35]   [27/400 · 7%] idx=3148: ✅REAL max=0.365 (51800ms) ETA=21414s
[2026-04-28 00:50:41]   [28/400 · 7%] idx=3152: ✅REAL max=0.450 (65055ms) ETA=21472s
[2026-04-28 00:51:12]   [29/400 · 7%] idx=3175: ✅REAL max=0.400 (30033ms) ETA=21073s
[2026-04-28 00:51:48]   [30/400 · 8%] idx=3226: ✅REAL max=0.780 (34941ms) ETA=20759s
[2026-04-28 00:52:17]   [31/400 · 8%] idx=3240: ✅REAL max=0.450 (28641ms) ETA=20388s
[2026-04-28 00:52:45]   [32/400 · 8%] idx=3256: ✅REAL max=0.600 (27210ms) ETA=20022s
[2026-04-28 00:53:32]   [33/400 · 8%] idx=3258: ✅REAL max=0.260 (45744ms) ETA=19882s
[2026-04-28 00:54:04]   [34/400 · 8%] idx=3268: ✅REAL max=0.400 (30980ms) ETA=19589s
[2026-04-28 00:55:16]   [35/400 · 9%] idx=3292: ✅REAL max=0.440 (70655ms) ETA=19725s
[2026-04-28 00:56:07]   [36/400 · 9%] idx=3299: ✅REAL max=0.600 (49908ms) ETA=19639s
[2026-04-28 00:56:30]   [37/400 · 9%] idx=3304: ✅REAL max=0.556 (22167ms) ETA=19283s
[2026-04-28 00:57:16]   [38/400 · 10%] idx=3347: ✅REAL max=0.250 (45187ms) ETA=19164s
[2026-04-28 00:58:04]   [39/400 · 10%] idx=3368: ✅REAL max=0.380 (46440ms) ETA=19060s
[2026-04-28 00:58:54]   [40/400 · 10%] idx=3369: ✅REAL max=0.550 (48935ms) ETA=18982s
[2026-04-28 00:58:54]   💾 [40/400] 进度已保存
[2026-04-28 00:59:36]   [41/400 · 10%] idx=3375: ✅REAL max=0.489 (41923ms) ETA=18843s
[2026-04-28 01:00:36]   [42/400 · 10%] idx=3377: ✅REAL max=0.560 (58456ms) ETA=18850s
[2026-04-28 01:02:48]   [43/400 · 11%] idx=3407: ✅REAL max=0.452 (32921ms) ETA=19456s
[2026-04-28 01:03:12]   [44/400 · 11%] idx=3412: ✅REAL max=0.860 (22920ms) ETA=19154s
[2026-04-28 01:04:13]   [45/400 · 11%] idx=3423: ✅REAL max=0.400 (60065ms) ETA=19158s
[2026-04-28 01:05:00]   [46/400 · 12%] idx=3436: ✅REAL max=0.346 (46340ms) ETA=19053s
[2026-04-28 01:05:47]   [47/400 · 12%] idx=3440: ✅REAL max=0.534 (45934ms) ETA=18947s
[2026-04-28 01:06:31]   [48/400 · 12%] idx=3452: ✅REAL max=0.701 (42980ms) ETA=18822s
[2026-04-28 01:07:45]   [49/400 · 12%] idx=3453: ✅REAL max=0.390 (73182ms) ETA=18917s
[2026-04-28 01:08:21]   [50/400 · 12%] idx=3459: ✅REAL max=0.440 (34553ms) ETA=18735s
[2026-04-28 01:09:13]   [51/400 · 13%] idx=3464: ✅REAL max=0.788 (51422ms) ETA=18674s
[2026-04-28 01:09:50]   [52/400 · 13%] idx=3469: ✅REAL max=0.550 (35156ms) ETA=18504s
[2026-04-28 01:10:50]   [53/400 · 13%] idx=3470: ✅REAL max=0.550 (59544ms) ETA=18500s
[2026-04-28 01:11:34]   [54/400 · 14%] idx=3474: ✅REAL max=0.450 (42897ms) ETA=18386s
[2026-04-28 01:12:29]   [55/400 · 14%] idx=3476: ✅REAL max=0.500 (53556ms) ETA=18342s
[2026-04-28 01:13:39]   [56/400 · 14%] idx=3479: ✅REAL max=0.485 (69440ms) ETA=18395s
[2026-04-28 01:16:46]   [57/400 · 14%] idx=3484: ✅REAL max=0.450 (104564ms) ETA=19146s
[2026-04-28 01:18:26]   [58/400 · 14%] idx=3514: ✅REAL max=0.380 (98786ms) ETA=19349s
[2026-04-28 01:21:30]   [59/400 · 15%] idx=3517: ✅REAL max=0.417 (78055ms) ETA=20029s
[2026-04-28 01:23:56]   [60/400 · 15%] idx=3527: ✅REAL max=0.270 (25835ms) ETA=20464s
[2026-04-28 01:23:56]   💾 [60/400] 进度已保存
[2026-04-28 01:24:44]   [61/400 · 15%] idx=3545: ✅REAL max=0.300 (47502ms) ETA=20339s
[2026-04-28 01:25:42]   [62/400 · 16%] idx=3556: ✅REAL max=0.330 (56951ms) ETA=20268s
[2026-04-28 01:26:55]   [63/400 · 16%] idx=3558: ✅REAL max=0.480 (72074ms) ETA=20278s
[2026-04-28 01:27:58]   [64/400 · 16%] idx=3577: ✅REAL max=0.874 (61244ms) ETA=20229s
[2026-04-28 01:28:35]   [65/400 · 16%] idx=3579: ✅REAL max=0.820 (36475ms) ETA=20052s
[2026-04-28 01:29:17]   [66/400 · 16%] idx=3597: ✅REAL max=0.550 (41248ms) ETA=19903s
[2026-04-28 01:29:50]   [67/400 · 17%] idx=3627: ✅REAL max=0.450 (31365ms) ETA=19708s
[2026-04-28 01:30:36]   [68/400 · 17%] idx=3663: ✅REAL max=0.580 (45032ms) ETA=19584s
[2026-04-28 01:31:56]   [69/400 · 17%] idx=3665: ✅REAL max=0.680 (79264ms) ETA=19628s
[2026-04-28 01:34:11]   [70/400 · 18%] idx=3668: ✅REAL max=0.750 (82974ms) ETA=19925s
[2026-04-28 01:34:50]   [71/400 · 18%] idx=3683: ✅REAL max=0.450 (37551ms) ETA=19764s
[2026-04-28 01:35:32]   [72/400 · 18%] idx=3689: ✅REAL max=0.535 (41133ms) ETA=19622s
[2026-04-28 01:36:11]   [73/400 · 18%] idx=3695: ✅REAL max=0.450 (38679ms) ETA=19472s
[2026-04-28 01:38:55]   [74/400 · 18%] idx=3706: ✅REAL max=0.150 (80738ms) ETA=19872s
[2026-04-28 01:39:54]   [75/400 · 19%] idx=3713: ✅REAL max=0.646 (57505ms) ETA=19800s
[2026-04-28 01:40:29]   [76/400 · 19%] idx=3720: ✅REAL max=0.694 (33915ms) ETA=19628s
[2026-04-28 01:41:34]   [77/400 · 19%] idx=3744: ✅REAL max=0.700 (64766ms) ETA=19590s
[2026-04-28 01:43:24]   [78/400 · 20%] idx=3752: ✅REAL max=0.330 (108503ms) ETA=19731s
[2026-04-28 01:46:07]   [79/400 · 20%] idx=3756: ✅REAL max=0.330 (161777ms) ETA=20082s
[2026-04-28 01:46:44]   [80/400 · 20%] idx=3768: ✅REAL max=0.550 (36479ms) ETA=19919s
[2026-04-28 01:46:44]   💾 [80/400] 进度已保存
[2026-04-28 01:47:32]   [81/400 · 20%] idx=3772: ✅REAL max=0.680 (47057ms) ETA=19801s
[2026-04-28 01:48:45]   [82/400 · 20%] idx=3779: ✅REAL max=0.300 (71895ms) ETA=19781s
[2026-04-28 01:49:23]   [83/400 · 21%] idx=3785: ✅REAL max=0.300 (36498ms) ETA=19624s
[2026-04-28 01:50:28]   [84/400 · 21%] idx=3791: ✅REAL max=0.400 (64634ms) ETA=19576s
[2026-04-28 01:52:33]   [85/400 · 21%] idx=3814: ✅REAL max=0.650 (38418ms) ETA=19746s
[2026-04-28 01:53:12]   [86/400 · 22%] idx=3829: ✅REAL max=0.351 (38617ms) ETA=19599s
[2026-04-28 01:55:24]   [87/400 · 22%] idx=3839: ✅REAL max=0.850 (43498ms) ETA=19786s
[2026-04-28 01:56:15]   [88/400 · 22%] idx=3843: ✅REAL max=0.370 (50212ms) ETA=19681s
[2026-04-28 01:56:50]   [89/400 · 22%] idx=3866: ✅REAL max=0.641 (33248ms) ETA=19517s
[2026-04-28 01:57:46]   [90/400 · 22%] idx=3886: ✅REAL max=0.461 (55320ms) ETA=19432s
[2026-04-28 01:58:29]   [91/400 · 23%] idx=3897: ✅REAL max=0.500 (42080ms) ETA=19303s
[2026-04-28 02:01:13]   [92/400 · 23%] idx=3899: ✅REAL max=0.350 (77232ms) ETA=19578s
[2026-04-28 02:01:52]   [93/400 · 23%] idx=3901: ✅REAL max=0.360 (38347ms) ETA=19435s
[2026-04-28 02:02:28]   [94/400 · 24%] idx=3908: ✅REAL max=0.250 (35385ms) ETA=19284s
[2026-04-28 02:03:09]   [95/400 · 24%] idx=3931: ✅REAL max=0.300 (39773ms) ETA=19149s
[2026-04-28 02:04:13]   [96/400 · 24%] idx=3938: ✅REAL max=0.550 (62669ms) ETA=19090s
[2026-04-28 02:05:01]   [97/400 · 24%] idx=3948: ✅REAL max=0.535 (47287ms) ETA=18981s
[2026-04-28 02:05:47]   [98/400 · 24%] idx=3949: ✅REAL max=0.450 (45120ms) ETA=18868s
[2026-04-28 02:06:42]   [99/400 · 25%] idx=3965: ✅REAL max=0.600 (53562ms) ETA=18781s
[2026-04-28 02:07:39]   [100/400 · 25%] idx=3991: ✅REAL max=0.200 (55939ms) ETA=18703s
[2026-04-28 02:07:39]   💾 [100/400] 进度已保存
[2026-04-28 02:09:03]   [101/400 · 25%] idx=4032: ✅REAL max=0.435 (82952ms) ETA=18704s
[2026-04-28 02:10:51]   [102/400 · 26%] idx=4064: ✅REAL max=0.510 (106994ms) ETA=18774s
[2026-04-28 02:11:53]   [103/400 · 26%] idx=4099: ✅REAL max=0.420 (61449ms) ETA=18710s
[2026-04-28 02:12:54]   [104/400 · 26%] idx=4133: ✅REAL max=0.603 (59909ms) ETA=18641s
[2026-04-28 02:13:20]   [105/400 · 26%] idx=4161: ✅REAL max=0.750 (25381ms) ETA=18475s
[2026-04-28 02:14:20]   [106/400 · 26%] idx=4162: ✅REAL max=0.390 (59009ms) ETA=18405s
[2026-04-28 02:15:11]   [107/400 · 27%] idx=4165: ✅REAL max=0.550 (49692ms) ETA=18310s
[2026-04-28 02:16:27]   [108/400 · 27%] idx=4197: ✅REAL max=0.300 (75038ms) ETA=18284s
[2026-04-28 02:20:05]   [109/400 · 27%] idx=4198: ✅REAL max=0.500 (31785ms) ETA=18637s
[2026-04-28 02:21:02]   [110/400 · 28%] idx=4239: ✅REAL max=0.750 (55734ms) ETA=18553s
[2026-04-28 02:21:38]   [111/400 · 28%] idx=4244: ✅REAL max=0.570 (34857ms) ETA=18416s
[2026-04-28 02:24:03]   [112/400 · 28%] idx=4254: ✅REAL max=0.570 (61514ms) ETA=18562s
[2026-04-28 02:25:11]   [113/400 · 28%] idx=4269: ✅REAL max=0.460 (66914ms) ETA=18506s
[2026-04-28 02:26:01]   [114/400 · 28%] idx=4290: ✅REAL max=0.870 (49322ms) ETA=18406s
[2026-04-28 02:27:06]   [115/400 · 29%] idx=4307: ✅REAL max=0.550 (63757ms) ETA=18343s
[2026-04-28 02:27:46]   [116/400 · 29%] idx=4312: ✅REAL max=0.400 (39267ms) ETA=18220s
[2026-04-28 02:28:27]   [117/400 · 29%] idx=4316: ✅REAL max=0.490 (39929ms) ETA=18099s
[2026-04-28 02:29:23]   [118/400 · 30%] idx=4330: ✅REAL max=0.200 (54454ms) ETA=18015s
[2026-04-28 02:30:23]   [119/400 · 30%] idx=4335: ✅REAL max=0.607 (58964ms) ETA=17942s
[2026-04-28 02:31:29]   [120/400 · 30%] idx=4352: ✅REAL max=0.440 (65156ms) ETA=17884s
[2026-04-28 02:31:29]   💾 [120/400] 进度已保存
[2026-04-28 02:32:21]   [121/400 · 30%] idx=4389: ✅REAL max=0.420 (51484ms) ETA=17793s
[2026-04-28 02:33:30]   [122/400 · 30%] idx=4390: ✅REAL max=0.700 (67652ms) ETA=17741s
[2026-04-28 02:34:09]   [123/400 · 31%] idx=4399: ✅REAL max=0.450 (37772ms) ETA=17621s
[2026-04-28 02:34:42]   [124/400 · 31%] idx=4407: ✅REAL max=0.450 (31977ms) ETA=17489s
[2026-04-28 02:35:21]   [125/400 · 31%] idx=4408: ✅REAL max=0.606 (37920ms) ETA=17372s
[2026-04-28 02:36:40]   [126/400 · 32%] idx=4424: ✅REAL max=0.620 (78370ms) ETA=17344s
[2026-04-28 02:37:44]   [127/400 · 32%] idx=4433: ✅REAL max=0.470 (63018ms) ETA=17282s
[2026-04-28 02:38:08]   [128/400 · 32%] idx=4442: ✅REAL max=0.737 (23320ms) ETA=17136s
[2026-04-28 02:39:02]   [129/400 · 32%] idx=4454: ✅REAL max=0.450 (52081ms) ETA=17052s
[2026-04-28 02:42:19]   [130/400 · 32%] idx=4475: ✅REAL max=0.850 (102586ms) ETA=17269s
[2026-04-28 02:43:48]   [131/400 · 33%] idx=4483: ✅REAL max=0.400 (87716ms) ETA=17256s
[2026-04-28 02:44:32]   [132/400 · 33%] idx=4492: ✅REAL max=0.394 (43418ms) ETA=17151s
[2026-04-28 02:45:17]   [133/400 · 33%] idx=4500: ✅REAL max=0.550 (44215ms) ETA=17050s
[2026-04-28 02:46:17]   [134/400 · 34%] idx=4504: ✅REAL max=0.450 (58929ms) ETA=16978s
[2026-04-28 02:48:57]   [135/400 · 34%] idx=4508: ✅REAL max=0.550 (42796ms) ETA=17102s
[2026-04-28 02:50:39]   [136/400 · 34%] idx=4518: ✅REAL max=0.900 (36175ms) ETA=17111s
[2026-04-28 02:51:22]   [137/400 · 34%] idx=4559: ✅REAL max=0.450 (41608ms) ETA=17003s
[2026-04-28 02:52:36]   [138/400 · 34%] idx=4560: ✅REAL max=0.190 (73326ms) ETA=16957s
[2026-04-28 02:53:43]   [139/400 · 35%] idx=4564: ✅REAL max=0.445 (65977ms) ETA=16896s
[2026-04-28 02:56:20]   [140/400 · 35%] idx=4581: ✅REAL max=0.590 (73039ms) ETA=17002s
[2026-04-28 02:56:20]   💾 [140/400] 进度已保存
[2026-04-28 02:57:30]   [141/400 · 35%] idx=4605: ✅REAL max=0.430 (69761ms) ETA=16947s
[2026-04-28 02:58:13]   [142/400 · 36%] idx=4612: ✅REAL max=0.500 (41793ms) ETA=16840s
[2026-04-28 02:59:14]   [143/400 · 36%] idx=4622: ✅REAL max=0.566 (60114ms) ETA=16768s
[2026-04-28 03:00:44]   [144/400 · 36%] idx=4629: ✅REAL max=0.320 (89083ms) ETA=16747s
[2026-04-28 03:01:22]   [145/400 · 36%] idx=4630: ✅REAL max=0.758 (36162ms) ETA=16631s
[2026-04-28 03:02:01]   [146/400 · 36%] idx=4634: ✅REAL max=0.550 (38479ms) ETA=16521s
[2026-04-28 03:03:11]   [147/400 · 37%] idx=4635: ✅REAL max=0.550 (68704ms) ETA=16464s
[2026-04-28 03:04:03]   [148/400 · 37%] idx=4664: ✅REAL max=0.730 (51696ms) ETA=16378s
[2026-04-28 03:07:23]   [149/400 · 37%] idx=4670: ✅REAL max=0.291 (198481ms) ETA=16540s
[2026-04-28 03:07:47]   [150/400 · 38%] idx=4697: ✅REAL max=0.333 (23514ms) ETA=16405s
[2026-04-28 03:08:50]   [151/400 · 38%] idx=4698: ✅REAL max=0.475 (61633ms) ETA=16334s
[2026-04-28 03:09:42]   [152/400 · 38%] idx=4709: ✅REAL max=0.380 (51135ms) ETA=16247s
[2026-04-28 03:10:53]   [153/400 · 38%] idx=4772: ✅REAL max=0.590 (69504ms) ETA=16189s
[2026-04-28 03:12:24]   [154/400 · 38%] idx=4783: ✅REAL max=0.510 (90259ms) ETA=16165s
[2026-04-28 03:13:40]   [155/400 · 39%] idx=4796: ✅REAL max=0.600 (75162ms) ETA=16116s
[2026-04-28 03:14:39]   [156/400 · 39%] idx=4835: ✅REAL max=0.792 (57458ms) ETA=16039s
[2026-04-28 03:16:12]   [157/400 · 39%] idx=4838: ✅REAL max=0.500 (92502ms) ETA=16016s
[2026-04-28 03:16:42]   [158/400 · 40%] idx=4859: ✅REAL max=0.550 (28583ms) ETA=15894s
[2026-04-28 03:18:03]   [159/400 · 40%] idx=4871: ✅REAL max=0.300 (79803ms) ETA=15852s
[2026-04-28 03:18:56]   [160/400 · 40%] idx=4876: ✅REAL max=0.750 (52714ms) ETA=15768s
[2026-04-28 03:18:56]   💾 [160/400] 进度已保存
[2026-04-28 03:19:48]   [161/400 · 40%] idx=4894: ✅REAL max=0.440 (50650ms) ETA=15681s
[2026-04-28 03:21:05]   [162/400 · 40%] idx=4897: ✅REAL max=0.350 (75721ms) ETA=15632s
[2026-04-28 03:21:48]   [163/400 · 41%] idx=4907: ✅REAL max=0.460 (42672ms) ETA=15534s
[2026-04-28 03:22:50]   [164/400 · 41%] idx=4922: ✅REAL max=0.600 (60713ms) ETA=15463s
[2026-04-28 03:23:55]   [165/400 · 41%] idx=4973: ✅REAL max=0.500 (64402ms) ETA=15397s
[2026-04-28 03:24:51]   [166/400 · 42%] idx=4997: ✅REAL max=0.700 (54385ms) ETA=15318s
[2026-04-28 03:25:27]   [167/400 · 42%] idx=5002: ✅REAL max=0.440 (34825ms) ETA=15211s
[2026-04-28 03:26:13]   [168/400 · 42%] idx=5003: ✅REAL max=0.610 (45691ms) ETA=15120s
[2026-04-28 03:27:29]   [169/400 · 42%] idx=5013: ✅REAL max=0.290 (74774ms) ETA=15069s
[2026-04-28 03:28:31]   [170/400 · 42%] idx=5018: ✅REAL max=0.550 (60378ms) ETA=14999s
[2026-04-28 03:29:18]   [171/400 · 43%] idx=5033: ✅REAL max=0.330 (46188ms) ETA=14909s
[2026-04-28 03:29:59]   [172/400 · 43%] idx=5035: ✅REAL max=0.150 (40489ms) ETA=14813s
[2026-04-28 03:31:30]   [173/400 · 43%] idx=5044: ✅REAL max=0.286 (90007ms) ETA=14782s
[2026-04-28 03:34:11]   [174/400 · 44%] idx=5049: ✅REAL max=0.370 (89573ms) ETA=14842s
[2026-04-28 03:34:50]   [175/400 · 44%] idx=5050: ✅REAL max=0.395 (37420ms) ETA=14741s
[2026-04-28 03:35:25]   [176/400 · 44%] idx=5051: ✅REAL max=0.550 (34080ms) ETA=14637s
[2026-04-28 03:36:33]   [177/400 · 44%] idx=5057: ✅REAL max=0.350 (67343ms) ETA=14575s
[2026-04-28 03:38:35]   [178/400 · 44%] idx=5067: ✅REAL max=0.400 (120389ms) ETA=14580s
[2026-04-28 03:40:27]   [179/400 · 45%] idx=5069: ✅REAL max=0.750 (48976ms) ETA=14571s
[2026-04-28 03:41:05]   [180/400 · 45%] idx=5074: ✅REAL max=0.450 (37854ms) ETA=14472s
[2026-04-28 03:41:05]   💾 [180/400] 进度已保存
[2026-04-28 03:42:05]   [181/400 · 45%] idx=5079: ✅REAL max=0.540 (58585ms) ETA=14399s
[2026-04-28 03:42:39]   [182/400 · 46%] idx=5086: ✅REAL max=0.400 (33206ms) ETA=14296s
[2026-04-28 03:43:17]   [183/400 · 46%] idx=5107: ✅REAL max=0.444 (37004ms) ETA=14197s
[2026-04-28 03:43:48]   [184/400 · 46%] idx=5123: ✅REAL max=0.730 (29437ms) ETA=14091s
[2026-04-28 03:44:21]   [185/400 · 46%] idx=5135: ✅REAL max=0.430 (32719ms) ETA=13989s
[2026-04-28 03:45:11]   [186/400 · 46%] idx=5152: ✅REAL max=0.450 (48442ms) ETA=13906s
[2026-04-28 03:46:12]   [187/400 · 47%] idx=5155: ✅REAL max=0.450 (60189ms) ETA=13837s
[2026-04-28 03:47:15]   [188/400 · 47%] idx=5173: ✅REAL max=0.290 (61646ms) ETA=13769s
[2026-04-28 03:48:19]   [189/400 · 47%] idx=5181: ✅REAL max=0.450 (63149ms) ETA=13703s
[2026-04-28 03:49:05]   [190/400 · 48%] idx=5182: ✅REAL max=0.450 (45268ms) ETA=13618s
[2026-04-28 03:49:47]   [191/400 · 48%] idx=5186: ✅REAL max=0.800 (40657ms) ETA=13527s
[2026-04-28 03:50:35]   [192/400 · 48%] idx=5194: ✅REAL max=0.440 (46941ms) ETA=13445s
[2026-04-28 03:52:15]   [193/400 · 48%] idx=5213: ✅REAL max=0.440 (98785ms) ETA=13418s
[2026-04-28 03:53:16]   [194/400 · 48%] idx=5221: ✅REAL max=0.400 (60345ms) ETA=13349s
[2026-04-28 03:54:14]   [195/400 · 49%] idx=5234: ✅REAL max=0.280 (56625ms) ETA=13277s
[2026-04-28 03:54:47]   [196/400 · 49%] idx=5243: ✅REAL max=0.700 (32593ms) ETA=13180s
[2026-04-28 03:55:39]   [197/400 · 49%] idx=5249: ✅REAL max=0.421 (50503ms) ETA=13101s
[2026-04-28 03:56:24]   [198/400 · 50%] idx=5250: ✅REAL max=0.230 (44575ms) ETA=13018s
[2026-04-28 03:57:08]   [199/400 · 50%] idx=5251: ✅REAL max=0.500 (42495ms) ETA=12932s
[2026-04-28 03:58:37]   [200/400 · 50%] idx=5260: ✅REAL max=0.199 (88380ms) ETA=12893s
[2026-04-28 03:58:37]   💾 [200/400] 进度已保存
[2026-04-28 04:00:58]   [201/400 · 50%] idx=5274: ✅REAL max=0.550 (57060ms) ETA=12903s
[2026-04-28 04:02:39]   [202/400 · 50%] idx=5288: ✅REAL max=0.350 (100533ms) ETA=12875s
[2026-04-28 04:03:38]   [203/400 · 51%] idx=5290: ✅REAL max=0.400 (57789ms) ETA=12804s
[2026-04-28 04:05:13]   [204/400 · 51%] idx=5301: ✅REAL max=0.430 (93794ms) ETA=12767s
[2026-04-28 04:06:21]   [205/400 · 51%] idx=5311: ✅REAL max=0.500 (67455ms) ETA=12705s
[2026-04-28 04:07:17]   [206/400 · 52%] idx=5359: ✅REAL max=0.560 (55182ms) ETA=12632s
[2026-04-28 04:07:48]   [207/400 · 52%] idx=5369: ✅REAL max=0.670 (29721ms) ETA=12534s
[2026-04-28 04:08:26]   [208/400 · 52%] idx=5392: ✅REAL max=0.450 (36536ms) ETA=12444s
[2026-04-28 04:09:20]   [209/400 · 52%] idx=5413: ✅REAL max=0.441 (53555ms) ETA=12370s
[2026-04-28 04:10:41]   [210/400 · 52%] idx=5422: ✅REAL max=0.500 (79596ms) ETA=12320s
[2026-04-28 04:11:30]   [211/400 · 53%] idx=5424: ✅REAL max=0.400 (48670ms) ETA=12241s
[2026-04-28 04:12:27]   [212/400 · 53%] idx=5432: ✅REAL max=0.440 (55644ms) ETA=12169s
[2026-04-28 04:13:16]   [213/400 · 53%] idx=5452: ✅REAL max=0.350 (47471ms) ETA=12090s
[2026-04-28 04:14:09]   [214/400 · 54%] idx=5462: ✅REAL max=0.300 (52882ms) ETA=12016s
[2026-04-28 04:14:54]   [215/400 · 54%] idx=5482: ✅REAL max=0.550 (43799ms) ETA=11934s
[2026-04-28 04:15:24]   [216/400 · 54%] idx=5492: ✅REAL max=0.714 (29136ms) ETA=11841s
[2026-04-28 04:16:29]   [217/400 · 54%] idx=5519: ✅REAL max=0.620 (63932ms) ETA=11777s
[2026-04-28 04:17:05]   [218/400 · 55%] idx=5520: ✅REAL max=0.700 (34258ms) ETA=11688s
[2026-04-28 04:18:02]   [219/400 · 55%] idx=5528: ✅REAL max=0.350 (56044ms) ETA=11618s
[2026-04-28 04:18:43]   [220/400 · 55%] idx=5533: ✅REAL max=0.300 (40354ms) ETA=11535s
[2026-04-28 04:18:43]   💾 [220/400] 进度已保存
[2026-04-28 04:19:38]   [221/400 · 55%] idx=5542: ✅REAL max=0.350 (53683ms) ETA=11464s
[2026-04-28 04:20:16]   [222/400 · 56%] idx=5545: ✅REAL max=0.250 (37680ms) ETA=11379s
[2026-04-28 04:21:15]   [223/400 · 56%] idx=5562: ✅REAL max=0.450 (57268ms) ETA=11311s
[2026-04-28 04:22:30]   [224/400 · 56%] idx=5569: ✅REAL max=0.500 (73854ms) ETA=11255s
[2026-04-28 04:24:30]   [225/400 · 56%] idx=5570: ✅REAL max=0.450 (119060ms) ETA=11235s
[2026-04-28 04:25:08]   [226/400 · 56%] idx=5571: ✅REAL max=0.450 (37793ms) ETA=11151s
[2026-04-28 04:25:58]   [227/400 · 57%] idx=5574: ✅REAL max=0.320 (48623ms) ETA=11076s
[2026-04-28 04:26:42]   [228/400 · 57%] idx=5583: ✅REAL max=0.545 (42915ms) ETA=10997s
[2026-04-28 04:27:28]   [229/400 · 57%] idx=5585: ✅REAL max=0.450 (45295ms) ETA=10920s
[2026-04-28 04:28:16]   [230/400 · 57%] idx=5593: ✅REAL max=0.350 (46704ms) ETA=10844s
[2026-04-28 04:29:45]   [231/400 · 58%] idx=5600: ✅REAL max=0.450 (88194ms) ETA=10799s
[2026-04-28 04:30:20]   [232/400 · 58%] idx=5601: ✅REAL max=0.290 (33583ms) ETA=10714s
[2026-04-28 04:30:52]   [233/400 · 58%] idx=5606: ✅REAL max=0.760 (31353ms) ETA=10628s
[2026-04-28 04:31:35]   [234/400 · 58%] idx=5610: ✅REAL max=0.500 (42132ms) ETA=10549s
[2026-04-28 04:32:06]   [235/400 · 59%] idx=5614: ✅REAL max=0.800 (29504ms) ETA=10463s
[2026-04-28 04:33:11]   [236/400 · 59%] idx=5632: ✅REAL max=0.620 (63948ms) ETA=10400s
[2026-04-28 04:33:48]   [237/400 · 59%] idx=5635: ✅REAL max=0.350 (36242ms) ETA=10319s
[2026-04-28 04:34:54]   [238/400 · 60%] idx=5638: ✅REAL max=0.330 (65521ms) ETA=10258s
[2026-04-28 04:35:35]   [239/400 · 60%] idx=5648: ✅REAL max=0.450 (39889ms) ETA=10179s
[2026-04-28 04:36:25]   [240/400 · 60%] idx=5665: ✅REAL max=0.450 (48409ms) ETA=10107s
[2026-04-28 04:36:25]   💾 [240/400] 进度已保存
[2026-04-28 04:37:14]   [241/400 · 60%] idx=5670: ✅REAL max=0.450 (48001ms) ETA=10034s
[2026-04-28 04:38:03]   [242/400 · 60%] idx=5675: ✅REAL max=0.350 (48166ms) ETA=9962s
[2026-04-28 04:38:32]   [243/400 · 61%] idx=5680: ✅REAL max=0.850 (27693ms) ETA=9877s
[2026-04-28 04:39:21]   [244/400 · 61%] idx=5683: ✅REAL max=0.550 (48181ms) ETA=9805s
[2026-04-28 04:40:25]   [245/400 · 61%] idx=5687: ✅REAL max=0.550 (63603ms) ETA=9743s
[2026-04-28 04:41:31]   [246/400 · 62%] idx=5700: ✅REAL max=0.350 (64923ms) ETA=9683s
[2026-04-28 04:43:26]   [247/400 · 62%] idx=5701: ✅REAL max=0.300 (114078ms) ETA=9652s
[2026-04-28 04:44:01]   [248/400 · 62%] idx=5717: ✅REAL max=0.610 (33363ms) ETA=9571s
[2026-04-28 04:45:00]   [249/400 · 62%] idx=5722: ✅REAL max=0.550 (58330ms) ETA=9506s
[2026-04-28 04:46:06]   [250/400 · 62%] idx=5724: ✅REAL max=0.450 (64966ms) ETA=9445s
[2026-04-28 04:49:36]   [251/400 · 63%] idx=5725: ✅REAL max=0.500 (208530ms) ETA=9469s
[2026-04-28 04:50:13]   [252/400 · 63%] idx=5741: ✅REAL max=0.460 (36164ms) ETA=9390s
[2026-04-28 04:51:20]   [253/400 · 63%] idx=5754: ✅REAL max=0.560 (66490ms) ETA=9329s
[2026-04-28 04:52:27]   [254/400 · 64%] idx=5778: ✅REAL max=0.480 (65400ms) ETA=9267s
[2026-04-28 04:53:05]   [255/400 · 64%] idx=5779: ✅REAL max=0.733 (37526ms) ETA=9189s
[2026-04-28 04:54:38]   [256/400 · 64%] idx=5786: ✅REAL max=0.590 (91727ms) ETA=9143s
[2026-04-28 04:56:30]   [257/400 · 64%] idx=5787: ✅REAL max=0.450 (111039ms) ETA=9106s
[2026-04-28 04:57:18]   [258/400 · 64%] idx=5792: ✅REAL max=0.260 (47300ms) ETA=9034s
[2026-04-28 04:58:13]   [259/400 · 65%] idx=5793: ✅REAL max=0.350 (54043ms) ETA=8966s
[2026-04-28 04:58:41]   [260/400 · 65%] idx=5795: ✅REAL max=0.750 (26951ms) ETA=8883s
[2026-04-28 04:58:41]   💾 [260/400] 进度已保存
[2026-04-28 04:59:33]   [261/400 · 65%] idx=5802: ✅REAL max=0.750 (50947ms) ETA=8813s
[2026-04-28 05:01:12]   [262/400 · 66%] idx=5805: ✅REAL max=0.537 (98096ms) ETA=8769s
[2026-04-28 05:01:44]   [263/400 · 66%] idx=5822: ✅REAL max=0.120 (30092ms) ETA=8688s
[2026-04-28 05:02:16]   [264/400 · 66%] idx=5828: ✅REAL max=0.450 (31912ms) ETA=8609s
[2026-04-28 05:03:06]   [265/400 · 66%] idx=5843: ✅REAL max=0.303 (48527ms) ETA=8539s
[2026-04-28 05:03:48]   [266/400 · 66%] idx=5850: ✅REAL max=0.330 (40766ms) ETA=8465s
[2026-04-28 05:04:44]   [267/400 · 67%] idx=5855: ✅REAL max=0.560 (55533ms) ETA=8398s
[2026-04-28 05:05:24]   [268/400 · 67%] idx=5858: ✅REAL max=0.460 (38782ms) ETA=8324s
[2026-04-28 05:06:27]   [269/400 · 67%] idx=5859: ✅REAL max=0.350 (61621ms) ETA=8260s
[2026-04-28 05:07:12]   [270/400 · 68%] idx=5860: ✅REAL max=0.240 (44126ms) ETA=8189s
[2026-04-28 05:12:20]   [271/400 · 68%] idx=5883: ✅REAL max=0.550 (118600ms) ETA=8243s
[2026-04-28 05:13:44]   [272/400 · 68%] idx=5896: ✅REAL max=0.300 (82140ms) ETA=8188s
[2026-04-28 05:14:33]   [273/400 · 68%] idx=5914: ✅REAL max=0.450 (48618ms) ETA=8117s
[2026-04-28 05:15:04]   [274/400 · 68%] idx=5919: ✅REAL max=0.825 (29380ms) ETA=8038s
[2026-04-28 05:17:27]   [275/400 · 69%] idx=5928: ✅REAL max=0.400 (73008ms) ETA=8010s
[2026-04-28 05:17:59]   [276/400 · 69%] idx=5933: ✅REAL max=0.545 (31649ms) ETA=7932s
[2026-04-28 05:18:50]   [277/400 · 69%] idx=5937: ✅REAL max=0.734 (49811ms) ETA=7862s
[2026-04-28 05:19:50]   [278/400 · 70%] idx=5951: ✅REAL max=0.400 (58692ms) ETA=7796s
[2026-04-28 05:20:32]   [279/400 · 70%] idx=5972: ✅REAL max=0.300 (41108ms) ETA=7723s
[2026-04-28 05:21:24]   [280/400 · 70%] idx=5978: ✅REAL max=0.450 (50538ms) ETA=7654s
[2026-04-28 05:21:24]   💾 [280/400] 进度已保存
[2026-04-28 05:24:02]   [281/400 · 70%] idx=5982: ✅REAL max=0.600 (56257ms) ETA=7630s
[2026-04-28 05:24:39]   [282/400 · 70%] idx=5996: ✅REAL max=0.650 (35659ms) ETA=7555s
[2026-04-28 05:25:24]   [283/400 · 71%] idx=5999: ✅REAL max=0.310 (44691ms) ETA=7483s
[2026-04-28 05:26:36]   [284/400 · 71%] idx=6001: ✅REAL max=0.450 (70253ms) ETA=7422s
[2026-04-28 05:28:25]   [285/400 · 71%] idx=6014: ✅REAL max=0.800 (108610ms) ETA=7376s
[2026-04-28 05:28:59]   [286/400 · 72%] idx=6033: ✅REAL max=0.539 (32354ms) ETA=7300s
[2026-04-28 05:30:01]   [287/400 · 72%] idx=6041: ✅REAL max=0.300 (61464ms) ETA=7235s
[2026-04-28 05:31:10]   [288/400 · 72%] idx=6065: ✅REAL max=0.430 (67587ms) ETA=7173s
[2026-04-28 05:31:46]   [289/400 · 72%] idx=6068: ✅REAL max=0.800 (35078ms) ETA=7098s
[2026-04-28 05:32:51]   [290/400 · 72%] idx=6087: ✅REAL max=0.303 (64571ms) ETA=7035s
[2026-04-28 05:34:03]   [291/400 · 73%] idx=6089: ✅REAL max=0.450 (70242ms) ETA=6974s
[2026-04-28 05:34:59]   [292/400 · 73%] idx=6116: ✅REAL max=0.290 (55612ms) ETA=6907s
[2026-04-28 05:35:55]   [293/400 · 73%] idx=6126: ✅REAL max=0.556 (55062ms) ETA=6840s
[2026-04-28 05:36:50]   [294/400 · 74%] idx=6135: ✅REAL max=0.420 (53414ms) ETA=6773s
[2026-04-28 05:37:29]   [295/400 · 74%] idx=6146: ✅REAL max=0.400 (37890ms) ETA=6700s
[2026-04-28 05:39:28]   [296/400 · 74%] idx=6160: ✅REAL max=0.300 (118689ms) ETA=6656s
[2026-04-28 05:40:21]   [297/400 · 74%] idx=6178: ✅REAL max=0.350 (52095ms) ETA=6588s
[2026-04-28 05:41:07]   [298/400 · 74%] idx=6202: ✅REAL max=0.350 (44500ms) ETA=6518s
[2026-04-28 05:41:53]   [299/400 · 75%] idx=6222: ✅REAL max=0.350 (45344ms) ETA=6448s
[2026-04-28 05:43:29]   [300/400 · 75%] idx=6229: ✅REAL max=0.300 (94526ms) ETA=6395s
[2026-04-28 05:43:29]   💾 [300/400] 进度已保存
[2026-04-28 05:45:02]   [301/400 · 75%] idx=6246: ✅REAL max=0.700 (92587ms) ETA=6341s
[2026-04-28 05:46:11]   [302/400 · 76%] idx=6260: ✅REAL max=0.295 (68045ms) ETA=6278s
[2026-04-28 05:48:34]   [303/400 · 76%] idx=6277: ✅REAL max=0.556 (70131ms) ETA=6239s
[2026-04-28 05:49:18]   [304/400 · 76%] idx=6290: ✅REAL max=0.200 (42852ms) ETA=6169s
[2026-04-28 05:50:04]   [305/400 · 76%] idx=6297: ✅REAL max=0.400 (44440ms) ETA=6098s
[2026-04-28 05:50:39]   [306/400 · 76%] idx=6298: ✅REAL max=0.700 (33917ms) ETA=6025s
[2026-04-28 05:51:25]   [307/400 · 77%] idx=6315: ✅REAL max=0.200 (45469ms) ETA=5956s
[2026-04-28 05:52:29]   [308/400 · 77%] idx=6327: ✅REAL max=0.600 (63278ms) ETA=5892s
[2026-04-28 05:54:51]   [309/400 · 77%] idx=6333: ✅REAL max=0.240 (56812ms) ETA=5851s
[2026-04-28 05:55:54]   [310/400 · 78%] idx=6345: ✅REAL max=0.590 (61984ms) ETA=5786s
[2026-04-28 05:57:03]   [311/400 · 78%] idx=6349: ✅REAL max=0.690 (67712ms) ETA=5723s
[2026-04-28 05:58:45]   [312/400 · 78%] idx=6362: ✅REAL max=0.455 (101397ms) ETA=5669s
[2026-04-28 05:59:30]   [313/400 · 78%] idx=6363: ✅REAL max=0.549 (43555ms) ETA=5600s
[2026-04-28 06:00:21]   [314/400 · 78%] idx=6364: ✅REAL max=0.450 (49943ms) ETA=5531s
[2026-04-28 06:01:27]   [315/400 · 79%] idx=6378: ✅REAL max=0.350 (65081ms) ETA=5468s
[2026-04-28 06:02:06]   [316/400 · 79%] idx=6384: ✅REAL max=0.700 (37813ms) ETA=5397s
[2026-04-28 06:02:58]   [317/400 · 79%] idx=6393: ✅REAL max=0.370 (51214ms) ETA=5329s
[2026-04-28 06:04:02]   [318/400 · 80%] idx=6407: ✅REAL max=0.550 (63462ms) ETA=5265s
[2026-04-28 06:05:26]   [319/400 · 80%] idx=6411: ✅REAL max=0.550 (82618ms) ETA=5206s
[2026-04-28 06:06:43]   [320/400 · 80%] idx=6414: ✅REAL max=0.400 (75632ms) ETA=5145s
[2026-04-28 06:06:43]   💾 [320/400] 进度已保存
[2026-04-28 06:07:34]   [321/400 · 80%] idx=6418: ✅REAL max=0.250 (50823ms) ETA=5077s
[2026-04-28 06:08:05]   [322/400 · 80%] idx=6421: ✅REAL max=0.550 (29725ms) ETA=5005s
[2026-04-28 06:09:06]   [323/400 · 81%] idx=6435: ✅REAL max=0.380 (59953ms) ETA=4940s
[2026-04-28 06:10:18]   [324/400 · 81%] idx=6455: ✅REAL max=0.480 (71240ms) ETA=4878s
[2026-04-28 06:11:14]   [325/400 · 81%] idx=6460: ✅REAL max=0.460 (54764ms) ETA=4811s
[2026-04-28 06:12:07]   [326/400 · 82%] idx=6465: ✅REAL max=0.450 (51720ms) ETA=4745s
[2026-04-28 06:13:20]   [327/400 · 82%] idx=6479: ✅REAL max=0.620 (71738ms) ETA=4683s
[2026-04-28 06:14:05]   [328/400 · 82%] idx=6490: ✅REAL max=0.550 (44778ms) ETA=4614s
[2026-04-28 06:19:10]   [329/400 · 82%] idx=6517: ✅REAL max=0.550 (200081ms) ETA=4602s
[2026-04-28 06:19:59]   [330/400 · 82%] idx=6520: ✅REAL max=0.450 (48653ms) ETA=4534s
[2026-04-28 06:21:11]   [331/400 · 83%] idx=6521: ✅REAL max=0.335 (70489ms) ETA=4471s
[2026-04-28 06:21:46]   [332/400 · 83%] idx=6551: ✅REAL max=0.550 (33804ms) ETA=4400s
[2026-04-28 06:23:41]   [333/400 · 83%] idx=6576: ✅REAL max=0.340 (40760ms) ETA=4345s
[2026-04-28 06:26:08]   [334/400 · 84%] idx=6582: ✅REAL max=0.380 (35860ms) ETA=4297s
[2026-04-28 06:26:39]   [335/400 · 84%] idx=6597: ✅REAL max=0.780 (29529ms) ETA=4225s
[2026-04-28 06:27:30]   [336/400 · 84%] idx=6599: ✅REAL max=0.700 (50289ms) ETA=4157s
[2026-04-28 06:28:43]   [337/400 · 84%] idx=6604: ✅REAL max=0.300 (72464ms) ETA=4094s
[2026-04-28 06:29:15]   [338/400 · 84%] idx=6623: ✅REAL max=0.300 (30828ms) ETA=4023s
[2026-04-28 06:29:58]   [339/400 · 85%] idx=6625: ✅REAL max=0.280 (42276ms) ETA=3954s
[2026-04-28 06:30:55]   [340/400 · 85%] idx=6629: ✅REAL max=0.200 (55713ms) ETA=3888s
[2026-04-28 06:30:55]   💾 [340/400] 进度已保存
[2026-04-28 06:34:20]   [341/400 · 85%] idx=6633: ✅REAL max=0.370 (64913ms) ETA=3847s
[2026-04-28 06:34:56]   [342/400 · 86%] idx=6646: ✅REAL max=0.200 (34904ms) ETA=3777s
[2026-04-28 06:35:58]   [343/400 · 86%] idx=6685: ✅REAL max=0.500 (60748ms) ETA=3711s
[2026-04-28 06:36:43]   [344/400 · 86%] idx=6690: ✅REAL max=0.248 (44199ms) ETA=3643s
[2026-04-28 06:39:15]   [345/400 · 86%] idx=6708: ✅REAL max=0.450 (58337ms) ETA=3592s
[2026-04-28 06:40:52]   [346/400 · 86%] idx=6722: ✅REAL max=0.350 (95960ms) ETA=3532s
[2026-04-28 06:41:45]   [347/400 · 87%] idx=6727: ✅REAL max=0.426 (52071ms) ETA=3464s
[2026-04-28 06:42:40]   [348/400 · 87%] idx=6775: ✅REAL max=0.400 (53506ms) ETA=3397s
[2026-04-28 06:43:45]   [349/400 · 87%] idx=6779: ✅REAL max=0.350 (64498ms) ETA=3332s
[2026-04-28 06:44:53]   [350/400 · 88%] idx=6788: ✅REAL max=0.223 (66461ms) ETA=3267s
[2026-04-28 06:45:53]   [351/400 · 88%] idx=6791: ✅REAL max=0.315 (58870ms) ETA=3201s
[2026-04-28 06:46:25]   [352/400 · 88%] idx=6796: ✅REAL max=0.300 (31341ms) ETA=3131s
[2026-04-28 06:47:09]   [353/400 · 88%] idx=6800: ✅REAL max=0.700 (43105ms) ETA=3063s
[2026-04-28 06:47:58]   [354/400 · 88%] idx=6835: ✅REAL max=0.550 (47793ms) ETA=2996s
[2026-04-28 06:48:32]   [355/400 · 89%] idx=6849: ✅REAL max=0.270 (33097ms) ETA=2927s
[2026-04-28 06:49:17]   [356/400 · 89%] idx=6852: ✅REAL max=0.410 (43771ms) ETA=2859s
[2026-04-28 06:49:57]   [357/400 · 89%] idx=6853: ✅REAL max=0.650 (39041ms) ETA=2791s
[2026-04-28 06:50:48]   [358/400 · 90%] idx=6858: ✅REAL max=0.300 (50004ms) ETA=2725s
[2026-04-28 06:53:53]   [359/400 · 90%] idx=6872: ✅REAL max=0.390 (49398ms) ETA=2673s
[2026-04-28 06:55:10]   [360/400 · 90%] idx=6875: ✅REAL max=0.560 (75930ms) ETA=2609s
[2026-04-28 06:55:10]   💾 [360/400] 进度已保存
[2026-04-28 06:55:37]   [361/400 · 90%] idx=6876: ✅REAL max=0.860 (26530ms) ETA=2540s
[2026-04-28 06:56:52]   [362/400 · 90%] idx=6897: ✅REAL max=0.400 (73101ms) ETA=2476s
[2026-04-28 06:58:28]   [363/400 · 91%] idx=6900: ✅REAL max=0.710 (95885ms) ETA=2414s
[2026-04-28 06:59:04]   [364/400 · 91%] idx=6907: ✅REAL max=0.450 (34173ms) ETA=2346s
[2026-04-28 06:59:54]   [365/400 · 91%] idx=6910: ✅REAL max=0.347 (48974ms) ETA=2279s
[2026-04-28 07:00:49]   [366/400 · 92%] idx=6943: ✅REAL max=0.400 (54836ms) ETA=2213s
[2026-04-28 07:01:52]   [367/400 · 92%] idx=6945: ✅REAL max=0.200 (61993ms) ETA=2148s
[2026-04-28 07:02:31]   [368/400 · 92%] idx=6960: ✅REAL max=0.550 (37245ms) ETA=2081s
[2026-04-28 07:03:59]   [369/400 · 92%] idx=6975: ✅REAL max=0.350 (86857ms) ETA=2017s
[2026-04-28 07:04:42]   [370/400 · 92%] idx=6988: ✅REAL max=0.550 (42912ms) ETA=1951s
[2026-04-28 07:05:38]   [371/400 · 93%] idx=6993: ✅REAL max=0.350 (54808ms) ETA=1885s
[2026-04-28 07:07:49]   [372/400 · 93%] idx=7056: ✅REAL max=0.380 (57837ms) ETA=1825s
[2026-04-28 07:09:28]   [373/400 · 93%] idx=7061: ✅REAL max=0.630 (30392ms) ETA=1762s
[2026-04-28 07:10:12]   [374/400 · 94%] idx=7068: ✅REAL max=0.550 (43620ms) ETA=1695s
[2026-04-28 07:10:37]   [375/400 · 94%] idx=7073: ✅REAL max=0.600 (23371ms) ETA=1627s
[2026-04-28 07:11:30]   [376/400 · 94%] idx=7075: ✅REAL max=0.300 (52193ms) ETA=1562s
[2026-04-28 07:12:12]   [377/400 · 94%] idx=7077: ✅REAL max=0.700 (40731ms) ETA=1495s
[2026-04-28 07:13:03]   [378/400 · 94%] idx=7081: ✅REAL max=0.700 (50213ms) ETA=1429s
[2026-04-28 07:14:46]   [379/400 · 95%] idx=7084: ✅REAL max=0.441 (101647ms) ETA=1366s
[2026-04-28 07:16:55]   [380/400 · 95%] idx=7085: ✅REAL max=0.700 (58402ms) ETA=1305s
[2026-04-28 07:16:55]   💾 [380/400] 进度已保存
[2026-04-28 07:17:59]   [381/400 · 95%] idx=7097: ✅REAL max=0.750 (63083ms) ETA=1239s
[2026-04-28 07:18:51]   [382/400 · 96%] idx=7113: ✅REAL max=0.400 (50179ms) ETA=1174s
[2026-04-28 07:20:13]   [383/400 · 96%] idx=7118: ✅REAL max=0.452 (81609ms) ETA=1109s
[2026-04-28 07:21:14]   [384/400 · 96%] idx=7123: ✅REAL max=0.500 (59347ms) ETA=1044s
[2026-04-28 07:21:48]   [385/400 · 96%] idx=7134: ✅REAL max=0.450 (33193ms) ETA=977s
[2026-04-28 07:22:19]   [386/400 · 96%] idx=7140: ✅REAL max=0.550 (30629ms) ETA=911s
[2026-04-28 07:23:06]   [387/400 · 97%] idx=7142: ✅REAL max=0.200 (45831ms) ETA=845s
[2026-04-28 07:24:12]   [388/400 · 97%] idx=7154: ✅REAL max=0.414 (65110ms) ETA=780s
[2026-04-28 07:24:49]   [389/400 · 97%] idx=7157: ✅REAL max=0.450 (35398ms) ETA=714s
[2026-04-28 07:25:45]   [390/400 · 98%] idx=7165: ✅REAL max=0.450 (55647ms) ETA=649s
[2026-04-28 07:26:33]   [391/400 · 98%] idx=7188: ✅REAL max=0.700 (46880ms) ETA=584s
[2026-04-28 07:27:15]   [392/400 · 98%] idx=7209: ✅REAL max=0.700 (40202ms) ETA=519s
[2026-04-28 07:28:21]   [393/400 · 98%] idx=7246: ✅REAL max=0.667 (65168ms) ETA=454s
[2026-04-28 07:29:12]   [394/400 · 98%] idx=7257: ✅REAL max=0.290 (50655ms) ETA=389s
[2026-04-28 07:30:01]   [395/400 · 99%] idx=7260: ✅REAL max=0.470 (47570ms) ETA=324s
[2026-04-28 07:30:44]   [396/400 · 99%] idx=7265: ✅REAL max=0.390 (41993ms) ETA=259s
[2026-04-28 07:31:18]   [397/400 · 99%] idx=7274: ✅REAL max=0.510 (32789ms) ETA=194s
[2026-04-28 07:32:21]   [398/400 · 100%] idx=7281: ✅REAL max=0.550 (61872ms) ETA=129s
[2026-04-28 07:33:49]   [399/400 · 100%] idx=7282: ✅REAL max=0.300 (87787ms) ETA=65s
[2026-04-28 07:35:24]   [400/400 · 100%] idx=7286: ✅REAL max=0.550 (93848ms) ETA=0s
[2026-04-28 07:35:24]   💾 [400/400] 进度已保存
[2026-04-28 07:35:25] [Proc 1] ✅ 类 1 (Sit) 完成: 400/400 耗时25901s
[2026-04-28 07:35:25] [Proc 1] 全部完成 → /home/fandy/workplace/thesis/results/soft_labels/kuhar_soft_proc1.npy
