
=== Proc 2 开始 2026-04-19 16:46:01 ===

=== Proc 2 开始 2026-04-19 16:47:23 ===
FALLBACK idx=29 class=6 err=JSON解析失败: Expecting value: line 1 column 1 (char 0)
FALLBACK idx=43 class=6 err=JSON解析失败: Expecting value: line 1 column 1 (char 0)
FALLBACK idx=51 class=6 err=JSON解析失败: Expecting value: line 1 column 1 (char 0)

=== Proc 2 开始 2026-04-19 18:31:00 ===
FALLBACK idx=29 class=6 err=JSON解析失败: Expecting value: line 1 column 1 (char 0)
FALLBACK idx=43 class=6 err=JSON解析失败: Expecting value: line 1 column 1 (char 0)

=== Proc 2 开始 2026-04-19 18:42:51 ===

=== Proc 2 开始 2026-04-19 18:52:51 ===

=== Proc 2 开始 2026-04-19 19:19:42 ===

=== Proc 2 开始 2026-04-19 19:33:21 ===

=== Proc 2 开始 2026-04-20 00:12:48 ===

=== Proc 2 开始 2026-04-20 00:26:22 ===

=== Proc 2 开始 2026-04-20 00:40:34 ===

=== Proc 2 开始 2026-04-20 01:53:17 ===
FALLBACK idx=389 class=6 err=JSON解析失败: Expecting value: line 1 column 1 (char 0)

=== Proc 2 开始 2026-04-20 11:34:20 ===
=== Proc 2 完成 2026-04-20 14:12:43 ===

=== Proc 2 开始 2026-04-22 13:23:18 ===
FALLBACK idx=3316 class=6 err=Error code: 429 - {'type': 'error', 'error': {'type': 'rate_limit_error', 'message': 'Token Plan 主要面
FALLBACK idx=3338 class=6 err=Error code: 429 - {'type': 'error', 'error': {'type': 'rate_limit_error', 'message': 'Token Plan 主要面
FALLBACK idx=3364 class=6 err=Error code: 429 - {'type': 'error', 'error': {'type': 'rate_limit_error', 'message': 'usage limit ex
FALLBACK idx=3366 class=6 err=Error code: 429 - {'type': 'error', 'error': {'type': 'rate_limit_error', 'message': 'Token Plan 主要面
FALLBACK idx=3415 class=6 err=Error code: 429 - {'type': 'error', 'error': {'type': 'rate_limit_error', 'message': 'usage limit ex
FALLBACK idx=3441 class=6 err=Error code: 429 - {'type': 'error', 'error': {'type': 'rate_limit_error', 'message': 'usage limit ex
FALLBACK idx=3481 class=6 err=Error code: 429 - {'type': 'error', 'error': {'type': 'rate_limit_error', 'message': 'Token Plan 主要面
FALLBACK idx=3488 class=6 err=Error code: 429 - {'type': 'error', 'error': {'type': 'rate_limit_error', 'message': 'usage limit ex
FALLBACK idx=3513 class=6 err=Error code: 429 - {'type': 'error', 'error': {'type': 'rate_limit_error', 'message': 'Token Plan 主要面
FALLBACK idx=3518 class=6 err=Error code: 429 - {'type': 'error', 'error': {'type': 'rate_limit_error', 'message': 'usage limit ex
FALLBACK idx=3522 class=6 err=Error code: 429 - {'type': 'error', 'error': {'type': 'rate_limit_error', 'message': 'usage limit ex
FALLBACK idx=3551 class=6 err=Error code: 429 - {'type': 'error', 'error': {'type': 'rate_limit_error', 'message': 'Token Plan 主要面
FALLBACK idx=3552 class=6 err=Error code: 429 - {'type': 'error', 'error': {'type': 'rate_limit_error', 'message': 'usage limit ex
FALLBACK idx=3560 class=6 err=Error code: 429 - {'type': 'error', 'error': {'type': 'rate_limit_error', 'message': 'Token Plan 主要面
FALLBACK idx=3563 class=6 err=Error code: 429 - {'type': 'error', 'error': {'type': 'rate_limit_error', 'message': 'usage limit ex
FALLBACK idx=3584 class=6 err=Error code: 429 - {'type': 'error', 'error': {'type': 'rate_limit_error', 'message': 'usage limit ex
FALLBACK idx=3618 class=6 err=Error code: 429 - {'type': 'error', 'error': {'type': 'rate_limit_error', 'message': 'Token Plan 主要面
FALLBACK idx=3621 class=6 err=Error code: 429 - {'type': 'error', 'error': {'type': 'rate_limit_error', 'message': 'usage limit ex
FALLBACK idx=3626 class=6 err=Error code: 429 - {'type': 'error', 'error': {'type': 'rate_limit_error', 'message': 'Token Plan 主要面
=== Proc 2 完成 2026-04-23 11:45:47 ===

=== Proc 2 开始 2026-04-23 17:37:11 ===
=== Proc 2 完成 2026-04-23 17:37:11 ===

=== Proc 2 开始 2026-04-23 19:31:17 ===
=== Proc 2 完成 2026-04-23 19:31:17 ===
