[2026-05-08 13:51:32]   [001/6498] | true=standing(2) | pred=standing(2) |  ✓ | ent=0.83 | top=2:0.75, 1:0.15
[2026-05-08 13:51:52]   [002/6498] | true=standing(2) | pred=jogging(4) |  ✗ | ent=0.69 | top=4:0.55, 3:0.45
[2026-05-08 13:52:11]   [003/6498] | true=sitting(1) | pred=walking(3) |  ✗ | ent=0.33 | top=3:0.90, 4:0.10
[2026-05-08 13:52:18]   [004/6498] | true=lying(0) | pred=lying(0) |  ✓ | ent=0.69 | top=0:0.50, 1:0.50
[2026-05-08 13:52:29]   [005/6498] | true=jogging(4) | pred=jogging(4) |  ✓ | ent=0.20 | top=4:0.95, 3:0.05
[2026-05-08 13:52:54]   [006/6498] | true=lying(0) | pred=sitting(1) |  ✗ | ent=0.68 | top=1:0.58, 0:0.42
[2026-05-08 13:53:06]   [007/6498] | true=sitting(1) | pred=sitting(1) |  ✓ | ent=1.14 | top=1:0.55, 0:0.25
[2026-05-08 13:53:18]   [008/6498] | true=lying(0) | pred=lying(0) |  ✓ | ent=0.88 | top=0:0.55, 1:0.40
[2026-05-08 13:53:27]   [009/6498] | true=standing(2) | pred=standing(2) |  ✓ | ent=0.46 | top=2:0.90, 1:0.03
[2026-05-08 13:53:46]   [010/6498] | true=sitting(1) | pred=lying(0) |  ✗ | ent=0.69 | top=0:0.50, 1:0.50
[2026-05-08 13:53:58]   [011/6498] | true=sitting(1) | pred=sitting(1) |  ✓ | ent=0.82 | top=1:0.60, 0:0.35
[2026-05-08 13:54:11]   [012/6498] | true=lying(0) | pred=lying(0) |  ✓ | ent=0.89 | top=0:0.55, 1:0.40
[2026-05-08 13:54:22]   [013/6498] | true=lying(0) | pred=lying(0) |  ✓ | ent=0.82 | top=0:0.65, 1:0.30
[2026-05-08 13:54:45]   [014/6498] | true=lying(0) | pred=sitting(1) |  ✗ | ent=0.99 | top=1:0.55, 0:0.35
[2026-05-08 13:54:55]   [015/6498] | true=lying(0) | pred=lying(0) |  ✓ | ent=0.79 | top=0:0.65, 1:0.30
[2026-05-08 13:55:12]   [016/6498] | true=sitting(1) | pred=standing(2) |  ✗ | ent=0.60 | top=2:0.85, 1:0.08
[2026-05-08 13:56:31]   [016/6498] | true=sitting(1) | pred=standing(2) |  ✗ | ent=0.74 | top=2:0.80, 1:0.10
[2026-05-08 13:56:49]   [017/6498] | true=sitting(1) | pred=lying(0) |  ✗ | ent=0.69 | top=0:0.50, 1:0.50
[2026-05-08 13:57:03]   [018/6498] | true=walking(3) | pred=walking(3) |  ✓ | ent=0.28 | top=3:0.92, 4:0.08
[2026-05-08 13:57:13]   [019/6498] | true=walking(3) | pred=walking(3) |  ✓ | ent=0.62 | top=3:0.85, 2:0.05
[2026-05-08 13:57:25]   [020/6498] | true=walking(3) | pred=walking(3) |  ✓ | ent=0.49 | top=3:0.87, 4:0.10
[2026-05-08 13:57:44]   [021/6498] | true=lying(0) | pred=walking(3) |  ✗ | ent=0.42 | top=3:0.85, 4:0.15
[2026-05-08 13:58:05]   [022/6498] | true=lying(0) | pred=lying(0) |  ✓ | ent=0.85 | top=0:0.55, 1:0.40
[2026-05-08 13:58:24]   [023/6498] | true=lying(0) | pred=sitting(1) |  ✗ | ent=1.21 | top=1:0.55, 0:0.25
[2026-05-08 13:58:45]   [024/6498] | true=sitting(1) | pred=lying(0) |  ✗ | ent=0.69 | top=0:0.50, 1:0.50
[2026-05-08 13:58:56]   [025/6498] | true=sitting(1) | pred=sitting(1) |  ✓ | ent=1.03 | top=1:0.55, 0:0.35
[2026-05-08 13:59:20]   [026/6498] | true=lying(0) | pred=sitting(1) |  ✗ | ent=0.86 | top=1:0.50, 0:0.45
[2026-05-08 13:59:34]   [027/6498] | true=jogging(4) | pred=walking(3) |  ✗ | ent=0.22 | top=3:0.96, 0:0.01
[2026-05-08 13:59:56]   [028/6498] | true=lying(0) | pred=sitting(1) |  ✗ | ent=1.03 | top=1:0.55, 0:0.35
[2026-05-08 14:00:07]   [029/6498] | true=sitting(1) | pred=sitting(1) |  ✓ | ent=1.03 | top=1:0.55, 0:0.35
[2026-05-08 14:00:24]   [030/6498] | true=jogging(4) | pred=jogging(4) |  ✓ | ent=0.33 | top=4:0.90, 3:0.10
[2026-05-08 14:00:45]   [031/6498] | true=walking(3) | pred=jogging(4) |  ✗ | ent=0.42 | top=4:0.85, 3:0.15
[2026-05-08 14:01:07]   [032/6498] | true=standing(2) | pred=walking(3) |  ✗ | ent=0.49 | top=3:0.87, 4:0.10
[2026-05-08 14:01:26]   [033/6498] | true=sitting(1) | pred=jogging(4) |  ✗ | ent=0.55 | top=4:0.85, 3:0.11
[2026-05-08 14:01:52]   [034/6498] | true=sitting(1) | pred=lying(0) |  ✗ | ent=0.69 | top=0:0.55, 1:0.45
[2026-05-08 14:02:05]   [035/6498] | true=lying(0) | pred=lying(0) |  ✓ | ent=0.84 | top=0:0.65, 1:0.30
[2026-05-08 14:02:17]   [036/6498] | true=standing(2) | pred=standing(2) |  ✓ | ent=0.46 | top=2:0.90, 1:0.03
[2026-05-08 14:02:33]   [037/6498] | true=sitting(1) | pred=sitting(1) |  ✓ | ent=0.85 | top=1:0.55, 0:0.40
[2026-05-08 14:02:59]   [038/6498] | true=walking(3) | pred=jogging(4) |  ✗ | ent=0.93 | top=4:0.56, 3:0.38
[2026-05-08 14:03:12]   [039/6498] | true=standing(2) | pred=standing(2) |  ✓ | ent=0.24 | top=2:0.95, 1:0.03
[2026-05-08 14:03:21]   [040/6498] | true=jogging(4) | pred=jogging(4) |  ✓ | ent=0.53 | top=4:0.85, 3:0.12
[2026-05-08 14:03:32]   [041/6498] | true=lying(0) | pred=lying(0) |  ✓ | ent=0.79 | top=0:0.65, 1:0.30
[2026-05-08 14:03:55]   [042/6498] | true=sitting(1) | pred=lying(0) |  ✗ | ent=0.95 | top=0:0.45, 1:0.45
[2026-05-08 14:04:09]   [043/6498] | true=sitting(1) | pred=sitting(1) |  ✓ | ent=1.10 | top=1:0.60, 2:0.20
[2026-05-08 14:04:28]   [044/6498] | true=sitting(1) | pred=walking(3) |  ✗ | ent=0.61 | top=3:0.70, 4:0.30
[2026-05-08 14:04:49]   [045/6498] | true=lying(0) | pred=jogging(4) |  ✗ | ent=0.53 | top=4:0.85, 3:0.12
[2026-05-08 14:05:08]   [046/6498] | true=sitting(1) | pred=standing(2) |  ✗ | ent=0.34 | top=2:0.93, 1:0.03
[2026-05-08 14:05:31]   [047/6498] | true=walking(3) | pred=jogging(4) |  ✗ | ent=0.65 | top=4:0.65, 3:0.35
[2026-05-08 14:05:43]   [048/6498] | true=standing(2) | pred=standing(2) |  ✓ | ent=0.34 | top=2:0.93, 1:0.03
[2026-05-08 14:05:52]   [049/6498] | true=walking(3) | pred=walking(3) |  ✓ | ent=0.62 | top=3:0.85, 2:0.05
[2026-05-08 14:06:15]   [050/6498] | true=sitting(1) | pred=standing(2) |  ✗ | ent=0.74 | top=2:0.80, 1:0.10
[2026-05-08 14:06:28]   [051/6498] | true=standing(2) | pred=standing(2) |  ✓ | ent=0.74 | top=2:0.80, 1:0.10
[2026-05-08 14:06:41]   [052/6498] | true=standing(2) | pred=standing(2) |  ✓ | ent=0.60 | top=2:0.85, 1:0.08
[2026-05-08 14:06:53]   [053/6498] | true=jogging(4) | pred=jogging(4) |  ✓ | ent=0.20 | top=4:0.95, 3:0.05
[2026-05-08 14:07:19]   [054/6498] | true=lying(0) | pred=standing(2) |  ✗ | ent=0.52 | top=2:0.85, 1:0.10
[2026-05-08 14:07:31]   [055/6498] | true=lying(0) | pred=lying(0) |  ✓ | ent=1.05 | top=0:0.45, 1:0.45
[2026-05-08 14:07:52]   [056/6498] | true=sitting(1) | pred=lying(0) |  ✗ | ent=0.69 | top=0:0.50, 1:0.50
[2026-05-08 14:08:03]   [057/6498] | true=standing(2) | pred=standing(2) |  ✓ | ent=0.52 | top=2:0.88, 1:0.05
[2026-05-08 14:08:15]   [058/6498] | true=standing(2) | pred=standing(2) |  ✓ | ent=0.62 | top=2:0.85, 0:0.05
[2026-05-08 14:08:26]   [059/6498] | true=standing(2) | pred=standing(2) |  ✓ | ent=0.74 | top=2:0.80, 1:0.10
[2026-05-08 14:08:47]   [060/6498] | true=sitting(1) | pred=walking(3) |  ✗ | ent=0.20 | top=3:0.95, 4:0.05
[2026-05-08 14:08:57]   [061/6498] | true=walking(3) | pred=walking(3) |  ✓ | ent=0.36 | top=3:0.92, 4:0.05
[2026-05-08 14:09:05]   [062/6498] | true=sitting(1) | pred=sitting(1) |  ✓ | ent=1.03 | top=1:0.55, 0:0.35
[2026-05-08 14:09:25]   [063/6498] | true=lying(0) | pred=jogging(4) |  ✗ | ent=0.69 | top=4:0.55, 3:0.45
[2026-05-08 14:09:45]   [064/6498] | true=sitting(1) | pred=lying(0) |  ✗ | ent=0.69 | top=0:0.50, 1:0.50
[2026-05-08 14:10:08]   [065/6498] | true=lying(0) | pred=sitting(1) |  ✗ | ent=1.03 | top=1:0.55, 0:0.35
[2026-05-08 14:10:37]   [066/6498] | true=sitting(1) | pred=standing(2) |  ✗ | ent=0.46 | top=2:0.90, 1:0.03
[2026-05-08 14:11:05]   [067/6498] | true=sitting(1) | pred=lying(0) |  ✗ | ent=0.79 | top=0:0.65, 1:0.30
[2026-05-08 14:11:33]   [068/6498] | true=standing(2) | pred=sitting(1) |  ✗ | ent=1.20 | top=1:0.45, 2:0.35
[2026-05-08 14:11:44]   [069/6498] | true=standing(2) | pred=standing(2) |  ✓ | ent=0.46 | top=2:0.90, 1:0.03
[2026-05-08 14:11:54]   [070/6498] | true=lying(0) | pred=lying(0) |  ✓ | ent=0.69 | top=0:0.55, 1:0.45
[2026-05-08 14:12:03]   [071/6498] | true=jogging(4) | pred=jogging(4) |  ✓ | ent=0.20 | top=4:0.95, 3:0.05
[2026-05-08 14:12:16]   [072/6498] | true=standing(2) | pred=standing(2) |  ✓ | ent=0.74 | top=2:0.80, 1:0.10
[2026-05-08 14:12:35]   [073/6498] | true=sitting(1) | pred=walking(3) |  ✗ | ent=0.46 | top=3:0.90, 4:0.04
[2026-05-08 14:12:45]   [074/6498] | true=walking(3) | pred=walking(3) |  ✓ | ent=0.20 | top=3:0.95, 4:0.05
[2026-05-08 14:12:56]   [075/6498] | true=sitting(1) | pred=sitting(1) |  ✓ | ent=0.86 | top=1:0.50, 0:0.45
[2026-05-08 14:13:15]   [076/6498] | true=lying(0) | pred=sitting(1) |  ✗ | ent=0.85 | top=1:0.55, 0:0.40
[2026-05-08 14:13:29]   [077/6498] | true=standing(2) | pred=standing(2) |  ✓ | ent=0.74 | top=2:0.80, 1:0.10
[2026-05-08 14:13:47]   [078/6498] | true=standing(2) | pred=walking(3) |  ✗ | ent=0.20 | top=3:0.95, 4:0.05
[2026-05-08 14:13:54]   [079/6498] | true=walking(3) | pred=walking(3) |  ✓ | ent=0.22 | top=3:0.96, 0:0.01
[2026-05-08 14:14:02]   [080/6498] | true=standing(2) | pred=standing(2) |  ✓ | ent=0.46 | top=2:0.90, 1:0.03
[2026-05-08 14:14:16]   [081/6498] | true=sitting(1) | pred=sitting(1) |  ✓ | ent=1.00 | top=1:0.60, 2:0.30
[2026-05-08 14:14:25]   [082/6498] | true=jogging(4) | pred=jogging(4) |  ✓ | ent=0.33 | top=4:0.90, 3:0.10
[2026-05-08 14:14:38]   [083/6498] | true=sitting(1) | pred=sitting(1) |  ✓ | ent=0.99 | top=1:0.55, 0:0.35
[2026-05-08 14:14:47]   [084/6498] | true=sitting(1) | pred=sitting(1) |  ✓ | ent=1.20 | top=1:0.45, 2:0.35
[2026-05-08 14:15:08]   [085/6498] | true=sitting(1) | pred=standing(2) |  ✗ | ent=0.34 | top=2:0.93, 1:0.03
[2026-05-08 14:15:28]   [086/6498] | true=sitting(1) | pred=jogging(4) |  ✗ | ent=0.65 | top=4:0.65, 3:0.35
[2026-05-08 14:15:39]   [087/6498] | true=standing(2) | pred=standing(2) |  ✓ | ent=0.46 | top=2:0.90, 1:0.03
[2026-05-08 14:15:49]   [088/6498] | true=lying(0) | pred=lying(0) |  ✓ | ent=0.85 | top=0:0.55, 1:0.40
[2026-05-08 14:16:01]   [089/6498] | true=standing(2) | pred=standing(2) |  ✓ | ent=0.46 | top=2:0.90, 1:0.03
[2026-05-08 14:16:13]   [090/6498] | true=lying(0) | pred=lying(0) |  ✓ | ent=0.69 | top=0:0.55, 1:0.45
[2026-05-08 14:16:33]   [091/6498] | true=sitting(1) | pred=standing(2) |  ✗ | ent=0.46 | top=2:0.90, 1:0.03
[2026-05-08 14:16:42]   [092/6498] | true=lying(0) | pred=lying(0) |  ✓ | ent=0.89 | top=0:0.55, 1:0.40
[2026-05-08 14:17:12]   [093/6498] | true=standing(2) | pred=sitting(1) |  ✗ | ent=1.13 | top=1:0.50, 0:0.35
[2026-05-08 14:17:23]   [094/6498] | true=jogging(4) | pred=jogging(4) |  ✓ | ent=0.42 | top=4:0.90, 3:0.07
[2026-05-08 14:17:33]   [095/6498] | true=jogging(4) | pred=jogging(4) |  ✓ | ent=0.20 | top=4:0.95, 3:0.05
[2026-05-08 14:17:46]   [096/6498] | true=standing(2) | pred=standing(2) |  ✓ | ent=0.63 | top=2:0.82, 1:0.13
[2026-05-08 14:17:56]   [097/6498] | true=lying(0) | pred=lying(0) |  ✓ | ent=0.69 | top=0:0.50, 1:0.50
[2026-05-08 14:18:04]   [098/6498] | true=lying(0) | pred=lying(0) |  ✓ | ent=0.69 | top=0:0.50, 1:0.50
[2026-05-08 14:18:24]   [099/6498] | true=standing(2) | pred=walking(3) |  ✗ | ent=0.27 | top=3:0.95, 4:0.02
[2026-05-08 14:18:52]   [100/6498] | true=lying(0) | pred=walking(3) |  ✗ | ent=0.39 | top=3:0.92, 0:0.02
[2026-05-08 14:19:21]   [101/6498] | true=lying(0) | pred=standing(2) |  ✗ | ent=0.71 | top=2:0.80, 1:0.13
[2026-05-08 14:19:50]   [102/6498] | true=lying(0) | pred=sitting(1) |  ✗ | ent=0.97 | top=1:0.55, 0:0.30
[2026-05-08 14:20:12]   [103/6498] | true=lying(0) | pred=walking(3) |  ✗ | ent=0.39 | top=3:0.92, 0:0.02
[2026-05-08 14:20:36]   [104/6498] | true=sitting(1) | pred=lying(0) |  ✗ | ent=0.69 | top=0:0.50, 1:0.50
[2026-05-08 14:20:46]   [105/6498] | true=sitting(1) | pred=sitting(1) |  ✓ | ent=0.91 | top=1:0.50, 0:0.45
[2026-05-08 14:20:56]   [106/6498] | true=standing(2) | pred=standing(2) |  ✓ | ent=0.74 | top=2:0.80, 1:0.10
[2026-05-08 14:21:07]   [107/6498] | true=standing(2) | pred=standing(2) |  ✓ | ent=0.46 | top=2:0.90, 1:0.03
[2026-05-08 14:21:22]   [108/6498] | true=standing(2) | pred=standing(2) |  ✓ | ent=0.83 | top=2:0.75, 1:0.15
[2026-05-08 14:21:49]   [109/6498] | true=lying(0) | pred=lying(0) |  ✓ | ent=1.05 | top=0:0.45, 1:0.45
[2026-05-08 14:22:12]   [110/6498] | true=sitting(1) | pred=lying(0) |  ✗ | ent=0.83 | top=0:0.48, 1:0.48
[2026-05-08 14:22:27]   [111/6498] | true=standing(2) | pred=standing(2) |  ✓ | ent=0.48 | top=2:0.88, 1:0.08
[2026-05-08 14:22:39]   [112/6498] | true=sitting(1) | pred=sitting(1) |  ✓ | ent=0.86 | top=1:0.50, 0:0.45
[2026-05-08 14:22:50]   [113/6498] | true=lying(0) | pred=lying(0) |  ✓ | ent=0.89 | top=0:0.55, 1:0.40
[2026-05-08 14:23:13]   [114/6498] | true=lying(0) | pred=sitting(1) |  ✗ | ent=0.96 | top=1:0.65, 0:0.25
[2026-05-08 14:23:29]   [115/6498] | true=sitting(1) | pred=sitting(1) |  ✓ | ent=1.03 | top=1:0.55, 0:0.35
[2026-05-08 14:23:39]   [116/6498] | true=jogging(4) | pred=jogging(4) |  ✓ | ent=0.20 | top=4:0.95, 3:0.05
[2026-05-08 14:24:05]   [117/6498] | true=lying(0) | pred=lying(0) |  ✓ | ent=0.69 | top=0:0.50, 1:0.50
