[2026-04-27 10:42:37] [Proc 8] 启动，40秒后开始（避免并发冲突）
[2026-04-27 10:43:17] [数据] 从缓存加载: X_tr=/home/fandy/workplace/thesis/results/soft_labels/kuhar_X_tr.npy
[2026-04-27 10:43:17] [Proc 8] 类 8 (Jump): 2030样本, 目标400, 已有0, 需生成400
[2026-04-27 10:44:03]   [1/400 · 0%] idx=27: ✅REAL max=0.190 (46259ms) ETA=18457s
[2026-04-27 10:44:54]   [2/400 · 0%] idx=44: ✅REAL max=0.210 (50451ms) ETA=19447s
[2026-04-27 10:45:29]   [3/400 · 1%] idx=75: ✅REAL max=0.300 (33586ms) ETA=17511s
[2026-04-27 10:47:39]   [4/400 · 1%] idx=121: ✅REAL max=0.300 (43416ms) ETA=25956s
[2026-04-27 10:49:59]   [5/400 · 1%] idx=136: ✅REAL max=0.450 (54016ms) ETA=31797s
[2026-04-27 10:50:44]   [6/400 · 2%] idx=141: ✅REAL max=0.420 (43552ms) ETA=29357s
[2026-04-27 10:52:38]   [7/400 · 2%] idx=142: ✅REAL max=0.260 (44380ms) ETA=31488s
[2026-04-27 10:56:04]   [8/400 · 2%] idx=167: ✅REAL max=0.450 (150336ms) ETA=36522s
[2026-04-27 11:22:35]   [9/400 · 2%] idx=256: ✅REAL max=0.270 (1527372ms) ETA=102477s
[2026-04-27 11:32:36] [Proc 8] 启动，40秒后开始（避免并发冲突）
[2026-04-27 11:33:16] [数据] 从缓存加载: X_tr=/home/fandy/workplace/thesis/results/soft_labels/kuhar_X_tr.npy
[2026-04-27 11:33:16] [Proc 8] 类 8 (Jump): 2030样本, 目标400, 已有9, 需生成391
[2026-04-27 11:34:23]   [1/391 · 0%] idx=279: ✅REAL max=0.435 (66609ms) ETA=25978s
[2026-04-27 11:35:32]   [2/391 · 1%] idx=344: ✅REAL max=0.450 (68599ms) ETA=26494s
[2026-04-27 11:37:12]   [3/391 · 1%] idx=349: ✅REAL max=0.350 (98749ms) ETA=30518s
[2026-04-27 11:37:54]   [4/391 · 1%] idx=421: ✅REAL max=0.595 (40416ms) ETA=26837s
[2026-04-27 11:38:50]   [5/391 · 1%] idx=433: ✅REAL max=0.400 (55117ms) ETA=25747s
[2026-04-27 11:39:46]   [6/391 · 2%] idx=489: ✅REAL max=0.560 (55752ms) ETA=25042s
[2026-04-27 11:40:36]   [7/391 · 2%] idx=534: ✅REAL max=0.440 (48187ms) ETA=24107s
[2026-04-27 11:42:13]   [8/391 · 2%] idx=538: ✅REAL max=0.400 (96161ms) ETA=25691s
[2026-04-27 11:43:24]   [9/391 · 2%] idx=601: ✅REAL max=0.300 (69695ms) ETA=25778s
[2026-04-27 11:44:13]   [10/391 · 3%] idx=607: ✅REAL max=0.300 (48257ms) ETA=25016s
[2026-04-27 11:45:39]   [11/391 · 3%] idx=610: ✅REAL max=0.300 (85104ms) ETA=25657s
[2026-04-27 11:46:22]   [12/391 · 3%] idx=619: ✅REAL max=0.200 (41888ms) ETA=24812s
[2026-04-27 11:47:08]   [13/391 · 3%] idx=626: ✅REAL max=0.220 (45427ms) ETA=24193s
[2026-04-27 11:47:56]   [14/391 · 4%] idx=634: ✅REAL max=0.300 (47182ms) ETA=23703s
[2026-04-27 11:48:56]   [15/391 · 4%] idx=643: ✅REAL max=0.300 (58543ms) ETA=23557s
[2026-04-27 11:50:01]   [16/391 · 4%] idx=679: ✅REAL max=0.400 (63938ms) ETA=23548s
[2026-04-27 11:50:40]   [17/391 · 4%] idx=690: ✅REAL max=0.400 (38074ms) ETA=22963s
[2026-04-27 11:51:25]   [18/391 · 5%] idx=730: ✅REAL max=0.540 (44162ms) ETA=22565s
[2026-04-27 11:52:25]   [19/391 · 5%] idx=749: ✅REAL max=0.350 (58448ms) ETA=22484s
[2026-04-27 11:53:02]   [20/391 · 5%] idx=760: ✅REAL max=0.250 (36246ms) ETA=21994s
[2026-04-27 11:53:02]   💾 [20/391] 进度已保存
[2026-04-27 11:53:45]   [21/391 · 5%] idx=813: ✅REAL max=0.400 (42256ms) ETA=21652s
[2026-04-27 11:54:52]   [22/391 · 6%] idx=869: ✅REAL max=0.310 (66029ms) ETA=21737s
[2026-04-27 11:55:26]   [23/391 · 6%] idx=889: ✅REAL max=0.250 (32600ms) ETA=21273s
[2026-04-27 11:56:04]   [24/391 · 6%] idx=909: ✅REAL max=0.300 (37247ms) ETA=20916s
[2026-04-27 11:56:41]   [25/391 · 6%] idx=962: ✅REAL max=0.300 (35578ms) ETA=20560s
[2026-04-27 11:57:37]   [26/391 · 7%] idx=977: ✅REAL max=0.462 (54996ms) ETA=20502s
[2026-04-27 11:58:42]   [27/391 · 7%] idx=985: ✅REAL max=0.350 (64201ms) ETA=20567s
[2026-04-27 11:59:32]   [28/391 · 7%] idx=1029: ✅REAL max=0.450 (48897ms) ETA=20425s
[2026-04-27 12:00:10]   [29/391 · 7%] idx=1041: ✅REAL max=0.300 (37485ms) ETA=20147s
[2026-04-27 12:00:54]   [30/391 · 8%] idx=1066: ✅REAL max=0.570 (42730ms) ETA=19948s
[2026-04-27 12:01:57]   [31/391 · 8%] idx=1079: ✅REAL max=0.230 (61822ms) ETA=19981s
[2026-04-27 12:02:40]   [32/391 · 8%] idx=1116: ✅REAL max=0.350 (42334ms) ETA=19789s
[2026-04-27 12:03:20]   [33/391 · 8%] idx=1121: ✅REAL max=0.350 (38874ms) ETA=19568s
[2026-04-27 12:03:58]   [34/391 · 9%] idx=1196: ✅REAL max=0.450 (37407ms) ETA=19343s
[2026-04-27 12:05:00]   [35/391 · 9%] idx=1207: ✅REAL max=0.600 (60328ms) ETA=19361s
[2026-04-27 12:05:34]   [36/391 · 9%] idx=1229: ✅REAL max=0.480 (33589ms) ETA=19112s
[2026-04-27 12:06:30]   [37/391 · 9%] idx=1265: ✅REAL max=0.270 (54542ms) ETA=19074s
[2026-04-27 12:06:58]   [38/391 · 10%] idx=1272: ✅REAL max=0.250 (26843ms) ETA=18779s
[2026-04-27 12:07:37]   [39/391 · 10%] idx=1284: ✅REAL max=0.550 (38228ms) ETA=18599s
[2026-04-27 12:08:26]   [40/391 · 10%] idx=1288: ✅REAL max=0.200 (47781ms) ETA=18511s
[2026-04-27 12:08:26]   💾 [40/391] 进度已保存
[2026-04-27 12:09:30]   [41/391 · 10%] idx=1368: ✅REAL max=0.350 (63402ms) ETA=18558s
[2026-04-27 12:10:17]   [42/391 · 11%] idx=1399: ✅REAL max=0.350 (45727ms) ETA=18453s
[2026-04-27 12:11:05]   [43/391 · 11%] idx=1437: ✅REAL max=0.200 (47249ms) ETA=18362s
[2026-04-27 12:12:09]   [44/391 · 11%] idx=1452: ✅REAL max=0.220 (63025ms) ETA=18398s
[2026-04-27 12:13:03]   [45/391 · 12%] idx=1461: ✅REAL max=0.123 (53223ms) ETA=18355s
[2026-04-27 12:13:41]   [46/391 · 12%] idx=1463: ✅REAL max=0.350 (36295ms) ETA=18184s
[2026-04-27 12:14:01]   [47/391 · 12%] idx=1502: ✅REAL max=0.300 (19424ms) ETA=17895s
[2026-04-27 12:15:16]   [48/391 · 12%] idx=1710: ✅REAL max=0.350 (74249ms) ETA=18009s
[2026-04-27 12:15:55]   [49/391 · 13%] idx=1714: ✅REAL max=0.290 (37361ms) ETA=17857s
[2026-04-27 12:16:54]   [50/391 · 13%] idx=1753: ✅REAL max=0.455 (58327ms) ETA=17854s
[2026-04-27 12:17:58]   [51/391 · 13%] idx=1769: ✅REAL max=0.250 (62763ms) ETA=17877s
[2026-04-27 12:18:47]   [52/391 · 13%] idx=1800: ✅REAL max=0.300 (48136ms) ETA=17802s
[2026-04-27 12:19:20]   [53/391 · 14%] idx=1811: ✅REAL max=0.300 (32448ms) ETA=17628s
[2026-04-27 12:19:59]   [54/391 · 14%] idx=1857: ✅REAL max=0.250 (37267ms) ETA=17490s
[2026-04-27 12:20:52]   [55/391 · 14%] idx=1861: ✅REAL max=0.550 (52040ms) ETA=17445s
[2026-04-27 12:21:22]   [56/391 · 14%] idx=1862: ✅REAL max=0.650 (29757ms) ETA=17266s
[2026-04-27 12:22:40]   [57/391 · 15%] idx=1865: ✅REAL max=0.300 (76778ms) ETA=17368s
[2026-04-27 12:23:24]   [58/391 · 15%] idx=1870: ✅REAL max=0.220 (42404ms) ETA=17267s
[2026-04-27 12:24:00]   [59/391 · 15%] idx=1872: ✅REAL max=0.350 (34941ms) ETA=17126s
[2026-04-27 12:24:41]   [60/391 · 15%] idx=1893: ✅REAL max=0.350 (40362ms) ETA=17018s
[2026-04-27 12:24:41]   💾 [60/391] 进度已保存
[2026-04-27 12:25:27]   [61/391 · 16%] idx=1965: ✅REAL max=0.350 (45187ms) ETA=16938s
[2026-04-27 12:26:05]   [62/391 · 16%] idx=1973: ✅REAL max=0.440 (37233ms) ETA=16817s
[2026-04-27 12:26:54]   [63/391 · 16%] idx=1975: ✅REAL max=0.350 (47170ms) ETA=16751s
[2026-04-27 12:27:22]   [64/391 · 16%] idx=1980: ✅REAL max=0.429 (27332ms) ETA=16584s
[2026-04-27 12:28:08]   [65/391 · 17%] idx=2004: ✅REAL max=0.350 (45403ms) ETA=16511s
[2026-04-27 12:30:13]   [66/391 · 17%] idx=2006: ✅REAL max=0.420 (47648ms) ETA=16826s
[2026-04-27 12:31:25]   [67/391 · 17%] idx=2050: ✅REAL max=0.260 (71101ms) ETA=16872s
[2026-04-27 12:32:06]   [68/391 · 17%] idx=2059: ✅REAL max=0.470 (40205ms) ETA=16769s
[2026-04-27 12:33:14]   [69/391 · 18%] idx=2095: ✅REAL max=0.380 (66203ms) ETA=16788s
[2026-04-27 12:33:54]   [70/391 · 18%] idx=2116: ✅REAL max=0.400 (39648ms) ETA=16683s
[2026-04-27 12:34:53]   [71/391 · 18%] idx=2147: ✅REAL max=0.290 (58180ms) ETA=16664s
[2026-04-27 12:35:33]   [72/391 · 18%] idx=2157: ✅REAL max=0.350 (38071ms) ETA=16554s
[2026-04-27 12:36:25]   [73/391 · 19%] idx=2194: ✅REAL max=0.350 (51165ms) ETA=16503s
[2026-04-27 12:38:59]   [74/391 · 19%] idx=2198: ✅REAL max=0.390 (48121ms) ETA=16891s
[2026-04-27 12:41:19]   [75/391 · 19%] idx=2199: ✅REAL max=0.250 (77770ms) ETA=17200s
[2026-04-27 12:41:58]   [76/391 · 19%] idx=2225: ✅REAL max=0.450 (38527ms) ETA=17084s
[2026-04-27 12:42:31]   [77/391 · 20%] idx=2229: ✅REAL max=0.190 (32329ms) ETA=16945s
[2026-04-27 12:43:23]   [78/391 · 20%] idx=2231: ✅REAL max=0.275 (50701ms) ETA=16882s
[2026-04-27 12:44:30]   [79/391 · 20%] idx=2256: ✅REAL max=0.430 (66146ms) ETA=16880s
[2026-04-27 12:45:21]   [80/391 · 20%] idx=2276: ✅REAL max=0.200 (50119ms) ETA=16814s
[2026-04-27 12:45:21]   💾 [80/391] 进度已保存
[2026-04-27 12:46:17]   [81/391 · 21%] idx=2297: ✅REAL max=0.290 (54721ms) ETA=16767s
[2026-04-27 12:46:57]   [82/391 · 21%] idx=2305: ✅REAL max=0.500 (38414ms) ETA=16657s
[2026-04-27 12:48:07]   [83/391 · 21%] idx=2307: ✅REAL max=0.440 (69679ms) ETA=16666s
[2026-04-27 12:48:58]   [84/391 · 21%] idx=2322: ✅REAL max=0.446 (49745ms) ETA=16599s
[2026-04-27 12:49:33]   [85/391 · 22%] idx=2358: ✅REAL max=0.480 (34259ms) ETA=16478s
[2026-04-27 12:50:42]   [86/391 · 22%] idx=2365: ✅REAL max=0.440 (67490ms) ETA=16476s
[2026-04-27 12:51:36]   [87/391 · 22%] idx=2408: ✅REAL max=0.678 (52852ms) ETA=16421s
[2026-04-27 12:52:25]   [88/391 · 23%] idx=2428: ✅REAL max=0.440 (48772ms) ETA=16352s
[2026-04-27 12:52:56]   [89/391 · 23%] idx=2486: ✅REAL max=0.360 (29256ms) ETA=16218s
[2026-04-27 12:53:42]   [90/391 · 23%] idx=2511: ✅REAL max=0.642 (45064ms) ETA=16139s
[2026-04-27 12:54:33]   [91/391 · 23%] idx=2512: ✅REAL max=0.450 (49860ms) ETA=16076s
[2026-04-27 12:55:48]   [92/391 · 24%] idx=2537: ✅REAL max=0.500 (73928ms) ETA=16092s
[2026-04-27 12:56:33]   [93/391 · 24%] idx=2595: ✅REAL max=0.250 (44312ms) ETA=16011s
[2026-04-27 12:57:36]   [94/391 · 24%] idx=2601: ✅REAL max=0.450 (61692ms) ETA=15985s
[2026-04-27 12:58:23]   [95/391 · 24%] idx=2645: ✅REAL max=0.550 (46679ms) ETA=15912s
[2026-04-27 12:59:30]   [96/391 · 25%] idx=2649: ✅REAL max=0.280 (65661ms) ETA=15898s
[2026-04-27 13:00:23]   [97/391 · 25%] idx=2737: ✅REAL max=0.440 (52279ms) ETA=15843s
[2026-04-27 13:11:43] [Proc 8] 启动，40秒后开始（避免并发冲突）
[2026-04-27 13:12:23] [数据] 从缓存加载: X_tr=/home/fandy/workplace/thesis/results/soft_labels/kuhar_X_tr.npy
[2026-04-27 13:12:23] [Proc 8] 类 8 (Jump): 2030样本, 目标400, 已有106, 需生成294
[2026-04-27 13:13:07]   [1/294 · 0%] idx=2805: ✅REAL max=0.360 (43665ms) ETA=12794s
[2026-04-27 13:14:17]   [2/294 · 1%] idx=2840: ✅REAL max=0.450 (68929ms) ETA=16587s
[2026-04-27 13:16:13]   [3/294 · 1%] idx=2901: ✅REAL max=0.521 (114836ms) ETA=22257s
[2026-04-27 13:16:46]   [4/294 · 1%] idx=2907: ✅REAL max=0.420 (32318ms) ETA=19051s
[2026-04-27 13:18:08]   [5/294 · 2%] idx=2957: ✅REAL max=0.280 (81120ms) ETA=19935s
[2026-04-27 13:19:01]   [6/294 · 2%] idx=2958: ✅REAL max=0.380 (52401ms) ETA=19119s
[2026-04-27 13:19:47]   [7/294 · 2%] idx=2965: ✅REAL max=0.530 (44660ms) ETA=18203s
[2026-04-27 13:20:52]   [8/294 · 3%] idx=2978: ✅REAL max=0.400 (64331ms) ETA=18208s
[2026-04-27 13:21:50]   [9/294 · 3%] idx=3009: ✅REAL max=0.510 (56774ms) ETA=17958s
[2026-04-27 13:22:37]   [10/294 · 3%] idx=3036: ✅REAL max=0.350 (45372ms) ETA=17422s
[2026-04-27 13:23:41]   [11/294 · 4%] idx=3071: ✅REAL max=0.287 (63451ms) ETA=17441s
[2026-04-27 13:24:28]   [12/294 · 4%] idx=3081: ✅REAL max=0.290 (45927ms) ETA=17034s
[2026-04-27 13:25:07]   [13/294 · 4%] idx=3096: ✅REAL max=0.640 (37654ms) ETA=16504s
[2026-04-27 13:26:17]   [14/294 · 5%] idx=3158: ✅REAL max=0.250 (69292ms) ETA=16676s
[2026-04-27 13:27:40]   [15/294 · 5%] idx=3206: ✅REAL max=0.340 (82149ms) ETA=17055s
[2026-04-27 13:28:26]   [16/294 · 5%] idx=3210: ✅REAL max=0.680 (44599ms) ETA=16725s
[2026-04-27 13:29:26]   [17/294 · 6%] idx=3264: ✅REAL max=0.290 (58844ms) ETA=16659s
[2026-04-27 13:30:08]   [18/294 · 6%] idx=3291: ✅REAL max=0.400 (41470ms) ETA=16328s
[2026-04-27 13:32:48]   [19/294 · 6%] idx=3314: ✅REAL max=0.450 (71754ms) ETA=17730s
[2026-04-27 13:33:47]   [20/294 · 7%] idx=3322: ✅REAL max=0.320 (57986ms) ETA=17590s
[2026-04-27 13:33:47]   💾 [20/294] 进度已保存
[2026-04-27 13:34:37]   [21/294 · 7%] idx=3331: ✅REAL max=0.430 (48660ms) ETA=17337s
[2026-04-27 13:35:29]   [22/294 · 7%] idx=3410: ✅REAL max=0.285 (50961ms) ETA=17131s
[2026-04-27 13:36:20]   [23/294 · 8%] idx=3413: ✅REAL max=0.320 (49963ms) ETA=16926s
[2026-04-27 13:37:11]   [24/294 · 8%] idx=3433: ✅REAL max=0.380 (50391ms) ETA=16739s
[2026-04-27 13:37:57]   [25/294 · 9%] idx=3434: ✅REAL max=0.290 (44918ms) ETA=16504s
[2026-04-27 13:39:01]   [26/294 · 9%] idx=3437: ✅REAL max=0.550 (62542ms) ETA=16466s
[2026-04-27 13:39:39]   [27/294 · 9%] idx=3460: ✅REAL max=0.250 (37598ms) ETA=16178s
[2026-04-27 13:40:22]   [28/294 · 10%] idx=3500: ✅REAL max=0.460 (41420ms) ETA=15945s
[2026-04-27 13:41:14]   [29/294 · 10%] idx=3594: ✅REAL max=0.450 (51630ms) ETA=15819s
[2026-04-27 13:43:00]   [30/294 · 10%] idx=3599: ✅REAL max=0.300 (41734ms) ETA=16162s
[2026-04-27 13:43:46]   [31/294 · 11%] idx=3607: ✅REAL max=0.400 (45715ms) ETA=15978s
[2026-04-27 13:44:40]   [32/294 · 11%] idx=3707: ✅REAL max=0.290 (52144ms) ETA=15855s
[2026-04-27 13:48:28]   [33/294 · 11%] idx=3737: ✅REAL max=0.520 (51977ms) ETA=17123s
[2026-04-27 13:49:29]   [34/294 · 12%] idx=3738: ✅REAL max=0.450 (60148ms) ETA=17024s
[2026-04-27 13:50:51]   [35/294 · 12%] idx=3764: ✅REAL max=0.400 (80544ms) ETA=17077s
[2026-04-27 13:51:50]   [36/294 · 12%] idx=3788: ✅REAL max=0.540 (58624ms) ETA=16966s
[2026-04-27 13:53:22]   [37/294 · 13%] idx=3913: ✅REAL max=0.450 (90196ms) ETA=17077s
[2026-04-27 13:54:21]   [38/294 · 13%] idx=3935: ✅REAL max=0.320 (58556ms) ETA=16964s
[2026-04-27 13:55:36]   [39/294 · 13%] idx=4011: ✅REAL max=0.390 (74077ms) ETA=16956s
[2026-04-27 13:56:41]   [40/294 · 14%] idx=4012: ✅REAL max=0.510 (63463ms) ETA=16876s
[2026-04-27 13:56:41]   💾 [40/294] 进度已保存
[2026-04-27 13:57:52]   [41/294 · 14%] idx=4088: ✅REAL max=0.250 (69736ms) ETA=16836s
[2026-04-27 13:58:57]   [42/294 · 14%] idx=4130: ✅REAL max=0.450 (64767ms) ETA=16765s
[2026-04-27 14:00:01]   [43/294 · 15%] idx=4138: ✅REAL max=0.350 (62828ms) ETA=16683s
[2026-04-27 14:00:43]   [44/294 · 15%] idx=4158: ✅REAL max=0.300 (40666ms) ETA=16476s
[2026-04-27 14:01:50]   [45/294 · 15%] idx=4166: ✅REAL max=0.330 (65727ms) ETA=16414s
[2026-04-27 14:03:03]   [46/294 · 16%] idx=4170: ✅REAL max=0.300 (72864ms) ETA=16391s
[2026-04-27 14:03:47]   [47/294 · 16%] idx=4184: ✅REAL max=0.440 (42608ms) ETA=16207s
[2026-04-27 14:04:29]   [48/294 · 16%] idx=4206: ✅REAL max=0.400 (40897ms) ETA=16020s
[2026-04-27 14:05:40]   [49/294 · 17%] idx=4213: ✅REAL max=0.290 (70232ms) ETA=15985s
[2026-04-27 14:06:20]   [50/294 · 17%] idx=4336: ✅REAL max=0.350 (38685ms) ETA=15795s
[2026-04-27 14:07:20]   [51/294 · 17%] idx=4339: ✅REAL max=0.350 (59047ms) ETA=15708s
[2026-04-27 14:07:56]   [52/294 · 18%] idx=4351: ✅REAL max=0.450 (35547ms) ETA=15513s
[2026-04-27 14:09:02]   [53/294 · 18%] idx=4363: ✅REAL max=0.280 (64460ms) ETA=15455s
[2026-04-27 14:10:30]   [54/294 · 18%] idx=4368: ✅REAL max=0.500 (87559ms) ETA=15499s
[2026-04-27 14:11:20]   [55/294 · 19%] idx=4403: ✅REAL max=0.400 (48077ms) ETA=15368s
[2026-04-27 14:12:17]   [56/294 · 19%] idx=4420: ✅REAL max=0.450 (56428ms) ETA=15274s
[2026-04-27 14:13:37]   [57/294 · 19%] idx=4441: ✅REAL max=0.450 (78950ms) ETA=15275s
[2026-04-27 14:14:24]   [58/294 · 20%] idx=4448: ✅REAL max=0.280 (46417ms) ETA=15142s
[2026-04-27 14:15:15]   [59/294 · 20%] idx=4469: ✅REAL max=0.350 (49946ms) ETA=15025s
[2026-04-27 14:16:16]   [60/294 · 20%] idx=4519: ✅REAL max=0.400 (59666ms) ETA=14948s
[2026-04-27 14:16:16]   💾 [60/294] 进度已保存
[2026-04-27 14:17:34]   [61/294 · 21%] idx=4524: ✅REAL max=0.252 (76637ms) ETA=14937s
[2026-04-27 14:18:47]   [62/294 · 21%] idx=4585: ✅REAL max=0.250 (72052ms) ETA=14906s
[2026-04-27 14:19:45]   [63/294 · 21%] idx=4596: ✅REAL max=0.200 (57610ms) ETA=14821s
[2026-04-27 14:22:51]   [64/294 · 22%] idx=4713: ✅REAL max=0.460 (108573ms) ETA=15194s
[2026-04-27 14:24:05]   [65/294 · 22%] idx=4724: ✅REAL max=0.350 (72792ms) ETA=15156s
[2026-04-27 14:25:19]   [66/294 · 22%] idx=4733: ✅REAL max=0.470 (72997ms) ETA=15116s
[2026-04-27 14:26:34]   [67/294 · 23%] idx=4734: ✅REAL max=0.320 (73685ms) ETA=15079s
[2026-04-27 14:27:20]   [68/294 · 23%] idx=4840: ✅REAL max=0.550 (45071ms) ETA=14945s
[2026-04-27 14:28:12]   [69/294 · 23%] idx=4845: ✅REAL max=0.452 (51683ms) ETA=14835s
[2026-04-27 14:28:48]   [70/294 · 24%] idx=4873: ✅REAL max=0.562 (34773ms) ETA=14672s
[2026-04-27 14:31:22]   [71/294 · 24%] idx=4877: ✅REAL max=0.560 (59436ms) ETA=14883s
[2026-04-27 14:32:17]   [72/294 · 24%] idx=4898: ✅REAL max=0.330 (53914ms) ETA=14780s
[2026-04-27 14:33:09]   [73/294 · 25%] idx=4924: ✅REAL max=0.450 (51091ms) ETA=14670s
[2026-04-27 14:34:28]   [74/294 · 25%] idx=5156: ✅REAL max=0.680 (78409ms) ETA=14642s
[2026-04-27 14:35:36]   [75/294 · 26%] idx=5157: ✅REAL max=0.270 (66892ms) ETA=14580s
[2026-04-27 14:36:38]   [76/294 · 26%] idx=5174: ✅REAL max=0.300 (60595ms) ETA=14499s
[2026-04-27 14:37:09]   [77/294 · 26%] idx=5241: ✅REAL max=0.380 (30658ms) ETA=14334s
[2026-04-27 14:37:54]   [78/294 · 27%] idx=5357: ✅REAL max=0.260 (43681ms) ETA=14209s
[2026-04-27 14:38:54]   [79/294 · 27%] idx=5393: ✅REAL max=0.200 (59232ms) ETA=14128s
[2026-04-27 14:40:25]   [80/294 · 27%] idx=5446: ✅REAL max=0.450 (89697ms) ETA=14129s
[2026-04-27 14:40:25]   💾 [80/294] 进度已保存
[2026-04-27 14:41:28]   [81/294 · 28%] idx=5485: ✅REAL max=0.350 (62304ms) ETA=14056s
[2026-04-27 14:42:36]   [82/294 · 28%] idx=5525: ✅REAL max=0.320 (66296ms) ETA=13993s
[2026-04-27 14:43:42]   [83/294 · 28%] idx=5592: ✅REAL max=0.280 (64982ms) ETA=13927s
[2026-04-27 14:44:55]   [84/294 · 29%] idx=5611: ✅REAL max=0.350 (72622ms) ETA=13880s
[2026-04-27 14:47:50]   [85/294 · 29%] idx=5621: ✅REAL max=0.560 (173463ms) ETA=14081s
[2026-04-27 14:48:57]   [86/294 · 29%] idx=5628: ✅REAL max=0.400 (66084ms) ETA=14013s
[2026-04-27 14:49:55]   [87/294 · 30%] idx=5669: ✅REAL max=0.520 (57092ms) ETA=13923s
[2026-04-27 14:51:24]   [88/294 · 30%] idx=5697: ✅REAL max=0.270 (88476ms) ETA=13908s
[2026-04-27 14:52:04]   [89/294 · 30%] idx=5719: ✅REAL max=0.220 (38827ms) ETA=13777s
[2026-04-27 14:53:44]   [90/294 · 31%] idx=5738: ✅REAL max=0.550 (99217ms) ETA=13784s
[2026-04-27 14:54:32]   [91/294 · 31%] idx=5771: ✅REAL max=0.558 (46392ms) ETA=13672s
[2026-04-27 14:55:23]   [92/294 · 31%] idx=5788: ✅REAL max=0.180 (50303ms) ETA=13569s
[2026-04-27 14:56:32]   [93/294 · 32%] idx=5798: ✅REAL max=0.615 (67840ms) ETA=13506s
[2026-04-27 15:01:28]   [94/294 · 32%] idx=5807: ✅REAL max=0.320 (294934ms) ETA=13925s
[2026-04-27 15:02:31]   [95/294 · 32%] idx=5840: ✅REAL max=0.250 (62371ms) ETA=13842s
[2026-04-27 15:03:11]   [96/294 · 33%] idx=5863: ✅REAL max=0.350 (38981ms) ETA=13712s
[2026-04-27 15:04:04]   [97/294 · 33%] idx=5886: ✅REAL max=0.550 (51369ms) ETA=13608s
[2026-04-27 15:04:48]   [98/294 · 33%] idx=5950: ✅REAL max=0.350 (43102ms) ETA=13489s
[2026-04-27 15:05:59]   [99/294 · 34%] idx=5962: ✅REAL max=0.300 (69980ms) ETA=13425s
[2026-04-27 15:08:33]   [100/294 · 34%] idx=5973: ✅REAL max=0.270 (78177ms) ETA=13521s
[2026-04-27 15:08:33]   💾 [100/294] 进度已保存
[2026-04-27 15:09:11]   [101/294 · 34%] idx=5994: ✅REAL max=0.450 (37415ms) ETA=13391s
[2026-04-27 15:10:00]   [102/294 · 35%] idx=6072: ✅REAL max=0.420 (47983ms) ETA=13284s
[2026-04-27 15:10:59]   [103/294 · 35%] idx=6083: ✅REAL max=0.330 (57794ms) ETA=13195s
[2026-04-27 15:12:06]   [104/294 · 35%] idx=6092: ✅REAL max=0.350 (66454ms) ETA=13123s
[2026-04-27 15:12:51]   [105/294 · 36%] idx=6107: ✅REAL max=0.270 (43548ms) ETA=13010s
[2026-04-27 15:14:01]   [106/294 · 36%] idx=6189: ✅REAL max=0.257 (69372ms) ETA=12944s
[2026-04-27 15:14:50]   [107/294 · 36%] idx=6210: ✅REAL max=0.330 (48114ms) ETA=12841s
[2026-04-27 15:15:34]   [108/294 · 37%] idx=6218: ✅REAL max=0.370 (42382ms) ETA=12728s
[2026-04-27 15:16:50]   [109/294 · 37%] idx=6256: ✅REAL max=0.400 (75164ms) ETA=12673s
[2026-04-27 15:17:53]   [110/294 · 37%] idx=6257: ✅REAL max=0.355 (62421ms) ETA=12596s
[2026-04-27 15:20:50]   [111/294 · 38%] idx=6291: ✅REAL max=0.200 (97649ms) ETA=12705s
[2026-04-27 15:21:42]   [112/294 · 38%] idx=6294: ✅REAL max=0.340 (51068ms) ETA=12608s
[2026-04-27 15:23:13]   [113/294 · 38%] idx=6303: ✅REAL max=0.300 (90762ms) ETA=12574s
[2026-04-27 15:24:36]   [114/294 · 39%] idx=6402: ✅REAL max=0.350 (81086ms) ETA=12525s
[2026-04-27 15:25:34]   [115/294 · 39%] idx=6443: ✅REAL max=0.330 (57105ms) ETA=12437s
[2026-04-27 15:26:35]   [116/294 · 39%] idx=6451: ✅REAL max=0.280 (60266ms) ETA=12355s
[2026-04-27 15:27:44]   [117/294 · 40%] idx=6484: ✅REAL max=0.510 (67593ms) ETA=12285s
[2026-04-27 15:28:49]   [118/294 · 40%] idx=6512: ✅REAL max=0.300 (64746ms) ETA=12210s
[2026-04-27 15:29:39]   [119/294 · 40%] idx=6526: ✅REAL max=0.306 (48665ms) ETA=12111s
[2026-04-27 15:30:23]   [120/294 · 41%] idx=6535: ✅REAL max=0.240 (43368ms) ETA=12006s
[2026-04-27 15:30:23]   💾 [120/294] 进度已保存
[2026-04-27 15:31:05]   [121/294 · 41%] idx=6536: ✅REAL max=0.515 (41122ms) ETA=11899s
[2026-04-27 15:32:16]   [122/294 · 41%] idx=6630: ✅REAL max=0.450 (69235ms) ETA=11832s
[2026-04-27 15:33:09]   [123/294 · 42%] idx=6655: ✅REAL max=0.450 (52452ms) ETA=11742s
[2026-04-27 15:33:58]   [124/294 · 42%] idx=6689: ✅REAL max=0.400 (47441ms) ETA=11646s
[2026-04-27 15:34:33]   [125/294 · 43%] idx=6730: ✅REAL max=0.340 (34598ms) ETA=11533s
[2026-04-27 15:35:32]   [126/294 · 43%] idx=6798: ✅REAL max=0.450 (57533ms) ETA=11451s
[2026-04-27 15:36:57]   [127/294 · 43%] idx=6836: ✅REAL max=0.400 (83905ms) ETA=11405s
[2026-04-27 15:38:25]   [128/294 · 44%] idx=6867: ✅REAL max=0.350 (87554ms) ETA=11363s
[2026-04-27 15:41:18]   [129/294 · 44%] idx=6912: ✅REAL max=0.180 (104538ms) ETA=11428s
[2026-04-27 15:46:06]   [130/294 · 44%] idx=6941: ✅REAL max=0.290 (195749ms) ETA=11635s
[2026-04-27 15:47:01]   [131/294 · 45%] idx=7002: ✅REAL max=0.280 (53255ms) ETA=11544s
[2026-04-27 15:48:19]   [132/294 · 45%] idx=7036: ✅REAL max=0.350 (77031ms) ETA=11482s
[2026-04-27 15:49:33]   [133/294 · 45%] idx=7046: ✅REAL max=0.410 (73754ms) ETA=11416s
[2026-04-27 15:51:33]   [134/294 · 46%] idx=7111: ✅REAL max=0.390 (119052ms) ETA=11403s
[2026-04-27 15:53:08]   [135/294 · 46%] idx=7126: ✅REAL max=0.390 (93789ms) ETA=11360s
[2026-04-27 15:54:08]   [136/294 · 46%] idx=7135: ✅REAL max=0.446 (59168ms) ETA=11275s
[2026-04-27 15:54:52]   [137/294 · 47%] idx=7242: ✅REAL max=0.480 (43031ms) ETA=11173s
[2026-04-27 15:55:50]   [138/294 · 47%] idx=7251: ✅REAL max=0.547 (56151ms) ETA=11086s
[2026-04-27 15:56:58]   [139/294 · 47%] idx=7301: ✅REAL max=0.349 (67822ms) ETA=11012s
[2026-04-27 15:59:26]   [140/294 · 48%] idx=7318: ✅REAL max=0.500 (63784ms) ETA=11025s
[2026-04-27 15:59:26]   💾 [140/294] 进度已保存
[2026-04-27 16:00:31]   [141/294 · 48%] idx=7352: ✅REAL max=0.465 (64371ms) ETA=10947s
[2026-04-27 16:01:28]   [142/294 · 48%] idx=7376: ✅REAL max=0.290 (55192ms) ETA=10859s
[2026-04-27 16:02:37]   [143/294 · 49%] idx=7378: ✅REAL max=0.180 (68054ms) ETA=10785s
[2026-04-27 16:07:00]   [144/294 · 49%] idx=7384: ✅REAL max=0.530 (70630ms) ETA=10914s
[2026-04-27 16:07:50]   [145/294 · 49%] idx=7390: ✅REAL max=0.260 (48942ms) ETA=10817s
[2026-04-27 16:08:38]   [146/294 · 50%] idx=7420: ✅REAL max=0.350 (46352ms) ETA=10719s
[2026-04-27 16:09:43]   [147/294 · 50%] idx=7465: ✅REAL max=0.370 (64040ms) ETA=10639s
[2026-04-27 16:10:31]   [148/294 · 50%] idx=7475: ✅REAL max=0.190 (47327ms) ETA=10543s
[2026-04-27 16:11:43]   [149/294 · 51%] idx=7480: ✅REAL max=0.390 (71523ms) ETA=10471s
[2026-04-27 16:12:39]   [150/294 · 51%] idx=7604: ✅REAL max=0.625 (54362ms) ETA=10383s
[2026-04-27 16:14:11]   [151/294 · 51%] idx=7610: ✅REAL max=0.347 (90907ms) ETA=10330s
[2026-04-27 16:15:40]   [152/294 · 52%] idx=7631: ✅REAL max=0.400 (88062ms) ETA=10273s
[2026-04-27 16:17:17]   [153/294 · 52%] idx=7695: ✅REAL max=0.360 (96544ms) ETA=10224s
[2026-04-27 16:20:05]   [154/294 · 52%] idx=7722: ✅REAL max=0.380 (96366ms) ETA=10238s
[2026-04-27 16:21:06]   [155/294 · 53%] idx=7734: ✅REAL max=0.396 (59937ms) ETA=10154s
[2026-04-27 16:21:38]   [156/294 · 53%] idx=7844: ✅REAL max=0.410 (30869ms) ETA=10045s
[2026-04-27 16:22:49]   [157/294 · 53%] idx=7849: ✅REAL max=0.350 (70126ms) ETA=9971s
[2026-04-27 16:23:31]   [158/294 · 54%] idx=7897: ✅REAL max=0.300 (40281ms) ETA=9871s
[2026-04-27 16:24:16]   [159/294 · 54%] idx=7927: ✅REAL max=0.450 (43918ms) ETA=9775s
[2026-04-27 16:27:05]   [160/294 · 54%] idx=7943: ✅REAL max=0.260 (53493ms) ETA=9783s
[2026-04-27 16:27:05]   💾 [160/294] 进度已保存
[2026-04-27 16:27:50]   [161/294 · 55%] idx=8006: ✅REAL max=0.330 (44667ms) ETA=9688s
[2026-04-27 16:28:32]   [162/294 · 55%] idx=8109: ✅REAL max=0.300 (40599ms) ETA=9589s
[2026-04-27 16:29:45]   [163/294 · 55%] idx=8111: ✅REAL max=0.450 (71691ms) ETA=9517s
[2026-04-27 16:30:29]   [164/294 · 56%] idx=8126: ✅REAL max=0.455 (43773ms) ETA=9422s
[2026-04-27 16:32:15]   [165/294 · 56%] idx=8150: ✅REAL max=0.310 (104059ms) ETA=9375s
[2026-04-27 16:50:08] [Proc 8] 启动，40秒后开始（避免并发冲突）
[2026-04-27 16:50:48] [数据] 从缓存加载: X_tr=/home/fandy/workplace/thesis/results/soft_labels/kuhar_X_tr.npy
[2026-04-27 16:50:48] [Proc 8] 类 8 (Jump): 2030样本, 目标400, 已有271, 需生成129
[2026-04-27 16:51:41]   [1/129 · 1%] idx=8172: ✅REAL max=0.220 (53236ms) ETA=6814s
[2026-04-27 16:52:27]   [2/129 · 2%] idx=8178: ✅REAL max=0.370 (44803ms) ETA=6289s
[2026-04-27 16:53:17]   [3/129 · 2%] idx=8191: ✅REAL max=0.300 (49097ms) ETA=6264s
[2026-04-27 16:53:49]   [4/129 · 3%] idx=8258: ✅REAL max=0.440 (30900ms) ETA=5658s
[2026-04-27 16:54:35]   [5/129 · 4%] idx=8259: ✅REAL max=0.440 (45552ms) ETA=5645s
[2026-04-27 16:55:54]   [6/129 · 5%] idx=8261: ✅REAL max=0.440 (77208ms) ETA=6270s
[2026-04-27 16:56:56]   [7/129 · 5%] idx=8295: ✅REAL max=0.480 (61541ms) ETA=6420s
[2026-04-27 16:57:51]   [8/129 · 6%] idx=8302: ✅REAL max=0.360 (53505ms) ETA=6396s
[2026-04-27 16:58:30]   [9/129 · 7%] idx=8325: ✅REAL max=0.720 (37944ms) ETA=6158s
[2026-04-27 16:59:31]   [10/129 · 8%] idx=8350: ✅REAL max=0.350 (60696ms) ETA=6230s
[2026-04-27 17:00:33]   [11/129 · 9%] idx=8355: ✅REAL max=0.570 (60736ms) ETA=6278s
[2026-04-27 17:01:45]   [12/129 · 9%] idx=8356: ✅REAL max=0.440 (70740ms) ETA=6406s
[2026-04-27 17:02:37]   [13/129 · 10%] idx=8389: ✅REAL max=0.490 (51555ms) ETA=6332s
[2026-04-27 17:03:53]   [14/129 · 11%] idx=8395: ✅REAL max=0.261 (74588ms) ETA=6450s
[2026-04-27 17:04:55]   [15/129 · 12%] idx=8430: ✅REAL max=0.350 (61387ms) ETA=6442s
[2026-04-27 17:05:30]   [16/129 · 12%] idx=8449: ✅REAL max=0.350 (33970ms) ETA=6233s
[2026-04-27 17:06:39]   [17/129 · 13%] idx=8461: ✅REAL max=0.450 (67846ms) ETA=6268s
[2026-04-27 17:07:30]   [18/129 · 14%] idx=8493: ✅REAL max=0.280 (50260ms) ETA=6183s
[2026-04-27 19:02:36] [Proc 8] 启动，40秒后开始（避免并发冲突）
[2026-04-27 19:03:16] [数据] 从缓存加载: X_tr=/home/fandy/workplace/thesis/results/soft_labels/kuhar_X_tr.npy
[2026-04-27 19:03:16] [Proc 8] 类 8 (Jump): 2030样本, 目标400, 已有289, 需生成111
[2026-04-27 20:48:29] [Proc 8] 启动，40秒后开始（避免并发冲突）
[2026-04-27 20:49:09] [数据] 从缓存加载: X_tr=/home/fandy/workplace/thesis/results/soft_labels/kuhar_X_tr.npy
[2026-04-27 20:49:09] [Proc 8] 类 8 (Jump): 2030样本, 目标400, 已有289, 需生成111
[2026-04-27 20:49:11] [Proc 8] 启动，40秒后开始（避免并发冲突）
[2026-04-27 20:49:53] [数据] 从缓存加载: X_tr=/home/fandy/workplace/thesis/results/soft_labels/kuhar_X_tr.npy
[2026-04-27 20:50:34] [Proc 8] 类 8 (Jump): 2030样本, 目标400, 已有289, 需生成111
[2026-04-27 20:51:38] [Proc 8] 启动，40秒后开始（避免并发冲突）
[2026-04-27 20:52:18] [数据] 从缓存加载: X_tr=/home/fandy/workplace/thesis/results/soft_labels/kuhar_X_tr.npy
[2026-04-27 20:52:18] [Proc 8] 类 8 (Jump): 2030样本, 目标400, 已有289, 需生成111
[2026-04-27 20:53:05]   [1/111 · 1%] idx=8612: ✅REAL max=0.360 (46693ms) ETA=5136s
[2026-04-27 20:53:50]   [2/111 · 2%] idx=8640: ✅REAL max=0.380 (43923ms) ETA=4993s
[2026-04-27 20:54:49]   [3/111 · 3%] idx=8641: ✅REAL max=0.582 (58418ms) ETA=5438s
[2026-04-27 20:56:09]   [4/111 · 4%] idx=8656: ✅REAL max=0.420 (79233ms) ETA=6187s
[2026-04-27 20:56:51]   [5/111 · 5%] idx=8673: ✅REAL max=0.530 (40286ms) ETA=5779s
[2026-04-27 20:57:32]   [6/111 · 5%] idx=8677: ✅REAL max=0.568 (40220ms) ETA=5491s
[2026-04-27 20:58:11]   [7/111 · 6%] idx=8771: ✅REAL max=0.280 (38400ms) ETA=5248s
[2026-04-27 20:59:39]   [8/111 · 7%] idx=8777: ✅REAL max=0.700 (86308ms) ETA=5672s
[2026-04-27 21:00:04]   [9/111 · 8%] idx=8826: ✅REAL max=0.446 (24774ms) ETA=5285s
[2026-04-27 21:01:59]   [10/111 · 9%] idx=8837: ✅REAL max=0.400 (45525ms) ETA=5867s
[2026-04-27 21:03:56]   [11/111 · 10%] idx=8838: ✅REAL max=0.520 (48442ms) ETA=6349s
[2026-04-27 21:05:18]   [12/111 · 11%] idx=8876: ✅REAL max=0.230 (80266ms) ETA=6432s
[2026-04-27 21:06:05]   [13/111 · 12%] idx=8901: ✅REAL max=0.330 (45871ms) ETA=6231s
[2026-04-27 21:06:57]   [14/111 · 13%] idx=8912: ✅REAL max=0.300 (50997ms) ETA=6087s
[2026-04-27 21:07:48]   [15/111 · 14%] idx=8920: ✅REAL max=0.460 (50561ms) ETA=5953s
[2026-04-27 21:08:40]   [16/111 · 14%] idx=8979: ✅REAL max=0.370 (51081ms) ETA=5832s
[2026-04-27 21:09:31]   [17/111 · 15%] idx=9018: ✅REAL max=0.390 (50154ms) ETA=5714s
[2026-04-27 21:10:25]   [18/111 · 16%] idx=9043: ✅REAL max=0.400 (52789ms) ETA=5617s
[2026-04-27 21:11:26]   [19/111 · 17%] idx=9098: ✅REAL max=0.440 (59401ms) ETA=5557s
[2026-04-27 21:13:14]   [20/111 · 18%] idx=9117: ✅REAL max=0.460 (33341ms) ETA=5716s
[2026-04-27 21:13:14]   💾 [20/111] 进度已保存
[2026-04-27 21:14:01]   [21/111 · 19%] idx=9143: ✅REAL max=0.355 (45697ms) ETA=5584s
[2026-04-27 21:15:00]   [22/111 · 20%] idx=9161: ✅REAL max=0.350 (58018ms) ETA=5510s
[2026-04-27 21:15:57]   [23/111 · 21%] idx=9182: ✅REAL max=0.535 (55832ms) ETA=5429s
[2026-04-27 21:17:01]   [24/111 · 22%] idx=9200: ✅REAL max=0.280 (63396ms) ETA=5377s
[2026-04-27 21:17:44]   [25/111 · 23%] idx=9228: ✅REAL max=0.510 (42026ms) ETA=5251s
[2026-04-27 21:18:14]   [26/111 · 23%] idx=9236: ✅REAL max=0.360 (28355ms) ETA=5086s
[2026-04-27 21:19:06]   [27/111 · 24%] idx=9246: ✅REAL max=0.410 (51250ms) ETA=5003s
[2026-04-27 21:19:55]   [28/111 · 25%] idx=9259: ✅REAL max=0.450 (47647ms) ETA=4911s
[2026-04-27 21:21:50]   [29/111 · 26%] idx=9284: ✅REAL max=0.295 (114725ms) ETA=5011s
[2026-04-27 21:22:36]   [30/111 · 27%] idx=9302: ✅REAL max=0.419 (44245ms) ETA=4907s
[2026-04-27 21:23:22]   [31/111 · 28%] idx=9303: ✅REAL max=0.351 (45838ms) ETA=4811s
[2026-04-27 21:24:12]   [32/111 · 29%] idx=9315: ✅REAL max=0.440 (49032ms) ETA=4726s
[2026-04-27 21:25:07]   [33/111 · 30%] idx=9318: ✅REAL max=0.320 (53247ms) ETA=4653s
[2026-04-27 21:26:15]   [34/111 · 31%] idx=9326: ✅REAL max=0.400 (67107ms) ETA=4613s
[2026-04-27 21:26:54]   [35/111 · 32%] idx=9335: ✅REAL max=0.560 (38015ms) ETA=4508s
[2026-04-27 21:27:35]   [36/111 · 32%] idx=9345: ✅REAL max=0.300 (39851ms) ETA=4410s
[2026-04-27 21:28:12]   [37/111 · 33%] idx=9366: ✅REAL max=0.300 (36686ms) ETA=4309s
[2026-04-27 21:28:50]   [38/111 · 34%] idx=9389: ✅REAL max=0.400 (36310ms) ETA=4210s
[2026-04-27 21:30:02]   [39/111 · 35%] idx=9391: ✅REAL max=0.270 (71343ms) ETA=4180s
[2026-04-27 21:31:01]   [40/111 · 36%] idx=9457: ✅REAL max=0.260 (57503ms) ETA=4123s
[2026-04-27 21:31:01]   💾 [40/111] 进度已保存
[2026-04-27 21:31:49]   [41/111 · 37%] idx=9472: ✅REAL max=0.400 (47175ms) ETA=4048s
[2026-04-27 21:32:13]   [42/111 · 38%] idx=9486: ✅REAL max=0.450 (23615ms) ETA=3935s
[2026-04-27 21:33:01]   [43/111 · 39%] idx=9518: ✅REAL max=0.475 (46702ms) ETA=3863s
[2026-04-27 21:33:53]   [44/111 · 40%] idx=9538: ✅REAL max=0.270 (51270ms) ETA=3800s
[2026-04-27 21:34:59]   [45/111 · 41%] idx=9562: ✅REAL max=0.280 (64400ms) ETA=3756s
[2026-04-27 21:35:48]   [46/111 · 41%] idx=9584: ✅REAL max=0.303 (48587ms) ETA=3689s
[2026-04-27 21:36:39]   [47/111 · 42%] idx=9609: ✅REAL max=0.700 (49337ms) ETA=3623s
[2026-04-27 21:37:25]   [48/111 · 43%] idx=9630: ✅REAL max=0.550 (45201ms) ETA=3553s
[2026-04-27 21:38:11]   [49/111 · 44%] idx=9644: ✅REAL max=0.595 (44759ms) ETA=3483s
[2026-04-27 21:38:56]   [50/111 · 45%] idx=9656: ✅REAL max=0.400 (44422ms) ETA=3414s
[2026-04-27 21:40:50]   [51/111 · 46%] idx=9697: ✅REAL max=0.280 (43360ms) ETA=3426s
[2026-04-27 21:42:34]   [52/111 · 47%] idx=9756: ✅REAL max=0.260 (30580ms) ETA=3422s
[2026-04-27 21:43:05]   [53/111 · 48%] idx=9764: ✅REAL max=0.450 (30121ms) ETA=3334s
[2026-04-27 21:44:17]   [54/111 · 49%] idx=9766: ✅REAL max=0.150 (70741ms) ETA=3292s
[2026-04-27 21:44:40]   [55/111 · 50%] idx=9804: ✅REAL max=0.450 (22389ms) ETA=3199s
[2026-04-27 21:45:18]   [56/111 · 50%] idx=9808: ✅REAL max=0.550 (36723ms) ETA=3123s
[2026-04-27 21:45:52]   [57/111 · 51%] idx=9811: ✅REAL max=0.609 (33178ms) ETA=3045s
[2026-04-27 21:46:51]   [58/111 · 52%] idx=9842: ✅REAL max=0.650 (57728ms) ETA=2990s
[2026-04-27 21:47:55]   [59/111 · 53%] idx=9857: ✅REAL max=0.250 (63132ms) ETA=2941s
[2026-04-27 21:48:49]   [60/111 · 54%] idx=9880: ✅REAL max=0.240 (53469ms) ETA=2883s
[2026-04-27 21:48:49]   💾 [60/111] 进度已保存
[2026-04-27 21:49:27]   [61/111 · 55%] idx=9893: ✅REAL max=0.372 (36791ms) ETA=2811s
[2026-04-27 21:50:06]   [62/111 · 56%] idx=9927: ✅REAL max=0.540 (38173ms) ETA=2741s
[2026-04-27 21:50:57]   [63/111 · 57%] idx=10005: ✅REAL max=0.400 (49385ms) ETA=2681s
[2026-04-27 21:51:41]   [64/111 · 58%] idx=10011: ✅REAL max=0.360 (42938ms) ETA=2616s
[2026-04-27 21:52:20]   [65/111 · 59%] idx=10017: ✅REAL max=0.550 (38205ms) ETA=2549s
[2026-04-27 21:53:34]   [66/111 · 59%] idx=10117: ✅REAL max=0.380 (73692ms) ETA=2507s
[2026-04-27 21:54:25]   [67/111 · 60%] idx=10218: ✅REAL max=0.270 (49255ms) ETA=2447s
[2026-04-27 21:55:16]   [68/111 · 61%] idx=10236: ✅REAL max=0.300 (50199ms) ETA=2389s
[2026-04-27 21:56:04]   [69/111 · 62%] idx=10274: ✅REAL max=0.552 (47132ms) ETA=2329s
[2026-04-27 21:57:13]   [70/111 · 63%] idx=10289: ✅REAL max=0.440 (68292ms) ETA=2282s
[2026-04-27 21:57:59]   [71/111 · 64%] idx=10305: ✅REAL max=0.450 (44982ms) ETA=2220s
[2026-04-27 21:58:35]   [72/111 · 65%] idx=10313: ✅REAL max=0.450 (34346ms) ETA=2154s
[2026-04-27 22:00:13]   [73/111 · 66%] idx=10364: ✅REAL max=0.310 (97455ms) ETA=2121s
[2026-04-27 22:00:58]   [74/111 · 67%] idx=10391: ✅REAL max=0.358 (44100ms) ETA=2060s
[2026-04-27 22:01:33]   [75/111 · 68%] idx=10398: ✅REAL max=0.350 (33701ms) ETA=1994s
[2026-04-27 22:02:27]   [76/111 · 68%] idx=10424: ✅REAL max=0.500 (53359ms) ETA=1938s
[2026-04-27 22:03:42]   [77/111 · 69%] idx=10459: ✅REAL max=0.250 (74027ms) ETA=1892s
[2026-04-27 22:04:41]   [78/111 · 70%] idx=10532: ✅REAL max=0.400 (57441ms) ETA=1837s
[2026-04-27 22:05:36]   [79/111 · 71%] idx=10546: ✅REAL max=0.260 (54419ms) ETA=1782s
[2026-04-27 22:07:37]   [80/111 · 72%] idx=10547: ✅REAL max=0.350 (35589ms) ETA=1751s
[2026-04-27 22:07:37]   💾 [80/111] 进度已保存
[2026-04-27 22:08:15]   [81/111 · 73%] idx=10565: ✅REAL max=0.350 (37688ms) ETA=1688s
[2026-04-27 22:09:03]   [82/111 · 74%] idx=10571: ✅REAL max=0.440 (46966ms) ETA=1629s
[2026-04-27 22:09:55]   [83/111 · 75%] idx=10631: ✅REAL max=0.350 (50787ms) ETA=1571s
[2026-04-27 22:10:56]   [84/111 · 76%] idx=10639: ✅REAL max=0.305 (60117ms) ETA=1517s
[2026-04-27 22:11:52]   [85/111 · 77%] idx=10656: ✅REAL max=0.540 (55006ms) ETA=1460s
[2026-04-27 22:12:58]   [86/111 · 77%] idx=10668: ✅REAL max=0.357 (64699ms) ETA=1407s
[2026-04-27 22:13:53]   [87/111 · 78%] idx=10679: ✅REAL max=0.450 (53582ms) ETA=1350s
[2026-04-27 22:14:22]   [88/111 · 79%] idx=10688: ✅REAL max=0.300 (28554ms) ETA=1287s
[2026-04-27 22:15:13]   [89/111 · 80%] idx=10692: ✅REAL max=0.450 (49412ms) ETA=1230s
[2026-04-27 22:17:29]   [90/111 · 81%] idx=10696: ✅REAL max=0.300 (37616ms) ETA=1193s
[2026-04-27 22:18:14]   [91/111 · 82%] idx=10744: ✅REAL max=0.260 (44115ms) ETA=1133s
[2026-04-27 22:19:04]   [92/111 · 83%] idx=10749: ✅REAL max=0.300 (49045ms) ETA=1075s
[2026-04-27 22:19:45]   [93/111 · 84%] idx=10775: ✅REAL max=0.323 (39815ms) ETA=1016s
[2026-04-27 22:20:23]   [94/111 · 85%] idx=10852: ✅REAL max=0.500 (36645ms) ETA=956s
[2026-04-27 22:21:12]   [95/111 · 86%] idx=10874: ✅REAL max=0.400 (48152ms) ETA=898s
[2026-04-27 22:21:58]   [96/111 · 86%] idx=10905: ✅REAL max=0.350 (44625ms) ETA=841s
[2026-04-27 22:22:43]   [97/111 · 87%] idx=10917: ✅REAL max=0.210 (44181ms) ETA=783s
[2026-04-27 22:23:57]   [98/111 · 88%] idx=10942: ✅REAL max=0.350 (72959ms) ETA=729s
[2026-04-27 22:24:45]   [99/111 · 89%] idx=10946: ✅REAL max=0.500 (46996ms) ETA=672s
[2026-04-27 22:25:41]   [100/111 · 90%] idx=10954: ✅REAL max=0.450 (54927ms) ETA=616s
[2026-04-27 22:25:41]   💾 [100/111] 进度已保存
[2026-04-27 22:26:57]   [101/111 · 91%] idx=10958: ✅REAL max=0.550 (75419ms) ETA=562s
[2026-04-27 22:28:06]   [102/111 · 92%] idx=11059: ✅REAL max=0.248 (67456ms) ETA=507s
[2026-04-27 22:28:46]   [103/111 · 93%] idx=11066: ✅REAL max=0.430 (39343ms) ETA=450s
[2026-04-27 22:29:26]   [104/111 · 94%] idx=11101: ✅REAL max=0.368 (38743ms) ETA=392s
[2026-04-27 22:30:45]   [105/111 · 95%] idx=11147: ✅REAL max=0.320 (77734ms) ETA=338s
[2026-04-27 22:31:34]   [106/111 · 95%] idx=11168: ✅REAL max=0.273 (48760ms) ETA=281s
[2026-04-27 22:32:16]   [107/111 · 96%] idx=11171: ✅REAL max=0.274 (40632ms) ETA=224s
[2026-04-27 22:32:51]   [108/111 · 97%] idx=11173: ✅REAL max=0.580 (33926ms) ETA=168s
[2026-04-27 22:33:33]   [109/111 · 98%] idx=11177: ✅REAL max=0.434 (41346ms) ETA=111s
[2026-04-27 22:34:31]   [110/111 · 99%] idx=11267: ✅REAL max=0.450 (57152ms) ETA=56s
[2026-04-27 22:35:19]   [111/111 · 100%] idx=11326: ✅REAL max=0.500 (46435ms) ETA=0s
[2026-04-27 22:35:20] [Proc 8] ✅ 类 8 (Jump) 完成: 400/400 耗时6182s
[2026-04-27 22:35:20] [Proc 8] 全部完成 → /home/fandy/workplace/thesis/results/soft_labels/kuhar_soft_proc8.npy
[2026-04-28 00:05:13] [Proc 8] 启动，40秒后开始（避免并发冲突）
[2026-04-28 00:05:53] [数据] 从缓存加载: X_tr=/home/fandy/workplace/thesis/results/soft_labels/kuhar_X_tr.npy
[2026-04-28 00:05:53] [Proc 8] 类 8 已完成，跳过
[2026-04-28 00:05:53] [Proc 8] 全部完成 → /home/fandy/workplace/thesis/results/soft_labels/kuhar_soft_proc8.npy
[2026-04-28 00:13:14] [Proc 8] 启动，40秒后开始（避免并发冲突）
[2026-04-28 00:13:54] [数据] 从缓存加载: X_tr=/home/fandy/workplace/thesis/results/soft_labels/kuhar_X_tr.npy
[2026-04-28 00:13:54] [Proc 8] 类 8 已完成，跳过
[2026-04-28 00:13:54] [Proc 8] 全部完成 → /home/fandy/workplace/thesis/results/soft_labels/kuhar_soft_proc8.npy
[2026-04-28 00:23:53] [Proc 8] 启动，40秒后开始（避免并发冲突）
[2026-04-28 00:24:33] [数据] 从缓存加载: X_tr=/home/fandy/workplace/thesis/results/soft_labels/kuhar_X_tr.npy
[2026-04-28 00:24:33] [Proc 8] 类 8 已完成，跳过
[2026-04-28 00:24:33] [Proc 8] 全部完成 → /home/fandy/workplace/thesis/results/soft_labels/kuhar_soft_proc8.npy
