[2026-04-27 10:42:19] [Proc 0] 启动，0秒后开始（避免并发冲突）
[2026-04-27 10:42:19] [数据] 第一次运行，正在加载全量数据（需约10秒）...
[2026-04-27 10:42:39] [数据] 已缓存: X_tr=(61210, 128, 8), y_tr=(61210,)
[2026-04-27 10:42:39] [Proc 0] 类 0 (Stand): 5537样本, 目标400, 已有0, 需生成400
[2026-04-27 10:45:15]   [1/400 · 0%] idx=0: ✅REAL max=0.800 (53799ms) ETA=62283s
[2026-04-27 10:45:57]   [2/400 · 0%] idx=2: ✅REAL max=0.550 (40428ms) ETA=39325s
[2026-04-27 10:46:50]   [3/400 · 1%] idx=6: ✅REAL max=0.200 (52374ms) ETA=33215s
[2026-04-27 10:47:38]   [4/400 · 1%] idx=8: ✅REAL max=0.250 (46767ms) ETA=29578s
[2026-04-27 10:48:41]   [5/400 · 1%] idx=17: ✅REAL max=0.440 (61980ms) ETA=28578s
[2026-04-27 10:50:40]   [6/400 · 2%] idx=31: ✅REAL max=0.842 (56118ms) ETA=31574s
[2026-04-27 10:51:31]   [7/400 · 2%] idx=40: ✅REAL max=0.480 (49692ms) ETA=29843s
[2026-04-27 10:53:05]   [8/400 · 2%] idx=66: ✅REAL max=0.500 (93612ms) ETA=30684s
[2026-04-27 10:54:08]   [9/400 · 2%] idx=105: ✅REAL max=0.550 (56750ms) ETA=29848s
[2026-04-27 11:32:20] [Proc 0] 启动，0秒后开始（避免并发冲突）
[2026-04-27 11:32:20] [数据] 从缓存加载: X_tr=/home/fandy/workplace/thesis/results/soft_labels/kuhar_X_tr.npy
[2026-04-27 11:32:20] [Proc 0] 类 0 (Stand): 5537样本, 目标400, 已有9, 需生成391
[2026-04-27 11:32:58]   [1/391 · 0%] idx=106: ✅REAL max=0.730 (37611ms) ETA=14668s
[2026-04-27 11:33:45]   [2/391 · 1%] idx=110: ✅REAL max=0.540 (45994ms) ETA=16457s
[2026-04-27 11:34:33]   [3/391 · 1%] idx=116: ✅REAL max=0.300 (47071ms) ETA=17161s
[2026-04-27 11:35:38]   [4/391 · 1%] idx=122: ✅REAL max=0.700 (63966ms) ETA=19123s
[2026-04-27 11:36:26]   [5/391 · 1%] idx=132: ✅REAL max=0.550 (47457ms) ETA=19000s
[2026-04-27 11:37:23]   [6/391 · 2%] idx=135: ✅REAL max=0.440 (55876ms) ETA=19443s
[2026-04-27 11:38:17]   [7/391 · 2%] idx=137: ✅REAL max=0.700 (52735ms) ETA=19570s
[2026-04-27 11:39:15]   [8/391 · 2%] idx=168: ✅REAL max=0.700 (56809ms) ETA=19847s
[2026-04-27 11:39:59]   [9/391 · 2%] idx=172: ✅REAL max=0.405 (43381ms) ETA=19479s
[2026-04-27 11:40:48]   [10/391 · 3%] idx=181: ✅REAL max=0.750 (47400ms) ETA=19330s
[2026-04-27 11:42:08]   [11/391 · 3%] idx=189: ✅REAL max=0.230 (79338ms) ETA=20302s
[2026-04-27 11:43:09]   [12/391 · 3%] idx=201: ✅REAL max=0.390 (60199ms) ETA=20494s
[2026-04-27 11:43:56]   [13/391 · 3%] idx=208: ✅REAL max=0.440 (45964ms) ETA=20234s
[2026-04-27 11:45:22]   [14/391 · 4%] idx=215: ✅REAL max=0.820 (85295ms) ETA=21062s
[2026-04-27 11:48:23]   [15/391 · 4%] idx=225: ✅REAL max=0.440 (179346ms) ETA=24127s
[2026-04-27 11:49:23]   [16/391 · 4%] idx=228: ✅REAL max=0.450 (59196ms) ETA=23970s
[2026-04-27 11:50:13]   [17/391 · 4%] idx=243: ✅REAL max=0.350 (49480ms) ETA=23610s
[2026-04-27 11:51:03]   [18/391 · 5%] idx=259: ✅REAL max=0.550 (48941ms) ETA=23274s
[2026-04-27 11:52:03]   [19/391 · 5%] idx=261: ✅REAL max=0.320 (58406ms) ETA=23153s
[2026-04-27 11:53:02]   [20/391 · 5%] idx=264: ✅REAL max=0.550 (57944ms) ETA=23030s
[2026-04-27 11:53:02]   💾 [20/391] 进度已保存
[2026-04-27 11:53:54]   [21/391 · 5%] idx=288: ✅REAL max=0.400 (50990ms) ETA=22790s
[2026-04-27 11:54:38]   [22/391 · 6%] idx=291: ✅REAL max=0.550 (43305ms) ETA=22439s
[2026-04-27 11:55:14]   [23/391 · 6%] idx=313: ✅REAL max=0.707 (34718ms) ETA=21977s
[2026-04-27 11:56:17]   [24/391 · 6%] idx=330: ✅REAL max=0.250 (62671ms) ETA=21977s
[2026-04-27 11:57:00]   [25/391 · 6%] idx=352: ✅REAL max=0.800 (42080ms) ETA=21671s
[2026-04-27 11:58:11]   [26/391 · 7%] idx=401: ✅REAL max=0.490 (69321ms) ETA=21768s
[2026-04-27 11:59:17]   [27/391 · 7%] idx=402: ✅REAL max=0.470 (65614ms) ETA=21803s
[2026-04-27 11:59:58]   [28/391 · 7%] idx=407: ✅REAL max=0.350 (39454ms) ETA=21491s
[2026-04-27 12:02:28]   [29/391 · 7%] idx=460: ✅REAL max=0.434 (76066ms) ETA=22570s
[2026-04-27 12:03:47]   [30/391 · 8%] idx=471: ✅REAL max=0.550 (78195ms) ETA=22710s
[2026-04-27 12:04:48]   [31/391 · 8%] idx=478: ✅REAL max=0.450 (59078ms) ETA=22615s
[2026-04-27 12:05:35]   [32/391 · 8%] idx=484: ✅REAL max=0.620 (46572ms) ETA=22381s
[2026-04-27 12:06:21]   [33/391 · 8%] idx=499: ✅REAL max=0.450 (45263ms) ETA=22144s
[2026-04-27 12:06:57]   [34/391 · 9%] idx=500: ✅REAL max=0.640 (34283ms) ETA=21803s
[2026-04-27 12:07:37]   [35/391 · 9%] idx=502: ✅REAL max=0.553 (39320ms) ETA=21531s
[2026-04-27 12:08:27]   [36/391 · 9%] idx=507: ✅REAL max=0.800 (48597ms) ETA=21363s
[2026-04-27 12:09:09]   [37/391 · 9%] idx=508: ✅REAL max=0.460 (41385ms) ETA=21133s
[2026-04-27 12:09:45]   [38/391 · 10%] idx=512: ✅REAL max=0.400 (35146ms) ETA=20855s
[2026-04-27 12:10:47]   [39/391 · 10%] idx=523: ✅REAL max=0.700 (60618ms) ETA=20818s
[2026-04-27 12:12:09]   [40/391 · 10%] idx=544: ✅REAL max=0.300 (81198ms) ETA=20962s
[2026-04-27 12:12:09]   💾 [40/391] 进度已保存
[2026-04-27 12:12:44]   [41/391 · 10%] idx=546: ✅REAL max=0.220 (33714ms) ETA=20689s
[2026-04-27 12:13:13]   [42/391 · 11%] idx=549: ✅REAL max=0.350 (28264ms) ETA=20381s
[2026-04-27 12:13:54]   [43/391 · 11%] idx=565: ✅REAL max=0.780 (40385ms) ETA=20185s
[2026-04-27 12:14:59]   [44/391 · 11%] idx=598: ✅REAL max=0.390 (63324ms) ETA=20177s
[2026-04-27 12:15:44]   [45/391 · 12%] idx=622: ✅REAL max=0.450 (44509ms) ETA=20022s
[2026-04-27 12:16:25]   [46/391 · 12%] idx=652: ✅REAL max=0.700 (40229ms) ETA=19839s
[2026-04-27 12:17:21]   [47/391 · 12%] idx=668: ✅REAL max=0.540 (54484ms) ETA=19767s
[2026-04-27 12:18:46]   [48/391 · 12%] idx=674: ✅REAL max=0.500 (84289ms) ETA=19909s
[2026-04-27 12:19:59]   [49/391 · 13%] idx=686: ✅REAL max=0.390 (72209ms) ETA=19956s
[2026-04-27 12:21:03]   [50/391 · 13%] idx=689: ✅REAL max=0.320 (62650ms) ETA=19934s
[2026-04-27 12:22:23]   [51/391 · 13%] idx=739: ✅REAL max=0.500 (78403ms) ETA=20015s
[2026-04-27 12:23:26]   [52/391 · 13%] idx=763: ✅REAL max=0.667 (62520ms) ETA=19987s
[2026-04-27 12:24:10]   [53/391 · 14%] idx=767: ✅REAL max=0.382 (42993ms) ETA=19833s
[2026-04-27 12:24:54]   [54/391 · 14%] idx=768: ✅REAL max=0.306 (42715ms) ETA=19681s
[2026-04-27 12:26:28]   [55/391 · 14%] idx=800: ✅REAL max=0.450 (92756ms) ETA=19838s
[2026-04-27 12:27:26]   [56/391 · 14%] idx=804: ✅REAL max=0.364 (57739ms) ETA=19777s
[2026-04-27 12:28:05]   [57/391 · 15%] idx=809: ✅REAL max=0.560 (37328ms) ETA=19597s
[2026-04-27 12:28:40]   [58/391 · 15%] idx=815: ✅REAL max=0.150 (34000ms) ETA=19402s
[2026-04-27 12:29:19]   [59/391 · 15%] idx=823: ✅REAL max=0.700 (38727ms) ETA=19240s
[2026-04-27 12:29:48]   [60/391 · 15%] idx=830: ✅REAL max=0.657 (27252ms) ETA=19018s
[2026-04-27 12:29:48]   💾 [60/391] 进度已保存
[2026-04-27 12:30:25]   [61/391 · 16%] idx=839: ✅REAL max=0.340 (36904ms) ETA=18855s
[2026-04-27 12:31:06]   [62/391 · 16%] idx=848: ✅REAL max=0.300 (39654ms) ETA=18710s
[2026-04-27 12:32:14]   [63/391 · 16%] idx=855: ✅REAL max=0.450 (66354ms) ETA=18708s
[2026-04-27 12:33:18]   [64/391 · 16%] idx=857: ✅REAL max=0.280 (63105ms) ETA=18687s
[2026-04-27 12:34:15]   [65/391 · 17%] idx=864: ✅REAL max=0.470 (56664ms) ETA=18633s
[2026-04-27 12:34:54]   [66/391 · 17%] idx=867: ✅REAL max=0.340 (37502ms) ETA=18484s
[2026-04-27 12:35:37]   [67/391 · 17%] idx=871: ✅REAL max=0.480 (42049ms) ETA=18360s
[2026-04-27 12:36:55]   [68/391 · 17%] idx=874: ✅REAL max=0.440 (77094ms) ETA=18405s
[2026-04-27 12:37:48]   [69/391 · 18%] idx=875: ✅REAL max=0.440 (51880ms) ETA=18329s
[2026-04-27 12:39:02]   [70/391 · 18%] idx=884: ✅REAL max=0.553 (73264ms) ETA=18352s
[2026-04-27 12:40:24]   [71/391 · 18%] idx=885: ✅REAL max=0.450 (80895ms) ETA=18406s
[2026-04-27 12:41:39]   [72/391 · 18%] idx=912: ✅REAL max=0.550 (74108ms) ETA=18426s
[2026-04-27 12:42:31]   [73/391 · 19%] idx=922: ✅REAL max=0.430 (50387ms) ETA=18341s
[2026-04-27 12:43:39]   [74/391 · 19%] idx=930: ✅REAL max=0.470 (67502ms) ETA=18330s
[2026-04-27 12:44:50]   [75/391 · 19%] idx=955: ✅REAL max=0.400 (70035ms) ETA=18327s
[2026-04-27 12:47:06]   [76/391 · 19%] idx=959: ✅REAL max=0.470 (62956ms) ETA=18591s
[2026-04-27 12:47:59]   [77/391 · 20%] idx=961: ✅REAL max=0.450 (52502ms) ETA=18509s
[2026-04-27 12:48:33]   [78/391 · 20%] idx=964: ✅REAL max=0.450 (33062ms) ETA=18350s
[2026-04-27 12:50:35]   [79/391 · 20%] idx=1002: ✅REAL max=0.700 (45723ms) ETA=18542s
[2026-04-27 12:51:28]   [80/391 · 20%] idx=1010: ✅REAL max=0.220 (51743ms) ETA=18457s
[2026-04-27 12:51:28]   💾 [80/391] 进度已保存
[2026-04-27 12:52:06]   [81/391 · 21%] idx=1050: ✅REAL max=0.720 (37549ms) ETA=18318s
[2026-04-27 12:52:52]   [82/391 · 21%] idx=1068: ✅REAL max=0.450 (44897ms) ETA=18209s
[2026-04-27 12:53:14]   [83/391 · 21%] idx=1070: ✅REAL max=0.500 (20387ms) ETA=18011s
[2026-04-27 12:54:13]   [84/391 · 21%] idx=1098: ✅REAL max=0.450 (58707ms) ETA=17957s
[2026-04-27 12:54:57]   [85/391 · 22%] idx=1122: ✅REAL max=0.714 (42466ms) ETA=17844s
[2026-04-27 12:56:01]   [86/391 · 22%] idx=1140: ✅REAL max=0.550 (62687ms) ETA=17805s
[2026-04-27 12:57:12]   [87/391 · 22%] idx=1154: ✅REAL max=0.550 (70172ms) ETA=17791s
[2026-04-27 12:57:54]   [88/391 · 23%] idx=1155: ✅REAL max=0.450 (40967ms) ETA=17676s
[2026-04-27 12:58:24]   [89/391 · 23%] idx=1175: ✅REAL max=0.450 (28930ms) ETA=17521s
[2026-04-27 12:59:00]   [90/391 · 23%] idx=1185: ✅REAL max=0.670 (35489ms) ETA=17391s
[2026-04-27 12:59:51]   [91/391 · 23%] idx=1190: ✅REAL max=0.450 (49399ms) ETA=17309s
[2026-04-27 13:01:09]   [92/391 · 24%] idx=1210: ✅REAL max=0.400 (77844ms) ETA=17320s
[2026-04-27 13:01:53]   [93/391 · 24%] idx=1213: ✅REAL max=0.430 (43052ms) ETA=17218s
[2026-04-27 13:11:27] [Proc 0] 启动，0秒后开始（避免并发冲突）
[2026-04-27 13:11:27] [数据] 从缓存加载: X_tr=/home/fandy/workplace/thesis/results/soft_labels/kuhar_X_tr.npy
[2026-04-27 13:11:27] [Proc 0] 类 0 (Stand): 5537样本, 目标400, 已有102, 需生成298
[2026-04-27 13:14:19]   [1/298 · 0%] idx=1219: ✅REAL max=0.680 (88832ms) ETA=51126s
[2026-04-27 13:15:56]   [2/298 · 1%] idx=1231: ✅REAL max=0.380 (96103ms) ETA=39849s
[2026-04-27 13:16:45]   [3/298 · 1%] idx=1259: ✅REAL max=0.450 (47859ms) ETA=31281s
[2026-04-27 13:17:38]   [4/298 · 1%] idx=1267: ✅REAL max=0.600 (52089ms) ETA=27284s
[2026-04-27 13:18:54]   [5/298 · 2%] idx=1269: ✅REAL max=0.580 (74977ms) ETA=26205s
[2026-04-27 13:20:06]   [6/298 · 2%] idx=1285: ✅REAL max=0.330 (70737ms) ETA=25255s
[2026-04-27 13:23:56]   [7/298 · 2%] idx=1289: ✅REAL max=0.545 (106248ms) ETA=31129s
[2026-04-27 13:26:11]   [8/298 · 3%] idx=1291: ✅REAL max=0.375 (34242ms) ETA=32036s
[2026-04-27 13:27:32]   [9/298 · 3%] idx=1304: ✅REAL max=0.600 (80492ms) ETA=30995s
[2026-04-27 13:29:00]   [10/298 · 3%] idx=1340: ✅REAL max=0.410 (86784ms) ETA=30327s
[2026-04-27 13:30:01]   [11/298 · 4%] idx=1345: ✅REAL max=0.450 (59612ms) ETA=29056s
[2026-04-27 13:30:39]   [12/298 · 4%] idx=1347: ✅REAL max=0.650 (37551ms) ETA=27461s
[2026-04-27 13:31:24]   [13/298 · 4%] idx=1365: ✅REAL max=0.300 (44016ms) ETA=26247s
[2026-04-27 13:32:21]   [14/298 · 5%] idx=1370: ✅REAL max=0.550 (55481ms) ETA=25432s
[2026-04-27 13:32:52]   [15/298 · 5%] idx=1371: ✅REAL max=0.750 (30005ms) ETA=24238s
[2026-04-27 13:34:23]   [16/298 · 5%] idx=1400: ✅REAL max=0.620 (90636ms) ETA=24258s
[2026-04-27 13:35:28]   [17/298 · 6%] idx=1405: ✅REAL max=0.440 (63315ms) ETA=23814s
[2026-04-27 13:36:19]   [18/298 · 6%] idx=1429: ✅REAL max=0.550 (50626ms) ETA=23214s
[2026-04-27 13:37:20]   [19/298 · 6%] idx=1431: ✅REAL max=0.350 (59975ms) ETA=22809s
[2026-04-27 13:38:09]   [20/298 · 7%] idx=1439: ✅REAL max=0.420 (47394ms) ETA=22263s
[2026-04-27 13:38:09]   💾 [20/298] 进度已保存
[2026-04-27 13:39:40]   [21/298 · 7%] idx=1444: ✅REAL max=0.380 (89817ms) ETA=22325s
[2026-04-27 13:40:28]   [22/298 · 7%] idx=1459: ✅REAL max=0.700 (46964ms) ETA=21835s
[2026-04-27 13:41:49]   [23/298 · 8%] idx=1468: ✅REAL max=0.850 (79914ms) ETA=21778s
[2026-04-27 13:43:10]   [24/298 · 8%] idx=1474: ✅REAL max=0.380 (80375ms) ETA=21723s
[2026-04-27 13:44:29]   [25/298 · 8%] idx=1521: ✅REAL max=0.550 (78539ms) ETA=21647s
[2026-04-27 13:45:21]   [26/298 · 9%] idx=1535: ✅REAL max=0.550 (50701ms) ETA=21279s
[2026-04-27 13:45:55]   [27/298 · 9%] idx=1541: ✅REAL max=0.570 (32643ms) ETA=20753s
[2026-04-27 13:46:49]   [28/298 · 9%] idx=1555: ✅REAL max=0.550 (52754ms) ETA=20457s
[2026-04-27 13:47:47]   [29/298 · 10%] idx=1557: ✅REAL max=0.354 (57639ms) ETA=20222s
[2026-04-27 13:48:13]   [30/298 · 10%] idx=1562: ✅REAL max=0.700 (24476ms) ETA=19703s
[2026-04-27 13:49:06]   [31/298 · 10%] idx=1590: ✅REAL max=0.450 (52275ms) ETA=19455s
[2026-04-27 13:49:47]   [32/298 · 11%] idx=1598: ✅REAL max=0.168 (40156ms) ETA=19119s
[2026-04-27 13:51:02]   [33/298 · 11%] idx=1601: ✅REAL max=0.450 (73675ms) ETA=19069s
[2026-04-27 13:52:21]   [34/298 · 11%] idx=1605: ✅REAL max=0.700 (78083ms) ETA=19053s
[2026-04-27 13:54:08]   [35/298 · 12%] idx=1611: ✅REAL max=0.290 (105849ms) ETA=19241s
[2026-04-27 13:58:27]   [36/298 · 12%] idx=1614: ✅REAL max=0.450 (42518ms) ETA=20524s
[2026-04-27 13:59:47]   [37/298 · 12%] idx=1616: ✅REAL max=0.555 (78945ms) ETA=20457s
[2026-04-27 14:00:53]   [38/298 · 13%] idx=1622: ✅REAL max=0.800 (65354ms) ETA=20296s
[2026-04-27 14:01:59]   [39/298 · 13%] idx=1625: ✅REAL max=0.520 (64622ms) ETA=20135s
[2026-04-27 14:02:43]   [40/298 · 13%] idx=1639: ✅REAL max=0.850 (42996ms) ETA=19840s
[2026-04-27 14:02:43]   💾 [40/298] 进度已保存
[2026-04-27 14:03:36]   [41/298 · 14%] idx=1670: ✅REAL max=0.267 (51756ms) ETA=19612s
[2026-04-27 14:04:56]   [42/298 · 14%] idx=1690: ✅REAL max=0.460 (78633ms) ETA=19556s
[2026-04-27 14:05:46]   [43/298 · 14%] idx=1694: ✅REAL max=0.400 (49894ms) ETA=19328s
[2026-04-27 14:07:03]   [44/298 · 15%] idx=1700: ✅REAL max=0.390 (75937ms) ETA=19259s
[2026-04-27 14:08:13]   [45/298 · 15%] idx=1703: ✅REAL max=0.556 (69034ms) ETA=19151s
[2026-04-27 14:10:58]   [46/298 · 15%] idx=1711: ✅REAL max=0.500 (48551ms) ETA=19561s
[2026-04-27 14:12:08]   [47/298 · 16%] idx=1723: ✅REAL max=0.380 (68791ms) ETA=19442s
[2026-04-27 14:13:49]   [48/298 · 16%] idx=1743: ✅REAL max=0.370 (100714ms) ETA=19491s
[2026-04-27 14:14:37]   [49/298 · 16%] idx=1767: ✅REAL max=0.450 (46363ms) ETA=19257s
[2026-04-27 14:17:13]   [50/298 · 17%] idx=1773: ✅REAL max=0.400 (44948ms) ETA=19570s
[2026-04-27 14:20:06]   [51/298 · 17%] idx=1776: ✅REAL max=0.290 (171902ms) ETA=19947s
[2026-04-27 14:21:07]   [52/298 · 17%] idx=1797: ✅REAL max=0.680 (60354ms) ETA=19774s
[2026-04-27 14:21:57]   [53/298 · 18%] idx=1798: ✅REAL max=0.450 (48918ms) ETA=19553s
[2026-04-27 14:23:14]   [54/298 · 18%] idx=1809: ✅REAL max=0.405 (75750ms) ETA=19459s
[2026-04-27 14:24:38]   [55/298 · 18%] idx=1816: ✅REAL max=0.424 (83735ms) ETA=19402s
[2026-04-27 14:25:20]   [56/298 · 19%] idx=1822: ✅REAL max=0.350 (40101ms) ETA=19155s
[2026-04-27 14:26:03]   [57/298 · 19%] idx=1849: ✅REAL max=0.550 (42317ms) ETA=18924s
[2026-04-27 14:26:59]   [58/298 · 19%] idx=1885: ✅REAL max=0.378 (55482ms) ETA=18754s
[2026-04-27 14:29:32]   [59/298 · 20%] idx=1892: ✅REAL max=0.550 (60883ms) ETA=18976s
[2026-04-27 14:30:27]   [60/298 · 20%] idx=1923: ✅REAL max=0.440 (54167ms) ETA=18801s
[2026-04-27 14:30:27]   💾 [60/298] 进度已保存
[2026-04-27 14:32:08]   [61/298 · 20%] idx=1927: ✅REAL max=0.600 (100384ms) ETA=18809s
[2026-04-27 14:32:47]   [62/298 · 21%] idx=1928: ✅REAL max=0.700 (38255ms) ETA=18577s
[2026-04-27 14:33:52]   [63/298 · 21%] idx=1933: ✅REAL max=0.626 (63966ms) ETA=18447s
[2026-04-27 14:37:15]   [64/298 · 21%] idx=1939: ✅REAL max=0.503 (201089ms) ETA=18820s
[2026-04-27 14:38:04]   [65/298 · 22%] idx=1940: ✅REAL max=0.640 (48151ms) ETA=18628s
[2026-04-27 14:39:02]   [66/298 · 22%] idx=1949: ✅REAL max=0.402 (57452ms) ETA=18472s
[2026-04-27 14:40:19]   [67/298 · 22%] idx=1952: ✅REAL max=0.440 (75608ms) ETA=18382s
[2026-04-27 14:43:35]   [68/298 · 23%] idx=1983: ✅REAL max=0.280 (96877ms) ETA=18698s
[2026-04-27 14:44:29]   [69/298 · 23%] idx=1990: ✅REAL max=0.600 (52928ms) ETA=18526s
[2026-04-27 14:45:08]   [70/298 · 23%] idx=2007: ✅REAL max=0.700 (38165ms) ETA=18309s
[2026-04-27 14:46:01]   [71/298 · 24%] idx=2030: ✅REAL max=0.400 (51616ms) ETA=18140s
[2026-04-27 14:46:56]   [72/298 · 24%] idx=2032: ✅REAL max=0.600 (53978ms) ETA=17982s
[2026-04-27 14:48:16]   [73/298 · 24%] idx=2056: ✅REAL max=0.300 (79229ms) ETA=17904s
[2026-04-27 14:49:25]   [74/298 · 25%] idx=2071: ✅REAL max=0.355 (68208ms) ETA=17794s
[2026-04-27 14:51:24]   [75/298 · 25%] idx=2099: ✅REAL max=0.300 (117449ms) ETA=17830s
[2026-04-27 14:52:40]   [76/298 · 26%] idx=2112: ✅REAL max=0.693 (75517ms) ETA=17740s
[2026-04-27 14:56:04]   [77/298 · 26%] idx=2125: ✅REAL max=0.400 (92073ms) ETA=18015s
[2026-04-27 14:57:20]   [78/298 · 26%] idx=2127: ✅REAL max=0.420 (75119ms) ETA=17918s
[2026-04-27 14:58:07]   [79/298 · 27%] idx=2131: ✅REAL max=0.450 (46447ms) ETA=17742s
[2026-04-27 15:01:29]   [80/298 · 27%] idx=2154: ✅REAL max=0.290 (85148ms) ETA=17991s
[2026-04-27 15:01:29]   💾 [80/298] 进度已保存
[2026-04-27 15:03:10]   [81/298 · 27%] idx=2181: ✅REAL max=0.300 (99122ms) ETA=17956s
[2026-04-27 15:04:08]   [82/298 · 28%] idx=2185: ✅REAL max=0.850 (57304ms) ETA=17809s
[2026-04-27 15:05:47]   [83/298 · 28%] idx=2196: ✅REAL max=0.680 (98000ms) ETA=17769s
[2026-04-27 15:06:44]   [84/298 · 28%] idx=2202: ✅REAL max=0.300 (55887ms) ETA=17621s
[2026-04-27 15:07:30]   [85/298 · 29%] idx=2204: ✅REAL max=0.550 (45265ms) ETA=17448s
[2026-04-27 15:09:32]   [86/298 · 29%] idx=2214: ✅REAL max=0.400 (40234ms) ETA=17465s
[2026-04-27 15:10:10]   [87/298 · 29%] idx=2220: ✅REAL max=0.430 (37550ms) ETA=17276s
[2026-04-27 15:11:48]   [88/298 · 30%] idx=2234: ✅REAL max=0.470 (96355ms) ETA=17231s
[2026-04-27 15:12:46]   [89/298 · 30%] idx=2237: ✅REAL max=0.396 (56798ms) ETA=17092s
[2026-04-27 15:13:28]   [90/298 · 30%] idx=2240: ✅REAL max=0.440 (41220ms) ETA=16919s
[2026-04-27 15:14:51]   [91/298 · 31%] idx=2244: ✅REAL max=0.350 (82002ms) ETA=16841s
[2026-04-27 15:15:26]   [92/298 · 31%] idx=2252: ✅REAL max=0.350 (33792ms) ETA=16656s
[2026-04-27 15:18:15]   [93/298 · 31%] idx=2262: ✅REAL max=0.550 (84404ms) ETA=16770s
[2026-04-27 15:21:38]   [94/298 · 32%] idx=2273: ✅REAL max=0.600 (201599ms) ETA=16951s
[2026-04-27 15:22:15]   [95/298 · 32%] idx=2275: ✅REAL max=0.400 (36458ms) ETA=16770s
[2026-04-27 15:24:44]   [96/298 · 32%] idx=2277: ✅REAL max=0.450 (44845ms) ETA=16826s
[2026-04-27 15:27:30]   [97/298 · 33%] idx=2279: ✅REAL max=0.450 (165244ms) ETA=16915s
[2026-04-27 15:28:03]   [98/298 · 33%] idx=2286: ✅REAL max=0.300 (32384ms) ETA=16727s
[2026-04-27 15:29:17]   [99/298 · 33%] idx=2293: ✅REAL max=0.450 (72765ms) ETA=16624s
[2026-04-27 15:34:12]   [100/298 · 34%] idx=2302: ✅REAL max=0.400 (101408ms) ETA=16959s
[2026-04-27 15:34:12]   💾 [100/298] 进度已保存
[2026-04-27 15:35:20]   [101/298 · 34%] idx=2318: ✅REAL max=0.400 (67316ms) ETA=16839s
[2026-04-27 15:37:01]   [102/298 · 34%] idx=2320: ✅REAL max=0.400 (100093ms) ETA=16784s
[2026-04-27 15:40:02]   [103/298 · 35%] idx=2332: ✅REAL max=0.500 (179268ms) ETA=16877s
[2026-04-27 15:41:11]   [104/298 · 35%] idx=2335: ✅REAL max=0.360 (68184ms) ETA=16758s
[2026-04-27 15:42:23]   [105/298 · 35%] idx=2342: ✅REAL max=0.300 (70914ms) ETA=16645s
[2026-04-27 15:43:32]   [106/298 · 36%] idx=2343: ✅REAL max=0.450 (68443ms) ETA=16529s
[2026-04-27 15:44:14]   [107/298 · 36%] idx=2346: ✅REAL max=0.800 (40757ms) ETA=16363s
[2026-04-27 15:44:46]   [108/298 · 36%] idx=2353: ✅REAL max=0.550 (31046ms) ETA=16183s
[2026-04-27 15:46:50]   [109/298 · 37%] idx=2357: ✅REAL max=0.720 (45263ms) ETA=16165s
[2026-04-27 15:47:47]   [110/298 · 37%] idx=2362: ✅REAL max=0.540 (55936ms) ETA=16030s
[2026-04-27 15:48:59]   [111/298 · 37%] idx=2371: ✅REAL max=0.450 (71439ms) ETA=15923s
[2026-04-27 15:50:17]   [112/298 · 38%] idx=2378: ✅REAL max=0.270 (77213ms) ETA=15827s
[2026-04-27 15:51:37]   [113/298 · 38%] idx=2392: ✅REAL max=0.505 (78567ms) ETA=15733s
[2026-04-27 15:52:41]   [114/298 · 38%] idx=2403: ✅REAL max=0.350 (63412ms) ETA=15614s
[2026-04-27 15:53:54]   [115/298 · 39%] idx=2405: ✅REAL max=0.420 (71372ms) ETA=15509s
[2026-04-27 15:55:01]   [116/298 · 39%] idx=2417: ✅REAL max=0.400 (66621ms) ETA=15398s
[2026-04-27 15:56:02]   [117/298 · 39%] idx=2421: ✅REAL max=0.470 (60105ms) ETA=15277s
[2026-04-27 15:58:33]   [118/298 · 40%] idx=2438: ✅REAL max=0.340 (52983ms) ETA=15294s
[2026-04-27 15:59:35]   [119/298 · 40%] idx=2443: ✅REAL max=0.440 (60845ms) ETA=15174s
[2026-04-27 16:00:48]   [120/298 · 40%] idx=2449: ✅REAL max=0.450 (72442ms) ETA=15073s
[2026-04-27 16:00:48]   💾 [120/298] 进度已保存
[2026-04-27 16:01:36]   [121/298 · 41%] idx=2465: ✅REAL max=0.400 (47075ms) ETA=14934s
[2026-04-27 16:02:37]   [122/298 · 41%] idx=2478: ✅REAL max=0.150 (59432ms) ETA=14815s
[2026-04-27 16:04:18]   [123/298 · 41%] idx=2482: ✅REAL max=0.280 (100435ms) ETA=14756s
[2026-04-27 16:05:11]   [124/298 · 42%] idx=2485: ✅REAL max=0.550 (51772ms) ETA=14627s
[2026-04-27 16:06:04]   [125/298 · 42%] idx=2494: ✅REAL max=0.350 (52112ms) ETA=14500s
[2026-04-27 16:07:10]   [126/298 · 42%] idx=2550: ✅REAL max=0.660 (64327ms) ETA=14391s
[2026-04-27 16:08:13]   [127/298 · 43%] idx=2557: ✅REAL max=0.450 (62288ms) ETA=14280s
[2026-04-27 16:09:19]   [128/298 · 43%] idx=2590: ✅REAL max=0.556 (64782ms) ETA=14173s
[2026-04-27 16:10:34]   [129/298 · 43%] idx=2604: ✅REAL max=0.540 (74218ms) ETA=14079s
[2026-04-27 16:12:53]   [130/298 · 44%] idx=2613: ✅REAL max=0.410 (33796ms) ETA=14068s
[2026-04-27 16:16:33]   [131/298 · 44%] idx=2615: ✅REAL max=0.450 (219147ms) ETA=14158s
[2026-04-27 16:17:56]   [132/298 · 44%] idx=2621: ✅REAL max=0.309 (82550ms) ETA=14071s
[2026-04-27 16:18:46]   [133/298 · 45%] idx=2633: ✅REAL max=0.380 (49014ms) ETA=13943s
[2026-04-27 16:19:50]   [134/298 · 45%] idx=2636: ✅REAL max=0.562 (62711ms) ETA=13834s
[2026-04-27 16:20:45]   [135/298 · 45%] idx=2643: ✅REAL max=0.400 (53661ms) ETA=13713s
[2026-04-27 16:21:45]   [136/298 · 46%] idx=2653: ✅REAL max=0.450 (59213ms) ETA=13601s
[2026-04-27 16:22:36]   [137/298 · 46%] idx=2674: ✅REAL max=0.470 (49524ms) ETA=13478s
[2026-04-27 16:23:14]   [138/298 · 46%] idx=2681: ✅REAL max=0.800 (37640ms) ETA=13342s
[2026-04-27 16:24:58]   [139/298 · 47%] idx=2696: ✅REAL max=0.480 (102851ms) ETA=13282s
[2026-04-27 16:25:57]   [140/298 · 47%] idx=2699: ✅REAL max=0.550 (57874ms) ETA=13170s
[2026-04-27 16:25:57]   💾 [140/298] 进度已保存
[2026-04-27 16:26:38]   [141/298 · 47%] idx=2702: ✅REAL max=0.550 (39649ms) ETA=13039s
[2026-04-27 16:30:04]   [142/298 · 48%] idx=2714: ✅REAL max=0.350 (79338ms) ETA=13092s
[2026-04-27 16:30:54]   [143/298 · 48%] idx=2735: ✅REAL max=0.580 (49480ms) ETA=12971s
[2026-04-27 16:31:26]   [144/298 · 48%] idx=2739: ✅REAL max=0.700 (31121ms) ETA=12833s
[2026-04-27 16:32:08]   [145/298 · 49%] idx=2754: ✅REAL max=0.840 (40873ms) ETA=12706s
[2026-04-27 16:33:09]   [146/298 · 49%] idx=2766: ✅REAL max=0.550 (60074ms) ETA=12600s
[2026-04-27 16:36:24]   [147/298 · 49%] idx=2767: ✅REAL max=0.350 (153542ms) ETA=12614s
[2026-04-27 16:49:52] [Proc 0] 启动，0秒后开始（避免并发冲突）
[2026-04-27 16:49:52] [数据] 从缓存加载: X_tr=/home/fandy/workplace/thesis/results/soft_labels/kuhar_X_tr.npy
[2026-04-27 16:49:52] [Proc 0] 类 0 (Stand): 5537样本, 目标400, 已有249, 需生成151
[2026-04-27 16:50:45]   [1/151 · 1%] idx=2770: ✅REAL max=0.370 (52711ms) ETA=7907s
[2026-04-27 16:52:04]   [2/151 · 1%] idx=2771: ✅REAL max=0.560 (78477ms) ETA=9848s
[2026-04-27 16:55:19]   [3/151 · 2%] idx=2778: ✅REAL max=0.750 (108999ms) ETA=16129s
[2026-04-27 16:56:24]   [4/151 · 3%] idx=2788: ✅REAL max=0.550 (64518ms) ETA=14424s
[2026-04-27 16:57:33]   [5/151 · 3%] idx=2790: ✅REAL max=0.550 (67961ms) ETA=13474s
[2026-04-27 16:58:47]   [6/151 · 4%] idx=2797: ✅REAL max=0.430 (72619ms) ETA=12931s
[2026-04-27 17:01:49]   [7/151 · 5%] idx=2821: ✅REAL max=0.350 (181255ms) ETA=14757s
[2026-04-27 17:02:55]   [8/151 · 5%] idx=2831: ✅REAL max=0.320 (65356ms) ETA=14009s
[2026-04-27 17:04:00]   [9/151 · 6%] idx=2865: ✅REAL max=0.400 (63522ms) ETA=13383s
[2026-04-27 17:04:51]   [10/151 · 7%] idx=2871: ✅REAL max=0.550 (49884ms) ETA=12677s
[2026-04-27 17:06:00]   [11/151 · 7%] idx=2883: ✅REAL max=0.300 (68169ms) ETA=12324s
[2026-04-27 17:06:59]   [12/151 · 8%] idx=2892: ✅REAL max=0.450 (58362ms) ETA=11904s
[2026-04-27 17:07:42]   [13/151 · 9%] idx=2895: ✅REAL max=0.228 (41334ms) ETA=11358s
[2026-04-27 19:02:07] [Proc 0] 启动，0秒后开始（避免并发冲突）
[2026-04-27 19:02:07] [数据] 从缓存加载: X_tr=/home/fandy/workplace/thesis/results/soft_labels/kuhar_X_tr.npy
[2026-04-27 19:02:07] [Proc 0] 类 0 (Stand): 5537样本, 目标400, 已有262, 需生成138
[2026-04-27 19:02:19] [Proc 0] 启动，0秒后开始（避免并发冲突）
[2026-04-27 19:02:19] [数据] 从缓存加载: X_tr=/home/fandy/workplace/thesis/results/soft_labels/kuhar_X_tr.npy
[2026-04-27 19:02:19] [Proc 0] 类 0 (Stand): 5537样本, 目标400, 已有262, 需生成138
[2026-04-27 19:02:43] [Proc 0] 启动，0秒后开始（避免并发冲突）
[2026-04-27 19:02:43] [数据] 从缓存加载: X_tr=/home/fandy/workplace/thesis/results/soft_labels/kuhar_X_tr.npy
[2026-04-27 19:02:43] [Proc 0] 类 0 (Stand): 5537样本, 目标400, 已有262, 需生成138
[2026-04-27 19:03:27]   [1/138 · 1%] idx=2900: ✅REAL max=0.450 (43632ms) ETA=5997s
[2026-04-27 19:03:43]   [1/138 · 1%] idx=2900: ✅REAL max=0.450 (76827ms) ETA=11063s
[2026-04-27 20:48:13] [Proc 0] 启动，0秒后开始（避免并发冲突）
[2026-04-27 20:48:13] [数据] 从缓存加载: X_tr=/home/fandy/workplace/thesis/results/soft_labels/kuhar_X_tr.npy
[2026-04-27 20:48:13] [Proc 0] 类 0 (Stand): 5537样本, 目标400, 已有263, 需生成137
[2026-04-27 20:48:48] [Proc 0] 启动，0秒后开始（避免并发冲突）
[2026-04-27 20:48:48] [数据] 从缓存加载: X_tr=/home/fandy/workplace/thesis/results/soft_labels/kuhar_X_tr.npy
[2026-04-27 20:48:48] [Proc 0] 类 0 (Stand): 5537样本, 目标400, 已有263, 需生成137
[2026-04-27 20:49:09]   [1/137 · 1%] idx=2902: ✅REAL max=0.354 (55413ms) ETA=7538s
[2026-04-27 20:49:36] [Proc 0] 启动，0秒后开始（避免并发冲突）
[2026-04-27 20:49:36] [数据] 从缓存加载: X_tr=/home/fandy/workplace/thesis/results/soft_labels/kuhar_X_tr.npy
[2026-04-27 20:49:36] [Proc 0] 类 0 (Stand): 5537样本, 目标400, 已有264, 需生成136
[2026-04-27 20:50:35]   [2/137 · 1%] idx=2936: ✅REAL max=0.450 (84946ms) ETA=9548s
[2026-04-27 20:51:22] [Proc 0] 启动，0秒后开始（避免并发冲突）
[2026-04-27 20:51:22] [数据] 从缓存加载: X_tr=/home/fandy/workplace/thesis/results/soft_labels/kuhar_X_tr.npy
[2026-04-27 20:51:22] [Proc 0] 类 0 (Stand): 5537样本, 目标400, 已有265, 需生成135
[2026-04-27 20:52:05]   [1/135 · 1%] idx=2943: ✅REAL max=0.460 (43293ms) ETA=5801s
[2026-04-27 20:53:09]   [2/135 · 1%] idx=2947: ✅REAL max=0.380 (62707ms) ETA=7116s
[2026-04-27 20:53:53]   [3/135 · 2%] idx=2963: ✅REAL max=0.550 (43228ms) ETA=6655s
[2026-04-27 20:54:41]   [4/135 · 3%] idx=2966: ✅REAL max=0.450 (46566ms) ETA=6511s
[2026-04-27 20:55:30]   [5/135 · 4%] idx=2971: ✅REAL max=0.480 (48404ms) ETA=6454s
[2026-04-27 20:56:37]   [6/135 · 4%] idx=2976: ✅REAL max=0.200 (65606ms) ETA=6769s
[2026-04-27 20:57:27]   [7/135 · 5%] idx=2983: ✅REAL max=0.550 (48930ms) ETA=6670s
[2026-04-27 20:58:56]   [8/135 · 6%] idx=3001: ✅REAL max=0.444 (88862ms) ETA=7217s
[2026-04-27 21:00:58]   [9/135 · 7%] idx=3020: ✅REAL max=0.270 (59513ms) ETA=8073s
[2026-04-27 21:01:56]   [10/135 · 7%] idx=3023: ✅REAL max=0.440 (56410ms) ETA=7926s
[2026-04-27 21:02:43]   [11/135 · 8%] idx=3028: ✅REAL max=0.440 (46314ms) ETA=7681s
[2026-04-27 21:03:39]   [12/135 · 9%] idx=3038: ✅REAL max=0.550 (54712ms) ETA=7555s
[2026-04-27 21:04:23]   [13/135 · 10%] idx=3040: ✅REAL max=0.150 (43530ms) ETA=7335s
[2026-04-27 21:05:32]   [14/135 · 10%] idx=3047: ✅REAL max=0.340 (67405ms) ETA=7347s
[2026-04-27 21:06:19]   [15/135 · 11%] idx=3059: ✅REAL max=0.290 (46355ms) ETA=7179s
[2026-04-27 21:08:45]   [16/135 · 12%] idx=3087: ✅REAL max=0.550 (46716ms) ETA=7761s
[2026-04-27 21:10:04]   [17/135 · 13%] idx=3093: ✅REAL max=0.840 (77553ms) ETA=7788s
[2026-04-27 21:10:45]   [18/135 · 13%] idx=3107: ✅REAL max=0.350 (39912ms) ETA=7559s
[2026-04-27 21:11:52]   [19/135 · 14%] idx=3128: ✅REAL max=0.450 (66514ms) ETA=7513s
[2026-04-27 21:12:28]   [20/135 · 15%] idx=3131: ✅REAL max=0.650 (34282ms) ETA=7278s
[2026-04-27 21:12:28]   💾 [20/135] 进度已保存
[2026-04-27 21:16:18]   [21/135 · 16%] idx=3142: ✅REAL max=0.440 (229681ms) ETA=8124s
[2026-04-27 21:17:02]   [22/135 · 16%] idx=3153: ✅REAL max=0.853 (43224ms) ETA=7914s
[2026-04-27 21:18:28]   [23/135 · 17%] idx=3155: ✅REAL max=0.450 (27582ms) ETA=7917s
[2026-04-27 21:20:02]   [24/135 · 18%] idx=3159: ✅REAL max=0.300 (93840ms) ETA=7958s
[2026-04-27 21:20:54]   [25/135 · 19%] idx=3166: ✅REAL max=0.303 (50531ms) ETA=7798s
[2026-04-27 21:21:34]   [26/135 · 19%] idx=3189: ✅REAL max=0.300 (39301ms) ETA=7598s
[2026-04-27 21:22:38]   [27/135 · 20%] idx=3202: ✅REAL max=0.560 (63185ms) ETA=7507s
[2026-04-27 21:23:33]   [28/135 · 21%] idx=3213: ✅REAL max=0.840 (53582ms) ETA=7380s
[2026-04-27 21:24:28]   [29/135 · 21%] idx=3230: ✅REAL max=0.800 (53864ms) ETA=7260s
[2026-04-27 21:25:22]   [30/135 · 22%] idx=3248: ✅REAL max=0.610 (52864ms) ETA=7140s
[2026-04-27 21:26:06]   [31/135 · 23%] idx=3262: ✅REAL max=0.400 (43103ms) ETA=6992s
[2026-04-27 21:26:59]   [32/135 · 24%] idx=3267: ✅REAL max=0.810 (52098ms) ETA=6879s
[2026-04-27 21:29:11]   [33/135 · 24%] idx=3272: ✅REAL max=0.404 (58385ms) ETA=7015s
[2026-04-27 21:30:41]   [34/135 · 25%] idx=3281: ✅REAL max=0.550 (88676ms) ETA=7009s
[2026-04-27 21:33:49]   [35/135 · 26%] idx=3283: ✅REAL max=0.546 (60785ms) ETA=7277s
[2026-04-27 21:34:53]   [36/135 · 27%] idx=3285: ✅REAL max=0.852 (63061ms) ETA=7181s
[2026-04-27 21:35:37]   [37/135 · 27%] idx=3286: ✅REAL max=0.630 (42792ms) ETA=7032s
[2026-04-27 21:36:22]   [38/135 · 28%] idx=3287: ✅REAL max=0.440 (43930ms) ETA=6892s
[2026-04-27 21:37:07]   [39/135 · 29%] idx=3289: ✅REAL max=0.700 (44012ms) ETA=6757s
[2026-04-27 21:38:01]   [40/135 · 30%] idx=3303: ✅REAL max=0.800 (53386ms) ETA=6648s
[2026-04-27 21:38:01]   💾 [40/135] 进度已保存
[2026-04-27 21:38:54]   [41/135 · 30%] idx=3307: ✅REAL max=0.340 (51905ms) ETA=6539s
[2026-04-27 21:39:32]   [42/135 · 31%] idx=3311: ✅REAL max=0.450 (37386ms) ETA=6401s
[2026-04-27 21:41:55]   [43/135 · 32%] idx=3333: ✅REAL max=0.714 (49140ms) ETA=6491s
[2026-04-27 21:43:02]   [44/135 · 33%] idx=3334: ✅REAL max=0.490 (65067ms) ETA=6411s
[2026-04-27 21:43:57]   [45/135 · 33%] idx=3357: ✅REAL max=0.280 (54040ms) ETA=6310s
[2026-04-27 21:45:14]   [46/135 · 34%] idx=3359: ✅REAL max=0.300 (75931ms) ETA=6253s
[2026-04-27 21:45:56]   [47/135 · 35%] idx=3361: ✅REAL max=0.540 (41611ms) ETA=6131s
[2026-04-27 21:46:53]   [48/135 · 36%] idx=3371: ✅REAL max=0.630 (55599ms) ETA=6037s
[2026-04-27 21:47:40]   [49/135 · 36%] idx=3372: ✅REAL max=0.450 (45799ms) ETA=5928s
[2026-04-27 21:48:44]   [50/135 · 37%] idx=3379: ✅REAL max=0.450 (63442ms) ETA=5852s
[2026-04-27 21:49:34]   [51/135 · 38%] idx=3380: ✅REAL max=0.860 (48795ms) ETA=5752s
[2026-04-27 21:50:24]   [52/135 · 39%] idx=3382: ✅REAL max=0.300 (49379ms) ETA=5654s
[2026-04-27 21:51:19]   [53/135 · 39%] idx=3392: ✅REAL max=0.700 (53792ms) ETA=5565s
[2026-04-27 21:52:20]   [54/135 · 40%] idx=3417: ✅REAL max=0.407 (59588ms) ETA=5487s
[2026-04-27 21:52:54]   [55/135 · 41%] idx=3428: ✅REAL max=0.450 (33471ms) ETA=5371s
[2026-04-27 21:53:52]   [56/135 · 41%] idx=3466: ✅REAL max=0.830 (57135ms) ETA=5291s
[2026-04-27 21:54:53]   [57/135 · 42%] idx=3468: ✅REAL max=0.220 (59508ms) ETA=5215s
[2026-04-27 21:55:19]   [58/135 · 43%] idx=3472: ✅REAL max=0.350 (25053ms) ETA=5094s
[2026-04-27 21:56:28]   [59/135 · 44%] idx=3490: ✅REAL max=0.450 (67861ms) ETA=5031s
[2026-04-27 21:57:43]   [60/135 · 44%] idx=3491: ✅REAL max=0.250 (74328ms) ETA=4976s
[2026-04-27 21:57:43]   💾 [60/135] 进度已保存
[2026-04-27 21:59:00]   [61/135 · 45%] idx=3498: ✅REAL max=0.203 (75912ms) ETA=4923s
[2026-04-27 22:00:36]   [62/135 · 46%] idx=3502: ✅REAL max=0.505 (95339ms) ETA=4891s
[2026-04-27 22:01:28]   [63/135 · 47%] idx=3503: ✅REAL max=0.463 (50432ms) ETA=4807s
[2026-04-27 22:03:02]   [64/135 · 47%] idx=3506: ✅REAL max=0.396 (93308ms) ETA=4771s
[2026-04-27 22:03:46]   [65/135 · 48%] idx=3511: ✅REAL max=0.720 (42583ms) ETA=4678s
[2026-04-27 22:04:49]   [66/135 · 49%] idx=3523: ✅REAL max=0.720 (62806ms) ETA=4608s
[2026-04-27 22:06:44]   [67/135 · 50%] idx=3524: ✅REAL max=0.588 (114122ms) ETA=4590s
[2026-04-27 22:07:27]   [68/135 · 50%] idx=3526: ✅REAL max=0.850 (41751ms) ETA=4498s
[2026-04-27 22:08:15]   [69/135 · 51%] idx=3529: ✅REAL max=0.550 (46928ms) ETA=4413s
[2026-04-27 22:09:02]   [70/135 · 52%] idx=3532: ✅REAL max=0.450 (45492ms) ETA=4327s
[2026-04-27 22:10:12]   [71/135 · 53%] idx=3534: ✅REAL max=0.730 (69772ms) ETA=4264s
[2026-04-27 22:11:39]   [72/135 · 53%] idx=3543: ✅REAL max=0.580 (85605ms) ETA=4215s
[2026-04-27 22:13:42]   [73/135 · 54%] idx=3547: ✅REAL max=0.120 (54554ms) ETA=4196s
[2026-04-27 22:14:33]   [74/135 · 55%] idx=3561: ✅REAL max=0.545 (50137ms) ETA=4115s
[2026-04-27 22:15:34]   [75/135 · 56%] idx=3565: ✅REAL max=0.200 (59708ms) ETA=4042s
[2026-04-27 22:16:17]   [76/135 · 56%] idx=3574: ✅REAL max=0.450 (42066ms) ETA=3956s
[2026-04-27 22:19:54]   [77/135 · 57%] idx=3576: ✅REAL max=0.340 (40951ms) ETA=4001s
[2026-04-27 22:20:29]   [78/135 · 58%] idx=3590: ✅REAL max=0.730 (34348ms) ETA=3907s
[2026-04-27 22:21:17]   [79/135 · 59%] idx=3614: ✅REAL max=0.800 (47330ms) ETA=3825s
[2026-04-27 22:22:06]   [80/135 · 59%] idx=3619: ✅REAL max=0.270 (48293ms) ETA=3743s
[2026-04-27 22:22:06]   💾 [80/135] 进度已保存
[2026-04-27 22:23:01]   [81/135 · 60%] idx=3630: ✅REAL max=0.800 (53455ms) ETA=3666s
[2026-04-27 22:24:08]   [82/135 · 61%] idx=3634: ✅REAL max=0.400 (66148ms) ETA=3598s
[2026-04-27 22:24:47]   [83/135 · 61%] idx=3643: ✅REAL max=0.920 (37849ms) ETA=3512s
[2026-04-27 22:25:43]   [84/135 · 62%] idx=3652: ✅REAL max=0.650 (54648ms) ETA=3437s
[2026-04-27 22:26:24]   [85/135 · 63%] idx=3660: ✅REAL max=0.450 (40188ms) ETA=3354s
[2026-04-27 22:27:28]   [86/135 · 64%] idx=3669: ✅REAL max=0.650 (63187ms) ETA=3285s
[2026-04-27 22:28:30]   [87/135 · 64%] idx=3673: ✅REAL max=0.450 (60610ms) ETA=3215s
[2026-04-27 22:29:06]   [88/135 · 65%] idx=3678: ✅REAL max=0.550 (35829ms) ETA=3132s
[2026-04-27 22:29:59]   [89/135 · 66%] idx=3682: ✅REAL max=0.480 (51807ms) ETA=3058s
[2026-04-27 22:32:42]   [90/135 · 67%] idx=3685: ✅REAL max=0.500 (161858ms) ETA=3040s
[2026-04-27 22:33:47]   [91/135 · 67%] idx=3697: ✅REAL max=0.530 (64254ms) ETA=2971s
[2026-04-27 22:36:14]   [92/135 · 68%] idx=3732: ✅REAL max=0.550 (79263ms) ETA=2941s
[2026-04-27 22:37:02]   [93/135 · 69%] idx=3759: ✅REAL max=0.390 (46951ms) ETA=2863s
[2026-04-27 22:38:02]   [94/135 · 70%] idx=3771: ✅REAL max=0.597 (58684ms) ETA=2791s
[2026-04-27 22:39:04]   [95/135 · 70%] idx=3781: ✅REAL max=0.446 (61359ms) ETA=2721s
[2026-04-27 22:39:58]   [96/135 · 71%] idx=3784: ✅REAL max=0.470 (52922ms) ETA=2647s
[2026-04-27 22:41:38]   [97/135 · 72%] idx=3792: ✅REAL max=0.330 (99033ms) ETA=2592s
[2026-04-27 22:42:44]   [98/135 · 73%] idx=3795: ✅REAL max=0.420 (64953ms) ETA=2523s
[2026-04-27 22:44:01]   [99/135 · 73%] idx=3803: ✅REAL max=0.600 (75875ms) ETA=2458s
[2026-04-27 22:45:00]   [100/135 · 74%] idx=3830: ✅REAL max=0.550 (57947ms) ETA=2386s
[2026-04-27 22:45:00]   💾 [100/135] 进度已保存
[2026-04-27 22:48:07]   [101/135 · 75%] idx=3861: ✅REAL max=0.475 (42669ms) ETA=2358s
[2026-04-27 22:48:52]   [102/135 · 76%] idx=3865: ✅REAL max=0.110 (44565ms) ETA=2281s
[2026-04-27 22:49:38]   [103/135 · 76%] idx=3869: ✅REAL max=0.500 (44190ms) ETA=2205s
[2026-04-27 22:50:23]   [104/135 · 77%] idx=3907: ✅REAL max=0.550 (44467ms) ETA=2129s
[2026-04-27 22:51:07]   [105/135 · 78%] idx=3957: ✅REAL max=0.450 (42863ms) ETA=2053s
[2026-04-27 22:52:10]   [106/135 · 79%] idx=3984: ✅REAL max=0.450 (62410ms) ETA=1983s
[2026-04-27 22:52:40]   [107/135 · 79%] idx=3989: ✅REAL max=0.600 (28144ms) ETA=1904s
[2026-04-27 22:53:20]   [108/135 · 80%] idx=4008: ✅REAL max=0.306 (39075ms) ETA=1829s
[2026-04-27 22:53:40]   [109/135 · 81%] idx=4009: ✅REAL max=0.454 (19171ms) ETA=1750s
[2026-04-27 22:55:26]   [110/135 · 81%] idx=4017: ✅REAL max=0.240 (105362ms) ETA=1692s
[2026-04-27 22:57:46]   [111/135 · 82%] idx=4018: ✅REAL max=0.380 (37133ms) ETA=1640s
[2026-04-27 22:59:06]   [112/135 · 83%] idx=4022: ✅REAL max=0.440 (79096ms) ETA=1574s
[2026-04-27 22:59:52]   [113/135 · 84%] idx=4043: ✅REAL max=0.653 (45230ms) ETA=1501s
[2026-04-27 23:02:30]   [114/135 · 84%] idx=4045: ✅REAL max=0.345 (156706ms) ETA=1449s
[2026-04-27 23:03:24]   [115/135 · 85%] idx=4047: ✅REAL max=0.500 (53119ms) ETA=1378s
[2026-04-27 23:04:03]   [116/135 · 86%] idx=4049: ✅REAL max=0.800 (38293ms) ETA=1304s
[2026-04-27 23:05:00]   [117/135 · 87%] idx=4054: ✅REAL max=0.330 (55594ms) ETA=1234s
[2026-04-27 23:07:33]   [118/135 · 87%] idx=4066: ✅REAL max=0.540 (34803ms) ETA=1177s
[2026-04-27 23:10:31]   [119/135 · 88%] idx=4069: ✅REAL max=0.582 (51040ms) ETA=1123s
[2026-04-27 23:11:09]   [120/135 · 89%] idx=4080: ✅REAL max=0.573 (37078ms) ETA=1048s
[2026-04-27 23:11:09]   💾 [120/135] 进度已保存
[2026-04-28 00:04:56] [Proc 0] 启动，0秒后开始（避免并发冲突）
[2026-04-28 00:04:56] [数据] 从缓存加载: X_tr=/home/fandy/workplace/thesis/results/soft_labels/kuhar_X_tr.npy
[2026-04-28 00:04:57] [Proc 0] 类 0 (Stand): 5537样本, 目标400, 已有385, 需生成15
[2026-04-28 00:06:21]   [1/15 · 7%] idx=4104: ✅REAL max=0.459 (84508ms) ETA=1183s
[2026-04-28 00:07:11]   [2/15 · 13%] idx=4121: ✅REAL max=0.510 (48514ms) ETA=871s
[2026-04-28 00:08:09]   [3/15 · 20%] idx=4141: ✅REAL max=0.500 (57113ms) ETA=769s
[2026-04-28 00:12:58] [Proc 0] 启动，0秒后开始（避免并发冲突）
[2026-04-28 00:12:58] [数据] 从缓存加载: X_tr=/home/fandy/workplace/thesis/results/soft_labels/kuhar_X_tr.npy
[2026-04-28 00:12:58] [Proc 0] 类 0 (Stand): 5537样本, 目标400, 已有388, 需生成12
[2026-04-28 00:14:14]   [1/12 · 8%] idx=4164: ✅REAL max=0.550 (76149ms) ETA=838s
[2026-04-28 00:15:00]   [2/12 · 17%] idx=4167: ✅REAL max=0.350 (45080ms) ETA=611s
[2026-04-28 00:17:23]   [3/12 · 25%] idx=4171: ✅REAL max=0.300 (40717ms) ETA=796s
[2026-04-28 00:18:30]   [4/12 · 33%] idx=4173: ✅REAL max=0.550 (66324ms) ETA=665s
[2026-04-28 00:19:04]   [5/12 · 42%] idx=4175: ✅REAL max=0.380 (33098ms) ETA=513s
[2026-04-28 00:23:37] [Proc 0] 启动，0秒后开始（避免并发冲突）
[2026-04-28 00:23:37] [数据] 从缓存加载: X_tr=/home/fandy/workplace/thesis/results/soft_labels/kuhar_X_tr.npy
[2026-04-28 00:23:37] [Proc 0] 类 0 (Stand): 5537样本, 目标400, 已有393, 需生成7
[2026-04-28 00:24:25]   [1/7 · 14%] idx=4176: ✅REAL max=0.560 (47232ms) ETA=283s
[2026-04-28 00:25:20]   [2/7 · 29%] idx=4204: ✅REAL max=0.450 (54709ms) ETA=257s
[2026-04-28 00:25:55]   [3/7 · 43%] idx=4231: ✅REAL max=0.580 (33310ms) ETA=183s
[2026-04-28 00:27:39]   [4/7 · 57%] idx=4240: ✅REAL max=0.370 (103247ms) ETA=181s
[2026-04-28 00:28:32]   [5/7 · 71%] idx=4241: ✅REAL max=0.310 (52417ms) ETA=118s
[2026-04-28 00:29:17]   [6/7 · 86%] idx=4246: ✅REAL max=0.350 (43616ms) ETA=57s
[2026-04-28 00:30:02]   [7/7 · 100%] idx=4259: ✅REAL max=0.700 (44223ms) ETA=0s
[2026-04-28 00:30:03] [Proc 0] ✅ 类 0 (Stand) 完成: 400/400 耗时386s
[2026-04-28 00:30:03] [Proc 0] 全部完成 → /home/fandy/workplace/thesis/results/soft_labels/kuhar_soft_proc0.npy
