[2026-05-08 13:52:30]   [003/18893] | true=walk(0) | pred=walk(0) |  ✓ | ent=1.28 | top=0:0.62, 4:0.15
[2026-05-08 13:52:43]   [004/18893] | true=walk(0) | pred=walk(0) |  ✓ | ent=1.06 | top=0:0.72, 4:0.12
[2026-05-08 13:52:53]   [005/18893] | true=run(1) | pred=run(1) |  ✓ | ent=1.44 | top=1:0.52, 0:0.22
[2026-05-08 13:53:01]   [006/18893] | true=stairs_up(3) | pred=stairs_up(3) |  ✓ | ent=1.40 | top=3:0.52, 4:0.25
[2026-05-08 13:53:30]   [008/18893] | true=run(1) | pred=run(1) |  ✓ | ent=0.69 | top=1:0.85, 0:0.05
[2026-05-08 13:53:54]   [010/18893] | true=run(1) | pred=run(1) |  ✓ | ent=0.51 | top=1:0.90, 7:0.03
[2026-05-08 13:54:43]   [013/18893] | true=run(1) | pred=run(1) |  ✓ | ent=0.59 | top=1:0.88, 0:0.03
[2026-05-08 13:56:15]   [015/18893] | true=run(1) | pred=run(1) |  ✓ | ent=0.51 | top=1:0.90, 0:0.02
[2026-05-08 13:56:25]   [016/18893] | true=sit(6) | pred=sit(6) |  ✓ | ent=0.57 | top=6:0.88, 7:0.05
[2026-05-08 13:56:36]   [017/18893] | true=sit(6) | pred=sit(6) |  ✓ | ent=0.67 | top=6:0.85, 5:0.05
[2026-05-08 13:56:44]   [018/18893] | true=sit(6) | pred=sit(6) |  ✓ | ent=0.58 | top=6:0.88, 5:0.04
[2026-05-08 13:57:30]   [020/18893] | true=run(1) | pred=run(1) |  ✓ | ent=1.43 | top=1:0.48, 0:0.27
[2026-05-08 13:57:59]   [022/18893] | true=shuffle(2) | pred=shuffle(2) |  ✓ | ent=1.04 | top=2:0.72, 4:0.10
[2026-05-08 13:58:32]   [024/18893] | true=walk(0) | pred=walk(0) |  ✓ | ent=1.29 | top=0:0.62, 4:0.15
[2026-05-08 13:59:06]   [026/18893] | true=walk(0) | pred=walk(0) |  ✓ | ent=1.32 | top=0:0.62, 4:0.12
[2026-05-08 13:59:43]   [028/18893] | true=stand(5) | pred=stand(5) |  ✓ | ent=0.90 | top=5:0.78, 6:0.08
[2026-05-08 14:00:33]   [031/18893] | true=sit(6) | pred=sit(6) |  ✓ | ent=0.58 | top=6:0.88, 5:0.04
[2026-05-08 14:00:43]   [032/18893] | true=run(1) | pred=run(1) |  ✓ | ent=0.59 | top=1:0.88, 0:0.03
[2026-05-08 14:01:20]   [034/18893] | true=lying(7) | pred=lying(7) |  ✓ | ent=1.28 | top=7:0.61, 6:0.18
[2026-05-08 14:01:31]   [035/18893] | true=stand(5) | pred=stand(5) |  ✓ | ent=0.90 | top=5:0.78, 6:0.08
[2026-05-08 14:02:01]   [037/18893] | true=run(1) | pred=run(1) |  ✓ | ent=0.43 | top=1:0.92, 0:0.02
[2026-05-08 14:02:10]   [038/18893] | true=shuffle(2) | pred=shuffle(2) |  ✓ | ent=1.35 | top=2:0.62, 7:0.10
[2026-05-08 14:02:18]   [039/18893] | true=run(1) | pred=run(1) |  ✓ | ent=0.51 | top=1:0.90, 0:0.02
[2026-05-08 14:02:28]   [040/18893] | true=sit(6) | pred=sit(6) |  ✓ | ent=0.66 | top=6:0.85, 7:0.07
[2026-05-08 14:03:22]   [043/18893] | true=run(1) | pred=run(1) |  ✓ | ent=0.39 | top=1:0.93, 0:0.01
[2026-05-08 14:03:33]   [044/18893] | true=run(1) | pred=run(1) |  ✓ | ent=0.43 | top=1:0.92, 0:0.02
[2026-05-08 14:03:49]   [045/18893] | true=run(1) | pred=run(1) |  ✓ | ent=0.43 | top=1:0.92, 0:0.02
[2026-05-08 14:03:57]   [046/18893] | true=sit(6) | pred=sit(6) |  ✓ | ent=0.58 | top=6:0.88, 7:0.04
[2026-05-08 14:04:32]   [048/18893] | true=sit(6) | pred=sit(6) |  ✓ | ent=0.58 | top=6:0.88, 5:0.04
[2026-05-08 14:04:43]   [049/18893] | true=lying(7) | pred=lying(7) |  ✓ | ent=0.83 | top=7:0.78, 6:0.12
[2026-05-08 14:05:14]   [051/18893] | true=lying(7) | pred=lying(7) |  ✓ | ent=1.34 | top=7:0.59, 5:0.15
[2026-05-08 14:06:04]   [054/18893] | true=stand(5) | pred=stand(5) |  ✓ | ent=0.90 | top=5:0.78, 6:0.08
[2026-05-08 14:06:13]   [055/18893] | true=sit(6) | pred=sit(6) |  ✓ | ent=0.43 | top=6:0.92, 5:0.02
[2026-05-08 14:07:04]   [058/18893] | true=lying(7) | pred=lying(7) |  ✓ | ent=0.83 | top=7:0.78, 6:0.12
[2026-05-08 14:07:16]   [059/18893] | true=run(1) | pred=run(1) |  ✓ | ent=0.43 | top=1:0.92, 0:0.02
[2026-05-08 14:07:49]   [061/18893] | true=run(1) | pred=run(1) |  ✓ | ent=0.51 | top=1:0.90, 7:0.03
[2026-05-08 14:08:04]   [062/18893] | true=walk(0) | pred=walk(0) |  ✓ | ent=1.03 | top=0:0.72, 4:0.14
[2026-05-08 14:08:17]   [063/18893] | true=sit(6) | pred=sit(6) |  ✓ | ent=0.67 | top=6:0.85, 7:0.06
[2026-05-08 14:08:28]   [064/18893] | true=shuffle(2) | pred=shuffle(2) |  ✓ | ent=1.62 | top=2:0.48, 3:0.14
[2026-05-08 14:09:01]   [066/18893] | true=walk(0) | pred=walk(0) |  ✓ | ent=1.46 | top=0:0.52, 4:0.22
[2026-05-08 14:09:35]   [068/18893] | true=stand(5) | pred=stand(5) |  ✓ | ent=0.90 | top=5:0.78, 6:0.08
[2026-05-08 14:09:46]   [069/18893] | true=run(1) | pred=run(1) |  ✓ | ent=0.51 | top=1:0.90, 7:0.03
[2026-05-08 14:09:56]   [070/18893] | true=lying(7) | pred=lying(7) |  ✓ | ent=0.83 | top=7:0.78, 6:0.12
[2026-05-08 14:10:06]   [071/18893] | true=stand(5) | pred=stand(5) |  ✓ | ent=0.67 | top=5:0.85, 6:0.05
[2026-05-08 14:11:04]   [074/18893] | true=stand(5) | pred=stand(5) |  ✓ | ent=0.67 | top=5:0.85, 6:0.05
[2026-05-08 14:11:15]   [075/18893] | true=stand(5) | pred=stand(5) |  ✓ | ent=0.91 | top=5:0.78, 6:0.08
[2026-05-08 14:11:27]   [076/18893] | true=walk(0) | pred=walk(0) |  ✓ | ent=1.09 | top=0:0.72, 4:0.10
[2026-05-08 14:12:09]   [078/18893] | true=walk(0) | pred=walk(0) |  ✓ | ent=1.29 | top=0:0.55, 4:0.27
[2026-05-08 14:12:19]   [079/18893] | true=sit(6) | pred=sit(6) |  ✓ | ent=0.54 | top=6:0.89, 7:0.04
[2026-05-08 14:12:31]   [080/18893] | true=stand(5) | pred=stand(5) |  ✓ | ent=0.98 | top=5:0.75, 6:0.08
[2026-05-08 14:12:40]   [081/18893] | true=sit(6) | pred=sit(6) |  ✓ | ent=0.58 | top=6:0.88, 5:0.04
[2026-05-08 14:15:27]   [089/18893] | true=lying(7) | pred=lying(7) |  ✓ | ent=1.11 | top=7:0.68, 6:0.15
[2026-05-08 14:15:40]   [090/18893] | true=stand(5) | pred=stand(5) |  ✓ | ent=0.90 | top=5:0.78, 6:0.08
[2026-05-08 14:15:51]   [091/18893] | true=stand(5) | pred=stand(5) |  ✓ | ent=0.96 | top=5:0.75, 6:0.12
[2026-05-08 14:16:02]   [092/18893] | true=sit(6) | pred=sit(6) |  ✓ | ent=0.43 | top=6:0.92, 5:0.02
[2026-05-08 14:16:11]   [093/18893] | true=sit(6) | pred=sit(6) |  ✓ | ent=0.58 | top=6:0.88, 5:0.04
[2026-05-08 14:16:21]   [094/18893] | true=stairs_down(4) | pred=stairs_down(4) |  ✓ | ent=1.22 | top=4:0.65, 3:0.15
[2026-05-08 14:17:20]   [097/18893] | true=lying(7) | pred=lying(7) |  ✓ | ent=0.83 | top=7:0.78, 6:0.12
[2026-05-08 14:17:35]   [098/18893] | true=sit(6) | pred=sit(6) |  ✓ | ent=0.51 | top=6:0.90, 7:0.03
[2026-05-08 14:17:44]   [099/18893] | true=sit(6) | pred=sit(6) |  ✓ | ent=0.57 | top=6:0.88, 7:0.05
[2026-05-08 14:18:00]   [100/18893] | true=sit(6) | pred=sit(6) |  ✓ | ent=0.51 | top=6:0.90, 5:0.03
[2026-05-08 14:18:10]   [101/18893] | true=run(1) | pred=run(1) |  ✓ | ent=0.43 | top=1:0.92, 0:0.02
[2026-05-08 14:19:03]   [104/18893] | true=sit(6) | pred=sit(6) |  ✓ | ent=0.58 | top=6:0.88, 5:0.04
[2026-05-08 14:20:19]   [108/18893] | true=run(1) | pred=run(1) |  ✓ | ent=0.51 | top=1:0.90, 7:0.03
[2026-05-08 14:20:36]   [109/18893] | true=sit(6) | pred=sit(6) |  ✓ | ent=0.57 | top=6:0.88, 7:0.05
[2026-05-08 14:21:17]   [111/18893] | true=walk(0) | pred=walk(0) |  ✓ | ent=1.04 | top=0:0.62, 1:0.28
[2026-05-08 14:21:29]   [112/18893] | true=run(1) | pred=run(1) |  ✓ | ent=0.28 | top=1:0.95, 0:0.01
[2026-05-08 14:21:39]   [113/18893] | true=run(1) | pred=run(1) |  ✓ | ent=0.51 | top=1:0.90, 7:0.03
[2026-05-08 14:21:53]   [114/18893] | true=sit(6) | pred=sit(6) |  ✓ | ent=0.58 | top=6:0.88, 5:0.04
[2026-05-08 14:22:01]   [115/18893] | true=run(1) | pred=run(1) |  ✓ | ent=0.51 | top=1:0.90, 0:0.02
[2026-05-08 14:22:14]   [116/18893] | true=shuffle(2) | pred=shuffle(2) |  ✓ | ent=1.49 | top=2:0.52, 3:0.18
[2026-05-08 14:22:46]   [118/18893] | true=stand(5) | pred=stand(5) |  ✓ | ent=0.90 | top=5:0.78, 6:0.08
[2026-05-08 14:23:03]   [119/18893] | true=sit(6) | pred=sit(6) |  ✓ | ent=0.51 | top=6:0.90, 7:0.03
[2026-05-08 14:23:15]   [120/18893] | true=stand(5) | pred=stand(5) |  ✓ | ent=0.90 | top=5:0.78, 6:0.08
[2026-05-08 14:23:24]   [121/18893] | true=walk(0) | pred=walk(0) |  ✓ | ent=1.32 | top=0:0.62, 4:0.12
