[2026-05-04 18:10:10] 
[2026-05-04 18:10:10] ============================================================
[2026-05-04 18:10:10] 
[2026-05-04 18:10:10]   MOTIONSENSE 全量软标签生成
[2026-05-04 18:10:10] 
[2026-05-04 18:10:10]   模型: mimo-v2.5-pro (direct http.client)
[2026-05-04 18:10:10] 
[2026-05-04 18:10:10]   样本数: 13993, 类别数: 6
[2026-05-04 18:10:10] 
[2026-05-04 18:10:10] ============================================================
[2026-05-04 18:10:10] 
[2026-05-04 18:10:10]  已有有效软标签: 0/13993
[2026-05-04 18:10:10] 
[2026-05-04 18:10:10]  待生成: 13993
[2026-05-04 18:10:10] 
[2026-05-04 18:10:12]   [  0/13993] 真实=3(standing) 预测=2(sitting)[✗] soft=[0.05 0.05 0.8  0.05 0.03 0.02]
[2026-05-04 18:10:12] 
[2026-05-04 18:10:15]   [  1/13993] 真实=3(standing) 预测=2(sitting)[✗] soft=[0.05 0.05 0.7  0.1  0.05 0.05]
[2026-05-04 18:10:15] 
[2026-05-04 18:10:22]   [  2/13993] 真实=5(walking) 预测=5(walking)[✓] soft=[0.05 0.05 0.05 0.05 0.05 0.75]
[2026-05-04 18:10:22] 
[2026-05-04 18:10:27]   [  3/13993] 真实=2(sitting) 预测=2(sitting)[✓] soft=[0.05 0.05 0.75 0.05 0.05 0.05]
[2026-05-04 18:10:27] 
[2026-05-04 18:10:29]   [  4/13993] 真实=3(standing) 预测=2(sitting)[✗] soft=[0.05 0.05 0.75 0.1  0.03 0.02]
[2026-05-04 18:10:29] 
[2026-05-04 18:10:32]   [  5/13993] 真实=2(sitting) 预测=2(sitting)[✓] soft=[0.05 0.05 0.8  0.05 0.03 0.02]
[2026-05-04 18:10:32] 
[2026-05-04 18:10:34]   [  6/13993] 真实=2(sitting) 预测=2(sitting)[✓] soft=[0.02 0.02 0.88 0.04 0.02 0.02]
[2026-05-04 18:10:34] 
[2026-05-04 18:10:44]   [  7/13993] 真实=5(walking) 预测=1(jogging)[✗] soft=[0.03 0.72 0.02 0.03 0.08 0.12]
[2026-05-04 18:10:44] 
[2026-05-04 18:10:57]   [  8/13993] 真实=2(sitting) 预测=2(sitting)[✓] soft=[0.02 0.01 0.72 0.18 0.04 0.03]
[2026-05-04 18:10:57] 
[2026-05-04 18:11:01]   [  9/13993] 真实=4(upstairs) 预测=4(upstairs)[✓] soft=[0.05 0.1  0.05 0.05 0.6  0.15]
[2026-05-04 18:11:01] 
[2026-05-04 18:11:01]   进度: 10/13993 (0.1%), 有效: 10/13993, acc: 60.0%, 速度: 0.2/s, ETA: 1183min
[2026-05-04 18:11:01] 
[2026-05-04 18:11:04]   [ 10/13993] 真实=5(walking) 预测=5(walking)[✓] soft=[0.05 0.1  0.05 0.05 0.35 0.4 ]
[2026-05-04 18:11:04] 
[2026-05-04 18:11:06]   [ 11/13993] 真实=4(upstairs) 预测=5(walking)[✗] soft=[0.05 0.1  0.05 0.05 0.35 0.4 ]
[2026-05-04 18:11:06] 
[2026-05-04 18:11:15]   [ 12/13993] 真实=3(standing) 预测=3(standing)[✓] soft=[0.02 0.02 0.08 0.78 0.05 0.05]
[2026-05-04 18:11:15] 
[2026-05-04 18:11:27]   [ 13/13993] 真实=4(upstairs) 预测=5(walking)[✗] soft=[0.05 0.2  0.02 0.03 0.1  0.6 ]
[2026-05-04 18:11:27] 
[2026-05-04 18:11:30]   [ 14/13993] 真实=5(walking) 预测=1(jogging)[✗] soft=[0.05 0.65 0.02 0.03 0.1  0.15]
[2026-05-04 18:11:30] 
[2026-05-04 18:11:32]   [ 15/13993] 真实=2(sitting) 预测=2(sitting)[✓] soft=[0.05 0.05 0.8  0.05 0.03 0.02]
[2026-05-04 18:11:32] 
[2026-05-04 18:11:34]   [ 16/13993] 真实=5(walking) 预测=1(jogging)[✗] soft=[0.05 0.75 0.02 0.02 0.08 0.08]
[2026-05-04 18:11:34] 
[2026-05-04 18:11:37]   [ 17/13993] 真实=2(sitting) 预测=2(sitting)[✓] soft=[0.05 0.05 0.75 0.1  0.03 0.02]
[2026-05-04 18:11:37] 
[2026-05-04 18:11:47]   [ 18/13993] 真实=4(upstairs) 预测=4(upstairs)[✓] soft=[0.05 0.05 0.02 0.03 0.45 0.4 ]
[2026-05-04 18:11:47] 
[2026-05-04 18:11:49]   [ 19/13993] 真实=3(standing) 预测=2(sitting)[✗] soft=[0.05 0.05 0.75 0.1  0.03 0.02]
[2026-05-04 18:11:49] 
[2026-05-04 18:11:49]   进度: 20/13993 (0.1%), 有效: 20/13993, acc: 55.0%, 速度: 0.2/s, ETA: 1155min
[2026-05-04 18:11:49] 
[2026-05-04 18:11:52]   [ 20/13993] 真实=5(walking) 预测=4(upstairs)[✗] soft=[0.05 0.1  0.05 0.05 0.65 0.1 ]
[2026-05-04 18:11:52] 
[2026-05-04 18:11:59]   [ 21/13993] 真实=5(walking) 预测=1(jogging)[✗] soft=[0.05 0.7  0.02 0.03 0.08 0.12]
[2026-05-04 18:11:59] 
[2026-05-04 18:12:02]   [ 22/13993] 真实=5(walking) 预测=5(walking)[✓] soft=[0.05 0.1  0.05 0.05 0.1  0.65]
[2026-05-04 18:12:02] 
[2026-05-04 18:12:05]   [ 23/13993] 真实=4(upstairs) 预测=5(walking)[✗] soft=[0.05 0.05 0.05 0.05 0.05 0.75]
[2026-05-04 18:12:05] 
[2026-05-04 18:12:07]   [ 24/13993] 真实=4(upstairs) 预测=1(jogging)[✗] soft=[0.05 0.7  0.02 0.03 0.1  0.1 ]
[2026-05-04 18:12:07] 
[2026-05-04 18:12:13]   [ 25/13993] 真实=5(walking) 预测=1(jogging)[✗] soft=[0.05 0.7  0.02 0.03 0.1  0.1 ]
[2026-05-04 18:12:13] 
[2026-05-04 18:12:25]   [ 26/13993] 真实=2(sitting) 预测=2(sitting)[✓] soft=[0.02 0.02 0.82 0.08 0.03 0.03]
[2026-05-04 18:12:25] 
[2026-05-04 18:12:26]   [ 27/13993] 真实=2(sitting) 预测=2(sitting)[✓] soft=[0.05 0.05 0.75 0.1  0.03 0.02]
[2026-05-04 18:12:26] 
[2026-05-04 18:12:32]   [ 28/13993] 真实=1(jogging) 预测=5(walking)[✗] soft=[0.05 0.05 0.05 0.05 0.05 0.75]
[2026-05-04 18:12:32] 
[2026-05-04 18:12:42]   [ 29/13993] 真实=5(walking) 预测=1(jogging)[✗] soft=[0.05 0.65 0.02 0.03 0.1  0.15]
[2026-05-04 18:12:42] 
[2026-05-04 18:12:42]   进度: 30/13993 (0.2%), 有效: 30/13993, acc: 46.7%, 速度: 0.2/s, ETA: 1182min
[2026-05-04 18:12:42] 
[2026-05-04 18:12:45]   [ 30/13993] 真实=3(standing) 预测=3(standing)[✓] soft=[0.05 0.05 0.05 0.75 0.05 0.05]
[2026-05-04 18:12:45] 
[2026-05-04 18:12:47]   [ 31/13993] 真实=1(jogging) 预测=1(jogging)[✓] soft=[0.05 0.7  0.02 0.03 0.1  0.1 ]
[2026-05-04 18:12:47] 
[2026-05-04 18:12:50]   [ 32/13993] 真实=1(jogging) 预测=1(jogging)[✓] soft=[0.05 0.7  0.02 0.03 0.1  0.1 ]
[2026-05-04 18:12:50] 
[2026-05-04 18:12:52]   [ 33/13993] 真实=2(sitting) 预测=2(sitting)[✓] soft=[0.05 0.05 0.75 0.05 0.05 0.05]
[2026-05-04 18:12:52] 
[2026-05-04 18:12:55]   [ 34/13993] 真实=4(upstairs) 预测=5(walking)[✗] soft=[0.05 0.1  0.05 0.05 0.35 0.4 ]
[2026-05-04 18:12:55] 
[2026-05-04 18:13:02]   [ 35/13993] 真实=1(jogging) 预测=1(jogging)[✓] soft=[0.15 0.55 0.02 0.03 0.15 0.1 ]
[2026-05-04 18:13:02] 
[2026-05-04 18:13:04]   [ 36/13993] 真实=2(sitting) 预测=2(sitting)[✓] soft=[0.02 0.02 0.88 0.04 0.02 0.02]
[2026-05-04 18:13:04] 
[2026-05-04 18:13:07]   [ 37/13993] 真实=4(upstairs) 预测=4(upstairs)[✓] soft=[0.05 0.1  0.05 0.05 0.55 0.2 ]
[2026-05-04 18:13:07] 
[2026-05-04 18:13:10]   [ 38/13993] 真实=4(upstairs) 预测=5(walking)[✗] soft=[0.05 0.1  0.05 0.05 0.35 0.4 ]
[2026-05-04 18:13:10] 
[2026-05-04 18:13:15]   [ 39/13993] 真实=2(sitting) 预测=2(sitting)[✓] soft=[0.05 0.05 0.75 0.05 0.05 0.05]
[2026-05-04 18:13:15] 
[2026-05-04 18:13:15]   进度: 40/13993 (0.3%), 有效: 40/13993, acc: 55.0%, 速度: 0.2/s, ETA: 1077min
[2026-05-04 18:13:15] 
[2026-05-04 18:13:18]   [ 40/13993] 真实=3(standing) 预测=2(sitting)[✗] soft=[0.05 0.05 0.7  0.1  0.05 0.05]
[2026-05-04 18:13:18] 
[2026-05-04 18:13:23]   [ 41/13993] 真实=3(standing) 预测=2(sitting)[✗] soft=[0.02 0.02 0.9  0.02 0.02 0.02]
[2026-05-04 18:13:23] 
[2026-05-04 18:13:25] Traceback (most recent call last):
[2026-05-04 18:13:25]   File "/home/fandy/workplace/thesis/scripts/gen_soft_labels_full.py", line 837, in <module>
[2026-05-04 18:13:25]     
[2026-05-04 18:13:25] generate_for_dataset(dataset, force_restart=force)
[2026-05-04 18:13:25] 
[2026-05-04 18:13:25]   File "/home/fandy/workplace/thesis/scripts/gen_soft_labels_full.py", line 695, in generate_for_dataset
[2026-05-04 18:13:25]     
[2026-05-04 18:13:25] result, err_msg = call_api(prompt, n_cls)
[2026-05-04 18:13:25] 
[2026-05-04 18:13:25]  
[2026-05-04 18:13:25]  
[2026-05-04 18:13:25]  
[2026-05-04 18:13:25]  
[2026-05-04 18:13:25]  
[2026-05-04 18:13:25]  
[2026-05-04 18:13:25]  
[2026-05-04 18:13:25]  
[2026-05-04 18:13:25]  
[2026-05-04 18:13:25]  
[2026-05-04 18:13:25]  
[2026-05-04 18:13:25]  
[2026-05-04 18:13:25]  
[2026-05-04 18:13:25]  
[2026-05-04 18:13:25]  
[2026-05-04 18:13:25]  
[2026-05-04 18:13:25]  
[2026-05-04 18:13:25]  
[2026-05-04 18:13:25]  
[2026-05-04 18:13:25]  
[2026-05-04 18:13:25]  
[2026-05-04 18:13:25]  
[2026-05-04 18:13:25] ^
[2026-05-04 18:13:25] ^
[2026-05-04 18:13:25] ^
[2026-05-04 18:13:25] ^
[2026-05-04 18:13:25] ^
[2026-05-04 18:13:25] ^
[2026-05-04 18:13:25] ^
[2026-05-04 18:13:25] ^
[2026-05-04 18:13:25] ^
[2026-05-04 18:13:25] ^
[2026-05-04 18:13:25] ^
[2026-05-04 18:13:25] ^
[2026-05-04 18:13:25] ^
[2026-05-04 18:13:25] ^
[2026-05-04 18:13:25] ^
[2026-05-04 18:13:25] ^
[2026-05-04 18:13:25] ^
[2026-05-04 18:13:25] ^
[2026-05-04 18:13:25] ^
[2026-05-04 18:13:25] ^
[2026-05-04 18:13:25] ^
[2026-05-04 18:13:25] ^
[2026-05-04 18:13:25] ^
[2026-05-04 18:13:25] 
[2026-05-04 18:13:25]   File "/home/fandy/workplace/thesis/scripts/gen_soft_labels_full.py", line 52, in call_api
[2026-05-04 18:13:25]     
[2026-05-04 18:13:25] resp = conn.getresponse()
[2026-05-04 18:13:25] 
[2026-05-04 18:13:25]  
[2026-05-04 18:13:25]  
[2026-05-04 18:13:25]  
[2026-05-04 18:13:25]  
[2026-05-04 18:13:25]  
[2026-05-04 18:13:25]  
[2026-05-04 18:13:25]  
[2026-05-04 18:13:25]  
[2026-05-04 18:13:25]  
[2026-05-04 18:13:25]  
[2026-05-04 18:13:25]  
[2026-05-04 18:13:25] ^
[2026-05-04 18:13:25] ^
[2026-05-04 18:13:25] ^
[2026-05-04 18:13:25] ^
[2026-05-04 18:13:25] ^
[2026-05-04 18:13:25] ^
[2026-05-04 18:13:25] ^
[2026-05-04 18:13:25] ^
[2026-05-04 18:13:25] ^
[2026-05-04 18:13:25] ^
[2026-05-04 18:13:25] ^
[2026-05-04 18:13:25] ^
[2026-05-04 18:13:25] ^
[2026-05-04 18:13:25] ^
[2026-05-04 18:13:25] ^
[2026-05-04 18:13:25] ^
[2026-05-04 18:13:25] ^
[2026-05-04 18:13:25] ^
[2026-05-04 18:13:25] 
[2026-05-04 18:13:25]   File "/usr/lib/python3.12/http/client.py", line 1448, in getresponse
[2026-05-04 18:13:25]     
[2026-05-04 18:13:25] response.begin()
[2026-05-04 18:13:25] 
[2026-05-04 18:13:25]   File "/usr/lib/python3.12/http/client.py", line 336, in begin
[2026-05-04 18:13:25]     
[2026-05-04 18:13:25] version, status, reason = self._read_status()
[2026-05-04 18:13:25] 
[2026-05-04 18:13:25]  
[2026-05-04 18:13:25]  
[2026-05-04 18:13:25]  
[2026-05-04 18:13:25]  
[2026-05-04 18:13:25]  
[2026-05-04 18:13:25]  
[2026-05-04 18:13:25]  
[2026-05-04 18:13:25]  
[2026-05-04 18:13:25]  
[2026-05-04 18:13:25]  
[2026-05-04 18:13:25]  
[2026-05-04 18:13:25]  
[2026-05-04 18:13:25]  
[2026-05-04 18:13:25]  
[2026-05-04 18:13:25]  
[2026-05-04 18:13:25]  
[2026-05-04 18:13:25]  
[2026-05-04 18:13:25]  
[2026-05-04 18:13:25]  
[2026-05-04 18:13:25]  
[2026-05-04 18:13:25]  
[2026-05-04 18:13:25]  
[2026-05-04 18:13:25]  
[2026-05-04 18:13:25]  
[2026-05-04 18:13:25]  
[2026-05-04 18:13:25]  
[2026-05-04 18:13:25]  
[2026-05-04 18:13:25]  
[2026-05-04 18:13:25]  
[2026-05-04 18:13:25]  
[2026-05-04 18:13:25] ^
[2026-05-04 18:13:25] ^
[2026-05-04 18:13:25] ^
[2026-05-04 18:13:25] ^
[2026-05-04 18:13:25] ^
[2026-05-04 18:13:25] ^
[2026-05-04 18:13:25] ^
[2026-05-04 18:13:25] ^
[2026-05-04 18:13:25] ^
[2026-05-04 18:13:25] ^
[2026-05-04 18:13:25] ^
[2026-05-04 18:13:25] ^
[2026-05-04 18:13:25] ^
[2026-05-04 18:13:25] ^
[2026-05-04 18:13:25] ^
[2026-05-04 18:13:25] ^
[2026-05-04 18:13:25] ^
[2026-05-04 18:13:25] ^
[2026-05-04 18:13:25] ^
[2026-05-04 18:13:25] 
[2026-05-04 18:13:25]   File "/usr/lib/python3.12/http/client.py", line 297, in _read_status
[2026-05-04 18:13:25]     
[2026-05-04 18:13:25] line = str(self.fp.readline(_MAXLINE + 1), "iso-8859-1")
[2026-05-04 18:13:25] 
[2026-05-04 18:13:25]  
[2026-05-04 18:13:25]  
[2026-05-04 18:13:25]  
[2026-05-04 18:13:25]  
[2026-05-04 18:13:25]  
[2026-05-04 18:13:25]  
[2026-05-04 18:13:25]  
[2026-05-04 18:13:25]  
[2026-05-04 18:13:25]  
[2026-05-04 18:13:25]  
[2026-05-04 18:13:25]  
[2026-05-04 18:13:25]  
[2026-05-04 18:13:25]  
[2026-05-04 18:13:25]  
[2026-05-04 18:13:25]  
[2026-05-04 18:13:25] ^
[2026-05-04 18:13:25] ^
[2026-05-04 18:13:25] ^
[2026-05-04 18:13:25] ^
[2026-05-04 18:13:25] ^
[2026-05-04 18:13:25] ^
[2026-05-04 18:13:25] ^
[2026-05-04 18:13:25] ^
[2026-05-04 18:13:25] ^
[2026-05-04 18:13:25] ^
[2026-05-04 18:13:25] ^
[2026-05-04 18:13:25] ^
[2026-05-04 18:13:25] ^
[2026-05-04 18:13:25] ^
[2026-05-04 18:13:25] ^
[2026-05-04 18:13:25] ^
[2026-05-04 18:13:25] ^
[2026-05-04 18:13:25] ^
[2026-05-04 18:13:25] ^
[2026-05-04 18:13:25] ^
[2026-05-04 18:13:25] ^
[2026-05-04 18:13:25] ^
[2026-05-04 18:13:25] ^
[2026-05-04 18:13:25] ^
[2026-05-04 18:13:25] ^
[2026-05-04 18:13:25] ^
[2026-05-04 18:13:25] ^
[2026-05-04 18:13:25] ^
[2026-05-04 18:13:25] ^
[2026-05-04 18:13:25] ^
[2026-05-04 18:13:25] 
[2026-05-04 18:13:25]   File "/usr/lib/python3.12/socket.py", line 707, in readinto
[2026-05-04 18:13:25]     
[2026-05-04 18:13:25] return self._sock.recv_into(b)
[2026-05-04 18:13:25] 
[2026-05-04 18:13:25]  
[2026-05-04 18:13:25]  
[2026-05-04 18:13:25]  
[2026-05-04 18:13:25]  
[2026-05-04 18:13:25]  
[2026-05-04 18:13:25]  
[2026-05-04 18:13:25]  
[2026-05-04 18:13:25]  
[2026-05-04 18:13:25]  
[2026-05-04 18:13:25]  
[2026-05-04 18:13:25]  
[2026-05-04 18:13:25] ^
[2026-05-04 18:13:25] ^
[2026-05-04 18:13:25] ^
[2026-05-04 18:13:25] ^
[2026-05-04 18:13:25] ^
[2026-05-04 18:13:25] ^
[2026-05-04 18:13:25] ^
[2026-05-04 18:13:25] ^
[2026-05-04 18:13:25] ^
[2026-05-04 18:13:25] ^
[2026-05-04 18:13:25] ^
[2026-05-04 18:13:25] ^
[2026-05-04 18:13:25] ^
[2026-05-04 18:13:25] ^
[2026-05-04 18:13:25] ^
[2026-05-04 18:13:25] ^
[2026-05-04 18:13:25] ^
[2026-05-04 18:13:25] ^
[2026-05-04 18:13:25] ^
[2026-05-04 18:13:25] ^
[2026-05-04 18:13:25] ^
[2026-05-04 18:13:25] ^
[2026-05-04 18:13:25] ^
[2026-05-04 18:13:25] 
[2026-05-04 18:13:25]   File "/usr/lib/python3.12/ssl.py", line 1252, in recv_into
[2026-05-04 18:13:25]     
[2026-05-04 18:13:25] return self.read(nbytes, buffer)
[2026-05-04 18:13:25] 
[2026-05-04 18:13:25]  
[2026-05-04 18:13:25]  
[2026-05-04 18:13:25]  
[2026-05-04 18:13:25]  
[2026-05-04 18:13:25]  
[2026-05-04 18:13:25]  
[2026-05-04 18:13:25]  
[2026-05-04 18:13:25]  
[2026-05-04 18:13:25]  
[2026-05-04 18:13:25]  
[2026-05-04 18:13:25]  
[2026-05-04 18:13:25] ^
[2026-05-04 18:13:25] ^
[2026-05-04 18:13:25] ^
[2026-05-04 18:13:25] ^
[2026-05-04 18:13:25] ^
[2026-05-04 18:13:25] ^
[2026-05-04 18:13:25] ^
[2026-05-04 18:13:25] ^
[2026-05-04 18:13:25] ^
[2026-05-04 18:13:25] ^
[2026-05-04 18:13:25] ^
[2026-05-04 18:13:25] ^
[2026-05-04 18:13:25] ^
[2026-05-04 18:13:25] ^
[2026-05-04 18:13:25] ^
[2026-05-04 18:13:25] ^
[2026-05-04 18:13:25] ^
[2026-05-04 18:13:25] ^
[2026-05-04 18:13:25] ^
[2026-05-04 18:13:25] ^
[2026-05-04 18:13:25] ^
[2026-05-04 18:13:25] ^
[2026-05-04 18:13:25] ^
[2026-05-04 18:13:25] ^
[2026-05-04 18:13:25] ^
[2026-05-04 18:13:25] 
[2026-05-04 18:13:25]   File "/usr/lib/python3.12/ssl.py", line 1104, in read
[2026-05-04 18:13:25]     
[2026-05-04 18:13:25] return self._sslobj.read(len, buffer)
[2026-05-04 18:13:25] 
[2026-05-04 18:13:25]  
[2026-05-04 18:13:25]  
[2026-05-04 18:13:25]  
[2026-05-04 18:13:25]  
[2026-05-04 18:13:25]  
[2026-05-04 18:13:25]  
[2026-05-04 18:13:25]  
[2026-05-04 18:13:25]  
[2026-05-04 18:13:25]  
[2026-05-04 18:13:25]  
[2026-05-04 18:13:25]  
[2026-05-04 18:13:25] ^
[2026-05-04 18:13:25] ^
[2026-05-04 18:13:25] ^
[2026-05-04 18:13:25] ^
[2026-05-04 18:13:25] ^
[2026-05-04 18:13:25] ^
[2026-05-04 18:13:25] ^
[2026-05-04 18:13:25] ^
[2026-05-04 18:13:25] ^
[2026-05-04 18:13:25] ^
[2026-05-04 18:13:25] ^
[2026-05-04 18:13:25] ^
[2026-05-04 18:13:25] ^
[2026-05-04 18:13:25] ^
[2026-05-04 18:13:25] ^
[2026-05-04 18:13:25] ^
[2026-05-04 18:13:25] ^
[2026-05-04 18:13:25] ^
[2026-05-04 18:13:25] ^
[2026-05-04 18:13:25] ^
[2026-05-04 18:13:25] ^
[2026-05-04 18:13:25] ^
[2026-05-04 18:13:25] ^
[2026-05-04 18:13:25] ^
[2026-05-04 18:13:25] ^
[2026-05-04 18:13:25] ^
[2026-05-04 18:13:25] ^
[2026-05-04 18:13:25] ^
[2026-05-04 18:13:25] ^
[2026-05-04 18:13:25] ^
[2026-05-04 18:13:25] 
[2026-05-04 18:13:25] KeyboardInterrupt
[2026-05-04 18:13:25] 
