[2026-05-04 22:24:57] 
[2026-05-04 22:24:57] ============================================================
[2026-05-04 22:24:57] 
[2026-05-04 22:24:57]   HARTH 全量软标签生成
[2026-05-04 22:24:57] 
[2026-05-04 22:24:57]   模型: MiniMax-M2.7-highspeed (direct http.client)
[2026-05-04 22:24:57] 
[2026-05-04 22:24:57]   样本数: 22744, 类别数: 6
[2026-05-04 22:24:57] 
[2026-05-04 22:24:57] ============================================================
[2026-05-04 22:24:57] 
[2026-05-04 22:24:57]  已有有效软标签: 0/22744
[2026-05-04 22:24:57] 
[2026-05-04 22:24:57]  待生成: 22744
[2026-05-04 22:24:57] 
[2026-05-04 22:28:44]   [0/22744] idx=0: ❌ 失败 The read operation timed out, 保留为零
[2026-05-04 22:28:44] 
[2026-05-04 22:29:55] Traceback (most recent call last):
[2026-05-04 22:29:55]   File "/home/fandy/workplace/thesis/scripts/gen_soft_labels_full.py", line 52, in call_api
[2026-05-04 22:29:55]     
[2026-05-04 22:29:55] resp = conn.getresponse()
[2026-05-04 22:29:55] 
[2026-05-04 22:29:55]  
[2026-05-04 22:29:55]  
[2026-05-04 22:29:55]  
[2026-05-04 22:29:55]  
[2026-05-04 22:29:55]  
[2026-05-04 22:29:55]  
[2026-05-04 22:29:55]  
[2026-05-04 22:29:55]  
[2026-05-04 22:29:55]  
[2026-05-04 22:29:55]  
[2026-05-04 22:29:55]  
[2026-05-04 22:29:55] ^
[2026-05-04 22:29:55] ^
[2026-05-04 22:29:55] ^
[2026-05-04 22:29:55] ^
[2026-05-04 22:29:55] ^
[2026-05-04 22:29:55] ^
[2026-05-04 22:29:55] ^
[2026-05-04 22:29:55] ^
[2026-05-04 22:29:55] ^
[2026-05-04 22:29:55] ^
[2026-05-04 22:29:55] ^
[2026-05-04 22:29:55] ^
[2026-05-04 22:29:55] ^
[2026-05-04 22:29:55] ^
[2026-05-04 22:29:55] ^
[2026-05-04 22:29:55] ^
[2026-05-04 22:29:55] ^
[2026-05-04 22:29:55] ^
[2026-05-04 22:29:55] 
[2026-05-04 22:29:55]   File "/usr/lib/python3.12/http/client.py", line 1448, in getresponse
[2026-05-04 22:29:55]     
[2026-05-04 22:29:55] response.begin()
[2026-05-04 22:29:55] 
[2026-05-04 22:29:55]   File "/usr/lib/python3.12/http/client.py", line 336, in begin
[2026-05-04 22:29:55]     
[2026-05-04 22:29:55] version, status, reason = self._read_status()
[2026-05-04 22:29:55] 
[2026-05-04 22:29:55]  
[2026-05-04 22:29:55]  
[2026-05-04 22:29:55]  
[2026-05-04 22:29:55]  
[2026-05-04 22:29:55]  
[2026-05-04 22:29:55]  
[2026-05-04 22:29:55]  
[2026-05-04 22:29:55]  
[2026-05-04 22:29:55]  
[2026-05-04 22:29:55]  
[2026-05-04 22:29:55]  
[2026-05-04 22:29:55]  
[2026-05-04 22:29:55]  
[2026-05-04 22:29:55]  
[2026-05-04 22:29:55]  
[2026-05-04 22:29:55]  
[2026-05-04 22:29:55]  
[2026-05-04 22:29:55]  
[2026-05-04 22:29:55]  
[2026-05-04 22:29:55]  
[2026-05-04 22:29:55]  
[2026-05-04 22:29:55]  
[2026-05-04 22:29:55]  
[2026-05-04 22:29:55]  
[2026-05-04 22:29:55]  
[2026-05-04 22:29:55]  
[2026-05-04 22:29:55]  
[2026-05-04 22:29:55]  
[2026-05-04 22:29:55]  
[2026-05-04 22:29:55]  
[2026-05-04 22:29:55] ^
[2026-05-04 22:29:55] ^
[2026-05-04 22:29:55] ^
[2026-05-04 22:29:55] ^
[2026-05-04 22:29:55] ^
[2026-05-04 22:29:55] ^
[2026-05-04 22:29:55] ^
[2026-05-04 22:29:55] ^
[2026-05-04 22:29:55] ^
[2026-05-04 22:29:55] ^
[2026-05-04 22:29:55] ^
[2026-05-04 22:29:55] ^
[2026-05-04 22:29:55] ^
[2026-05-04 22:29:55] ^
[2026-05-04 22:29:55] ^
[2026-05-04 22:29:55] ^
[2026-05-04 22:29:55] ^
[2026-05-04 22:29:55] ^
[2026-05-04 22:29:55] ^
[2026-05-04 22:29:55] 
[2026-05-04 22:29:55]   File "/usr/lib/python3.12/http/client.py", line 297, in _read_status
[2026-05-04 22:29:55]     
[2026-05-04 22:29:55] line = str(self.fp.readline(_MAXLINE + 1), "iso-8859-1")
[2026-05-04 22:29:55] 
[2026-05-04 22:29:55]  
[2026-05-04 22:29:55]  
[2026-05-04 22:29:55]  
[2026-05-04 22:29:55]  
[2026-05-04 22:29:55]  
[2026-05-04 22:29:55]  
[2026-05-04 22:29:55]  
[2026-05-04 22:29:55]  
[2026-05-04 22:29:55]  
[2026-05-04 22:29:55]  
[2026-05-04 22:29:55]  
[2026-05-04 22:29:55]  
[2026-05-04 22:29:55]  
[2026-05-04 22:29:55]  
[2026-05-04 22:29:55]  
[2026-05-04 22:29:55] ^
[2026-05-04 22:29:55] ^
[2026-05-04 22:29:55] ^
[2026-05-04 22:29:55] ^
[2026-05-04 22:29:55] ^
[2026-05-04 22:29:55] ^
[2026-05-04 22:29:55] ^
[2026-05-04 22:29:55] ^
[2026-05-04 22:29:55] ^
[2026-05-04 22:29:55] ^
[2026-05-04 22:29:55] ^
[2026-05-04 22:29:55] ^
[2026-05-04 22:29:55] ^
[2026-05-04 22:29:55] ^
[2026-05-04 22:29:55] ^
[2026-05-04 22:29:55] ^
[2026-05-04 22:29:55] ^
[2026-05-04 22:29:55] ^
[2026-05-04 22:29:55] ^
[2026-05-04 22:29:55] ^
[2026-05-04 22:29:55] ^
[2026-05-04 22:29:55] ^
[2026-05-04 22:29:55] ^
[2026-05-04 22:29:55] ^
[2026-05-04 22:29:55] ^
[2026-05-04 22:29:55] ^
[2026-05-04 22:29:55] ^
[2026-05-04 22:29:55] ^
[2026-05-04 22:29:55] ^
[2026-05-04 22:29:55] ^
[2026-05-04 22:29:55] 
[2026-05-04 22:29:55]   File "/usr/lib/python3.12/socket.py", line 707, in readinto
[2026-05-04 22:29:55]     
[2026-05-04 22:29:55] return self._sock.recv_into(b)
[2026-05-04 22:29:55] 
[2026-05-04 22:29:55]  
[2026-05-04 22:29:55]  
[2026-05-04 22:29:55]  
[2026-05-04 22:29:55]  
[2026-05-04 22:29:55]  
[2026-05-04 22:29:55]  
[2026-05-04 22:29:55]  
[2026-05-04 22:29:55]  
[2026-05-04 22:29:55]  
[2026-05-04 22:29:55]  
[2026-05-04 22:29:55]  
[2026-05-04 22:29:55] ^
[2026-05-04 22:29:55] ^
[2026-05-04 22:29:55] ^
[2026-05-04 22:29:55] ^
[2026-05-04 22:29:55] ^
[2026-05-04 22:29:55] ^
[2026-05-04 22:29:55] ^
[2026-05-04 22:29:55] ^
[2026-05-04 22:29:55] ^
[2026-05-04 22:29:55] ^
[2026-05-04 22:29:55] ^
[2026-05-04 22:29:55] ^
[2026-05-04 22:29:55] ^
[2026-05-04 22:29:55] ^
[2026-05-04 22:29:55] ^
[2026-05-04 22:29:55] ^
[2026-05-04 22:29:55] ^
[2026-05-04 22:29:55] ^
[2026-05-04 22:29:55] ^
[2026-05-04 22:29:55] ^
[2026-05-04 22:29:55] ^
[2026-05-04 22:29:55] ^
[2026-05-04 22:29:55] ^
[2026-05-04 22:29:55] 
[2026-05-04 22:29:55]   File "/usr/lib/python3.12/ssl.py", line 1252, in recv_into
[2026-05-04 22:29:55]     
[2026-05-04 22:29:55] return self.read(nbytes, buffer)
[2026-05-04 22:29:55] 
[2026-05-04 22:29:55]  
[2026-05-04 22:29:55]  
[2026-05-04 22:29:55]  
[2026-05-04 22:29:55]  
[2026-05-04 22:29:55]  
[2026-05-04 22:29:55]  
[2026-05-04 22:29:55]  
[2026-05-04 22:29:55]  
[2026-05-04 22:29:55]  
[2026-05-04 22:29:55]  
[2026-05-04 22:29:55]  
[2026-05-04 22:29:55] ^
[2026-05-04 22:29:55] ^
[2026-05-04 22:29:55] ^
[2026-05-04 22:29:55] ^
[2026-05-04 22:29:55] ^
[2026-05-04 22:29:55] ^
[2026-05-04 22:29:55] ^
[2026-05-04 22:29:55] ^
[2026-05-04 22:29:55] ^
[2026-05-04 22:29:55] ^
[2026-05-04 22:29:55] ^
[2026-05-04 22:29:55] ^
[2026-05-04 22:29:55] ^
[2026-05-04 22:29:55] ^
[2026-05-04 22:29:55] ^
[2026-05-04 22:29:55] ^
[2026-05-04 22:29:55] ^
[2026-05-04 22:29:55] ^
[2026-05-04 22:29:55] ^
[2026-05-04 22:29:55] ^
[2026-05-04 22:29:55] ^
[2026-05-04 22:29:55] ^
[2026-05-04 22:29:55] ^
[2026-05-04 22:29:55] ^
[2026-05-04 22:29:55] ^
[2026-05-04 22:29:55] 
[2026-05-04 22:29:55]   File "/usr/lib/python3.12/ssl.py", line 1104, in read
[2026-05-04 22:29:55]     
[2026-05-04 22:29:55] return self._sslobj.read(len, buffer)
[2026-05-04 22:29:55] 
[2026-05-04 22:29:55]  
[2026-05-04 22:29:55]  
[2026-05-04 22:29:55]  
[2026-05-04 22:29:55]  
[2026-05-04 22:29:55]  
[2026-05-04 22:29:55]  
[2026-05-04 22:29:55]  
[2026-05-04 22:29:55]  
[2026-05-04 22:29:55]  
[2026-05-04 22:29:55]  
[2026-05-04 22:29:55]  
[2026-05-04 22:29:55] ^
[2026-05-04 22:29:55] ^
[2026-05-04 22:29:55] ^
[2026-05-04 22:29:55] ^
[2026-05-04 22:29:55] ^
[2026-05-04 22:29:55] ^
[2026-05-04 22:29:55] ^
[2026-05-04 22:29:55] ^
[2026-05-04 22:29:55] ^
[2026-05-04 22:29:55] ^
[2026-05-04 22:29:55] ^
[2026-05-04 22:29:55] ^
[2026-05-04 22:29:55] ^
[2026-05-04 22:29:55] ^
[2026-05-04 22:29:55] ^
[2026-05-04 22:29:55] ^
[2026-05-04 22:29:55] ^
[2026-05-04 22:29:55] ^
[2026-05-04 22:29:55] ^
[2026-05-04 22:29:55] ^
[2026-05-04 22:29:55] ^
[2026-05-04 22:29:55] ^
[2026-05-04 22:29:55] ^
[2026-05-04 22:29:55] ^
[2026-05-04 22:29:55] ^
[2026-05-04 22:29:55] ^
[2026-05-04 22:29:55] ^
[2026-05-04 22:29:55] ^
[2026-05-04 22:29:55] ^
[2026-05-04 22:29:55] ^
[2026-05-04 22:29:55] 
[2026-05-04 22:29:55] TimeoutError
[2026-05-04 22:29:55] : 
[2026-05-04 22:29:55] The read operation timed out
[2026-05-04 22:29:55] 
[2026-05-04 22:29:55] 
[2026-05-04 22:29:55] During handling of the above exception, another exception occurred:
[2026-05-04 22:29:55] 
[2026-05-04 22:29:55] Traceback (most recent call last):
[2026-05-04 22:29:55]   File "/home/fandy/workplace/thesis/scripts/gen_soft_labels_full.py", line 921, in <module>
[2026-05-04 22:29:55]     
[2026-05-04 22:29:55] generate_for_dataset(dataset, force_restart=force)
[2026-05-04 22:29:55] 
[2026-05-04 22:29:55]   File "/home/fandy/workplace/thesis/scripts/gen_soft_labels_full.py", line 779, in generate_for_dataset
[2026-05-04 22:29:55]     
[2026-05-04 22:29:55] result, err_msg = call_api(prompt, n_cls)
[2026-05-04 22:29:55] 
[2026-05-04 22:29:55]  
[2026-05-04 22:29:55]  
[2026-05-04 22:29:55]  
[2026-05-04 22:29:55]  
[2026-05-04 22:29:55]  
[2026-05-04 22:29:55]  
[2026-05-04 22:29:55]  
[2026-05-04 22:29:55]  
[2026-05-04 22:29:55]  
[2026-05-04 22:29:55]  
[2026-05-04 22:29:55]  
[2026-05-04 22:29:55]  
[2026-05-04 22:29:55]  
[2026-05-04 22:29:55]  
[2026-05-04 22:29:55]  
[2026-05-04 22:29:55]  
[2026-05-04 22:29:55]  
[2026-05-04 22:29:55]  
[2026-05-04 22:29:55]  
[2026-05-04 22:29:55]  
[2026-05-04 22:29:55]  
[2026-05-04 22:29:55]  
[2026-05-04 22:29:55] ^
[2026-05-04 22:29:55] ^
[2026-05-04 22:29:55] ^
[2026-05-04 22:29:55] ^
[2026-05-04 22:29:55] ^
[2026-05-04 22:29:55] ^
[2026-05-04 22:29:55] ^
[2026-05-04 22:29:55] ^
[2026-05-04 22:29:55] ^
[2026-05-04 22:29:55] ^
[2026-05-04 22:29:55] ^
[2026-05-04 22:29:55] ^
[2026-05-04 22:29:55] ^
[2026-05-04 22:29:55] ^
[2026-05-04 22:29:55] ^
[2026-05-04 22:29:55] ^
[2026-05-04 22:29:55] ^
[2026-05-04 22:29:55] ^
[2026-05-04 22:29:55] ^
[2026-05-04 22:29:55] ^
[2026-05-04 22:29:55] ^
[2026-05-04 22:29:55] ^
[2026-05-04 22:29:55] ^
[2026-05-04 22:29:55] 
[2026-05-04 22:29:55]   File "/home/fandy/workplace/thesis/scripts/gen_soft_labels_full.py", line 73, in call_api
[2026-05-04 22:29:55]     
[2026-05-04 22:29:55] time.sleep(retry_sleep); continue
[2026-05-04 22:29:55] 
[2026-05-04 22:29:55]  
[2026-05-04 22:29:55]  
[2026-05-04 22:29:55]  
[2026-05-04 22:29:55]  
[2026-05-04 22:29:55] ^
[2026-05-04 22:29:55] ^
[2026-05-04 22:29:55] ^
[2026-05-04 22:29:55] ^
[2026-05-04 22:29:55] ^
[2026-05-04 22:29:55] ^
[2026-05-04 22:29:55] ^
[2026-05-04 22:29:55] ^
[2026-05-04 22:29:55] ^
[2026-05-04 22:29:55] ^
[2026-05-04 22:29:55] ^
[2026-05-04 22:29:55] ^
[2026-05-04 22:29:55] ^
[2026-05-04 22:29:55] ^
[2026-05-04 22:29:55] ^
[2026-05-04 22:29:55] ^
[2026-05-04 22:29:55] ^
[2026-05-04 22:29:55] ^
[2026-05-04 22:29:55] ^
[2026-05-04 22:29:55] ^
[2026-05-04 22:29:55] ^
[2026-05-04 22:29:55] ^
[2026-05-04 22:29:55] ^
[2026-05-04 22:29:55] 
[2026-05-04 22:29:55] KeyboardInterrupt
[2026-05-04 22:29:55] 
