[2026-04-27 10:42:41] [Proc 10] 启动，50秒后开始（避免并发冲突）
[2026-04-27 10:43:31] [数据] 从缓存加载: X_tr=/home/fandy/workplace/thesis/results/soft_labels/kuhar_X_tr.npy
[2026-04-27 10:43:31] [Proc 10] 类 10 (Sit-up): 3060样本, 目标400, 已有0, 需生成400
[2026-04-27 10:44:23]   [1/400 · 0%] idx=7: ✅REAL max=0.550 (51581ms) ETA=20581s
[2026-04-27 10:45:00]   [2/400 · 0%] idx=11: ✅REAL max=0.330 (35773ms) ETA=17583s
[2026-04-27 10:45:37]   [3/400 · 1%] idx=13: ✅REAL max=0.260 (35917ms) ETA=16579s
[2026-04-27 10:46:49]   [4/400 · 1%] idx=14: ✅REAL max=0.450 (71008ms) ETA=19532s
[2026-04-27 10:47:39]   [5/400 · 1%] idx=18: ✅REAL max=0.410 (48866ms) ETA=19526s
[2026-04-27 10:48:33]   [6/400 · 2%] idx=24: ✅REAL max=0.250 (53482ms) ETA=19809s
[2026-04-27 10:49:19]   [7/400 · 2%] idx=45: ✅REAL max=0.280 (44707ms) ETA=19503s
[2026-04-27 10:50:05]   [8/400 · 2%] idx=84: ✅REAL max=0.450 (44999ms) ETA=19276s
[2026-04-27 10:50:49]   [9/400 · 2%] idx=101: ✅REAL max=0.450 (43667ms) ETA=19033s
[2026-04-27 10:52:50]   [10/400 · 2%] idx=127: ✅REAL max=0.520 (42689ms) ETA=21771s
[2026-04-27 10:53:20]   [11/400 · 3%] idx=138: ✅REAL max=0.450 (29791ms) ETA=20833s
[2026-04-27 11:22:35]   [12/400 · 3%] idx=174: ✅REAL max=0.420 (170338ms) ETA=75792s
[2026-04-27 11:32:40] [Proc 10] 启动，50秒后开始（避免并发冲突）
[2026-04-27 11:33:30] [数据] 从缓存加载: X_tr=/home/fandy/workplace/thesis/results/soft_labels/kuhar_X_tr.npy
[2026-04-27 11:33:30] [Proc 10] 类 10 (Sit-up): 3060样本, 目标400, 已有12, 需生成388
[2026-04-27 11:34:35]   [1/388 · 0%] idx=178: ✅REAL max=0.230 (64442ms) ETA=24939s
[2026-04-27 11:37:49]   [2/388 · 1%] idx=186: ✅REAL max=0.300 (193455ms) ETA=49968s
[2026-04-27 11:39:35]   [3/388 · 1%] idx=196: ✅REAL max=0.650 (105009ms) ETA=46831s
[2026-04-27 11:40:04]   [4/388 · 1%] idx=211: ✅REAL max=0.620 (28373ms) ETA=37852s
[2026-04-27 11:40:59]   [5/388 · 1%] idx=226: ✅REAL max=0.500 (53184ms) ETA=34354s
[2026-04-27 11:41:28]   [6/388 · 2%] idx=231: ✅REAL max=0.700 (28406ms) ETA=30426s
[2026-04-27 11:42:09]   [7/388 · 2%] idx=286: ✅REAL max=0.590 (39793ms) ETA=28232s
[2026-04-27 11:42:43]   [8/388 · 2%] idx=287: ✅REAL max=0.680 (33466ms) ETA=26275s
[2026-04-27 11:44:20]   [9/388 · 2%] idx=294: ✅REAL max=0.450 (95432ms) ETA=27355s
[2026-04-27 11:45:09]   [10/388 · 3%] idx=308: ✅REAL max=0.440 (48384ms) ETA=26422s
[2026-04-27 11:45:33]   [11/388 · 3%] idx=318: ✅REAL max=0.710 (22924ms) ETA=24776s
[2026-04-27 11:47:01]   [12/388 · 3%] idx=337: ✅REAL max=0.446 (86905ms) ETA=25406s
[2026-04-27 11:47:31]   [13/388 · 3%] idx=363: ✅REAL max=0.550 (28812ms) ETA=24249s
[2026-04-27 11:48:46]   [14/388 · 4%] idx=398: ✅REAL max=0.350 (74175ms) ETA=24466s
[2026-04-27 11:49:47]   [15/388 · 4%] idx=417: ✅REAL max=0.350 (60255ms) ETA=24297s
[2026-04-27 11:52:31]   [16/388 · 4%] idx=423: ✅REAL max=0.250 (77212ms) ETA=26535s
[2026-04-27 11:54:15]   [17/388 · 4%] idx=465: ✅REAL max=0.570 (102631ms) ETA=27168s
[2026-04-27 11:54:52]   [18/388 · 5%] idx=522: ✅REAL max=0.450 (36346ms) ETA=26358s
[2026-04-27 11:55:51]   [19/388 · 5%] idx=527: ✅REAL max=0.200 (57675ms) ETA=26042s
[2026-04-27 11:56:23]   [20/388 · 5%] idx=528: ✅REAL max=0.180 (31152ms) ETA=25265s
[2026-04-27 11:56:23]   💾 [20/388] 进度已保存
[2026-04-27 11:56:55]   [21/388 · 5%] idx=540: ✅REAL max=0.693 (30388ms) ETA=24545s
[2026-04-27 11:57:30]   [22/388 · 6%] idx=545: ✅REAL max=0.660 (34252ms) ETA=23952s
[2026-04-27 11:58:16]   [23/388 · 6%] idx=553: ✅REAL max=0.580 (45222ms) ETA=23582s
[2026-04-27 11:59:14]   [24/388 · 6%] idx=574: ✅REAL max=0.300 (56750ms) ETA=23413s
[2026-04-27 12:00:27]   [25/388 · 6%] idx=576: ✅REAL max=0.400 (72455ms) ETA=23482s
[2026-04-27 12:01:46]   [26/388 · 7%] idx=611: ✅REAL max=0.440 (77339ms) ETA=23607s
[2026-04-27 12:02:56]   [27/388 · 7%] idx=614: ✅REAL max=0.300 (69637ms) ETA=23614s
[2026-04-27 12:03:44]   [28/388 · 7%] idx=631: ✅REAL max=0.500 (46722ms) ETA=23322s
[2026-04-27 12:04:31]   [29/388 · 7%] idx=657: ✅REAL max=0.310 (45795ms) ETA=23034s
[2026-04-27 12:05:11]   [30/388 · 8%] idx=672: ✅REAL max=0.700 (38909ms) ETA=22681s
[2026-04-27 12:05:58]   [31/388 · 8%] idx=704: ✅REAL max=0.700 (46112ms) ETA=22430s
[2026-04-27 12:06:55]   [32/388 · 8%] idx=720: ✅REAL max=0.800 (55879ms) ETA=22301s
[2026-04-27 12:07:38]   [33/388 · 9%] idx=722: ✅REAL max=0.700 (42616ms) ETA=22034s
[2026-04-27 12:08:13]   [34/388 · 9%] idx=745: ✅REAL max=0.812 (34082ms) ETA=21691s
[2026-04-27 12:08:49]   [35/388 · 9%] idx=772: ✅REAL max=0.737 (34239ms) ETA=21367s
[2026-04-27 12:09:39]   [36/388 · 9%] idx=818: ✅REAL max=0.300 (49551ms) ETA=21209s
[2026-04-27 12:10:10]   [37/388 · 10%] idx=877: ✅REAL max=0.800 (29853ms) ETA=20870s
[2026-04-27 12:11:42]   [38/388 · 10%] idx=898: ✅REAL max=0.380 (90793ms) ETA=21109s
[2026-04-27 12:12:42]   [39/388 · 10%] idx=913: ✅REAL max=0.350 (59206ms) ETA=21047s
[2026-04-27 12:15:48]   [40/388 · 10%] idx=923: ✅REAL max=0.220 (88780ms) ETA=22083s
[2026-04-27 12:15:48]   💾 [40/388] 进度已保存
[2026-04-27 12:16:23]   [41/388 · 11%] idx=934: ✅REAL max=0.300 (33211ms) ETA=21772s
[2026-04-27 12:18:34]   [42/388 · 11%] idx=984: ✅REAL max=0.700 (55667ms) ETA=22276s
[2026-04-27 12:19:26]   [43/388 · 11%] idx=990: ✅REAL max=0.520 (50997ms) ETA=22112s
[2026-04-27 12:20:39]   [44/388 · 11%] idx=1013: ✅REAL max=0.410 (71580ms) ETA=22114s
[2026-04-27 12:21:39]   [45/388 · 12%] idx=1031: ✅REAL max=0.415 (59720ms) ETA=22023s
[2026-04-27 12:22:40]   [46/388 · 12%] idx=1032: ✅REAL max=0.300 (59350ms) ETA=21930s
[2026-04-27 12:23:19]   [47/388 · 12%] idx=1057: ✅REAL max=0.350 (38425ms) ETA=21687s
[2026-04-27 12:24:08]   [48/388 · 12%] idx=1072: ✅REAL max=0.250 (47353ms) ETA=21515s
[2026-04-27 12:24:35]   [49/388 · 13%] idx=1123: ✅REAL max=0.750 (26578ms) ETA=21205s
[2026-04-27 12:25:24]   [50/388 · 13%] idx=1130: ✅REAL max=0.450 (47741ms) ETA=21049s
[2026-04-27 12:26:19]   [51/388 · 13%] idx=1146: ✅REAL max=0.400 (53806ms) ETA=20937s
[2026-04-27 12:27:08]   [52/388 · 13%] idx=1241: ✅REAL max=0.780 (48412ms) ETA=20793s
[2026-04-27 12:27:45]   [53/388 · 14%] idx=1252: ✅REAL max=0.300 (36059ms) ETA=20574s
[2026-04-27 12:28:43]   [54/388 · 14%] idx=1270: ✅REAL max=0.303 (57043ms) ETA=20492s
[2026-04-27 12:29:40]   [55/388 · 14%] idx=1271: ✅REAL max=0.240 (55310ms) ETA=20400s
[2026-04-27 12:32:21]   [56/388 · 14%] idx=1337: ✅REAL max=0.300 (91332ms) ETA=20930s
[2026-04-27 12:33:04]   [57/388 · 15%] idx=1357: ✅REAL max=0.150 (42152ms) ETA=20752s
[2026-04-27 12:33:56]   [58/388 · 15%] idx=1419: ✅REAL max=0.450 (51074ms) ETA=20629s
[2026-04-27 12:34:40]   [59/388 · 15%] idx=1445: ✅REAL max=0.580 (43428ms) ETA=20465s
[2026-04-27 12:36:49]   [60/388 · 15%] idx=1466: ✅REAL max=0.450 (47354ms) ETA=20768s
[2026-04-27 12:36:49]   💾 [60/388] 进度已保存
[2026-04-27 12:37:34]   [61/388 · 16%] idx=1476: ✅REAL max=0.450 (44298ms) ETA=20608s
[2026-04-27 12:38:26]   [62/388 · 16%] idx=1486: ✅REAL max=0.340 (50946ms) ETA=20487s
[2026-04-27 12:39:23]   [63/388 · 16%] idx=1499: ✅REAL max=0.350 (55549ms) ETA=20391s
[2026-04-27 12:40:04]   [64/388 · 16%] idx=1513: ✅REAL max=0.550 (40352ms) ETA=20220s
[2026-04-27 12:40:31]   [65/388 · 17%] idx=1552: ✅REAL max=0.327 (26193ms) ETA=19983s
[2026-04-27 12:41:23]   [66/388 · 17%] idx=1558: ✅REAL max=0.343 (50247ms) ETA=19869s
[2026-04-27 12:42:10]   [67/388 · 17%] idx=1559: ✅REAL max=0.250 (46022ms) ETA=19737s
[2026-04-27 12:43:04]   [68/388 · 18%] idx=1608: ✅REAL max=0.360 (53552ms) ETA=19643s
[2026-04-27 12:43:55]   [69/388 · 18%] idx=1615: ✅REAL max=0.350 (50147ms) ETA=19534s
[2026-04-27 12:44:43]   [70/388 · 18%] idx=1627: ✅REAL max=0.350 (46285ms) ETA=19410s
[2026-04-27 12:45:54]   [71/388 · 18%] idx=1657: ✅REAL max=0.210 (70227ms) ETA=19394s
[2026-04-27 12:46:51]   [72/388 · 19%] idx=1689: ✅REAL max=0.330 (56466ms) ETA=19317s
[2026-04-27 12:47:20]   [73/388 · 19%] idx=1758: ✅REAL max=0.780 (27227ms) ETA=19114s
[2026-04-27 12:50:03]   [74/388 · 19%] idx=1763: ✅REAL max=0.400 (76304ms) ETA=19488s
[2026-04-27 12:51:00]   [75/388 · 19%] idx=1785: ✅REAL max=0.300 (56374ms) ETA=19407s
[2026-04-27 12:51:59]   [76/388 · 20%] idx=1813: ✅REAL max=0.400 (57285ms) ETA=19329s
[2026-04-27 12:53:03]   [77/388 · 20%] idx=1821: ✅REAL max=0.480 (63840ms) ETA=19279s
[2026-04-27 12:53:54]   [78/388 · 20%] idx=1834: ✅REAL max=0.270 (50020ms) ETA=19173s
[2026-04-27 12:54:41]   [79/388 · 20%] idx=1835: ✅REAL max=0.250 (45246ms) ETA=19051s
[2026-04-27 12:55:54]   [80/388 · 21%] idx=1851: ✅REAL max=0.365 (71910ms) ETA=19032s
[2026-04-27 12:55:54]   💾 [80/388] 进度已保存
[2026-04-27 12:56:25]   [81/388 · 21%] idx=1876: ✅REAL max=0.820 (30244ms) ETA=18855s
[2026-04-27 12:57:01]   [82/388 · 21%] idx=1877: ✅REAL max=0.440 (35564ms) ETA=18701s
[2026-04-27 12:57:57]   [83/388 · 21%] idx=1881: ✅REAL max=0.350 (54488ms) ETA=18619s
[2026-04-27 12:59:23]   [84/388 · 22%] idx=1915: ✅REAL max=0.280 (85352ms) ETA=18649s
[2026-04-27 13:00:21]   [85/388 · 22%] idx=1921: ✅REAL max=0.459 (56567ms) ETA=18575s
[2026-04-27 13:11:47] [Proc 10] 启动，50秒后开始（避免并发冲突）
[2026-04-27 13:12:37] [数据] 从缓存加载: X_tr=/home/fandy/workplace/thesis/results/soft_labels/kuhar_X_tr.npy
[2026-04-27 13:12:37] [Proc 10] 类 10 (Sit-up): 3060样本, 目标400, 已有97, 需生成303
[2026-04-27 13:13:10]   [1/303 · 0%] idx=1964: ✅REAL max=0.440 (32771ms) ETA=9897s
[2026-04-27 13:13:53]   [2/303 · 1%] idx=2019: ✅REAL max=0.630 (41735ms) ETA=11365s
[2026-04-27 13:14:44]   [3/303 · 1%] idx=2025: ✅REAL max=0.360 (50797ms) ETA=12732s
[2026-04-27 13:15:38]   [4/303 · 1%] idx=2040: ✅REAL max=0.400 (52485ms) ETA=13515s
[2026-04-27 13:16:33]   [5/303 · 2%] idx=2060: ✅REAL max=0.372 (54112ms) ETA=14061s
[2026-04-27 13:17:07]   [6/303 · 2%] idx=2066: ✅REAL max=0.850 (33462ms) ETA=13384s
[2026-04-27 13:17:57]   [7/303 · 2%] idx=2078: ✅REAL max=0.545 (48184ms) ETA=13514s
[2026-04-27 13:18:50]   [8/303 · 3%] idx=2088: ✅REAL max=0.258 (52156ms) ETA=13745s
[2026-04-27 13:19:59]   [9/303 · 3%] idx=2091: ✅REAL max=0.570 (67932ms) ETA=14428s
[2026-04-27 13:22:49]   [10/303 · 3%] idx=2103: ✅REAL max=0.450 (169238ms) ETA=17929s
[2026-04-27 13:24:11]   [11/303 · 4%] idx=2136: ✅REAL max=0.300 (81206ms) ETA=18426s
[2026-04-27 13:24:55]   [12/303 · 4%] idx=2230: ✅REAL max=0.283 (42757ms) ETA=17894s
[2026-04-27 13:25:33]   [13/303 · 4%] idx=2236: ✅REAL max=0.450 (36719ms) ETA=17302s
[2026-04-27 13:27:42]   [14/303 · 5%] idx=2287: ✅REAL max=0.437 (49674ms) ETA=18679s
[2026-04-27 13:28:31]   [15/303 · 5%] idx=2288: ✅REAL max=0.350 (47551ms) ETA=18306s
[2026-04-27 13:31:37]   [16/303 · 5%] idx=2298: ✅REAL max=0.475 (185624ms) ETA=20450s
[2026-04-27 13:32:37]   [17/303 · 6%] idx=2327: ✅REAL max=0.345 (59098ms) ETA=20191s
[2026-04-27 13:35:48]   [18/303 · 6%] idx=2328: ✅REAL max=0.880 (66061ms) ETA=22018s
[2026-04-27 13:36:48]   [19/303 · 6%] idx=2334: ✅REAL max=0.652 (59684ms) ETA=21693s
[2026-04-27 13:38:08]   [20/303 · 7%] idx=2367: ✅REAL max=0.700 (78350ms) ETA=21658s
[2026-04-27 13:38:08]   💾 [20/303] 进度已保存
[2026-04-27 13:40:08]   [21/303 · 7%] idx=2375: ✅REAL max=0.250 (119598ms) ETA=22174s
[2026-04-27 13:41:15]   [22/303 · 7%] idx=2385: ✅REAL max=0.300 (66020ms) ETA=21947s
[2026-04-27 13:42:03]   [23/303 · 8%] idx=2407: ✅REAL max=0.450 (46465ms) ETA=21496s
[2026-04-27 13:42:52]   [24/303 · 8%] idx=2441: ✅REAL max=0.600 (48461ms) ETA=21102s
[2026-04-27 13:44:22]   [25/303 · 8%] idx=2457: ✅REAL max=0.450 (88977ms) ETA=21186s
[2026-04-27 13:45:22]   [26/303 · 9%] idx=2500: ✅REAL max=0.200 (58468ms) ETA=20931s
[2026-04-27 13:48:16]   [27/303 · 9%] idx=2523: ✅REAL max=0.300 (72935ms) ETA=21869s
[2026-04-27 13:50:12]   [28/303 · 9%] idx=2556: ✅REAL max=0.342 (114769ms) ETA=22148s
[2026-04-27 13:51:09]   [29/303 · 10%] idx=2593: ✅REAL max=0.300 (56101ms) ETA=21846s
[2026-04-27 13:53:00]   [30/303 · 10%] idx=2625: ✅REAL max=0.400 (109695ms) ETA=22049s
[2026-04-27 13:54:45]   [31/303 · 10%] idx=2659: ✅REAL max=0.700 (103756ms) ETA=22178s
[2026-04-27 13:55:47]   [32/303 · 11%] idx=2683: ✅REAL max=0.426 (61403ms) ETA=21935s
[2026-04-27 13:56:47]   [33/303 · 11%] idx=2711: ✅REAL max=0.450 (59091ms) ETA=21683s
[2026-04-27 13:57:28]   [34/303 · 11%] idx=2748: ✅REAL max=0.550 (39781ms) ETA=21290s
[2026-04-27 13:58:16]   [35/303 · 12%] idx=2780: ✅REAL max=0.560 (47167ms) ETA=20974s
[2026-04-27 13:59:12]   [36/303 · 12%] idx=2786: ✅REAL max=0.530 (54750ms) ETA=20729s
[2026-04-27 14:00:28]   [37/303 · 12%] idx=2799: ✅REAL max=0.500 (75090ms) ETA=20640s
[2026-04-27 14:02:07]   [38/303 · 13%] idx=2817: ✅REAL max=0.440 (98312ms) ETA=20714s
[2026-04-27 14:04:03]   [39/303 · 13%] idx=2830: ✅REAL max=0.330 (114755ms) ETA=20890s
[2026-04-27 14:06:01]   [40/303 · 13%] idx=2857: ✅REAL max=0.408 (117251ms) ETA=21068s
[2026-04-27 14:06:01]   💾 [40/303] 进度已保存
[2026-04-27 14:07:06]   [41/303 · 14%] idx=2899: ✅REAL max=0.550 (63507ms) ETA=20889s
[2026-04-27 14:07:45]   [42/303 · 14%] idx=2955: ✅REAL max=0.310 (37721ms) ETA=20554s
[2026-04-27 14:08:40]   [43/303 · 14%] idx=2960: ✅REAL max=0.800 (53953ms) ETA=20332s
[2026-04-27 14:09:23]   [44/303 · 15%] idx=2986: ✅REAL max=0.539 (42059ms) ETA=20047s
[2026-04-27 14:10:40]   [45/303 · 15%] idx=2995: ✅REAL max=0.440 (76767ms) ETA=19971s
[2026-04-27 14:11:32]   [46/303 · 15%] idx=3026: ✅REAL max=0.545 (50374ms) ETA=19748s
[2026-04-27 14:12:22]   [47/303 · 16%] idx=3029: ✅REAL max=0.400 (48650ms) ETA=19523s
[2026-04-27 14:13:31]   [48/303 · 16%] idx=3052: ✅REAL max=0.350 (68564ms) ETA=19412s
[2026-04-27 14:14:50]   [49/303 · 16%] idx=3068: ✅REAL max=0.540 (78129ms) ETA=19351s
[2026-04-27 14:16:05]   [50/303 · 17%] idx=3083: ✅REAL max=0.600 (74202ms) ETA=19270s
[2026-04-27 14:16:59]   [51/303 · 17%] idx=3104: ✅REAL max=0.400 (52939ms) ETA=19084s
[2026-04-27 14:18:23]   [52/303 · 17%] idx=3111: ✅REAL max=0.650 (82206ms) ETA=19044s
[2026-04-27 14:20:08]   [53/303 · 17%] idx=3150: ✅REAL max=0.400 (104356ms) ETA=19108s
[2026-04-27 14:21:00]   [54/303 · 18%] idx=3151: ✅REAL max=0.796 (51230ms) ETA=18920s
[2026-04-27 14:24:52]   [55/303 · 18%] idx=3164: ✅REAL max=0.360 (230629ms) ETA=19546s
[2026-04-27 14:25:56]   [56/303 · 18%] idx=3179: ✅REAL max=0.620 (62724ms) ETA=19400s
[2026-04-27 14:29:31]   [57/303 · 19%] idx=3223: ✅REAL max=0.200 (214345ms) ETA=19912s
[2026-04-27 14:30:50]   [58/303 · 19%] idx=3296: ✅REAL max=0.385 (77772ms) ETA=19822s
[2026-04-27 14:32:21]   [59/303 · 19%] idx=3306: ✅REAL max=0.335 (90635ms) ETA=19785s
[2026-04-27 14:33:25]   [60/303 · 20%] idx=3312: ✅REAL max=0.250 (62598ms) ETA=19634s
[2026-04-27 14:33:25]   💾 [60/303] 进度已保存
[2026-04-27 14:34:40]   [61/303 · 20%] idx=3346: ✅REAL max=0.690 (73941ms) ETA=19530s
[2026-04-27 14:35:46]   [62/303 · 20%] idx=3349: ✅REAL max=0.480 (65184ms) ETA=19392s
[2026-04-27 14:36:45]   [63/303 · 21%] idx=3352: ✅REAL max=0.455 (58072ms) ETA=19231s
[2026-04-27 14:37:57]   [64/303 · 21%] idx=3387: ✅REAL max=0.420 (71159ms) ETA=19121s
[2026-04-27 14:39:04]   [65/303 · 21%] idx=3418: ✅REAL max=0.550 (65780ms) ETA=18992s
[2026-04-27 14:40:06]   [66/303 · 22%] idx=3422: ✅REAL max=0.422 (60898ms) ETA=18848s
[2026-04-27 14:41:57]   [67/303 · 22%] idx=3431: ✅REAL max=0.340 (109538ms) ETA=18878s
[2026-04-27 14:42:44]   [68/303 · 22%] idx=3446: ✅REAL max=0.550 (46768ms) ETA=18687s
[2026-04-27 14:45:45]   [69/303 · 23%] idx=3489: ✅REAL max=0.460 (180149ms) ETA=18952s
[2026-04-27 14:46:43]   [70/303 · 23%] idx=3496: ✅REAL max=0.580 (56818ms) ETA=18794s
[2026-04-27 14:48:04]   [71/303 · 23%] idx=3516: ✅REAL max=0.450 (79514ms) ETA=18713s
[2026-04-27 14:49:30]   [72/303 · 24%] idx=3540: ✅REAL max=0.463 (85217ms) ETA=18650s
[2026-04-27 14:51:06]   [73/303 · 24%] idx=3554: ✅REAL max=0.250 (95436ms) ETA=18618s
[2026-04-27 14:52:02]   [74/303 · 24%] idx=3566: ✅REAL max=0.550 (54845ms) ETA=18460s
[2026-04-27 14:53:24]   [75/303 · 25%] idx=3583: ✅REAL max=0.350 (81146ms) ETA=18384s
[2026-04-27 14:54:24]   [76/303 · 25%] idx=3587: ✅REAL max=0.500 (58943ms) ETA=18242s
[2026-04-27 14:55:16]   [77/303 · 25%] idx=3595: ✅REAL max=0.300 (50298ms) ETA=18076s
[2026-04-27 14:59:22]   [78/303 · 26%] idx=3616: ✅REAL max=0.388 (46201ms) ETA=18476s
[2026-04-27 15:00:21]   [79/303 · 26%] idx=3647: ✅REAL max=0.350 (57720ms) ETA=18328s
[2026-04-27 15:01:58]   [80/303 · 26%] idx=3672: ✅REAL max=0.150 (96434ms) ETA=18289s
[2026-04-27 15:01:58]   💾 [80/303] 进度已保存
[2026-04-27 15:02:51]   [81/303 · 27%] idx=3702: ✅REAL max=0.670 (51316ms) ETA=18126s
[2026-04-27 15:03:29]   [82/303 · 27%] idx=3712: ✅REAL max=0.290 (37045ms) ETA=17927s
[2026-04-27 15:05:04]   [83/303 · 27%] idx=3798: ✅REAL max=0.450 (94189ms) ETA=17883s
[2026-04-27 15:07:21]   [84/303 · 28%] idx=3800: ✅REAL max=0.250 (39496ms) ETA=17948s
[2026-04-27 15:08:20]   [85/303 · 28%] idx=3818: ✅REAL max=0.630 (57596ms) ETA=17806s
[2026-04-27 15:09:10]   [86/303 · 28%] idx=3825: ✅REAL max=0.539 (49535ms) ETA=17646s
[2026-04-27 15:10:15]   [87/303 · 29%] idx=3831: ✅REAL max=0.250 (63246ms) ETA=17522s
[2026-04-27 15:11:26]   [88/303 · 29%] idx=3835: ✅REAL max=0.450 (70094ms) ETA=17417s
[2026-04-27 15:12:29]   [89/303 · 29%] idx=3838: ✅REAL max=0.340 (62296ms) ETA=17293s
[2026-04-27 15:13:06]   [90/303 · 30%] idx=3860: ✅REAL max=0.423 (35648ms) ETA=17108s
[2026-04-27 15:14:11]   [91/303 · 30%] idx=3875: ✅REAL max=0.390 (64083ms) ETA=16992s
[2026-04-27 15:15:38]   [92/303 · 30%] idx=3945: ✅REAL max=0.380 (86395ms) ETA=16928s
[2026-04-27 15:17:07]   [93/303 · 31%] idx=3986: ✅REAL max=0.550 (87797ms) ETA=16868s
[2026-04-27 15:22:23]   [94/303 · 31%] idx=3992: ✅REAL max=0.600 (102042ms) ETA=17311s
[2026-04-27 15:23:04]   [95/303 · 31%] idx=3994: ✅REAL max=0.560 (39496ms) ETA=17136s
[2026-04-27 15:25:09]   [96/303 · 32%] idx=4010: ✅REAL max=0.250 (43443ms) ETA=17146s
[2026-04-27 15:26:12]   [97/303 · 32%] idx=4041: ✅REAL max=0.700 (62321ms) ETA=17021s
[2026-04-27 15:27:14]   [98/303 · 32%] idx=4078: ✅REAL max=0.510 (61327ms) ETA=16896s
[2026-04-27 15:30:43]   [99/303 · 33%] idx=4081: ✅REAL max=0.280 (207916ms) ETA=17074s
[2026-04-27 15:32:12]   [100/303 · 33%] idx=4093: ✅REAL max=0.436 (87663ms) ETA=17001s
[2026-04-27 15:32:12]   💾 [100/303] 进度已保存
[2026-04-27 15:33:00]   [101/303 · 33%] idx=4101: ✅REAL max=0.420 (46946ms) ETA=16845s
[2026-04-27 15:34:16]   [102/303 · 34%] idx=4127: ✅REAL max=0.400 (75143ms) ETA=16748s
[2026-04-27 15:35:42]   [103/303 · 34%] idx=4134: ✅REAL max=0.350 (84643ms) ETA=16669s
[2026-04-27 15:37:26]   [104/303 · 34%] idx=4159: ✅REAL max=0.306 (103260ms) ETA=16626s
[2026-04-27 15:38:11]   [105/303 · 35%] idx=4196: ✅REAL max=0.340 (43979ms) ETA=16469s
[2026-04-27 15:39:37]   [106/303 · 35%] idx=4221: ✅REAL max=0.365 (85228ms) ETA=16392s
[2026-04-27 15:40:53]   [107/303 · 35%] idx=4236: ✅REAL max=0.465 (74730ms) ETA=16295s
[2026-04-27 15:41:28]   [108/303 · 36%] idx=4238: ✅REAL max=0.600 (34384ms) ETA=16126s
[2026-04-27 15:43:40]   [109/303 · 36%] idx=4243: ✅REAL max=0.450 (44679ms) ETA=16130s
[2026-04-27 15:45:09]   [110/303 · 36%] idx=4250: ✅REAL max=0.550 (88347ms) ETA=16058s
[2026-04-27 15:45:54]   [111/303 · 37%] idx=4262: ✅REAL max=0.390 (43857ms) ETA=15909s
[2026-04-27 15:47:08]   [112/303 · 37%] idx=4286: ✅REAL max=0.530 (72364ms) ETA=15810s
[2026-04-27 15:50:33]   [113/303 · 37%] idx=4325: ✅REAL max=0.510 (103593ms) ETA=15933s
[2026-04-27 15:51:23]   [114/303 · 38%] idx=4326: ✅REAL max=0.350 (49213ms) ETA=15793s
[2026-04-27 15:52:47]   [115/303 · 38%] idx=4347: ✅REAL max=0.550 (82597ms) ETA=15710s
[2026-04-27 15:55:25]   [116/303 · 38%] idx=4380: ✅REAL max=0.284 (70055ms) ETA=15747s
[2026-04-27 15:56:03]   [117/303 · 39%] idx=4385: ✅REAL max=0.550 (36889ms) ETA=15589s
[2026-04-27 15:56:51]   [118/303 · 39%] idx=4393: ✅REAL max=0.300 (46807ms) ETA=15449s
[2026-04-27 15:57:45]   [119/303 · 39%] idx=4396: ✅REAL max=0.300 (53203ms) ETA=15320s
[2026-04-27 15:58:58]   [120/303 · 40%] idx=4412: ✅REAL max=0.450 (71954ms) ETA=15221s
[2026-04-27 15:58:58]   💾 [120/303] 进度已保存
[2026-04-27 16:00:01]   [121/303 · 40%] idx=4415: ✅REAL max=0.430 (61795ms) ETA=15107s
[2026-04-27 16:01:15]   [122/303 · 40%] idx=4457: ✅REAL max=0.380 (72841ms) ETA=15011s
[2026-04-27 16:02:42]   [123/303 · 41%] idx=4474: ✅REAL max=0.400 (85915ms) ETA=14933s
[2026-04-27 16:03:51]   [124/303 · 41%] idx=4482: ✅REAL max=0.550 (68505ms) ETA=14831s
[2026-04-27 16:04:56]   [125/303 · 41%] idx=4522: ✅REAL max=0.540 (64353ms) ETA=14723s
[2026-04-27 16:05:46]   [126/303 · 42%] idx=4566: ✅REAL max=0.550 (48614ms) ETA=14594s
[2026-04-27 16:08:29]   [127/303 · 42%] idx=4572: ✅REAL max=0.350 (162220ms) ETA=14624s
[2026-04-27 16:10:00]   [128/303 · 42%] idx=4579: ✅REAL max=0.450 (89289ms) ETA=14550s
[2026-04-27 16:10:54]   [129/303 · 43%] idx=4586: ✅REAL max=0.470 (53334ms) ETA=14428s
[2026-04-27 16:12:07]   [130/303 · 43%] idx=4597: ✅REAL max=0.300 (72268ms) ETA=14333s
[2026-04-27 16:14:10]   [131/303 · 43%] idx=4621: ✅REAL max=0.240 (57146ms) ETA=14302s
[2026-04-27 16:15:38]   [132/303 · 44%] idx=4626: ✅REAL max=0.440 (86895ms) ETA=14225s
[2026-04-27 16:16:34]   [133/303 · 44%] idx=4660: ✅REAL max=0.370 (54648ms) ETA=14107s
[2026-04-27 16:19:32]   [134/303 · 44%] idx=4677: ✅REAL max=0.700 (46962ms) ETA=14144s
[2026-04-27 16:20:32]   [135/303 · 45%] idx=4723: ✅REAL max=0.350 (59036ms) ETA=14031s
[2026-04-27 16:21:32]   [136/303 · 45%] idx=4810: ✅REAL max=0.580 (58656ms) ETA=13918s
[2026-04-27 16:23:03]   [137/303 · 45%] idx=4817: ✅REAL max=0.357 (90301ms) ETA=13845s
[2026-04-27 16:24:23]   [138/303 · 46%] idx=4857: ✅REAL max=0.350 (78832ms) ETA=13757s
[2026-04-27 16:25:25]   [139/303 · 46%] idx=4869: ✅REAL max=0.550 (61095ms) ETA=13649s
[2026-04-27 16:26:19]   [140/303 · 46%] idx=4908: ✅REAL max=0.310 (53011ms) ETA=13531s
[2026-04-27 16:26:19]   💾 [140/303] 进度已保存
[2026-04-27 16:27:26]   [141/303 · 47%] idx=4915: ✅REAL max=0.450 (65783ms) ETA=13430s
[2026-04-27 16:28:01]   [142/303 · 47%] idx=4919: ✅REAL max=0.580 (34283ms) ETA=13293s
[2026-04-27 16:29:24]   [143/303 · 47%] idx=4925: ✅REAL max=0.240 (82231ms) ETA=13211s
[2026-04-27 16:30:19]   [144/303 · 48%] idx=4938: ✅REAL max=0.300 (52998ms) ETA=13097s
[2026-04-27 16:31:30]   [145/303 · 48%] idx=4946: ✅REAL max=0.560 (70779ms) ETA=13003s
[2026-04-27 16:32:36]   [146/303 · 48%] idx=4947: ✅REAL max=0.500 (65052ms) ETA=12903s
[2026-04-27 16:33:49]   [147/303 · 49%] idx=4954: ✅REAL max=0.450 (68750ms) ETA=12810s
[2026-04-27 16:50:12] [Proc 10] 启动，50秒后开始（避免并发冲突）
[2026-04-27 16:51:02] [数据] 从缓存加载: X_tr=/home/fandy/workplace/thesis/results/soft_labels/kuhar_X_tr.npy
[2026-04-27 16:51:02] [Proc 10] 类 10 (Sit-up): 3060样本, 目标400, 已有244, 需生成156
[2026-04-27 16:52:13]   [1/156 · 1%] idx=4965: ✅REAL max=0.320 (70927ms) ETA=10994s
[2026-04-27 16:53:18]   [2/156 · 1%] idx=4980: ✅REAL max=0.490 (64598ms) ETA=10513s
[2026-04-27 16:53:54]   [3/156 · 2%] idx=4992: ✅REAL max=0.800 (34618ms) ETA=8780s
[2026-04-27 16:55:34]   [4/156 · 3%] idx=4994: ✅REAL max=0.240 (98999ms) ETA=10342s
[2026-04-27 16:56:21]   [5/156 · 3%] idx=4999: ✅REAL max=0.550 (45647ms) ETA=9628s
[2026-04-27 16:57:21]   [6/156 · 4%] idx=5043: ✅REAL max=0.550 (59517ms) ETA=9483s
[2026-04-27 16:59:02]   [7/156 · 4%] idx=5098: ✅REAL max=0.310 (99678ms) ETA=10218s
[2026-04-27 16:59:47]   [8/156 · 5%] idx=5104: ✅REAL max=0.820 (43902ms) ETA=9711s
[2026-04-27 17:00:57]   [9/156 · 6%] idx=5110: ✅REAL max=0.550 (69083ms) ETA=9719s
[2026-04-27 17:04:44]   [10/156 · 6%] idx=5115: ✅REAL max=0.500 (225744ms) ETA=11998s
[2026-04-27 17:05:49]   [11/156 · 7%] idx=5131: ✅REAL max=0.300 (64319ms) ETA=11693s
[2026-04-27 17:06:23]   [12/156 · 8%] idx=5151: ✅REAL max=0.300 (33534ms) ETA=11060s
[2026-04-27 19:02:39] [Proc 10] 启动，50秒后开始（避免并发冲突）
[2026-04-27 19:03:29] [数据] 从缓存加载: X_tr=/home/fandy/workplace/thesis/results/soft_labels/kuhar_X_tr.npy
[2026-04-27 19:03:30] [Proc 10] 类 10 (Sit-up): 3060样本, 目标400, 已有256, 需生成144
[2026-04-27 20:48:33] [Proc 10] 启动，50秒后开始（避免并发冲突）
[2026-04-27 20:49:23] [数据] 从缓存加载: X_tr=/home/fandy/workplace/thesis/results/soft_labels/kuhar_X_tr.npy
[2026-04-27 20:49:24] [Proc 10] 类 10 (Sit-up): 3060样本, 目标400, 已有256, 需生成144
[2026-04-27 20:49:35] [Proc 10] 启动，50秒后开始（避免并发冲突）
[2026-04-27 20:50:30] [数据] 从缓存加载: X_tr=/home/fandy/workplace/thesis/results/soft_labels/kuhar_X_tr.npy
[2026-04-27 20:51:42] [Proc 10] 启动，50秒后开始（避免并发冲突）
[2026-04-27 20:52:32] [数据] 从缓存加载: X_tr=/home/fandy/workplace/thesis/results/soft_labels/kuhar_X_tr.npy
[2026-04-27 20:52:32] [Proc 10] 类 10 (Sit-up): 3060样本, 目标400, 已有256, 需生成144
[2026-04-27 20:53:08]   [1/144 · 1%] idx=5153: ✅REAL max=0.433 (36127ms) ETA=5166s
[2026-04-27 20:53:59]   [2/144 · 1%] idx=5162: ✅REAL max=0.450 (49887ms) ETA=6179s
[2026-04-27 20:55:12]   [3/144 · 2%] idx=5175: ✅REAL max=0.286 (72576ms) ETA=7548s
[2026-04-27 20:55:58]   [4/144 · 3%] idx=5178: ✅REAL max=0.560 (44373ms) ETA=7209s
[2026-04-27 20:56:48]   [5/144 · 3%] idx=5183: ✅REAL max=0.510 (49017ms) ETA=7117s
[2026-04-27 20:57:41]   [6/144 · 4%] idx=5196: ✅REAL max=0.550 (52321ms) ETA=7115s
[2026-04-27 20:58:44]   [7/144 · 5%] idx=5197: ✅REAL max=0.400 (62122ms) ETA=7290s
[2026-04-27 20:59:23]   [8/144 · 6%] idx=5211: ✅REAL max=0.450 (37397ms) ETA=6985s
[2026-04-27 21:00:09]   [9/144 · 6%] idx=5245: ✅REAL max=0.460 (44823ms) ETA=6850s
[2026-04-27 21:00:47]   [10/144 · 7%] idx=5263: ✅REAL max=0.450 (37856ms) ETA=6640s
[2026-04-27 21:01:48]   [11/144 · 8%] idx=5268: ✅REAL max=0.550 (59316ms) ETA=6721s
[2026-04-27 21:02:27]   [12/144 · 8%] idx=5275: ✅REAL max=0.550 (38309ms) ETA=6547s
[2026-04-27 21:03:24]   [13/144 · 9%] idx=5285: ✅REAL max=0.424 (56244ms) ETA=6575s
[2026-04-27 21:04:32]   [14/144 · 10%] idx=5306: ✅REAL max=0.550 (66324ms) ETA=6684s
[2026-04-27 21:05:41]   [15/144 · 10%] idx=5310: ✅REAL max=0.700 (68423ms) ETA=6787s
[2026-04-27 21:06:33]   [16/144 · 11%] idx=5327: ✅REAL max=0.450 (50977ms) ETA=6729s
[2026-04-27 21:09:06]   [17/144 · 12%] idx=5338: ✅REAL max=0.200 (65545ms) ETA=7430s
[2026-04-27 21:11:26]   [18/144 · 12%] idx=5353: ✅REAL max=0.350 (45526ms) ETA=7937s
[2026-04-27 21:12:17]   [19/144 · 13%] idx=5364: ✅REAL max=0.390 (50656ms) ETA=7799s
[2026-04-27 21:13:17]   [20/144 · 14%] idx=5371: ✅REAL max=0.120 (58740ms) ETA=7720s
[2026-04-27 21:13:17]   💾 [20/144] 进度已保存
[2026-04-27 21:14:05]   [21/144 · 15%] idx=5414: ✅REAL max=0.341 (47045ms) ETA=7575s
[2026-04-27 21:15:05]   [22/144 · 15%] idx=5421: ✅REAL max=0.455 (58644ms) ETA=7502s
[2026-04-27 21:15:55]   [23/144 · 16%] idx=5423: ✅REAL max=0.700 (48884ms) ETA=7380s
[2026-04-27 21:16:33]   [24/144 · 17%] idx=5447: ✅REAL max=0.350 (37660ms) ETA=7207s
[2026-04-27 21:17:22]   [25/144 · 17%] idx=5453: ✅REAL max=0.350 (47874ms) ETA=7094s
[2026-04-27 21:17:54]   [26/144 · 18%] idx=5458: ✅REAL max=0.550 (30907ms) ETA=6909s
[2026-04-27 21:18:42]   [27/144 · 19%] idx=5493: ✅REAL max=0.550 (46619ms) ETA=6803s
[2026-04-27 21:19:23]   [28/144 · 19%] idx=5495: ✅REAL max=0.470 (39915ms) ETA=6673s
[2026-04-27 21:21:19]   [29/144 · 20%] idx=5497: ✅REAL max=0.500 (48966ms) ETA=6848s
[2026-04-27 21:22:09]   [30/144 · 21%] idx=5513: ✅REAL max=0.516 (49226ms) ETA=6753s
[2026-04-27 21:22:56]   [31/144 · 22%] idx=5524: ✅REAL max=0.410 (46419ms) ETA=6651s
[2026-04-27 21:23:38]   [32/144 · 22%] idx=5527: ✅REAL max=0.500 (40746ms) ETA=6532s
[2026-04-27 21:24:21]   [33/144 · 23%] idx=5531: ✅REAL max=0.650 (42087ms) ETA=6422s
[2026-04-27 21:25:30]   [34/144 · 24%] idx=5556: ✅REAL max=0.400 (67281ms) ETA=6398s
[2026-04-27 21:26:16]   [35/144 · 24%] idx=5608: ✅REAL max=0.800 (45658ms) ETA=6304s
[2026-04-27 21:27:03]   [36/144 · 25%] idx=5641: ✅REAL max=0.410 (45510ms) ETA=6213s
[2026-04-27 21:27:26]   [37/144 · 26%] idx=5646: ✅REAL max=0.550 (22542ms) ETA=6057s
[2026-04-27 21:28:15]   [38/144 · 26%] idx=5693: ✅REAL max=0.550 (47420ms) ETA=5977s
[2026-04-27 21:29:03]   [39/144 · 27%] idx=5699: ✅REAL max=0.300 (47804ms) ETA=5901s
[2026-04-27 21:29:54]   [40/144 · 28%] idx=5745: ✅REAL max=0.300 (49941ms) ETA=5831s
[2026-04-27 21:29:54]   💾 [40/144] 进度已保存
[2026-04-27 21:32:50]   [41/144 · 28%] idx=5789: ✅REAL max=0.300 (174877ms) ETA=6076s
[2026-04-27 21:33:28]   [42/144 · 29%] idx=5794: ✅REAL max=0.310 (36207ms) ETA=5964s
[2026-04-27 21:34:18]   [43/144 · 30%] idx=5801: ✅REAL max=0.480 (49185ms) ETA=5886s
[2026-04-27 21:35:55]   [44/144 · 31%] idx=5808: ✅REAL max=0.400 (96071ms) ETA=5916s
[2026-04-27 21:36:52]   [45/144 · 31%] idx=5809: ✅REAL max=0.270 (56390ms) ETA=5853s
[2026-04-27 21:37:51]   [46/144 · 32%] idx=5811: ✅REAL max=0.500 (58281ms) ETA=5794s
[2026-04-27 21:39:21]   [47/144 · 33%] idx=5830: ✅REAL max=0.700 (88301ms) ETA=5797s
[2026-04-27 21:40:37]   [48/144 · 33%] idx=5873: ✅REAL max=0.450 (75607ms) ETA=5771s
[2026-04-27 21:41:30]   [49/144 · 34%] idx=5876: ✅REAL max=0.300 (51601ms) ETA=5696s
[2026-04-27 21:42:54]   [50/144 · 35%] idx=5890: ✅REAL max=0.420 (82949ms) ETA=5682s
[2026-04-27 21:43:45]   [51/144 · 35%] idx=5894: ✅REAL max=0.350 (50215ms) ETA=5604s
[2026-04-27 21:45:01]   [52/144 · 36%] idx=5900: ✅REAL max=0.410 (74919ms) ETA=5572s
[2026-04-27 21:45:31]   [53/144 · 37%] idx=5927: ✅REAL max=0.500 (28900ms) ETA=5459s
[2026-04-27 21:46:32]   [54/144 · 38%] idx=5963: ✅REAL max=0.450 (60000ms) ETA=5400s
[2026-04-27 21:47:21]   [55/144 · 38%] idx=5967: ✅REAL max=0.700 (48111ms) ETA=5323s
[2026-04-27 21:48:01]   [56/144 · 39%] idx=5979: ✅REAL max=0.290 (39035ms) ETA=5232s
[2026-04-27 21:48:54]   [57/144 · 40%] idx=5985: ✅REAL max=0.345 (51994ms) ETA=5162s
[2026-04-27 21:49:23]   [58/144 · 40%] idx=6008: ✅REAL max=0.800 (27961ms) ETA=5058s
[2026-04-27 21:50:02]   [59/144 · 41%] idx=6057: ✅REAL max=0.740 (38364ms) ETA=4971s
[2026-04-27 21:51:00]   [60/144 · 42%] idx=6061: ✅REAL max=0.350 (56306ms) ETA=4911s
[2026-04-27 21:51:00]   💾 [60/144] 进度已保存
[2026-04-27 21:53:27]   [61/144 · 42%] idx=6077: ✅REAL max=0.310 (54413ms) ETA=4973s
[2026-04-27 21:54:28]   [62/144 · 43%] idx=6081: ✅REAL max=0.660 (59610ms) ETA=4914s
[2026-04-27 21:56:51]   [63/144 · 44%] idx=6090: ✅REAL max=0.550 (48948ms) ETA=4962s
[2026-04-27 21:57:43]   [64/144 · 44%] idx=6104: ✅REAL max=0.466 (50618ms) ETA=4888s
[2026-04-27 21:58:53]   [65/144 · 45%] idx=6128: ✅REAL max=0.360 (69848ms) ETA=4839s
[2026-04-27 21:59:27]   [66/144 · 46%] idx=6143: ✅REAL max=0.550 (32485ms) ETA=4745s
[2026-04-27 22:00:09]   [67/144 · 47%] idx=6151: ✅REAL max=0.782 (41463ms) ETA=4663s
[2026-04-27 22:01:26]   [68/144 · 47%] idx=6152: ✅REAL max=0.300 (75969ms) ETA=4621s
[2026-04-27 22:02:13]   [69/144 · 48%] idx=6157: ✅REAL max=0.450 (45593ms) ETA=4545s
[2026-04-27 22:03:20]   [70/144 · 49%] idx=6173: ✅REAL max=0.780 (65779ms) ETA=4491s
[2026-04-27 22:03:52]   [71/144 · 49%] idx=6175: ✅REAL max=0.700 (31512ms) ETA=4401s
[2026-04-27 22:05:09]   [72/144 · 50%] idx=6206: ✅REAL max=0.300 (75386ms) ETA=4357s
[2026-04-27 22:05:59]   [73/144 · 51%] idx=6221: ✅REAL max=0.720 (49623ms) ETA=4287s
[2026-04-27 22:06:31]   [74/144 · 51%] idx=6240: ✅REAL max=0.850 (30591ms) ETA=4199s
[2026-04-27 22:08:41]   [75/144 · 52%] idx=6249: ✅REAL max=0.500 (59574ms) ETA=4203s
[2026-04-27 22:09:33]   [76/144 · 53%] idx=6263: ✅REAL max=0.700 (51874ms) ETA=4135s
[2026-04-27 22:11:06]   [77/144 · 53%] idx=6264: ✅REAL max=0.450 (91410ms) ETA=4102s
[2026-04-27 22:12:32]   [78/144 · 54%] idx=6265: ✅REAL max=0.360 (85438ms) ETA=4062s
[2026-04-27 22:13:54]   [79/144 · 55%] idx=6282: ✅REAL max=0.400 (81166ms) ETA=4017s
[2026-04-27 22:14:35]   [80/144 · 56%] idx=6285: ✅REAL max=0.450 (39648ms) ETA=3939s
[2026-04-27 22:14:35]   💾 [80/144] 进度已保存
[2026-04-27 22:15:43]   [81/144 · 56%] idx=6320: ✅REAL max=0.450 (67221ms) ETA=3882s
[2026-04-27 22:16:21]   [82/144 · 57%] idx=6359: ✅REAL max=0.420 (36748ms) ETA=3803s
[2026-04-27 22:16:57]   [83/144 · 58%] idx=6374: ✅REAL max=0.550 (34873ms) ETA=3723s
[2026-04-27 22:17:33]   [84/144 · 58%] idx=6434: ✅REAL max=0.450 (34898ms) ETA=3644s
[2026-04-27 22:18:06]   [85/144 · 59%] idx=6464: ✅REAL max=0.450 (32362ms) ETA=3564s
[2026-04-27 22:19:25]   [86/144 · 60%] idx=6467: ✅REAL max=0.500 (77810ms) ETA=3516s
[2026-04-27 22:20:01]   [87/144 · 60%] idx=6482: ✅REAL max=0.680 (34656ms) ETA=3439s
[2026-04-27 22:20:36]   [88/144 · 61%] idx=6491: ✅REAL max=0.450 (34157ms) ETA=3363s
[2026-04-27 22:21:32]   [89/144 · 62%] idx=6496: ✅REAL max=0.470 (55467ms) ETA=3300s
[2026-04-27 22:24:22]   [90/144 · 62%] idx=6537: ✅REAL max=0.480 (168454ms) ETA=3306s
[2026-04-27 22:25:58]   [91/144 · 63%] idx=6553: ✅REAL max=0.500 (95391ms) ETA=3265s
[2026-04-27 22:28:16]   [92/144 · 64%] idx=6568: ✅REAL max=0.600 (45807ms) ETA=3247s
[2026-04-27 22:29:06]   [93/144 · 65%] idx=6627: ✅REAL max=0.450 (49080ms) ETA=3177s
[2026-04-27 22:30:00]   [94/144 · 65%] idx=6634: ✅REAL max=0.600 (53076ms) ETA=3111s
[2026-04-27 22:30:39]   [95/144 · 66%] idx=6643: ✅REAL max=0.560 (38505ms) ETA=3037s
[2026-04-27 22:31:24]   [96/144 · 67%] idx=6658: ✅REAL max=0.350 (43996ms) ETA=2966s
[2026-04-27 22:33:15]   [97/144 · 67%] idx=6672: ✅REAL max=0.500 (109712ms) ETA=2928s
[2026-04-27 22:35:33]   [98/144 · 68%] idx=6700: ✅REAL max=0.261 (67113ms) ETA=2902s
[2026-04-27 22:36:39]   [99/144 · 69%] idx=6703: ✅REAL max=0.340 (64165ms) ETA=2839s
[2026-04-27 22:37:06]   [100/144 · 69%] idx=6713: ✅REAL max=0.310 (26071ms) ETA=2760s
[2026-04-27 22:37:06]   💾 [100/144] 进度已保存
[2026-04-27 22:39:32]   [101/144 · 70%] idx=6729: ✅REAL max=0.327 (54871ms) ETA=2733s
[2026-04-27 22:40:17]   [102/144 · 71%] idx=6737: ✅REAL max=0.340 (43423ms) ETA=2662s
[2026-04-27 22:41:04]   [103/144 · 72%] idx=6752: ✅REAL max=0.250 (46137ms) ETA=2592s
[2026-04-27 22:41:48]   [104/144 · 72%] idx=6758: ✅REAL max=0.301 (42930ms) ETA=2522s
[2026-04-27 22:42:52]   [105/144 · 73%] idx=6762: ✅REAL max=0.550 (63409ms) ETA=2459s
[2026-04-27 22:43:41]   [106/144 · 74%] idx=6774: ✅REAL max=0.300 (47897ms) ETA=2391s
[2026-04-27 22:44:12]   [107/144 · 74%] idx=6776: ✅REAL max=0.441 (29959ms) ETA=2317s
[2026-04-27 22:44:45]   [108/144 · 75%] idx=6781: ✅REAL max=0.440 (31726ms) ETA=2244s
[2026-04-27 22:45:40]   [109/144 · 76%] idx=6782: ✅REAL max=0.300 (53692ms) ETA=2180s
[2026-04-27 22:46:45]   [110/144 · 76%] idx=6819: ✅REAL max=0.450 (64216ms) ETA=2118s
[2026-04-27 22:47:59]   [111/144 · 77%] idx=6837: ✅REAL max=0.400 (72844ms) ETA=2059s
[2026-04-27 22:48:51]   [112/144 · 78%] idx=6871: ✅REAL max=0.700 (51489ms) ETA=1994s
[2026-04-27 22:51:09]   [113/144 · 78%] idx=6877: ✅REAL max=0.470 (40812ms) ETA=1953s
[2026-04-27 22:51:46]   [114/144 · 79%] idx=6882: ✅REAL max=0.300 (35515ms) ETA=1883s
[2026-04-27 22:52:27]   [115/144 · 80%] idx=6885: ✅REAL max=0.300 (40390ms) ETA=1814s
[2026-04-27 22:53:09]   [116/144 · 81%] idx=6899: ✅REAL max=0.550 (40290ms) ETA=1747s
[2026-04-27 22:54:31]   [117/144 · 81%] idx=6920: ✅REAL max=0.280 (81847ms) ETA=1689s
[2026-04-27 22:55:06]   [118/144 · 82%] idx=6944: ✅REAL max=0.730 (34010ms) ETA=1621s
[2026-04-27 22:56:27]   [119/144 · 83%] idx=6953: ✅REAL max=0.650 (79160ms) ETA=1562s
[2026-04-27 22:57:30]   [120/144 · 83%] idx=6970: ✅REAL max=0.300 (62776ms) ETA=1500s
[2026-04-27 22:57:30]   💾 [120/144] 进度已保存
[2026-04-27 22:58:31]   [121/144 · 84%] idx=6974: ✅REAL max=0.640 (59950ms) ETA=1437s
[2026-04-27 23:00:08]   [122/144 · 85%] idx=6979: ✅REAL max=0.550 (95253ms) ETA=1381s
[2026-04-27 23:00:50]   [123/144 · 85%] idx=6991: ✅REAL max=0.550 (41400ms) ETA=1314s
[2026-04-27 23:02:02]   [124/144 · 86%] idx=6999: ✅REAL max=0.400 (71084ms) ETA=1253s
[2026-04-27 23:02:45]   [125/144 · 87%] idx=7013: ✅REAL max=0.380 (41526ms) ETA=1188s
[2026-04-27 23:04:09]   [126/144 · 88%] idx=7070: ✅REAL max=0.700 (83437ms) ETA=1128s
[2026-04-27 23:04:47]   [127/144 · 88%] idx=7086: ✅REAL max=0.550 (36723ms) ETA=1062s
[2026-04-27 23:05:57]   [128/144 · 89%] idx=7090: ✅REAL max=0.440 (68883ms) ETA=1001s
[2026-04-27 23:06:42]   [129/144 · 90%] idx=7117: ✅REAL max=0.539 (44266ms) ETA=936s
[2026-04-27 23:07:39]   [130/144 · 90%] idx=7151: ✅REAL max=0.360 (55756ms) ETA=873s
[2026-04-27 23:08:54]   [131/144 · 91%] idx=7156: ✅REAL max=0.450 (74238ms) ETA=812s
[2026-04-27 23:09:49]   [132/144 · 92%] idx=7163: ✅REAL max=0.520 (54327ms) ETA=749s
[2026-04-27 23:10:46]   [133/144 · 92%] idx=7186: ✅REAL max=0.420 (55387ms) ETA=686s
[2026-04-28 00:05:17] [Proc 10] 启动，50秒后开始（避免并发冲突）
[2026-04-28 00:06:07] [数据] 从缓存加载: X_tr=/home/fandy/workplace/thesis/results/soft_labels/kuhar_X_tr.npy
[2026-04-28 00:06:07] [Proc 10] 类 10 (Sit-up): 3060样本, 目标400, 已有389, 需生成11
[2026-04-28 00:07:06]   [1/11 · 9%] idx=7189: ✅REAL max=0.400 (58965ms) ETA=590s
[2026-04-28 00:13:18] [Proc 10] 启动，50秒后开始（避免并发冲突）
[2026-04-28 00:14:08] [数据] 从缓存加载: X_tr=/home/fandy/workplace/thesis/results/soft_labels/kuhar_X_tr.npy
[2026-04-28 00:14:08] [Proc 10] 类 10 (Sit-up): 3060样本, 目标400, 已有390, 需生成10
[2026-04-28 00:15:22]   [1/10 · 10%] idx=7192: ✅REAL max=0.194 (74109ms) ETA=667s
[2026-04-28 00:18:41]   [2/10 · 20%] idx=7223: ✅REAL max=0.283 (67912ms) ETA=1094s
[2026-04-28 00:23:57] [Proc 10] 启动，50秒后开始（避免并发冲突）
[2026-04-28 00:24:47] [数据] 从缓存加载: X_tr=/home/fandy/workplace/thesis/results/soft_labels/kuhar_X_tr.npy
[2026-04-28 00:24:47] [Proc 10] 类 10 (Sit-up): 3060样本, 目标400, 已有392, 需生成8
[2026-04-28 00:25:28]   [1/8 · 12%] idx=7227: ✅REAL max=0.800 (40099ms) ETA=281s
[2026-04-28 00:26:27]   [2/8 · 25%] idx=7236: ✅REAL max=0.380 (58828ms) ETA=300s
[2026-04-28 00:27:27]   [3/8 · 38%] idx=7241: ✅REAL max=0.450 (58704ms) ETA=266s
[2026-04-28 00:30:23]   [4/8 · 50%] idx=7250: ✅REAL max=0.430 (175217ms) ETA=336s
[2026-04-28 00:31:31]   [5/8 · 62%] idx=7264: ✅REAL max=0.750 (67140ms) ETA=242s
[2026-04-28 00:32:37]   [6/8 · 75%] idx=7269: ✅REAL max=0.350 (64552ms) ETA=157s
[2026-04-28 00:34:10]   [7/8 · 88%] idx=7273: ✅REAL max=0.300 (92264ms) ETA=80s
[2026-04-28 00:34:51]   [8/8 · 100%] idx=7287: ✅REAL max=0.550 (39663ms) ETA=0s
[2026-04-28 00:34:52] [Proc 10] ✅ 类 10 (Sit-up) 完成: 400/400 耗时605s
[2026-04-28 00:34:52] [Proc 10] 全部完成 → /home/fandy/workplace/thesis/results/soft_labels/kuhar_soft_proc10.npy
