[2026-05-02 11:49:32]   WISDM raw: 1086465 time points, 10864 train windows, 2716 val, 3395 test
[2026-05-02 11:49:32]   训练数据: 10864 样本
[2026-05-02 11:49:32]   各class样本数: {0: 4183, 1: 3363, 2: 1234, 3: 1003, 4: 599, 5: 482}
[2026-05-02 11:49:32]   各class软标签(40%上限400): {0: 400, 1: 400, 2: 400, 3: 400, 4: 239, 5: 192}
[2026-05-02 11:49:32]   计划总软标签: 2031
[2026-05-02 11:49:32]   各class详情:
[2026-05-02 11:49:32]     Class 0 (Walking): 4183样本 → 400软标签
[2026-05-02 11:49:32]     Class 1 (Jogging): 3363样本 → 400软标签
[2026-05-02 11:49:32]     Class 2 (Upstairs): 1234样本 → 400软标签
[2026-05-02 11:49:32]     Class 3 (Downstairs): 1003样本 → 400软标签
[2026-05-02 11:49:32]     Class 4 (Sitting): 599样本 → 239软标签
[2026-05-02 11:49:32]     Class 5 (Standing): 482样本 → 192软标签
[2026-05-02 11:49:32] ============================================================
[2026-05-02 11:49:32]   WISDM 软标签生成 (T=1.2, max_tokens=5000)
[2026-05-02 11:49:32] ============================================================
[2026-05-02 11:49:32]   类别数: 6, 每类软标签: {0: 400, 1: 400, 2: 400, 3: 400, 4: 239, 5: 192}
[2026-05-02 11:49:32]   --force 模式：已删除 wisdm_soft.npy, gen_wisdm_errors.log，从头开始
[2026-05-02 11:49:32] 
[2026-05-02 11:49:32]   Class 0 (Walking): 目标400 (0已有, 400待生成)
[2026-05-02 11:50:14]     [1] idx=0: REAL sum=1.0 max=0.6
