[2026-04-27 10:42:43] [Proc 11] 启动，55秒后开始（避免并发冲突）
[2026-04-27 10:43:38] [数据] 从缓存加载: X_tr=/home/fandy/workplace/thesis/results/soft_labels/kuhar_X_tr.npy
[2026-04-27 10:43:38] [Proc 11] 类 11 (Walk): 2483样本, 目标400, 已有0, 需生成400
[2026-04-27 10:45:30]   [1/400 · 0%] idx=34: ✅REAL max=0.760 (40625ms) ETA=44645s
[2026-04-27 10:46:18]   [2/400 · 0%] idx=79: ✅REAL max=0.550 (46986ms) ETA=31818s
[2026-04-27 10:47:03]   [3/400 · 1%] idx=89: ✅REAL max=0.330 (43818ms) ETA=27090s
[2026-04-27 10:47:56]   [4/400 · 1%] idx=92: ✅REAL max=0.340 (51862ms) ETA=25500s
[2026-04-27 10:48:58]   [5/400 · 1%] idx=153: ✅REAL max=0.520 (61185ms) ETA=25262s
[2026-04-27 10:50:05]   [6/400 · 2%] idx=159: ✅REAL max=0.280 (66039ms) ETA=25401s
[2026-04-27 10:50:49]   [7/400 · 2%] idx=192: ✅REAL max=0.644 (42667ms) ETA=24170s
[2026-04-27 10:51:25]   [8/400 · 2%] idx=199: ✅REAL max=0.450 (35582ms) ETA=22888s
[2026-04-27 10:52:43]   [9/400 · 2%] idx=327: ✅REAL max=0.350 (76639ms) ETA=23667s
[2026-04-27 10:53:57]   [10/400 · 2%] idx=353: ✅REAL max=0.360 (69049ms) ETA=24096s
[2026-04-27 11:32:42] [Proc 11] 启动，55秒后开始（避免并发冲突）
[2026-04-27 11:33:37] [数据] 从缓存加载: X_tr=/home/fandy/workplace/thesis/results/soft_labels/kuhar_X_tr.npy
[2026-04-27 11:33:37] [Proc 11] 类 11 (Walk): 2483样本, 目标400, 已有10, 需生成390
[2026-04-27 11:34:38]   [1/390 · 0%] idx=410: ✅REAL max=0.550 (61146ms) ETA=23786s
[2026-04-27 11:35:27]   [2/390 · 1%] idx=412: ✅REAL max=0.550 (47384ms) ETA=21250s
[2026-04-27 11:36:27]   [3/390 · 1%] idx=427: ✅REAL max=0.330 (59195ms) ETA=21896s
[2026-04-27 11:37:14]   [4/390 · 1%] idx=438: ✅REAL max=0.120 (45960ms) ETA=20912s
[2026-04-27 11:38:09]   [5/390 · 1%] idx=441: ✅REAL max=0.500 (54365ms) ETA=20949s
[2026-04-27 11:38:36]   [6/390 · 2%] idx=459: ✅REAL max=0.660 (25543ms) ETA=19112s
[2026-04-27 11:39:40]   [7/390 · 2%] idx=462: ✅REAL max=0.550 (62778ms) ETA=19829s
[2026-04-27 11:40:39]   [8/390 · 2%] idx=518: ✅REAL max=0.400 (58172ms) ETA=20130s
[2026-04-27 11:41:14]   [9/390 · 2%] idx=520: ✅REAL max=0.300 (34387ms) ETA=19345s
[2026-04-27 11:42:28]   [10/390 · 3%] idx=526: ✅REAL max=0.339 (72736ms) ETA=20167s
[2026-04-27 11:43:26]   [11/390 · 3%] idx=577: ✅REAL max=0.310 (56686ms) ETA=20273s
[2026-04-27 11:44:17]   [12/390 · 3%] idx=590: ✅REAL max=0.600 (50160ms) ETA=20146s
[2026-04-27 11:45:19]   [13/390 · 3%] idx=599: ✅REAL max=0.405 (61229ms) ETA=20352s
[2026-04-27 11:45:52]   [14/390 · 4%] idx=600: ✅REAL max=0.444 (32127ms) ETA=19738s
[2026-04-27 11:46:36]   [15/390 · 4%] idx=640: ✅REAL max=0.400 (42605ms) ETA=19464s
[2026-04-27 11:47:33]   [16/390 · 4%] idx=653: ✅REAL max=0.510 (56391ms) ETA=19540s
[2026-04-27 11:48:24]   [17/390 · 4%] idx=685: ✅REAL max=0.380 (50073ms) ETA=19462s
[2026-04-27 11:48:56]   [18/390 · 5%] idx=709: ✅REAL max=0.250 (30723ms) ETA=18987s
[2026-04-27 11:49:28]   [19/390 · 5%] idx=740: ✅REAL max=0.250 (30596ms) ETA=18557s
[2026-04-27 11:50:53]   [20/390 · 5%] idx=762: ✅REAL max=0.550 (84712ms) ETA=19167s
[2026-04-27 11:50:53]   💾 [20/390] 进度已保存
[2026-04-27 11:51:53]   [21/390 · 5%] idx=883: ✅REAL max=0.300 (58578ms) ETA=19252s
[2026-04-27 11:52:47]   [22/390 · 6%] idx=888: ✅REAL max=0.350 (52665ms) ETA=19225s
[2026-04-27 11:53:25]   [23/390 · 6%] idx=935: ✅REAL max=0.340 (37650ms) ETA=18956s
[2026-04-27 11:54:24]   [24/390 · 6%] idx=1007: ✅REAL max=0.540 (57853ms) ETA=19014s
[2026-04-27 11:54:50]   [25/390 · 6%] idx=1097: ✅REAL max=0.450 (24622ms) ETA=18578s
[2026-04-27 11:56:12]   [26/390 · 7%] idx=1105: ✅REAL max=0.480 (81462ms) ETA=18969s
[2026-04-27 11:56:56]   [27/390 · 7%] idx=1106: ✅REAL max=0.330 (42581ms) ETA=18802s
[2026-04-27 12:00:45]   [28/390 · 7%] idx=1125: ✅REAL max=0.300 (55396ms) ETA=21045s
[2026-04-27 12:01:19]   [29/390 · 7%] idx=1165: ✅REAL max=0.260 (32979ms) ETA=20686s
[2026-04-27 12:01:59]   [30/390 · 8%] idx=1218: ✅REAL max=0.440 (38948ms) ETA=20421s
[2026-04-27 12:03:37]   [31/390 · 8%] idx=1238: ✅REAL max=0.550 (97385ms) ETA=20846s
[2026-04-27 12:04:28]   [32/390 · 8%] idx=1244: ✅REAL max=0.450 (49640ms) ETA=20705s
[2026-04-27 12:05:37]   [33/390 · 8%] idx=1245: ✅REAL max=0.320 (68119ms) ETA=20770s
[2026-04-27 12:06:49]   [34/390 · 9%] idx=1251: ✅REAL max=0.350 (70715ms) ETA=20853s
[2026-04-27 12:07:37]   [35/390 · 9%] idx=1297: ✅REAL max=0.320 (46703ms) ETA=20684s
[2026-04-27 12:08:38]   [36/390 · 9%] idx=1302: ✅REAL max=0.370 (60830ms) ETA=20661s
[2026-04-27 12:09:10]   [37/390 · 9%] idx=1313: ✅REAL max=0.410 (30669ms) ETA=20348s
[2026-04-27 12:09:45]   [38/390 · 10%] idx=1316: ✅REAL max=0.450 (33778ms) ETA=20079s
[2026-04-27 12:10:47]   [39/390 · 10%] idx=1324: ✅REAL max=0.280 (60730ms) ETA=20064s
[2026-04-27 12:11:37]   [40/390 · 10%] idx=1349: ✅REAL max=0.400 (49436ms) ETA=19948s
[2026-04-27 12:11:37]   💾 [40/390] 进度已保存
[2026-04-27 12:12:34]   [41/390 · 11%] idx=1424: ✅REAL max=0.455 (55741ms) ETA=19889s
[2026-04-27 12:14:37]   [42/390 · 11%] idx=1482: ✅REAL max=0.400 (42039ms) ETA=20377s
[2026-04-27 12:15:04]   [43/390 · 11%] idx=1500: ✅REAL max=0.420 (26586ms) ETA=20068s
[2026-04-27 12:15:40]   [44/390 · 11%] idx=1508: ✅REAL max=0.260 (34714ms) ETA=19837s
[2026-04-27 12:18:10]   [45/390 · 12%] idx=1511: ✅REAL max=0.455 (55875ms) ETA=20494s
[2026-04-27 12:19:14]   [46/390 · 12%] idx=1518: ✅REAL max=0.310 (62695ms) ETA=20467s
[2026-04-27 12:20:08]   [47/390 · 12%] idx=1523: ✅REAL max=0.450 (52544ms) ETA=20364s
[2026-04-27 12:21:27]   [48/390 · 12%] idx=1526: ✅REAL max=0.350 (78483ms) ETA=20448s
[2026-04-27 12:22:09]   [49/390 · 13%] idx=1572: ✅REAL max=0.550 (40770ms) ETA=20263s
[2026-04-27 12:23:10]   [50/390 · 13%] idx=1576: ✅REAL max=0.720 (60166ms) ETA=20215s
[2026-04-27 12:24:20]   [51/390 · 13%] idx=1589: ✅REAL max=0.450 (68999ms) ETA=20226s
[2026-04-27 12:25:43]   [52/390 · 13%] idx=1656: ✅REAL max=0.300 (81879ms) ETA=20317s
[2026-04-27 12:26:16]   [53/390 · 14%] idx=1678: ✅REAL max=0.630 (32018ms) ETA=20085s
[2026-04-27 12:26:41]   [54/390 · 14%] idx=1696: ✅REAL max=0.350 (23942ms) ETA=19810s
[2026-04-27 12:27:44]   [55/390 · 14%] idx=1736: ✅REAL max=0.585 (61863ms) ETA=19774s
[2026-04-27 12:28:39]   [56/390 · 14%] idx=1738: ✅REAL max=0.400 (53652ms) ETA=19689s
[2026-04-27 12:30:23]   [57/390 · 15%] idx=1764: ✅REAL max=0.490 (103137ms) ETA=19894s
[2026-04-27 12:31:39]   [58/390 · 15%] idx=1786: ✅REAL max=0.300 (75031ms) ETA=19928s
[2026-04-27 12:32:43]   [59/390 · 15%] idx=1854: ✅REAL max=0.450 (63229ms) ETA=19892s
[2026-04-27 12:33:08]   [60/390 · 15%] idx=1889: ✅REAL max=0.720 (24000ms) ETA=19638s
[2026-04-27 12:33:08]   💾 [60/390] 进度已保存
[2026-04-27 12:33:42]   [61/390 · 16%] idx=1891: ✅REAL max=0.340 (33112ms) ETA=19442s
[2026-04-27 12:34:30]   [62/390 · 16%] idx=1901: ✅REAL max=0.550 (46522ms) ETA=19322s
[2026-04-27 12:37:20]   [63/390 · 16%] idx=1945: ✅REAL max=0.300 (169130ms) ETA=19840s
[2026-04-27 12:38:12]   [64/390 · 16%] idx=1946: ✅REAL max=0.550 (51168ms) ETA=19736s
[2026-04-27 12:39:18]   [65/390 · 17%] idx=1959: ✅REAL max=0.300 (64941ms) ETA=19703s
[2026-04-27 12:40:55]   [66/390 · 17%] idx=1960: ✅REAL max=0.300 (96617ms) ETA=19824s
[2026-04-27 12:41:52]   [67/390 · 17%] idx=1961: ✅REAL max=0.250 (55851ms) ETA=19742s
[2026-04-27 12:44:55]   [68/390 · 17%] idx=1979: ✅REAL max=0.240 (64171ms) ETA=20257s
[2026-04-27 12:46:04]   [69/390 · 18%] idx=2061: ✅REAL max=0.510 (68196ms) ETA=20223s
[2026-04-27 12:46:28]   [70/390 · 18%] idx=2161: ✅REAL max=0.670 (22237ms) ETA=19978s
[2026-04-27 12:47:27]   [71/390 · 18%] idx=2163: ✅REAL max=0.300 (58314ms) ETA=19902s
[2026-04-27 12:48:20]   [72/390 · 18%] idx=2177: ✅REAL max=0.558 (51669ms) ETA=19796s
[2026-04-27 12:49:26]   [73/390 · 19%] idx=2183: ✅REAL max=0.450 (65271ms) ETA=19752s
[2026-04-27 12:50:00]   [74/390 · 19%] idx=2217: ✅REAL max=0.760 (32947ms) ETA=19568s
[2026-04-27 12:50:37]   [75/390 · 19%] idx=2218: ✅REAL max=0.760 (36518ms) ETA=19404s
[2026-04-27 12:51:50]   [76/390 · 19%] idx=2274: ✅REAL max=0.384 (72114ms) ETA=19390s
[2026-04-27 12:52:35]   [77/390 · 20%] idx=2292: ✅REAL max=0.350 (43764ms) ETA=19259s
[2026-04-27 12:53:00]   [78/390 · 20%] idx=2295: ✅REAL max=0.450 (23903ms) ETA=19051s
[2026-04-27 12:54:01]   [79/390 · 20%] idx=2333: ✅REAL max=0.450 (59884ms) ETA=18989s
[2026-04-27 12:55:01]   [80/390 · 21%] idx=2398: ✅REAL max=0.420 (59433ms) ETA=18926s
[2026-04-27 12:55:01]   💾 [80/390] 进度已保存
[2026-04-27 12:55:49]   [81/390 · 21%] idx=2447: ✅REAL max=0.450 (46635ms) ETA=18814s
[2026-04-27 12:56:33]   [82/390 · 21%] idx=2448: ✅REAL max=0.460 (43091ms) ETA=18690s
[2026-04-27 12:57:15]   [83/390 · 21%] idx=2471: ✅REAL max=0.450 (40536ms) ETA=18558s
[2026-04-27 12:58:01]   [84/390 · 22%] idx=2503: ✅REAL max=0.420 (45104ms) ETA=18446s
[2026-04-27 12:59:02]   [85/390 · 22%] idx=2506: ✅REAL max=0.540 (60436ms) ETA=18389s
[2026-04-27 13:00:05]   [86/390 · 22%] idx=2525: ✅REAL max=0.300 (61538ms) ETA=18337s
[2026-04-27 13:01:42]   [87/390 · 22%] idx=2597: ✅REAL max=0.390 (96399ms) ETA=18406s
[2026-04-27 13:11:49] [Proc 11] 启动，55秒后开始（避免并发冲突）
[2026-04-27 13:12:44] [数据] 从缓存加载: X_tr=/home/fandy/workplace/thesis/results/soft_labels/kuhar_X_tr.npy
[2026-04-27 13:12:44] [Proc 11] 类 11 (Walk): 2483样本, 目标400, 已有97, 需生成303
[2026-04-27 13:13:25]   [1/303 · 0%] idx=2634: ✅REAL max=0.450 (40989ms) ETA=12379s
[2026-04-27 13:14:14]   [2/303 · 1%] idx=2635: ✅REAL max=0.730 (47765ms) ETA=13509s
[2026-04-27 13:15:05]   [3/303 · 1%] idx=2641: ✅REAL max=0.300 (49639ms) ETA=14040s
[2026-04-27 13:15:57]   [4/303 · 1%] idx=2667: ✅REAL max=0.350 (50931ms) ETA=14377s
[2026-04-27 13:17:26]   [5/303 · 2%] idx=2677: ✅REAL max=0.440 (88632ms) ETA=16806s
[2026-04-27 13:18:10]   [6/303 · 2%] idx=2682: ✅REAL max=0.350 (42531ms) ETA=16113s
[2026-04-27 13:19:37]   [7/303 · 2%] idx=2701: ✅REAL max=0.320 (86454ms) ETA=17463s
[2026-04-27 13:20:18]   [8/303 · 3%] idx=2723: ✅REAL max=0.400 (39436ms) ETA=16720s
[2026-04-27 13:21:04]   [9/303 · 3%] idx=2759: ✅REAL max=0.350 (45836ms) ETA=16342s
[2026-04-27 13:22:12]   [10/303 · 3%] idx=2765: ✅REAL max=0.590 (66847ms) ETA=16646s
[2026-04-27 13:23:15]   [11/303 · 4%] idx=2785: ✅REAL max=0.320 (61583ms) ETA=16742s
[2026-04-27 13:23:49]   [12/303 · 4%] idx=2796: ✅REAL max=0.470 (32690ms) ETA=16112s
[2026-04-27 13:24:34]   [13/303 · 4%] idx=2813: ✅REAL max=0.450 (43998ms) ETA=15825s
[2026-04-27 13:26:07]   [14/303 · 5%] idx=2820: ✅REAL max=0.370 (92702ms) ETA=16578s
[2026-04-27 13:26:57]   [15/303 · 5%] idx=2851: ✅REAL max=0.450 (48575ms) ETA=16372s
[2026-04-27 13:27:45]   [16/303 · 5%] idx=2852: ✅REAL max=0.400 (46711ms) ETA=16151s
[2026-04-27 13:28:24]   [17/303 · 6%] idx=2909: ✅REAL max=0.550 (38609ms) ETA=15814s
[2026-04-27 13:29:33]   [18/303 · 6%] idx=2912: ✅REAL max=0.400 (67962ms) ETA=15976s
[2026-04-27 13:30:31]   [19/303 · 6%] idx=2940: ✅REAL max=0.330 (57244ms) ETA=15952s
[2026-04-27 13:31:42]   [20/303 · 7%] idx=2969: ✅REAL max=0.441 (69874ms) ETA=16104s
[2026-04-27 13:31:42]   💾 [20/303] 进度已保存
[2026-04-27 13:32:32]   [21/303 · 7%] idx=2993: ✅REAL max=0.650 (48389ms) ETA=15947s
[2026-04-27 13:33:23]   [22/303 · 7%] idx=3015: ✅REAL max=0.450 (50497ms) ETA=15826s
[2026-04-27 13:34:16]   [23/303 · 8%] idx=3021: ✅REAL max=0.550 (51868ms) ETA=15727s
[2026-04-27 13:35:06]   [24/303 · 8%] idx=3069: ✅REAL max=0.546 (49271ms) ETA=15603s
[2026-04-27 13:35:38]   [25/303 · 8%] idx=3070: ✅REAL max=0.900 (30845ms) ETA=15279s
[2026-04-27 13:36:22]   [26/303 · 9%] idx=3095: ✅REAL max=0.220 (43292ms) ETA=15110s
[2026-04-27 13:38:54]   [27/303 · 9%] idx=3124: ✅REAL max=0.400 (56141ms) ETA=16046s
[2026-04-27 13:39:49]   [28/303 · 9%] idx=3187: ✅REAL max=0.550 (54547ms) ETA=15962s
[2026-04-27 13:40:51]   [29/303 · 10%] idx=3204: ✅REAL max=0.713 (60128ms) ETA=15934s
[2026-04-27 13:41:52]   [30/303 · 10%] idx=3274: ✅REAL max=0.280 (60732ms) ETA=15908s
[2026-04-27 13:42:46]   [31/303 · 10%] idx=3282: ✅REAL max=0.400 (53069ms) ETA=15813s
[2026-04-27 13:44:06]   [32/303 · 11%] idx=3328: ✅REAL max=0.414 (78481ms) ETA=15936s
[2026-04-27 13:45:01]   [33/303 · 11%] idx=3339: ✅REAL max=0.450 (54025ms) ETA=15846s
[2026-04-27 13:45:44]   [34/303 · 11%] idx=3356: ✅REAL max=0.620 (41701ms) ETA=15661s
[2026-04-27 13:46:29]   [35/303 · 12%] idx=3386: ✅REAL max=0.650 (44411ms) ETA=15505s
[2026-04-27 13:47:17]   [36/303 · 12%] idx=3394: ✅REAL max=0.330 (47171ms) ETA=15375s
[2026-04-27 13:48:26]   [37/303 · 12%] idx=3432: ✅REAL max=0.300 (67899ms) ETA=15399s
[2026-04-27 13:49:27]   [38/303 · 13%] idx=3442: ✅REAL max=0.600 (60149ms) ETA=15364s
[2026-04-27 13:50:29]   [39/303 · 13%] idx=3494: ✅REAL max=0.450 (60698ms) ETA=15331s
[2026-04-27 13:51:35]   [40/303 · 13%] idx=3603: ✅REAL max=0.295 (65058ms) ETA=15325s
[2026-04-27 13:51:35]   💾 [40/303] 进度已保存
[2026-04-27 13:52:24]   [41/303 · 14%] idx=3641: ✅REAL max=0.550 (47830ms) ETA=15207s
[2026-04-27 13:54:01]   [42/303 · 14%] idx=3649: ✅REAL max=0.360 (96118ms) ETA=15392s
[2026-04-27 13:55:24]   [43/303 · 14%] idx=3670: ✅REAL max=0.370 (82053ms) ETA=15478s
[2026-04-27 13:56:18]   [44/303 · 15%] idx=3688: ✅REAL max=0.620 (52437ms) ETA=15383s
[2026-04-27 13:57:13]   [45/303 · 15%] idx=3694: ✅REAL max=0.365 (54341ms) ETA=15300s
[2026-04-27 13:58:14]   [46/303 · 15%] idx=3699: ✅REAL max=0.400 (60137ms) ETA=15251s
[2026-04-27 13:59:27]   [47/303 · 16%] idx=3700: ✅REAL max=0.350 (71979ms) ETA=15266s
[2026-04-27 14:03:24]   [48/303 · 16%] idx=3735: ✅REAL max=0.367 (118229ms) ETA=16151s
[2026-04-27 14:04:03]   [49/303 · 16%] idx=3754: ✅REAL max=0.330 (37656ms) ETA=15960s
[2026-04-27 14:05:11]   [50/303 · 17%] idx=3760: ✅REAL max=0.450 (67424ms) ETA=15925s
[2026-04-27 14:06:49]   [51/303 · 17%] idx=3794: ✅REAL max=0.450 (96271ms) ETA=16032s
[2026-04-27 14:07:46]   [52/303 · 17%] idx=3810: ✅REAL max=0.410 (56747ms) ETA=15940s
[2026-04-27 14:08:38]   [53/303 · 17%] idx=3823: ✅REAL max=0.450 (50368ms) ETA=15819s
[2026-04-27 14:09:58]   [54/303 · 18%] idx=3876: ✅REAL max=0.550 (78979ms) ETA=15833s
[2026-04-27 14:11:26]   [55/303 · 18%] idx=3882: ✅REAL max=0.495 (86958ms) ETA=15879s
[2026-04-27 14:12:14]   [56/303 · 18%] idx=3884: ✅REAL max=0.540 (46744ms) ETA=15743s
[2026-04-27 14:13:23]   [57/303 · 19%] idx=3895: ✅REAL max=0.300 (68435ms) ETA=15704s
[2026-04-27 14:15:11]   [58/303 · 19%] idx=3896: ✅REAL max=0.300 (107065ms) ETA=15827s
[2026-04-27 14:17:04]   [59/303 · 19%] idx=3898: ✅REAL max=0.300 (112308ms) ETA=15964s
[2026-04-27 14:18:03]   [60/303 · 20%] idx=3937: ✅REAL max=0.450 (58015ms) ETA=15873s
[2026-04-27 14:18:03]   💾 [60/303] 进度已保存
[2026-04-27 14:19:31]   [61/303 · 20%] idx=3943: ✅REAL max=0.400 (86609ms) ETA=15896s
[2026-04-27 14:20:28]   [62/303 · 20%] idx=3958: ✅REAL max=0.220 (56203ms) ETA=15797s
[2026-04-27 14:22:06]   [63/303 · 21%] idx=3980: ✅REAL max=0.415 (96764ms) ETA=15854s
[2026-04-27 14:22:58]   [64/303 · 21%] idx=4006: ✅REAL max=0.350 (51238ms) ETA=15737s
[2026-04-27 14:23:27]   [65/303 · 21%] idx=4013: ✅REAL max=0.347 (28023ms) ETA=15536s
[2026-04-27 14:30:19]   [66/303 · 22%] idx=4031: ✅REAL max=0.370 (188478ms) ETA=16715s
[2026-04-27 14:31:38]   [67/303 · 22%] idx=4042: ✅REAL max=0.330 (78322ms) ETA=16675s
[2026-04-27 14:32:22]   [68/303 · 22%] idx=4077: ✅REAL max=0.500 (42963ms) ETA=16512s
[2026-04-27 14:33:18]   [69/303 · 23%] idx=4112: ✅REAL max=0.340 (54924ms) ETA=16393s
[2026-04-27 14:34:48]   [70/303 · 23%] idx=4116: ✅REAL max=0.400 (89004ms) ETA=16390s
[2026-04-27 14:36:10]   [71/303 · 23%] idx=4125: ✅REAL max=0.495 (80498ms) ETA=16356s
[2026-04-27 14:39:22]   [72/303 · 24%] idx=4131: ✅REAL max=0.530 (191094ms) ETA=16675s
[2026-04-27 14:40:34]   [73/303 · 24%] idx=4210: ✅REAL max=0.200 (71444ms) ETA=16604s
[2026-04-27 14:41:51]   [74/303 · 24%] idx=4263: ✅REAL max=0.454 (76276ms) ETA=16548s
[2026-04-27 14:43:06]   [75/303 · 25%] idx=4309: ✅REAL max=0.350 (73027ms) ETA=16481s
[2026-04-27 14:44:34]   [76/303 · 25%] idx=4327: ✅REAL max=0.530 (87476ms) ETA=16457s
[2026-04-27 14:45:52]   [77/303 · 25%] idx=4349: ✅REAL max=0.550 (77424ms) ETA=16402s
[2026-04-27 14:46:55]   [78/303 · 26%] idx=4359: ✅REAL max=0.400 (61612ms) ETA=16301s
[2026-04-27 14:47:52]   [79/303 · 26%] idx=4387: ✅REAL max=0.250 (55968ms) ETA=16184s
[2026-04-27 14:48:59]   [80/303 · 26%] idx=4435: ✅REAL max=0.400 (65831ms) ETA=16097s
[2026-04-27 14:48:59]   💾 [80/303] 进度已保存
[2026-04-27 14:50:07]   [81/303 · 27%] idx=4444: ✅REAL max=0.370 (67625ms) ETA=16015s
[2026-04-27 14:51:00]   [82/303 · 27%] idx=4532: ✅REAL max=0.300 (51484ms) ETA=15890s
[2026-04-27 14:51:52]   [83/303 · 27%] idx=4548: ✅REAL max=0.290 (50873ms) ETA=15765s
[2026-04-27 14:52:39]   [84/303 · 28%] idx=4562: ✅REAL max=0.450 (45759ms) ETA=15628s
[2026-04-27 14:53:54]   [85/303 · 28%] idx=4611: ✅REAL max=0.280 (74125ms) ETA=15567s
[2026-04-27 14:54:37]   [86/303 · 28%] idx=4678: ✅REAL max=0.450 (42253ms) ETA=15424s
[2026-04-27 14:55:50]   [87/303 · 29%] idx=4701: ✅REAL max=0.468 (72015ms) ETA=15358s
[2026-04-27 14:56:49]   [88/303 · 29%] idx=4712: ✅REAL max=0.420 (57775ms) ETA=15257s
[2026-04-27 14:57:47]   [89/303 · 29%] idx=4793: ✅REAL max=0.440 (56725ms) ETA=15154s
[2026-04-27 14:58:37]   [90/303 · 30%] idx=4801: ✅REAL max=0.450 (49774ms) ETA=15036s
[2026-04-27 14:59:41]   [91/303 · 30%] idx=4850: ✅REAL max=0.350 (62454ms) ETA=14948s
[2026-04-27 15:01:52]   [92/303 · 30%] idx=4856: ✅REAL max=0.440 (67858ms) ETA=15016s
[2026-04-27 15:02:41]   [93/303 · 31%] idx=4934: ✅REAL max=0.350 (48192ms) ETA=14896s
[2026-04-27 15:03:24]   [94/303 · 31%] idx=4959: ✅REAL max=0.300 (42594ms) ETA=14764s
[2026-04-27 15:04:39]   [95/303 · 31%] idx=4967: ✅REAL max=0.300 (73084ms) ETA=14701s
[2026-04-27 15:05:51]   [96/303 · 32%] idx=4974: ✅REAL max=0.300 (71237ms) ETA=14634s
[2026-04-27 15:06:32]   [97/303 · 32%] idx=5030: ✅REAL max=0.561 (39919ms) ETA=14500s
[2026-04-27 15:07:18]   [98/303 · 32%] idx=5090: ✅REAL max=0.350 (45454ms) ETA=14379s
[2026-04-27 15:10:05]   [99/303 · 33%] idx=5099: ✅REAL max=0.420 (166305ms) ETA=14509s
[2026-04-27 15:11:22]   [100/303 · 33%] idx=5116: ✅REAL max=0.340 (75659ms) ETA=14449s
[2026-04-27 15:11:22]   💾 [100/303] 进度已保存
[2026-04-27 15:12:06]   [101/303 · 33%] idx=5176: ✅REAL max=0.520 (43234ms) ETA=14324s
[2026-04-27 15:12:54]   [102/303 · 34%] idx=5179: ✅REAL max=0.360 (47105ms) ETA=14209s
[2026-04-27 15:13:34]   [103/303 · 34%] idx=5193: ✅REAL max=0.470 (38121ms) ETA=14077s
[2026-04-27 15:14:33]   [104/303 · 34%] idx=5205: ✅REAL max=0.550 (58857ms) ETA=13986s
[2026-04-27 15:15:57]   [105/303 · 35%] idx=5228: ✅REAL max=0.382 (82180ms) ETA=13940s
[2026-04-27 15:17:02]   [106/303 · 35%] idx=5257: ✅REAL max=0.160 (64401ms) ETA=13860s
[2026-04-27 15:18:27]   [107/303 · 35%] idx=5258: ✅REAL max=0.420 (84133ms) ETA=13817s
[2026-04-27 15:19:30]   [108/303 · 36%] idx=5267: ✅REAL max=0.550 (61576ms) ETA=13732s
[2026-04-27 15:20:27]   [109/303 · 36%] idx=5296: ✅REAL max=0.300 (56496ms) ETA=13639s
[2026-04-27 15:21:03]   [110/303 · 36%] idx=5324: ✅REAL max=0.270 (34329ms) ETA=13507s
[2026-04-27 15:22:13]   [111/303 · 37%] idx=5375: ✅REAL max=0.500 (69595ms) ETA=13438s
[2026-04-27 15:23:39]   [112/303 · 37%] idx=5379: ✅REAL max=0.530 (84499ms) ETA=13395s
[2026-04-27 15:24:35]   [113/303 · 37%] idx=5380: ✅REAL max=0.440 (55253ms) ETA=13301s
[2026-04-27 15:25:17]   [114/303 · 38%] idx=5416: ✅REAL max=0.340 (41165ms) ETA=13185s
[2026-04-27 15:26:05]   [115/303 · 38%] idx=5427: ✅REAL max=0.280 (47230ms) ETA=13080s
[2026-04-27 15:28:04]   [116/303 · 38%] idx=5471: ✅REAL max=0.370 (118052ms) ETA=13090s
[2026-04-27 15:29:11]   [117/303 · 39%] idx=5477: ✅REAL max=0.400 (65143ms) ETA=13014s
[2026-04-27 15:30:35]   [118/303 · 39%] idx=5496: ✅REAL max=0.520 (82954ms) ETA=12966s
[2026-04-27 15:32:11]   [119/303 · 39%] idx=5507: ✅REAL max=0.390 (95486ms) ETA=12937s
[2026-04-27 15:33:02]   [120/303 · 40%] idx=5619: ✅REAL max=0.615 (49904ms) ETA=12837s
[2026-04-27 15:33:02]   💾 [120/303] 进度已保存
[2026-04-27 15:34:00]   [121/303 · 40%] idx=5625: ✅REAL max=0.450 (57530ms) ETA=12749s
[2026-04-27 15:35:09]   [122/303 · 40%] idx=5627: ✅REAL max=0.550 (67685ms) ETA=12677s
[2026-04-27 15:36:05]   [123/303 · 41%] idx=5645: ✅REAL max=0.520 (54883ms) ETA=12587s
[2026-04-27 15:37:31]   [124/303 · 41%] idx=5666: ✅REAL max=0.400 (84736ms) ETA=12540s
[2026-04-27 15:38:31]   [125/303 · 41%] idx=5682: ✅REAL max=0.800 (59475ms) ETA=12456s
[2026-04-27 15:39:36]   [126/303 · 42%] idx=5695: ✅REAL max=0.581 (63766ms) ETA=12379s
[2026-04-27 15:40:17]   [127/303 · 42%] idx=5703: ✅REAL max=0.450 (40135ms) ETA=12269s
[2026-04-27 15:43:58]   [128/303 · 42%] idx=5772: ✅REAL max=0.210 (100734ms) ETA=12405s
[2026-04-27 15:44:43]   [129/303 · 43%] idx=5882: ✅REAL max=0.440 (44650ms) ETA=12300s
[2026-04-27 15:46:20]   [130/303 · 43%] idx=5906: ✅REAL max=0.300 (95909ms) ETA=12264s
[2026-04-27 15:47:08]   [131/303 · 43%] idx=5917: ✅REAL max=0.440 (46724ms) ETA=12163s
[2026-04-27 15:48:16]   [132/303 · 44%] idx=5924: ✅REAL max=0.300 (66732ms) ETA=12088s
[2026-04-27 15:49:16]   [133/303 · 44%] idx=5957: ✅REAL max=0.450 (59822ms) ETA=12005s
[2026-04-27 15:50:15]   [134/303 · 44%] idx=5980: ✅REAL max=0.330 (57694ms) ETA=11919s
[2026-04-27 15:51:04]   [135/303 · 45%] idx=6007: ✅REAL max=0.550 (47565ms) ETA=11822s
[2026-04-27 15:54:15]   [136/303 · 45%] idx=6027: ✅REAL max=0.360 (61555ms) ETA=11900s
[2026-04-27 15:55:10]   [137/303 · 45%] idx=6063: ✅REAL max=0.460 (53337ms) ETA=11809s
[2026-04-27 15:56:06]   [138/303 · 46%] idx=6098: ✅REAL max=0.270 (55265ms) ETA=11720s
[2026-04-27 15:56:48]   [139/303 · 46%] idx=6113: ✅REAL max=0.700 (40454ms) ETA=11614s
[2026-04-27 15:58:00]   [140/303 · 46%] idx=6156: ✅REAL max=0.450 (71307ms) ETA=11545s
[2026-04-27 15:58:00]   💾 [140/303] 进度已保存
[2026-04-27 15:59:00]   [141/303 · 47%] idx=6165: ✅REAL max=0.550 (58658ms) ETA=11461s
[2026-04-27 15:59:42]   [142/303 · 47%] idx=6177: ✅REAL max=0.420 (41806ms) ETA=11359s
[2026-04-27 16:01:11]   [143/303 · 47%] idx=6185: ✅REAL max=0.531 (87887ms) ETA=11309s
[2026-04-27 16:02:17]   [144/303 · 48%] idx=6199: ✅REAL max=0.400 (64758ms) ETA=11232s
[2026-04-27 16:03:02]   [145/303 · 48%] idx=6238: ✅REAL max=0.400 (43673ms) ETA=11134s
[2026-04-27 16:03:52]   [146/303 · 48%] idx=6279: ✅REAL max=0.348 (49685ms) ETA=11042s
[2026-04-27 16:04:59]   [147/303 · 49%] idx=6289: ✅REAL max=0.180 (65232ms) ETA=10967s
[2026-04-27 16:06:58]   [148/303 · 49%] idx=6293: ✅REAL max=0.350 (118184ms) ETA=10948s
[2026-04-27 16:08:39]   [149/303 · 49%] idx=6332: ✅REAL max=0.350 (99896ms) ETA=10909s
[2026-04-27 16:09:46]   [150/303 · 50%] idx=6344: ✅REAL max=0.230 (66271ms) ETA=10834s
[2026-04-27 16:10:49]   [151/303 · 50%] idx=6346: ✅REAL max=0.500 (62061ms) ETA=10756s
[2026-04-27 16:11:21]   [152/303 · 50%] idx=6409: ✅REAL max=0.570 (30754ms) ETA=10646s
[2026-04-27 16:12:25]   [153/303 · 50%] idx=6422: ✅REAL max=0.550 (63458ms) ETA=10570s
[2026-04-27 16:13:28]   [154/303 · 51%] idx=6466: ✅REAL max=0.600 (62177ms) ETA=10492s
[2026-04-27 16:14:24]   [155/303 · 51%] idx=6476: ✅REAL max=0.300 (54864ms) ETA=10408s
[2026-04-27 16:15:52]   [156/303 · 51%] idx=6498: ✅REAL max=0.370 (86293ms) ETA=10354s
[2026-04-27 16:16:46]   [157/303 · 52%] idx=6510: ✅REAL max=0.250 (53257ms) ETA=10268s
[2026-04-27 16:17:25]   [158/303 · 52%] idx=6516: ✅REAL max=0.350 (38311ms) ETA=10169s
[2026-04-27 16:18:33]   [159/303 · 52%] idx=6519: ✅REAL max=0.400 (67297ms) ETA=10097s
[2026-04-27 16:22:27]   [160/303 · 53%] idx=6525: ✅REAL max=0.450 (96110ms) ETA=10174s
[2026-04-27 16:22:27]   💾 [160/303] 进度已保存
[2026-04-27 16:23:31]   [161/303 · 53%] idx=6542: ✅REAL max=0.270 (62972ms) ETA=10096s
[2026-04-27 16:24:48]   [162/303 · 53%] idx=6548: ✅REAL max=0.566 (75742ms) ETA=10030s
[2026-04-27 16:25:44]   [163/303 · 54%] idx=6563: ✅REAL max=0.455 (54878ms) ETA=9946s
[2026-04-27 16:26:43]   [164/303 · 54%] idx=6569: ✅REAL max=0.530 (57572ms) ETA=9864s
[2026-04-27 16:27:51]   [165/303 · 54%] idx=6609: ✅REAL max=0.340 (67411ms) ETA=9791s
[2026-04-27 16:28:51]   [166/303 · 55%] idx=6637: ✅REAL max=0.440 (58673ms) ETA=9711s
[2026-04-27 16:29:37]   [167/303 · 55%] idx=6641: ✅REAL max=0.300 (45082ms) ETA=9620s
[2026-04-27 16:30:44]   [168/303 · 55%] idx=6647: ✅REAL max=0.190 (66022ms) ETA=9546s
[2026-04-27 16:31:31]   [169/303 · 56%] idx=6659: ✅REAL max=0.510 (46367ms) ETA=9457s
[2026-04-27 16:32:15]   [170/303 · 56%] idx=6701: ✅REAL max=0.630 (42798ms) ETA=9365s
[2026-04-27 16:33:07]   [171/303 · 56%] idx=6720: ✅REAL max=0.600 (50533ms) ETA=9280s
[2026-04-27 16:34:19]   [172/303 · 57%] idx=6736: ✅REAL max=0.700 (65611ms) ETA=9210s
[2026-04-27 16:50:14] [Proc 11] 启动，55秒后开始（避免并发冲突）
[2026-04-27 16:51:09] [数据] 从缓存加载: X_tr=/home/fandy/workplace/thesis/results/soft_labels/kuhar_X_tr.npy
[2026-04-27 16:51:09] [Proc 11] 类 11 (Walk): 2483样本, 目标400, 已有269, 需生成131
[2026-04-27 16:52:57]   [1/131 · 1%] idx=6757: ✅REAL max=0.210 (108076ms) ETA=14054s
[2026-04-27 16:54:19]   [2/131 · 2%] idx=6810: ✅REAL max=0.350 (80887ms) ETA=12257s
[2026-04-27 16:55:29]   [3/131 · 2%] idx=6818: ✅REAL max=0.440 (68722ms) ETA=11083s
[2026-04-27 16:56:41]   [4/131 · 3%] idx=6859: ✅REAL max=0.350 (70880ms) ETA=10530s
[2026-04-27 16:59:18]   [5/131 · 4%] idx=6889: ✅REAL max=0.570 (45556ms) ETA=12329s
[2026-04-27 17:00:06]   [6/131 · 5%] idx=6903: ✅REAL max=0.350 (47114ms) ETA=11195s
[2026-04-27 17:01:06]   [7/131 · 5%] idx=6926: ✅REAL max=0.550 (58395ms) ETA=10571s
[2026-04-27 17:02:02]   [8/131 · 6%] idx=6947: ✅REAL max=0.850 (55283ms) ETA=10041s
[2026-04-27 17:03:12]   [9/131 · 7%] idx=6986: ✅REAL max=0.313 (69138ms) ETA=9803s
[2026-04-27 17:07:20]   [10/131 · 8%] idx=7009: ✅REAL max=0.270 (158041ms) ETA=11750s
[2026-04-27 19:02:42] [Proc 11] 启动，55秒后开始（避免并发冲突）
[2026-04-27 19:03:38] [数据] 从缓存加载: X_tr=/home/fandy/workplace/thesis/results/soft_labels/kuhar_X_tr.npy
[2026-04-27 20:48:36] [Proc 11] 启动，55秒后开始（避免并发冲突）
[2026-04-27 20:49:31] [数据] 从缓存加载: X_tr=/home/fandy/workplace/thesis/results/soft_labels/kuhar_X_tr.npy
[2026-04-27 20:49:31] [Proc 11] 类 11 (Walk): 2483样本, 目标400, 已有279, 需生成121
[2026-04-27 20:49:40] [Proc 11] 启动，55秒后开始（避免并发冲突）
[2026-04-27 20:51:44] [Proc 11] 启动，55秒后开始（避免并发冲突）
[2026-04-27 20:52:39] [数据] 从缓存加载: X_tr=/home/fandy/workplace/thesis/results/soft_labels/kuhar_X_tr.npy
[2026-04-27 20:52:39] [Proc 11] 类 11 (Walk): 2483样本, 目标400, 已有279, 需生成121
[2026-04-27 20:53:04]   [1/121 · 1%] idx=7012: ✅REAL max=0.780 (25576ms) ETA=3069s
[2026-04-27 20:53:36]   [2/121 · 2%] idx=7027: ✅REAL max=0.460 (30554ms) ETA=3400s
[2026-04-27 20:54:16]   [3/121 · 2%] idx=7042: ✅REAL max=0.400 (39107ms) ETA=3825s
[2026-04-27 20:55:25]   [4/121 · 3%] idx=7051: ✅REAL max=0.180 (68077ms) ETA=4865s
[2026-04-27 20:55:57]   [5/121 · 4%] idx=7138: ✅REAL max=0.350 (30786ms) ETA=4596s
[2026-04-27 20:56:33]   [6/121 · 5%] idx=7233: ✅REAL max=0.450 (35086ms) ETA=4489s
[2026-04-27 20:57:06]   [7/121 · 6%] idx=7244: ✅REAL max=0.580 (32059ms) ETA=4353s
[2026-04-27 20:58:24]   [8/121 · 7%] idx=7288: ✅REAL max=0.300 (76387ms) ETA=4868s
[2026-04-27 20:59:08]   [9/121 · 7%] idx=7303: ✅REAL max=0.270 (43143ms) ETA=4839s
[2026-04-27 21:00:07]   [10/121 · 8%] idx=7333: ✅REAL max=0.300 (57802ms) ETA=4969s
[2026-04-27 21:00:58]   [11/121 · 9%] idx=7357: ✅REAL max=0.350 (50127ms) ETA=4988s
[2026-04-27 21:01:36]   [12/121 · 10%] idx=7396: ✅REAL max=0.450 (37667ms) ETA=4882s
[2026-04-27 21:04:29]   [13/121 · 11%] idx=7405: ✅REAL max=0.550 (172022ms) ETA=5902s
[2026-04-27 21:05:04]   [14/121 · 12%] idx=7410: ✅REAL max=0.225 (33835ms) ETA=5696s
[2026-04-27 21:05:57]   [15/121 · 12%] idx=7456: ✅REAL max=0.450 (51887ms) ETA=5641s
[2026-04-27 21:06:35]   [16/121 · 13%] idx=7457: ✅REAL max=0.300 (37009ms) ETA=5488s
[2026-04-27 21:07:23]   [17/121 · 14%] idx=7463: ✅REAL max=0.420 (47223ms) ETA=5411s
[2026-04-27 21:08:15]   [18/121 · 15%] idx=7519: ✅REAL max=0.300 (50443ms) ETA=5355s
[2026-04-27 21:09:25]   [19/121 · 16%] idx=7552: ✅REAL max=0.560 (69256ms) ETA=5401s
[2026-04-27 21:09:56]   [20/121 · 17%] idx=7590: ✅REAL max=0.700 (29531ms) ETA=5235s
[2026-04-27 21:09:56]   💾 [20/121] 进度已保存
[2026-04-27 21:12:04]   [21/121 · 17%] idx=7598: ✅REAL max=0.300 (51073ms) ETA=5546s
[2026-04-27 21:12:42]   [22/121 · 18%] idx=7626: ✅REAL max=0.550 (36951ms) ETA=5412s
[2026-04-27 21:13:21]   [23/121 · 19%] idx=7632: ✅REAL max=0.530 (38485ms) ETA=5293s
[2026-04-27 21:15:42]   [24/121 · 20%] idx=7646: ✅REAL max=0.300 (45133ms) ETA=5590s
[2026-04-27 21:18:11]   [25/121 · 21%] idx=7673: ✅REAL max=0.380 (65129ms) ETA=5885s
[2026-04-27 21:18:56]   [26/121 · 21%] idx=7677: ✅REAL max=0.390 (43338ms) ETA=5762s
[2026-04-27 21:19:46]   [27/121 · 22%] idx=7693: ✅REAL max=0.280 (49173ms) ETA=5665s
[2026-04-27 21:20:36]   [28/121 · 23%] idx=7699: ✅REAL max=0.450 (49085ms) ETA=5571s
[2026-04-27 21:21:37]   [29/121 · 24%] idx=7724: ✅REAL max=0.500 (60304ms) ETA=5515s
[2026-04-27 21:22:47]   [30/121 · 25%] idx=7726: ✅REAL max=0.450 (69153ms) ETA=5486s
[2026-04-27 21:23:29]   [31/121 · 26%] idx=7737: ✅REAL max=0.450 (40602ms) ETA=5372s
[2026-04-27 21:24:12]   [32/121 · 26%] idx=7743: ✅REAL max=0.780 (42015ms) ETA=5266s
[2026-04-27 21:25:16]   [33/121 · 27%] idx=7775: ✅REAL max=0.144 (62474ms) ETA=5218s
[2026-04-27 21:25:54]   [34/121 · 28%] idx=7797: ✅REAL max=0.350 (37158ms) ETA=5105s
[2026-04-27 21:26:50]   [35/121 · 29%] idx=7801: ✅REAL max=0.550 (55584ms) ETA=5041s
[2026-04-27 21:27:37]   [36/121 · 30%] idx=7816: ✅REAL max=0.450 (45169ms) ETA=4953s
[2026-04-27 21:28:15]   [37/121 · 31%] idx=7899: ✅REAL max=0.570 (37126ms) ETA=4849s
[2026-04-27 21:28:49]   [38/121 · 31%] idx=8002: ✅REAL max=0.390 (33014ms) ETA=4739s
[2026-04-27 21:29:24]   [39/121 · 32%] idx=8009: ✅REAL max=0.720 (33895ms) ETA=4635s
[2026-04-27 21:31:54]   [40/121 · 33%] idx=8059: ✅REAL max=0.350 (44712ms) ETA=4769s
[2026-04-27 21:31:54]   💾 [40/121] 进度已保存
[2026-04-27 21:34:03]   [41/121 · 34%] idx=8071: ✅REAL max=0.300 (50819ms) ETA=4848s
[2026-04-27 21:34:47]   [42/121 · 35%] idx=8095: ✅REAL max=0.250 (42237ms) ETA=4755s
[2026-04-27 21:35:45]   [43/121 · 36%] idx=8106: ✅REAL max=0.450 (57849ms) ETA=4692s
[2026-04-27 21:36:38]   [44/121 · 36%] idx=8148: ✅REAL max=0.350 (51392ms) ETA=4618s
[2026-04-27 21:38:05]   [45/121 · 37%] idx=8155: ✅REAL max=0.450 (86493ms) ETA=4605s
[2026-04-27 21:39:17]   [46/121 · 38%] idx=8217: ✅REAL max=0.310 (70345ms) ETA=4562s
[2026-04-27 21:39:53]   [47/121 · 39%] idx=8236: ✅REAL max=0.550 (35786ms) ETA=4463s
[2026-04-27 21:40:35]   [48/121 · 40%] idx=8268: ✅REAL max=0.230 (40867ms) ETA=4375s
[2026-04-27 21:41:37]   [49/121 · 40%] idx=8290: ✅REAL max=0.400 (60823ms) ETA=4318s
[2026-04-27 21:42:21]   [50/121 · 41%] idx=8316: ✅REAL max=0.394 (42324ms) ETA=4234s
[2026-04-27 21:43:02]   [51/121 · 42%] idx=8327: ✅REAL max=0.280 (40383ms) ETA=4149s
[2026-04-27 21:43:36]   [52/121 · 43%] idx=8362: ✅REAL max=0.300 (33475ms) ETA=4057s
[2026-04-27 21:44:36]   [53/121 · 44%] idx=8367: ✅REAL max=0.350 (58314ms) ETA=3999s
[2026-04-27 21:45:17]   [54/121 · 45%] idx=8368: ✅REAL max=0.490 (40444ms) ETA=3919s
[2026-04-27 21:45:54]   [55/121 · 45%] idx=8387: ✅REAL max=0.530 (35885ms) ETA=3834s
[2026-04-27 21:46:43]   [56/121 · 46%] idx=8397: ✅REAL max=0.370 (47960ms) ETA=3766s
[2026-04-27 21:47:10]   [57/121 · 47%] idx=8406: ✅REAL max=0.380 (25823ms) ETA=3673s
[2026-04-27 21:47:48]   [58/121 · 48%] idx=8464: ✅REAL max=0.400 (36873ms) ETA=3594s
[2026-04-27 21:48:42]   [59/121 · 49%] idx=8477: ✅REAL max=0.300 (53292ms) ETA=3534s
[2026-04-27 21:49:14]   [60/121 · 50%] idx=8508: ✅REAL max=0.650 (31042ms) ETA=3452s
[2026-04-27 21:49:14]   💾 [60/121] 进度已保存
[2026-04-27 21:49:43]   [61/121 · 50%] idx=8518: ✅REAL max=0.440 (27573ms) ETA=3368s
[2026-04-27 21:50:33]   [62/121 · 51%] idx=8571: ✅REAL max=0.450 (49735ms) ETA=3306s
[2026-04-27 21:51:11]   [63/121 · 52%] idx=8584: ✅REAL max=0.550 (36783ms) ETA=3234s
[2026-04-27 21:52:02]   [64/121 · 53%] idx=8678: ✅REAL max=0.820 (50289ms) ETA=3174s
[2026-04-27 21:53:01]   [65/121 · 54%] idx=8720: ✅REAL max=0.300 (57657ms) ETA=3121s
[2026-04-27 21:54:01]   [66/121 · 55%] idx=8724: ✅REAL max=0.230 (58839ms) ETA=3068s
[2026-04-27 21:55:03]   [67/121 · 55%] idx=8784: ✅REAL max=0.350 (60795ms) ETA=3017s
[2026-04-27 21:55:53]   [68/121 · 56%] idx=8820: ✅REAL max=0.330 (49230ms) ETA=2957s
[2026-04-27 21:57:06]   [69/121 · 57%] idx=8849: ✅REAL max=0.300 (72173ms) ETA=2914s
[2026-04-27 21:58:10]   [70/121 · 58%] idx=8933: ✅REAL max=0.340 (63003ms) ETA=2864s
[2026-04-27 21:58:52]   [71/121 · 59%] idx=8944: ✅REAL max=0.360 (40421ms) ETA=2798s
[2026-04-27 21:59:49]   [72/121 · 60%] idx=8975: ✅REAL max=0.335 (56431ms) ETA=2743s
[2026-04-27 22:00:27]   [73/121 · 60%] idx=8992: ✅REAL max=0.459 (36809ms) ETA=2675s
[2026-04-27 22:01:21]   [74/121 · 61%] idx=9003: ✅REAL max=0.525 (53617ms) ETA=2618s
[2026-04-27 22:02:01]   [75/121 · 62%] idx=9013: ✅REAL max=0.350 (38491ms) ETA=2553s
[2026-04-27 22:02:39]   [76/121 · 63%] idx=9045: ✅REAL max=0.455 (36558ms) ETA=2487s
[2026-04-27 22:03:22]   [77/121 · 64%] idx=9050: ✅REAL max=0.280 (42309ms) ETA=2425s
[2026-04-27 22:04:29]   [78/121 · 64%] idx=9061: ✅REAL max=0.425 (66067ms) ETA=2376s
[2026-04-27 22:05:02]   [79/121 · 65%] idx=9062: ✅REAL max=0.380 (32115ms) ETA=2309s
[2026-04-27 22:05:50]   [80/121 · 66%] idx=9070: ✅REAL max=0.290 (46958ms) ETA=2250s
[2026-04-27 22:05:50]   💾 [80/121] 进度已保存
[2026-04-27 22:06:35]   [81/121 · 67%] idx=9097: ✅REAL max=0.561 (43503ms) ETA=2190s
[2026-04-27 22:07:25]   [82/121 · 68%] idx=9102: ✅REAL max=0.270 (49204ms) ETA=2134s
[2026-04-27 22:08:05]   [83/121 · 69%] idx=9133: ✅REAL max=0.550 (38987ms) ETA=2072s
[2026-04-27 22:09:08]   [84/121 · 69%] idx=9181: ✅REAL max=0.379 (62560ms) ETA=2022s
[2026-04-27 22:09:56]   [85/121 · 70%] idx=9206: ✅REAL max=0.450 (46558ms) ETA=1964s
[2026-04-27 22:10:46]   [86/121 · 71%] idx=9258: ✅REAL max=0.480 (49416ms) ETA=1908s
[2026-04-27 22:11:20]   [87/121 · 72%] idx=9263: ✅REAL max=0.290 (32679ms) ETA=1845s
[2026-04-27 22:11:48]   [88/121 · 73%] idx=9272: ✅REAL max=0.300 (26807ms) ETA=1781s
[2026-04-27 22:12:19]   [89/121 · 74%] idx=9292: ✅REAL max=0.650 (30559ms) ETA=1719s
[2026-04-27 22:13:17]   [90/121 · 74%] idx=9306: ✅REAL max=0.420 (57107ms) ETA=1667s
[2026-04-27 22:15:41]   [91/121 · 75%] idx=9322: ✅REAL max=0.580 (49069ms) ETA=1643s
[2026-04-27 22:16:39]   [92/121 · 76%] idx=9387: ✅REAL max=0.450 (56977ms) ETA=1589s
[2026-04-27 22:18:12]   [93/121 · 77%] idx=9398: ✅REAL max=0.330 (91732ms) ETA=1546s
[2026-04-27 22:18:54]   [94/121 · 78%] idx=9407: ✅REAL max=0.700 (41115ms) ETA=1487s
[2026-04-27 22:19:35]   [95/121 · 79%] idx=9408: ✅REAL max=0.550 (39284ms) ETA=1427s
[2026-04-27 22:20:19]   [96/121 · 79%] idx=9410: ✅REAL max=0.300 (42996ms) ETA=1370s
[2026-04-27 22:22:16]   [97/121 · 80%] idx=9480: ✅REAL max=0.227 (45115ms) ETA=1330s
[2026-04-27 22:24:14]   [98/121 · 81%] idx=9495: ✅REAL max=0.450 (46516ms) ETA=1290s
[2026-04-27 22:25:41]   [99/121 · 82%] idx=9514: ✅REAL max=0.200 (85429ms) ETA=1240s
[2026-04-27 22:26:47]   [100/121 · 83%] idx=9535: ✅REAL max=0.280 (64810ms) ETA=1186s
[2026-04-27 22:26:47]   💾 [100/121] 进度已保存
[2026-04-27 22:27:18]   [101/121 · 83%] idx=9546: ✅REAL max=0.540 (30467ms) ETA=1125s
[2026-04-27 22:28:40]   [102/121 · 84%] idx=9549: ✅REAL max=0.350 (80642ms) ETA=1073s
[2026-04-27 22:29:22]   [103/121 · 85%] idx=9559: ✅REAL max=0.300 (41479ms) ETA=1014s
[2026-04-27 22:30:46]   [104/121 · 86%] idx=9610: ✅REAL max=0.710 (82423ms) ETA=962s
[2026-04-27 22:31:30]   [105/121 · 87%] idx=9664: ✅REAL max=0.450 (43411ms) ETA=904s
[2026-04-27 22:32:55]   [106/121 · 88%] idx=9681: ✅REAL max=0.440 (83704ms) ETA=851s
[2026-04-27 22:34:11]   [107/121 · 88%] idx=9683: ✅REAL max=0.460 (75083ms) ETA=797s
[2026-04-27 22:35:06]   [108/121 · 89%] idx=9767: ✅REAL max=0.280 (54256ms) ETA=740s
[2026-04-27 22:36:37]   [109/121 · 90%] idx=9783: ✅REAL max=0.300 (89780ms) ETA=687s
[2026-04-27 22:37:42]   [110/121 · 91%] idx=9795: ✅REAL max=0.320 (64530ms) ETA=630s
[2026-04-27 22:38:10]   [111/121 · 92%] idx=9845: ✅REAL max=0.650 (26705ms) ETA=570s
[2026-04-27 22:38:53]   [112/121 · 93%] idx=9851: ✅REAL max=0.400 (41617ms) ETA=512s
[2026-04-27 22:39:31]   [113/121 · 93%] idx=9875: ✅REAL max=0.550 (37589ms) ETA=454s
[2026-04-27 22:40:17]   [114/121 · 94%] idx=9879: ✅REAL max=0.345 (44288ms) ETA=397s
[2026-04-27 22:41:34]   [115/121 · 95%] idx=9892: ✅REAL max=0.846 (76914ms) ETA=341s
[2026-04-27 22:42:46]   [116/121 · 96%] idx=9915: ✅REAL max=0.450 (70093ms) ETA=285s
[2026-04-27 22:43:36]   [117/121 · 97%] idx=9949: ✅REAL max=0.440 (49699ms) ETA=228s
[2026-04-27 22:44:44]   [118/121 · 98%] idx=9957: ✅REAL max=0.190 (66846ms) ETA=171s
[2026-04-27 22:45:40]   [119/121 · 98%] idx=9994: ✅REAL max=0.350 (54374ms) ETA=114s
[2026-04-27 22:47:38]   [120/121 · 99%] idx=10002: ✅REAL max=0.700 (117835ms) ETA=57s
[2026-04-27 22:47:38]   💾 [120/121] 进度已保存
[2026-04-27 22:48:41]   [121/121 · 100%] idx=10020: ✅REAL max=0.539 (62046ms) ETA=0s
[2026-04-27 22:48:42] [Proc 11] ✅ 类 11 (Walk) 完成: 400/400 耗时6964s
[2026-04-27 22:48:42] [Proc 11] 全部完成 → /home/fandy/workplace/thesis/results/soft_labels/kuhar_soft_proc11.npy
[2026-04-28 00:05:19] [Proc 11] 启动，55秒后开始（避免并发冲突）
[2026-04-28 00:06:14] [数据] 从缓存加载: X_tr=/home/fandy/workplace/thesis/results/soft_labels/kuhar_X_tr.npy
[2026-04-28 00:06:14] [Proc 11] 类 11 已完成，跳过
[2026-04-28 00:06:14] [Proc 11] 全部完成 → /home/fandy/workplace/thesis/results/soft_labels/kuhar_soft_proc11.npy
[2026-04-28 00:13:20] [Proc 11] 启动，55秒后开始（避免并发冲突）
[2026-04-28 00:14:15] [数据] 从缓存加载: X_tr=/home/fandy/workplace/thesis/results/soft_labels/kuhar_X_tr.npy
[2026-04-28 00:14:15] [Proc 11] 类 11 已完成，跳过
[2026-04-28 00:14:15] [Proc 11] 全部完成 → /home/fandy/workplace/thesis/results/soft_labels/kuhar_soft_proc11.npy
[2026-04-28 00:23:59] [Proc 11] 启动，55秒后开始（避免并发冲突）
[2026-04-28 00:24:54] [数据] 从缓存加载: X_tr=/home/fandy/workplace/thesis/results/soft_labels/kuhar_X_tr.npy
[2026-04-28 00:24:55] [Proc 11] 类 11 已完成，跳过
[2026-04-28 00:24:55] [Proc 11] 全部完成 → /home/fandy/workplace/thesis/results/soft_labels/kuhar_soft_proc11.npy
