[2026-04-27 10:42:55] [Proc 16] 启动，80秒后开始（避免并发冲突）
[2026-04-27 10:44:15] [数据] 从缓存加载: X_tr=/home/fandy/workplace/thesis/results/soft_labels/kuhar_X_tr.npy
[2026-04-27 10:44:15] [Proc 16] 类 16 (Stair-down): 2410样本, 目标400, 已有0, 需生成400
[2026-04-27 10:45:11]   [1/400 · 0%] idx=35: ✅REAL max=0.300 (56804ms) ETA=22665s
[2026-04-27 10:46:13]   [2/400 · 0%] idx=70: ✅REAL max=0.370 (60151ms) ETA=23474s
[2026-04-27 10:47:02]   [3/400 · 1%] idx=77: ✅REAL max=0.400 (48567ms) ETA=22170s
[2026-04-27 10:48:16]   [4/400 · 1%] idx=133: ✅REAL max=0.485 (72823ms) ETA=23896s
[2026-04-27 10:49:09]   [5/400 · 1%] idx=155: ✅REAL max=0.500 (52127ms) ETA=23266s
[2026-04-27 10:50:34]   [6/400 · 2%] idx=238: ✅REAL max=0.260 (83665ms) ETA=24900s
[2026-04-27 10:51:24]   [7/400 · 2%] idx=269: ✅REAL max=0.300 (48793ms) ETA=24086s
[2026-04-27 10:52:17]   [8/400 · 2%] idx=276: ✅REAL max=0.320 (52351ms) ETA=23637s
[2026-04-27 10:53:18]   [9/400 · 2%] idx=283: ✅REAL max=0.700 (59498ms) ETA=23587s
[2026-04-27 10:54:16]   [10/400 · 2%] idx=285: ✅REAL max=0.600 (56811ms) ETA=23452s
[2026-04-27 11:22:36]   [11/400 · 3%] idx=331: ✅REAL max=0.630 (1690893ms) ETA=81386s
[2026-04-27 11:32:53] [Proc 16] 启动，80秒后开始（避免并发冲突）
[2026-04-27 11:34:13] [数据] 从缓存加载: X_tr=/home/fandy/workplace/thesis/results/soft_labels/kuhar_X_tr.npy
[2026-04-27 11:34:13] [Proc 16] 类 16 (Stair-down): 2410样本, 目标400, 已有11, 需生成389
[2026-04-27 11:35:04]   [1/389 · 0%] idx=357: ✅REAL max=0.340 (51026ms) ETA=19798s
[2026-04-27 11:37:40]   [2/389 · 1%] idx=365: ✅REAL max=0.220 (66866ms) ETA=40133s
[2026-04-27 11:38:30]   [3/389 · 1%] idx=374: ✅REAL max=0.200 (49204ms) ETA=33146s
[2026-04-27 11:39:22]   [4/389 · 1%] idx=430: ✅REAL max=0.270 (50665ms) ETA=29769s
[2026-04-27 11:40:23]   [5/389 · 1%] idx=443: ✅REAL max=0.250 (59861ms) ETA=28427s
[2026-04-27 11:41:14]   [6/389 · 2%] idx=488: ✅REAL max=0.400 (50068ms) ETA=26888s
[2026-04-27 11:41:44]   [7/389 · 2%] idx=515: ✅REAL max=0.600 (28601ms) ETA=24602s
[2026-04-27 11:43:55]   [8/389 · 2%] idx=543: ✅REAL max=0.270 (59664ms) ETA=27717s
[2026-04-27 11:44:44]   [9/389 · 2%] idx=559: ✅REAL max=0.440 (48380ms) ETA=26658s
[2026-04-27 11:45:44]   [10/389 · 3%] idx=593: ✅REAL max=0.335 (58338ms) ETA=26178s
[2026-04-27 11:46:50]   [11/389 · 3%] idx=594: ✅REAL max=0.340 (65127ms) ETA=26008s
[2026-04-27 11:47:55]   [12/389 · 3%] idx=661: ✅REAL max=0.465 (63925ms) ETA=25818s
[2026-04-27 11:48:49]   [13/389 · 3%] idx=695: ✅REAL max=0.650 (53306ms) ETA=25339s
[2026-04-27 11:49:42]   [14/389 · 4%] idx=701: ✅REAL max=0.300 (52369ms) ETA=24896s
[2026-04-27 11:50:27]   [15/389 · 4%] idx=734: ✅REAL max=0.540 (43858ms) ETA=24293s
[2026-04-27 11:51:12]   [16/389 · 4%] idx=782: ✅REAL max=0.220 (44100ms) ETA=23766s
[2026-04-27 11:52:23]   [17/389 · 4%] idx=787: ✅REAL max=0.350 (70180ms) ETA=23865s
[2026-04-27 11:53:33]   [18/389 · 5%] idx=826: ✅REAL max=0.450 (69049ms) ETA=23923s
[2026-04-27 11:54:26]   [19/389 · 5%] idx=829: ✅REAL max=0.445 (51645ms) ETA=23628s
[2026-04-27 11:55:19]   [20/389 · 5%] idx=846: ✅REAL max=0.680 (52160ms) ETA=23367s
[2026-04-27 11:55:19]   💾 [20/389] 进度已保存
[2026-04-27 11:56:00]   [21/389 · 5%] idx=853: ✅REAL max=0.400 (39297ms) ETA=22900s
[2026-04-27 11:56:59]   [22/389 · 6%] idx=914: ✅REAL max=0.435 (58835ms) ETA=22798s
[2026-04-27 11:59:06]   [23/389 · 6%] idx=942: ✅REAL max=0.350 (39907ms) ETA=23763s
[2026-04-27 11:59:42]   [24/389 · 6%] idx=950: ✅REAL max=0.670 (34830ms) ETA=23256s
[2026-04-27 12:00:24]   [25/389 · 6%] idx=982: ✅REAL max=0.530 (41393ms) ETA=22882s
[2026-04-27 12:01:02]   [26/389 · 7%] idx=986: ✅REAL max=0.450 (36892ms) ETA=22470s
[2026-04-27 12:01:36]   [27/389 · 7%] idx=992: ✅REAL max=0.450 (33171ms) ETA=22037s
[2026-04-27 12:02:27]   [28/389 · 7%] idx=1017: ✅REAL max=0.490 (49099ms) ETA=21837s
[2026-04-27 12:03:01]   [29/389 · 7%] idx=1042: ✅REAL max=0.450 (33836ms) ETA=21458s
[2026-04-27 12:03:47]   [30/389 · 8%] idx=1058: ✅REAL max=0.450 (44443ms) ETA=21229s
[2026-04-27 12:04:51]   [31/389 · 8%] idx=1067: ✅REAL max=0.280 (63177ms) ETA=21228s
[2026-04-27 12:05:23]   [32/389 · 8%] idx=1109: ✅REAL max=0.700 (30816ms) ETA=20862s
[2026-04-27 12:06:20]   [33/389 · 8%] idx=1118: ✅REAL max=0.600 (55757ms) ETA=20786s
[2026-04-27 12:06:59]   [34/389 · 9%] idx=1161: ✅REAL max=0.380 (38663ms) ETA=20532s
[2026-04-27 12:07:45]   [35/389 · 9%] idx=1184: ✅REAL max=0.605 (44495ms) ETA=20349s
[2026-04-27 12:09:32]   [36/389 · 9%] idx=1189: ✅REAL max=0.500 (105796ms) ETA=20775s
[2026-04-27 12:10:26]   [37/389 · 10%] idx=1194: ✅REAL max=0.480 (53478ms) ETA=20675s
[2026-04-27 12:11:26]   [38/389 · 10%] idx=1204: ✅REAL max=0.450 (58542ms) ETA=20624s
[2026-04-27 12:12:40]   [39/389 · 10%] idx=1278: ✅REAL max=0.540 (73102ms) ETA=20703s
[2026-04-27 12:17:01]   [40/389 · 10%] idx=1318: ✅REAL max=0.300 (188553ms) ETA=22411s
[2026-04-27 12:17:01]   💾 [40/389] 进度已保存
[2026-04-27 12:17:47]   [41/389 · 11%] idx=1320: ✅REAL max=0.430 (44313ms) ETA=22186s
[2026-04-27 12:20:29]   [42/389 · 11%] idx=1330: ✅REAL max=0.400 (43805ms) ETA=22933s
[2026-04-27 12:21:06]   [43/389 · 11%] idx=1394: ✅REAL max=0.200 (36142ms) ETA=22634s
[2026-04-27 12:21:40]   [44/389 · 11%] idx=1483: ✅REAL max=0.200 (33350ms) ETA=22325s
[2026-04-27 12:22:28]   [45/389 · 12%] idx=1484: ✅REAL max=0.370 (47252ms) ETA=22135s
[2026-04-27 12:23:18]   [46/389 · 12%] idx=1487: ✅REAL max=0.400 (49002ms) ETA=21963s
[2026-04-27 12:25:34]   [47/389 · 12%] idx=1524: ✅REAL max=0.700 (56777ms) ETA=22417s
[2026-04-27 12:26:37]   [48/389 · 12%] idx=1528: ✅REAL max=0.550 (62181ms) ETA=22335s
[2026-04-27 12:27:34]   [49/389 · 13%] idx=1537: ✅REAL max=0.240 (56208ms) ETA=22212s
[2026-04-27 12:28:27]   [50/389 · 13%] idx=1566: ✅REAL max=0.550 (52205ms) ETA=22064s
[2026-04-27 12:31:31]   [51/389 · 13%] idx=1591: ✅REAL max=0.450 (183202ms) ETA=22789s
[2026-04-27 12:32:13]   [52/389 · 13%] idx=1628: ✅REAL max=0.300 (40888ms) ETA=22556s
[2026-04-27 12:32:56]   [53/389 · 14%] idx=1638: ✅REAL max=0.860 (41272ms) ETA=22333s
[2026-04-27 12:33:59]   [54/389 · 14%] idx=1665: ✅REAL max=0.550 (62584ms) ETA=22248s
[2026-04-27 12:34:58]   [55/389 · 14%] idx=1683: ✅REAL max=0.420 (58109ms) ETA=22138s
[2026-04-27 12:35:42]   [56/389 · 14%] idx=1724: ✅REAL max=0.365 (42814ms) ETA=21938s
[2026-04-27 12:36:38]   [57/389 · 15%] idx=1746: ✅REAL max=0.430 (54628ms) ETA=21812s
[2026-04-27 12:37:12]   [58/389 · 15%] idx=1757: ✅REAL max=0.450 (33180ms) ETA=21567s
[2026-04-27 12:37:44]   [59/389 · 15%] idx=1761: ✅REAL max=0.250 (31338ms) ETA=21318s
[2026-04-27 12:38:29]   [60/389 · 15%] idx=1774: ✅REAL max=0.220 (43941ms) ETA=21146s
[2026-04-27 12:38:29]   💾 [60/389] 进度已保存
[2026-04-27 12:39:04]   [61/389 · 16%] idx=1777: ✅REAL max=0.300 (33426ms) ETA=20921s
[2026-04-27 12:39:53]   [62/389 · 16%] idx=1812: ✅REAL max=0.200 (48753ms) ETA=20783s
[2026-04-27 12:40:47]   [63/389 · 16%] idx=1818: ✅REAL max=0.300 (52687ms) ETA=20669s
[2026-04-27 12:41:23]   [64/389 · 16%] idx=1840: ✅REAL max=0.340 (35044ms) ETA=20466s
[2026-04-27 12:43:21]   [65/389 · 17%] idx=1895: ✅REAL max=0.450 (57616ms) ETA=20676s
[2026-04-27 12:45:25]   [66/389 · 17%] idx=1935: ✅REAL max=0.300 (39916ms) ETA=20907s
[2026-04-27 12:46:05]   [67/389 · 17%] idx=1957: ✅REAL max=0.668 (38977ms) ETA=20723s
[2026-04-27 12:46:48]   [68/389 · 17%] idx=1966: ✅REAL max=0.450 (41995ms) ETA=20558s
[2026-04-27 12:47:39]   [69/389 · 18%] idx=1981: ✅REAL max=0.300 (50247ms) ETA=20435s
[2026-04-27 12:48:09]   [70/389 · 18%] idx=1992: ✅REAL max=0.540 (29448ms) ETA=20218s
[2026-04-27 12:49:06]   [71/389 · 18%] idx=2038: ✅REAL max=0.290 (55448ms) ETA=20124s
[2026-04-27 12:51:27]   [72/389 · 19%] idx=2046: ✅REAL max=0.450 (59142ms) ETA=20403s
[2026-04-27 12:52:25]   [73/389 · 19%] idx=2075: ✅REAL max=0.430 (57302ms) ETA=20313s
[2026-04-27 12:53:40]   [74/389 · 19%] idx=2142: ✅REAL max=0.255 (74054ms) ETA=20294s
[2026-04-27 12:54:45]   [75/389 · 19%] idx=2174: ✅REAL max=0.300 (63441ms) ETA=20230s
[2026-04-27 12:55:29]   [76/389 · 20%] idx=2189: ✅REAL max=0.310 (43268ms) ETA=20082s
[2026-04-27 12:56:15]   [77/389 · 20%] idx=2203: ✅REAL max=0.350 (45282ms) ETA=19946s
[2026-04-27 12:57:39]   [78/389 · 20%] idx=2248: ✅REAL max=0.400 (82294ms) ETA=19959s
[2026-04-27 12:58:32]   [79/389 · 20%] idx=2289: ✅REAL max=0.710 (52123ms) ETA=19852s
[2026-04-27 12:59:08]   [80/389 · 21%] idx=2291: ✅REAL max=0.550 (35152ms) ETA=19680s
[2026-04-27 12:59:08]   💾 [80/389] 进度已保存
[2026-04-27 12:59:49]   [81/389 · 21%] idx=2402: ✅REAL max=0.450 (40458ms) ETA=19532s
[2026-04-27 13:00:22]   [82/389 · 21%] idx=2437: ✅REAL max=0.535 (31986ms) ETA=19354s
[2026-04-27 13:01:07]   [83/389 · 21%] idx=2446: ✅REAL max=0.400 (43447ms) ETA=19223s
[2026-04-27 13:01:53]   [84/389 · 22%] idx=2487: ✅REAL max=0.400 (44733ms) ETA=19098s
[2026-04-27 13:11:59] [Proc 16] 启动，80秒后开始（避免并发冲突）
[2026-04-27 13:13:19] [数据] 从缓存加载: X_tr=/home/fandy/workplace/thesis/results/soft_labels/kuhar_X_tr.npy
[2026-04-27 13:13:19] [Proc 16] 类 16 (Stair-down): 2410样本, 目标400, 已有95, 需生成305
[2026-04-27 13:14:00]   [1/305 · 0%] idx=2507: ✅REAL max=0.350 (40590ms) ETA=12339s
[2026-04-27 13:15:09]   [2/305 · 1%] idx=2542: ✅REAL max=0.560 (68045ms) ETA=16610s
[2026-04-27 13:15:53]   [3/305 · 1%] idx=2607: ✅REAL max=0.350 (43537ms) ETA=15521s
[2026-04-27 13:16:31]   [4/305 · 1%] idx=2611: ✅REAL max=0.300 (36674ms) ETA=14438s
[2026-04-27 13:17:29]   [5/305 · 2%] idx=2630: ✅REAL max=0.300 (56723ms) ETA=14975s
[2026-04-27 13:18:07]   [6/305 · 2%] idx=2665: ✅REAL max=0.170 (36775ms) ETA=14321s
[2026-04-27 13:18:58]   [7/305 · 2%] idx=2666: ✅REAL max=0.650 (50774ms) ETA=14438s
[2026-04-27 13:20:03]   [8/305 · 3%] idx=2704: ✅REAL max=0.350 (64090ms) ETA=15008s
[2026-04-27 13:20:33]   [9/305 · 3%] idx=2752: ✅REAL max=0.780 (28941ms) ETA=14280s
[2026-04-27 13:22:08]   [10/305 · 3%] idx=2762: ✅REAL max=0.450 (93731ms) ETA=15603s
[2026-04-27 13:23:06]   [11/305 · 4%] idx=2783: ✅REAL max=0.720 (57283ms) ETA=15695s
[2026-04-27 13:24:29]   [12/305 · 4%] idx=2795: ✅REAL max=0.550 (81217ms) ETA=16345s
[2026-04-27 13:25:11]   [13/305 · 4%] idx=2804: ✅REAL max=0.420 (41001ms) ETA=15980s
[2026-04-27 13:26:06]   [14/305 · 5%] idx=2837: ✅REAL max=0.158 (54752ms) ETA=15947s
[2026-04-27 13:27:09]   [15/305 · 5%] idx=2856: ✅REAL max=0.440 (61813ms) ETA=16047s
[2026-04-27 13:28:04]   [16/305 · 5%] idx=2926: ✅REAL max=0.437 (53482ms) ETA=15976s
[2026-04-27 13:28:36]   [17/305 · 6%] idx=2938: ✅REAL max=0.450 (31611ms) ETA=15537s
[2026-04-27 13:31:02]   [18/305 · 6%] idx=2994: ✅REAL max=0.452 (44876ms) ETA=16951s
[2026-04-27 13:31:49]   [19/305 · 6%] idx=3013: ✅REAL max=0.300 (46065ms) ETA=16712s
[2026-04-27 13:32:47]   [20/305 · 7%] idx=3053: ✅REAL max=0.450 (56598ms) ETA=16641s
[2026-04-27 13:32:47]   💾 [20/305] 进度已保存
[2026-04-27 13:33:37]   [21/305 · 7%] idx=3054: ✅REAL max=0.550 (48929ms) ETA=16469s
[2026-04-27 13:34:28]   [22/305 · 7%] idx=3084: ✅REAL max=0.500 (50303ms) ETA=16325s
[2026-04-27 13:35:32]   [23/305 · 8%] idx=3103: ✅REAL max=0.530 (62997ms) ETA=16344s
[2026-04-27 13:36:29]   [24/305 · 8%] idx=3137: ✅REAL max=0.350 (55443ms) ETA=16269s
[2026-04-27 13:37:36]   [25/305 · 8%] idx=3143: ✅REAL max=0.440 (66287ms) ETA=16316s
[2026-04-27 13:38:16]   [26/305 · 9%] idx=3157: ✅REAL max=0.700 (39440ms) ETA=16067s
[2026-04-27 13:39:07]   [27/305 · 9%] idx=3182: ✅REAL max=0.450 (49301ms) ETA=15934s
[2026-04-27 13:39:40]   [28/305 · 9%] idx=3212: ✅REAL max=0.437 (32655ms) ETA=15643s
[2026-04-27 13:40:44]   [29/305 · 10%] idx=3233: ✅REAL max=0.350 (62719ms) ETA=15655s
[2026-04-27 13:43:29]   [30/305 · 10%] idx=3246: ✅REAL max=0.480 (163470ms) ETA=16586s
[2026-04-27 13:44:41]   [31/305 · 10%] idx=3275: ✅REAL max=0.350 (71408ms) ETA=16633s
[2026-04-27 13:45:46]   [32/305 · 10%] idx=3336: ✅REAL max=0.550 (64474ms) ETA=16613s
[2026-04-27 13:46:55]   [33/305 · 11%] idx=3344: ✅REAL max=0.360 (67225ms) ETA=16613s
[2026-04-27 13:47:42]   [34/305 · 11%] idx=3376: ✅REAL max=0.633 (46296ms) ETA=16442s
[2026-04-27 13:52:25]   [35/305 · 11%] idx=3456: ✅REAL max=0.348 (84140ms) ETA=18100s
[2026-04-27 13:53:13]   [36/305 · 12%] idx=3465: ✅REAL max=0.450 (46980ms) ETA=17891s
[2026-04-27 13:54:28]   [37/305 · 12%] idx=3536: ✅REAL max=0.400 (73754ms) ETA=17884s
[2026-04-27 13:55:26]   [38/305 · 12%] idx=3544: ✅REAL max=0.450 (56818ms) ETA=17755s
[2026-04-27 13:56:43]   [39/305 · 13%] idx=3575: ✅REAL max=0.556 (76435ms) ETA=17763s
[2026-04-27 13:57:37]   [40/305 · 13%] idx=3625: ✅REAL max=0.350 (52972ms) ETA=17611s
[2026-04-27 13:57:37]   💾 [40/305] 进度已保存
[2026-04-27 13:58:13]   [41/305 · 13%] idx=3653: ✅REAL max=0.350 (34933ms) ETA=17348s
[2026-04-27 13:59:17]   [42/305 · 14%] idx=3659: ✅REAL max=0.300 (62601ms) ETA=17269s
[2026-04-27 14:00:18]   [43/305 · 14%] idx=3703: ✅REAL max=0.240 (59880ms) ETA=17175s
[2026-04-27 14:01:40]   [44/305 · 14%] idx=3704: ✅REAL max=0.550 (81133ms) ETA=17208s
[2026-04-27 14:03:01]   [45/305 · 15%] idx=3714: ✅REAL max=0.590 (80048ms) ETA=17229s
[2026-04-27 14:04:39]   [46/305 · 15%] idx=3761: ✅REAL max=0.400 (96967ms) ETA=17341s
[2026-04-27 14:05:27]   [47/305 · 15%] idx=3782: ✅REAL max=0.500 (47391ms) ETA=17172s
[2026-04-27 14:06:18]   [48/305 · 16%] idx=3809: ✅REAL max=0.230 (49747ms) ETA=17021s
[2026-04-27 14:07:06]   [49/305 · 16%] idx=3813: ✅REAL max=0.210 (46458ms) ETA=16857s
[2026-04-27 14:07:45]   [50/305 · 16%] idx=3840: ✅REAL max=0.750 (38410ms) ETA=16656s
[2026-04-27 14:08:38]   [51/305 · 17%] idx=3846: ✅REAL max=0.350 (51447ms) ETA=16527s
[2026-04-27 14:09:20]   [52/305 · 17%] idx=3857: ✅REAL max=0.200 (41655ms) ETA=16353s
[2026-04-27 14:10:03]   [53/305 · 17%] idx=3924: ✅REAL max=0.340 (41399ms) ETA=16182s
[2026-04-27 14:11:10]   [54/305 · 18%] idx=3979: ✅REAL max=0.280 (66294ms) ETA=16133s
[2026-04-27 14:11:58]   [55/305 · 18%] idx=4029: ✅REAL max=0.250 (47396ms) ETA=15996s
[2026-04-27 14:13:05]   [56/305 · 18%] idx=4062: ✅REAL max=0.650 (65939ms) ETA=15945s
[2026-04-27 14:14:07]   [57/305 · 19%] idx=4072: ✅REAL max=0.310 (60489ms) ETA=15870s
[2026-04-27 14:15:12]   [58/305 · 19%] idx=4129: ✅REAL max=0.240 (64257ms) ETA=15812s
[2026-04-27 14:18:09]   [59/305 · 19%] idx=4155: ✅REAL max=0.350 (176182ms) ETA=16220s
[2026-04-27 14:18:50]   [60/305 · 20%] idx=4186: ✅REAL max=0.370 (39746ms) ETA=16051s
[2026-04-27 14:18:50]   💾 [60/305] 进度已保存
[2026-04-27 14:19:44]   [61/305 · 20%] idx=4224: ✅REAL max=0.838 (53501ms) ETA=15941s
[2026-04-27 14:20:51]   [62/305 · 20%] idx=4242: ✅REAL max=0.500 (65174ms) ETA=15879s
[2026-04-27 14:21:54]   [63/305 · 21%] idx=4273: ✅REAL max=0.670 (62761ms) ETA=15808s
[2026-04-27 14:23:40]   [64/305 · 21%] idx=4306: ✅REAL max=0.391 (104374ms) ETA=15893s
[2026-04-27 14:24:28]   [65/305 · 21%] idx=4334: ✅REAL max=0.550 (46826ms) ETA=15760s
[2026-04-27 14:25:11]   [66/305 · 22%] idx=4345: ✅REAL max=0.400 (42099ms) ETA=15613s
[2026-04-27 14:26:45]   [67/305 · 22%] idx=4358: ✅REAL max=0.560 (93105ms) ETA=15650s
[2026-04-27 14:29:24]   [68/305 · 22%] idx=4386: ✅REAL max=0.248 (78189ms) ETA=15910s
[2026-04-27 14:29:56]   [69/305 · 23%] idx=4410: ✅REAL max=0.350 (30806ms) ETA=15722s
[2026-04-27 14:32:40]   [70/305 · 23%] idx=4426: ✅REAL max=0.396 (67543ms) ETA=15984s
[2026-04-27 14:33:53]   [71/305 · 23%] idx=4478: ✅REAL max=0.400 (71856ms) ETA=15932s
[2026-04-27 14:35:47]   [72/305 · 24%] idx=4485: ✅REAL max=0.300 (113065ms) ETA=16013s
[2026-04-27 14:36:58]   [73/305 · 24%] idx=4512: ✅REAL max=0.293 (70193ms) ETA=15952s
[2026-04-27 14:38:15]   [74/305 · 24%] idx=4543: ✅REAL max=0.245 (75789ms) ETA=15908s
[2026-04-27 14:39:35]   [75/305 · 25%] idx=4574: ✅REAL max=0.350 (79194ms) ETA=15874s
[2026-04-27 14:40:38]   [76/305 · 25%] idx=4591: ✅REAL max=0.700 (61414ms) ETA=15785s
[2026-04-27 14:43:43]   [77/305 · 25%] idx=4653: ✅REAL max=0.480 (184019ms) ETA=16060s
[2026-04-27 14:44:46]   [78/305 · 26%] idx=4661: ✅REAL max=0.350 (62352ms) ETA=15969s
[2026-04-27 14:45:55]   [79/305 · 26%] idx=4682: ✅REAL max=0.800 (67683ms) ETA=15894s
[2026-04-27 14:49:34]   [80/305 · 26%] idx=4699: ✅REAL max=0.300 (79709ms) ETA=16242s
[2026-04-27 14:49:34]   💾 [80/305] 进度已保存
[2026-04-27 14:50:14]   [81/305 · 27%] idx=4765: ✅REAL max=0.380 (38887ms) ETA=16081s
[2026-04-27 14:51:26]   [82/305 · 27%] idx=4777: ✅REAL max=0.350 (70547ms) ETA=16008s
[2026-04-27 14:52:14]   [83/305 · 27%] idx=4779: ✅REAL max=0.550 (47211ms) ETA=15874s
[2026-04-27 14:53:25]   [84/305 · 28%] idx=4785: ✅REAL max=0.450 (70473ms) ETA=15802s
[2026-04-27 14:54:48]   [85/305 · 28%] idx=4800: ✅REAL max=0.530 (81639ms) ETA=15759s
[2026-04-27 14:56:00]   [86/305 · 28%] idx=4832: ✅REAL max=0.230 (71016ms) ETA=15689s
[2026-04-27 14:57:08]   [87/305 · 29%] idx=4839: ✅REAL max=0.450 (66823ms) ETA=15607s
[2026-04-27 14:58:23]   [88/305 · 29%] idx=4882: ✅REAL max=0.500 (73809ms) ETA=15544s
[2026-04-27 14:59:20]   [89/305 · 29%] idx=4928: ✅REAL max=0.550 (56378ms) ETA=15438s
[2026-04-27 15:01:26]   [90/305 · 30%] idx=4963: ✅REAL max=0.550 (51313ms) ETA=15496s
[2026-04-27 15:02:09]   [91/305 · 30%] idx=4975: ✅REAL max=0.400 (42043ms) ETA=15356s
[2026-04-27 15:03:07]   [92/305 · 30%] idx=5022: ✅REAL max=0.300 (57304ms) ETA=15253s
[2026-04-27 15:04:16]   [93/305 · 30%] idx=5065: ✅REAL max=0.420 (67416ms) ETA=15174s
[2026-04-27 15:05:14]   [94/305 · 31%] idx=5085: ✅REAL max=0.450 (57163ms) ETA=15073s
[2026-04-27 15:06:13]   [95/305 · 31%] idx=5093: ✅REAL max=0.250 (58095ms) ETA=14974s
[2026-04-27 15:07:00]   [96/305 · 31%] idx=5133: ✅REAL max=0.450 (46166ms) ETA=14850s
[2026-04-27 15:08:34]   [97/305 · 32%] idx=5192: ✅REAL max=0.449 (92995ms) ETA=14828s
[2026-04-27 15:09:55]   [98/305 · 32%] idx=5247: ✅REAL max=0.423 (80239ms) ETA=14778s
[2026-04-27 15:10:52]   [99/305 · 32%] idx=5254: ✅REAL max=0.330 (55845ms) ETA=14676s
[2026-04-27 15:11:37]   [100/305 · 33%] idx=5361: ✅REAL max=0.465 (43468ms) ETA=14550s
[2026-04-27 15:11:37]   💾 [100/305] 进度已保存
[2026-04-27 15:13:03]   [101/305 · 33%] idx=5400: ✅REAL max=0.284 (85105ms) ETA=14510s
[2026-04-27 15:14:36]   [102/305 · 33%] idx=5461: ✅REAL max=0.350 (92327ms) ETA=14483s
[2026-04-27 15:15:08]   [103/305 · 34%] idx=5465: ✅REAL max=0.446 (30299ms) ETA=14333s
[2026-04-27 15:17:38]   [104/305 · 34%] idx=5472: ✅REAL max=0.430 (62596ms) ETA=14415s
[2026-04-27 15:18:45]   [105/305 · 34%] idx=5494: ✅REAL max=0.286 (66437ms) ETA=14336s
[2026-04-27 15:19:39]   [106/305 · 35%] idx=5566: ✅REAL max=0.430 (52818ms) ETA=14230s
[2026-04-27 15:20:56]   [107/305 · 35%] idx=5602: ✅REAL max=0.700 (75584ms) ETA=14168s
[2026-04-27 15:22:10]   [108/305 · 35%] idx=5617: ✅REAL max=0.420 (73240ms) ETA=14102s
[2026-04-27 15:23:08]   [109/305 · 36%] idx=5647: ✅REAL max=0.450 (57495ms) ETA=14006s
[2026-04-27 15:24:13]   [110/305 · 36%] idx=5667: ✅REAL max=0.360 (63417ms) ETA=13923s
[2026-04-27 15:24:54]   [111/305 · 36%] idx=5681: ✅REAL max=0.415 (40021ms) ETA=13798s
[2026-04-27 15:27:40]   [112/305 · 37%] idx=5696: ✅REAL max=0.300 (164649ms) ETA=13890s
[2026-04-27 15:28:29]   [113/305 · 37%] idx=5713: ✅REAL max=0.300 (48831ms) ETA=13780s
[2026-04-27 15:29:33]   [114/305 · 37%] idx=5731: ✅REAL max=0.330 (63046ms) ETA=13696s
[2026-04-27 15:31:12]   [115/305 · 38%] idx=5770: ✅REAL max=0.460 (97968ms) ETA=13669s
[2026-04-27 15:32:12]   [116/305 · 38%] idx=5810: ✅REAL max=0.145 (58769ms) ETA=13577s
[2026-04-27 15:33:50]   [117/305 · 38%] idx=5856: ✅REAL max=0.300 (96789ms) ETA=13547s
[2026-04-27 15:35:18]   [118/305 · 39%] idx=5865: ✅REAL max=0.250 (86620ms) ETA=13500s
[2026-04-27 15:36:30]   [119/305 · 39%] idx=5872: ✅REAL max=0.240 (71831ms) ETA=13428s
[2026-04-27 15:37:32]   [120/305 · 39%] idx=5910: ✅REAL max=0.800 (60340ms) ETA=13339s
[2026-04-27 15:37:32]   💾 [120/305] 进度已保存
[2026-04-27 15:38:42]   [121/305 · 40%] idx=5944: ✅REAL max=0.640 (68977ms) ETA=13264s
[2026-04-27 15:39:50]   [122/305 · 40%] idx=5947: ✅REAL max=0.550 (67526ms) ETA=13187s
[2026-04-27 15:40:37]   [123/305 · 40%] idx=5970: ✅REAL max=0.300 (45795ms) ETA=13077s
[2026-04-27 15:41:09]   [124/305 · 41%] idx=5995: ✅REAL max=0.580 (31245ms) ETA=12948s
[2026-04-27 15:42:02]   [125/305 · 41%] idx=6015: ✅REAL max=0.571 (51809ms) ETA=12849s
[2026-04-27 15:45:17]   [126/305 · 41%] idx=6069: ✅REAL max=0.560 (194176ms) ETA=12954s
[2026-04-27 15:46:07]   [127/305 · 42%] idx=6075: ✅REAL max=0.330 (48662ms) ETA=12849s
[2026-04-27 15:46:57]   [128/305 · 42%] idx=6080: ✅REAL max=0.620 (49170ms) ETA=12747s
[2026-04-27 15:48:15]   [129/305 · 42%] idx=6127: ✅REAL max=0.250 (77204ms) ETA=12683s
[2026-04-27 15:49:10]   [130/305 · 43%] idx=6153: ✅REAL max=0.580 (53531ms) ETA=12588s
[2026-04-27 15:49:58]   [131/305 · 43%] idx=6170: ✅REAL max=0.410 (47074ms) ETA=12484s
[2026-04-27 15:51:16]   [132/305 · 43%] idx=6217: ✅REAL max=0.450 (77019ms) ETA=12420s
[2026-04-27 15:52:17]   [133/305 · 44%] idx=6227: ✅REAL max=0.579 (59937ms) ETA=12335s
[2026-04-27 15:54:12]   [134/305 · 44%] idx=6283: ✅REAL max=0.350 (39619ms) ETA=12318s
[2026-04-27 15:54:42]   [135/305 · 44%] idx=6299: ✅REAL max=0.350 (28717ms) ETA=12193s
[2026-04-27 15:55:53]   [136/305 · 45%] idx=6302: ✅REAL max=0.450 (70150ms) ETA=12121s
[2026-04-27 15:56:59]   [137/305 · 45%] idx=6305: ✅REAL max=0.373 (64669ms) ETA=12042s
[2026-04-27 15:58:04]   [138/305 · 45%] idx=6306: ✅REAL max=0.800 (63871ms) ETA=11962s
[2026-04-27 15:58:56]   [139/305 · 46%] idx=6329: ✅REAL max=0.240 (51823ms) ETA=11868s
[2026-04-27 15:59:29]   [140/305 · 46%] idx=6353: ✅REAL max=0.610 (31200ms) ETA=11750s
[2026-04-27 15:59:29]   💾 [140/305] 进度已保存
[2026-04-27 16:00:16]   [141/305 · 46%] idx=6365: ✅REAL max=0.550 (46721ms) ETA=11651s
[2026-04-27 16:01:41]   [142/305 · 47%] idx=6371: ✅REAL max=0.330 (83615ms) ETA=11596s
[2026-04-27 16:02:28]   [143/305 · 47%] idx=6372: ✅REAL max=0.520 (46319ms) ETA=11498s
[2026-04-27 16:03:33]   [144/305 · 47%] idx=6388: ✅REAL max=0.350 (64019ms) ETA=11420s
[2026-04-27 16:04:43]   [145/305 · 48%] idx=6389: ✅REAL max=0.860 (68527ms) ETA=11348s
[2026-04-27 16:05:48]   [146/305 · 48%] idx=6397: ✅REAL max=0.310 (64431ms) ETA=11271s
[2026-04-27 16:07:38]   [147/305 · 48%] idx=6446: ✅REAL max=0.450 (108350ms) ETA=11241s
[2026-04-27 16:08:41]   [148/305 · 49%] idx=6457: ✅REAL max=0.420 (62216ms) ETA=11162s
[2026-04-27 16:09:43]   [149/305 · 49%] idx=6477: ✅REAL max=0.350 (61417ms) ETA=11081s
[2026-04-27 16:11:21]   [150/305 · 49%] idx=6485: ✅REAL max=0.395 (97057ms) ETA=11038s
[2026-04-27 16:12:11]   [151/305 · 50%] idx=6508: ✅REAL max=0.350 (48360ms) ETA=10945s
[2026-04-27 16:13:24]   [152/305 · 50%] idx=6549: ✅REAL max=0.520 (71861ms) ETA=10876s
[2026-04-27 16:14:25]   [153/305 · 50%] idx=6562: ✅REAL max=0.594 (60544ms) ETA=10795s
[2026-04-27 16:15:07]   [154/305 · 50%] idx=6573: ✅REAL max=0.300 (41264ms) ETA=10696s
[2026-04-27 16:16:25]   [155/305 · 51%] idx=6577: ✅REAL max=0.303 (76723ms) ETA=10632s
[2026-04-27 16:17:20]   [156/305 · 51%] idx=6578: ✅REAL max=0.300 (54215ms) ETA=10546s
[2026-04-27 16:19:06]   [157/305 · 51%] idx=6591: ✅REAL max=0.440 (104398ms) ETA=10508s
[2026-04-27 16:19:53]   [158/305 · 52%] idx=6621: ✅REAL max=0.570 (46279ms) ETA=10415s
[2026-04-27 16:21:05]   [159/305 · 52%] idx=6665: ✅REAL max=0.330 (70463ms) ETA=10344s
[2026-04-27 16:21:52]   [160/305 · 52%] idx=6671: ✅REAL max=0.200 (46560ms) ETA=10252s
[2026-04-27 16:21:52]   💾 [160/305] 进度已保存
[2026-04-27 16:22:36]   [161/305 · 53%] idx=6683: ✅REAL max=0.400 (42867ms) ETA=10158s
[2026-04-27 16:23:57]   [162/305 · 53%] idx=6693: ✅REAL max=0.280 (80150ms) ETA=10096s
[2026-04-27 16:26:02]   [163/305 · 53%] idx=6698: ✅REAL max=0.740 (40586ms) ETA=10073s
[2026-04-27 16:26:59]   [164/305 · 54%] idx=6750: ✅REAL max=0.500 (56535ms) ETA=9990s
[2026-04-27 16:28:07]   [165/305 · 54%] idx=6811: ✅REAL max=0.430 (66593ms) ETA=9917s
[2026-04-27 16:29:13]   [166/305 · 54%] idx=6817: ✅REAL max=0.310 (65443ms) ETA=9842s
[2026-04-27 16:30:22]   [167/305 · 55%] idx=6869: ✅REAL max=0.540 (67436ms) ETA=9770s
[2026-04-27 16:31:20]   [168/305 · 55%] idx=6909: ✅REAL max=0.340 (57308ms) ETA=9689s
[2026-04-27 16:31:59]   [169/305 · 55%] idx=6927: ✅REAL max=0.500 (37555ms) ETA=9592s
[2026-04-27 16:33:12]   [170/305 · 56%] idx=6968: ✅REAL max=0.280 (72363ms) ETA=9524s
[2026-04-27 16:34:33]   [171/305 · 56%] idx=6978: ✅REAL max=0.300 (76860ms) ETA=9461s
[2026-04-27 16:50:24] [Proc 16] 启动，80秒后开始（避免并发冲突）
[2026-04-27 16:51:44] [数据] 从缓存加载: X_tr=/home/fandy/workplace/thesis/results/soft_labels/kuhar_X_tr.npy
[2026-04-27 16:51:44] [Proc 16] 类 16 (Stair-down): 2410样本, 目标400, 已有266, 需生成134
[2026-04-27 16:52:30]   [1/134 · 1%] idx=6984: ✅REAL max=0.631 (45979ms) ETA=6115s
[2026-04-27 16:53:23]   [2/134 · 1%] idx=7049: ✅REAL max=0.350 (52402ms) ETA=6559s
[2026-04-27 16:55:15]   [3/134 · 2%] idx=7058: ✅REAL max=0.455 (110578ms) ETA=9212s
[2026-04-27 16:56:28]   [4/134 · 3%] idx=7079: ✅REAL max=0.500 (72255ms) ETA=9237s
[2026-04-27 16:57:48]   [5/134 · 4%] idx=7083: ✅REAL max=0.505 (79318ms) ETA=9405s
[2026-04-27 16:59:16]   [6/134 · 4%] idx=7089: ✅REAL max=0.300 (86902ms) ETA=9652s
[2026-04-27 17:00:52]   [7/134 · 5%] idx=7096: ✅REAL max=0.650 (95066ms) ETA=9952s
[2026-04-27 17:01:50]   [8/134 · 6%] idx=7098: ✅REAL max=0.400 (56431ms) ETA=9544s
[2026-04-27 17:02:50]   [9/134 · 7%] idx=7129: ✅REAL max=0.320 (59107ms) ETA=9251s
[2026-04-27 17:04:03]   [10/134 · 7%] idx=7132: ✅REAL max=0.576 (71837ms) ETA=9163s
[2026-04-27 17:04:51]   [11/134 · 8%] idx=7136: ✅REAL max=0.545 (46827ms) ETA=8797s
[2026-04-27 17:06:02]   [12/134 · 9%] idx=7161: ✅REAL max=0.133 (70069ms) ETA=8721s
[2026-04-27 17:07:07]   [13/134 · 10%] idx=7203: ✅REAL max=0.280 (64420ms) ETA=8593s
[2026-04-27 19:02:53] [Proc 16] 启动，80秒后开始（避免并发冲突）
[2026-04-27 19:04:26] [数据] 从缓存加载: X_tr=/home/fandy/workplace/thesis/results/soft_labels/kuhar_X_tr.npy
[2026-04-27 20:48:45] [Proc 16] 启动，80秒后开始（避免并发冲突）
[2026-04-27 20:50:09] [数据] 从缓存加载: X_tr=/home/fandy/workplace/thesis/results/soft_labels/kuhar_X_tr.npy
[2026-04-27 20:51:54] [Proc 16] 启动，80秒后开始（避免并发冲突）
[2026-04-27 20:53:14] [数据] 从缓存加载: X_tr=/home/fandy/workplace/thesis/results/soft_labels/kuhar_X_tr.npy
[2026-04-27 20:53:14] [Proc 16] 类 16 (Stair-down): 2410样本, 目标400, 已有279, 需生成121
[2026-04-27 20:54:28]   [1/121 · 1%] idx=7204: ✅REAL max=0.500 (74626ms) ETA=8955s
[2026-04-27 20:55:38]   [2/121 · 2%] idx=7266: ✅REAL max=0.350 (68178ms) ETA=8557s
[2026-04-27 20:56:28]   [3/121 · 2%] idx=7267: ✅REAL max=0.400 (49077ms) ETA=7626s
[2026-04-27 20:57:10]   [4/121 · 3%] idx=7319: ✅REAL max=0.400 (41687ms) ETA=6920s
[2026-04-27 20:58:05]   [5/121 · 4%] idx=7329: ✅REAL max=0.340 (53624ms) ETA=6756s
[2026-04-27 20:59:04]   [6/121 · 5%] idx=7337: ✅REAL max=0.500 (57817ms) ETA=6709s
[2026-04-27 20:59:37]   [7/121 · 6%] idx=7342: ✅REAL max=0.657 (32386ms) ETA=6244s
[2026-04-27 21:00:16]   [8/121 · 7%] idx=7424: ✅REAL max=0.413 (37789ms) ETA=5964s
[2026-04-27 21:00:51]   [9/121 · 7%] idx=7441: ✅REAL max=0.370 (33726ms) ETA=5686s
[2026-04-27 21:01:38]   [10/121 · 8%] idx=7455: ✅REAL max=0.639 (45971ms) ETA=5594s
[2026-04-27 21:02:34]   [11/121 · 9%] idx=7515: ✅REAL max=0.500 (55092ms) ETA=5600s
[2026-04-27 21:04:46]   [12/121 · 10%] idx=7524: ✅REAL max=0.350 (58463ms) ETA=6285s
[2026-04-27 21:05:47]   [13/121 · 11%] idx=7567: ✅REAL max=0.410 (60724ms) ETA=6261s
[2026-04-27 21:06:28]   [14/121 · 12%] idx=7601: ✅REAL max=0.300 (39322ms) ETA=6068s
[2026-04-27 21:07:07]   [15/121 · 12%] idx=7605: ✅REAL max=0.420 (38024ms) ETA=5886s
[2026-04-27 21:07:45]   [16/121 · 13%] idx=7651: ✅REAL max=0.904 (37256ms) ETA=5717s
[2026-04-27 21:09:08]   [17/121 · 14%] idx=7679: ✅REAL max=0.290 (82196ms) ETA=5839s
[2026-04-27 21:09:50]   [18/121 · 15%] idx=7704: ✅REAL max=0.452 (40793ms) ETA=5701s
[2026-04-27 21:10:37]   [19/121 · 16%] idx=7705: ✅REAL max=0.600 (45939ms) ETA=5600s
[2026-04-27 21:11:37]   [20/121 · 17%] idx=7781: ✅REAL max=0.400 (59329ms) ETA=5573s
[2026-04-27 21:11:37]   💾 [20/121] 进度已保存
[2026-04-27 21:13:37]   [21/121 · 17%] idx=7817: ✅REAL max=0.149 (118303ms) ETA=5823s
[2026-04-27 21:14:16]   [22/121 · 18%] idx=7828: ✅REAL max=0.350 (38212ms) ETA=5679s
[2026-04-27 21:15:05]   [23/121 · 19%] idx=7852: ✅REAL max=0.450 (48127ms) ETA=5587s
[2026-04-27 21:16:27]   [24/121 · 20%] idx=7935: ✅REAL max=0.280 (80565ms) ETA=5629s
[2026-04-27 21:17:13]   [25/121 · 21%] idx=7963: ✅REAL max=0.300 (45951ms) ETA=5528s
[2026-04-27 21:18:13]   [26/121 · 21%] idx=7992: ✅REAL max=0.265 (58537ms) ETA=5478s
[2026-04-27 21:19:20]   [27/121 · 22%] idx=8051: ✅REAL max=0.800 (65602ms) ETA=5451s
[2026-04-27 21:20:18]   [28/121 · 23%] idx=8091: ✅REAL max=0.440 (56924ms) ETA=5393s
[2026-04-27 21:22:16]   [29/121 · 24%] idx=8115: ✅REAL max=0.657 (46835ms) ETA=5526s
[2026-04-27 21:23:06]   [30/121 · 25%] idx=8120: ✅REAL max=0.500 (49516ms) ETA=5437s
[2026-04-27 21:23:37]   [31/121 · 26%] idx=8163: ✅REAL max=0.350 (29630ms) ETA=5293s
[2026-04-27 21:24:27]   [32/121 · 26%] idx=8176: ✅REAL max=0.250 (48908ms) ETA=5209s
[2026-04-27 21:25:20]   [33/121 · 27%] idx=8181: ✅REAL max=0.700 (51684ms) ETA=5135s
[2026-04-27 21:25:53]   [34/121 · 28%] idx=8186: ✅REAL max=0.306 (31987ms) ETA=5012s
[2026-04-27 21:26:52]   [35/121 · 29%] idx=8233: ✅REAL max=0.180 (58386ms) ETA=4959s
[2026-04-27 21:27:49]   [36/121 · 30%] idx=8256: ✅REAL max=0.580 (56279ms) ETA=4900s
[2026-04-27 21:28:36]   [37/121 · 31%] idx=8287: ✅REAL max=0.560 (45870ms) ETA=4818s
[2026-04-27 21:29:17]   [38/121 · 31%] idx=8292: ✅REAL max=0.400 (40007ms) ETA=4725s
[2026-04-27 21:31:21]   [39/121 · 32%] idx=8333: ✅REAL max=0.460 (45260ms) ETA=4810s
[2026-04-27 21:32:05]   [40/121 · 33%] idx=8352: ✅REAL max=0.500 (42607ms) ETA=4721s
[2026-04-27 21:32:05]   💾 [40/121] 进度已保存
[2026-04-27 21:33:12]   [41/121 · 34%] idx=8369: ✅REAL max=0.347 (66396ms) ETA=4680s
[2026-04-27 21:33:42]   [42/121 · 35%] idx=8375: ✅REAL max=0.500 (28363ms) ETA=4567s
[2026-04-27 21:34:41]   [43/121 · 36%] idx=8381: ✅REAL max=0.590 (58085ms) ETA=4512s
[2026-04-27 21:35:39]   [44/121 · 36%] idx=8416: ✅REAL max=0.450 (56876ms) ETA=4454s
[2026-04-27 21:36:51]   [45/121 · 37%] idx=8575: ✅REAL max=0.285 (71236ms) ETA=4420s
[2026-04-27 21:37:39]   [46/121 · 38%] idx=8607: ✅REAL max=0.500 (46584ms) ETA=4345s
[2026-04-27 21:38:43]   [47/121 · 39%] idx=8644: ✅REAL max=0.700 (62922ms) ETA=4296s
[2026-04-27 21:39:18]   [48/121 · 40%] idx=8650: ✅REAL max=0.300 (34176ms) ETA=4203s
[2026-04-27 21:40:02]   [49/121 · 40%] idx=8699: ✅REAL max=0.389 (43043ms) ETA=4126s
[2026-04-27 21:40:57]   [50/121 · 41%] idx=8725: ✅REAL max=0.350 (54027ms) ETA=4065s
[2026-04-27 21:41:41]   [51/121 · 42%] idx=8731: ✅REAL max=0.590 (43520ms) ETA=3991s
[2026-04-27 21:42:30]   [52/121 · 43%] idx=8742: ✅REAL max=0.300 (47544ms) ETA=3923s
[2026-04-27 21:44:23]   [53/121 · 44%] idx=8745: ✅REAL max=0.310 (111755ms) ETA=3937s
[2026-04-27 21:45:13]   [54/121 · 45%] idx=8760: ✅REAL max=0.440 (48909ms) ETA=3870s
[2026-04-27 21:46:08]   [55/121 · 45%] idx=8828: ✅REAL max=0.540 (54795ms) ETA=3809s
[2026-04-27 21:46:52]   [56/121 · 46%] idx=8867: ✅REAL max=0.730 (43015ms) ETA=3736s
[2026-04-27 21:47:46]   [57/121 · 47%] idx=8889: ✅REAL max=0.315 (52759ms) ETA=3674s
[2026-04-27 21:48:37]   [58/121 · 48%] idx=8911: ✅REAL max=0.300 (49748ms) ETA=3610s
[2026-04-27 21:49:15]   [59/121 · 49%] idx=9030: ✅REAL max=0.400 (37295ms) ETA=3532s
[2026-04-27 21:50:11]   [60/121 · 50%] idx=9033: ✅REAL max=0.350 (54423ms) ETA=3474s
[2026-04-27 21:50:11]   💾 [60/121] 进度已保存
[2026-04-27 21:50:47]   [61/121 · 50%] idx=9046: ✅REAL max=0.390 (35100ms) ETA=3396s
[2026-04-27 21:51:20]   [62/121 · 51%] idx=9059: ✅REAL max=0.690 (32660ms) ETA=3318s
[2026-04-27 21:52:14]   [63/121 · 52%] idx=9066: ✅REAL max=0.250 (52706ms) ETA=3259s
[2026-04-27 21:53:08]   [64/121 · 53%] idx=9074: ✅REAL max=0.550 (52568ms) ETA=3201s
[2026-04-27 21:54:19]   [65/121 · 54%] idx=9080: ✅REAL max=0.350 (69842ms) ETA=3157s
[2026-04-27 21:55:05]   [66/121 · 55%] idx=9088: ✅REAL max=0.579 (45245ms) ETA=3092s
[2026-04-27 21:56:47]   [67/121 · 55%] idx=9112: ✅REAL max=0.450 (22948ms) ETA=3074s
[2026-04-27 21:57:18]   [68/121 · 56%] idx=9136: ✅REAL max=0.324 (29196ms) ETA=2996s
[2026-04-27 21:58:55]   [69/121 · 57%] idx=9210: ✅REAL max=0.303 (96719ms) ETA=2970s
[2026-04-27 21:59:27]   [70/121 · 58%] idx=9215: ✅REAL max=0.540 (30536ms) ETA=2895s
[2026-04-27 22:00:46]   [71/121 · 59%] idx=9241: ✅REAL max=0.350 (78426ms) ETA=2854s
[2026-04-27 22:02:11]   [72/121 · 60%] idx=9252: ✅REAL max=0.350 (84010ms) ETA=2816s
[2026-04-27 22:03:34]   [73/121 · 60%] idx=9266: ✅REAL max=0.400 (81558ms) ETA=2775s
[2026-04-27 22:04:22]   [74/121 · 61%] idx=9291: ✅REAL max=0.400 (46640ms) ETA=2711s
[2026-04-27 22:05:03]   [75/121 · 62%] idx=9307: ✅REAL max=0.480 (40567ms) ETA=2643s
[2026-04-27 22:05:42]   [76/121 · 63%] idx=9355: ✅REAL max=0.330 (37512ms) ETA=2574s
[2026-04-27 22:07:32]   [77/121 · 64%] idx=9386: ✅REAL max=0.500 (109250ms) ETA=2547s
[2026-04-27 22:08:31]   [78/121 · 64%] idx=9397: ✅REAL max=0.300 (58428ms) ETA=2490s
[2026-04-27 22:09:20]   [79/121 · 65%] idx=9466: ✅REAL max=0.510 (47221ms) ETA=2427s
[2026-04-27 22:10:07]   [80/121 · 66%] idx=9493: ✅REAL max=0.340 (46449ms) ETA=2364s
[2026-04-27 22:10:07]   💾 [80/121] 进度已保存
[2026-04-27 22:10:50]   [81/121 · 67%] idx=9496: ✅REAL max=0.388 (42087ms) ETA=2299s
[2026-04-27 22:12:13]   [82/121 · 68%] idx=9521: ✅REAL max=0.400 (82246ms) ETA=2254s
[2026-04-27 22:13:34]   [83/121 · 69%] idx=9522: ✅REAL max=0.400 (79922ms) ETA=2207s
[2026-04-27 22:14:15]   [84/121 · 69%] idx=9582: ✅REAL max=0.390 (39807ms) ETA=2141s
[2026-04-27 22:14:58]   [85/121 · 70%] idx=9613: ✅REAL max=0.450 (41436ms) ETA=2077s
[2026-04-27 22:15:44]   [86/121 · 71%] idx=9627: ✅REAL max=0.550 (45121ms) ETA=2014s
[2026-04-27 22:16:45]   [87/121 · 72%] idx=9641: ✅REAL max=0.280 (59929ms) ETA=1958s
[2026-04-27 22:17:38]   [88/121 · 73%] idx=9694: ✅REAL max=0.606 (52464ms) ETA=1899s
[2026-04-27 22:18:30]   [89/121 · 74%] idx=9698: ✅REAL max=0.330 (50841ms) ETA=1840s
[2026-04-27 22:23:04]   [90/121 · 74%] idx=9714: ✅REAL max=0.450 (76601ms) ETA=1857s
[2026-04-27 22:23:38]   [91/121 · 75%] idx=9729: ✅REAL max=0.388 (33720ms) ETA=1788s
[2026-04-27 22:24:41]   [92/121 · 76%] idx=9741: ✅REAL max=0.500 (61100ms) ETA=1730s
[2026-04-27 22:25:32]   [93/121 · 77%] idx=9777: ✅REAL max=0.707 (50433ms) ETA=1667s
[2026-04-27 22:26:40]   [94/121 · 78%] idx=9787: ✅REAL max=0.500 (66454ms) ETA=1610s
[2026-04-27 22:27:26]   [95/121 · 79%] idx=9821: ✅REAL max=0.530 (45483ms) ETA=1547s
[2026-04-27 22:34:00]   [96/121 · 79%] idx=9836: ✅REAL max=0.300 (179867ms) ETA=1575s
[2026-04-27 22:34:47]   [97/121 · 80%] idx=9849: ✅REAL max=0.580 (45614ms) ETA=1507s
[2026-04-27 22:35:31]   [98/121 · 81%] idx=9932: ✅REAL max=0.500 (43456ms) ETA=1440s
[2026-04-27 22:37:37]   [99/121 · 82%] idx=9985: ✅REAL max=0.540 (58746ms) ETA=1392s
[2026-04-27 22:38:43]   [100/121 · 83%] idx=9990: ✅REAL max=0.280 (65085ms) ETA=1329s
[2026-04-27 22:38:43]   💾 [100/121] 进度已保存
[2026-04-27 22:39:56]   [101/121 · 83%] idx=10000: ✅REAL max=0.500 (72422ms) ETA=1268s
[2026-04-27 22:40:54]   [102/121 · 84%] idx=10030: ✅REAL max=0.500 (56552ms) ETA=1203s
[2026-04-27 22:41:47]   [103/121 · 85%] idx=10031: ✅REAL max=0.230 (51823ms) ETA=1138s
[2026-04-27 22:42:51]   [104/121 · 86%] idx=10062: ✅REAL max=0.490 (62892ms) ETA=1075s
[2026-04-27 22:44:17]   [105/121 · 87%] idx=10080: ✅REAL max=0.440 (85496ms) ETA=1015s
[2026-04-27 22:45:17]   [106/121 · 88%] idx=10082: ✅REAL max=0.701 (59264ms) ETA=951s
[2026-04-27 22:46:20]   [107/121 · 88%] idx=10102: ✅REAL max=0.460 (61954ms) ETA=888s
[2026-04-27 22:47:08]   [108/121 · 89%] idx=10126: ✅REAL max=0.303 (46229ms) ETA=823s
[2026-04-27 22:47:46]   [109/121 · 90%] idx=10283: ✅REAL max=0.550 (37271ms) ETA=757s
[2026-04-27 22:48:48]   [110/121 · 91%] idx=10286: ✅REAL max=0.354 (60618ms) ETA=693s
[2026-04-27 22:49:26]   [111/121 · 92%] idx=10318: ✅REAL max=0.300 (37853ms) ETA=628s
[2026-04-27 22:50:04]   [112/121 · 93%] idx=10330: ✅REAL max=0.550 (36076ms) ETA=563s
[2026-04-27 22:50:47]   [113/121 · 93%] idx=10334: ✅REAL max=0.300 (42961ms) ETA=499s
[2026-04-27 22:51:33]   [114/121 · 94%] idx=10385: ✅REAL max=0.600 (44198ms) ETA=436s
[2026-04-27 22:52:17]   [115/121 · 95%] idx=10442: ✅REAL max=0.560 (43636ms) ETA=373s
[2026-04-27 22:53:29]   [116/121 · 96%] idx=10481: ✅REAL max=0.450 (70724ms) ETA=311s
[2026-04-27 22:56:08]   [117/121 · 97%] idx=10490: ✅REAL max=0.340 (72170ms) ETA=252s
[2026-04-27 22:56:52]   [118/121 · 98%] idx=10516: ✅REAL max=0.500 (42877ms) ETA=189s
[2026-04-27 22:57:34]   [119/121 · 98%] idx=10521: ✅REAL max=0.485 (40426ms) ETA=125s
[2026-04-27 23:00:36]   [120/121 · 99%] idx=10527: ✅REAL max=0.280 (40024ms) ETA=64s
[2026-04-27 23:00:36]   💾 [120/121] 进度已保存
[2026-04-27 23:01:32]   [121/121 · 100%] idx=10567: ✅REAL max=0.320 (55119ms) ETA=0s
[2026-04-27 23:01:33] [Proc 16] ✅ 类 16 (Stair-down) 完成: 400/400 耗时7699s
[2026-04-27 23:01:33] [Proc 16] 全部完成 → /home/fandy/workplace/thesis/results/soft_labels/kuhar_soft_proc16.npy
[2026-04-28 00:05:29] [Proc 16] 启动，80秒后开始（避免并发冲突）
[2026-04-28 00:06:49] [数据] 从缓存加载: X_tr=/home/fandy/workplace/thesis/results/soft_labels/kuhar_X_tr.npy
[2026-04-28 00:06:49] [Proc 16] 类 16 已完成，跳过
[2026-04-28 00:06:49] [Proc 16] 全部完成 → /home/fandy/workplace/thesis/results/soft_labels/kuhar_soft_proc16.npy
[2026-04-28 00:13:30] [Proc 16] 启动，80秒后开始（避免并发冲突）
[2026-04-28 00:14:50] [数据] 从缓存加载: X_tr=/home/fandy/workplace/thesis/results/soft_labels/kuhar_X_tr.npy
[2026-04-28 00:14:50] [Proc 16] 类 16 已完成，跳过
[2026-04-28 00:14:50] [Proc 16] 全部完成 → /home/fandy/workplace/thesis/results/soft_labels/kuhar_soft_proc16.npy
[2026-04-28 00:24:09] [Proc 16] 启动，80秒后开始（避免并发冲突）
[2026-04-28 00:25:29] [数据] 从缓存加载: X_tr=/home/fandy/workplace/thesis/results/soft_labels/kuhar_X_tr.npy
[2026-04-28 00:25:29] [Proc 16] 类 16 已完成，跳过
[2026-04-28 00:25:29] [Proc 16] 全部完成 → /home/fandy/workplace/thesis/results/soft_labels/kuhar_soft_proc16.npy
