[2026-05-08 11:36:44] --force: 清除旧日志和断点，从头开始
[2026-05-08 11:36:44] KuHar 软标签生成 (DISABLE_THINKING + 温度0.3)
[2026-05-08 11:36:44] Mimo API: https://token-plan-cn.xiaomimimo.com/v1
[2026-05-08 11:36:44] Model: mimo-v2.5-pro
[2026-05-08 11:36:44] Temperature: 0.3
[2026-05-08 11:36:44] 加载 KuHar 数据...
[2026-05-08 11:37:00]   训练数据: 57384 样本, 18 类, shape=(57384, 128, 8)
[2026-05-08 11:37:00]   class 0 (Stand): 5191 样本
[2026-05-08 11:37:00]   class 1 (Sit): 5152 样本
[2026-05-08 11:37:00]   class 2 (Talk-sit): 4971 样本
[2026-05-08 11:37:00]   class 3 (Talk-stand): 5155 样本
[2026-05-08 11:37:00]   class 4 (Stand-sit): 5881 样本
[2026-05-08 11:37:00]   class 5 (Lay): 5058 样本
[2026-05-08 11:37:00]   class 6 (Lay-stand): 4807 样本
[2026-05-08 11:37:00]   class 7 (Pick): 3664 样本
[2026-05-08 11:37:00]   class 8 (Jump): 1903 样本
[2026-05-08 11:37:00]   class 9 (Push-up): 1389 样本
[2026-05-08 11:37:00]   class 10 (Sit-up): 2869 样本
[2026-05-08 11:37:00]   class 11 (Walk): 2328 样本
[2026-05-08 11:37:00]   class 12 (Walk-backwards): 845 样本
[2026-05-08 11:37:00]   class 13 (Walk-circle): 701 样本
[2026-05-08 11:37:00]   class 14 (Run): 1643 样本
[2026-05-08 11:37:00]   class 15 (Stair-up): 2321 样本
[2026-05-08 11:37:00]   class 16 (Stair-down): 2259 样本
[2026-05-08 11:37:00]   class 17 (Table-tennis): 1247 样本
[2026-05-08 11:37:00] 总计采样: 41505 个窗口（每类 ~3000）
[2026-05-08 11:37:00]   断点续传: 无，从头开始
[2026-05-08 11:37:20]   [RETRY 1] | true=Pick(7) | pred=Stair-up(15)
[2026-05-08 11:37:30]   [RETRY 2] | true=Pick(7) | pred=Walk-backwards(12)
[2026-05-08 11:37:38]   [RETRY 3] | true=Pick(7) | pred=Stair-up(15)
[2026-05-08 11:37:38]   [000/41505] | true=Pick(7) | pred=Walk-backwards(12) |  ✗ | ent=0.92 | top=15:0.78, 11:0.05
[2026-05-08 11:37:57]   [RETRY 1] | true=Talk-sit(2) | pred=Talk-stand(3)
[2026-05-08 11:38:08]   [RETRY 2] | true=Talk-sit(2) | pred=Stand(0)
[2026-05-08 11:38:16]   [RETRY 3] | true=Talk-sit(2) | pred=Talk-stand(3)
[2026-05-08 11:38:16]   [001/41505] | true=Talk-sit(2) | pred=Stand(0) |  ✗ | ent=1.43 | top=3:0.67, 2:0.10
[2026-05-08 11:38:23]   [002/41505] | true=Lay(5) | pred=Lay(5) |  ✓ | ent=0.13 | top=5:0.98, 0:0.00
[2026-05-08 11:38:34]   [003/41505] | true=Sit(1) | pred=Sit(1) |  ✓ | ent=1.36 | top=1:0.67, 0:0.14
[2026-05-08 11:38:42]   [004/41505] | true=Talk-stand(3) | pred=Talk-stand(3) |  ✓ | ent=1.34 | top=3:0.72, 0:0.05
[2026-05-08 11:38:42]   进度: 5/41505, 准确率=60.0%, 正确样本=3, 已保存
[2026-05-08 11:38:55]   [005/41505] | true=Stand(0) | pred=Stand(0) |  ✓ | ent=0.87 | top=0:0.84, 1:0.01
[2026-05-08 11:39:02]   [006/41505] | true=Run(14) | pred=Run(14) |  ✓ | ent=0.09 | top=14:0.98, 8:0.01
[2026-05-08 11:39:27]   [RETRY 1] | true=Sit(1) | pred=Sit(1)
[2026-05-08 11:39:27]   [007/41505] | true=Sit(1) | pred=Sit(1) |  ✓ | ent=0.37 | top=1:0.91, 0:0.05
[2026-05-08 11:39:33]   [008/41505] | true=Stand-sit(4) | pred=Stand-sit(4) |  ✓ | ent=0.92 | top=4:0.83, 0:0.01
[2026-05-08 11:39:55]   [RETRY 1] | true=Stair-down(16) | pred=Push-up(9)
[2026-05-08 11:40:05]   [RETRY 2] | true=Stair-down(16) | pred=Push-up(9)
[2026-05-08 11:40:23]   [RETRY 3] | true=Stair-down(16) | pred=Table-tennis(17)
[2026-05-08 11:40:23]   [009/41505] | true=Stair-down(16) | pred=Push-up(9) |  ✗ | ent=0.87 | top=17:0.80, 16:0.06
[2026-05-08 11:40:23]   进度: 10/41505, 准确率=70.0%, 正确样本=7, 已保存
[2026-05-08 11:40:36]   [010/41505] | true=Walk-backwards(12) | pred=Walk-backwards(12) |  ✓ | ent=1.09 | top=12:0.75, 13:0.10
[2026-05-08 11:40:43]   [011/41505] | true=Lay-stand(6) | pred=Lay-stand(6) |  ✓ | ent=1.13 | top=6:0.78, 5:0.05
[2026-05-08 11:41:01]   [RETRY 1] | true=Sit-up(10) | pred=Push-up(9)
[2026-05-08 11:41:17]   [RETRY 2] | true=Sit-up(10) | pred=Push-up(9)
[2026-05-08 11:41:25]   [RETRY 3] | true=Sit-up(10) | pred=Push-up(9)
[2026-05-08 11:41:25]   [012/41505] | true=Sit-up(10) | pred=Push-up(9) |  ✗ | ent=0.47 | top=9:0.92, 7:0.01
[2026-05-08 11:41:37]   [RETRY 1] | true=Walk-circle(13) | pred=Talk-stand(3)
[2026-05-08 11:41:43]   [RETRY 2] | true=Walk-circle(13) | pred=Talk-stand(3)
[2026-05-08 11:41:50]   [RETRY 3] | true=Walk-circle(13) | pred=Talk-stand(3)
[2026-05-08 11:41:50]   [013/41505] | true=Walk-circle(13) | pred=Talk-stand(3) |  ✗ | ent=1.30 | top=3:0.72, 0:0.05
[2026-05-08 11:41:57]   [014/41505] | true=Run(14) | pred=Run(14) |  ✓ | ent=0.21 | top=14:0.96, 8:0.02
[2026-05-08 11:41:57]   进度: 15/41505, 准确率=66.7%, 正确样本=10, 已保存
[2026-05-08 11:42:10]   [015/41505] | true=Lay(5) | pred=Lay(5) |  ✓ | ent=0.13 | top=5:0.98, 0:0.00
[2026-05-08 11:42:18]   [016/41505] | true=Walk(11) | pred=Walk(11) |  ✓ | ent=0.68 | top=11:0.85, 12:0.06
[2026-05-08 11:42:47]   [RETRY 1] | true=Walk(11) | pred=Walk-backwards(12)
[2026-05-08 11:43:01]   [RETRY 2] | true=Walk(11) | pred=Walk-backwards(12)
[2026-05-08 11:43:09]   [RETRY 3] | true=Walk(11) | pred=Walk-backwards(12)
[2026-05-08 11:43:09]   [017/41505] | true=Walk(11) | pred=Walk-backwards(12) |  ✗ | ent=1.04 | top=12:0.67, 11:0.16
[2026-05-08 11:43:30]   [RETRY 1] | true=Lay-stand(6) | pred=Stair-up(15)
[2026-05-08 11:43:39]   [RETRY 2] | true=Lay-stand(6) | pred=Stair-up(15)
[2026-05-08 11:43:47]   [RETRY 3] | true=Lay-stand(6) | pred=Stair-up(15)
[2026-05-08 11:43:47]   [018/41505] | true=Lay-stand(6) | pred=Stair-up(15) |  ✗ | ent=1.81 | top=15:0.55, 11:0.10
[2026-05-08 11:44:02]   [RETRY 1] | true=Sit(1) | pred=Stand(0)
[2026-05-08 11:44:17]   [RETRY 2] | true=Sit(1) | pred=Sit(1)
[2026-05-08 11:44:17]   [019/41505] | true=Sit(1) | pred=Sit(1) |  ✓ | ent=0.48 | top=1:0.90, 0:0.05
[2026-05-08 11:44:17]   进度: 20/41505, 准确率=65.0%, 正确样本=13, 已保存
[2026-05-08 11:44:31]   [RETRY 1] | true=Sit(1) | pred=Sit(1)
[2026-05-08 11:44:31]   [020/41505] | true=Sit(1) | pred=Sit(1) |  ✓ | ent=0.68 | top=1:0.78, 0:0.16
[2026-05-08 11:44:38]   [021/41505] | true=Stand(0) | pred=Stand(0) |  ✓ | ent=0.66 | top=0:0.88, 1:0.03
[2026-05-08 11:44:57]   [RETRY 1] | true=Walk(11) | pred=Walk-backwards(12)
[2026-05-08 11:45:07]   [RETRY 2] | true=Walk(11) | pred=Walk(11)
[2026-05-08 11:45:07]   [022/41505] | true=Walk(11) | pred=Walk(11) |  ✓ | ent=1.79 | top=11:0.55, 9:0.08
[2026-05-08 11:45:22]   [RETRY 1] | true=Sit(1) | pred=Stand(0)
[2026-05-08 11:45:28]   [RETRY 2] | true=Sit(1) | pred=Stand(0)
[2026-05-08 11:45:34]   [RETRY 3] | true=Sit(1) | pred=Stand(0)
[2026-05-08 11:45:34]   [023/41505] | true=Sit(1) | pred=Stand(0) |  ✗ | ent=0.58 | top=0:0.90, 1:0.01
[2026-05-08 11:45:41]   [024/41505] | true=Jump(8) | pred=Jump(8) |  ✓ | ent=0.76 | top=8:0.85, 14:0.04
[2026-05-08 11:45:41]   进度: 25/41505, 准确率=68.0%, 正确样本=17, 已保存
[2026-05-08 11:45:48]   [025/41505] | true=Push-up(9) | pred=Push-up(9) |  ✓ | ent=0.44 | top=9:0.92, 11:0.02
[2026-05-08 11:45:58]   [026/41505] | true=Lay(5) | pred=Lay(5) |  ✓ | ent=-0.00 | top=5:1.00, 0:0.00
[2026-05-08 11:46:12]   [RETRY 1] | true=Sit-up(10) | pred=Push-up(9)
[2026-05-08 11:46:19]   [RETRY 2] | true=Sit-up(10) | pred=Push-up(9)
[2026-05-08 11:46:33]   [RETRY 3] | true=Sit-up(10) | pred=Push-up(9)
[2026-05-08 11:46:33]   [027/41505] | true=Sit-up(10) | pred=Push-up(9) |  ✗ | ent=0.74 | top=9:0.85, 10:0.03
[2026-05-08 11:46:42]   [028/41505] | true=Walk-circle(13) | pred=Walk-circle(13) |  ✓ | ent=1.47 | top=13:0.55, 11:0.15
[2026-05-08 11:46:54]   [029/41505] | true=Run(14) | pred=Run(14) |  ✓ | ent=0.43 | top=14:0.92, 8:0.04
[2026-05-08 11:46:54]   进度: 30/41505, 准确率=70.0%, 正确样本=21, 已保存
[2026-05-08 11:47:01]   [030/41505] | true=Jump(8) | pred=Jump(8) |  ✓ | ent=0.22 | top=8:0.95, 14:0.04
[2026-05-08 11:47:21]   [RETRY 1] | true=Sit-up(10) | pred=Stair-up(15)
[2026-05-08 11:47:32]   [RETRY 2] | true=Sit-up(10) | pred=Stair-up(15)
[2026-05-08 11:47:39]   [RETRY 3] | true=Sit-up(10) | pred=Stair-up(15)
[2026-05-08 11:47:39]   [031/41505] | true=Sit-up(10) | pred=Stair-up(15) |  ✗ | ent=1.90 | top=15:0.46, 11:0.10
[2026-05-08 11:47:54]   [RETRY 1] | true=Sit(1) | pred=Stand(0)
[2026-05-08 11:48:04]   [RETRY 2] | true=Sit(1) | pred=Stand(0)
[2026-05-08 11:48:10]   [RETRY 3] | true=Sit(1) | pred=Stand(0)
[2026-05-08 11:48:10]   [032/41505] | true=Sit(1) | pred=Stand(0) |  ✗ | ent=0.41 | top=0:0.92, 1:0.03
[2026-05-08 11:48:27]   [RETRY 1] | true=Walk(11) | pred=Walk-backwards(12)
[2026-05-08 11:48:35]   [RETRY 2] | true=Walk(11) | pred=Sit-up(10)
[2026-05-08 11:48:44]   [RETRY 3] | true=Walk(11) | pred=Stair-up(15)
[2026-05-08 11:48:44]   [033/41505] | true=Walk(11) | pred=Sit-up(10) |  ✗ | ent=2.25 | top=15:0.25, 13:0.20
[2026-05-08 11:48:59]   [RETRY 1] | true=Push-up(9) | pred=Stand-sit(4)
[2026-05-08 11:49:05]   [RETRY 2] | true=Push-up(9) | pred=Stand-sit(4)
[2026-05-08 11:49:14]   [RETRY 3] | true=Push-up(9) | pred=Stand-sit(4)
[2026-05-08 11:49:14]   [034/41505] | true=Push-up(9) | pred=Stand-sit(4) |  ✗ | ent=0.73 | top=4:0.85, 6:0.05
[2026-05-08 11:49:14]   进度: 35/41505, 准确率=62.9%, 正确样本=22, 已保存
[2026-05-08 11:49:22]   [035/41505] | true=Run(14) | pred=Run(14) |  ✓ | ent=0.61 | top=14:0.80, 8:0.15
[2026-05-08 11:49:43]   [RETRY 1] | true=Walk(11) | pred=Walk-circle(13)
[2026-05-08 11:49:54]   [RETRY 2] | true=Walk(11) | pred=Sit-up(10)
[2026-05-08 11:50:04]   [RETRY 3] | true=Walk(11) | pred=Sit-up(10)
[2026-05-08 11:50:04]   [036/41505] | true=Walk(11) | pred=Sit-up(10) |  ✗ | ent=0.58 | top=10:0.82, 6:0.16
[2026-05-08 11:50:18]   [RETRY 1] | true=Talk-stand(3) | pred=Lay-stand(6)
[2026-05-08 11:50:30]   [RETRY 2] | true=Talk-stand(3) | pred=Sit-up(10)
[2026-05-08 11:50:39]   [RETRY 3] | true=Talk-stand(3) | pred=Lay-stand(6)
[2026-05-08 11:50:39]   [037/41505] | true=Talk-stand(3) | pred=Sit-up(10) |  ✗ | ent=1.08 | top=6:0.79, 5:0.05
[2026-05-08 11:50:49]   [038/41505] | true=Talk-stand(3) | pred=Talk-stand(3) |  ✓ | ent=1.88 | top=3:0.55, 2:0.08
[2026-05-08 11:51:02]   [RETRY 1] | true=Push-up(9) | pred=Lay-stand(6)
[2026-05-08 11:51:08]   [RETRY 2] | true=Push-up(9) | pred=Lay-stand(6)
[2026-05-08 11:51:14]   [RETRY 3] | true=Push-up(9) | pred=Sit-up(10)
[2026-05-08 11:51:14]   [039/41505] | true=Push-up(9) | pred=Lay-stand(6) |  ✗ | ent=1.78 | top=10:0.54, 6:0.12
[2026-05-08 11:51:14]   进度: 40/41505, 准确率=60.0%, 正确样本=24, 已保存
[2026-05-08 11:51:31]   [RETRY 1] | true=Sit(1) | pred=Stand(0)
[2026-05-08 11:51:37]   [RETRY 2] | true=Sit(1) | pred=Stand(0)
[2026-05-08 11:51:44]   [RETRY 3] | true=Sit(1) | pred=Stand(0)
[2026-05-08 11:51:44]   [040/41505] | true=Sit(1) | pred=Stand(0) |  ✗ | ent=0.59 | top=0:0.90, 1:0.01
[2026-05-08 11:52:02]   [RETRY 1] | true=Pick(7) | pred=Stair-up(15)
[2026-05-08 11:52:08]   [RETRY 2] | true=Pick(7) | pred=Stair-up(15)
[2026-05-08 11:52:15]   [RETRY 3] | true=Pick(7) | pred=Stair-up(15)
[2026-05-08 11:52:15]   [041/41505] | true=Pick(7) | pred=Stair-up(15) |  ✗ | ent=0.81 | top=15:0.83, 11:0.05
[2026-05-08 11:52:39]   [RETRY 1] | true=Sit-up(10) | pred=Talk-stand(3)
[2026-05-08 11:52:47]   [RETRY 2] | true=Sit-up(10) | pred=Talk-sit(2)
[2026-05-08 11:52:55]   [RETRY 3] | true=Sit-up(10) | pred=Lay-stand(6)
[2026-05-08 11:52:55]   [042/41505] | true=Sit-up(10) | pred=Talk-sit(2) |  ✗ | ent=1.84 | top=6:0.55, 10:0.08
[2026-05-08 11:53:05]   [043/41505] | true=Stand(0) | pred=Stand(0) |  ✓ | ent=0.66 | top=0:0.88, 1:0.03
[2026-05-08 11:53:23]   [RETRY 1] | true=Stair-up(15) | pred=Walk(11)
[2026-05-08 11:53:32]   [RETRY 2] | true=Stair-up(15) | pred=Walk-backwards(12)
[2026-05-08 11:53:42]   [RETRY 3] | true=Stair-up(15) | pred=Stair-up(15)
[2026-05-08 11:53:42]   [044/41505] | true=Stair-up(15) | pred=Walk-backwards(12) |  ✗ | ent=1.24 | top=15:0.65, 13:0.10
[2026-05-08 11:53:42]   进度: 45/41505, 准确率=55.6%, 正确样本=25, 已保存
[2026-05-08 11:53:53]   [045/41505] | true=Talk-stand(3) | pred=Talk-stand(3) |  ✓ | ent=1.15 | top=3:0.78, 2:0.03
[2026-05-08 11:54:08]   [046/41505] | true=Sit(1) | pred=Sit(1) |  ✓ | ent=0.92 | top=1:0.81, 0:0.05
[2026-05-08 11:54:21]   [RETRY 1] | true=Talk-sit(2) | pred=Stand(0)
[2026-05-08 11:54:28]   [RETRY 2] | true=Talk-sit(2) | pred=Stand(0)
[2026-05-08 11:54:34]   [RETRY 3] | true=Talk-sit(2) | pred=Stand(0)
[2026-05-08 11:54:34]   [047/41505] | true=Talk-sit(2) | pred=Stand(0) |  ✗ | ent=0.66 | top=0:0.84, 1:0.10
[2026-05-08 11:54:42]   [048/41505] | true=Lay(5) | pred=Lay(5) |  ✓ | ent=0.13 | top=5:0.98, 0:0.00
[2026-05-08 11:54:54]   [049/41505] | true=Lay(5) | pred=Lay(5) |  ✓ | ent=0.52 | top=5:0.92, 0:0.00
[2026-05-08 11:54:54]   进度: 50/41505, 准确率=58.0%, 正确样本=29, 已保存
[2026-05-08 11:55:08]   [RETRY 1] | true=Walk(11) | pred=Stair-up(15)
[2026-05-08 11:55:27]   [RETRY 2] | true=Walk(11) | pred=Stair-up(15)
[2026-05-08 11:55:32]   [RETRY 3] | true=Walk(11) | pred=Push-up(9)
[2026-05-08 11:55:32]   [050/41505] | true=Walk(11) | pred=Stair-up(15) |  ✗ | ent=1.56 | top=9:0.65, 12:0.05
[2026-05-08 11:55:52]   [RETRY 1] | true=Pick(7) | pred=Pick(7)
[2026-05-08 11:55:52]   [051/41505] | true=Pick(7) | pred=Pick(7) |  ✓ | ent=1.86 | top=7:0.55, 3:0.08
[2026-05-08 11:56:10]   [RETRY 1] | true=Stand-sit(4) | pred=Lay-stand(6)
[2026-05-08 11:56:17]   [RETRY 2] | true=Stand-sit(4) | pred=Lay-stand(6)
[2026-05-08 11:56:23]   [RETRY 3] | true=Stand-sit(4) | pred=Lay-stand(6)
[2026-05-08 11:56:23]   [052/41505] | true=Stand-sit(4) | pred=Lay-stand(6) |  ✗ | ent=1.20 | top=6:0.76, 5:0.05
[2026-05-08 11:56:40]   [RETRY 1] | true=Pick(7) | pred=Pick(7)
[2026-05-08 11:56:40]   [053/41505] | true=Pick(7) | pred=Pick(7) |  ✓ | ent=2.06 | top=7:0.45, 9:0.10
[2026-05-08 11:56:53]   [054/41505] | true=Stair-up(15) | pred=Stair-up(15) |  ✓ | ent=1.42 | top=15:0.65, 12:0.08
[2026-05-08 11:56:53]   进度: 55/41505, 准确率=58.2%, 正确样本=32, 已保存
[2026-05-08 11:57:02]   [055/41505] | true=Run(14) | pred=Run(14) |  ✓ | ent=0.11 | top=14:0.98, 8:0.01
[2026-05-08 11:57:15]   [RETRY 1] | true=Stair-up(15) | pred=Push-up(9)
[2026-05-08 11:57:22]   [RETRY 2] | true=Stair-up(15) | pred=Push-up(9)
[2026-05-08 11:57:30]   [RETRY 3] | true=Stair-up(15) | pred=Push-up(9)
[2026-05-08 11:57:30]   [056/41505] | true=Stair-up(15) | pred=Push-up(9) |  ✗ | ent=0.43 | top=9:0.92, 7:0.02
[2026-05-08 11:57:42]   [RETRY 1] | true=Talk-stand(3) | pred=Lay-stand(6)
[2026-05-08 11:57:48]   [RETRY 2] | true=Talk-stand(3) | pred=Sit-up(10)
[2026-05-08 11:57:59]   [RETRY 3] | true=Talk-stand(3) | pred=Lay-stand(6)
[2026-05-08 11:57:59]   [057/41505] | true=Talk-stand(3) | pred=Sit-up(10) |  ✗ | ent=1.37 | top=6:0.71, 4:0.05
[2026-05-08 11:58:14]   [RETRY 1] | true=Lay-stand(6) | pred=Talk-stand(3)
[2026-05-08 11:58:19]   [RETRY 2] | true=Lay-stand(6) | pred=Talk-stand(3)
[2026-05-08 11:58:28]   [RETRY 3] | true=Lay-stand(6) | pred=Talk-stand(3)
[2026-05-08 11:58:28]   [058/41505] | true=Lay-stand(6) | pred=Talk-stand(3) |  ✗ | ent=1.45 | top=3:0.69, 0:0.05
[2026-05-08 11:58:43]   [RETRY 1] | true=Stand-sit(4) | pred=Sit-up(10)
[2026-05-08 11:58:52]   [RETRY 2] | true=Stand-sit(4) | pred=Talk-stand(3)
[2026-05-08 11:59:00]   [RETRY 3] | true=Stand-sit(4) | pred=Talk-stand(3)
[2026-05-08 11:59:00]   [059/41505] | true=Stand-sit(4) | pred=Talk-stand(3) |  ✗ | ent=1.82 | top=3:0.54, 4:0.10
[2026-05-08 11:59:00]   进度: 60/41505, 准确率=55.0%, 正确样本=33, 已保存
[2026-05-08 11:59:14]   [RETRY 1] | true=Sit(1) | pred=Stand(0)
[2026-05-08 11:59:21]   [RETRY 2] | true=Sit(1) | pred=Stand(0)
[2026-05-08 11:59:27]   [RETRY 3] | true=Sit(1) | pred=Stand(0)
[2026-05-08 11:59:27]   [060/41505] | true=Sit(1) | pred=Stand(0) |  ✗ | ent=0.58 | top=0:0.90, 1:0.01
[2026-05-08 11:59:40]   [RETRY 1] | true=Talk-stand(3) | pred=Sit-up(10)
[2026-05-08 11:59:49]   [RETRY 2] | true=Talk-stand(3) | pred=Lay-stand(6)
[2026-05-08 11:59:57]   [RETRY 3] | true=Talk-stand(3) | pred=Lay-stand(6)
[2026-05-08 11:59:57]   [061/41505] | true=Talk-stand(3) | pred=Lay-stand(6) |  ✗ | ent=1.26 | top=6:0.74, 10:0.05
[2026-05-08 12:00:24]   [RETRY 1] | true=Run(14) | pred=Run(14)
[2026-05-08 12:00:24]   [062/41505] | true=Run(14) | pred=Run(14) |  ✓ | ent=0.13 | top=14:0.98, 0:0.00
[2026-05-08 12:00:42]   [RETRY 1] | true=Pick(7) | pred=Stand-sit(4)
[2026-05-08 12:00:56]   [RETRY 2] | true=Pick(7) | pred=Stand-sit(4)
[2026-05-08 12:01:06]   [RETRY 3] | true=Pick(7) | pred=Stand-sit(4)
[2026-05-08 12:01:06]   [063/41505] | true=Pick(7) | pred=Stand-sit(4) |  ✗ | ent=1.32 | top=4:0.70, 6:0.08
[2026-05-08 12:01:19]   [RETRY 1] | true=Pick(7) | pred=Lay-stand(6)
[2026-05-08 12:01:31]   [RETRY 2] | true=Pick(7) | pred=Lay-stand(6)
[2026-05-08 12:01:47]   [RETRY 3] | true=Pick(7) | pred=Lay-stand(6)
[2026-05-08 12:01:47]   [064/41505] | true=Pick(7) | pred=Lay-stand(6) |  ✗ | ent=1.38 | top=6:0.70, 4:0.05
[2026-05-08 12:01:47]   进度: 65/41505, 准确率=52.3%, 正确样本=34, 已保存
[2026-05-08 12:02:03]   [RETRY 1] | true=Walk(11) | pred=Table-tennis(17)
[2026-05-08 12:02:12]   [RETRY 2] | true=Walk(11) | pred=Table-tennis(17)
[2026-05-08 12:02:22]   [RETRY 3] | true=Walk(11) | pred=Table-tennis(17)
[2026-05-08 12:02:22]   [065/41505] | true=Walk(11) | pred=Table-tennis(17) |  ✗ | ent=0.86 | top=17:0.80, 16:0.07
[2026-05-08 12:02:37]   [RETRY 1] | true=Lay-stand(6) | pred=Lay-stand(6)
[2026-05-08 12:02:37]   [066/41505] | true=Lay-stand(6) | pred=Lay-stand(6) |  ✓ | ent=0.65 | top=6:0.85, 5:0.05
[2026-05-08 12:02:54]   [RETRY 1] | true=Jump(8) | pred=Run(14)
[2026-05-08 12:03:00]   [RETRY 2] | true=Jump(8) | pred=Run(14)
[2026-05-08 12:03:08]   [RETRY 3] | true=Jump(8) | pred=Run(14)
[2026-05-08 12:03:08]   [067/41505] | true=Jump(8) | pred=Run(14) |  ✗ | ent=0.81 | top=14:0.82, 11:0.05
[2026-05-08 12:03:35]   [RETRY 1] | true=Stand-sit(4) | pred=Sit-up(10)
[2026-05-08 12:03:43]   [RETRY 2] | true=Stand-sit(4) | pred=Stand-sit(4)
[2026-05-08 12:03:43]   [068/41505] | true=Stand-sit(4) | pred=Stand-sit(4) |  ✓ | ent=1.22 | top=4:0.72, 10:0.08
[2026-05-08 12:03:56]   [RETRY 1] | true=Walk(11) | pred=Push-up(9)
[2026-05-08 12:04:04]   [RETRY 2] | true=Walk(11) | pred=Walk-backwards(12)
[2026-05-08 12:04:15]   [RETRY 3] | true=Walk(11) | pred=Walk-backwards(12)
[2026-05-08 12:04:15]   [069/41505] | true=Walk(11) | pred=Walk-backwards(12) |  ✗ | ent=1.78 | top=12:0.45, 13:0.20
[2026-05-08 12:04:15]   进度: 70/41505, 准确率=51.4%, 正确样本=36, 已保存
[2026-05-08 12:04:30]   [RETRY 1] | true=Stair-down(16) | pred=Walk(11)
[2026-05-08 12:04:37]   [RETRY 2] | true=Stair-down(16) | pred=Walk(11)
[2026-05-08 12:04:44]   [RETRY 3] | true=Stair-down(16) | pred=Push-up(9)
[2026-05-08 12:04:44]   [070/41505] | true=Stair-down(16) | pred=Walk(11) |  ✗ | ent=0.42 | top=9:0.85, 17:0.15
[2026-05-08 12:04:50]   [071/41505] | true=Jump(8) | pred=Jump(8) |  ✓ | ent=0.22 | top=8:0.95, 14:0.04
[2026-05-08 12:05:13]   [RETRY 1] | true=Talk-stand(3) | pred=Jump(8)
[2026-05-08 12:05:22]   [RETRY 2] | true=Talk-stand(3) | pred=Jump(8)
[2026-05-08 12:05:37]   [RETRY 3] | true=Talk-stand(3) | pred=Table-tennis(17)
[2026-05-08 12:05:37]   [072/41505] | true=Talk-stand(3) | pred=Jump(8) |  ✗ | ent=1.16 | top=17:0.70, 16:0.12
[2026-05-08 12:05:43]   [073/41505] | true=Push-up(9) | pred=Push-up(9) |  ✓ | ent=1.01 | top=9:0.81, 7:0.02
[2026-05-08 12:05:58]   [RETRY 1] | true=Lay-stand(6) | pred=Sit-up(10)
[2026-05-08 12:06:07]   [RETRY 2] | true=Lay-stand(6) | pred=Lay-stand(6)
[2026-05-08 12:06:07]   [074/41505] | true=Lay-stand(6) | pred=Lay-stand(6) |  ✓ | ent=1.62 | top=6:0.51, 10:0.23
[2026-05-08 12:06:07]   进度: 75/41505, 准确率=52.0%, 正确样本=39, 已保存
[2026-05-08 12:06:27]   [RETRY 1] | true=Push-up(9) | pred=Talk-stand(3)
[2026-05-08 12:06:32]   [RETRY 2] | true=Push-up(9) | pred=Talk-stand(3)
[2026-05-08 12:06:38]   [RETRY 3] | true=Push-up(9) | pred=Talk-stand(3)
[2026-05-08 12:06:38]   [075/41505] | true=Push-up(9) | pred=Talk-stand(3) |  ✗ | ent=1.02 | top=3:0.81, 0:0.02
[2026-05-08 12:06:45]   [076/41505] | true=Push-up(9) | pred=Push-up(9) |  ✓ | ent=0.20 | top=9:0.97, 15:0.01
[2026-05-08 12:07:00]   [RETRY 1] | true=Talk-stand(3) | pred=Pick(7)
[2026-05-08 12:07:08]   [RETRY 2] | true=Talk-stand(3) | pred=Sit-up(10)
[2026-05-08 12:07:15]   [RETRY 3] | true=Talk-stand(3) | pred=Talk-stand(3)
[2026-05-08 12:07:15]   [077/41505] | true=Talk-stand(3) | pred=Sit-up(10) |  ✗ | ent=1.33 | top=3:0.70, 7:0.08
[2026-05-08 12:07:26]   [RETRY 1] | true=Sit(1) | pred=Lay(5)
[2026-05-08 12:07:36]   [RETRY 2] | true=Sit(1) | pred=Lay(5)
[2026-05-08 12:07:45]   [RETRY 3] | true=Sit(1) | pred=Lay(5)
[2026-05-08 12:07:45]   [078/41505] | true=Sit(1) | pred=Lay(5) |  ✗ | ent=0.13 | top=5:0.98, 0:0.00
[2026-05-08 12:07:57]   [RETRY 1] | true=Talk-stand(3) | pred=Lay-stand(6)
[2026-05-08 12:08:03]   [RETRY 2] | true=Talk-stand(3) | pred=Lay-stand(6)
[2026-05-08 12:08:09]   [RETRY 3] | true=Talk-stand(3) | pred=Lay-stand(6)
[2026-05-08 12:08:09]   [079/41505] | true=Talk-stand(3) | pred=Lay-stand(6) |  ✗ | ent=1.01 | top=6:0.80, 5:0.05
[2026-05-08 12:08:09]   进度: 80/41505, 准确率=50.0%, 正确样本=40, 已保存
[2026-05-08 12:08:21]   [RETRY 1] | true=Stair-down(16) | pred=Walk(11)
[2026-05-08 12:08:28]   [RETRY 2] | true=Stair-down(16) | pred=Walk(11)
[2026-05-08 12:08:34]   [RETRY 3] | true=Stair-down(16) | pred=Walk(11)
[2026-05-08 12:08:34]   [080/41505] | true=Stair-down(16) | pred=Walk(11) |  ✗ | ent=1.20 | top=11:0.65, 16:0.10
[2026-05-08 12:08:48]   [RETRY 1] | true=Lay(5) | pred=Stand(0)
[2026-05-08 12:08:54]   [RETRY 2] | true=Lay(5) | pred=Stand(0)
[2026-05-08 12:09:00]   [RETRY 3] | true=Lay(5) | pred=Stand(0)
[2026-05-08 12:09:00]   [081/41505] | true=Lay(5) | pred=Stand(0) |  ✗ | ent=0.40 | top=0:0.92, 17:0.03
[2026-05-08 12:09:16]   [RETRY 1] | true=Talk-sit(2) | pred=Talk-sit(2)
[2026-05-08 12:09:16]   [082/41505] | true=Talk-sit(2) | pred=Talk-sit(2) |  ✓ | ent=1.35 | top=2:0.69, 1:0.10
[2026-05-08 12:09:31]   [RETRY 1] | true=Jump(8) | pred=Run(14)
[2026-05-08 12:09:41]   [RETRY 2] | true=Jump(8) | pred=Run(14)
[2026-05-08 12:09:47]   [RETRY 3] | true=Jump(8) | pred=Run(14)
[2026-05-08 12:09:47]   [083/41505] | true=Jump(8) | pred=Run(14) |  ✗ | ent=0.09 | top=14:0.98, 8:0.01
[2026-05-08 12:10:03]   [RETRY 1] | true=Sit-up(10) | pred=Sit-up(10)
[2026-05-08 12:10:03]   [084/41505] | true=Sit-up(10) | pred=Sit-up(10) |  ✓ | ent=1.17 | top=10:0.75, 7:0.05
[2026-05-08 12:10:03]   进度: 85/41505, 准确率=49.4%, 正确样本=42, 已保存
[2026-05-08 12:10:17]   [RETRY 1] | true=Pick(7) | pred=Stand-sit(4)
[2026-05-08 12:10:23]   [RETRY 2] | true=Pick(7) | pred=Stand-sit(4)
[2026-05-08 12:10:30]   [RETRY 3] | true=Pick(7) | pred=Stand-sit(4)
[2026-05-08 12:10:30]   [085/41505] | true=Pick(7) | pred=Stand-sit(4) |  ✗ | ent=1.20 | top=4:0.72, 6:0.10
[2026-05-08 12:10:37]   [086/41505] | true=Talk-stand(3) | pred=Talk-stand(3) |  ✓ | ent=1.59 | top=3:0.64, 0:0.05
[2026-05-08 12:10:50]   [RETRY 1] | true=Stair-up(15) | pred=Walk(11)
[2026-05-08 12:10:57]   [RETRY 2] | true=Stair-up(15) | pred=Walk(11)
[2026-05-08 12:11:06] KuHar 软标签生成 (DISABLE_THINKING + 温度0.3)
[2026-05-08 12:11:06] Mimo API: https://token-plan-cn.xiaomimimo.com/v1
[2026-05-08 12:11:06] Model: mimo-v2.5-pro
[2026-05-08 12:11:06] Temperature: 0.3
[2026-05-08 12:11:06] 加载 KuHar 数据...
[2026-05-08 12:11:23]   训练数据: 57384 样本, 18 类, shape=(57384, 128, 8)
[2026-05-08 12:11:23]   class 0 (Stand): 5191 样本
[2026-05-08 12:11:23]   class 1 (Sit): 5152 样本
[2026-05-08 12:11:23]   class 2 (Talk-sit): 4971 样本
[2026-05-08 12:11:23]   class 3 (Talk-stand): 5155 样本
[2026-05-08 12:11:23]   class 4 (Stand-sit): 5881 样本
[2026-05-08 12:11:23]   class 5 (Lay): 5058 样本
[2026-05-08 12:11:23]   class 6 (Lay-stand): 4807 样本
[2026-05-08 12:11:23]   class 7 (Pick): 3664 样本
[2026-05-08 12:11:23]   class 8 (Jump): 1903 样本
[2026-05-08 12:11:23]   class 9 (Push-up): 1389 样本
[2026-05-08 12:11:23]   class 10 (Sit-up): 2869 样本
[2026-05-08 12:11:23]   class 11 (Walk): 2328 样本
[2026-05-08 12:11:23]   class 12 (Walk-backwards): 845 样本
[2026-05-08 12:11:23]   class 13 (Walk-circle): 701 样本
[2026-05-08 12:11:23]   class 14 (Run): 1643 样本
[2026-05-08 12:11:23]   class 15 (Stair-up): 2321 样本
[2026-05-08 12:11:23]   class 16 (Stair-down): 2259 样本
[2026-05-08 12:11:23]   class 17 (Table-tennis): 1247 样本
[2026-05-08 12:11:23] 总计采样: 41505 个窗口（每类 ~3000）
[2026-05-08 12:11:23]   断点续传: 85/41505 已处理
[2026-05-08 12:11:23]   续跑恢复: 完成=85, 正确=44, 正确样本=44
[2026-05-08 12:13:41] KuHar 软标签生成 (DISABLE_THINKING + 温度0.3)
[2026-05-08 12:13:41] Mimo API: https://token-plan-cn.xiaomimimo.com/v1
[2026-05-08 12:13:41] Model: mimo-v2.5-pro
[2026-05-08 12:13:41] Temperature: 0.3
[2026-05-08 12:13:41] 加载 KuHar 数据...
[2026-05-08 12:13:57]   训练数据: 57384 样本, 18 类, shape=(57384, 128, 8)
[2026-05-08 12:13:57]   class 0 (Stand): 5191 样本
[2026-05-08 12:13:57]   class 1 (Sit): 5152 样本
[2026-05-08 12:13:57]   class 2 (Talk-sit): 4971 样本
[2026-05-08 12:13:57]   class 3 (Talk-stand): 5155 样本
[2026-05-08 12:13:57]   class 4 (Stand-sit): 5881 样本
[2026-05-08 12:13:57]   class 5 (Lay): 5058 样本
[2026-05-08 12:13:57]   class 6 (Lay-stand): 4807 样本
[2026-05-08 12:13:57]   class 7 (Pick): 3664 样本
[2026-05-08 12:13:57]   class 8 (Jump): 1903 样本
[2026-05-08 12:13:57]   class 9 (Push-up): 1389 样本
[2026-05-08 12:13:57]   class 10 (Sit-up): 2869 样本
[2026-05-08 12:13:57]   class 11 (Walk): 2328 样本
[2026-05-08 12:13:57]   class 12 (Walk-backwards): 845 样本
[2026-05-08 12:13:57]   class 13 (Walk-circle): 701 样本
[2026-05-08 12:13:57]   class 14 (Run): 1643 样本
[2026-05-08 12:13:57]   class 15 (Stair-up): 2321 样本
[2026-05-08 12:13:57]   class 16 (Stair-down): 2259 样本
[2026-05-08 12:13:57]   class 17 (Table-tennis): 1247 样本
[2026-05-08 12:13:57] 总计采样: 41505 个窗口（每类 ~3000）
[2026-05-08 12:13:57]   断点续传: 85/41505 已处理
[2026-05-08 12:13:57]   续跑恢复: 完成=85, 正确=44, 正确样本=44
[2026-05-08 12:14:13]   [RETRY 3] | true=Pick(7) | pred=Sit-up(10)
[2026-05-08 12:14:13]   [085/41505] | true=Pick(7) | pred=Sit-up(10) |  ✗ | ent=1.46 | top=10:0.69, 4:0.05
[2026-05-08 12:14:20]   [086/41505] | true=Talk-stand(3) | pred=Talk-stand(3) |  ✓ | ent=1.59 | top=3:0.65, 0:0.05
[2026-05-08 12:14:33]   [RETRY 3] | true=Stair-up(15) | pred=Walk(11)
[2026-05-08 12:14:33]   [087/41505] | true=Stair-up(15) | pred=Walk(11) |  ✗ | ent=1.28 | top=11:0.74, 12:0.03
[2026-05-08 12:14:47]   [RETRY 3] | true=Pick(7) | pred=Sit-up(10)
[2026-05-08 12:14:47]   [088/41505] | true=Pick(7) | pred=Sit-up(10) |  ✗ | ent=1.79 | top=10:0.55, 7:0.10
[2026-05-08 12:15:00]   [RETRY 3] | true=Stand-sit(4) | pred=Stand-sit(4)
[2026-05-08 12:15:00]   [089/41505] | true=Stand-sit(4) | pred=Lay-stand(6) |  ✗ | ent=0.90 | top=4:0.83, 1:0.02
[2026-05-08 12:15:00]   进度: 90/41505, 准确率=50.0%, 正确样本=45, 已保存
[2026-05-08 12:15:07]   [090/41505] | true=Lay(5) | pred=Lay(5) |  ✓ | ent=0.89 | top=5:0.84, 0:0.01
[2026-05-08 12:15:28]   [RETRY 3] | true=Jump(8) | pred=Walk(11)
[2026-05-08 12:15:28]   [091/41505] | true=Jump(8) | pred=Run(14) |  ✗ | ent=1.42 | top=11:0.70, 12:0.04
[2026-05-08 12:15:40]   [092/41505] | true=Stand-sit(4) | pred=Stand-sit(4) |  ✓ | ent=1.11 | top=4:0.78, 0:0.02
[2026-05-08 12:15:53]   [RETRY 3] | true=Table-tennis(17) | pred=Stair-down(16)
[2026-05-08 12:15:53]   [093/41505] | true=Table-tennis(17) | pred=Stair-down(16) |  ✗ | ent=1.29 | top=16:0.65, 11:0.12
[2026-05-08 12:16:05]   [RETRY 3] | true=Jump(8) | pred=Run(14)
[2026-05-08 12:16:05]   [094/41505] | true=Jump(8) | pred=Run(14) |  ✗ | ent=0.20 | top=14:0.95, 8:0.05
[2026-05-08 12:16:05]   进度: 95/41505, 准确率=49.5%, 正确样本=47, 已保存
[2026-05-08 12:16:20]   [RETRY 3] | true=Talk-stand(3) | pred=Lay(5)
[2026-05-08 12:16:20]   [095/41505] | true=Talk-stand(3) | pred=Lay-stand(6) |  ✗ | ent=0.98 | top=5:0.82, 6:0.03
[2026-05-08 12:16:26]   [096/41505] | true=Sit(1) | pred=Sit(1) |  ✓ | ent=0.62 | top=1:0.86, 0:0.05
[2026-05-08 12:16:39]   [RETRY 3] | true=Sit(1) | pred=Stand(0)
[2026-05-08 12:16:39]   [097/41505] | true=Sit(1) | pred=Stand(0) |  ✗ | ent=0.87 | top=0:0.84, 1:0.01
[2026-05-08 12:16:53]   [RETRY 3] | true=Sit(1) | pred=Lay(5)
[2026-05-08 12:16:53]   [098/41505] | true=Sit(1) | pred=Lay(5) |  ✗ | ent=0.89 | top=5:0.84, 0:0.01
[2026-05-08 12:17:16]   [RETRY 3] | true=Stair-down(16) | pred=Table-tennis(17)
[2026-05-08 12:17:16]   [099/41505] | true=Stair-down(16) | pred=Table-tennis(17) |  ✗ | ent=0.13 | top=17:0.98, 0:0.00
[2026-05-08 12:17:16]   === 100轮统计: 整体=48/100(48.0%) Stand=3/3(100%) Sit=6/13(46%) Talk-sit=1/3(33%) Talk-stand=5/11(45%) Stand-sit=3/6(50%) Lay=6/7(86%) Lay-stand=3/5(60%) Pick=2/8(25%) Jump=3/7(43%) Push-up=3/6(50%) Sit-up=1/5(20%) Walk=2/8(25%) Walk-backwards=1/1(100%) Walk-circle=1/2(50%) Run=6/6(100%) Stair-up=2/4(50%) Stair-down=0/4(0%) Table-tennis=0/1(0%)
[2026-05-08 12:17:16]   进度: 100/41505, 准确率=48.0%, 正确样本=48, 已保存
[2026-05-08 12:17:34]   [RETRY 3] | true=Talk-sit(2) | pred=Stand(0)
[2026-05-08 12:17:34]   [100/41505] | true=Talk-sit(2) | pred=Stand(0) |  ✗ | ent=0.65 | top=0:0.85, 1:0.05
[2026-05-08 12:17:51]   [RETRY 3] | true=Stair-down(16) | pred=Table-tennis(17)
[2026-05-08 12:17:51]   [101/41505] | true=Stair-down(16) | pred=Sit-up(10) |  ✗ | ent=-0.00 | top=17:1.00, 0:0.00
[2026-05-08 12:18:06]   [RETRY 3] | true=Stair-down(16) | pred=Table-tennis(17)
[2026-05-08 12:18:06]   [102/41505] | true=Stair-down(16) | pred=Table-tennis(17) |  ✗ | ent=1.35 | top=17:0.60, 16:0.15
[2026-05-08 12:18:10]   [103/41505] | true=Lay(5) | pred=Lay(5) |  ✓ | ent=0.89 | top=5:0.84, 0:0.01
[2026-05-08 12:18:27]   [RETRY 3] | true=Sit-up(10) | pred=Walk(11)
[2026-05-08 12:18:27]   [104/41505] | true=Sit-up(10) | pred=Walk(11) |  ✗ | ent=0.90 | top=11:0.83, 12:0.03
[2026-05-08 12:18:27]   进度: 105/41505, 准确率=46.7%, 正确样本=49, 已保存
[2026-05-08 12:18:32]   [105/41505] | true=Stand-sit(4) | pred=Stand-sit(4) |  ✓ | ent=1.41 | top=4:0.70, 3:0.04
[2026-05-08 12:18:38]   [106/41505] | true=Jump(8) | pred=Jump(8) |  ✓ | ent=0.20 | top=8:0.97, 14:0.01
[2026-05-08 12:18:46]   [107/41505] | true=Walk(11) | pred=Walk(11) |  ✓ | ent=0.93 | top=11:0.82, 12:0.04
[2026-05-08 12:19:03]   [RETRY 3] | true=Stair-up(15) | pred=Push-up(9)
[2026-05-08 12:19:03]   [108/41505] | true=Stair-up(15) | pred=Walk-backwards(12) |  ✗ | ent=0.83 | top=9:0.82, 11:0.03
[2026-05-08 12:19:13]   [RETRY 3] | true=Stand(0) | pred=Lay(5)
[2026-05-08 12:19:13]   [109/41505] | true=Stand(0) | pred=Talk-sit(2) |  ✗ | ent=0.96 | top=5:0.83, 1:0.02
[2026-05-08 12:19:13]   进度: 110/41505, 准确率=47.3%, 正确样本=52, 已保存
[2026-05-08 12:19:26]   [RETRY 3] | true=Talk-sit(2) | pred=Stand(0)
[2026-05-08 12:19:26]   [110/41505] | true=Talk-sit(2) | pred=Stand(0) |  ✗ | ent=0.66 | top=0:0.88, 1:0.02
[2026-05-08 12:19:36]   [111/41505] | true=Stand(0) | pred=Stand(0) |  ✓ | ent=0.40 | top=0:0.92, 1:0.05
[2026-05-08 12:19:47]   [RETRY 3] | true=Jump(8) | pred=Table-tennis(17)
[2026-05-08 12:19:47]   [112/41505] | true=Jump(8) | pred=Run(14) |  ✗ | ent=0.13 | top=17:0.98, 0:0.00
[2026-05-08 12:20:02]   [RETRY 3] | true=Talk-stand(3) | pred=Lay-stand(6)
[2026-05-08 12:20:02]   [113/41505] | true=Talk-stand(3) | pred=Lay(5) |  ✗ | ent=1.23 | top=6:0.75, 5:0.05
[2026-05-08 12:20:13]   [RETRY 3] | true=Sit(1) | pred=Stand(0)
[2026-05-08 12:20:13]   [114/41505] | true=Sit(1) | pred=Stand(0) |  ✗ | ent=0.63 | top=0:0.89, 1:0.02
[2026-05-08 12:20:13]   进度: 115/41505, 准确率=46.1%, 正确样本=53, 已保存
[2026-05-08 12:20:21]   [115/41505] | true=Run(14) | pred=Run(14) |  ✓ | ent=0.73 | top=14:0.80, 8:0.15
[2026-05-08 12:20:27]   [116/41505] | true=Pick(7) | pred=Pick(7) |  ✓ | ent=1.85 | top=7:0.54, 4:0.08
[2026-05-08 12:20:41]   [RETRY 3] | true=Pick(7) | pred=Sit-up(10)
[2026-05-08 12:20:41]   [117/41505] | true=Pick(7) | pred=Sit-up(10) |  ✗ | ent=0.37 | top=10:0.93, 4:0.02
