[2026-04-24 19:42:39]   训练数据: 673 样本
[2026-04-24 19:42:39]   各class样本数: {0: 161, 1: 38, 2: 436, 3: 38}
[2026-04-24 19:42:39]   各class软标签(35%上限400): {0: 56, 1: 13, 2: 152, 3: 13}
[2026-04-24 19:42:39]   计划总软标签: 234
[2026-04-24 19:42:39]   各class详情:
[2026-04-24 19:42:39]     Class 0 (慢速走): 161样本 → 56软标签
[2026-04-24 19:42:39]     Class 1 (正常走): 38样本 → 13软标签
[2026-04-24 19:42:39]     Class 2 (站立): 436样本 → 152软标签
[2026-04-24 19:42:39]     Class 3 (活动): 38样本 → 13软标签
[2026-04-24 19:42:39] ============================================================
[2026-04-24 19:42:39]   GAIT 软标签生成 (T=0.7, max_tokens=5000)
[2026-04-24 19:42:39] ============================================================
[2026-04-24 19:42:39]   类别数: 4, 每类软标签: {0: 56, 1: 13, 2: 152, 3: 13}
[2026-04-24 19:42:39]   📂 发现已有进度: /home/fandy/workplace/thesis/results/soft_labels/gait_soft.npy
[2026-04-24 19:42:39]      已填充: 30/673
[2026-04-24 19:42:39] 
[2026-04-24 19:42:39]   Class 0 (慢速走): 目标56 (30已有, 26待生成)
[2026-04-24 19:42:56]     [1] idx=137: ✅REAL (0次重试后) | sum=1.000 | max=0.500
[2026-04-24 19:43:18]     [2] idx=142: ✅REAL (0次重试后) | sum=1.000 | max=0.800
[2026-04-24 19:43:34]     [3] idx=145: ✅REAL (0次重试后) | sum=1.000 | max=0.820
[2026-04-24 19:44:00]     [4] idx=150: ✅REAL (0次重试后) | sum=1.000 | max=0.750
[2026-04-24 19:44:12]     [5] idx=151: ✅REAL (0次重试后) | sum=1.000 | max=0.850
[2026-04-24 19:44:12]   >>> 进度: +5已处理, 累计35真软标签, 已保存
[2026-04-24 19:44:23]     [6] idx=153: ✅REAL (0次重试后) | sum=1.000 | max=0.800
[2026-04-24 19:44:48]     [7] idx=158: ✅REAL (0次重试后) | sum=1.000 | max=0.800
[2026-04-24 19:45:08]     [8] idx=159: ✅REAL (0次重试后) | sum=1.000 | max=0.750
[2026-04-24 19:45:22]     [9] idx=168: ✅REAL (0次重试后) | sum=1.000 | max=0.810
[2026-04-24 19:45:45]     [10] idx=193: ✅REAL (0次重试后) | sum=1.000 | max=0.750
[2026-04-24 19:45:45]   >>> 进度: +10已处理, 累计40真软标签, 已保存
[2026-04-24 19:46:01]     [11] idx=200: ✅REAL (0次重试后) | sum=1.000 | max=0.800
[2026-04-24 19:46:15]     [12] idx=203: ✅REAL (0次重试后) | sum=1.000 | max=0.800
[2026-04-24 19:46:34]     [13] idx=207: ✅REAL (0次重试后) | sum=1.000 | max=0.650
[2026-04-24 19:46:54]     [14] idx=208: ✅REAL (0次重试后) | sum=1.000 | max=0.800
[2026-04-24 19:47:11]     [15] idx=209: ✅REAL (0次重试后) | sum=1.000 | max=0.750
[2026-04-24 19:47:11]   >>> 进度: +15已处理, 累计45真软标签, 已保存
[2026-04-24 19:48:02]     [16] idx=214: ✅REAL (0次重试后) | sum=1.000 | max=0.880
[2026-04-24 19:48:21]     [17] idx=215: ✅REAL (0次重试后) | sum=1.000 | max=0.790
[2026-04-24 19:48:42]     [18] idx=221: ✅REAL (0次重试后) | sum=1.000 | max=0.880
[2026-04-24 19:49:08]     [19] idx=222: ✅REAL (0次重试后) | sum=1.000 | max=0.650
[2026-04-24 19:49:22]     [20] idx=227: ✅REAL (0次重试后) | sum=1.000 | max=0.850
[2026-04-24 19:49:22]   >>> 进度: +20已处理, 累计50真软标签, 已保存
[2026-04-24 19:49:39]     [21] idx=229: ✅REAL (0次重试后) | sum=1.000 | max=0.700
[2026-04-24 19:49:54]     [22] idx=231: ✅REAL (0次重试后) | sum=1.000 | max=0.850
[2026-04-24 19:50:13]     [23] idx=238: ✅REAL (0次重试后) | sum=1.000 | max=0.850
[2026-04-24 19:50:31]     [24] idx=240: ✅REAL (0次重试后) | sum=1.000 | max=0.850
[2026-04-24 19:50:47]     [25] idx=245: ✅REAL (0次重试后) | sum=1.000 | max=0.850
[2026-04-24 19:50:47]   >>> 进度: +25已处理, 累计55真软标签, 已保存
[2026-04-24 19:51:03]     [26] idx=255: ✅REAL (0次重试后) | sum=1.000 | max=0.850
[2026-04-24 19:51:03] 
[2026-04-24 19:51:03]   Class 1 (正常走): 目标13 (0已有, 13待生成)
[2026-04-24 19:51:13]     [27] idx=18: ✅REAL (0次重试后) | sum=1.000 | max=0.800
[2026-04-24 20:34:07]   训练数据: 673 样本
[2026-04-24 20:34:07]   各class样本数: {0: 161, 1: 38, 2: 436, 3: 38}
[2026-04-24 20:34:07]   各class软标签(35%上限400): {0: 56, 1: 13, 2: 152, 3: 13}
[2026-04-24 20:34:07]   计划总软标签: 234
[2026-04-24 20:34:07]   各class详情:
[2026-04-24 20:34:07]     Class 0 (慢速走): 161样本 → 56软标签
[2026-04-24 20:34:07]     Class 1 (正常走): 38样本 → 13软标签
[2026-04-24 20:34:07]     Class 2 (站立): 436样本 → 152软标签
[2026-04-24 20:34:07]     Class 3 (活动): 38样本 → 13软标签
[2026-04-24 20:34:07] ============================================================
[2026-04-24 20:34:07]   GAIT 软标签生成 (T=0.7, max_tokens=5000)
[2026-04-24 20:34:07] ============================================================
[2026-04-24 20:34:07]   类别数: 4, 每类软标签: {0: 56, 1: 13, 2: 152, 3: 13}
[2026-04-24 20:34:07]   发现已有进度: /home/fandy/workplace/thesis/results/soft_labels/gait_soft.npy
[2026-04-24 20:34:07]      已填充: 55/673
[2026-04-24 20:34:07] 
[2026-04-24 20:34:07]   Class 0 (慢速走): 目标56 (55已有, 1待生成)
[2026-04-24 20:34:23]     [1] idx=255: REAL sum=1.0 max=0.78
[2026-04-24 20:34:23] 
[2026-04-24 20:34:23] 
[2026-04-24 20:34:23]   Class 1 (正常走): 目标13 (0已有, 13待生成)
[2026-04-24 20:34:36]     [2] idx=18: REAL sum=1.0 max=0.88
[2026-04-24 20:34:53]     [3] idx=31: REAL sum=1.0 max=0.8
[2026-04-24 20:35:11]     [4] idx=33: REAL sum=1.0 max=0.7
[2026-04-24 20:35:32]     [5] idx=59: REAL sum=1.0 max=0.7
[2026-04-24 20:35:32]   进度: +5已处理, 累计60真软标签, 已保存
[2026-04-24 20:35:50]     [6] idx=66: REAL sum=1.0 max=0.85
[2026-04-24 20:36:14]     [7] idx=68: REAL sum=1.0 max=0.7
[2026-04-24 20:36:27]     [8] idx=71: REAL sum=1.0 max=0.9
[2026-04-24 20:36:43]     [9] idx=80: REAL sum=1.0 max=0.85
[2026-04-24 20:37:13]     [10] idx=97: REAL sum=1.0 max=0.6
[2026-04-24 20:37:13]   进度: +10已处理, 累计65真软标签, 已保存
[2026-04-24 20:37:48]     [11] idx=149: REAL sum=1.0 max=0.55
[2026-04-24 20:38:00]     [12] idx=179: REAL sum=1.0 max=0.85
[2026-04-24 20:38:24]     [13] idx=180: REAL sum=1.0 max=0.7
[2026-04-24 20:38:37]     [14] idx=188: REAL sum=1.0 max=0.85
[2026-04-24 20:38:37] 
[2026-04-24 20:38:37] 
[2026-04-24 20:38:37]   Class 2 (站立): 目标152 (0已有, 152待生成)
[2026-04-24 20:39:00]     [15] idx=0: REAL sum=1.0 max=0.8
[2026-04-24 20:39:00]   进度: +15已处理, 累计70真软标签, 已保存
[2026-04-24 20:39:22]     [16] idx=1: REAL sum=1.0 max=0.7
[2026-04-24 20:39:50]     [17] idx=2: REAL sum=1.0 max=0.85
[2026-04-24 20:40:13]     [18] idx=3: REAL sum=1.0 max=0.7
[2026-04-24 20:40:29]     [19] idx=4: REAL sum=1.0000000000000002 max=0.6000000000000001
[2026-04-24 20:40:51]     [20] idx=5: REAL sum=1.0 max=0.91
[2026-04-24 20:40:51]   进度: +20已处理, 累计75真软标签, 已保存
[2026-04-24 20:41:08]     [21] idx=6: REAL sum=1.0 max=0.85
[2026-04-24 20:41:25]     [22] idx=8: REAL sum=1.0 max=0.8
[2026-04-24 20:41:48]     [23] idx=9: REAL sum=1.0 max=0.75
[2026-04-24 20:42:08]     [24] idx=10: REAL sum=1.0 max=0.8
[2026-04-24 20:42:31]     [25] idx=11: REAL sum=1.0 max=0.7
[2026-04-24 20:42:31]   进度: +25已处理, 累计80真软标签, 已保存
[2026-04-24 20:42:58]     [26] idx=12: REAL sum=1.0 max=0.8
[2026-04-24 20:43:18]     [27] idx=13: REAL sum=1.0 max=0.78
[2026-04-24 20:43:31]     [28] idx=14: REAL sum=1.0 max=0.85
[2026-04-24 20:43:47]     [29] idx=15: REAL sum=1.0 max=0.8
[2026-04-24 20:44:02]     [30] idx=17: REAL sum=1.0 max=0.88
[2026-04-24 20:44:02]   进度: +30已处理, 累计85真软标签, 已保存
[2026-04-24 20:44:19]     [31] idx=19: REAL sum=1.0000000000000002 max=0.5000000000000001
[2026-04-24 20:44:34]     [32] idx=21: REAL sum=1.0 max=0.65
[2026-04-24 20:44:48]     [33] idx=23: REAL sum=1.0 max=0.8
[2026-04-24 20:45:03]     [34] idx=24: REAL sum=1.0 max=0.85
[2026-04-24 20:45:28]     [35] idx=25: REAL sum=1.0 max=0.65
[2026-04-24 20:45:28]   进度: +35已处理, 累计90真软标签, 已保存
[2026-04-24 20:45:44]     [36] idx=26: REAL sum=1.0 max=0.8
[2026-04-24 20:46:02]     [37] idx=27: REAL sum=1.0 max=0.7
[2026-04-24 20:46:15]     [38] idx=28: REAL sum=1.0 max=0.85
[2026-04-24 20:46:35]     [39] idx=30: REAL sum=1.0 max=0.8
[2026-04-24 20:47:02]     [40] idx=32: REAL sum=1.0 max=0.5
[2026-04-24 20:47:02]   进度: +40已处理, 累计95真软标签, 已保存
[2026-04-24 20:47:23]     [41] idx=34: REAL sum=1.0 max=0.8
[2026-04-24 20:47:33]     [42] idx=35: REAL sum=1.0 max=0.8
[2026-04-24 20:47:48]     [43] idx=36: REAL sum=1.0 max=0.75
[2026-04-24 20:48:02]     [44] idx=37: REAL sum=1.0 max=0.85
[2026-04-24 20:48:17]     [45] idx=40: REAL sum=1.0 max=0.85
[2026-04-24 20:48:17]   进度: +45已处理, 累计100真软标签, 已保存
[2026-04-24 20:48:29]     [46] idx=41: REAL sum=1.0 max=0.84
[2026-04-24 20:48:47]     [47] idx=42: REAL sum=1.0 max=0.85
[2026-04-24 20:49:00]     [48] idx=43: REAL sum=1.0 max=0.85
[2026-04-24 20:49:17]     [49] idx=44: REAL sum=1.0 max=0.92
[2026-04-24 20:49:33]     [50] idx=45: REAL sum=1.0 max=0.75
[2026-04-24 20:49:33]   进度: +50已处理, 累计105真软标签, 已保存
[2026-04-24 20:49:46]     [51] idx=46: REAL sum=1.0 max=0.75
[2026-04-24 20:50:05]     [52] idx=49: REAL sum=1.0 max=0.88
[2026-04-24 20:50:19]     [53] idx=50: REAL sum=1.0 max=0.85
[2026-04-24 20:50:39]     [54] idx=51: REAL sum=1.0 max=0.55
[2026-04-24 20:50:51]     [55] idx=52: REAL sum=1.0 max=0.8
[2026-04-24 20:50:51]   进度: +55已处理, 累计110真软标签, 已保存
[2026-04-24 20:51:07]     [56] idx=53: REAL sum=1.0 max=0.7
[2026-04-24 20:51:24]     [57] idx=54: REAL sum=1.0 max=0.8
[2026-04-24 20:51:40]     [58] idx=55: REAL sum=1.0 max=0.82
[2026-04-24 20:51:55]     [59] idx=58: REAL sum=1.0 max=0.75
[2026-04-24 20:52:15]     [60] idx=60: REAL sum=1.0 max=0.9
[2026-04-24 20:52:15]   进度: +60已处理, 累计115真软标签, 已保存
[2026-04-24 20:52:31]     [61] idx=62: REAL sum=1.0 max=0.75
[2026-04-24 20:52:44]     [62] idx=63: REAL sum=1.0 max=0.8
[2026-04-24 20:52:59]     [63] idx=64: REAL sum=1.0 max=0.85
[2026-04-24 20:53:33]     [64] idx=65: REAL sum=1.0 max=0.65
[2026-04-24 20:54:02]     [65] idx=67: REAL sum=1.0 max=0.7
[2026-04-24 20:54:02]   进度: +65已处理, 累计120真软标签, 已保存
[2026-04-24 20:54:18]     [66] idx=69: REAL sum=1.0 max=0.8
[2026-04-24 20:54:43]     [67] idx=70: REAL sum=1.0 max=0.55
[2026-04-24 20:55:00]     [68] idx=72: REAL sum=1.0 max=0.55
[2026-04-24 20:55:18]     [69] idx=74: REAL sum=1.0 max=0.7
[2026-04-24 20:55:33]     [70] idx=75: REAL sum=1.0 max=0.84
[2026-04-24 20:55:33]   进度: +70已处理, 累计125真软标签, 已保存
[2026-04-24 20:55:46]     [71] idx=76: REAL sum=1.0 max=0.85
[2026-04-24 20:56:11]     [72] idx=78: REAL sum=1.0 max=0.8
[2026-04-24 20:56:27]     [73] idx=81: REAL sum=1.0 max=0.85
[2026-04-24 20:56:58]     [74] idx=82: REAL sum=1.0 max=0.82
[2026-04-24 20:57:11]     [75] idx=83: REAL sum=1.0 max=0.85
[2026-04-24 20:57:11]   进度: +75已处理, 累计130真软标签, 已保存
[2026-04-24 20:57:33]     [76] idx=84: REAL sum=1.0 max=0.6
[2026-04-24 20:57:56]     [77] idx=85: REAL sum=1.0 max=0.8
[2026-04-24 20:58:07]     [78] idx=86: REAL sum=1.0 max=0.85
[2026-04-24 20:58:24]     [79] idx=87: REAL sum=1.0 max=0.55
[2026-04-24 20:58:39]     [80] idx=89: REAL sum=1.0 max=0.6
[2026-04-24 20:58:39]   进度: +80已处理, 累计135真软标签, 已保存
[2026-04-24 20:58:55]     [81] idx=90: REAL sum=1.0 max=0.89
[2026-04-24 20:59:09]     [82] idx=94: REAL sum=1.0 max=0.9
[2026-04-24 20:59:23]     [83] idx=95: REAL sum=1.0 max=0.84
[2026-04-24 20:59:35]     [84] idx=96: REAL sum=1.0 max=0.85
[2026-04-24 21:00:48]     [85] idx=98: REAL sum=1.0 max=0.6
[2026-04-24 21:00:48]   进度: +85已处理, 累计140真软标签, 已保存
[2026-04-24 21:01:08]     [86] idx=102: REAL sum=1.0 max=0.75
[2026-04-24 21:01:26]     [87] idx=103: REAL sum=1.0 max=0.85
[2026-04-24 21:01:37]     [88] idx=105: REAL sum=1.0 max=0.75
[2026-04-24 21:01:56]     [89] idx=109: REAL sum=1.0 max=0.8
[2026-04-24 21:02:16]     [90] idx=110: REAL sum=1.0 max=0.78
[2026-04-24 21:02:16]   进度: +90已处理, 累计145真软标签, 已保存
[2026-04-24 21:02:28]     [91] idx=112: REAL sum=1.0 max=0.85
[2026-04-24 21:03:01]     [92] idx=113: REAL sum=1.0 max=0.85
[2026-04-24 21:03:39]     [93] idx=114: REAL sum=1.0 max=0.85
[2026-04-24 21:03:57]     [94] idx=115: REAL sum=1.0 max=0.85
[2026-04-24 21:04:14]     [95] idx=116: REAL sum=1.0 max=0.9
[2026-04-24 21:04:14]   进度: +95已处理, 累计150真软标签, 已保存
[2026-04-24 21:04:34]     [96] idx=117: REAL sum=1.0 max=0.85
[2026-04-24 21:04:55]     [97] idx=118: REAL sum=1.0 max=0.7
[2026-04-24 21:05:13]     [98] idx=121: REAL sum=1.0 max=0.8
[2026-04-24 21:05:32]     [99] idx=122: REAL sum=1.0 max=0.85
[2026-04-24 21:05:49]     [100] idx=123: REAL sum=1.0 max=0.86
[2026-04-24 21:05:49]   进度: +100已处理, 累计155真软标签, 已保存
[2026-04-24 21:06:12]     [101] idx=124: REAL sum=1.0 max=0.55
[2026-04-24 21:06:27]     [102] idx=125: REAL sum=1.0 max=0.55
[2026-04-24 21:06:52]     [103] idx=127: REAL sum=1.0 max=0.85
[2026-04-24 21:07:17]     [104] idx=128: REAL sum=1.0 max=0.92
[2026-04-24 21:07:35]     [105] idx=129: REAL sum=1.0 max=0.78
[2026-04-24 21:07:35]   进度: +105已处理, 累计160真软标签, 已保存
[2026-04-24 21:07:56]     [106] idx=130: REAL sum=1.0 max=0.9
[2026-04-24 21:08:09]     [107] idx=131: REAL sum=1.0 max=0.7
[2026-04-24 21:08:27]     [108] idx=132: REAL sum=1.0 max=0.78
[2026-04-24 21:08:57]     [109] idx=133: REAL sum=1.0 max=0.85
[2026-04-24 21:09:14]     [110] idx=134: REAL sum=1.0 max=0.78
[2026-04-24 21:09:14]   进度: +110已处理, 累计165真软标签, 已保存
[2026-04-24 21:09:30]     [111] idx=138: REAL sum=1.0 max=0.88
[2026-04-24 21:09:45]     [112] idx=139: REAL sum=1.0 max=0.8
[2026-04-24 21:10:06]     [113] idx=140: REAL sum=1.0 max=0.9
[2026-04-24 21:10:30]     [114] idx=141: REAL sum=1.0 max=0.73
[2026-04-24 21:10:45]     [115] idx=143: REAL sum=1.0 max=0.8
[2026-04-24 21:10:45]   进度: +115已处理, 累计170真软标签, 已保存
[2026-04-24 21:11:09]     [116] idx=144: REAL sum=1.0 max=0.7
[2026-04-24 21:11:27]     [117] idx=147: REAL sum=1.0 max=0.82
[2026-04-24 21:11:48]     [118] idx=148: REAL sum=1.0 max=0.8
[2026-04-24 21:12:03]     [119] idx=152: REAL sum=1.0 max=0.75
[2026-04-24 21:12:22]     [120] idx=154: REAL sum=1.0 max=0.8
[2026-04-24 21:12:22]   进度: +120已处理, 累计175真软标签, 已保存
[2026-04-24 21:12:36]     [121] idx=155: REAL sum=1.0 max=0.8
[2026-04-24 21:12:53]     [122] idx=156: REAL sum=1.0 max=0.75
[2026-04-24 21:13:21]     [123] idx=157: REAL sum=1.0 max=0.6
[2026-04-24 21:13:41]     [124] idx=160: REAL sum=1.0 max=0.7
[2026-04-24 21:13:57]     [125] idx=161: REAL sum=1.0 max=0.86
[2026-04-24 21:13:57]   进度: +125已处理, 累计180真软标签, 已保存
[2026-04-24 21:14:09]     [126] idx=163: REAL sum=1.0 max=0.78
[2026-04-24 21:14:27]     [127] idx=164: REAL sum=1.0 max=0.78
[2026-04-24 21:14:43]     [128] idx=165: REAL sum=1.0 max=0.91
[2026-04-24 21:14:59]     [129] idx=166: REAL sum=1.0 max=0.73
[2026-04-24 21:15:29]     [130] idx=167: REAL sum=1.0 max=0.91
[2026-04-24 21:15:29]   进度: +130已处理, 累计185真软标签, 已保存
[2026-04-24 21:15:41]     [131] idx=170: REAL sum=1.0 max=0.7
[2026-04-24 21:16:12]     [132] idx=171: REAL sum=1.0 max=0.8
[2026-04-24 21:16:36]     [133] idx=172: REAL sum=1.0 max=0.8
[2026-04-24 21:17:07]     [134] idx=173: REAL sum=1.0 max=0.7
[2026-04-24 21:17:26]     [135] idx=174: REAL sum=1.0 max=0.8
[2026-04-24 21:17:26]   进度: +135已处理, 累计190真软标签, 已保存
[2026-04-24 21:17:56]     [136] idx=175: REAL sum=1.0 max=0.7
[2026-04-24 21:18:17]     [137] idx=177: REAL sum=1.0 max=0.84
[2026-04-24 21:18:28]     [138] idx=178: REAL sum=1.0 max=0.82
[2026-04-24 21:18:53]     [139] idx=181: REAL sum=1.0 max=0.85
[2026-04-24 21:19:05]     [140] idx=182: REAL sum=1.0 max=0.8
[2026-04-24 21:19:05]   进度: +140已处理, 累计195真软标签, 已保存
[2026-04-24 21:19:25]     [141] idx=183: REAL sum=1.0 max=0.87
[2026-04-24 21:19:42]     [142] idx=184: REAL sum=1.0000000000000002 max=0.6000000000000001
[2026-04-24 21:19:59]     [143] idx=185: REAL sum=1.0 max=0.85
[2026-04-24 21:20:23]     [144] idx=186: REAL sum=1.0 max=0.75
[2026-04-24 21:20:46]     [145] idx=187: REAL sum=1.0 max=0.85
[2026-04-24 21:20:46]   进度: +145已处理, 累计200真软标签, 已保存
[2026-04-24 21:21:03]     [146] idx=189: REAL sum=1.0 max=0.8
[2026-04-24 21:21:19]     [147] idx=191: REAL sum=1.0 max=0.85
[2026-04-24 21:21:38]     [148] idx=192: REAL sum=1.0 max=0.85
[2026-04-24 21:22:10]     [149] idx=195: REAL sum=1.0 max=0.8
[2026-04-24 21:22:25]     [150] idx=197: REAL sum=1.0 max=0.6
[2026-04-24 21:22:25]   进度: +150已处理, 累计205真软标签, 已保存
[2026-04-24 21:22:49]     [151] idx=198: REAL sum=1.0 max=0.7
[2026-04-24 21:23:06]     [152] idx=199: REAL sum=1.0 max=0.84
[2026-04-24 21:23:29]     [153] idx=202: REAL sum=1.0 max=0.7
[2026-04-24 21:24:02]     [154] idx=204: REAL sum=1.0 max=0.9
[2026-04-24 21:24:16]     [155] idx=205: REAL sum=1.0 max=0.85
[2026-04-24 21:24:16]   进度: +155已处理, 累计210真软标签, 已保存
[2026-04-24 21:24:31]     [156] idx=206: REAL sum=1.0 max=0.8
[2026-04-24 21:24:45]     [157] idx=210: REAL sum=1.0 max=0.85
[2026-04-24 21:24:58]     [158] idx=211: REAL sum=1.0 max=0.7
[2026-04-24 21:25:12]     [159] idx=212: REAL sum=1.0 max=0.7
[2026-04-24 21:25:26]     [160] idx=213: REAL sum=1.0 max=0.8
[2026-04-24 21:25:26]   进度: +160已处理, 累计215真软标签, 已保存
[2026-04-24 21:25:52]     [161] idx=216: REAL sum=1.0 max=0.85
[2026-04-24 21:26:09]     [162] idx=217: REAL sum=1.0 max=0.75
[2026-04-24 21:26:24]     [163] idx=218: REAL sum=1.0 max=0.7
[2026-04-24 21:26:48]     [164] idx=219: REAL sum=1.0 max=0.55
[2026-04-24 21:27:03]     [165] idx=220: REAL sum=1.0 max=0.75
[2026-04-24 21:27:03]   进度: +165已处理, 累计220真软标签, 已保存
[2026-04-24 21:27:21]     [166] idx=223: REAL sum=1.0 max=0.65
[2026-04-24 21:27:21] 
[2026-04-24 21:27:21] 
[2026-04-24 21:27:21]   Class 3 (活动): 目标13 (0已有, 13待生成)
[2026-04-24 21:27:39]     [167] idx=79: REAL sum=1.0 max=0.75
[2026-04-24 21:28:00]     [168] idx=108: REAL sum=1.0 max=0.85
[2026-04-24 21:28:38]     [169] idx=146: REAL sum=1.0 max=0.7
[2026-04-24 21:28:56]     [170] idx=162: REAL sum=1.0 max=0.8
[2026-04-24 21:28:56]   进度: +170已处理, 累计225真软标签, 已保存
[2026-04-24 21:29:30]     [171] idx=169: REAL sum=1.0 max=0.6
[2026-04-24 21:29:44]     [172] idx=176: REAL sum=1.0 max=0.9
[2026-04-24 21:29:55]     [173] idx=190: REAL sum=1.0 max=0.7
[2026-04-24 21:30:19]     [174] idx=194: REAL sum=1.0 max=0.55
[2026-04-24 21:30:49]     [175] idx=225: REAL sum=1.0 max=0.8
[2026-04-24 21:30:49]   进度: +175已处理, 累计230真软标签, 已保存
[2026-04-24 21:31:04]     [176] idx=256: REAL sum=1.0 max=0.85
[2026-04-24 21:31:17]     [177] idx=295: REAL sum=1.0 max=0.8
[2026-04-24 21:31:34]     [178] idx=296: REAL sum=1.0 max=0.6
[2026-04-24 21:31:53]     [179] idx=300: REAL sum=1.0 max=0.82
[2026-04-24 21:31:53] 
[2026-04-24 21:55:21]   训练数据: 673 样本
[2026-04-24 21:55:21]   各class样本数: {0: 161, 1: 38, 2: 436, 3: 38}
[2026-04-24 21:55:21]   各class软标签(35%上限400): {0: 64, 1: 15, 2: 174, 3: 15}
[2026-04-24 21:55:21]   计划总软标签: 268
[2026-04-24 21:55:21]   各class详情:
[2026-04-24 21:55:21]     Class 0 (慢速走): 161样本 → 64软标签
[2026-04-24 21:55:21]     Class 1 (正常走): 38样本 → 15软标签
[2026-04-24 21:55:21]     Class 2 (站立): 436样本 → 174软标签
[2026-04-24 21:55:21]     Class 3 (活动): 38样本 → 15软标签
[2026-04-24 21:55:21] ============================================================
[2026-04-24 21:55:21]   GAIT 软标签生成 (T=0.7, max_tokens=5000)
[2026-04-24 21:55:21] ============================================================
[2026-04-24 21:55:21]   类别数: 4, 每类软标签: {0: 64, 1: 15, 2: 174, 3: 15}
[2026-04-24 21:55:21]   发现已有进度: /home/fandy/workplace/thesis/results/soft_labels/gait_soft.npy
[2026-04-24 21:55:21]      已填充: 673/673
[2026-04-24 21:55:21] 
[2026-04-24 21:55:21]   Class 0 (慢速走): 目标64 (56已有, 8待生成)
[2026-04-24 21:55:43]     [1] idx=259: REAL sum=1.0 max=0.8
[2026-04-24 21:56:01]     [2] idx=260: REAL sum=1.0 max=0.65
[2026-04-24 21:56:27]     [3] idx=265: REAL sum=1.0 max=0.85
[2026-04-24 21:56:53]     [4] idx=266: REAL sum=1.0 max=0.6
[2026-04-24 21:57:18]     [5] idx=271: REAL sum=1.0 max=0.85
[2026-04-24 21:57:18]   进度: +5已处理, 累计239真软标签, 已保存
[2026-04-24 21:57:47]     [6] idx=272: REAL sum=1.0 max=0.8
[2026-04-24 21:58:02]     [7] idx=274: REAL sum=1.0 max=0.85
[2026-04-24 21:58:19]     [8] idx=275: REAL sum=1.0 max=0.7
[2026-04-24 21:58:19] 
[2026-04-24 21:58:19] 
[2026-04-24 21:58:19]   Class 1 (正常走): 目标15 (13已有, 2待生成)
[2026-04-24 21:58:41]     [9] idx=196: REAL sum=1.0 max=0.88
[2026-04-24 21:59:00]     [10] idx=201: REAL sum=1.0 max=0.7
[2026-04-24 21:59:00]   进度: +10已处理, 累计244真软标签, 已保存
[2026-04-24 21:59:00] 
[2026-04-24 21:59:01] 
[2026-04-24 21:59:01]   Class 2 (站立): 目标174 (152已有, 22待生成)
[2026-04-24 21:59:15]     [11] idx=224: REAL sum=1.0 max=0.85
[2026-04-24 21:59:32]     [12] idx=226: REAL sum=1.0 max=0.75
[2026-04-24 21:59:44]     [13] idx=228: REAL sum=1.0 max=0.65
[2026-04-24 22:00:03]     [14] idx=230: REAL sum=1.0 max=0.88
[2026-04-24 22:00:23]     [15] idx=232: REAL sum=1.0 max=0.7
[2026-04-24 22:00:23]   进度: +15已处理, 累计249真软标签, 已保存
[2026-04-24 22:00:47]     [16] idx=233: REAL sum=1.0 max=0.7
[2026-04-24 22:01:05]     [17] idx=235: REAL sum=1.0 max=0.85
[2026-04-24 22:01:32]     [18] idx=236: REAL sum=1.0 max=0.7
[2026-04-24 22:01:43]     [19] idx=237: REAL sum=1.0 max=0.85
[2026-04-24 22:02:06]     [20] idx=239: REAL sum=1.0 max=0.7
[2026-04-24 22:02:06]   进度: +20已处理, 累计254真软标签, 已保存
[2026-04-24 22:02:20]     [21] idx=241: REAL sum=1.0 max=0.7
[2026-04-24 22:02:46]     [22] idx=242: REAL sum=1.0 max=0.55
[2026-04-24 22:03:12]     [23] idx=243: REAL sum=1.0 max=0.8
[2026-04-24 22:03:25]     [24] idx=244: REAL sum=1.0 max=0.87
[2026-04-24 22:03:41]     [25] idx=246: REAL sum=1.0 max=0.85
[2026-04-24 22:03:41]   进度: +25已处理, 累计259真软标签, 已保存
[2026-04-24 22:03:54]     [26] idx=247: REAL sum=1.0 max=0.8
[2026-04-24 22:04:22]     [27] idx=248: REAL sum=1.0 max=0.65
[2026-04-24 22:04:38]     [28] idx=249: REAL sum=1.0 max=0.8
[2026-04-24 22:05:01]     [29] idx=250: REAL sum=1.0 max=0.8
[2026-04-24 22:05:16]     [30] idx=251: REAL sum=1.0 max=0.85
[2026-04-24 22:05:16]   进度: +30已处理, 累计264真软标签, 已保存
[2026-04-24 22:05:33]     [31] idx=252: REAL sum=1.0 max=0.85
[2026-04-24 22:05:44]     [32] idx=253: REAL sum=1.0 max=0.75
[2026-04-24 22:05:44] 
[2026-04-24 22:05:44] 
[2026-04-24 22:05:44]   Class 3 (活动): 目标15 (13已有, 2待生成)
[2026-04-24 22:06:02]     [33] idx=319: REAL sum=1.0 max=0.8
[2026-04-24 22:06:20]     [34] idx=342: REAL sum=1.0 max=0.85
[2026-04-24 22:06:20] 
[2026-04-24 23:02:43]   训练数据: 673 样本
[2026-04-24 23:02:43]   各class样本数: {0: 161, 1: 38, 2: 436, 3: 38}
[2026-04-24 23:02:43]   各class软标签(35%上限400): {0: 64, 1: 15, 2: 174, 3: 15}
[2026-04-24 23:02:43]   计划总软标签: 268
[2026-04-24 23:02:43]   各class详情:
[2026-04-24 23:02:43]     Class 0 (慢速走): 161样本 → 64软标签
[2026-04-24 23:02:43]     Class 1 (正常走): 38样本 → 15软标签
[2026-04-24 23:02:43]     Class 2 (站立): 436样本 → 174软标签
[2026-04-24 23:02:43]     Class 3 (活动): 38样本 → 15软标签
[2026-04-24 23:02:43] ============================================================
[2026-04-24 23:02:43]   GAIT 软标签生成 (T=0.7, max_tokens=5000)
[2026-04-24 23:02:43] ============================================================
[2026-04-24 23:02:43]   类别数: 4, 每类软标签: {0: 64, 1: 15, 2: 174, 3: 15}
[2026-04-24 23:02:43]   发现已有进度: /home/fandy/workplace/thesis/results/soft_labels/gait_soft.npy
[2026-04-24 23:02:43]      已填充: 673/673
[2026-04-24 23:02:43] 
[2026-04-24 23:02:43]   Class 0 (慢速走): 目标64 (64已有, 0待生成)
[2026-04-24 23:02:43] 
[2026-04-24 23:02:43] 
[2026-04-24 23:02:43]   Class 1 (正常走): 目标15 (15已有, 0待生成)
[2026-04-24 23:02:43] 
[2026-04-24 23:02:43] 
[2026-04-24 23:02:43]   Class 2 (站立): 目标174 (174已有, 0待生成)
[2026-04-24 23:02:43] 
[2026-04-24 23:02:43] 
[2026-04-24 23:02:43]   Class 3 (活动): 目标15 (15已有, 0待生成)
[2026-04-24 23:02:43] 
[2026-04-24 23:30:55]   训练数据: 673 样本
[2026-04-24 23:30:55]   各class样本数: {0: 161, 1: 38, 2: 436, 3: 38}
[2026-04-24 23:30:55]   各class软标签(35%上限400): {0: 64, 1: 15, 2: 174, 3: 15}
[2026-04-24 23:30:55]   计划总软标签: 268
[2026-04-24 23:30:55]   各class详情:
[2026-04-24 23:30:55]     Class 0 (慢速走): 161样本 → 64软标签
[2026-04-24 23:30:55]     Class 1 (正常走): 38样本 → 15软标签
[2026-04-24 23:30:55]     Class 2 (站立): 436样本 → 174软标签
[2026-04-24 23:30:55]     Class 3 (活动): 38样本 → 15软标签
[2026-04-24 23:30:55] ============================================================
[2026-04-24 23:30:55]   GAIT 软标签生成 (T=0.7, max_tokens=5000)
[2026-04-24 23:30:55] ============================================================
[2026-04-24 23:30:55]   类别数: 4, 每类软标签: {0: 64, 1: 15, 2: 174, 3: 15}
[2026-04-24 23:30:55]   发现已有进度: /home/fandy/workplace/thesis/results/soft_labels/gait_soft.npy
[2026-04-24 23:30:55]      已填充: 673/673
[2026-04-24 23:30:55] 
[2026-04-24 23:30:55]   Class 0 (慢速走): 目标64 (64已有, 0待生成)
[2026-04-24 23:30:55] 
[2026-04-24 23:30:55] 
[2026-04-24 23:30:55]   Class 1 (正常走): 目标15 (15已有, 0待生成)
[2026-04-24 23:30:55] 
[2026-04-24 23:30:55] 
[2026-04-24 23:30:55]   Class 2 (站立): 目标174 (174已有, 0待生成)
[2026-04-24 23:30:55] 
[2026-04-24 23:30:55] 
[2026-04-24 23:30:55]   Class 3 (活动): 目标15 (15已有, 0待生成)
[2026-04-24 23:30:55] 
[2026-04-27 00:03:51]   训练数据: 673 样本
[2026-04-27 00:03:51]   各class样本数: {0: 161, 1: 38, 2: 436, 3: 38}
[2026-04-27 00:03:51]   各class软标签(35%上限400): {0: 64, 1: 15, 2: 174, 3: 15}
[2026-04-27 00:03:51]   计划总软标签: 268
[2026-04-27 00:03:51]   各class详情:
[2026-04-27 00:03:51]     Class 0 (慢速走): 161样本 → 64软标签
[2026-04-27 00:03:51]     Class 1 (正常走): 38样本 → 15软标签
[2026-04-27 00:03:51]     Class 2 (站立): 436样本 → 174软标签
[2026-04-27 00:03:51]     Class 3 (活动): 38样本 → 15软标签
[2026-04-27 00:03:51] ============================================================
[2026-04-27 00:03:51]   GAIT 软标签生成 (T=0.7, max_tokens=5000)
[2026-04-27 00:03:51] ============================================================
[2026-04-27 00:03:51]   类别数: 4, 每类软标签: {0: 64, 1: 15, 2: 174, 3: 15}
[2026-04-27 00:03:51]   发现已有进度: /home/fandy/workplace/thesis/results/soft_labels/gait_soft.npy
[2026-04-27 00:03:51]      已填充: 673/673
[2026-04-27 00:03:51] 
[2026-04-27 00:03:51]   Class 0 (慢速走): 目标64 (64已有, 0待生成)
[2026-04-27 00:03:51] 
[2026-04-27 00:03:51] 
[2026-04-27 00:03:51]   Class 1 (正常走): 目标15 (15已有, 0待生成)
[2026-04-27 00:03:51] 
[2026-04-27 00:03:51] 
[2026-04-27 00:03:51]   Class 2 (站立): 目标174 (174已有, 0待生成)
[2026-04-27 00:03:51] 
[2026-04-27 00:03:51] 
[2026-04-27 00:03:51]   Class 3 (活动): 目标15 (15已有, 0待生成)
[2026-04-27 00:03:51] 
[2026-04-27 10:41:18]   训练数据: 673 样本
[2026-04-27 10:41:18]   各class样本数: {0: 161, 1: 38, 2: 436, 3: 38}
[2026-04-27 10:41:18]   各class软标签(35%上限400): {0: 64, 1: 15, 2: 174, 3: 15}
[2026-04-27 10:41:18]   计划总软标签: 268
[2026-04-27 10:41:18]   各class详情:
[2026-04-27 10:41:18]     Class 0 (慢速走): 161样本 → 64软标签
[2026-04-27 10:41:18]     Class 1 (正常走): 38样本 → 15软标签
[2026-04-27 10:41:18]     Class 2 (站立): 436样本 → 174软标签
[2026-04-27 10:41:18]     Class 3 (活动): 38样本 → 15软标签
[2026-04-27 10:41:18] ============================================================
[2026-04-27 10:41:18]   GAIT 软标签生成 (T=0.7, max_tokens=5000)
[2026-04-27 10:41:18] ============================================================
[2026-04-27 10:41:18]   类别数: 4, 每类软标签: {0: 64, 1: 15, 2: 174, 3: 15}
[2026-04-27 10:41:18]   发现已有进度: /home/fandy/workplace/thesis/results/soft_labels/gait_soft.npy
[2026-04-27 10:41:18]      已填充: 673/673
[2026-04-27 10:41:18] 
[2026-04-27 10:41:18]   Class 0 (慢速走): 目标64 (64已有, 0待生成)
[2026-04-27 10:41:18] 
[2026-04-27 10:41:18] 
[2026-04-27 10:41:18]   Class 1 (正常走): 目标15 (15已有, 0待生成)
[2026-04-27 10:41:18] 
[2026-04-27 10:41:18] 
[2026-04-27 10:41:18]   Class 2 (站立): 目标174 (174已有, 0待生成)
[2026-04-27 10:41:18] 
[2026-04-27 10:41:18] 
[2026-04-27 10:41:18]   Class 3 (活动): 目标15 (15已有, 0待生成)
[2026-04-27 10:41:18] 
[2026-04-27 11:31:19]   训练数据: 673 样本
[2026-04-27 11:31:19]   各class样本数: {0: 161, 1: 38, 2: 436, 3: 38}
[2026-04-27 11:31:19]   各class软标签(35%上限400): {0: 64, 1: 15, 2: 174, 3: 15}
[2026-04-27 11:31:19]   计划总软标签: 268
[2026-04-27 11:31:19]   各class详情:
[2026-04-27 11:31:19]     Class 0 (慢速走): 161样本 → 64软标签
[2026-04-27 11:31:19]     Class 1 (正常走): 38样本 → 15软标签
[2026-04-27 11:31:19]     Class 2 (站立): 436样本 → 174软标签
[2026-04-27 11:31:19]     Class 3 (活动): 38样本 → 15软标签
[2026-04-27 11:31:19] ============================================================
[2026-04-27 11:31:19]   GAIT 软标签生成 (T=0.7, max_tokens=5000)
[2026-04-27 11:31:19] ============================================================
[2026-04-27 11:31:19]   类别数: 4, 每类软标签: {0: 64, 1: 15, 2: 174, 3: 15}
[2026-04-27 11:31:19]   发现已有进度: /home/fandy/workplace/thesis/results/soft_labels/gait_soft.npy
[2026-04-27 11:31:19]      已填充: 673/673
[2026-04-27 11:31:19] 
[2026-04-27 11:31:19]   Class 0 (慢速走): 目标64 (64已有, 0待生成)
[2026-04-27 11:31:19] 
[2026-04-27 11:31:19] 
[2026-04-27 11:31:19]   Class 1 (正常走): 目标15 (15已有, 0待生成)
[2026-04-27 11:31:19] 
[2026-04-27 11:31:19] 
[2026-04-27 11:31:19]   Class 2 (站立): 目标174 (174已有, 0待生成)
[2026-04-27 11:31:19] 
[2026-04-27 11:31:19] 
[2026-04-27 11:31:19]   Class 3 (活动): 目标15 (15已有, 0待生成)
[2026-04-27 11:31:19] 
[2026-04-27 13:10:26]   训练数据: 673 样本
[2026-04-27 13:10:26]   各class样本数: {0: 161, 1: 38, 2: 436, 3: 38}
[2026-04-27 13:10:26]   各class软标签(40%上限400): {0: 64, 1: 15, 2: 174, 3: 15}
[2026-04-27 13:10:26]   计划总软标签: 268
[2026-04-27 13:10:26]   各class详情:
[2026-04-27 13:10:26]     Class 0 (慢速走): 161样本 → 64软标签
[2026-04-27 13:10:26]     Class 1 (正常走): 38样本 → 15软标签
[2026-04-27 13:10:26]     Class 2 (站立): 436样本 → 174软标签
[2026-04-27 13:10:26]     Class 3 (活动): 38样本 → 15软标签
[2026-04-27 13:10:26] ============================================================
[2026-04-27 13:10:26]   GAIT 软标签生成 (T=0.7, max_tokens=5000)
[2026-04-27 13:10:26] ============================================================
[2026-04-27 13:10:26]   类别数: 4, 每类软标签: {0: 64, 1: 15, 2: 174, 3: 15}
[2026-04-27 13:10:26]   发现已有进度: /home/fandy/workplace/thesis/results/soft_labels/gait_soft.npy
[2026-04-27 13:10:26]      已填充: 673/673
[2026-04-27 13:10:26] 
[2026-04-27 13:10:26]   Class 0 (慢速走): 目标64 (64已有, 0待生成)
[2026-04-27 13:10:26] 
[2026-04-27 13:10:26] 
[2026-04-27 13:10:26]   Class 1 (正常走): 目标15 (15已有, 0待生成)
[2026-04-27 13:10:26] 
[2026-04-27 13:10:26] 
[2026-04-27 13:10:26]   Class 2 (站立): 目标174 (174已有, 0待生成)
[2026-04-27 13:10:26] 
[2026-04-27 13:10:26] 
[2026-04-27 13:10:26]   Class 3 (活动): 目标15 (15已有, 0待生成)
[2026-04-27 13:10:26] 
[2026-04-27 16:48:51]   训练数据: 673 样本
[2026-04-27 16:48:51]   各class样本数: {0: 161, 1: 38, 2: 436, 3: 38}
[2026-04-27 16:48:51]   各class软标签(40%上限400): {0: 64, 1: 15, 2: 174, 3: 15}
[2026-04-27 16:48:51]   计划总软标签: 268
[2026-04-27 16:48:51]   各class详情:
[2026-04-27 16:48:51]     Class 0 (慢速走): 161样本 → 64软标签
[2026-04-27 16:48:51]     Class 1 (正常走): 38样本 → 15软标签
[2026-04-27 16:48:51]     Class 2 (站立): 436样本 → 174软标签
[2026-04-27 16:48:51]     Class 3 (活动): 38样本 → 15软标签
[2026-04-27 16:48:51] ============================================================
[2026-04-27 16:48:51]   GAIT 软标签生成 (T=0.7, max_tokens=5000)
[2026-04-27 16:48:51] ============================================================
[2026-04-27 16:48:51]   类别数: 4, 每类软标签: {0: 64, 1: 15, 2: 174, 3: 15}
[2026-04-27 16:48:51]   发现已有进度: /home/fandy/workplace/thesis/results/soft_labels/gait_soft.npy
[2026-04-27 16:48:51]      已填充: 673/673
[2026-04-27 16:48:51] 
[2026-04-27 16:48:51]   Class 0 (慢速走): 目标64 (64已有, 0待生成)
[2026-04-27 16:48:51] 
[2026-04-27 16:48:51] 
[2026-04-27 16:48:51]   Class 1 (正常走): 目标15 (15已有, 0待生成)
[2026-04-27 16:48:51] 
[2026-04-27 16:48:51] 
[2026-04-27 16:48:51]   Class 2 (站立): 目标174 (174已有, 0待生成)
[2026-04-27 16:48:51] 
[2026-04-27 16:48:51] 
[2026-04-27 16:48:51]   Class 3 (活动): 目标15 (15已有, 0待生成)
[2026-04-27 16:48:51] 
[2026-04-27 18:39:35]   训练数据: 673 样本
[2026-04-27 18:39:35]   各class样本数: {0: 161, 1: 38, 2: 436, 3: 38}
[2026-04-27 18:39:35]   各class软标签(40%上限400): {0: 64, 1: 15, 2: 174, 3: 15}
[2026-04-27 18:39:35]   计划总软标签: 268
[2026-04-27 18:39:35]   各class详情:
[2026-04-27 18:39:35]     Class 0 (慢速走): 161样本 → 64软标签
[2026-04-27 18:39:35]     Class 1 (正常走): 38样本 → 15软标签
[2026-04-27 18:39:35]     Class 2 (站立): 436样本 → 174软标签
[2026-04-27 18:39:35]     Class 3 (活动): 38样本 → 15软标签
[2026-04-27 18:39:35] ============================================================
[2026-04-27 18:39:35]   GAIT 软标签生成 (T=0.7, max_tokens=5000)
[2026-04-27 18:39:35] ============================================================
[2026-04-27 18:39:35]   类别数: 4, 每类软标签: {0: 64, 1: 15, 2: 174, 3: 15}
[2026-04-27 18:39:35]   发现已有进度: /home/fandy/workplace/thesis/results/soft_labels/gait_soft.npy
[2026-04-27 18:39:35]      已填充: 673/673
[2026-04-27 18:39:35] 
[2026-04-27 18:39:35]   Class 0 (慢速走): 目标64 (64已有, 0待生成)
[2026-04-27 18:39:35] 
[2026-04-27 18:39:35] 
[2026-04-27 18:39:35]   Class 1 (正常走): 目标15 (15已有, 0待生成)
[2026-04-27 18:39:35] 
[2026-04-27 18:39:35] 
[2026-04-27 18:39:35]   Class 2 (站立): 目标174 (174已有, 0待生成)
[2026-04-27 18:39:35] 
[2026-04-27 18:39:35] 
[2026-04-27 18:39:35]   Class 3 (活动): 目标15 (15已有, 0待生成)
[2026-04-27 18:39:35] 
[2026-04-28 00:03:56]   训练数据: 673 样本
[2026-04-28 00:03:56]   各class样本数: {0: 161, 1: 38, 2: 436, 3: 38}
[2026-04-28 00:03:56]   各class软标签(40%上限400): {0: 64, 1: 15, 2: 174, 3: 15}
[2026-04-28 00:03:56]   计划总软标签: 268
[2026-04-28 00:03:56]   各class详情:
[2026-04-28 00:03:56]     Class 0 (慢速走): 161样本 → 64软标签
[2026-04-28 00:03:56]     Class 1 (正常走): 38样本 → 15软标签
[2026-04-28 00:03:56]     Class 2 (站立): 436样本 → 174软标签
[2026-04-28 00:03:56]     Class 3 (活动): 38样本 → 15软标签
[2026-04-28 00:03:56] ============================================================
[2026-04-28 00:03:56]   GAIT 软标签生成 (T=0.7, max_tokens=5000)
[2026-04-28 00:03:56] ============================================================
[2026-04-28 00:03:56]   类别数: 4, 每类软标签: {0: 64, 1: 15, 2: 174, 3: 15}
[2026-04-28 00:03:56]   发现已有进度: /home/fandy/workplace/thesis/results/soft_labels/gait_soft.npy
[2026-04-28 00:03:56]      已填充: 673/673
[2026-04-28 00:03:56] 
[2026-04-28 00:03:56]   Class 0 (慢速走): 目标64 (64已有, 0待生成)
[2026-04-28 00:03:56] 
[2026-04-28 00:03:56] 
[2026-04-28 00:03:56]   Class 1 (正常走): 目标15 (15已有, 0待生成)
[2026-04-28 00:03:56] 
[2026-04-28 00:03:56] 
[2026-04-28 00:03:56]   Class 2 (站立): 目标174 (174已有, 0待生成)
[2026-04-28 00:03:56] 
[2026-04-28 00:03:56] 
[2026-04-28 00:03:56]   Class 3 (活动): 目标15 (15已有, 0待生成)
[2026-04-28 00:03:56] 
[2026-04-28 00:11:57]   训练数据: 673 样本
[2026-04-28 00:11:57]   各class样本数: {0: 161, 1: 38, 2: 436, 3: 38}
[2026-04-28 00:11:57]   各class软标签(40%上限400): {0: 64, 1: 15, 2: 174, 3: 15}
[2026-04-28 00:11:57]   计划总软标签: 268
[2026-04-28 00:11:57]   各class详情:
[2026-04-28 00:11:57]     Class 0 (慢速走): 161样本 → 64软标签
[2026-04-28 00:11:57]     Class 1 (正常走): 38样本 → 15软标签
[2026-04-28 00:11:57]     Class 2 (站立): 436样本 → 174软标签
[2026-04-28 00:11:57]     Class 3 (活动): 38样本 → 15软标签
[2026-04-28 00:11:57] ============================================================
[2026-04-28 00:11:57]   GAIT 软标签生成 (T=0.7, max_tokens=5000)
[2026-04-28 00:11:57] ============================================================
[2026-04-28 00:11:57]   类别数: 4, 每类软标签: {0: 64, 1: 15, 2: 174, 3: 15}
[2026-04-28 00:11:57]   发现已有进度: /home/fandy/workplace/thesis/results/soft_labels/gait_soft.npy
[2026-04-28 00:11:57]      已填充: 673/673
[2026-04-28 00:11:57] 
[2026-04-28 00:11:57]   Class 0 (慢速走): 目标64 (64已有, 0待生成)
[2026-04-28 00:11:57] 
[2026-04-28 00:11:57] 
[2026-04-28 00:11:57]   Class 1 (正常走): 目标15 (15已有, 0待生成)
[2026-04-28 00:11:57] 
[2026-04-28 00:11:57] 
[2026-04-28 00:11:57]   Class 2 (站立): 目标174 (174已有, 0待生成)
[2026-04-28 00:11:57] 
[2026-04-28 00:11:57] 
[2026-04-28 00:11:57]   Class 3 (活动): 目标15 (15已有, 0待生成)
[2026-04-28 00:11:57] 
[2026-04-28 00:22:37]   训练数据: 673 样本
[2026-04-28 00:22:37]   各class样本数: {0: 161, 1: 38, 2: 436, 3: 38}
[2026-04-28 00:22:37]   各class软标签(40%上限400): {0: 64, 1: 15, 2: 174, 3: 15}
[2026-04-28 00:22:37]   计划总软标签: 268
[2026-04-28 00:22:37]   各class详情:
[2026-04-28 00:22:37]     Class 0 (慢速走): 161样本 → 64软标签
[2026-04-28 00:22:37]     Class 1 (正常走): 38样本 → 15软标签
[2026-04-28 00:22:37]     Class 2 (站立): 436样本 → 174软标签
[2026-04-28 00:22:37]     Class 3 (活动): 38样本 → 15软标签
[2026-04-28 00:22:37] ============================================================
[2026-04-28 00:22:37]   GAIT 软标签生成 (T=0.7, max_tokens=5000)
[2026-04-28 00:22:37] ============================================================
[2026-04-28 00:22:37]   类别数: 4, 每类软标签: {0: 64, 1: 15, 2: 174, 3: 15}
[2026-04-28 00:22:37]   发现已有进度: /home/fandy/workplace/thesis/results/soft_labels/gait_soft.npy
[2026-04-28 00:22:37]      已填充: 673/673
[2026-04-28 00:22:37] 
[2026-04-28 00:22:37]   Class 0 (慢速走): 目标64 (64已有, 0待生成)
[2026-04-28 00:22:37] 
[2026-04-28 00:22:37] 
[2026-04-28 00:22:37]   Class 1 (正常走): 目标15 (15已有, 0待生成)
[2026-04-28 00:22:37] 
[2026-04-28 00:22:37] 
[2026-04-28 00:22:37]   Class 2 (站立): 目标174 (174已有, 0待生成)
[2026-04-28 00:22:37] 
[2026-04-28 00:22:37] 
[2026-04-28 00:22:37]   Class 3 (活动): 目标15 (15已有, 0待生成)
[2026-04-28 00:22:37] 
