[2026-04-27 10:42:34] [Proc 7] 启动，35秒后开始（避免并发冲突）
[2026-04-27 10:43:09] [数据] 从缓存加载: X_tr=/home/fandy/workplace/thesis/results/soft_labels/kuhar_X_tr.npy
[2026-04-27 10:43:09] [Proc 7] 类 7 (Pick): 3909样本, 目标400, 已有0, 需生成400
[2026-04-27 10:43:41]   [1/400 · 0%] idx=15: ✅REAL max=0.750 (32078ms) ETA=12799s
[2026-04-27 10:44:31]   [2/400 · 0%] idx=16: ✅REAL max=0.600 (48676ms) ETA=16270s
[2026-04-27 10:46:45]   [3/400 · 1%] idx=42: ✅REAL max=0.550 (57392ms) ETA=28612s
[2026-04-27 10:47:45]   [4/400 · 1%] idx=53: ✅REAL max=0.290 (58716ms) ETA=27317s
[2026-04-27 10:48:21]   [5/400 · 1%] idx=64: ✅REAL max=0.450 (35619ms) ETA=24693s
[2026-04-27 10:49:20]   [6/400 · 2%] idx=68: ✅REAL max=0.700 (57126ms) ETA=24343s
[2026-04-27 10:51:21]   [7/400 · 2%] idx=80: ✅REAL max=0.250 (120052ms) ETA=27609s
[2026-04-27 11:22:36]   [8/400 · 2%] idx=86: ✅REAL max=0.540 (193137ms) ETA=115988s
[2026-04-27 11:32:34] [Proc 7] 启动，35秒后开始（避免并发冲突）
[2026-04-27 11:33:09] [数据] 从缓存加载: X_tr=/home/fandy/workplace/thesis/results/soft_labels/kuhar_X_tr.npy
[2026-04-27 11:33:09] [Proc 7] 类 7 (Pick): 3909样本, 目标400, 已有8, 需生成392
[2026-04-27 11:33:57]   [1/392 · 0%] idx=102: ✅REAL max=0.450 (47751ms) ETA=18671s
[2026-04-27 11:34:46]   [2/392 · 1%] idx=129: ✅REAL max=0.430 (47665ms) ETA=18802s
[2026-04-27 11:35:52]   [3/392 · 1%] idx=190: ✅REAL max=0.450 (65279ms) ETA=21097s
[2026-04-27 11:36:55]   [4/392 · 1%] idx=202: ✅REAL max=0.711 (61676ms) ETA=21863s
[2026-04-27 11:37:30]   [5/392 · 1%] idx=216: ✅REAL max=0.550 (34520ms) ETA=20195s
[2026-04-27 11:37:55]   [6/392 · 2%] idx=265: ✅REAL max=0.644 (24037ms) ETA=18396s
[2026-04-27 11:38:29]   [7/392 · 2%] idx=270: ✅REAL max=0.444 (32689ms) ETA=17581s
[2026-04-27 11:39:23]   [8/392 · 2%] idx=275: ✅REAL max=0.545 (53208ms) ETA=17945s
[2026-04-27 11:40:17]   [9/392 · 2%] idx=280: ✅REAL max=0.200 (52770ms) ETA=18198s
[2026-04-27 11:41:09]   [10/392 · 3%] idx=296: ✅REAL max=0.400 (51499ms) ETA=18341s
[2026-04-27 11:42:11]   [11/392 · 3%] idx=309: ✅REAL max=0.510 (60675ms) ETA=18767s
[2026-04-27 11:42:41]   [12/392 · 3%] idx=338: ✅REAL max=0.340 (28929ms) ETA=18106s
[2026-04-27 11:43:08]   [13/392 · 3%] idx=347: ✅REAL max=0.440 (26290ms) ETA=17465s
[2026-04-27 11:47:09]   [14/392 · 4%] idx=351: ✅REAL max=0.480 (109477ms) ETA=22667s
[2026-04-27 11:47:49]   [15/392 · 4%] idx=370: ✅REAL max=0.210 (39088ms) ETA=22107s
[2026-04-27 11:48:37]   [16/392 · 4%] idx=392: ✅REAL max=0.330 (47408ms) ETA=21808s
[2026-04-27 11:49:13]   [17/392 · 4%] idx=442: ✅REAL max=0.600 (34334ms) ETA=21250s
[2026-04-27 11:49:47]   [18/392 · 5%] idx=444: ✅REAL max=0.550 (33390ms) ETA=20731s
[2026-04-27 11:50:32]   [19/392 · 5%] idx=466: ✅REAL max=0.450 (43773ms) ETA=20466s
[2026-04-27 11:51:23]   [20/392 · 5%] idx=469: ✅REAL max=0.300 (50221ms) ETA=20344s
[2026-04-27 11:51:23]   💾 [20/392] 进度已保存
[2026-04-27 11:52:43]   [21/392 · 5%] idx=470: ✅REAL max=0.460 (79020ms) ETA=20737s
[2026-04-27 11:53:51]   [22/392 · 6%] idx=483: ✅REAL max=0.449 (66928ms) ETA=20883s
[2026-04-27 11:54:23]   [23/392 · 6%] idx=485: ✅REAL max=0.550 (31363ms) ETA=20441s
[2026-04-27 11:55:15]   [24/392 · 6%] idx=497: ✅REAL max=0.370 (50604ms) ETA=20327s
[2026-04-27 11:55:52]   [25/392 · 6%] idx=506: ✅REAL max=0.400 (36051ms) ETA=20005s
[2026-04-27 11:56:26]   [26/392 · 7%] idx=516: ✅REAL max=0.450 (33446ms) ETA=19668s
[2026-04-27 11:59:06]   [27/392 · 7%] idx=531: ✅REAL max=0.424 (61933ms) ETA=21045s
[2026-04-27 11:59:57]   [28/392 · 7%] idx=537: ✅REAL max=0.200 (49787ms) ETA=20898s
[2026-04-27 12:01:44]   [29/392 · 7%] idx=566: ✅REAL max=0.885 (49911ms) ETA=21460s
[2026-04-27 12:02:25]   [30/392 · 8%] idx=567: ✅REAL max=0.330 (40533ms) ETA=21189s
[2026-04-27 12:03:40]   [31/392 · 8%] idx=568: ✅REAL max=0.480 (73996ms) ETA=21322s
[2026-04-27 12:04:24]   [32/392 · 8%] idx=573: ✅REAL max=0.500 (43112ms) ETA=21095s
[2026-04-27 12:05:15]   [33/392 · 8%] idx=584: ✅REAL max=0.390 (49957ms) ETA=20953s
[2026-04-27 12:05:40]   [34/392 · 9%] idx=609: ✅REAL max=0.500 (23728ms) ETA=20541s
[2026-04-27 12:08:29]   [35/392 · 9%] idx=615: ✅REAL max=0.410 (88377ms) ETA=21625s
[2026-04-27 12:14:52]   ⚠️ idx=632 API彻底失败，标记为耗尽，设置one-hot
[2026-04-27 12:15:49]   [36/392 · 9%] idx=637: ✅REAL max=0.440 (56816ms) ETA=25313s
[2026-04-27 12:16:30]   [37/392 · 9%] idx=682: ✅REAL max=0.730 (40189ms) ETA=24955s
[2026-04-27 12:17:30]   [38/392 · 10%] idx=684: ✅REAL max=0.360 (58404ms) ETA=24784s
[2026-04-27 12:18:13]   [39/392 · 10%] idx=716: ✅REAL max=0.446 (42136ms) ETA=24470s
[2026-04-27 12:19:10]   [40/392 · 10%] idx=727: ✅REAL max=0.700 (55966ms) ETA=24292s
[2026-04-27 12:19:10]   💾 [40/392] 进度已保存
[2026-04-27 12:19:56]   [41/392 · 10%] idx=735: ✅REAL max=0.441 (45702ms) ETA=24032s
[2026-04-27 12:20:30]   [42/392 · 11%] idx=774: ✅REAL max=0.400 (32945ms) ETA=23676s
[2026-04-27 12:21:17]   [43/392 · 11%] idx=807: ✅REAL max=0.270 (45614ms) ETA=23438s
[2026-04-27 12:22:06]   [44/392 · 11%] idx=812: ✅REAL max=0.350 (47988ms) ETA=23227s
[2026-04-27 12:23:15]   [45/392 · 11%] idx=816: ✅REAL max=0.381 (67623ms) ETA=23175s
[2026-04-27 12:24:00]   [46/392 · 12%] idx=837: ✅REAL max=0.250 (44205ms) ETA=22946s
[2026-04-27 12:25:02]   [47/392 · 12%] idx=842: ✅REAL max=0.400 (61520ms) ETA=22852s
[2026-04-27 12:26:13]   [48/392 · 12%] idx=861: ✅REAL max=0.295 (69399ms) ETA=22815s
[2026-04-27 12:27:32]   [49/392 · 12%] idx=863: ✅REAL max=0.450 (78722ms) ETA=22843s
[2026-04-27 12:28:49]   [50/392 · 13%] idx=887: ✅REAL max=0.555 (75495ms) ETA=22844s
[2026-04-27 12:29:27]   [51/392 · 13%] idx=929: ✅REAL max=0.450 (37111ms) ETA=22585s
[2026-04-27 12:30:25]   [52/392 · 13%] idx=937: ✅REAL max=0.459 (56813ms) ETA=22464s
[2026-04-27 12:31:05]   [53/392 · 14%] idx=956: ✅REAL max=0.680 (38894ms) ETA=22231s
[2026-04-27 12:31:55]   [54/392 · 14%] idx=972: ✅REAL max=0.570 (48754ms) ETA=22066s
[2026-04-27 12:32:43]   [55/392 · 14%] idx=981: ✅REAL max=0.300 (47615ms) ETA=21899s
[2026-04-27 12:33:28]   [56/392 · 14%] idx=983: ✅REAL max=0.500 (44157ms) ETA=21715s
[2026-04-27 12:34:00]   [57/392 · 15%] idx=989: ✅REAL max=0.630 (31065ms) ETA=21459s
[2026-04-27 12:35:13]   [58/392 · 15%] idx=991: ✅REAL max=0.350 (71277ms) ETA=21442s
[2026-04-27 12:37:50]   [59/392 · 15%] idx=998: ✅REAL max=0.480 (156136ms) ETA=21903s
[2026-04-27 12:38:36]   [60/392 · 15%] idx=999: ✅REAL max=0.550 (44748ms) ETA=21726s
[2026-04-27 12:38:36]   💾 [60/392] 进度已保存
[2026-04-27 12:39:29]   [61/392 · 16%] idx=1014: ✅REAL max=0.300 (52693ms) ETA=21597s
[2026-04-27 12:40:19]   [62/392 · 16%] idx=1020: ✅REAL max=0.280 (48983ms) ETA=21450s
[2026-04-27 12:41:11]   [63/392 · 16%] idx=1096: ✅REAL max=0.360 (50453ms) ETA=21315s
[2026-04-27 12:42:08]   [64/392 · 16%] idx=1132: ✅REAL max=0.594 (56441ms) ETA=21212s
[2026-04-27 12:42:51]   [65/392 · 17%] idx=1134: ✅REAL max=0.670 (42080ms) ETA=21039s
[2026-04-27 12:44:22]   [66/392 · 17%] idx=1135: ✅REAL max=0.350 (89985ms) ETA=21106s
[2026-04-27 12:45:16]   [67/392 · 17%] idx=1139: ✅REAL max=0.560 (52757ms) ETA=20988s
[2026-04-27 12:45:56]   [68/392 · 17%] idx=1141: ✅REAL max=0.350 (39256ms) ETA=20808s
[2026-04-27 12:46:55]   [69/392 · 18%] idx=1172: ✅REAL max=0.360 (58170ms) ETA=20720s
[2026-04-27 12:48:10]   [70/392 · 18%] idx=1187: ✅REAL max=0.360 (73909ms) ETA=20705s
[2026-04-27 12:49:12]   [71/392 · 18%] idx=1220: ✅REAL max=0.330 (60781ms) ETA=20630s
[2026-04-27 12:49:57]   [72/392 · 18%] idx=1257: ✅REAL max=0.650 (43535ms) ETA=20478s
[2026-04-27 12:52:32]   [73/392 · 19%] idx=1266: ✅REAL max=0.250 (56044ms) ETA=20814s
[2026-04-27 12:53:25]   [74/392 · 19%] idx=1293: ✅REAL max=0.250 (51742ms) ETA=20695s
[2026-04-27 12:54:27]   [75/392 · 19%] idx=1303: ✅REAL max=0.450 (61327ms) ETA=20618s
[2026-04-27 12:55:08]   [76/392 · 19%] idx=1307: ✅REAL max=0.460 (39226ms) ETA=20450s
[2026-04-27 12:56:39]   [77/392 · 20%] idx=1327: ✅REAL max=0.380 (90628ms) ETA=20495s
[2026-04-27 12:57:26]   [78/392 · 20%] idx=1348: ✅REAL max=0.534 (45751ms) ETA=20356s
[2026-04-27 12:58:04]   [79/392 · 20%] idx=1376: ✅REAL max=0.300 (36932ms) ETA=20185s
[2026-04-27 12:58:52]   [80/392 · 20%] idx=1389: ✅REAL max=0.700 (47603ms) ETA=20059s
[2026-04-27 12:58:52]   💾 [80/392] 进度已保存
[2026-04-27 13:11:41] [Proc 7] 启动，35秒后开始（避免并发冲突）
[2026-04-27 13:12:16] [数据] 从缓存加载: X_tr=/home/fandy/workplace/thesis/results/soft_labels/kuhar_X_tr.npy
[2026-04-27 13:12:16] [Proc 7] 类 7 (Pick): 3909样本, 目标400, 已有88, 需生成312
[2026-04-27 13:13:04]   [1/312 · 0%] idx=1398: ✅REAL max=0.740 (48023ms) ETA=14935s
[2026-04-27 13:13:44]   [2/312 · 1%] idx=1408: ✅REAL max=0.300 (38868ms) ETA=13625s
[2026-04-27 13:14:55]   [3/312 · 1%] idx=1420: ✅REAL max=0.405 (69646ms) ETA=16331s
[2026-04-27 13:16:02]   [4/312 · 1%] idx=1432: ✅REAL max=0.550 (66258ms) ETA=17388s
[2026-04-27 13:16:46]   [5/312 · 2%] idx=1435: ✅REAL max=0.570 (42748ms) ETA=16551s
[2026-04-27 13:19:26]   [6/312 · 2%] idx=1496: ✅REAL max=0.800 (50053ms) ETA=21949s
[2026-04-27 13:20:10]   [7/312 · 2%] idx=1507: ✅REAL max=0.350 (42749ms) ETA=20658s
[2026-04-27 13:21:18]   [8/312 · 3%] idx=1514: ✅REAL max=0.300 (66306ms) ETA=20574s
[2026-04-27 13:22:38]   [9/312 · 3%] idx=1531: ✅REAL max=0.545 (79567ms) ETA=20941s
[2026-04-27 13:25:25]   [10/312 · 3%] idx=1534: ✅REAL max=0.500 (74877ms) ETA=23839s
[2026-04-27 13:26:03]   [11/312 · 4%] idx=1540: ✅REAL max=0.450 (36355ms) ETA=22622s
[2026-04-27 13:26:52]   [12/312 · 4%] idx=1544: ✅REAL max=0.380 (47743ms) ETA=21887s
[2026-04-27 13:27:32]   [13/312 · 4%] idx=1564: ✅REAL max=0.550 (39495ms) ETA=21068s
[2026-04-27 13:28:32]   [14/312 · 4%] idx=1573: ✅REAL max=0.300 (59105ms) ETA=20777s
[2026-04-27 13:29:53]   [15/312 · 5%] idx=1574: ✅REAL max=0.480 (79425ms) ETA=20919s
[2026-04-27 13:30:52]   [16/312 · 5%] idx=1578: ✅REAL max=0.400 (58252ms) ETA=20642s
[2026-04-27 13:34:59]   [17/312 · 5%] idx=1635: ✅REAL max=0.450 (94221ms) ETA=23651s
[2026-04-27 13:35:41]   [18/312 · 6%] idx=1653: ✅REAL max=0.550 (40699ms) ETA=22942s
[2026-04-27 13:36:30]   [19/312 · 6%] idx=1661: ✅REAL max=0.750 (48345ms) ETA=22422s
[2026-04-27 13:37:19]   [20/312 · 6%] idx=1713: ✅REAL max=0.430 (48114ms) ETA=21945s
[2026-04-27 13:37:19]   💾 [20/312] 进度已保存
[2026-04-27 13:38:02]   [21/312 · 7%] idx=1717: ✅REAL max=0.693 (42203ms) ETA=21427s
[2026-04-27 13:38:52]   [22/312 · 7%] idx=1721: ✅REAL max=0.350 (48085ms) ETA=21030s
[2026-04-27 13:39:40]   [23/312 · 7%] idx=1741: ✅REAL max=0.750 (47095ms) ETA=20651s
[2026-04-27 13:40:31]   [24/312 · 8%] idx=1742: ✅REAL max=0.446 (50237ms) ETA=20337s
[2026-04-27 13:42:07]   [25/312 · 8%] idx=1751: ✅REAL max=0.500 (95180ms) ETA=20560s
[2026-04-27 13:43:07]   [26/312 · 8%] idx=1759: ✅REAL max=0.460 (58923ms) ETA=20359s
[2026-04-27 13:44:35]   [27/312 · 9%] idx=1788: ✅REAL max=0.450 (87269ms) ETA=20469s
[2026-04-27 13:45:48]   [28/312 · 9%] idx=1792: ✅REAL max=0.550 (71398ms) ETA=20403s
[2026-04-27 13:46:55]   [29/312 · 9%] idx=1803: ✅REAL max=0.420 (66843ms) ETA=20292s
[2026-04-27 13:48:15]   [30/312 · 10%] idx=1814: ✅REAL max=0.280 (78572ms) ETA=20294s
[2026-04-27 13:49:14]   [31/312 · 10%] idx=1817: ✅REAL max=0.570 (58350ms) ETA=20108s
[2026-04-27 13:50:05]   [32/312 · 10%] idx=1879: ✅REAL max=0.552 (49618ms) ETA=19853s
[2026-04-27 13:51:34]   [33/312 · 11%] idx=1886: ✅REAL max=0.680 (88099ms) ETA=19936s
[2026-04-27 13:52:09]   [34/312 · 11%] idx=1905: ✅REAL max=0.330 (33658ms) ETA=19564s
[2026-04-27 13:54:33]   [35/312 · 11%] idx=1908: ✅REAL max=0.700 (143297ms) ETA=20079s
[2026-04-27 13:55:42]   [36/312 · 12%] idx=1920: ✅REAL max=0.750 (68314ms) ETA=19982s
[2026-04-27 13:56:58]   [37/312 · 12%] idx=1950: ✅REAL max=0.310 (74389ms) ETA=19932s
[2026-04-27 13:57:46]   [38/312 · 12%] idx=1954: ✅REAL max=0.670 (46870ms) ETA=19682s
[2026-04-27 13:58:49]   [39/312 · 12%] idx=2010: ✅REAL max=0.550 (62038ms) ETA=19548s
[2026-04-27 14:00:23]   [40/312 · 13%] idx=2037: ✅REAL max=0.335 (92992ms) ETA=19629s
[2026-04-27 14:00:23]   💾 [40/312] 进度已保存
[2026-04-27 14:01:25]   [41/312 · 13%] idx=2041: ✅REAL max=0.340 (61244ms) ETA=19491s
[2026-04-27 14:02:20]   [42/312 · 13%] idx=2044: ✅REAL max=0.561 (54071ms) ETA=19311s
[2026-04-27 14:03:15]   [43/312 · 14%] idx=2052: ✅REAL max=0.500 (53469ms) ETA=19133s
[2026-04-27 14:04:03]   [44/312 · 14%] idx=2068: ✅REAL max=0.450 (47268ms) ETA=18923s
[2026-04-27 14:05:30]   [45/312 · 14%] idx=2083: ✅REAL max=0.440 (86253ms) ETA=18951s
[2026-04-27 14:06:39]   [46/312 · 15%] idx=2093: ✅REAL max=0.330 (67700ms) ETA=18867s
[2026-04-27 14:08:26]   [47/312 · 15%] idx=2126: ✅REAL max=0.400 (106068ms) ETA=19000s
[2026-04-27 14:10:05]   [48/312 · 15%] idx=2135: ✅REAL max=0.449 (98019ms) ETA=19078s
[2026-04-27 14:11:18]   [49/312 · 16%] idx=2140: ✅REAL max=0.500 (71779ms) ETA=19009s
[2026-04-27 14:13:06]   [50/312 · 16%] idx=2151: ✅REAL max=0.300 (107127ms) ETA=19124s
[2026-04-27 14:14:25]   [51/312 · 16%] idx=2180: ✅REAL max=0.343 (78028ms) ETA=19082s
[2026-04-27 14:15:45]   [52/312 · 17%] idx=2184: ✅REAL max=0.280 (79466ms) ETA=19046s
[2026-04-27 14:16:23]   [53/312 · 17%] idx=2201: ✅REAL max=0.450 (37088ms) ETA=18801s
[2026-04-27 14:17:03]   [54/312 · 17%] idx=2215: ✅REAL max=0.450 (38144ms) ETA=18569s
[2026-04-27 14:18:33]   [55/312 · 18%] idx=2221: ✅REAL max=0.400 (89445ms) ETA=18583s
[2026-04-27 14:21:53]   [56/312 · 18%] idx=2235: ✅REAL max=0.530 (99020ms) ETA=19096s
[2026-04-27 14:22:25]   [57/312 · 18%] idx=2255: ✅REAL max=0.300 (30936ms) ETA=18830s
[2026-04-27 14:23:26]   [58/312 · 19%] idx=2267: ✅REAL max=0.390 (60050ms) ETA=18700s
[2026-04-27 14:25:17]   [59/312 · 19%] idx=2269: ✅REAL max=0.480 (109367ms) ETA=18784s
[2026-04-27 14:26:50]   [60/312 · 19%] idx=2270: ✅REAL max=0.470 (92661ms) ETA=18792s
[2026-04-27 14:26:50]   💾 [60/312] 进度已保存
[2026-04-27 14:27:57]   [61/312 · 20%] idx=2290: ✅REAL max=0.280 (65335ms) ETA=18683s
[2026-04-27 14:28:54]   [62/312 · 20%] idx=2311: ✅REAL max=0.310 (55911ms) ETA=18538s
[2026-04-27 14:29:43]   [63/312 · 20%] idx=2314: ✅REAL max=0.500 (48671ms) ETA=18367s
[2026-04-27 14:30:34]   [64/312 · 21%] idx=2317: ✅REAL max=0.500 (49615ms) ETA=18204s
[2026-04-27 14:33:26]   [65/312 · 21%] idx=2364: ✅REAL max=0.390 (93431ms) ETA=18504s
[2026-04-27 14:34:30]   [66/312 · 21%] idx=2370: ✅REAL max=0.400 (63916ms) ETA=18392s
[2026-04-27 14:35:42]   [67/312 · 21%] idx=2451: ✅REAL max=0.450 (70273ms) ETA=18304s
[2026-04-27 14:36:24]   [68/312 · 22%] idx=2488: ✅REAL max=0.449 (41556ms) ETA=18114s
[2026-04-27 14:37:55]   [69/312 · 22%] idx=2499: ✅REAL max=0.644 (89401ms) ETA=18097s
[2026-04-27 14:39:24]   [70/312 · 22%] idx=2514: ✅REAL max=0.600 (88808ms) ETA=18075s
[2026-04-27 14:40:16]   [71/312 · 23%] idx=2518: ✅REAL max=0.450 (50068ms) ETA=17920s
[2026-04-27 14:41:03]   [72/312 · 23%] idx=2520: ✅REAL max=0.690 (46752ms) ETA=17757s
[2026-04-27 14:42:25]   [73/312 · 23%] idx=2530: ✅REAL max=0.550 (80678ms) ETA=17709s
[2026-04-27 14:43:00]   [74/312 · 24%] idx=2535: ✅REAL max=0.650 (34353ms) ETA=17510s
[2026-04-27 14:43:45]   [75/312 · 24%] idx=2546: ✅REAL max=0.370 (43471ms) ETA=17344s
[2026-04-27 14:44:32]   [76/312 · 24%] idx=2551: ✅REAL max=0.380 (45822ms) ETA=17189s
[2026-04-27 14:45:26]   [77/312 · 25%] idx=2567: ✅REAL max=0.410 (53286ms) ETA=17060s
[2026-04-27 14:46:42]   [78/312 · 25%] idx=2577: ✅REAL max=0.450 (75411ms) ETA=16999s
[2026-04-27 14:48:13]   [79/312 · 25%] idx=2584: ✅REAL max=0.285 (89632ms) ETA=16979s
[2026-04-27 14:49:10]   [80/312 · 26%] idx=2609: ✅REAL max=0.750 (55682ms) ETA=16859s
[2026-04-27 14:49:10]   💾 [80/312] 进度已保存
[2026-04-27 14:49:39]   [81/312 · 26%] idx=2610: ✅REAL max=0.539 (27885ms) ETA=16662s
[2026-04-27 14:50:41]   [82/312 · 26%] idx=2661: ✅REAL max=0.550 (61124ms) ETA=16562s
[2026-04-27 14:52:15]   [83/312 · 27%] idx=2680: ✅REAL max=0.357 (93123ms) ETA=16551s
[2026-04-27 14:52:43]   [84/312 · 27%] idx=2728: ✅REAL max=0.700 (26734ms) ETA=16358s
[2026-04-27 14:53:30]   [85/312 · 27%] idx=2746: ✅REAL max=0.480 (46702ms) ETA=16222s
[2026-04-27 14:54:34]   [86/312 · 28%] idx=2747: ✅REAL max=0.280 (62600ms) ETA=16130s
[2026-04-27 14:55:51]   [87/312 · 28%] idx=2753: ✅REAL max=0.470 (75747ms) ETA=16072s
[2026-04-27 14:57:39]   [88/312 · 28%] idx=2775: ✅REAL max=0.250 (107522ms) ETA=16095s
[2026-04-27 14:59:10]   [89/312 · 29%] idx=2779: ✅REAL max=0.400 (89382ms) ETA=16070s
[2026-04-27 15:04:06]   [90/312 · 29%] idx=2810: ✅REAL max=0.850 (295515ms) ETA=16551s
[2026-04-27 15:05:23]   [91/312 · 29%] idx=2845: ✅REAL max=0.450 (75751ms) ETA=16482s
[2026-04-27 15:06:40]   [92/312 · 29%] idx=2858: ✅REAL max=0.514 (76466ms) ETA=16414s
[2026-04-27 15:07:39]   [93/312 · 30%] idx=2861: ✅REAL max=0.540 (57368ms) ETA=16302s
[2026-04-27 15:08:40]   [94/312 · 30%] idx=2887: ✅REAL max=0.200 (60120ms) ETA=16196s
[2026-04-27 15:09:53]   [95/312 · 30%] idx=2905: ✅REAL max=0.300 (71940ms) ETA=16119s
[2026-04-27 15:11:16]   [96/312 · 31%] idx=2906: ✅REAL max=0.283 (81903ms) ETA=16064s
[2026-04-27 15:12:32]   [97/312 · 31%] idx=2916: ✅REAL max=0.300 (75041ms) ETA=15993s
[2026-04-27 15:15:57]   [98/312 · 31%] idx=2930: ✅REAL max=0.350 (204307ms) ETA=16205s
[2026-04-27 15:16:57]   [99/312 · 32%] idx=2937: ✅REAL max=0.554 (59295ms) ETA=16096s
[2026-04-27 15:17:41]   [100/312 · 32%] idx=2949: ✅REAL max=0.450 (42889ms) ETA=15953s
[2026-04-27 15:17:41]   💾 [100/312] 进度已保存
[2026-04-27 15:18:50]   [101/312 · 32%] idx=2952: ✅REAL max=0.320 (67632ms) ETA=15864s
[2026-04-27 15:20:00]   [102/312 · 33%] idx=2979: ✅REAL max=0.350 (69641ms) ETA=15780s
[2026-04-27 15:21:34]   [103/312 · 33%] idx=2982: ✅REAL max=0.384 (92321ms) ETA=15741s
[2026-04-27 15:22:29]   [104/312 · 33%] idx=2992: ✅REAL max=0.700 (54437ms) ETA=15626s
[2026-04-27 15:23:12]   [105/312 · 34%] idx=3086: ✅REAL max=0.480 (42161ms) ETA=15488s
[2026-04-27 15:24:46]   [106/312 · 34%] idx=3088: ✅REAL max=0.280 (92573ms) ETA=15450s
[2026-04-27 15:25:27]   [107/312 · 34%] idx=3108: ✅REAL max=0.550 (39729ms) ETA=15309s
[2026-04-27 15:27:43]   [108/312 · 35%] idx=3163: ✅REAL max=0.395 (53020ms) ETA=15350s
[2026-04-27 15:28:35]   [109/312 · 35%] idx=3171: ✅REAL max=0.520 (51034ms) ETA=15232s
[2026-04-27 15:29:49]   [110/312 · 35%] idx=3191: ✅REAL max=0.650 (73661ms) ETA=15156s
[2026-04-27 15:30:34]   [111/312 · 36%] idx=3192: ✅REAL max=0.350 (43823ms) ETA=15026s
[2026-04-27 15:32:06]   [112/312 · 36%] idx=3201: ✅REAL max=0.500 (90441ms) ETA=14982s
[2026-04-27 15:33:27]   [113/312 · 36%] idx=3207: ✅REAL max=0.450 (79770ms) ETA=14917s
[2026-04-27 15:33:55]   [114/312 · 37%] idx=3217: ✅REAL max=0.644 (27235ms) ETA=14761s
[2026-04-27 15:34:55]   [115/312 · 37%] idx=3237: ✅REAL max=0.465 (59033ms) ETA=14661s
[2026-04-27 15:35:46]   [116/312 · 37%] idx=3255: ✅REAL max=0.470 (50127ms) ETA=14548s
[2026-04-27 15:36:56]   [117/312 · 38%] idx=3257: ✅REAL max=0.420 (68643ms) ETA=14466s
[2026-04-27 15:38:23]   [118/312 · 38%] idx=3295: ✅REAL max=0.300 (86306ms) ETA=14413s
[2026-04-27 15:39:17]   [119/312 · 38%] idx=3302: ✅REAL max=0.300 (53465ms) ETA=14307s
[2026-04-27 15:41:35]   [120/312 · 38%] idx=3358: ✅REAL max=0.440 (37072ms) ETA=14334s
[2026-04-27 15:41:35]   💾 [120/312] 进度已保存
[2026-04-27 15:42:30]   [121/312 · 39%] idx=3360: ✅REAL max=0.500 (54374ms) ETA=14229s
[2026-04-27 15:43:27]   [122/312 · 39%] idx=3374: ✅REAL max=0.400 (55152ms) ETA=14126s
[2026-04-27 15:44:26]   [123/312 · 39%] idx=3397: ✅REAL max=0.450 (58401ms) ETA=14029s
[2026-04-27 15:45:57]   [124/312 · 40%] idx=3419: ✅REAL max=0.566 (90192ms) ETA=13980s
[2026-04-27 15:46:55]   [125/312 · 40%] idx=3421: ✅REAL max=0.330 (56402ms) ETA=13881s
[2026-04-27 15:47:50]   [126/312 · 40%] idx=3425: ✅REAL max=0.700 (54731ms) ETA=13779s
[2026-04-27 15:48:47]   [127/312 · 41%] idx=3449: ✅REAL max=0.550 (55824ms) ETA=13680s
[2026-04-27 15:49:42]   [128/312 · 41%] idx=3530: ✅REAL max=0.250 (53866ms) ETA=13579s
[2026-04-27 15:50:39]   [129/312 · 41%] idx=3533: ✅REAL max=0.350 (55528ms) ETA=13480s
[2026-04-27 15:51:57]   [130/312 · 42%] idx=3537: ✅REAL max=0.495 (77045ms) ETA=13413s
[2026-04-27 15:55:47]   [131/312 · 42%] idx=3546: ✅REAL max=0.404 (102629ms) ETA=13556s
[2026-04-27 15:56:25]   [132/312 · 42%] idx=3548: ✅REAL max=0.300 (37221ms) ETA=13431s
[2026-04-27 15:57:13]   [133/312 · 43%] idx=3559: ✅REAL max=0.280 (46541ms) ETA=13320s
[2026-04-27 15:59:45]   [134/312 · 43%] idx=3571: ✅REAL max=0.520 (79922ms) ETA=13348s
[2026-04-27 16:00:29]   [135/312 · 43%] idx=3596: ✅REAL max=0.790 (43752ms) ETA=13233s
[2026-04-27 16:01:23]   [136/312 · 44%] idx=3620: ✅REAL max=0.700 (52627ms) ETA=13131s
[2026-04-27 16:02:45]   [137/312 · 44%] idx=3622: ✅REAL max=0.300 (81168ms) ETA=13066s
[2026-04-27 16:03:41]   [138/312 · 44%] idx=3628: ✅REAL max=0.550 (54820ms) ETA=12968s
[2026-04-27 16:06:14]   [139/312 · 45%] idx=3629: ✅REAL max=0.190 (70952ms) ETA=12992s
[2026-04-27 16:07:28]   [140/312 · 45%] idx=3637: ✅REAL max=0.550 (72088ms) ETA=12914s
[2026-04-27 16:07:28]   💾 [140/312] 进度已保存
[2026-04-27 16:08:15]   [141/312 · 45%] idx=3638: ✅REAL max=0.520 (46296ms) ETA=12805s
[2026-04-27 16:09:13]   [142/312 · 46%] idx=3690: ✅REAL max=0.450 (57199ms) ETA=12710s
[2026-04-27 16:10:31]   [143/312 · 46%] idx=3716: ✅REAL max=0.600 (77204ms) ETA=12640s
[2026-04-27 16:13:37]   [144/312 · 46%] idx=3726: ✅REAL max=0.350 (83404ms) ETA=12694s
[2026-04-27 16:14:39]   [145/312 · 46%] idx=3734: ✅REAL max=0.450 (60781ms) ETA=12603s
[2026-04-27 16:16:12]   [146/312 · 47%] idx=3766: ✅REAL max=0.450 (92074ms) ETA=12547s
[2026-04-27 16:16:41]   [147/312 · 47%] idx=3847: ✅REAL max=0.300 (27990ms) ETA=12419s
[2026-04-27 16:17:24]   [148/312 · 47%] idx=3853: ✅REAL max=0.850 (42049ms) ETA=12308s
[2026-04-27 16:19:21]   [149/312 · 48%] idx=3855: ✅REAL max=0.780 (116554ms) ETA=12280s
[2026-04-27 16:21:00]   [150/312 · 48%] idx=3862: ✅REAL max=0.544 (97587ms) ETA=12230s
[2026-04-27 16:21:35]   [151/312 · 48%] idx=3868: ✅REAL max=0.650 (34622ms) ETA=12112s
[2026-04-27 16:23:10]   [152/312 · 49%] idx=3872: ✅REAL max=0.297 (93816ms) ETA=12057s
[2026-04-27 16:24:25]   [153/312 · 49%] idx=3877: ✅REAL max=0.570 (73564ms) ETA=11981s
[2026-04-27 16:25:08]   [154/312 · 49%] idx=3892: ✅REAL max=0.450 (42442ms) ETA=11873s
[2026-04-27 16:26:24]   [155/312 · 50%] idx=3900: ✅REAL max=0.350 (75061ms) ETA=11799s
[2026-04-27 16:27:27]   [156/312 · 50%] idx=3914: ✅REAL max=0.430 (62051ms) ETA=11711s
[2026-04-27 16:28:08]   [157/312 · 50%] idx=3922: ✅REAL max=0.450 (40059ms) ETA=11603s
[2026-04-27 16:29:30]   [158/312 · 51%] idx=3923: ✅REAL max=0.430 (80981ms) ETA=11535s
[2026-04-27 16:30:40]   [159/312 · 51%] idx=3925: ✅REAL max=0.450 (68969ms) ETA=11455s
[2026-04-27 16:31:34]   [160/312 · 51%] idx=3930: ✅REAL max=0.353 (52377ms) ETA=11360s
[2026-04-27 16:31:34]   💾 [160/312] 进度已保存
[2026-04-27 16:33:00]   [161/312 · 52%] idx=3933: ✅REAL max=0.470 (85222ms) ETA=11296s
[2026-04-27 16:35:04]   [162/312 · 52%] idx=3947: ✅REAL max=0.400 (111678ms) ETA=11264s
[2026-04-27 16:50:06] [Proc 7] 启动，35秒后开始（避免并发冲突）
[2026-04-27 16:50:41] [数据] 从缓存加载: X_tr=/home/fandy/workplace/thesis/results/soft_labels/kuhar_X_tr.npy
[2026-04-27 16:50:41] [Proc 7] 类 7 (Pick): 3909样本, 目标400, 已有250, 需生成150
[2026-04-27 16:52:12]   [1/150 · 1%] idx=3952: ✅REAL max=0.300 (90767ms) ETA=13524s
[2026-04-27 16:53:36]   [2/150 · 1%] idx=3955: ✅REAL max=0.410 (83715ms) ETA=12986s
[2026-04-27 16:54:35]   [3/150 · 2%] idx=3962: ✅REAL max=0.300 (57909ms) ETA=11486s
[2026-04-27 16:55:35]   [4/150 · 3%] idx=3978: ✅REAL max=0.700 (58862ms) ETA=10741s
[2026-04-27 16:56:32]   [5/150 · 3%] idx=3982: ✅REAL max=0.500 (56023ms) ETA=10188s
[2026-04-27 16:57:39]   [6/150 · 4%] idx=3983: ✅REAL max=0.450 (66191ms) ETA=10044s
[2026-04-27 16:58:55]   [7/150 · 5%] idx=3999: ✅REAL max=0.450 (74874ms) ETA=10099s
[2026-04-27 16:59:40]   [8/150 · 5%] idx=4005: ✅REAL max=0.556 (43534ms) ETA=9566s
[2026-04-27 17:00:16]   [9/150 · 6%] idx=4014: ✅REAL max=0.556 (35464ms) ETA=9014s
[2026-04-27 17:01:10]   [10/150 · 7%] idx=4016: ✅REAL max=0.260 (52502ms) ETA=8804s
[2026-04-27 17:02:05]   [11/150 · 7%] idx=4056: ✅REAL max=0.210 (54128ms) ETA=8644s
[2026-04-27 17:02:49]   [12/150 · 8%] idx=4070: ✅REAL max=0.450 (43053ms) ETA=8373s
[2026-04-27 17:05:38]   [13/150 · 9%] idx=4073: ✅REAL max=0.550 (168568ms) ETA=9460s
[2026-04-27 17:06:19]   [14/150 · 9%] idx=4086: ✅REAL max=0.440 (39949ms) ETA=9118s
[2026-04-27 17:07:01]   [15/150 · 10%] idx=4107: ✅REAL max=0.550 (40070ms) ETA=8817s
[2026-04-27 19:02:33] [Proc 7] 启动，35秒后开始（避免并发冲突）
[2026-04-27 19:03:08] [数据] 从缓存加载: X_tr=/home/fandy/workplace/thesis/results/soft_labels/kuhar_X_tr.npy
[2026-04-27 19:03:09] [Proc 7] 类 7 (Pick): 3909样本, 目标400, 已有265, 需生成135
[2026-04-27 19:03:14] [Proc 7] 启动，35秒后开始（避免并发冲突）
[2026-04-27 19:03:50] [数据] 从缓存加载: X_tr=/home/fandy/workplace/thesis/results/soft_labels/kuhar_X_tr.npy
[2026-04-27 20:48:27] [Proc 7] 启动，35秒后开始（避免并发冲突）
[2026-04-27 20:49:02] [数据] 从缓存加载: X_tr=/home/fandy/workplace/thesis/results/soft_labels/kuhar_X_tr.npy
[2026-04-27 20:49:02] [Proc 7] 类 7 (Pick): 3909样本, 目标400, 已有265, 需生成135
[2026-04-27 20:49:05] [Proc 7] 启动，35秒后开始（避免并发冲突）
[2026-04-27 20:49:40] [数据] 从缓存加载: X_tr=/home/fandy/workplace/thesis/results/soft_labels/kuhar_X_tr.npy
[2026-04-27 20:49:41] [Proc 7] 类 7 (Pick): 3909样本, 目标400, 已有265, 需生成135
[2026-04-27 20:51:36] [Proc 7] 启动，35秒后开始（避免并发冲突）
[2026-04-27 20:52:11] [数据] 从缓存加载: X_tr=/home/fandy/workplace/thesis/results/soft_labels/kuhar_X_tr.npy
[2026-04-27 20:52:11] [Proc 7] 类 7 (Pick): 3909样本, 目标400, 已有265, 需生成135
[2026-04-27 20:53:04]   [1/135 · 1%] idx=4113: ✅REAL max=0.490 (53645ms) ETA=7189s
[2026-04-27 20:53:51]   [2/135 · 1%] idx=4123: ✅REAL max=0.430 (45381ms) ETA=6652s
[2026-04-27 20:54:11]   [3/135 · 2%] idx=4142: ✅REAL max=0.567 (19153ms) ETA=5288s
[2026-04-27 20:55:20]   [4/135 · 3%] idx=4145: ✅REAL max=0.500 (68236ms) ETA=6204s
[2026-04-27 20:56:09]   [5/135 · 4%] idx=4156: ✅REAL max=0.440 (47884ms) ETA=6196s
[2026-04-27 20:57:24]   [6/135 · 4%] idx=4195: ✅REAL max=0.460 (73607ms) ETA=6728s
[2026-04-27 20:58:00]   [7/135 · 5%] idx=4208: ✅REAL max=0.700 (34956ms) ETA=6380s
[2026-04-27 20:59:12]   [8/135 · 6%] idx=4211: ✅REAL max=0.650 (70943ms) ETA=6681s
[2026-04-27 21:00:47]   [9/135 · 7%] idx=4225: ✅REAL max=0.290 (94162ms) ETA=7224s
[2026-04-27 21:02:23]   [10/135 · 7%] idx=4226: ✅REAL max=0.474 (38430ms) ETA=7652s
[2026-04-27 21:03:30]   [11/135 · 8%] idx=4247: ✅REAL max=0.500 (65923ms) ETA=7655s
[2026-04-27 21:05:02]   [12/135 · 9%] idx=4266: ✅REAL max=0.420 (91382ms) ETA=7907s
[2026-04-27 21:05:47]   [13/135 · 10%] idx=4276: ✅REAL max=0.550 (43899ms) ETA=7661s
[2026-04-27 21:07:12]   [14/135 · 10%] idx=4279: ✅REAL max=0.250 (83905ms) ETA=7790s
[2026-04-27 21:08:07]   [15/135 · 11%] idx=4300: ✅REAL max=0.400 (53856ms) ETA=7649s
[2026-04-27 21:08:40]   [16/135 · 12%] idx=4304: ✅REAL max=0.810 (31808ms) ETA=7355s
[2026-04-27 21:09:27]   [17/135 · 13%] idx=4310: ✅REAL max=0.310 (45826ms) ETA=7190s
[2026-04-27 21:10:14]   [18/135 · 13%] idx=4340: ✅REAL max=0.450 (45927ms) ETA=7038s
[2026-04-27 21:11:19]   [19/135 · 14%] idx=4361: ✅REAL max=0.450 (64473ms) ETA=7010s
[2026-04-27 21:12:01]   [20/135 · 15%] idx=4364: ✅REAL max=0.420 (40663ms) ETA=6842s
[2026-04-27 21:12:01]   💾 [20/135] 进度已保存
[2026-04-27 21:13:18]   [21/135 · 16%] idx=4382: ✅REAL max=0.550 (76476ms) ETA=6880s
[2026-04-27 21:14:08]   [22/135 · 16%] idx=4383: ✅REAL max=0.290 (48831ms) ETA=6765s
[2026-04-27 21:14:45]   [23/135 · 17%] idx=4398: ✅REAL max=0.550 (36010ms) ETA=6594s
[2026-04-27 21:16:40]   [24/135 · 18%] idx=4402: ✅REAL max=0.500 (34108ms) ETA=6793s
[2026-04-27 21:17:48]   [25/135 · 19%] idx=4406: ✅REAL max=0.245 (67515ms) ETA=6764s
[2026-04-27 21:18:36]   [26/135 · 19%] idx=4418: ✅REAL max=0.460 (46652ms) ETA=6644s
[2026-04-27 21:19:10]   [27/135 · 20%] idx=4421: ✅REAL max=0.250 (33121ms) ETA=6476s
[2026-04-27 21:20:19]   [28/135 · 21%] idx=4465: ✅REAL max=0.260 (68163ms) ETA=6451s
[2026-04-27 21:22:15]   [29/135 · 21%] idx=4472: ✅REAL max=0.400 (114678ms) ETA=6594s
[2026-04-27 21:23:21]   [30/135 · 22%] idx=4484: ✅REAL max=0.340 (65690ms) ETA=6547s
[2026-04-27 21:23:59]   [31/135 · 23%] idx=4511: ✅REAL max=0.350 (36778ms) ETA=6402s
[2026-04-27 21:24:50]   [32/135 · 24%] idx=4535: ✅REAL max=0.200 (50195ms) ETA=6307s
[2026-04-27 21:25:30]   [33/135 · 24%] idx=4536: ✅REAL max=0.350 (38708ms) ETA=6180s
[2026-04-27 21:28:19]   [34/135 · 25%] idx=4539: ✅REAL max=0.693 (167729ms) ETA=6440s
[2026-04-27 21:29:00]   [35/135 · 26%] idx=4541: ✅REAL max=0.400 (40664ms) ETA=6313s
[2026-04-27 21:29:38]   [36/135 · 27%] idx=4547: ✅REAL max=0.850 (36370ms) ETA=6179s
[2026-04-27 21:30:44]   [37/135 · 27%] idx=4549: ✅REAL max=0.370 (64856ms) ETA=6126s
[2026-04-27 21:31:30]   [38/135 · 28%] idx=4556: ✅REAL max=0.370 (44977ms) ETA=6021s
[2026-04-27 21:32:28]   [39/135 · 29%] idx=4571: ✅REAL max=0.240 (57441ms) ETA=5950s
[2026-04-27 21:33:28]   [40/135 · 30%] idx=4576: ✅REAL max=0.560 (59228ms) ETA=5884s
[2026-04-27 21:33:28]   💾 [40/135] 进度已保存
[2026-04-27 21:34:41]   [41/135 · 30%] idx=4587: ✅REAL max=0.561 (71665ms) ETA=5847s
[2026-04-27 21:35:28]   [42/135 · 31%] idx=4592: ✅REAL max=0.490 (45557ms) ETA=5750s
[2026-04-27 21:36:22]   [43/135 · 32%] idx=4602: ✅REAL max=0.490 (53321ms) ETA=5672s
[2026-04-27 21:38:43]   [44/135 · 33%] idx=4641: ✅REAL max=0.390 (54378ms) ETA=5774s
[2026-04-27 21:39:26]   [45/135 · 33%] idx=4689: ✅REAL max=0.420 (42088ms) ETA=5670s
[2026-04-27 21:40:09]   [46/135 · 34%] idx=4700: ✅REAL max=0.350 (41817ms) ETA=5568s
[2026-04-27 21:40:57]   [47/135 · 35%] idx=4729: ✅REAL max=0.440 (47199ms) ETA=5479s
[2026-04-27 21:41:55]   [48/135 · 36%] idx=4731: ✅REAL max=0.440 (57479ms) ETA=5409s
[2026-04-27 21:42:54]   [49/135 · 36%] idx=4757: ✅REAL max=0.450 (57954ms) ETA=5342s
[2026-04-27 21:43:50]   [50/135 · 37%] idx=4760: ✅REAL max=0.270 (54904ms) ETA=5269s
[2026-04-27 21:44:42]   [51/135 · 38%] idx=4792: ✅REAL max=0.517 (50737ms) ETA=5190s
[2026-04-27 21:45:25]   [52/135 · 39%] idx=4807: ✅REAL max=0.396 (42299ms) ETA=5099s
[2026-04-27 21:46:39]   [53/135 · 39%] idx=4812: ✅REAL max=0.350 (72623ms) ETA=5056s
[2026-04-27 21:48:10]   [54/135 · 40%] idx=4821: ✅REAL max=0.433 (89694ms) ETA=5038s
[2026-04-27 21:49:11]   [55/135 · 41%] idx=4837: ✅REAL max=0.550 (60698ms) ETA=4975s
[2026-04-27 21:49:57]   [56/135 · 41%] idx=4862: ✅REAL max=0.350 (44543ms) ETA=4890s
[2026-04-27 21:51:05]   [57/135 · 42%] idx=4890: ✅REAL max=0.350 (67556ms) ETA=4837s
[2026-04-27 21:51:51]   [58/135 · 43%] idx=4914: ✅REAL max=0.400 (44625ms) ETA=4753s
[2026-04-27 21:52:44]   [59/135 · 44%] idx=4949: ✅REAL max=0.170 (51894ms) ETA=4680s
[2026-04-27 21:53:30]   [60/135 · 44%] idx=4964: ✅REAL max=0.600 (44624ms) ETA=4598s
[2026-04-27 21:53:30]   💾 [60/135] 进度已保存
[2026-04-27 21:54:15]   [61/135 · 45%] idx=4977: ✅REAL max=0.450 (44804ms) ETA=4518s
[2026-04-27 21:55:26]   [62/135 · 46%] idx=4998: ✅REAL max=0.200 (69846ms) ETA=4469s
[2026-04-27 21:56:22]   [63/135 · 47%] idx=5007: ✅REAL max=0.550 (54932ms) ETA=4402s
[2026-04-27 21:56:59]   [64/135 · 47%] idx=5017: ✅REAL max=0.550 (35748ms) ETA=4313s
[2026-04-27 22:00:09]   [65/135 · 48%] idx=5038: ✅REAL max=0.550 (86161ms) ETA=4391s
[2026-04-27 22:00:50]   [66/135 · 49%] idx=5045: ✅REAL max=0.800 (40110ms) ETA=4306s
[2026-04-27 22:01:39]   [67/135 · 50%] idx=5046: ✅REAL max=0.550 (48047ms) ETA=4230s
[2026-04-27 22:02:50]   [68/135 · 50%] idx=5052: ✅REAL max=0.606 (70161ms) ETA=4177s
[2026-04-27 22:04:00]   [69/135 · 51%] idx=5060: ✅REAL max=0.520 (69319ms) ETA=4122s
[2026-04-27 22:05:12]   [70/135 · 52%] idx=5063: ✅REAL max=0.300 (70792ms) ETA=4068s
[2026-04-27 22:08:10]   [71/135 · 53%] idx=5083: ✅REAL max=0.440 (177271ms) ETA=4110s
[2026-04-27 22:09:03]   [72/135 · 53%] idx=5095: ✅REAL max=0.410 (52008ms) ETA=4036s
[2026-04-27 22:09:51]   [73/135 · 54%] idx=5100: ✅REAL max=0.170 (47003ms) ETA=3958s
[2026-04-27 22:10:27]   [74/135 · 55%] idx=5132: ✅REAL max=0.354 (34261ms) ETA=3871s
[2026-04-27 22:11:12]   [75/135 · 56%] idx=5136: ✅REAL max=0.460 (44693ms) ETA=3793s
[2026-04-27 22:12:28]   [76/135 · 56%] idx=5138: ✅REAL max=0.570 (75108ms) ETA=3740s
[2026-04-27 22:14:49]   [77/135 · 57%] idx=5142: ✅REAL max=0.750 (44068ms) ETA=3735s
[2026-04-27 22:16:35]   [78/135 · 58%] idx=5146: ✅REAL max=0.500 (104797ms) ETA=3700s
[2026-04-27 22:17:24]   [79/135 · 59%] idx=5159: ✅REAL max=0.579 (48408ms) ETA=3624s
[2026-04-27 22:18:27]   [80/135 · 59%] idx=5208: ✅REAL max=0.450 (62393ms) ETA=3559s
[2026-04-27 22:18:27]   💾 [80/135] 进度已保存
[2026-04-27 22:20:00]   [81/135 · 60%] idx=5215: ✅REAL max=0.250 (91863ms) ETA=3513s
[2026-04-27 22:20:57]   [82/135 · 61%] idx=5242: ✅REAL max=0.550 (55908ms) ETA=3443s
[2026-04-27 22:21:55]   [83/135 · 61%] idx=5246: ✅REAL max=0.380 (56977ms) ETA=3373s
[2026-04-27 22:22:46]   [84/135 · 62%] idx=5261: ✅REAL max=0.340 (50189ms) ETA=3300s
[2026-04-27 22:23:44]   [85/135 · 63%] idx=5264: ✅REAL max=0.600 (57174ms) ETA=3232s
[2026-04-27 22:24:31]   [86/135 · 64%] idx=5287: ✅REAL max=0.540 (45153ms) ETA=3156s
[2026-04-27 22:25:15]   [87/135 · 64%] idx=5294: ✅REAL max=0.320 (42996ms) ETA=3081s
[2026-04-27 22:26:01]   [88/135 · 65%] idx=5305: ✅REAL max=0.290 (45364ms) ETA=3007s
[2026-04-27 22:26:41]   [89/135 · 66%] idx=5313: ✅REAL max=0.450 (38610ms) ETA=2930s
[2026-04-27 22:27:48]   [90/135 · 67%] idx=5337: ✅REAL max=0.280 (66798ms) ETA=2869s
[2026-04-27 22:29:32]   [91/135 · 67%] idx=5346: ✅REAL max=0.743 (102833ms) ETA=2824s
[2026-04-27 22:30:42]   [92/135 · 68%] idx=5395: ✅REAL max=0.550 (68543ms) ETA=2763s
[2026-04-27 22:31:27]   [93/135 · 69%] idx=5401: ✅REAL max=0.570 (44617ms) ETA=2690s
[2026-04-27 22:32:46]   [94/135 · 70%] idx=5426: ✅REAL max=0.520 (77950ms) ETA=2633s
[2026-04-27 22:34:45]   [95/135 · 70%] idx=5431: ✅REAL max=0.250 (31261ms) ETA=2591s
[2026-04-27 22:35:24]   [96/135 · 71%] idx=5445: ✅REAL max=0.459 (37862ms) ETA=2516s
[2026-04-27 22:36:06]   [97/135 · 72%] idx=5451: ✅REAL max=0.400 (40655ms) ETA=2443s
[2026-04-27 22:37:21]   [98/135 · 73%] idx=5479: ✅REAL max=0.350 (73730ms) ETA=2382s
[2026-04-27 22:38:01]   [99/135 · 73%] idx=5487: ✅REAL max=0.300 (39497ms) ETA=2309s
[2026-04-27 22:38:35]   [100/135 · 74%] idx=5489: ✅REAL max=0.850 (32661ms) ETA=2234s
[2026-04-27 22:38:35]   💾 [100/135] 进度已保存
[2026-04-27 22:39:50]   [101/135 · 75%] idx=5502: ✅REAL max=0.450 (73948ms) ETA=2174s
[2026-04-27 22:41:08]   [102/135 · 76%] idx=5511: ✅REAL max=0.400 (76875ms) ETA=2115s
[2026-04-27 22:42:03]   [103/135 · 76%] idx=5512: ✅REAL max=0.450 (54802ms) ETA=2048s
[2026-04-27 22:42:55]   [104/135 · 77%] idx=5546: ✅REAL max=0.602 (50328ms) ETA=1980s
[2026-04-27 22:43:42]   [105/135 · 78%] idx=5551: ✅REAL max=0.450 (45994ms) ETA=1912s
[2026-04-27 22:45:07]   [106/135 · 79%] idx=5618: ✅REAL max=0.313 (84067ms) ETA=1854s
[2026-04-27 22:46:43]   [107/135 · 79%] idx=5623: ✅REAL max=0.250 (95213ms) ETA=1798s
[2026-04-27 22:47:21]   [108/135 · 80%] idx=5660: ✅REAL max=0.760 (36650ms) ETA=1727s
[2026-04-27 22:47:40]   [109/135 · 81%] idx=5674: ✅REAL max=0.657 (18774ms) ETA=1653s
[2026-04-27 22:48:28]   [110/135 · 81%] idx=5678: ✅REAL max=0.600 (46249ms) ETA=1586s
[2026-04-27 22:51:21]   [111/135 · 82%] idx=5686: ✅REAL max=0.550 (171943ms) ETA=1546s
[2026-04-27 22:52:10]   [112/135 · 83%] idx=5733: ✅REAL max=0.180 (48503ms) ETA=1478s
[2026-04-27 22:53:00]   [113/135 · 84%] idx=5735: ✅REAL max=0.340 (48882ms) ETA=1411s
[2026-04-27 22:53:51]   [114/135 · 84%] idx=5740: ✅REAL max=0.430 (50234ms) ETA=1345s
[2026-04-27 22:54:57]   [115/135 · 85%] idx=5743: ✅REAL max=0.610 (65056ms) ETA=1281s
[2026-04-27 22:55:46]   [116/135 · 86%] idx=5803: ✅REAL max=0.450 (47867ms) ETA=1215s
[2026-04-27 22:56:58]   [117/135 · 87%] idx=5804: ✅REAL max=0.600 (70639ms) ETA=1152s
[2026-04-27 22:57:32]   [118/135 · 87%] idx=5824: ✅REAL max=0.450 (33316ms) ETA=1084s
[2026-04-27 22:59:38]   [119/135 · 88%] idx=5834: ✅REAL max=0.400 (33910ms) ETA=1028s
[2026-04-27 23:00:49]   [120/135 · 89%] idx=5838: ✅REAL max=0.350 (69169ms) ETA=965s
[2026-04-27 23:00:49]   💾 [120/135] 进度已保存
[2026-04-27 23:01:29]   [121/135 · 90%] idx=5839: ✅REAL max=0.690 (39228ms) ETA=898s
[2026-04-27 23:02:18]   [122/135 · 90%] idx=5846: ✅REAL max=0.561 (47725ms) ETA=832s
[2026-04-27 23:02:51]   [123/135 · 91%] idx=5853: ✅REAL max=0.450 (32746ms) ETA=765s
[2026-04-27 23:03:53]   [124/135 · 92%] idx=5864: ✅REAL max=0.450 (61020ms) ETA=701s
[2026-04-27 23:04:58]   [125/135 · 93%] idx=5884: ✅REAL max=0.270 (63443ms) ETA=637s
[2026-04-27 23:05:51]   [126/135 · 93%] idx=5887: ✅REAL max=0.700 (52249ms) ETA=573s
[2026-04-27 23:07:35]   [127/135 · 94%] idx=5901: ✅REAL max=0.430 (102565ms) ETA=512s
[2026-04-27 23:08:45]   [128/135 · 95%] idx=5941: ✅REAL max=0.459 (69378ms) ETA=448s
[2026-04-27 23:09:59]   [129/135 · 96%] idx=5974: ✅REAL max=0.550 (72859ms) ETA=385s
[2026-04-27 23:11:13]   [130/135 · 96%] idx=6031: ✅REAL max=0.520 (72915ms) ETA=321s
[2026-04-28 00:05:10] [Proc 7] 启动，35秒后开始（避免并发冲突）
[2026-04-28 00:05:45] [数据] 从缓存加载: X_tr=/home/fandy/workplace/thesis/results/soft_labels/kuhar_X_tr.npy
[2026-04-28 00:05:46] [Proc 7] 类 7 (Pick): 3909样本, 目标400, 已有395, 需生成5
[2026-04-28 00:06:24]   [1/5 · 20%] idx=6047: ✅REAL max=0.700 (38852ms) ETA=155s
[2026-04-28 00:07:14]   [2/5 · 40%] idx=6049: ✅REAL max=0.540 (48332ms) ETA=132s
[2026-04-28 00:13:12] [Proc 7] 启动，35秒后开始（避免并发冲突）
[2026-04-28 00:13:47] [数据] 从缓存加载: X_tr=/home/fandy/workplace/thesis/results/soft_labels/kuhar_X_tr.npy
[2026-04-28 00:13:47] [Proc 7] 类 7 (Pick): 3909样本, 目标400, 已有397, 需生成3
[2026-04-28 00:14:25]   [1/3 · 33%] idx=6062: ✅REAL max=0.459 (38575ms) ETA=77s
[2026-04-28 00:15:10]   [2/3 · 67%] idx=6103: ✅REAL max=0.600 (44152ms) ETA=42s
[2026-04-28 00:16:08]   [3/3 · 100%] idx=6110: ✅REAL max=0.450 (56994ms) ETA=0s
[2026-04-28 00:16:09] [Proc 7] ✅ 类 7 (Pick) 完成: 400/400 耗时143s
[2026-04-28 00:16:09] [Proc 7] 全部完成 → /home/fandy/workplace/thesis/results/soft_labels/kuhar_soft_proc7.npy
[2026-04-28 00:23:51] [Proc 7] 启动，35秒后开始（避免并发冲突）
[2026-04-28 00:24:26] [数据] 从缓存加载: X_tr=/home/fandy/workplace/thesis/results/soft_labels/kuhar_X_tr.npy
[2026-04-28 00:24:26] [Proc 7] 类 7 已完成，跳过
[2026-04-28 00:24:26] [Proc 7] 全部完成 → /home/fandy/workplace/thesis/results/soft_labels/kuhar_soft_proc7.npy
