[2026-05-09 15:35:34] MotionSense 软标签生成开始
[2026-05-09 15:35:34] Mimo API: https://token-plan-cn.xiaomimimo.com/v1 | Model: mimo-v2.5-pro | T=0.8
[2026-05-09 15:35:36]   训练数据: 13119 样本, 6 类
[2026-05-09 15:35:36]   class 0 (downstairs): 1196 样本
[2026-05-09 15:35:36]   class 1 (jogging): 1237 样本
[2026-05-09 15:35:36]   class 2 (sitting): 3173 样本
[2026-05-09 15:35:36]   class 3 (standing): 2869 样本
[2026-05-09 15:35:36]   class 4 (upstairs): 1436 样本
[2026-05-09 15:35:36]   class 5 (walking): 3208 样本
[2026-05-09 15:35:36]   总计采样: 12738 个窗口（每类最多 3000）
[2026-05-09 15:35:36]   断点续传: 无，从头开始
[2026-05-09 15:35:39]   [001/12738] | true=sitting(2) | pred=sitting(2) |  ✓ | ent=0.90 | top=2:0.75, 3:0.10
[2026-05-09 15:35:50]   [002/12738] | true=walking(5) | pred=walking(5) |  ✓ | ent=1.04 | top=5:0.72, 0:0.08
[2026-05-09 15:36:00]   [RETRY] | true=walking(5) | pred=upstairs(4)
[2026-05-09 15:36:00]   [003/12738] | true=walking(5) | pred=upstairs(4) |  ✗ | ent=1.33 | top=4:0.45, 0:0.35
[2026-05-09 15:36:11]   [RETRY] | true=upstairs(4) | pred=downstairs(0)
[2026-05-09 15:36:11]   [004/12738] | true=upstairs(4) | pred=downstairs(0) |  ✗ | ent=1.44 | top=0:0.45, 5:0.25
[2026-05-09 15:36:15]   [RETRY] | true=upstairs(4) | pred=downstairs(0)
[2026-05-09 15:36:15]   [005/12738] | true=upstairs(4) | pred=downstairs(0) |  ✗ | ent=1.35 | top=0:0.55, 4:0.15
[2026-05-09 15:36:15]   进度: 5/12738, 准确率=40.0%, 正确样本数=2, 已保存
[2026-05-09 15:36:19]   [006/12738] | true=sitting(2) | pred=sitting(2) |  ✓ | ent=0.93 | top=2:0.75, 3:0.10
[2026-05-09 15:36:32]   [RETRY] | true=sitting(2) | pred=sitting(2)
[2026-05-09 15:36:32]   [007/12738] | true=sitting(2) | pred=sitting(2) |  ✓ | ent=1.04 | top=2:0.71, 3:0.10
[2026-05-09 15:36:38]   [008/12738] | true=sitting(2) | pred=sitting(2) |  ✓ | ent=0.96 | top=2:0.75, 0:0.05
[2026-05-09 15:36:45]   [RETRY] | true=upstairs(4) | pred=upstairs(4)
[2026-05-09 15:36:45]   [009/12738] | true=upstairs(4) | pred=upstairs(4) |  ✓ | ent=1.45 | top=4:0.50, 0:0.15
[2026-05-09 15:36:52]   [RETRY] | true=walking(5) | pred=upstairs(4)
[2026-05-09 15:36:52]   [010/12738] | true=walking(5) | pred=upstairs(4) |  ✗ | ent=1.37 | top=4:0.55, 0:0.15
[2026-05-09 15:36:52]   进度: 10/12738, 准确率=60.0%, 正确样本数=6, 已保存
[2026-05-09 15:36:55]   [011/12738] | true=jogging(1) | pred=jogging(1) |  ✓ | ent=0.96 | top=1:0.75, 0:0.05
[2026-05-09 15:36:58]   [012/12738] | true=sitting(2) | pred=sitting(2) |  ✓ | ent=1.04 | top=2:0.71, 3:0.10
[2026-05-09 15:37:03]   [013/12738] | true=jogging(1) | pred=jogging(1) |  ✓ | ent=1.08 | top=1:0.70, 0:0.10
[2026-05-09 15:37:09]   [014/12738] | true=jogging(1) | pred=jogging(1) |  ✓ | ent=1.08 | top=1:0.70, 0:0.10
[2026-05-09 15:37:13]   [015/12738] | true=downstairs(0) | pred=downstairs(0) |  ✓ | ent=1.33 | top=0:0.55, 5:0.20
[2026-05-09 15:37:13]   进度: 15/12738, 准确率=73.3%, 正确样本数=11, 已保存
[2026-05-09 15:37:17]   [016/12738] | true=upstairs(4) | pred=upstairs(4) |  ✓ | ent=1.19 | top=4:0.65, 0:0.10
[2026-05-09 15:37:20]   [017/12738] | true=standing(3) | pred=standing(3) |  ✓ | ent=0.96 | top=3:0.75, 0:0.05
[2026-05-09 15:37:29]   [RETRY] | true=downstairs(0) | pred=walking(5)
[2026-05-09 15:37:29]   [018/12738] | true=downstairs(0) | pred=walking(5) |  ✗ | ent=1.33 | top=5:0.45, 0:0.35
[2026-05-09 15:37:35]   [019/12738] | true=standing(3) | pred=standing(3) |  ✓ | ent=1.08 | top=3:0.70, 4:0.10
[2026-05-09 15:37:40]   [020/12738] | true=jogging(1) | pred=jogging(1) |  ✓ | ent=0.96 | top=1:0.75, 0:0.05
[2026-05-09 15:37:40]   进度: 20/12738, 准确率=75.0%, 正确样本数=15, 已保存
[2026-05-09 15:37:48]   [021/12738] | true=sitting(2) | pred=sitting(2) |  ✓ | ent=0.93 | top=2:0.75, 0:0.10
[2026-05-09 15:38:05]   [RETRY] | true=jogging(1) | pred=downstairs(0)
[2026-05-09 15:38:05]   [022/12738] | true=jogging(1) | pred=downstairs(0) |  ✗ | ent=1.33 | top=0:0.55, 5:0.20
[2026-05-09 15:38:09]   [RETRY] | true=walking(5) | pred=downstairs(0)
[2026-05-09 15:38:09]   [023/12738] | true=walking(5) | pred=downstairs(0) |  ✗ | ent=1.33 | top=0:0.55, 5:0.20
[2026-05-09 15:38:24]   [RETRY] | true=walking(5) | pred=upstairs(4)
[2026-05-09 15:38:24]   [024/12738] | true=walking(5) | pred=upstairs(4) |  ✗ | ent=1.41 | top=4:0.40, 0:0.35
[2026-05-09 15:38:30]   [RETRY] | true=walking(5) | pred=walking(5)
[2026-05-09 15:38:30]   [025/12738] | true=walking(5) | pred=walking(5) |  ✓ | ent=1.27 | top=5:0.60, 0:0.15
[2026-05-09 15:38:30]   进度: 25/12738, 准确率=68.0%, 正确样本数=17, 已保存
[2026-05-09 15:38:36]   [RETRY] | true=upstairs(4) | pred=downstairs(0)
[2026-05-09 15:38:36]   [026/12738] | true=upstairs(4) | pred=downstairs(0) |  ✗ | ent=1.23 | top=0:0.60, 5:0.20
[2026-05-09 15:38:45]   [RETRY] | true=sitting(2) | pred=sitting(2)
[2026-05-09 15:38:45]   [027/12738] | true=sitting(2) | pred=sitting(2) |  ✓ | ent=1.04 | top=2:0.71, 3:0.10
[2026-05-09 15:38:48]   [028/12738] | true=walking(5) | pred=walking(5) |  ✓ | ent=1.21 | top=5:0.65, 4:0.09
[2026-05-09 15:38:52]   [029/12738] | true=jogging(1) | pred=jogging(1) |  ✓ | ent=0.96 | top=1:0.75, 0:0.05
[2026-05-09 15:38:54]   [030/12738] | true=standing(3) | pred=standing(3) |  ✓ | ent=0.96 | top=3:0.75, 0:0.05
[2026-05-09 15:38:54]   进度: 30/12738, 准确率=70.0%, 正确样本数=21, 已保存
[2026-05-09 15:38:58]   [031/12738] | true=jogging(1) | pred=jogging(1) |  ✓ | ent=0.65 | top=1:0.85, 0:0.05
[2026-05-09 15:39:05]   [032/12738] | true=standing(3) | pred=standing(3) |  ✓ | ent=0.96 | top=3:0.75, 0:0.05
[2026-05-09 15:39:16]   [033/12738] | true=sitting(2) | pred=sitting(2) |  ✓ | ent=1.04 | top=2:0.71, 3:0.10
[2026-05-09 15:39:22]   [RETRY] | true=walking(5) | pred=walking(5)
[2026-05-09 15:39:22]   [034/12738] | true=walking(5) | pred=walking(5) |  ✓ | ent=1.40 | top=5:0.50, 0:0.20
[2026-05-09 15:39:29]   [RETRY] | true=upstairs(4) | pred=downstairs(0)
[2026-05-09 15:39:29]   [035/12738] | true=upstairs(4) | pred=downstairs(0) |  ✗ | ent=1.33 | top=0:0.55, 4:0.20
[2026-05-09 15:39:29]   进度: 35/12738, 准确率=71.4%, 正确样本数=25, 已保存
[2026-05-09 15:39:33]   [036/12738] | true=standing(3) | pred=standing(3) |  ✓ | ent=0.96 | top=3:0.75, 0:0.05
[2026-05-09 15:39:36]   [037/12738] | true=standing(3) | pred=standing(3) |  ✓ | ent=0.96 | top=3:0.75, 0:0.05
[2026-05-09 15:39:43]   [RETRY] | true=walking(5) | pred=walking(5)
[2026-05-09 15:39:43]   [038/12738] | true=walking(5) | pred=walking(5) |  ✓ | ent=0.96 | top=5:0.75, 0:0.05
[2026-05-09 15:39:46]   [039/12738] | true=standing(3) | pred=standing(3) |  ✓ | ent=0.96 | top=3:0.75, 0:0.05
[2026-05-09 15:39:50]   [040/12738] | true=upstairs(4) | pred=upstairs(4) |  ✓ | ent=1.27 | top=4:0.60, 0:0.15
[2026-05-09 15:39:50]   进度: 40/12738, 准确率=75.0%, 正确样本数=30, 已保存
[2026-05-09 15:39:52]   [041/12738] | true=walking(5) | pred=walking(5) |  ✓ | ent=0.96 | top=5:0.75, 0:0.05
[2026-05-09 15:39:58]   [042/12738] | true=standing(3) | pred=standing(3) |  ✓ | ent=1.08 | top=3:0.70, 0:0.10
[2026-05-09 15:40:06]   [RETRY] | true=standing(3) | pred=downstairs(0)
[2026-05-09 15:40:06]   [043/12738] | true=standing(3) | pred=downstairs(0) |  ✗ | ent=0.96 | top=0:0.75, 1:0.05
[2026-05-09 15:40:14]   [044/12738] | true=walking(5) | pred=walking(5) |  ✓ | ent=1.27 | top=5:0.60, 0:0.15
[2026-05-09 15:40:21]   [RETRY] | true=sitting(2) | pred=downstairs(0)
[2026-05-09 15:40:21]   [045/12738] | true=sitting(2) | pred=downstairs(0) |  ✗ | ent=0.96 | top=0:0.75, 1:0.05
[2026-05-09 15:40:21]   进度: 45/12738, 准确率=73.3%, 正确样本数=33, 已保存
[2026-05-09 15:40:25]   [RETRY] | true=walking(5) | pred=upstairs(4)
[2026-05-09 15:40:25]   [046/12738] | true=walking(5) | pred=upstairs(4) |  ✗ | ent=1.33 | top=4:0.40, 5:0.40
[2026-05-09 15:40:29]   [047/12738] | true=jogging(1) | pred=jogging(1) |  ✓ | ent=1.09 | top=1:0.68, 0:0.14
[2026-05-09 15:40:34]   [RETRY] | true=upstairs(4) | pred=upstairs(4)
[2026-05-09 15:40:34]   [048/12738] | true=upstairs(4) | pred=upstairs(4) |  ✓ | ent=1.46 | top=4:0.40, 0:0.30
[2026-05-09 15:40:39]   [049/12738] | true=downstairs(0) | pred=downstairs(0) |  ✓ | ent=1.47 | top=0:0.35, 5:0.35
[2026-05-09 15:40:52]   [RETRY] | true=downstairs(0) | pred=upstairs(4)
[2026-05-09 15:40:52]   [050/12738] | true=downstairs(0) | pred=upstairs(4) |  ✗ | ent=1.27 | top=4:0.60, 0:0.15
[2026-05-09 15:40:52]   进度: 50/12738, 准确率=72.0%, 正确样本数=36, 已保存
[2026-05-09 15:41:00]   [RETRY] | true=downstairs(0) | pred=upstairs(4)
[2026-05-09 15:41:00]   [051/12738] | true=downstairs(0) | pred=upstairs(4) |  ✗ | ent=1.27 | top=4:0.60, 0:0.15
[2026-05-09 15:41:07]   [052/12738] | true=upstairs(4) | pred=upstairs(4) |  ✓ | ent=1.08 | top=4:0.70, 5:0.10
[2026-05-09 15:41:13]   [RETRY] | true=downstairs(0) | pred=upstairs(4)
[2026-05-09 15:41:13]   [053/12738] | true=downstairs(0) | pred=upstairs(4) |  ✗ | ent=1.16 | top=4:0.65, 0:0.15
[2026-05-09 15:41:20]   [RETRY] | true=jogging(1) | pred=jogging(1)
[2026-05-09 15:41:20]   [054/12738] | true=jogging(1) | pred=jogging(1) |  ✓ | ent=0.96 | top=1:0.75, 0:0.05
[2026-05-09 15:41:32]   [RETRY] | true=walking(5) | pred=downstairs(0)
[2026-05-09 15:41:32]   [055/12738] | true=walking(5) | pred=downstairs(0) |  ✗ | ent=1.40 | top=0:0.45, 5:0.30
[2026-05-09 15:41:32]   进度: 55/12738, 准确率=69.1%, 正确样本数=38, 已保存
[2026-05-09 15:41:37]   [056/12738] | true=walking(5) | pred=walking(5) |  ✓ | ent=1.52 | top=5:0.40, 4:0.28
[2026-05-09 15:41:44]   [057/12738] | true=jogging(1) | pred=jogging(1) |  ✓ | ent=0.96 | top=1:0.75, 0:0.05
[2026-05-09 15:41:51]   [058/12738] | true=standing(3) | pred=standing(3) |  ✓ | ent=0.96 | top=3:0.75, 0:0.05
[2026-05-09 15:41:57]   [059/12738] | true=walking(5) | pred=walking(5) |  ✓ | ent=1.50 | top=5:0.45, 4:0.20
[2026-05-09 15:42:13]   [RETRY] | true=sitting(2) | pred=upstairs(4)
[2026-05-09 15:42:13]   [060/12738] | true=sitting(2) | pred=upstairs(4) |  ✗ | ent=0.96 | top=4:0.75, 0:0.05
[2026-05-09 15:42:13]   进度: 60/12738, 准确率=70.0%, 正确样本数=42, 已保存
[2026-05-09 15:42:17]   [061/12738] | true=upstairs(4) | pred=upstairs(4) |  ✓ | ent=1.37 | top=4:0.55, 0:0.15
[2026-05-09 15:42:27]   [RETRY] | true=sitting(2) | pred=sitting(2)
[2026-05-09 15:42:27]   [062/12738] | true=sitting(2) | pred=sitting(2) |  ✓ | ent=1.23 | top=2:0.62, 3:0.14
[2026-05-09 15:42:35]   [RETRY] | true=walking(5) | pred=jogging(1)
[2026-05-09 15:42:35]   [063/12738] | true=walking(5) | pred=jogging(1) |  ✗ | ent=1.72 | top=1:0.25, 5:0.25
[2026-05-09 15:42:37]   [064/12738] | true=standing(3) | pred=standing(3) |  ✓ | ent=1.08 | top=3:0.70, 2:0.10
[2026-05-09 15:42:42]   [065/12738] | true=sitting(2) | pred=sitting(2) |  ✓ | ent=0.93 | top=2:0.76, 0:0.05
[2026-05-09 15:42:42]   进度: 65/12738, 准确率=70.8%, 正确样本数=46, 已保存
[2026-05-09 15:42:46]   [066/12738] | true=walking(5) | pred=walking(5) |  ✓ | ent=1.40 | top=5:0.50, 0:0.20
[2026-05-09 15:42:54]   [RETRY] | true=walking(5) | pred=walking(5)
[2026-05-09 15:42:54]   [067/12738] | true=walking(5) | pred=walking(5) |  ✓ | ent=0.96 | top=5:0.75, 0:0.05
[2026-05-09 15:42:56]   [068/12738] | true=sitting(2) | pred=sitting(2) |  ✓ | ent=1.04 | top=2:0.70, 0:0.12
[2026-05-09 15:43:04]   [RETRY] | true=downstairs(0) | pred=jogging(1)
[2026-05-09 15:43:04]   [069/12738] | true=downstairs(0) | pred=jogging(1) |  ✗ | ent=1.19 | top=1:0.65, 4:0.10
[2026-05-09 15:43:08]   [070/12738] | true=upstairs(4) | pred=upstairs(4) |  ✓ | ent=0.90 | top=4:0.75, 0:0.10
[2026-05-09 15:43:08]   进度: 70/12738, 准确率=71.4%, 正确样本数=50, 已保存
[2026-05-09 15:43:12]   [071/12738] | true=standing(3) | pred=standing(3) |  ✓ | ent=0.96 | top=3:0.75, 0:0.05
[2026-05-09 15:43:15]   [072/12738] | true=standing(3) | pred=standing(3) |  ✓ | ent=0.96 | top=3:0.75, 0:0.05
[2026-05-09 15:43:23]   [073/12738] | true=sitting(2) | pred=sitting(2) |  ✓ | ent=0.93 | top=2:0.75, 3:0.10
[2026-05-09 15:43:31]   [074/12738] | true=walking(5) | pred=walking(5) |  ✓ | ent=1.28 | top=5:0.60, 4:0.15
[2026-05-09 15:43:42]   [RETRY] | true=standing(3) | pred=sitting(2)
[2026-05-09 15:43:42]   [075/12738] | true=standing(3) | pred=sitting(2) |  ✗ | ent=0.97 | top=2:0.72, 0:0.12
[2026-05-09 15:43:42]   进度: 75/12738, 准确率=72.0%, 正确样本数=54, 已保存
[2026-05-09 15:43:47]   [076/12738] | true=sitting(2) | pred=sitting(2) |  ✓ | ent=1.04 | top=2:0.71, 3:0.10
[2026-05-09 15:43:58]   [RETRY] | true=sitting(2) | pred=sitting(2)
[2026-05-09 15:43:58]   [077/12738] | true=sitting(2) | pred=sitting(2) |  ✓ | ent=1.04 | top=2:0.71, 3:0.10
[2026-05-09 15:44:05]   [RETRY] | true=walking(5) | pred=downstairs(0)
[2026-05-09 15:44:05]   [078/12738] | true=walking(5) | pred=downstairs(0) |  ✗ | ent=1.19 | top=0:0.65, 4:0.10
[2026-05-09 15:44:08]   [079/12738] | true=sitting(2) | pred=sitting(2) |  ✓ | ent=0.81 | top=2:0.80, 0:0.05
[2026-05-09 15:44:12]   [080/12738] | true=jogging(1) | pred=jogging(1) |  ✓ | ent=0.93 | top=1:0.76, 0:0.05
[2026-05-09 15:44:12]   进度: 80/12738, 准确率=72.5%, 正确样本数=58, 已保存
[2026-05-09 15:44:16]   [081/12738] | true=walking(5) | pred=walking(5) |  ✓ | ent=1.53 | top=5:0.40, 4:0.25
[2026-05-09 15:44:24]   [RETRY] | true=standing(3) | pred=sitting(2)
[2026-05-09 15:44:24]   [082/12738] | true=standing(3) | pred=sitting(2) |  ✗ | ent=0.90 | top=2:0.75, 3:0.10
[2026-05-09 15:44:30]   [RETRY] | true=walking(5) | pred=walking(5)
[2026-05-09 15:44:30]   [083/12738] | true=walking(5) | pred=walking(5) |  ✓ | ent=1.53 | top=5:0.40, 4:0.25
[2026-05-09 15:44:34]   [084/12738] | true=jogging(1) | pred=jogging(1) |  ✓ | ent=1.16 | top=1:0.65, 0:0.15
[2026-05-09 15:44:37]   [085/12738] | true=standing(3) | pred=standing(3) |  ✓ | ent=0.96 | top=3:0.75, 0:0.05
[2026-05-09 15:44:37]   进度: 85/12738, 准确率=72.9%, 正确样本数=62, 已保存
[2026-05-09 15:44:40]   [086/12738] | true=walking(5) | pred=walking(5) |  ✓ | ent=1.43 | top=5:0.50, 4:0.20
[2026-05-09 15:44:46]   [087/12738] | true=downstairs(0) | pred=downstairs(0) |  ✓ | ent=1.19 | top=0:0.65, 4:0.10
[2026-05-09 15:44:52]   [088/12738] | true=upstairs(4) | pred=upstairs(4) |  ✓ | ent=1.16 | top=4:0.65, 0:0.15
[2026-05-09 15:44:59]   [089/12738] | true=sitting(2) | pred=sitting(2) |  ✓ | ent=0.93 | top=2:0.76, 0:0.05
[2026-05-09 15:45:01]   [090/12738] | true=standing(3) | pred=standing(3) |  ✓ | ent=0.96 | top=3:0.75, 0:0.05
[2026-05-09 15:45:01]   进度: 90/12738, 准确率=74.4%, 正确样本数=67, 已保存
[2026-05-09 15:45:05]   [091/12738] | true=standing(3) | pred=standing(3) |  ✓ | ent=0.96 | top=3:0.75, 0:0.05
[2026-05-09 15:45:13]   [RETRY] | true=standing(3) | pred=standing(3)
[2026-05-09 15:45:13]   [092/12738] | true=standing(3) | pred=standing(3) |  ✓ | ent=0.93 | top=3:0.76, 0:0.05
[2026-05-09 15:45:16]   [093/12738] | true=standing(3) | pred=standing(3) |  ✓ | ent=0.93 | top=3:0.76, 0:0.05
[2026-05-09 15:45:18]   [094/12738] | true=walking(5) | pred=walking(5) |  ✓ | ent=1.16 | top=5:0.65, 0:0.15
[2026-05-09 15:45:21]   [095/12738] | true=sitting(2) | pred=sitting(2) |  ✓ | ent=0.93 | top=2:0.75, 3:0.10
[2026-05-09 15:45:21]   进度: 95/12738, 准确率=75.8%, 正确样本数=72, 已保存
[2026-05-09 15:45:28]   [RETRY] | true=standing(3) | pred=upstairs(4)
[2026-05-09 15:45:28]   [096/12738] | true=standing(3) | pred=upstairs(4) |  ✗ | ent=1.34 | top=4:0.54, 0:0.22
[2026-05-09 15:45:32]   [097/12738] | true=walking(5) | pred=walking(5) |  ✓ | ent=1.16 | top=5:0.65, 0:0.15
[2026-05-09 15:45:44]   [RETRY] | true=walking(5) | pred=walking(5)
[2026-05-09 15:45:44]   [098/12738] | true=walking(5) | pred=walking(5) |  ✓ | ent=0.96 | top=5:0.75, 0:0.05
[2026-05-09 15:45:56]   [RETRY] | true=standing(3) | pred=standing(3)
[2026-05-09 15:45:56]   [099/12738] | true=standing(3) | pred=standing(3) |  ✓ | ent=1.08 | top=3:0.70, 0:0.10
[2026-05-09 15:46:07]   [RETRY] | true=downstairs(0) | pred=upstairs(4)
[2026-05-09 15:46:07]   [100/12738] | true=downstairs(0) | pred=upstairs(4) |  ✗ | ent=1.47 | top=4:0.35, 5:0.35
[2026-05-09 15:46:07]   100轮: 75/100(75.0%) downstairs=3/9(33%) jogging=11/12(92%) sitting=17/19(89%) standing=18/22(82%) upstairs=8/12(67%) walking=18/26(69%)
[2026-05-09 15:46:07]   进度: 100/12738, 准确率=75.0%, 正确样本数=75, 已保存
[2026-05-09 15:46:15]   [101/12738] | true=sitting(2) | pred=sitting(2) |  ✓ | ent=0.81 | top=2:0.80, 0:0.05
[2026-05-09 15:46:20]   [102/12738] | true=walking(5) | pred=walking(5) |  ✓ | ent=0.96 | top=5:0.75, 0:0.05
[2026-05-09 15:46:27]   [RETRY] | true=sitting(2) | pred=sitting(2)
[2026-05-09 15:46:27]   [103/12738] | true=sitting(2) | pred=sitting(2) |  ✓ | ent=1.13 | top=2:0.67, 3:0.14
[2026-05-09 15:46:44]   [RETRY] | true=downstairs(0) | pred=downstairs(0)
[2026-05-09 15:46:44]   [104/12738] | true=downstairs(0) | pred=downstairs(0) |  ✓ | ent=1.16 | top=0:0.65, 4:0.15
[2026-05-09 15:46:46]   [105/12738] | true=sitting(2) | pred=sitting(2) |  ✓ | ent=1.04 | top=2:0.71, 3:0.10
[2026-05-09 15:46:46]   进度: 105/12738, 准确率=76.2%, 正确样本数=80, 已保存
[2026-05-09 15:46:48]   [106/12738] | true=standing(3) | pred=standing(3) |  ✓ | ent=0.96 | top=3:0.75, 0:0.05
[2026-05-09 15:47:06]   [RETRY] | true=upstairs(4) | pred=downstairs(0)
[2026-05-09 15:47:06]   [107/12738] | true=upstairs(4) | pred=downstairs(0) |  ✗ | ent=1.27 | top=0:0.55, 5:0.25
[2026-05-09 15:47:09]   [108/12738] | true=sitting(2) | pred=sitting(2) |  ✓ | ent=1.02 | top=2:0.70, 3:0.15
[2026-05-09 15:47:15]   [109/12738] | true=sitting(2) | pred=sitting(2) |  ✓ | ent=1.12 | top=2:0.68, 0:0.09
[2026-05-09 15:47:20]   [110/12738] | true=sitting(2) | pred=sitting(2) |  ✓ | ent=1.27 | top=2:0.55, 3:0.25
[2026-05-09 15:47:20]   进度: 110/12738, 准确率=76.4%, 正确样本数=84, 已保存
[2026-05-09 15:47:25]   [111/12738] | true=standing(3) | pred=standing(3) |  ✓ | ent=0.96 | top=3:0.75, 0:0.05
[2026-05-09 15:47:35]   [RETRY] | true=standing(3) | pred=sitting(2)
[2026-05-09 15:47:35]   [112/12738] | true=standing(3) | pred=sitting(2) |  ✗ | ent=0.93 | top=2:0.75, 0:0.10
[2026-05-09 15:47:40]   [113/12738] | true=upstairs(4) | pred=upstairs(4) |  ✓ | ent=1.16 | top=4:0.65, 0:0.15
[2026-05-09 15:47:59]   [RETRY] | true=standing(3) | pred=standing(3)
[2026-05-09 15:47:59]   [114/12738] | true=standing(3) | pred=standing(3) |  ✓ | ent=0.96 | top=3:0.75, 0:0.05
[2026-05-09 15:48:05]   [RETRY] | true=walking(5) | pred=walking(5)
[2026-05-09 15:48:05]   [115/12738] | true=walking(5) | pred=walking(5) |  ✓ | ent=1.16 | top=5:0.65, 0:0.15
[2026-05-09 15:48:05]   进度: 115/12738, 准确率=76.5%, 正确样本数=88, 已保存
[2026-05-09 15:48:09]   [116/12738] | true=standing(3) | pred=standing(3) |  ✓ | ent=0.96 | top=3:0.75, 0:0.05
[2026-05-09 15:48:19]   [RETRY] | true=walking(5) | pred=upstairs(4)
[2026-05-09 15:48:19]   [117/12738] | true=walking(5) | pred=upstairs(4) |  ✗ | ent=1.44 | top=4:0.45, 5:0.25
[2026-05-09 15:48:27]   [118/12738] | true=jogging(1) | pred=jogging(1) |  ✓ | ent=0.93 | top=1:0.75, 0:0.10
[2026-05-09 15:48:30]   [119/12738] | true=sitting(2) | pred=sitting(2) |  ✓ | ent=0.59 | top=2:0.85, 0:0.05
[2026-05-09 15:48:33]   [120/12738] | true=walking(5) | pred=walking(5) |  ✓ | ent=1.27 | top=5:0.60, 0:0.15
[2026-05-09 15:48:33]   进度: 120/12738, 准确率=76.7%, 正确样本数=92, 已保存
[2026-05-09 15:48:45]   [RETRY] | true=standing(3) | pred=sitting(2)
[2026-05-09 15:48:45]   [121/12738] | true=standing(3) | pred=sitting(2) |  ✗ | ent=0.96 | top=2:0.75, 0:0.05
[2026-05-09 15:48:52]   [RETRY] | true=downstairs(0) | pred=walking(5)
[2026-05-09 15:48:52]   [122/12738] | true=downstairs(0) | pred=walking(5) |  ✗ | ent=1.45 | top=5:0.50, 0:0.15
[2026-05-09 15:48:56]   [123/12738] | true=jogging(1) | pred=jogging(1) |  ✓ | ent=0.96 | top=1:0.75, 0:0.05
[2026-05-09 15:49:06]   [RETRY] | true=walking(5) | pred=walking(5)
[2026-05-09 15:49:06]   [124/12738] | true=walking(5) | pred=walking(5) |  ✓ | ent=1.27 | top=5:0.60, 0:0.15
[2026-05-09 15:49:10]   [125/12738] | true=sitting(2) | pred=sitting(2) |  ✓ | ent=1.04 | top=2:0.71, 3:0.10
[2026-05-09 15:49:10]   进度: 125/12738, 准确率=76.0%, 正确样本数=95, 已保存
[2026-05-09 15:49:24]   [RETRY] | true=standing(3) | pred=standing(3)
[2026-05-09 15:49:24]   [126/12738] | true=standing(3) | pred=standing(3) |  ✓ | ent=0.96 | top=3:0.75, 0:0.05
[2026-05-09 15:49:30]   [RETRY] | true=walking(5) | pred=downstairs(0)
[2026-05-09 15:49:30]   [127/12738] | true=walking(5) | pred=downstairs(0) |  ✗ | ent=1.50 | top=0:0.35, 5:0.30
[2026-05-09 15:49:39]   [RETRY] | true=downstairs(0) | pred=walking(5)
[2026-05-09 15:49:39]   [128/12738] | true=downstairs(0) | pred=walking(5) |  ✗ | ent=1.23 | top=5:0.60, 0:0.20
[2026-05-09 15:49:43]   [129/12738] | true=upstairs(4) | pred=upstairs(4) |  ✓ | ent=1.27 | top=4:0.60, 0:0.15
[2026-05-09 15:49:46]   [130/12738] | true=standing(3) | pred=standing(3) |  ✓ | ent=1.58 | top=3:0.40, 2:0.20
[2026-05-09 15:49:46]   进度: 130/12738, 准确率=75.4%, 正确样本数=98, 已保存
[2026-05-09 15:49:50]   [131/12738] | true=walking(5) | pred=walking(5) |  ✓ | ent=0.96 | top=5:0.75, 0:0.05
[2026-05-09 15:49:58]   [RETRY] | true=downstairs(0) | pred=upstairs(4)
[2026-05-09 15:49:58]   [132/12738] | true=downstairs(0) | pred=upstairs(4) |  ✗ | ent=1.41 | top=4:0.40, 0:0.35
[2026-05-09 15:50:04]   [133/12738] | true=standing(3) | pred=standing(3) |  ✓ | ent=0.93 | top=3:0.76, 0:0.05
[2026-05-09 15:50:10]   [RETRY] | true=walking(5) | pred=downstairs(0)
[2026-05-09 15:50:10]   [134/12738] | true=walking(5) | pred=downstairs(0) |  ✗ | ent=1.16 | top=0:0.65, 4:0.15
[2026-05-09 15:50:24]   [RETRY] | true=standing(3) | pred=upstairs(4)
[2026-05-09 15:50:24]   [135/12738] | true=standing(3) | pred=upstairs(4) |  ✗ | ent=1.27 | top=4:0.60, 0:0.15
[2026-05-09 15:50:24]   进度: 135/12738, 准确率=74.1%, 正确样本数=100, 已保存
[2026-05-09 15:50:28]   [136/12738] | true=sitting(2) | pred=sitting(2) |  ✓ | ent=1.02 | top=2:0.70, 3:0.15
[2026-05-09 15:50:31]   [137/12738] | true=standing(3) | pred=standing(3) |  ✓ | ent=0.96 | top=3:0.75, 0:0.05
[2026-05-09 15:50:36]   [138/12738] | true=standing(3) | pred=standing(3) |  ✓ | ent=1.37 | top=3:0.55, 2:0.15
[2026-05-09 15:50:45]   [139/12738] | true=upstairs(4) | pred=upstairs(4) |  ✓ | ent=1.33 | top=4:0.45, 0:0.35
[2026-05-09 15:50:50]   [140/12738] | true=jogging(1) | pred=jogging(1) |  ✓ | ent=1.42 | top=1:0.40, 0:0.35
[2026-05-09 15:50:50]   进度: 140/12738, 准确率=75.0%, 正确样本数=105, 已保存
[2026-05-09 15:50:57]   [141/12738] | true=jogging(1) | pred=jogging(1) |  ✓ | ent=1.08 | top=1:0.70, 5:0.10
[2026-05-09 15:51:01]   [142/12738] | true=sitting(2) | pred=sitting(2) |  ✓ | ent=1.04 | top=2:0.71, 3:0.10
[2026-05-09 15:51:09]   [RETRY] | true=standing(3) | pred=standing(3)
[2026-05-09 15:51:09]   [143/12738] | true=standing(3) | pred=standing(3) |  ✓ | ent=0.96 | top=3:0.75, 0:0.05
[2026-05-09 15:51:12]   [144/12738] | true=sitting(2) | pred=sitting(2) |  ✓ | ent=0.93 | top=2:0.75, 3:0.10
[2026-05-09 15:51:17]   [RETRY] | true=jogging(1) | pred=jogging(1)
[2026-05-09 15:51:17]   [145/12738] | true=jogging(1) | pred=jogging(1) |  ✓ | ent=1.27 | top=1:0.60, 0:0.15
[2026-05-09 15:51:17]   进度: 145/12738, 准确率=75.9%, 正确样本数=110, 已保存
[2026-05-09 15:51:22]   [146/12738] | true=sitting(2) | pred=sitting(2) |  ✓ | ent=0.81 | top=2:0.80, 0:0.05
[2026-05-09 15:51:31]   [RETRY] | true=upstairs(4) | pred=walking(5)
[2026-05-09 15:51:31]   [147/12738] | true=upstairs(4) | pred=walking(5) |  ✗ | ent=1.35 | top=5:0.55, 0:0.15
[2026-05-09 15:51:36]   [RETRY] | true=sitting(2) | pred=sitting(2)
[2026-05-09 15:51:36]   [148/12738] | true=sitting(2) | pred=sitting(2) |  ✓ | ent=1.44 | top=2:0.45, 3:0.25
[2026-05-09 15:51:41]   [149/12738] | true=walking(5) | pred=walking(5) |  ✓ | ent=1.27 | top=5:0.60, 0:0.15
[2026-05-09 15:51:54]   [RETRY] | true=standing(3) | pred=standing(3)
[2026-05-09 15:51:54]   [150/12738] | true=standing(3) | pred=standing(3) |  ✓ | ent=1.37 | top=3:0.55, 2:0.15
[2026-05-09 15:51:54]   进度: 150/12738, 准确率=76.0%, 正确样本数=114, 已保存
[2026-05-09 15:52:04]   [151/12738] | true=walking(5) | pred=walking(5) |  ✓ | ent=0.96 | top=5:0.75, 0:0.05
[2026-05-09 15:52:11]   [RETRY] | true=downstairs(0) | pred=upstairs(4)
[2026-05-09 15:52:11]   [152/12738] | true=downstairs(0) | pred=upstairs(4) |  ✗ | ent=0.96 | top=4:0.75, 0:0.05
[2026-05-09 15:52:18]   [RETRY] | true=walking(5) | pred=upstairs(4)
[2026-05-09 15:52:18]   [153/12738] | true=walking(5) | pred=upstairs(4) |  ✗ | ent=1.47 | top=4:0.35, 5:0.35
[2026-05-09 15:52:20]   [154/12738] | true=walking(5) | pred=walking(5) |  ✓ | ent=1.27 | top=5:0.60, 0:0.15
[2026-05-09 15:52:27]   [RETRY] | true=walking(5) | pred=downstairs(0)
[2026-05-09 15:52:27]   [155/12738] | true=walking(5) | pred=downstairs(0) |  ✗ | ent=1.33 | top=0:0.45, 5:0.35
[2026-05-09 15:52:27]   进度: 155/12738, 准确率=74.8%, 正确样本数=116, 已保存
[2026-05-09 15:52:42]   [RETRY] | true=upstairs(4) | pred=upstairs(4)
[2026-05-09 15:52:42]   [156/12738] | true=upstairs(4) | pred=upstairs(4) |  ✓ | ent=1.52 | top=4:0.30, 5:0.30
[2026-05-09 15:52:44]   [157/12738] | true=walking(5) | pred=walking(5) |  ✓ | ent=1.16 | top=5:0.65, 0:0.15
[2026-05-09 15:52:58]   [RETRY] | true=walking(5) | pred=walking(5)
[2026-05-09 15:52:58]   [158/12738] | true=walking(5) | pred=walking(5) |  ✓ | ent=1.44 | top=5:0.45, 0:0.25
[2026-05-09 15:53:02]   [159/12738] | true=walking(5) | pred=walking(5) |  ✓ | ent=0.96 | top=5:0.75, 0:0.05
[2026-05-09 15:53:07]   [160/12738] | true=jogging(1) | pred=jogging(1) |  ✓ | ent=0.96 | top=1:0.75, 0:0.05
[2026-05-09 15:53:07]   进度: 160/12738, 准确率=75.6%, 正确样本数=121, 已保存
[2026-05-09 15:53:12]   [161/12738] | true=standing(3) | pred=standing(3) |  ✓ | ent=0.93 | top=3:0.76, 0:0.05
[2026-05-09 15:53:20]   [RETRY] | true=downstairs(0) | pred=upstairs(4)
[2026-05-09 15:53:20]   [162/12738] | true=downstairs(0) | pred=upstairs(4) |  ✗ | ent=1.54 | top=4:0.45, 0:0.15
[2026-05-09 15:53:26]   [163/12738] | true=sitting(2) | pred=sitting(2) |  ✓ | ent=0.93 | top=2:0.75, 3:0.10
[2026-05-09 15:53:33]   [164/12738] | true=standing(3) | pred=standing(3) |  ✓ | ent=0.96 | top=3:0.75, 0:0.05
[2026-05-09 15:53:50]   [RETRY] | true=downstairs(0) | pred=upstairs(4)
[2026-05-09 15:53:50]   [165/12738] | true=downstairs(0) | pred=upstairs(4) |  ✗ | ent=1.27 | top=4:0.60, 5:0.15
[2026-05-09 15:53:50]   进度: 165/12738, 准确率=75.2%, 正确样本数=124, 已保存
[2026-05-09 15:53:55]   [166/12738] | true=walking(5) | pred=walking(5) |  ✓ | ent=1.44 | top=5:0.45, 4:0.25
[2026-05-09 15:54:03]   [RETRY] | true=sitting(2) | pred=sitting(2)
[2026-05-09 15:54:03]   [167/12738] | true=sitting(2) | pred=sitting(2) |  ✓ | ent=0.93 | top=2:0.75, 3:0.10
[2026-05-09 15:54:08]   [168/12738] | true=standing(3) | pred=standing(3) |  ✓ | ent=0.96 | top=3:0.75, 0:0.05
[2026-05-09 15:54:11]   [169/12738] | true=sitting(2) | pred=sitting(2) |  ✓ | ent=1.09 | top=2:0.65, 3:0.15
[2026-05-09 15:54:19]   [RETRY] | true=standing(3) | pred=standing(3)
[2026-05-09 15:54:19]   [170/12738] | true=standing(3) | pred=standing(3) |  ✓ | ent=0.96 | top=3:0.75, 0:0.05
[2026-05-09 15:54:19]   进度: 170/12738, 准确率=75.9%, 正确样本数=129, 已保存
[2026-05-09 15:54:28]   [171/12738] | true=sitting(2) | pred=sitting(2) |  ✓ | ent=1.21 | top=2:0.60, 0:0.15
[2026-05-09 15:54:30]   [172/12738] | true=jogging(1) | pred=jogging(1) |  ✓ | ent=1.47 | top=1:0.45, 0:0.25
[2026-05-09 15:54:35]   [173/12738] | true=sitting(2) | pred=sitting(2) |  ✓ | ent=1.13 | top=2:0.65, 3:0.15
[2026-05-09 15:54:45]   [RETRY] | true=walking(5) | pred=walking(5)
[2026-05-09 15:54:45]   [174/12738] | true=walking(5) | pred=walking(5) |  ✓ | ent=1.40 | top=5:0.45, 0:0.30
[2026-05-09 15:54:55]   [RETRY] | true=downstairs(0) | pred=upstairs(4)
[2026-05-09 15:54:55]   [175/12738] | true=downstairs(0) | pred=upstairs(4) |  ✗ | ent=1.37 | top=4:0.50, 5:0.25
[2026-05-09 15:54:55]   进度: 175/12738, 准确率=76.0%, 正确样本数=133, 已保存
[2026-05-09 15:55:11]   [RETRY] | true=standing(3) | pred=standing(3)
[2026-05-09 15:55:11]   [176/12738] | true=standing(3) | pred=standing(3) |  ✓ | ent=1.16 | top=3:0.65, 0:0.15
[2026-05-09 15:55:19]   [RETRY] | true=walking(5) | pred=walking(5)
[2026-05-09 15:55:19]   [177/12738] | true=walking(5) | pred=walking(5) |  ✓ | ent=1.27 | top=5:0.60, 0:0.15
[2026-05-09 15:55:32]   [RETRY] | true=jogging(1) | pred=jogging(1)
[2026-05-09 15:55:32]   [178/12738] | true=jogging(1) | pred=jogging(1) |  ✓ | ent=0.96 | top=1:0.75, 0:0.05
[2026-05-09 15:55:39]   [179/12738] | true=standing(3) | pred=standing(3) |  ✓ | ent=0.93 | top=3:0.76, 0:0.05
[2026-05-09 15:55:44]   [180/12738] | true=upstairs(4) | pred=upstairs(4) |  ✓ | ent=1.08 | top=4:0.70, 0:0.10
[2026-05-09 15:55:44]   进度: 180/12738, 准确率=76.7%, 正确样本数=138, 已保存
[2026-05-09 15:55:48]   [181/12738] | true=sitting(2) | pred=sitting(2) |  ✓ | ent=0.93 | top=2:0.75, 3:0.10
[2026-05-09 15:55:51]   [182/12738] | true=standing(3) | pred=standing(3) |  ✓ | ent=0.96 | top=3:0.75, 0:0.05
[2026-05-09 15:55:56]   [183/12738] | true=walking(5) | pred=walking(5) |  ✓ | ent=1.33 | top=5:0.45, 0:0.35
[2026-05-09 15:56:02]   [RETRY] | true=sitting(2) | pred=walking(5)
[2026-05-09 15:56:02]   [184/12738] | true=sitting(2) | pred=walking(5) |  ✗ | ent=1.41 | top=5:0.40, 4:0.35
[2026-05-09 15:56:05]   [185/12738] | true=standing(3) | pred=standing(3) |  ✓ | ent=1.19 | top=3:0.65, 2:0.10
[2026-05-09 15:56:05]   进度: 185/12738, 准确率=76.8%, 正确样本数=142, 已保存
[2026-05-09 15:56:10]   [186/12738] | true=jogging(1) | pred=jogging(1) |  ✓ | ent=1.16 | top=1:0.65, 0:0.15
[2026-05-09 15:56:13]   [187/12738] | true=upstairs(4) | pred=upstairs(4) |  ✓ | ent=1.63 | top=4:0.40, 0:0.15
[2026-05-09 15:56:24]   [RETRY] | true=walking(5) | pred=upstairs(4)
[2026-05-09 15:56:24]   [188/12738] | true=walking(5) | pred=upstairs(4) |  ✗ | ent=1.56 | top=4:0.30, 5:0.30
[2026-05-09 15:56:32]   [RETRY] | true=standing(3) | pred=downstairs(0)
[2026-05-09 15:56:32]   [189/12738] | true=standing(3) | pred=downstairs(0) |  ✗ | ent=0.96 | top=0:0.75, 1:0.05
[2026-05-09 15:56:42]   [RETRY] | true=upstairs(4) | pred=upstairs(4)
[2026-05-09 15:56:42]   [190/12738] | true=upstairs(4) | pred=upstairs(4) |  ✓ | ent=0.96 | top=4:0.75, 0:0.05
[2026-05-09 15:56:42]   进度: 190/12738, 准确率=76.3%, 正确样本数=145, 已保存
[2026-05-09 15:56:48]   [RETRY] | true=downstairs(0) | pred=upstairs(4)
[2026-05-09 15:56:48]   [191/12738] | true=downstairs(0) | pred=upstairs(4) |  ✗ | ent=1.27 | top=4:0.60, 0:0.15
[2026-05-09 15:56:54]   [RETRY] | true=sitting(2) | pred=walking(5)
[2026-05-09 15:56:54]   [192/12738] | true=sitting(2) | pred=walking(5) |  ✗ | ent=1.58 | top=5:0.40, 0:0.20
[2026-05-09 15:57:06]   [RETRY] | true=walking(5) | pred=walking(5)
[2026-05-09 15:57:06]   [193/12738] | true=walking(5) | pred=walking(5) |  ✓ | ent=1.19 | top=5:0.65, 0:0.10
[2026-05-09 15:57:13]   [RETRY] | true=walking(5) | pred=upstairs(4)
[2026-05-09 15:57:13]   [194/12738] | true=walking(5) | pred=upstairs(4) |  ✗ | ent=1.27 | top=4:0.60, 0:0.15
[2026-05-09 15:57:20]   [RETRY] | true=standing(3) | pred=standing(3)
[2026-05-09 15:57:20]   [195/12738] | true=standing(3) | pred=standing(3) |  ✓ | ent=0.96 | top=3:0.75, 0:0.05
[2026-05-09 15:57:20]   进度: 195/12738, 准确率=75.4%, 正确样本数=147, 已保存
[2026-05-09 15:57:25]   [196/12738] | true=jogging(1) | pred=jogging(1) |  ✓ | ent=1.33 | top=1:0.45, 0:0.35
[2026-05-09 15:57:30]   [RETRY] | true=standing(3) | pred=upstairs(4)
[2026-05-09 15:57:30]   [197/12738] | true=standing(3) | pred=upstairs(4) |  ✗ | ent=0.96 | top=4:0.75, 0:0.05
[2026-05-09 15:57:32]   [198/12738] | true=jogging(1) | pred=jogging(1) |  ✓ | ent=1.37 | top=1:0.55, 0:0.15
[2026-05-09 15:57:39]   [RETRY] | true=sitting(2) | pred=sitting(2)
[2026-05-09 15:57:39]   [199/12738] | true=sitting(2) | pred=sitting(2) |  ✓ | ent=0.93 | top=2:0.75, 3:0.10
[2026-05-09 15:57:45]   [200/12738] | true=walking(5) | pred=walking(5) |  ✓ | ent=0.96 | top=5:0.75, 0:0.05
[2026-05-09 15:57:45]   100轮: 151/200(75.5%) downstairs=4/18(22%) jogging=22/23(96%) sitting=37/41(90%) standing=38/47(81%) upstairs=15/21(71%) walking=35/50(70%)
[2026-05-09 15:57:45]   进度: 200/12738, 准确率=75.5%, 正确样本数=151, 已保存
[2026-05-09 15:57:48]   [201/12738] | true=standing(3) | pred=standing(3) |  ✓ | ent=0.96 | top=3:0.75, 0:0.05
[2026-05-09 15:57:52]   [202/12738] | true=sitting(2) | pred=sitting(2) |  ✓ | ent=0.98 | top=2:0.74, 3:0.07
[2026-05-09 15:58:01]   [RETRY] | true=walking(5) | pred=upstairs(4)
[2026-05-09 15:58:01]   [203/12738] | true=walking(5) | pred=upstairs(4) |  ✗ | ent=0.96 | top=4:0.75, 0:0.05
[2026-05-09 15:58:05]   [204/12738] | true=sitting(2) | pred=sitting(2) |  ✓ | ent=1.04 | top=2:0.71, 3:0.10
[2026-05-09 15:58:11]   [RETRY] | true=walking(5) | pred=walking(5)
[2026-05-09 15:58:11]   [205/12738] | true=walking(5) | pred=walking(5) |  ✓ | ent=1.45 | top=5:0.50, 0:0.15
[2026-05-09 15:58:11]   进度: 205/12738, 准确率=75.6%, 正确样本数=155, 已保存
[2026-05-09 15:58:13]   [206/12738] | true=sitting(2) | pred=sitting(2) |  ✓ | ent=1.57 | top=2:0.35, 0:0.25
[2026-05-09 15:58:16]   [207/12738] | true=jogging(1) | pred=jogging(1) |  ✓ | ent=1.19 | top=1:0.65, 0:0.10
[2026-05-09 15:58:19]   [208/12738] | true=standing(3) | pred=standing(3) |  ✓ | ent=0.96 | top=3:0.75, 0:0.05
[2026-05-09 15:58:21]   [209/12738] | true=standing(3) | pred=standing(3) |  ✓ | ent=1.12 | top=3:0.68, 0:0.12
[2026-05-09 15:58:33]   [RETRY] | true=standing(3) | pred=sitting(2)
[2026-05-09 15:58:33]   [210/12738] | true=standing(3) | pred=sitting(2) |  ✗ | ent=0.93 | top=2:0.75, 0:0.08
[2026-05-09 15:58:33]   进度: 210/12738, 准确率=75.7%, 正确样本数=159, 已保存
[2026-05-09 15:58:39]   [RETRY] | true=standing(3) | pred=upstairs(4)
[2026-05-09 15:58:39]   [211/12738] | true=standing(3) | pred=upstairs(4) |  ✗ | ent=1.40 | top=4:0.45, 0:0.30
[2026-05-09 15:58:48]   [RETRY] | true=walking(5) | pred=downstairs(0)
[2026-05-09 15:58:48]   [212/12738] | true=walking(5) | pred=downstairs(0) |  ✗ | ent=1.27 | top=0:0.60, 4:0.15
[2026-05-09 15:58:53]   [213/12738] | true=standing(3) | pred=standing(3) |  ✓ | ent=0.96 | top=3:0.75, 0:0.05
[2026-05-09 15:58:58]   [214/12738] | true=jogging(1) | pred=jogging(1) |  ✓ | ent=0.96 | top=1:0.75, 0:0.05
[2026-05-09 15:59:04]   [RETRY] | true=walking(5) | pred=walking(5)
[2026-05-09 15:59:04]   [215/12738] | true=walking(5) | pred=walking(5) |  ✓ | ent=1.40 | top=5:0.45, 0:0.30
[2026-05-09 15:59:04]   进度: 215/12738, 准确率=75.3%, 正确样本数=162, 已保存
[2026-05-09 15:59:09]   [216/12738] | true=standing(3) | pred=standing(3) |  ✓ | ent=0.96 | top=3:0.75, 0:0.05
[2026-05-09 15:59:13]   [217/12738] | true=downstairs(0) | pred=downstairs(0) |  ✓ | ent=1.37 | top=0:0.55, 4:0.15
[2026-05-09 15:59:17]   [RETRY] | true=downstairs(0) | pred=upstairs(4)
[2026-05-09 15:59:17]   [218/12738] | true=downstairs(0) | pred=upstairs(4) |  ✗ | ent=1.56 | top=4:0.45, 0:0.15
[2026-05-09 15:59:23]   [219/12738] | true=standing(3) | pred=standing(3) |  ✓ | ent=0.96 | top=3:0.75, 0:0.05
[2026-05-09 15:59:30]   [RETRY] | true=walking(5) | pred=downstairs(0)
[2026-05-09 15:59:30]   [220/12738] | true=walking(5) | pred=downstairs(0) |  ✗ | ent=1.52 | top=0:0.30, 4:0.30
[2026-05-09 15:59:30]   进度: 220/12738, 准确率=75.0%, 正确样本数=165, 已保存
[2026-05-09 15:59:34]   [221/12738] | true=upstairs(4) | pred=upstairs(4) |  ✓ | ent=1.37 | top=4:0.55, 0:0.15
[2026-05-09 15:59:37]   [222/12738] | true=downstairs(0) | pred=downstairs(0) |  ✓ | ent=1.44 | top=0:0.45, 5:0.25
[2026-05-09 15:59:40]   [223/12738] | true=jogging(1) | pred=jogging(1) |  ✓ | ent=1.44 | top=1:0.45, 4:0.25
[2026-05-09 15:59:45]   [224/12738] | true=upstairs(4) | pred=upstairs(4) |  ✓ | ent=1.37 | top=4:0.50, 0:0.25
[2026-05-09 15:59:57]   [RETRY] | true=walking(5) | pred=downstairs(0)
[2026-05-09 15:59:57]   [225/12738] | true=walking(5) | pred=downstairs(0) |  ✗ | ent=1.50 | top=0:0.35, 4:0.30
[2026-05-09 15:59:57]   进度: 225/12738, 准确率=75.1%, 正确样本数=169, 已保存
[2026-05-09 16:00:01]   [RETRY] | true=sitting(2) | pred=standing(3)
[2026-05-09 16:00:01]   [226/12738] | true=sitting(2) | pred=standing(3) |  ✗ | ent=0.96 | top=3:0.75, 0:0.05
[2026-05-09 16:00:11]   [RETRY] | true=upstairs(4) | pred=upstairs(4)
[2026-05-09 16:00:11]   [227/12738] | true=upstairs(4) | pred=upstairs(4) |  ✓ | ent=0.96 | top=4:0.75, 0:0.05
[2026-05-09 16:00:14]   [228/12738] | true=walking(5) | pred=walking(5) |  ✓ | ent=1.27 | top=5:0.60, 0:0.15
[2026-05-09 16:00:33]   [RETRY] | true=sitting(2) | pred=sitting(2)
[2026-05-09 16:00:33]   [229/12738] | true=sitting(2) | pred=sitting(2) |  ✓ | ent=1.37 | top=2:0.52, 3:0.19
[2026-05-09 16:00:36]   [230/12738] | true=sitting(2) | pred=sitting(2) |  ✓ | ent=1.19 | top=2:0.62, 3:0.19
[2026-05-09 16:00:36]   进度: 230/12738, 准确率=75.2%, 正确样本数=173, 已保存
[2026-05-09 16:00:45]   [231/12738] | true=walking(5) | pred=walking(5) |  ✓ | ent=0.96 | top=5:0.75, 0:0.05
[2026-05-09 16:00:56]   [RETRY] | true=walking(5) | pred=downstairs(0)
[2026-05-09 16:00:56]   [232/12738] | true=walking(5) | pred=downstairs(0) |  ✗ | ent=1.16 | top=0:0.65, 5:0.15
[2026-05-09 16:01:03]   [RETRY] | true=upstairs(4) | pred=walking(5)
[2026-05-09 16:01:03]   [233/12738] | true=upstairs(4) | pred=walking(5) |  ✗ | ent=0.96 | top=5:0.75, 0:0.05
[2026-05-09 16:01:09]   [234/12738] | true=walking(5) | pred=walking(5) |  ✓ | ent=1.41 | top=5:0.40, 0:0.35
[2026-05-09 16:01:13]   [235/12738] | true=standing(3) | pred=standing(3) |  ✓ | ent=1.08 | top=3:0.70, 5:0.10
[2026-05-09 16:01:13]   进度: 235/12738, 准确率=74.9%, 正确样本数=176, 已保存
[2026-05-09 16:01:17]   [236/12738] | true=upstairs(4) | pred=upstairs(4) |  ✓ | ent=1.19 | top=4:0.65, 0:0.10
[2026-05-09 16:01:21]   [RETRY] | true=jogging(1) | pred=jogging(1)
[2026-05-09 16:01:21]   [237/12738] | true=jogging(1) | pred=jogging(1) |  ✓ | ent=0.96 | top=1:0.75, 0:0.05
[2026-05-09 16:01:30]   [238/12738] | true=walking(5) | pred=walking(5) |  ✓ | ent=0.96 | top=5:0.75, 0:0.05
[2026-05-09 16:01:44]   [RETRY] | true=downstairs(0) | pred=walking(5)
[2026-05-09 16:01:44]   [239/12738] | true=downstairs(0) | pred=walking(5) |  ✗ | ent=0.96 | top=5:0.75, 0:0.05
[2026-05-09 16:01:54]   [RETRY] | true=standing(3) | pred=standing(3)
[2026-05-09 16:01:54]   [240/12738] | true=standing(3) | pred=standing(3) |  ✓ | ent=0.96 | top=3:0.75, 0:0.05
[2026-05-09 16:01:54]   进度: 240/12738, 准确率=75.0%, 正确样本数=180, 已保存
[2026-05-09 16:01:58]   [241/12738] | true=walking(5) | pred=walking(5) |  ✓ | ent=1.44 | top=5:0.45, 4:0.25
[2026-05-09 16:02:02]   [242/12738] | true=standing(3) | pred=standing(3) |  ✓ | ent=0.96 | top=3:0.75, 0:0.05
[2026-05-09 16:02:08]   [243/12738] | true=standing(3) | pred=standing(3) |  ✓ | ent=0.96 | top=3:0.75, 0:0.05
[2026-05-09 16:02:20]   [RETRY] | true=downstairs(0) | pred=upstairs(4)
[2026-05-09 16:02:20]   [244/12738] | true=downstairs(0) | pred=upstairs(4) |  ✗ | ent=0.96 | top=4:0.75, 0:0.05
[2026-05-09 16:02:25]   [245/12738] | true=sitting(2) | pred=sitting(2) |  ✓ | ent=1.16 | top=2:0.60, 0:0.23
[2026-05-09 16:02:25]   进度: 245/12738, 准确率=75.1%, 正确样本数=184, 已保存
[2026-05-09 16:02:29]   [246/12738] | true=standing(3) | pred=standing(3) |  ✓ | ent=0.96 | top=3:0.75, 0:0.05
[2026-05-09 16:02:33]   [247/12738] | true=upstairs(4) | pred=upstairs(4) |  ✓ | ent=1.16 | top=4:0.65, 0:0.15
[2026-05-09 16:02:46]   [RETRY] | true=jogging(1) | pred=upstairs(4)
[2026-05-09 16:02:46]   [248/12738] | true=jogging(1) | pred=upstairs(4) |  ✗ | ent=0.96 | top=4:0.75, 0:0.05
[2026-05-09 16:02:54]   [249/12738] | true=upstairs(4) | pred=upstairs(4) |  ✓ | ent=1.44 | top=4:0.45, 5:0.25
[2026-05-09 16:02:58]   [250/12738] | true=walking(5) | pred=walking(5) |  ✓ | ent=1.58 | top=5:0.33, 4:0.32
[2026-05-09 16:02:58]   进度: 250/12738, 准确率=75.2%, 正确样本数=188, 已保存
[2026-05-09 16:03:03]   [RETRY] | true=walking(5) | pred=walking(5)
[2026-05-09 16:03:03]   [251/12738] | true=walking(5) | pred=walking(5) |  ✓ | ent=1.46 | top=5:0.40, 4:0.30
[2026-05-09 16:03:11]   [RETRY] | true=downstairs(0) | pred=walking(5)
[2026-05-09 16:03:11]   [252/12738] | true=downstairs(0) | pred=walking(5) |  ✗ | ent=1.40 | top=5:0.50, 4:0.20
[2026-05-09 16:03:20]   [RETRY] | true=standing(3) | pred=standing(3)
[2026-05-09 16:03:20]   [253/12738] | true=standing(3) | pred=standing(3) |  ✓ | ent=0.96 | top=3:0.75, 0:0.05
[2026-05-09 16:03:26]   [RETRY] | true=downstairs(0) | pred=walking(5)
[2026-05-09 16:03:26]   [254/12738] | true=downstairs(0) | pred=walking(5) |  ✗ | ent=1.37 | top=5:0.55, 0:0.15
[2026-05-09 16:03:38]   [RETRY] | true=walking(5) | pred=downstairs(0)
[2026-05-09 16:03:38]   [255/12738] | true=walking(5) | pred=downstairs(0) |  ✗ | ent=1.27 | top=0:0.55, 4:0.25
[2026-05-09 16:03:38]   进度: 255/12738, 准确率=74.5%, 正确样本数=190, 已保存
[2026-05-09 16:03:43]   [RETRY] | true=downstairs(0) | pred=downstairs(0)
[2026-05-09 16:03:43]   [256/12738] | true=downstairs(0) | pred=downstairs(0) |  ✓ | ent=1.37 | top=0:0.50, 4:0.25
