[2026-04-27 10:42:47] [Proc 13] 启动，65秒后开始（避免并发冲突）
[2026-04-27 10:43:52] [数据] 从缓存加载: X_tr=/home/fandy/workplace/thesis/results/soft_labels/kuhar_X_tr.npy
[2026-04-27 10:43:52] [Proc 13] 类 13 (Walk-circle): 748样本, 目标299, 已有0, 需生成299
[2026-04-27 10:46:18]   [1/299 · 0%] idx=273: ✅REAL max=0.500 (50141ms) ETA=43587s
[2026-04-27 10:47:29]   [2/299 · 1%] idx=399: ✅REAL max=0.440 (70280ms) ETA=32308s
[2026-04-27 10:48:37]   [3/299 · 1%] idx=400: ✅REAL max=0.350 (66522ms) ETA=28129s
[2026-04-27 10:49:33]   [4/299 · 1%] idx=437: ✅REAL max=0.290 (55092ms) ETA=25164s
[2026-04-27 10:50:52]   [5/299 · 2%] idx=511: ✅REAL max=0.300 (77484ms) ETA=24679s
[2026-04-27 10:52:31]   [6/299 · 2%] idx=655: ✅REAL max=0.250 (98078ms) ETA=25335s
[2026-04-27 10:53:09]   [7/299 · 2%] idx=670: ✅REAL max=0.250 (36775ms) ETA=23220s
[2026-04-27 10:54:09]   [8/299 · 3%] idx=678: ✅REAL max=0.170 (54058ms) ETA=22366s
[2026-04-27 11:32:46] [Proc 13] 启动，65秒后开始（避免并发冲突）
[2026-04-27 11:33:51] [数据] 从缓存加载: X_tr=/home/fandy/workplace/thesis/results/soft_labels/kuhar_X_tr.npy
[2026-04-27 11:33:51] [Proc 13] 类 13 (Walk-circle): 748样本, 目标299, 已有8, 需生成291
[2026-04-27 11:35:14]   [1/291 · 0%] idx=764: ✅REAL max=0.180 (82451ms) ETA=23911s
[2026-04-27 11:36:02]   [2/291 · 1%] idx=995: ✅REAL max=0.300 (46932ms) ETA=18841s
[2026-04-27 11:37:07]   [3/291 · 1%] idx=1006: ✅REAL max=0.450 (64004ms) ETA=18758s
[2026-04-27 11:38:05]   [4/291 · 1%] idx=1026: ✅REAL max=0.450 (57725ms) ETA=18234s
[2026-04-27 11:39:46]   [5/291 · 2%] idx=1037: ✅REAL max=0.450 (99458ms) ETA=20283s
[2026-04-27 11:40:37]   [6/291 · 2%] idx=1192: ✅REAL max=0.330 (50551ms) ETA=19292s
[2026-04-27 11:41:16]   [7/291 · 2%] idx=1373: ✅REAL max=0.440 (38067ms) ETA=18063s
[2026-04-27 11:41:57]   [8/291 · 3%] idx=1426: ✅REAL max=0.420 (39632ms) ETA=17187s
[2026-04-27 11:42:26]   [9/291 · 3%] idx=1457: ✅REAL max=0.320 (27462ms) ETA=16115s
[2026-04-27 11:43:24]   [10/291 · 3%] idx=1529: ✅REAL max=0.350 (57402ms) ETA=16094s
[2026-04-27 11:44:13]   [11/291 · 4%] idx=1602: ✅REAL max=0.340 (48185ms) ETA=15831s
[2026-04-27 11:44:51]   [12/291 · 4%] idx=1651: ✅REAL max=0.400 (36704ms) ETA=15336s
[2026-04-27 11:47:01]   [13/291 · 4%] idx=1808: ✅REAL max=0.440 (47498ms) ETA=16890s
[2026-04-27 11:48:03]   [14/291 · 5%] idx=1859: ✅REAL max=0.470 (61196ms) ETA=16857s
[2026-04-27 11:48:52]   [15/291 · 5%] idx=1890: ✅REAL max=0.400 (48191ms) ETA=16582s
[2026-04-27 11:49:29]   [16/291 · 5%] idx=2003: ✅REAL max=0.400 (35081ms) ETA=16110s
[2026-04-27 11:51:06]   [17/291 · 6%] idx=2014: ✅REAL max=0.320 (96449ms) ETA=16677s
[2026-04-27 11:52:32]   [18/291 · 6%] idx=2159: ✅REAL max=0.220 (84587ms) ETA=16992s
[2026-04-27 11:53:21]   [19/291 · 7%] idx=2176: ✅REAL max=0.304 (48107ms) ETA=16741s
[2026-04-27 11:54:04]   [20/291 · 7%] idx=2205: ✅REAL max=0.730 (42770ms) ETA=16439s
[2026-04-27 11:54:04]   💾 [20/291] 进度已保存
[2026-04-27 11:54:58]   [21/291 · 7%] idx=2206: ✅REAL max=0.230 (52525ms) ETA=16287s
[2026-04-27 11:56:08]   [22/291 · 8%] idx=2222: ✅REAL max=0.300 (68596ms) ETA=16340s
[2026-04-27 11:57:20]   [23/291 · 8%] idx=2226: ✅REAL max=0.478 (71880ms) ETA=16421s
[2026-04-27 11:57:54]   [24/291 · 8%] idx=2243: ✅REAL max=0.430 (32145ms) ETA=16046s
[2026-04-27 11:58:47]   [25/291 · 9%] idx=2300: ✅REAL max=0.460 (52562ms) ETA=15917s
[2026-04-27 11:59:44]   [26/291 · 9%] idx=2355: ✅REAL max=0.290 (55829ms) ETA=15826s
[2026-04-27 12:00:24]   [27/291 · 9%] idx=2423: ✅REAL max=0.300 (38859ms) ETA=15572s
[2026-04-27 12:01:01]   [28/291 · 10%] idx=2458: ✅REAL max=0.343 (36029ms) ETA=15307s
[2026-04-27 12:01:38]   [29/291 · 10%] idx=2566: ✅REAL max=0.440 (36205ms) ETA=15059s
[2026-04-27 12:02:51]   [30/291 · 10%] idx=2664: ✅REAL max=0.590 (72323ms) ETA=15140s
[2026-04-27 12:03:49]   [31/291 · 11%] idx=2764: ✅REAL max=0.460 (56776ms) ETA=15080s
[2026-04-27 12:05:00]   [32/291 · 11%] idx=2841: ✅REAL max=0.380 (69732ms) ETA=15125s
[2026-04-27 12:05:51]   [33/291 · 11%] idx=2843: ✅REAL max=0.450 (49559ms) ETA=15005s
[2026-04-27 12:06:43]   [34/291 · 12%] idx=2964: ✅REAL max=0.480 (51951ms) ETA=14908s
[2026-04-27 12:07:53]   [35/291 · 12%] idx=3105: ✅REAL max=0.351 (68690ms) ETA=14935s
[2026-04-27 12:08:44]   [36/291 · 12%] idx=3113: ✅REAL max=0.180 (49523ms) ETA=14822s
[2026-04-27 12:09:45]   [37/291 · 13%] idx=3177: ✅REAL max=0.440 (60247ms) ETA=14785s
[2026-04-27 12:10:19]   [38/291 · 13%] idx=3188: ✅REAL max=0.403 (32615ms) ETA=14563s
[2026-04-27 12:11:10]   [39/291 · 13%] idx=3261: ✅REAL max=0.330 (49995ms) ETA=14463s
[2026-04-27 12:12:08]   [40/291 · 14%] idx=3293: ✅REAL max=0.270 (57002ms) ETA=14410s
[2026-04-27 12:12:08]   💾 [40/291] 进度已保存
[2026-04-27 12:12:59]   [41/291 · 14%] idx=3398: ✅REAL max=0.280 (50358ms) ETA=14315s
[2026-04-27 12:13:56]   [42/291 · 14%] idx=3495: ✅REAL max=0.700 (55797ms) ETA=14255s
[2026-04-27 12:14:20]   [43/291 · 15%] idx=3553: ✅REAL max=0.250 (23202ms) ETA=14008s
[2026-04-27 12:15:08]   [44/291 · 15%] idx=3567: ✅REAL max=0.275 (46638ms) ETA=13901s
[2026-04-27 12:16:04]   [45/291 · 15%] idx=3570: ✅REAL max=0.450 (55414ms) ETA=13846s
[2026-04-27 12:18:38]   [46/291 · 16%] idx=3780: ✅REAL max=0.710 (153424ms) ETA=14312s
[2026-04-27 12:19:25]   [47/291 · 16%] idx=3790: ✅REAL max=0.350 (45431ms) ETA=14192s
[2026-04-27 12:20:06]   [48/291 · 16%] idx=3819: ✅REAL max=0.430 (40105ms) ETA=14047s
[2026-04-27 12:20:43]   [49/291 · 17%] idx=3890: ✅REAL max=0.450 (35974ms) ETA=13887s
[2026-04-27 12:23:37]   [50/291 · 17%] idx=3921: ✅REAL max=0.381 (78291ms) ETA=14392s
[2026-04-27 12:25:42]   [51/291 · 18%] idx=4023: ✅REAL max=0.440 (48612ms) ETA=14639s
[2026-04-27 12:26:32]   [52/291 · 18%] idx=4258: ✅REAL max=0.550 (49210ms) ETA=14529s
[2026-04-27 12:27:13]   [53/291 · 18%] idx=4346: ✅REAL max=0.490 (40033ms) ETA=14379s
[2026-04-27 12:28:46]   [54/291 · 19%] idx=4375: ✅REAL max=0.303 (91618ms) ETA=14460s
[2026-04-27 12:29:36]   [55/291 · 19%] idx=4463: ✅REAL max=0.323 (49365ms) ETA=14353s
[2026-04-27 12:30:21]   [56/291 · 19%] idx=4684: ✅REAL max=0.550 (44219ms) ETA=14227s
[2026-04-27 12:31:01]   [57/291 · 20%] idx=4702: ✅REAL max=0.698 (38891ms) ETA=14082s
[2026-04-27 12:32:00]   [58/291 · 20%] idx=4756: ✅REAL max=0.345 (57869ms) ETA=14016s
[2026-04-27 12:34:43]   [59/291 · 20%] idx=4904: ✅REAL max=0.550 (161767ms) ETA=14360s
[2026-04-27 12:35:45]   [60/291 · 21%] idx=4970: ✅REAL max=0.660 (60720ms) ETA=14297s
[2026-04-27 12:35:45]   💾 [60/291] 进度已保存
[2026-04-27 12:36:41]   [61/291 · 21%] idx=4990: ✅REAL max=0.390 (55499ms) ETA=14215s
[2026-04-27 12:38:33]   [62/291 · 21%] idx=5160: ✅REAL max=0.390 (37514ms) ETA=14338s
[2026-04-27 12:39:36]   [63/291 · 22%] idx=5171: ✅REAL max=0.530 (61717ms) ETA=14275s
[2026-04-27 12:40:27]   [64/291 · 22%] idx=5334: ✅REAL max=0.420 (50682ms) ETA=14174s
[2026-04-27 12:41:13]   [65/291 · 22%] idx=5389: ✅REAL max=0.400 (44874ms) ETA=14054s
[2026-04-27 12:43:30]   [66/291 · 23%] idx=5412: ✅REAL max=0.300 (39263ms) ETA=14246s
[2026-04-27 12:45:29]   [67/291 · 23%] idx=5444: ✅REAL max=0.350 (49401ms) ETA=14370s
[2026-04-27 12:46:16]   [68/291 · 23%] idx=5450: ✅REAL max=0.200 (45428ms) ETA=14247s
[2026-04-27 12:47:09]   [69/291 · 24%] idx=5649: ✅REAL max=0.420 (52370ms) ETA=14150s
[2026-04-27 12:48:01]   [70/291 · 24%] idx=5737: ✅REAL max=0.450 (51309ms) ETA=14050s
[2026-04-27 12:49:22]   [71/291 · 24%] idx=5990: ✅REAL max=0.500 (79580ms) ETA=14039s
[2026-04-27 12:50:26]   [72/291 · 25%] idx=6010: ✅REAL max=0.650 (63286ms) ETA=13977s
[2026-04-27 12:51:12]   [73/291 · 25%] idx=6048: ✅REAL max=0.700 (44533ms) ETA=13858s
[2026-04-27 12:52:00]   [74/291 · 25%] idx=6064: ✅REAL max=0.300 (47550ms) ETA=13751s
[2026-04-27 12:52:59]   [75/291 · 26%] idx=6105: ✅REAL max=0.538 (57120ms) ETA=13672s
[2026-04-27 12:53:46]   [76/291 · 26%] idx=6137: ✅REAL max=0.420 (46242ms) ETA=13563s
[2026-04-27 12:54:33]   [77/291 · 26%] idx=6239: ✅REAL max=0.330 (46100ms) ETA=13456s
[2026-04-27 12:55:36]   [78/291 · 27%] idx=6426: ✅REAL max=0.600 (62313ms) ETA=13394s
[2026-04-27 12:56:32]   [79/291 · 27%] idx=6572: ✅REAL max=0.160 (54824ms) ETA=13312s
[2026-04-27 12:57:03]   [80/291 · 27%] idx=6590: ✅REAL max=0.550 (29876ms) ETA=13166s
[2026-04-27 12:57:03]   💾 [80/291] 进度已保存
[2026-04-27 12:57:59]   [81/291 · 28%] idx=6636: ✅REAL max=0.240 (55493ms) ETA=13088s
[2026-04-27 12:59:41]   [82/291 · 28%] idx=6681: ✅REAL max=0.423 (100400ms) ETA=13125s
[2026-04-27 13:00:33]   [83/291 · 29%] idx=6770: ✅REAL max=0.320 (51549ms) ETA=13037s
[2026-04-27 13:01:23]   [84/291 · 29%] idx=6865: ✅REAL max=0.310 (49109ms) ETA=12943s
[2026-04-27 13:02:05]   [85/291 · 29%] idx=6879: ✅REAL max=0.608 (40755ms) ETA=12830s
[2026-04-27 13:11:53] [Proc 13] 启动，65秒后开始（避免并发冲突）
[2026-04-27 13:12:58] [数据] 从缓存加载: X_tr=/home/fandy/workplace/thesis/results/soft_labels/kuhar_X_tr.npy
[2026-04-27 13:12:58] [Proc 13] 类 13 (Walk-circle): 748样本, 目标299, 已有93, 需生成206
[2026-04-27 13:13:28]   [1/206 · 0%] idx=7054: ✅REAL max=0.500 (30337ms) ETA=6221s
[2026-04-27 13:14:07]   [2/206 · 1%] idx=7092: ✅REAL max=0.350 (37122ms) ETA=6985s
[2026-04-27 13:14:52]   [3/206 · 1%] idx=7191: ✅REAL max=0.150 (44207ms) ETA=7693s
[2026-04-27 13:15:44]   [4/206 · 2%] idx=7279: ✅REAL max=0.450 (50733ms) ETA=8354s
[2026-04-27 13:16:24]   [5/206 · 2%] idx=7381: ✅REAL max=0.510 (39416ms) ETA=8275s
[2026-04-27 13:18:46]   [6/206 · 3%] idx=7507: ✅REAL max=0.606 (49713ms) ETA=11608s
[2026-04-27 13:19:29]   [7/206 · 3%] idx=7570: ✅REAL max=0.350 (41641ms) ETA=11112s
[2026-04-27 13:20:14]   [8/206 · 4%] idx=7636: ✅REAL max=0.388 (43633ms) ETA=10779s
[2026-04-27 13:21:14]   [9/206 · 4%] idx=7813: ✅REAL max=0.300 (59341ms) ETA=10854s
[2026-04-27 13:21:50]   [10/206 · 5%] idx=7825: ✅REAL max=0.300 (35224ms) ETA=10429s
[2026-04-27 13:22:39]   [11/206 · 5%] idx=7952: ✅REAL max=0.220 (47509ms) ETA=10292s
[2026-04-27 13:23:17]   [12/206 · 6%] idx=8054: ✅REAL max=0.350 (37126ms) ETA=10003s
[2026-04-27 13:24:07]   [13/206 · 6%] idx=8119: ✅REAL max=0.303 (49185ms) ETA=9931s
[2026-04-27 13:25:16]   [14/206 · 7%] idx=8151: ✅REAL max=0.550 (68437ms) ETA=10126s
[2026-04-27 13:26:15]   [15/206 · 7%] idx=8199: ✅REAL max=0.250 (57056ms) ETA=10141s
[2026-04-27 13:27:15]   [16/206 · 8%] idx=8321: ✅REAL max=0.290 (59390ms) ETA=10175s
[2026-04-27 13:28:27]   [17/206 · 8%] idx=8393: ✅REAL max=0.300 (70839ms) ETA=10325s
[2026-04-27 13:29:14]   [18/206 · 9%] idx=8437: ✅REAL max=0.650 (46670ms) ETA=10197s
[2026-04-27 13:30:00]   [19/206 · 9%] idx=8564: ✅REAL max=0.450 (45030ms) ETA=10062s
[2026-04-27 13:32:22]   [20/206 · 10%] idx=8663: ✅REAL max=0.400 (43137ms) ETA=10822s
[2026-04-27 13:32:22]   💾 [20/206] 进度已保存
[2026-04-27 13:33:21]   [21/206 · 10%] idx=8917: ✅REAL max=0.200 (57973ms) ETA=10770s
[2026-04-27 13:35:11]   [22/206 · 11%] idx=8950: ✅REAL max=0.350 (109302ms) ETA=11148s
[2026-04-27 13:36:04]   [23/206 · 11%] idx=8985: ✅REAL max=0.470 (51624ms) ETA=11024s
[2026-04-27 13:36:53]   [24/206 · 12%] idx=9019: ✅REAL max=0.330 (48756ms) ETA=10884s
[2026-04-27 13:37:50]   [25/206 · 12%] idx=9081: ✅REAL max=0.523 (55952ms) ETA=10804s
[2026-04-27 13:38:32]   [26/206 · 13%] idx=9118: ✅REAL max=0.600 (40682ms) ETA=10619s
[2026-04-27 13:39:35]   [27/206 · 13%] idx=9576: ✅REAL max=0.700 (61469ms) ETA=10584s
[2026-04-27 13:40:45]   [28/206 · 14%] idx=9746: ✅REAL max=0.180 (69384ms) ETA=10596s
[2026-04-27 13:41:57]   [29/206 · 14%] idx=9846: ✅REAL max=0.440 (71559ms) ETA=10616s
[2026-04-27 13:43:09]   [30/206 · 15%] idx=9862: ✅REAL max=0.800 (70076ms) ETA=10621s
[2026-04-27 13:45:04]   [31/206 · 15%] idx=9898: ✅REAL max=0.370 (114799ms) ETA=10874s
[2026-04-27 13:46:19]   [32/206 · 16%] idx=9933: ✅REAL max=0.340 (73629ms) ETA=10880s
[2026-04-27 13:47:20]   [33/206 · 16%] idx=10042: ✅REAL max=0.680 (59544ms) ETA=10807s
[2026-04-27 13:48:11]   [34/206 · 17%] idx=10056: ✅REAL max=0.270 (50917ms) ETA=10691s
[2026-04-27 13:49:23]   [35/206 · 17%] idx=10105: ✅REAL max=0.550 (70433ms) ETA=10674s
[2026-04-27 13:53:49]   [36/206 · 17%] idx=10217: ✅REAL max=0.400 (163584ms) ETA=11573s
[2026-04-27 13:56:03]   [37/206 · 18%] idx=10327: ✅REAL max=0.210 (64540ms) ETA=11806s
[2026-04-27 13:56:58]   [38/206 · 18%] idx=10339: ✅REAL max=0.303 (53921ms) ETA=11670s
[2026-04-27 13:58:29]   [39/206 · 19%] idx=10443: ✅REAL max=0.340 (89815ms) ETA=11692s
[2026-04-27 14:02:23]   [40/206 · 19%] idx=10482: ✅REAL max=0.300 (116040ms) ETA=12306s
[2026-04-27 14:02:23]   💾 [40/206] 进度已保存
[2026-04-27 14:03:10]   [41/206 · 20%] idx=10535: ✅REAL max=0.545 (45384ms) ETA=12120s
[2026-04-27 14:04:27]   [42/206 · 20%] idx=10562: ✅REAL max=0.310 (76607ms) ETA=12063s
[2026-04-27 14:05:22]   [43/206 · 21%] idx=10782: ✅REAL max=0.390 (53476ms) ETA=11917s
[2026-04-27 14:06:10]   [44/206 · 21%] idx=10875: ✅REAL max=0.650 (46841ms) ETA=11751s
[2026-04-27 14:07:07]   [45/206 · 22%] idx=10876: ✅REAL max=0.441 (55843ms) ETA=11622s
[2026-04-27 14:08:12]   [46/206 · 22%] idx=10896: ✅REAL max=0.295 (64836ms) ETA=11528s
[2026-04-27 14:08:48]   [47/206 · 23%] idx=10923: ✅REAL max=0.650 (34605ms) ETA=11333s
[2026-04-27 14:10:00]   [48/206 · 23%] idx=11228: ✅REAL max=0.827 (70788ms) ETA=11263s
[2026-04-27 14:10:46]   [49/206 · 24%] idx=11235: ✅REAL max=0.465 (44847ms) ETA=11111s
[2026-04-27 14:11:33]   [50/206 · 24%] idx=11358: ✅REAL max=0.500 (46710ms) ETA=10968s
[2026-04-27 14:12:49]   [51/206 · 25%] idx=11626: ✅REAL max=0.400 (74470ms) ETA=10913s
[2026-04-27 14:13:46]   [52/206 · 25%] idx=11682: ✅REAL max=0.310 (55741ms) ETA=10802s
[2026-04-27 14:15:18]   [53/206 · 26%] idx=11748: ✅REAL max=0.327 (91124ms) ETA=10796s
[2026-04-27 14:16:29]   [54/206 · 26%] idx=11770: ✅REAL max=0.490 (70492ms) ETA=10728s
[2026-04-27 14:18:15]   [55/206 · 27%] idx=11774: ✅REAL max=0.410 (104288ms) ETA=10753s
[2026-04-27 14:19:28]   [56/206 · 27%] idx=11788: ✅REAL max=0.330 (72613ms) ETA=10688s
[2026-04-27 14:20:27]   [57/206 · 28%] idx=11994: ✅REAL max=0.450 (57693ms) ETA=10584s
[2026-04-27 14:21:07]   [58/206 · 28%] idx=12019: ✅REAL max=0.880 (38627ms) ETA=10433s
[2026-04-27 14:22:07]   [59/206 · 29%] idx=12386: ✅REAL max=0.670 (59257ms) ETA=10337s
[2026-04-27 14:24:16]   [60/206 · 29%] idx=12396: ✅REAL max=0.450 (44147ms) ETA=10409s
[2026-04-27 14:24:16]   💾 [60/206] 进度已保存
[2026-04-27 14:25:37]   [61/206 · 30%] idx=12552: ✅REAL max=0.770 (80510ms) ETA=10362s
[2026-04-27 14:26:44]   [62/206 · 30%] idx=12559: ✅REAL max=0.600 (65872ms) ETA=10280s
[2026-04-27 14:27:29]   [63/206 · 31%] idx=12597: ✅REAL max=0.480 (44449ms) ETA=10149s
[2026-04-27 14:28:22]   [64/206 · 31%] idx=12790: ✅REAL max=0.350 (51106ms) ETA=10036s
[2026-04-27 14:29:21]   [65/206 · 32%] idx=12807: ✅REAL max=0.644 (57966ms) ETA=9940s
[2026-04-27 14:30:43]   [66/206 · 32%] idx=12898: ✅REAL max=0.250 (81266ms) ETA=9895s
[2026-04-27 14:31:56]   [67/206 · 33%] idx=12966: ✅REAL max=0.450 (71943ms) ETA=9829s
[2026-04-27 14:32:34]   [68/206 · 33%] idx=13031: ✅REAL max=0.440 (37306ms) ETA=9692s
[2026-04-27 14:34:01]   [69/206 · 33%] idx=13104: ✅REAL max=0.790 (86111ms) ETA=9656s
[2026-04-27 14:35:03]   [70/206 · 34%] idx=13146: ✅REAL max=0.310 (60989ms) ETA=9569s
[2026-04-27 14:36:04]   [71/206 · 34%] idx=13247: ✅REAL max=0.440 (60090ms) ETA=9481s
[2026-04-27 14:38:05]   [72/206 · 35%] idx=13269: ✅REAL max=0.680 (40335ms) ETA=9504s
[2026-04-27 14:38:57]   [73/206 · 35%] idx=13276: ✅REAL max=0.380 (50914ms) ETA=9399s
[2026-04-27 14:40:10]   [74/206 · 36%] idx=13307: ✅REAL max=0.300 (71794ms) ETA=9332s
[2026-04-27 14:41:34]   [75/206 · 36%] idx=13376: ✅REAL max=0.530 (83714ms) ETA=9286s
[2026-04-27 14:42:33]   [76/206 · 37%] idx=13443: ✅REAL max=0.500 (58064ms) ETA=9195s
[2026-04-27 14:43:44]   [77/206 · 37%] idx=13575: ✅REAL max=0.150 (69285ms) ETA=9123s
[2026-04-27 14:44:59]   [78/206 · 38%] idx=13597: ✅REAL max=0.248 (74671ms) ETA=9060s
[2026-04-27 14:45:36]   [79/206 · 38%] idx=13641: ✅REAL max=0.550 (36039ms) ETA=8935s
[2026-04-27 14:46:16]   [80/206 · 39%] idx=13691: ✅REAL max=0.320 (38641ms) ETA=8817s
[2026-04-27 14:46:16]   💾 [80/206] 进度已保存
[2026-04-27 14:48:03]   [81/206 · 39%] idx=13979: ✅REAL max=0.650 (106162ms) ETA=8804s
[2026-04-27 14:49:29]   [82/206 · 40%] idx=14040: ✅REAL max=0.350 (84626ms) ETA=8757s
[2026-04-27 14:50:45]   [83/206 · 40%] idx=14074: ✅REAL max=0.500 (75561ms) ETA=8695s
[2026-04-27 14:51:46]   [84/206 · 41%] idx=14172: ✅REAL max=0.210 (59452ms) ETA=8609s
[2026-04-27 14:52:46]   [85/206 · 41%] idx=14177: ✅REAL max=0.200 (59003ms) ETA=8524s
[2026-04-27 14:54:08]   [86/206 · 42%] idx=14303: ✅REAL max=0.480 (80700ms) ETA=8469s
[2026-04-27 14:55:02]   [87/206 · 42%] idx=14422: ✅REAL max=0.825 (53143ms) ETA=8376s
[2026-04-27 14:56:53]   [88/206 · 43%] idx=14424: ✅REAL max=0.850 (49596ms) ETA=8360s
[2026-04-27 14:58:24]   [89/206 · 43%] idx=14430: ✅REAL max=0.440 (89811ms) ETA=8316s
[2026-04-27 14:59:24]   [90/206 · 44%] idx=14739: ✅REAL max=0.590 (59383ms) ETA=8231s
[2026-04-27 15:00:37]   [91/206 · 44%] idx=14825: ✅REAL max=0.360 (71531ms) ETA=8162s
[2026-04-27 15:02:18]   [92/206 · 45%] idx=14870: ✅REAL max=0.230 (100289ms) ETA=8128s
[2026-04-27 15:03:09]   [93/206 · 45%] idx=14965: ✅REAL max=0.330 (50473ms) ETA=8033s
[2026-04-27 15:04:31]   [94/206 · 46%] idx=15132: ✅REAL max=0.430 (80998ms) ETA=7975s
[2026-04-27 15:05:31]   [95/206 · 46%] idx=15207: ✅REAL max=0.490 (58516ms) ETA=7890s
[2026-04-27 15:06:26]   [96/206 · 47%] idx=15221: ✅REAL max=0.360 (54122ms) ETA=7801s
[2026-04-27 15:07:15]   [97/206 · 47%] idx=15258: ✅REAL max=0.360 (47813ms) ETA=7705s
[2026-04-27 15:08:31]   [98/206 · 48%] idx=15405: ✅REAL max=0.200 (75463ms) ETA=7641s
[2026-04-27 15:11:33]   [99/206 · 48%] idx=15415: ✅REAL max=0.350 (180494ms) ETA=7690s
[2026-04-27 15:12:19]   [100/206 · 49%] idx=15432: ✅REAL max=0.190 (44953ms) ETA=7590s
[2026-04-27 15:12:19]   💾 [100/206] 进度已保存
[2026-04-27 15:13:36]   [101/206 · 49%] idx=15434: ✅REAL max=0.320 (75954ms) ETA=7524s
[2026-04-27 15:14:28]   [102/206 · 50%] idx=15461: ✅REAL max=0.450 (51130ms) ETA=7433s
[2026-04-27 15:15:55]   [103/206 · 50%] idx=15497: ✅REAL max=0.473 (85985ms) ETA=7377s
[2026-04-27 15:17:18]   [104/206 · 50%] idx=15520: ✅REAL max=0.450 (81640ms) ETA=7316s
[2026-04-27 15:18:07]   [105/206 · 51%] idx=15716: ✅REAL max=0.480 (48475ms) ETA=7223s
[2026-04-27 15:19:09]   [106/206 · 51%] idx=15760: ✅REAL max=0.320 (60478ms) ETA=7142s
[2026-04-27 15:21:57]   [107/206 · 52%] idx=16026: ✅REAL max=0.355 (58519ms) ETA=7161s
[2026-04-27 15:23:01]   [108/206 · 52%] idx=16067: ✅REAL max=0.300 (62914ms) ETA=7081s
[2026-04-27 15:24:05]   [109/206 · 53%] idx=16081: ✅REAL max=0.250 (62619ms) ETA=7001s
[2026-04-27 15:25:33]   [110/206 · 53%] idx=16260: ✅REAL max=0.340 (87533ms) ETA=6943s
[2026-04-27 15:26:18]   [111/206 · 54%] idx=16305: ✅REAL max=0.480 (43047ms) ETA=6846s
[2026-04-27 15:27:32]   [112/206 · 54%] idx=16338: ✅REAL max=0.350 (73885ms) ETA=6777s
[2026-04-27 15:28:12]   [113/206 · 55%] idx=16471: ✅REAL max=0.540 (38913ms) ETA=6678s
[2026-04-27 15:29:26]   [114/206 · 55%] idx=16478: ✅REAL max=0.550 (72530ms) ETA=6608s
[2026-04-27 15:30:17]   [115/206 · 56%] idx=16539: ✅REAL max=0.400 (50391ms) ETA=6520s
[2026-04-27 15:32:55]   [116/206 · 56%] idx=16790: ✅REAL max=0.350 (69326ms) ETA=6515s
[2026-04-27 15:34:17]   [117/206 · 57%] idx=16799: ✅REAL max=0.500 (80797ms) ETA=6450s
[2026-04-27 15:35:07]   [118/206 · 57%] idx=16807: ✅REAL max=0.550 (49128ms) ETA=6361s
[2026-04-27 15:36:28]   [119/206 · 58%] idx=16826: ✅REAL max=0.300 (80065ms) ETA=6295s
[2026-04-27 15:37:15]   [120/206 · 58%] idx=16899: ✅REAL max=0.390 (45679ms) ETA=6204s
[2026-04-27 15:37:15]   💾 [120/206] 进度已保存
[2026-04-27 15:37:55]   [121/206 · 59%] idx=16948: ✅REAL max=0.680 (39268ms) ETA=6109s
[2026-04-27 15:39:22]   [122/206 · 59%] idx=17320: ✅REAL max=0.450 (86118ms) ETA=6048s
[2026-04-27 15:40:46]   [123/206 · 60%] idx=17533: ✅REAL max=0.430 (83170ms) ETA=5984s
[2026-04-27 15:42:31]   [124/206 · 60%] idx=17599: ✅REAL max=0.680 (103364ms) ETA=5934s
[2026-04-27 15:43:26]   [125/206 · 61%] idx=17735: ✅REAL max=0.260 (54002ms) ETA=5850s
[2026-04-27 15:44:48]   [126/206 · 61%] idx=17754: ✅REAL max=0.700 (81054ms) ETA=5784s
[2026-04-27 15:45:43]   [127/206 · 62%] idx=17838: ✅REAL max=0.300 (53971ms) ETA=5701s
[2026-04-27 15:46:37]   [128/206 · 62%] idx=17902: ✅REAL max=0.450 (52998ms) ETA=5618s
[2026-04-27 15:48:27]   [129/206 · 63%] idx=18055: ✅REAL max=0.557 (109125ms) ETA=5568s
[2026-04-27 15:49:53]   [130/206 · 63%] idx=18141: ✅REAL max=0.270 (85301ms) ETA=5504s
[2026-04-27 15:50:56]   [131/206 · 64%] idx=18193: ✅REAL max=0.550 (61364ms) ETA=5426s
[2026-04-27 15:52:12]   [132/206 · 64%] idx=18198: ✅REAL max=0.350 (75154ms) ETA=5356s
[2026-04-27 15:53:00]   [133/206 · 65%] idx=18268: ✅REAL max=0.529 (47294ms) ETA=5270s
[2026-04-27 15:53:49]   [134/206 · 65%] idx=18524: ✅REAL max=0.570 (47514ms) ETA=5185s
[2026-04-27 15:55:28]   [135/206 · 66%] idx=18532: ✅REAL max=0.377 (98803ms) ETA=5128s
[2026-04-27 15:56:08]   [136/206 · 66%] idx=18872: ✅REAL max=0.300 (38170ms) ETA=5039s
[2026-04-27 15:56:45]   [137/206 · 67%] idx=18889: ✅REAL max=0.350 (36481ms) ETA=4949s
[2026-04-27 15:57:45]   [138/206 · 67%] idx=18951: ✅REAL max=0.500 (59316ms) ETA=4872s
[2026-04-27 15:58:46]   [139/206 · 67%] idx=19047: ✅REAL max=0.575 (60088ms) ETA=4795s
[2026-04-27 16:00:30]   [140/206 · 68%] idx=19070: ✅REAL max=0.380 (102141ms) ETA=4739s
[2026-04-27 16:00:30]   💾 [140/206] 进度已保存
[2026-04-27 16:01:55]   [141/206 · 68%] idx=19096: ✅REAL max=0.270 (83956ms) ETA=4673s
[2026-04-27 16:05:35]   [142/206 · 69%] idx=19262: ✅REAL max=0.300 (88713ms) ETA=4668s
[2026-04-27 16:07:10]   [143/206 · 69%] idx=19295: ✅REAL max=0.743 (93893ms) ETA=4605s
[2026-04-27 16:08:09]   [144/206 · 70%] idx=19297: ✅REAL max=0.350 (57777ms) ETA=4525s
[2026-04-27 16:08:54]   [145/206 · 70%] idx=19419: ✅REAL max=0.450 (43900ms) ETA=4441s
[2026-04-27 16:09:30]   [146/206 · 71%] idx=19538: ✅REAL max=0.420 (35012ms) ETA=4353s
[2026-04-27 16:10:35]   [147/206 · 71%] idx=19714: ✅REAL max=0.100 (64526ms) ETA=4277s
[2026-04-27 16:13:30]   [148/206 · 72%] idx=19722: ✅REAL max=0.450 (173886ms) ETA=4245s
[2026-04-27 16:15:17]   [149/206 · 72%] idx=19730: ✅REAL max=0.270 (105844ms) ETA=4185s
[2026-04-27 16:16:44]   [150/206 · 73%] idx=19860: ✅REAL max=0.296 (86316ms) ETA=4116s
[2026-04-27 16:18:09]   [151/206 · 73%] idx=19876: ✅REAL max=0.333 (83516ms) ETA=4047s
[2026-04-27 16:19:03]   [152/206 · 74%] idx=19908: ✅REAL max=0.300 (53314ms) ETA=3967s
[2026-04-27 16:22:04]   [153/206 · 74%] idx=20177: ✅REAL max=0.350 (179843ms) ETA=3930s
[2026-04-27 16:23:32]   [154/206 · 75%] idx=20275: ✅REAL max=0.550 (86483ms) ETA=3861s
[2026-04-27 16:24:26]   [155/206 · 75%] idx=20459: ✅REAL max=0.270 (53051ms) ETA=3780s
[2026-04-27 16:25:47]   [156/206 · 76%] idx=20632: ✅REAL max=0.300 (80300ms) ETA=3708s
[2026-04-27 16:26:48]   [157/206 · 76%] idx=20761: ✅REAL max=0.600 (59847ms) ETA=3630s
[2026-04-27 16:27:28]   [158/206 · 77%] idx=20840: ✅REAL max=0.380 (39054ms) ETA=3545s
[2026-04-27 16:28:09]   [159/206 · 77%] idx=20914: ✅REAL max=0.350 (40514ms) ETA=3462s
[2026-04-27 16:28:58]   [160/206 · 78%] idx=20978: ✅REAL max=0.467 (47734ms) ETA=3381s
[2026-04-27 16:28:58]   💾 [160/206] 进度已保存
[2026-04-27 16:30:17]   [161/206 · 78%] idx=21022: ✅REAL max=0.450 (77730ms) ETA=3309s
[2026-04-27 16:31:06]   [162/206 · 79%] idx=21028: ✅REAL max=0.200 (48131ms) ETA=3229s
[2026-04-27 16:32:24]   [163/206 · 79%] idx=21311: ✅REAL max=0.340 (76956ms) ETA=3157s
[2026-04-27 16:34:49]   [164/206 · 80%] idx=21395: ✅REAL max=0.290 (134987ms) ETA=3101s
[2026-04-27 16:50:18] [Proc 13] 启动，65秒后开始（避免并发冲突）
[2026-04-27 16:51:23] [数据] 从缓存加载: X_tr=/home/fandy/workplace/thesis/results/soft_labels/kuhar_X_tr.npy
[2026-04-27 16:51:23] [Proc 13] 类 13 (Walk-circle): 748样本, 目标299, 已有257, 需生成42
[2026-04-27 16:52:20]   [1/42 · 2%] idx=21540: ✅REAL max=0.260 (57351ms) ETA=2351s
[2026-04-27 16:53:45]   [2/42 · 5%] idx=21805: ✅REAL max=0.500 (84088ms) ETA=2849s
[2026-04-27 16:54:37]   [3/42 · 7%] idx=21956: ✅REAL max=0.440 (50420ms) ETA=2520s
[2026-04-27 16:56:07]   [4/42 · 10%] idx=21995: ✅REAL max=0.350 (88893ms) ETA=2696s
[2026-04-27 16:57:12]   [5/42 · 12%] idx=22133: ✅REAL max=0.550 (64638ms) ETA=2586s
[2026-04-27 16:57:53]   [6/42 · 14%] idx=22141: ✅REAL max=0.450 (39515ms) ETA=2340s
[2026-04-27 16:59:05]   [7/42 · 17%] idx=22220: ✅REAL max=0.300 (71080ms) ETA=2310s
[2026-04-27 17:00:07]   [8/42 · 19%] idx=22463: ✅REAL max=0.439 (61047ms) ETA=2227s
[2026-04-27 17:01:20]   [9/42 · 21%] idx=22843: ✅REAL max=0.320 (71695ms) ETA=2188s
[2026-04-27 17:02:16]   [10/42 · 24%] idx=22860: ✅REAL max=0.450 (55872ms) ETA=2092s
[2026-04-27 17:05:37]   [11/42 · 26%] idx=22912: ✅REAL max=0.360 (199201ms) ETA=2406s
[2026-04-27 17:07:02]   [12/42 · 29%] idx=22960: ✅REAL max=0.890 (84103ms) ETA=2347s
[2026-04-27 19:02:46] [Proc 13] 启动，65秒后开始（避免并发冲突）
[2026-04-27 19:03:51] [数据] 从缓存加载: X_tr=/home/fandy/workplace/thesis/results/soft_labels/kuhar_X_tr.npy
[2026-04-27 20:48:39] [Proc 13] 启动，65秒后开始（避免并发冲突）
[2026-04-27 20:49:45] [数据] 从缓存加载: X_tr=/home/fandy/workplace/thesis/results/soft_labels/kuhar_X_tr.npy
[2026-04-27 20:51:48] [Proc 13] 启动，65秒后开始（避免并发冲突）
[2026-04-27 20:52:53] [数据] 从缓存加载: X_tr=/home/fandy/workplace/thesis/results/soft_labels/kuhar_X_tr.npy
[2026-04-27 20:52:53] [Proc 13] 类 13 (Walk-circle): 748样本, 目标299, 已有269, 需生成30
[2026-04-27 20:53:32]   [1/30 · 3%] idx=22980: ✅REAL max=0.650 (39494ms) ETA=1145s
[2026-04-27 20:54:40]   [2/30 · 7%] idx=23172: ✅REAL max=0.340 (66792ms) ETA=1502s
[2026-04-27 20:55:26]   [3/30 · 10%] idx=23174: ✅REAL max=0.300 (44487ms) ETA=1375s
[2026-04-27 20:56:05]   [4/30 · 13%] idx=23197: ✅REAL max=0.420 (38048ms) ETA=1247s
[2026-04-27 20:56:53]   [5/30 · 17%] idx=23247: ✅REAL max=0.700 (47302ms) ETA=1201s
[2026-04-27 20:57:37]   [6/30 · 20%] idx=23253: ✅REAL max=0.340 (43225ms) ETA=1137s
[2026-04-27 20:58:18]   [7/30 · 23%] idx=23278: ✅REAL max=0.300 (39955ms) ETA=1069s
[2026-04-27 20:59:13]   [8/30 · 27%] idx=23281: ✅REAL max=0.400 (54244ms) ETA=1047s
[2026-04-27 20:59:55]   [9/30 · 30%] idx=23408: ✅REAL max=0.440 (40847ms) ETA=986s
[2026-04-27 21:00:57]   [10/30 · 33%] idx=23487: ✅REAL max=0.540 (60464ms) ETA=968s
[2026-04-27 21:01:44]   [11/30 · 37%] idx=23535: ✅REAL max=0.310 (46648ms) ETA=918s
[2026-04-27 21:04:36]   [12/30 · 40%] idx=23582: ✅REAL max=0.500 (94336ms) ETA=1055s
[2026-04-27 21:05:20]   [13/30 · 43%] idx=23729: ✅REAL max=0.204 (42380ms) ETA=977s
[2026-04-27 21:06:03]   [14/30 · 47%] idx=23734: ✅REAL max=0.480 (41923ms) ETA=903s
[2026-04-27 21:06:50]   [15/30 · 50%] idx=24018: ✅REAL max=0.450 (46773ms) ETA=838s
[2026-04-27 21:07:38]   [16/30 · 53%] idx=24179: ✅REAL max=0.480 (46505ms) ETA=774s
[2026-04-27 21:08:50]   [17/30 · 57%] idx=24296: ✅REAL max=0.450 (70810ms) ETA=732s
[2026-04-27 21:09:45]   [18/30 · 60%] idx=24300: ✅REAL max=0.390 (54355ms) ETA=675s
[2026-04-27 21:13:26]   [19/30 · 63%] idx=24397: ✅REAL max=0.400 (70124ms) ETA=714s
[2026-04-27 21:14:02]   [20/30 · 67%] idx=24570: ✅REAL max=0.280 (34502ms) ETA=634s
[2026-04-27 21:14:02]   💾 [20/30] 进度已保存
[2026-04-27 21:15:13]   [21/30 · 70%] idx=24590: ✅REAL max=0.450 (70953ms) ETA=575s
[2026-04-27 21:16:30]   [22/30 · 73%] idx=24592: ✅REAL max=0.300 (75598ms) ETA=515s
[2026-04-27 21:17:26]   [23/30 · 77%] idx=24596: ✅REAL max=0.350 (54479ms) ETA=448s
[2026-04-27 21:17:59]   [24/30 · 80%] idx=24791: ✅REAL max=0.550 (32092ms) ETA=376s
[2026-04-27 21:18:45]   [25/30 · 83%] idx=24837: ✅REAL max=0.350 (45267ms) ETA=310s
[2026-04-27 21:19:20]   [26/30 · 87%] idx=24844: ✅REAL max=0.350 (33664ms) ETA=244s
[2026-04-27 21:20:10]   [27/30 · 90%] idx=24980: ✅REAL max=0.450 (49434ms) ETA=182s
[2026-04-27 21:21:01]   [28/30 · 93%] idx=25025: ✅REAL max=0.450 (50460ms) ETA=121s
[2026-04-27 21:21:46]   [29/30 · 97%] idx=25076: ✅REAL max=0.650 (43450ms) ETA=60s
[2026-04-27 21:22:40]   [30/30 · 100%] idx=25101: ✅REAL max=0.238 (53037ms) ETA=0s
[2026-04-27 21:22:41] [Proc 13] ✅ 类 13 (Walk-circle) 完成: 299/299 耗时1788s
[2026-04-27 21:22:41] [Proc 13] 全部完成 → /home/fandy/workplace/thesis/results/soft_labels/kuhar_soft_proc13.npy
[2026-04-28 00:05:23] [Proc 13] 启动，65秒后开始（避免并发冲突）
[2026-04-28 00:06:28] [数据] 从缓存加载: X_tr=/home/fandy/workplace/thesis/results/soft_labels/kuhar_X_tr.npy
[2026-04-28 00:06:28] [Proc 13] 类 13 已完成，跳过
[2026-04-28 00:06:28] [Proc 13] 全部完成 → /home/fandy/workplace/thesis/results/soft_labels/kuhar_soft_proc13.npy
[2026-04-28 00:13:24] [Proc 13] 启动，65秒后开始（避免并发冲突）
[2026-04-28 00:14:29] [数据] 从缓存加载: X_tr=/home/fandy/workplace/thesis/results/soft_labels/kuhar_X_tr.npy
[2026-04-28 00:14:29] [Proc 13] 类 13 已完成，跳过
[2026-04-28 00:14:29] [Proc 13] 全部完成 → /home/fandy/workplace/thesis/results/soft_labels/kuhar_soft_proc13.npy
[2026-04-28 00:24:03] [Proc 13] 启动，65秒后开始（避免并发冲突）
[2026-04-28 00:25:08] [数据] 从缓存加载: X_tr=/home/fandy/workplace/thesis/results/soft_labels/kuhar_X_tr.npy
[2026-04-28 00:25:08] [Proc 13] 类 13 已完成，跳过
[2026-04-28 00:25:08] [Proc 13] 全部完成 → /home/fandy/workplace/thesis/results/soft_labels/kuhar_soft_proc13.npy
