[2026-04-27 10:42:31] [Proc 6] 启动，30秒后开始（避免并发冲突）
[2026-04-27 10:43:01] [数据] 从缓存加载: X_tr=/home/fandy/workplace/thesis/results/soft_labels/kuhar_X_tr.npy
[2026-04-27 10:43:01] [Proc 6] 类 6 (Lay-stand): 5127样本, 目标400, 已有0, 需生成400
[2026-04-27 10:44:10]   [1/400 · 0%] idx=29: ✅REAL max=0.299 (68692ms) ETA=27408s
[2026-04-27 10:45:36]   [2/400 · 0%] idx=43: ✅REAL max=0.450 (85232ms) ETA=30831s
[2026-04-27 10:46:01]   [3/400 · 1%] idx=51: ✅REAL max=0.303 (23483ms) ETA=23743s
[2026-04-27 10:49:17]   [4/400 · 1%] idx=52: ✅REAL max=0.290 (66720ms) ETA=37136s
[2026-04-27 10:50:06]   [5/400 · 1%] idx=65: ✅REAL max=0.300 (48712ms) ETA=33562s
[2026-04-27 10:50:44]   [6/400 · 2%] idx=71: ✅REAL max=0.400 (37053ms) ETA=30397s
[2026-04-27 10:51:43]   [7/400 · 2%] idx=76: ✅REAL max=0.290 (58079ms) ETA=29306s
[2026-04-27 10:52:24]   [8/400 · 2%] idx=93: ✅REAL max=0.320 (40020ms) ETA=27590s
[2026-04-27 10:53:32]   [9/400 · 2%] idx=94: ✅REAL max=0.800 (64156ms) ETA=27392s
[2026-04-27 11:22:06]   [10/400 · 2%] idx=125: ✅REAL max=0.550 (334886ms) ETA=89862s
[2026-04-27 11:32:32] [Proc 6] 启动，30秒后开始（避免并发冲突）
[2026-04-27 11:33:02] [数据] 从缓存加载: X_tr=/home/fandy/workplace/thesis/results/soft_labels/kuhar_X_tr.npy
[2026-04-27 11:33:02] [Proc 6] 类 6 (Lay-stand): 5127样本, 目标400, 已有10, 需生成390
[2026-04-27 11:35:42]   [1/390 · 0%] idx=139: ✅REAL max=0.400 (72326ms) ETA=62318s
[2026-04-27 11:36:27]   [2/390 · 1%] idx=140: ✅REAL max=0.315 (43804ms) ETA=39772s
[2026-04-27 11:37:12]   [3/390 · 1%] idx=164: ✅REAL max=0.270 (44197ms) ETA=32277s
[2026-04-27 11:38:24]   [4/390 · 1%] idx=193: ✅REAL max=0.400 (71102ms) ETA=31104s
[2026-04-27 11:41:40]   [5/390 · 1%] idx=206: ✅REAL max=0.180 (194694ms) ETA=39887s
[2026-04-27 11:42:57]   [6/390 · 2%] idx=212: ✅REAL max=0.400 (76249ms) ETA=38097s
[2026-04-27 11:44:08]   [7/390 · 2%] idx=220: ✅REAL max=0.800 (69155ms) ETA=36409s
[2026-04-27 11:46:45]   [8/390 · 2%] idx=230: ✅REAL max=0.420 (69894ms) ETA=39287s
[2026-04-27 11:47:53]   [9/390 · 2%] idx=234: ✅REAL max=0.540 (66929ms) ETA=37707s
[2026-04-27 11:49:16]   [10/390 · 3%] idx=236: ✅REAL max=0.700 (82608ms) ETA=37024s
[2026-04-27 11:49:58]   [11/390 · 3%] idx=240: ✅REAL max=0.800 (40542ms) ETA=35001s
[2026-04-27 11:50:40]   [12/390 · 3%] idx=249: ✅REAL max=0.556 (40500ms) ETA=33307s
[2026-04-27 11:52:27]   [13/390 · 3%] idx=267: ✅REAL max=0.250 (106929ms) ETA=33794s
[2026-04-27 11:53:06]   [14/390 · 4%] idx=293: ✅REAL max=0.470 (37902ms) ETA=32342s
[2026-04-27 11:54:19]   [15/390 · 4%] idx=310: ✅REAL max=0.400 (71728ms) ETA=31924s
[2026-04-27 11:55:01]   [16/390 · 4%] idx=317: ✅REAL max=0.470 (41078ms) ETA=30832s
[2026-04-27 11:55:50]   [17/390 · 4%] idx=355: ✅REAL max=0.690 (47707ms) ETA=30010s
[2026-04-27 11:56:59]   [18/390 · 5%] idx=361: ✅REAL max=0.410 (67584ms) ETA=29684s
[2026-04-27 11:58:08]   [19/390 · 5%] idx=367: ✅REAL max=0.350 (68312ms) ETA=29400s
[2026-04-27 11:59:02]   [20/390 · 5%] idx=389: ✅REAL max=0.567 (52875ms) ETA=28851s
[2026-04-27 11:59:02]   💾 [20/390] 进度已保存
[2026-04-27 11:59:53]   [21/390 · 5%] idx=404: ✅REAL max=0.250 (50657ms) ETA=28311s
[2026-04-27 12:00:30]   [22/390 · 6%] idx=420: ✅REAL max=0.550 (35261ms) ETA=27558s
[2026-04-27 12:01:15]   [23/390 · 6%] idx=435: ✅REAL max=0.350 (44492ms) ETA=27014s
[2026-04-27 12:01:59]   [24/390 · 6%] idx=439: ✅REAL max=0.320 (42649ms) ETA=26483s
[2026-04-27 12:02:48]   [25/390 · 6%] idx=452: ✅REAL max=0.440 (48382ms) ETA=26076s
[2026-04-27 12:04:00]   [26/390 · 7%] idx=457: ✅REAL max=0.470 (70318ms) ETA=26003s
[2026-04-27 12:05:02]   [27/390 · 7%] idx=482: ✅REAL max=0.230 (61067ms) ETA=25805s
[2026-04-27 12:05:57]   [28/390 · 7%] idx=492: ✅REAL max=0.280 (54615ms) ETA=25534s
[2026-04-27 12:06:44]   [29/390 · 7%] idx=493: ✅REAL max=0.540 (45474ms) ETA=25164s
[2026-04-27 12:07:43]   [30/390 · 8%] idx=505: ✅REAL max=0.600 (58175ms) ETA=24968s
[2026-04-27 12:08:31]   [31/390 · 8%] idx=510: ✅REAL max=0.250 (46825ms) ETA=24650s
[2026-04-27 12:08:49]   [32/390 · 8%] idx=519: ✅REAL max=0.545 (17019ms) ETA=24014s
[2026-04-27 12:09:52]   [33/390 · 8%] idx=529: ✅REAL max=0.500 (62322ms) ETA=23907s
[2026-04-27 12:10:27]   [34/390 · 9%] idx=532: ✅REAL max=0.500 (33970ms) ETA=23505s
[2026-04-27 12:11:01]   [35/390 · 9%] idx=558: ✅REAL max=0.550 (33407ms) ETA=23118s
[2026-04-27 12:11:45]   [36/390 · 9%] idx=564: ✅REAL max=0.260 (42140ms) ETA=22837s
[2026-04-27 12:12:35]   [37/390 · 9%] idx=570: ✅REAL max=0.300 (49234ms) ETA=22636s
[2026-04-27 12:13:16]   [38/390 · 10%] idx=589: ✅REAL max=0.450 (40071ms) ETA=22359s
[2026-04-27 12:14:25]   [39/390 · 10%] idx=612: ✅REAL max=0.400 (67787ms) ETA=22343s
[2026-04-27 12:14:58]   [40/390 · 10%] idx=616: ✅REAL max=0.437 (31936ms) ETA=22010s
[2026-04-27 12:14:58]   💾 [40/390] 进度已保存
[2026-04-27 12:15:44]   [41/390 · 11%] idx=625: ✅REAL max=0.350 (45013ms) ETA=21804s
[2026-04-27 12:16:28]   [42/390 · 11%] idx=633: ✅REAL max=0.770 (42874ms) ETA=21587s
[2026-04-27 12:18:38]   [43/390 · 11%] idx=635: ✅REAL max=0.350 (62073ms) ETA=22079s
[2026-04-27 12:23:39]   [44/390 · 11%] idx=654: ✅REAL max=0.320 (95471ms) ETA=23877s
[2026-04-27 12:24:12]   [45/390 · 12%] idx=663: ✅REAL max=0.250 (32797ms) ETA=23538s
[2026-04-27 12:25:19]   [46/390 · 12%] idx=673: ✅REAL max=0.697 (65274ms) ETA=23455s
[2026-04-27 12:26:04]   [47/390 · 12%] idx=676: ✅REAL max=0.510 (44827ms) ETA=23224s
[2026-04-27 12:26:59]   [48/390 · 12%] idx=736: ✅REAL max=0.700 (53190ms) ETA=23060s
[2026-04-27 12:27:34]   [49/390 · 13%] idx=776: ✅REAL max=0.400 (34332ms) ETA=22769s
[2026-04-27 12:28:04]   [50/390 · 13%] idx=781: ✅REAL max=0.650 (29452ms) ETA=22455s
[2026-04-27 12:29:02]   [51/390 · 13%] idx=786: ✅REAL max=0.120 (56242ms) ETA=22331s
[2026-04-27 12:30:31]   [52/390 · 13%] idx=793: ✅REAL max=0.350 (88653ms) ETA=22419s
[2026-04-27 12:31:16]   [53/390 · 14%] idx=805: ✅REAL max=0.500 (43594ms) ETA=22215s
[2026-04-27 12:32:11]   [54/390 · 14%] idx=811: ✅REAL max=0.300 (54505ms) ETA=22084s
[2026-04-27 12:33:06]   [55/390 · 14%] idx=817: ✅REAL max=0.350 (54069ms) ETA=21954s
[2026-04-27 12:35:27]   [56/390 · 14%] idx=838: ✅REAL max=0.750 (73843ms) ETA=22335s
[2026-04-27 12:36:19]   [57/390 · 15%] idx=868: ✅REAL max=0.350 (50674ms) ETA=22179s
[2026-04-27 12:37:35]   [58/390 · 15%] idx=870: ✅REAL max=0.550 (75307ms) ETA=22168s
[2026-04-27 12:38:43]   [59/390 · 15%] idx=879: ✅REAL max=0.270 (66729ms) ETA=22107s
[2026-04-27 12:39:25]   [60/390 · 15%] idx=907: ✅REAL max=0.350 (41087ms) ETA=21904s
[2026-04-27 12:39:25]   💾 [60/390] 进度已保存
[2026-04-27 12:40:24]   [61/390 · 16%] idx=908: ✅REAL max=0.270 (58500ms) ETA=21801s
[2026-04-27 12:41:48]   [62/390 · 16%] idx=910: ✅REAL max=0.550 (83115ms) ETA=21829s
[2026-04-27 12:42:23]   [63/390 · 16%] idx=939: ✅REAL max=0.430 (33531ms) ETA=21596s
[2026-04-27 12:43:17]   [64/390 · 16%] idx=940: ✅REAL max=0.650 (52795ms) ETA=21468s
[2026-04-27 12:44:06]   [65/390 · 17%] idx=943: ✅REAL max=0.530 (48091ms) ETA=21318s
[2026-04-27 12:44:42]   [66/390 · 17%] idx=948: ✅REAL max=0.330 (35596ms) ETA=21110s
[2026-04-27 12:46:38]   [67/390 · 17%] idx=954: ✅REAL max=0.420 (46661ms) ETA=21286s
[2026-04-27 12:47:23]   [68/390 · 17%] idx=974: ✅REAL max=0.300 (44200ms) ETA=21122s
[2026-04-27 12:48:19]   [69/390 · 18%] idx=976: ✅REAL max=0.250 (54950ms) ETA=21012s
[2026-04-27 12:49:19]   [70/390 · 18%] idx=979: ✅REAL max=0.280 (59566ms) ETA=20924s
[2026-04-27 12:49:58]   [71/390 · 18%] idx=980: ✅REAL max=0.360 (37895ms) ETA=20740s
[2026-04-27 12:51:00]   [72/390 · 18%] idx=1011: ✅REAL max=0.339 (61237ms) ETA=20662s
[2026-04-27 12:51:56]   [73/390 · 19%] idx=1039: ✅REAL max=0.380 (54685ms) ETA=20557s
[2026-04-27 12:52:30]   [74/390 · 19%] idx=1052: ✅REAL max=0.420 (33183ms) ETA=20361s
[2026-04-27 12:53:34]   [75/390 · 19%] idx=1065: ✅REAL max=0.450 (62514ms) ETA=20293s
[2026-04-27 12:55:03]   [76/390 · 19%] idx=1078: ✅REAL max=0.390 (87814ms) ETA=20329s
[2026-04-27 12:55:44]   [77/390 · 20%] idx=1087: ✅REAL max=0.400 (40638ms) ETA=20171s
[2026-04-27 12:57:14]   [78/390 · 20%] idx=1093: ✅REAL max=0.370 (88717ms) ETA=20208s
[2026-04-27 12:58:40]   [79/390 · 20%] idx=1094: ✅REAL max=0.550 (84548ms) ETA=20225s
[2026-04-27 12:59:39]   [80/390 · 21%] idx=1113: ✅REAL max=0.350 (58230ms) ETA=20137s
[2026-04-27 12:59:39]   💾 [80/390] 进度已保存
[2026-04-27 13:00:14]   [81/390 · 21%] idx=1128: ✅REAL max=0.500 (34010ms) ETA=19958s
[2026-04-27 13:01:34]   [82/390 · 21%] idx=1145: ✅REAL max=0.350 (79138ms) ETA=19952s
[2026-04-27 13:11:39] [Proc 6] 启动，30秒后开始（避免并发冲突）
[2026-04-27 13:12:09] [数据] 从缓存加载: X_tr=/home/fandy/workplace/thesis/results/soft_labels/kuhar_X_tr.npy
[2026-04-27 13:12:09] [Proc 6] 类 6 (Lay-stand): 5127样本, 目标400, 已有92, 需生成308
[2026-04-27 13:12:52]   [1/308 · 0%] idx=1147: ✅REAL max=0.410 (42491ms) ETA=13046s
[2026-04-27 13:13:37]   [2/308 · 1%] idx=1151: ✅REAL max=0.220 (44335ms) ETA=13441s
[2026-04-27 13:14:39]   [3/308 · 1%] idx=1152: ✅REAL max=0.700 (60853ms) ETA=15220s
[2026-04-27 13:15:43]   [4/308 · 1%] idx=1164: ✅REAL max=0.450 (63612ms) ETA=16289s
[2026-04-27 13:16:17]   [5/308 · 2%] idx=1178: ✅REAL max=0.653 (32502ms) ETA=15019s
[2026-04-27 13:17:10]   [6/308 · 2%] idx=1191: ✅REAL max=0.350 (52303ms) ETA=15157s
[2026-04-27 13:18:41]   [7/308 · 2%] idx=1202: ✅REAL max=0.250 (90175ms) ETA=16870s
[2026-04-27 13:19:55]   [8/308 · 3%] idx=1221: ✅REAL max=0.743 (72858ms) ETA=17482s
[2026-04-27 13:20:48]   [9/308 · 3%] idx=1225: ✅REAL max=0.450 (52002ms) ETA=17249s
[2026-04-27 13:21:43]   [10/308 · 3%] idx=1230: ✅REAL max=0.610 (53619ms) ETA=17100s
[2026-04-27 13:22:46]   [11/308 · 4%] idx=1237: ✅REAL max=0.550 (62330ms) ETA=17203s
[2026-04-27 13:23:59]   [12/308 · 4%] idx=1242: ✅REAL max=0.740 (71880ms) ETA=17514s
[2026-04-27 13:24:42]   [13/308 · 4%] idx=1255: ✅REAL max=0.350 (41324ms) ETA=17073s
[2026-04-27 13:25:19]   [14/308 · 5%] idx=1273: ✅REAL max=0.630 (36070ms) ETA=16578s
[2026-04-27 13:26:15]   [15/308 · 5%] idx=1280: ✅REAL max=0.440 (55515ms) ETA=16524s
[2026-04-27 13:26:52]   [16/308 · 5%] idx=1306: ✅REAL max=0.600 (35964ms) ETA=16113s
[2026-04-27 13:30:51]   [17/308 · 6%] idx=1317: ✅REAL max=0.440 (90142ms) ETA=19205s
[2026-04-27 13:32:52]   [18/308 · 6%] idx=1319: ✅REAL max=0.700 (120293ms) ETA=20030s
[2026-04-27 13:33:36]   [19/308 · 6%] idx=1334: ✅REAL max=0.500 (42836ms) ETA=19577s
[2026-04-27 13:34:39]   [20/308 · 6%] idx=1342: ✅REAL max=0.400 (61481ms) ETA=19434s
[2026-04-27 13:34:39]   💾 [20/308] 进度已保存
[2026-04-27 13:35:26]   [21/308 · 7%] idx=1360: ✅REAL max=0.550 (46643ms) ETA=19095s
[2026-04-27 13:36:16]   [22/308 · 7%] idx=1382: ✅REAL max=0.500 (48837ms) ETA=18812s
[2026-04-27 13:37:09]   [23/308 · 7%] idx=1385: ✅REAL max=0.550 (51913ms) ETA=18587s
[2026-04-27 13:38:44]   [24/308 · 8%] idx=1393: ✅REAL max=0.350 (94046ms) ETA=18875s
[2026-04-27 13:41:25]   [25/308 · 8%] idx=1395: ✅REAL max=0.308 (60920ms) ETA=19875s
[2026-04-27 13:43:18]   [26/308 · 8%] idx=1425: ✅REAL max=0.543 (112313ms) ETA=20272s
[2026-04-27 13:45:32]   [27/308 · 9%] idx=1430: ✅REAL max=0.310 (64106ms) ETA=20841s
[2026-04-27 13:46:29]   [28/308 · 9%] idx=1433: ✅REAL max=0.280 (56653ms) ETA=20602s
[2026-04-27 13:47:26]   [29/308 · 9%] idx=1441: ✅REAL max=0.420 (55563ms) ETA=20365s
[2026-04-27 13:48:07]   [30/308 · 10%] idx=1443: ✅REAL max=0.425 (40322ms) ETA=19998s
[2026-04-27 13:48:43]   [31/308 · 10%] idx=1454: ✅REAL max=0.550 (35218ms) ETA=19607s
[2026-04-27 13:49:43]   [32/308 · 10%] idx=1456: ✅REAL max=0.450 (58139ms) ETA=19436s
[2026-04-27 13:53:06]   [33/308 · 11%] idx=1458: ✅REAL max=0.430 (65425ms) ETA=20474s
[2026-04-27 13:54:08]   [34/308 · 11%] idx=1460: ✅REAL max=0.300 (61079ms) ETA=20300s
[2026-04-27 13:54:45]   [35/308 · 11%] idx=1473: ✅REAL max=0.350 (35797ms) ETA=19935s
[2026-04-27 13:55:40]   [36/308 · 12%] idx=1477: ✅REAL max=0.560 (54012ms) ETA=19726s
[2026-04-27 13:56:38]   [37/308 · 12%] idx=1485: ✅REAL max=0.323 (57333ms) ETA=19549s
[2026-04-27 13:59:43]   [38/308 · 12%] idx=1489: ✅REAL max=0.800 (184214ms) ETA=20281s
[2026-04-27 14:01:08]   [39/308 · 13%] idx=1493: ✅REAL max=0.700 (83109ms) ETA=20268s
[2026-04-27 14:01:58]   [40/308 · 13%] idx=1515: ✅REAL max=0.300 (49532ms) ETA=20026s
[2026-04-27 14:01:58]   💾 [40/308] 进度已保存
[2026-04-27 14:02:49]   [41/308 · 13%] idx=1553: ✅REAL max=0.470 (49809ms) ETA=19796s
[2026-04-27 14:03:31]   [42/308 · 14%] idx=1569: ✅REAL max=0.469 (41196ms) ETA=19519s
[2026-04-27 14:04:54]   [43/308 · 14%] idx=1571: ✅REAL max=0.275 (81875ms) ETA=19504s
[2026-04-27 14:06:15]   [44/308 · 14%] idx=1597: ✅REAL max=0.400 (80022ms) ETA=19475s
[2026-04-27 14:07:11]   [45/308 · 15%] idx=1609: ✅REAL max=0.300 (54777ms) ETA=19296s
[2026-04-27 14:09:07]   [46/308 · 15%] idx=1626: ✅REAL max=0.421 (115493ms) ETA=19469s
[2026-04-27 14:10:23]   [47/308 · 15%] idx=1631: ✅REAL max=0.380 (75132ms) ETA=19404s
[2026-04-27 14:11:28]   [48/308 · 16%] idx=1632: ✅REAL max=0.727 (63797ms) ETA=19278s
[2026-04-27 14:14:25]   [49/308 · 16%] idx=1642: ✅REAL max=0.650 (175601ms) ETA=19746s
[2026-04-27 14:16:33]   [50/308 · 16%] idx=1644: ✅REAL max=0.360 (52545ms) ETA=19939s
[2026-04-27 14:17:25]   [51/308 · 17%] idx=1663: ✅REAL max=0.390 (50507ms) ETA=19732s
[2026-04-27 14:18:30]   [52/308 · 17%] idx=1671: ✅REAL max=0.220 (63943ms) ETA=19597s
[2026-04-27 14:19:37]   [53/308 · 17%] idx=1673: ✅REAL max=0.450 (65854ms) ETA=19474s
[2026-04-27 14:20:28]   [54/308 · 18%] idx=1685: ✅REAL max=0.340 (50157ms) ETA=19279s
[2026-04-27 14:21:18]   [55/308 · 18%] idx=1727: ✅REAL max=0.450 (49401ms) ETA=19086s
[2026-04-27 14:22:27]   [56/308 · 18%] idx=1729: ✅REAL max=0.320 (68038ms) ETA=18982s
[2026-04-27 14:23:57]   [57/308 · 19%] idx=1731: ✅REAL max=0.250 (88918ms) ETA=18971s
[2026-04-27 14:25:32]   [58/308 · 19%] idx=1752: ✅REAL max=0.280 (93501ms) ETA=18977s
[2026-04-27 14:26:34]   [59/308 · 19%] idx=1787: ✅REAL max=0.430 (60798ms) ETA=18841s
[2026-04-27 14:29:26]   [60/308 · 19%] idx=1793: ✅REAL max=0.200 (55997ms) ETA=19164s
[2026-04-27 14:29:26]   💾 [60/308] 进度已保存
[2026-04-27 14:30:57]   [61/308 · 20%] idx=1819: ✅REAL max=0.300 (90435ms) ETA=19144s
[2026-04-27 14:32:12]   [62/308 · 20%] idx=1831: ✅REAL max=0.440 (73466ms) ETA=19055s
[2026-04-27 14:33:27]   [63/308 · 20%] idx=1836: ✅REAL max=0.250 (74138ms) ETA=18968s
[2026-04-27 14:34:02]   [64/308 · 21%] idx=1838: ✅REAL max=0.850 (34679ms) ETA=18732s
[2026-04-27 14:35:47]   [65/308 · 21%] idx=1844: ✅REAL max=0.420 (103136ms) ETA=18757s
[2026-04-27 14:36:42]   [66/308 · 21%] idx=1847: ✅REAL max=0.580 (54647ms) ETA=18601s
[2026-04-27 14:39:04]   [67/308 · 22%] idx=1874: ✅REAL max=0.645 (51818ms) ETA=18758s
[2026-04-27 14:40:03]   [68/308 · 22%] idx=1912: ✅REAL max=0.450 (58493ms) ETA=18615s
[2026-04-27 14:41:05]   [69/308 · 22%] idx=1924: ✅REAL max=0.400 (60413ms) ETA=18482s
[2026-04-27 14:42:24]   [70/308 · 23%] idx=1930: ✅REAL max=0.290 (77748ms) ETA=18409s
[2026-04-27 14:45:16]   [71/308 · 23%] idx=1931: ✅REAL max=0.440 (59194ms) ETA=18648s
[2026-04-27 14:47:09]   [72/308 · 23%] idx=1942: ✅REAL max=0.440 (112023ms) ETA=18681s
[2026-04-27 14:48:17]   [73/308 · 24%] idx=1971: ✅REAL max=0.300 (66963ms) ETA=18566s
[2026-04-27 14:49:22]   [74/308 · 24%] idx=1989: ✅REAL max=0.478 (64779ms) ETA=18445s
[2026-04-27 14:50:30]   [75/308 · 24%] idx=1997: ✅REAL max=0.370 (66518ms) ETA=18332s
[2026-04-27 14:51:23]   [76/308 · 25%] idx=2016: ✅REAL max=0.400 (51961ms) ETA=18174s
[2026-04-27 14:52:31]   [77/308 · 25%] idx=2017: ✅REAL max=0.700 (67582ms) ETA=18067s
[2026-04-27 14:53:20]   [78/308 · 25%] idx=2069: ✅REAL max=0.350 (47081ms) ETA=17900s
[2026-04-27 14:54:26]   [79/308 · 26%] idx=2072: ✅REAL max=0.210 (65079ms) ETA=17788s
[2026-04-27 14:55:18]   [80/308 · 26%] idx=2087: ✅REAL max=0.384 (51685ms) ETA=17639s
[2026-04-27 14:55:18]   💾 [80/308] 进度已保存
[2026-04-27 14:56:16]   [81/308 · 26%] idx=2106: ✅REAL max=0.450 (56946ms) ETA=17507s
[2026-04-27 14:57:06]   [82/308 · 27%] idx=2108: ✅REAL max=0.545 (49037ms) ETA=17355s
[2026-04-27 14:58:24]   [83/308 · 27%] idx=2121: ✅REAL max=0.343 (76289ms) ETA=17280s
[2026-04-27 14:59:20]   [84/308 · 27%] idx=2144: ✅REAL max=0.390 (55191ms) ETA=17148s
[2026-04-27 15:00:26]   [85/308 · 28%] idx=2148: ✅REAL max=0.360 (64923ms) ETA=17044s
[2026-04-27 15:01:36]   [86/308 · 28%] idx=2190: ✅REAL max=0.364 (68809ms) ETA=16950s
[2026-04-27 15:02:33]   [87/308 · 28%] idx=2193: ✅REAL max=0.500 (56142ms) ETA=16825s
[2026-04-27 15:04:52]   [88/308 · 29%] idx=2195: ✅REAL max=0.300 (51648ms) ETA=16907s
[2026-04-27 15:05:59]   [89/308 · 29%] idx=2209: ✅REAL max=0.374 (66408ms) ETA=16807s
[2026-04-27 15:07:46]   [90/308 · 29%] idx=2212: ✅REAL max=0.680 (105361ms) ETA=16802s
[2026-04-27 15:09:13]   [91/308 · 30%] idx=2219: ✅REAL max=0.400 (86678ms) ETA=16750s
[2026-04-27 15:11:39]   [92/308 · 30%] idx=2232: ✅REAL max=0.200 (49930ms) ETA=16834s
[2026-04-27 15:12:59]   [93/308 · 30%] idx=2233: ✅REAL max=0.270 (78501ms) ETA=16759s
[2026-04-27 15:13:58]   [94/308 · 31%] idx=2249: ✅REAL max=0.160 (58638ms) ETA=16640s
[2026-04-27 15:15:17]   [95/308 · 31%] idx=2254: ✅REAL max=0.450 (77703ms) ETA=16564s
[2026-04-27 15:16:27]   [96/308 · 31%] idx=2284: ✅REAL max=0.200 (69590ms) ETA=16471s
[2026-04-27 15:17:45]   [97/308 · 31%] idx=2301: ✅REAL max=0.340 (76281ms) ETA=16392s
[2026-04-27 15:18:49]   [98/308 · 32%] idx=2304: ✅REAL max=0.380 (63395ms) ETA=16286s
[2026-04-27 15:19:34]   [99/308 · 32%] idx=2308: ✅REAL max=0.500 (43416ms) ETA=16138s
[2026-04-27 15:21:28]   [100/308 · 32%] idx=2309: ✅REAL max=0.480 (113059ms) ETA=16138s
[2026-04-27 15:21:28]   💾 [100/308] 进度已保存
[2026-04-27 15:23:18]   [101/308 · 33%] idx=2324: ✅REAL max=0.450 (109651ms) ETA=16128s
[2026-04-27 15:25:00]   [102/308 · 33%] idx=2350: ✅REAL max=0.280 (100194ms) ETA=16097s
[2026-04-27 15:25:47]   [103/308 · 33%] idx=2351: ✅REAL max=0.350 (46872ms) ETA=15959s
[2026-04-27 15:26:56]   [104/308 · 34%] idx=2366: ✅REAL max=0.300 (67358ms) ETA=15862s
[2026-04-27 15:27:56]   [105/308 · 34%] idx=2389: ✅REAL max=0.340 (59250ms) ETA=15751s
[2026-04-27 15:29:14]   [106/308 · 34%] idx=2393: ✅REAL max=0.520 (76815ms) ETA=15673s
[2026-04-27 15:31:53]   [107/308 · 35%] idx=2401: ✅REAL max=0.350 (55244ms) ETA=15750s
[2026-04-27 15:32:42]   [108/308 · 35%] idx=2413: ✅REAL max=0.150 (47325ms) ETA=15616s
[2026-04-27 15:33:57]   [109/308 · 35%] idx=2445: ✅REAL max=0.680 (74427ms) ETA=15533s
[2026-04-27 15:35:02]   [110/308 · 36%] idx=2450: ✅REAL max=0.270 (63684ms) ETA=15431s
[2026-04-27 15:36:15]   [111/308 · 36%] idx=2456: ✅REAL max=0.440 (72366ms) ETA=15345s
[2026-04-27 15:37:27]   [112/308 · 36%] idx=2476: ✅REAL max=0.545 (70845ms) ETA=15256s
[2026-04-27 15:38:25]   [113/308 · 37%] idx=2517: ✅REAL max=0.575 (56827ms) ETA=15144s
[2026-04-27 15:39:52]   [114/308 · 37%] idx=2522: ✅REAL max=0.120 (86236ms) ETA=15083s
[2026-04-27 15:40:34]   [115/308 · 37%] idx=2533: ✅REAL max=0.330 (41078ms) ETA=14945s
[2026-04-27 15:41:41]   [116/308 · 38%] idx=2539: ✅REAL max=0.700 (65870ms) ETA=14850s
[2026-04-27 15:42:33]   [117/308 · 38%] idx=2583: ✅REAL max=0.500 (50594ms) ETA=14731s
[2026-04-27 15:45:20]   [118/308 · 38%] idx=2585: ✅REAL max=0.550 (165965ms) ETA=14798s
[2026-04-27 15:46:40]   [119/308 · 39%] idx=2588: ✅REAL max=0.450 (79653ms) ETA=14725s
[2026-04-27 15:47:49]   [120/308 · 39%] idx=2592: ✅REAL max=0.430 (67729ms) ETA=14632s
[2026-04-27 15:47:49]   💾 [120/308] 进度已保存
[2026-04-27 15:48:50]   [121/308 · 39%] idx=2612: ✅REAL max=0.570 (60308ms) ETA=14529s
[2026-04-27 15:49:52]   [122/308 · 40%] idx=2618: ✅REAL max=0.404 (60365ms) ETA=14426s
[2026-04-27 15:50:42]   [123/308 · 40%] idx=2622: ✅REAL max=0.630 (49150ms) ETA=14308s
[2026-04-27 15:51:47]   [124/308 · 40%] idx=2629: ✅REAL max=0.250 (64139ms) ETA=14212s
[2026-04-27 15:52:33]   [125/308 · 41%] idx=2631: ✅REAL max=0.350 (44534ms) ETA=14089s
[2026-04-27 15:53:23]   [126/308 · 41%] idx=2637: ✅REAL max=0.780 (49515ms) ETA=13973s
[2026-04-27 15:54:11]   [127/308 · 41%] idx=2646: ✅REAL max=0.550 (46576ms) ETA=13855s
[2026-04-27 15:54:59]   [128/308 · 42%] idx=2658: ✅REAL max=0.700 (47782ms) ETA=13739s
[2026-04-27 15:55:51]   [129/308 · 42%] idx=2679: ✅REAL max=0.700 (50870ms) ETA=13629s
[2026-04-27 15:57:16]   [130/308 · 42%] idx=2691: ✅REAL max=0.700 (83349ms) ETA=13564s
[2026-04-27 15:58:17]   [131/308 · 43%] idx=2698: ✅REAL max=0.505 (60362ms) ETA=13468s
[2026-04-27 15:58:51]   [132/308 · 43%] idx=2707: ✅REAL max=0.550 (33272ms) ETA=13336s
[2026-04-27 16:00:49]   [133/308 · 43%] idx=2715: ✅REAL max=0.310 (116504ms) ETA=13315s
[2026-04-27 16:01:39]   [134/308 · 44%] idx=2719: ✅REAL max=0.360 (49329ms) ETA=13206s
[2026-04-27 16:03:16]   [135/308 · 44%] idx=2725: ✅REAL max=0.410 (95897ms) ETA=13157s
[2026-04-27 16:04:05]   [136/308 · 44%] idx=2727: ✅REAL max=0.320 (47662ms) ETA=13046s
[2026-04-27 16:05:04]   [137/308 · 44%] idx=2736: ✅REAL max=0.380 (58730ms) ETA=12950s
[2026-04-27 16:06:50]   [138/308 · 45%] idx=2742: ✅REAL max=0.540 (105017ms) ETA=12912s
[2026-04-27 16:07:56]   [139/308 · 45%] idx=2758: ✅REAL max=0.450 (64093ms) ETA=12823s
[2026-04-27 16:08:24]   [140/308 · 45%] idx=2776: ✅REAL max=0.800 (27510ms) ETA=12690s
[2026-04-27 16:08:24]   💾 [140/308] 进度已保存
[2026-04-27 16:09:18]   [141/308 · 46%] idx=2806: ✅REAL max=0.618 (52946ms) ETA=12589s
[2026-04-27 16:10:36]   [142/308 · 46%] idx=2815: ✅REAL max=0.900 (77079ms) ETA=12517s
[2026-04-27 16:11:42]   [143/308 · 46%] idx=2818: ✅REAL max=0.450 (64755ms) ETA=12430s
[2026-04-27 16:12:25]   [144/308 · 47%] idx=2838: ✅REAL max=0.729 (42596ms) ETA=12319s
[2026-04-27 16:13:39]   [145/308 · 47%] idx=2839: ✅REAL max=0.350 (72738ms) ETA=12242s
[2026-04-27 16:14:35]   [146/308 · 47%] idx=2855: ✅REAL max=0.441 (54525ms) ETA=12145s
[2026-04-27 16:15:14]   [147/308 · 48%] idx=2869: ✅REAL max=0.460 (37953ms) ETA=12031s
[2026-04-27 16:16:33]   [148/308 · 48%] idx=2885: ✅REAL max=0.300 (78357ms) ETA=11961s
[2026-04-27 16:17:46]   [149/308 · 48%] idx=2888: ✅REAL max=0.450 (72395ms) ETA=11885s
[2026-04-27 16:19:04]   [150/308 · 49%] idx=2910: ✅REAL max=0.400 (76275ms) ETA=11813s
[2026-04-27 16:22:04]   [151/308 · 49%] idx=2918: ✅REAL max=0.250 (179487ms) ETA=11848s
[2026-04-27 16:23:20]   [152/308 · 49%] idx=2925: ✅REAL max=0.200 (74334ms) ETA=11772s
[2026-04-27 16:25:03]   [153/308 · 50%] idx=2932: ✅REAL max=0.300 (102645ms) ETA=11725s
[2026-04-27 16:27:57]   [154/308 · 50%] idx=2941: ✅REAL max=0.294 (77351ms) ETA=11748s
[2026-04-27 16:28:49]   [155/308 · 50%] idx=2970: ✅REAL max=0.500 (50576ms) ETA=11647s
[2026-04-27 16:29:41]   [156/308 · 51%] idx=2981: ✅REAL max=0.425 (51825ms) ETA=11548s
[2026-04-27 16:31:01]   [157/308 · 51%] idx=2987: ✅REAL max=0.520 (78513ms) ETA=11476s
[2026-04-27 16:32:28]   [158/308 · 51%] idx=2990: ✅REAL max=0.390 (85609ms) ETA=11410s
[2026-04-27 16:34:06]   [159/308 · 52%] idx=2998: ✅REAL max=0.350 (93222ms) ETA=11354s
[2026-04-27 16:50:04] [Proc 6] 启动，30秒后开始（避免并发冲突）
[2026-04-27 16:50:34] [数据] 从缓存加载: X_tr=/home/fandy/workplace/thesis/results/soft_labels/kuhar_X_tr.npy
[2026-04-27 16:50:34] [Proc 6] 类 6 (Lay-stand): 5127样本, 目标400, 已有251, 需生成149
[2026-04-27 16:51:18]   [1/149 · 1%] idx=2999: ✅REAL max=0.440 (43714ms) ETA=6470s
[2026-04-27 16:52:39]   [2/149 · 1%] idx=3012: ✅REAL max=0.640 (80882ms) ETA=9232s
[2026-04-27 16:53:28]   [3/149 · 2%] idx=3014: ✅REAL max=0.520 (47388ms) ETA=8468s
[2026-04-27 16:54:23]   [4/149 · 3%] idx=3030: ✅REAL max=0.350 (54329ms) ETA=8319s
[2026-04-27 16:57:03]   [5/149 · 3%] idx=3031: ✅REAL max=0.300 (60781ms) ETA=11222s
[2026-04-27 16:58:25]   [6/149 · 4%] idx=3035: ✅REAL max=0.320 (80809ms) ETA=11236s
[2026-04-27 16:59:29]   [7/149 · 5%] idx=3073: ✅REAL max=0.388 (62206ms) ETA=10846s
[2026-04-27 17:01:17]   [8/149 · 5%] idx=3089: ✅REAL max=0.705 (107369ms) ETA=11334s
[2026-04-27 17:02:20]   [9/149 · 6%] idx=3110: ✅REAL max=0.403 (62477ms) ETA=10990s
[2026-04-27 17:03:22]   [10/149 · 7%] idx=3112: ✅REAL max=0.443 (60146ms) ETA=10671s
[2026-04-27 17:05:18]   [11/149 · 7%] idx=3116: ✅REAL max=0.430 (115647ms) ETA=11094s
[2026-04-27 17:06:50]   [12/149 · 8%] idx=3132: ✅REAL max=0.590 (90683ms) ETA=11143s
[2026-04-27 17:07:36]   [13/149 · 9%] idx=3140: ✅REAL max=0.693 (45043ms) ETA=10692s
[2026-04-27 19:02:31] [Proc 6] 启动，30秒后开始（避免并发冲突）
[2026-04-27 19:02:59] [Proc 6] 启动，30秒后开始（避免并发冲突）
[2026-04-27 19:03:01] [数据] 从缓存加载: X_tr=/home/fandy/workplace/thesis/results/soft_labels/kuhar_X_tr.npy
[2026-04-27 19:03:04] [Proc 6] 类 6 (Lay-stand): 5127样本, 目标400, 已有264, 需生成136
[2026-04-27 19:03:29] [数据] 从缓存加载: X_tr=/home/fandy/workplace/thesis/results/soft_labels/kuhar_X_tr.npy
[2026-04-27 19:03:30] [Proc 6] 类 6 (Lay-stand): 5127样本, 目标400, 已有264, 需生成136
[2026-04-27 20:48:25] [Proc 6] 启动，30秒后开始（避免并发冲突）
[2026-04-27 20:48:55] [数据] 从缓存加载: X_tr=/home/fandy/workplace/thesis/results/soft_labels/kuhar_X_tr.npy
[2026-04-27 20:48:55] [Proc 6] 类 6 (Lay-stand): 5127样本, 目标400, 已有264, 需生成136
[2026-04-27 20:49:01] [Proc 6] 启动，30秒后开始（避免并发冲突）
[2026-04-27 20:49:31] [数据] 从缓存加载: X_tr=/home/fandy/workplace/thesis/results/soft_labels/kuhar_X_tr.npy
[2026-04-27 20:49:32] [Proc 6] 类 6 (Lay-stand): 5127样本, 目标400, 已有264, 需生成136
[2026-04-27 20:51:34] [Proc 6] 启动，30秒后开始（避免并发冲突）
[2026-04-27 20:52:04] [数据] 从缓存加载: X_tr=/home/fandy/workplace/thesis/results/soft_labels/kuhar_X_tr.npy
[2026-04-27 20:52:04] [Proc 6] 类 6 (Lay-stand): 5127样本, 目标400, 已有264, 需生成136
[2026-04-27 20:53:12]   [1/136 · 1%] idx=3173: ✅REAL max=0.430 (67809ms) ETA=9154s
[2026-04-27 20:53:39]   [2/136 · 1%] idx=3178: ✅REAL max=0.429 (26630ms) ETA=6395s
[2026-04-27 20:54:11]   [3/136 · 2%] idx=3180: ✅REAL max=0.500 (30364ms) ETA=5622s
[2026-04-27 20:55:01]   [4/136 · 3%] idx=3199: ✅REAL max=0.600 (48891ms) ETA=5832s
[2026-04-27 20:55:33]   [5/136 · 4%] idx=3208: ✅REAL max=0.700 (31536ms) ETA=5483s
[2026-04-27 20:56:23]   [6/136 · 4%] idx=3214: ✅REAL max=0.710 (48538ms) ETA=5607s
[2026-04-27 20:58:20]   [7/136 · 5%] idx=3260: ✅REAL max=0.550 (42781ms) ETA=6933s
[2026-04-27 20:58:52]   [8/136 · 6%] idx=3276: ✅REAL max=0.220 (31358ms) ETA=6537s
[2026-04-27 21:01:18]   [9/136 · 7%] idx=3279: ✅REAL max=0.730 (63994ms) ETA=7827s
[2026-04-27 21:02:14]   [10/136 · 7%] idx=3309: ✅REAL max=0.500 (54624ms) ETA=7690s
[2026-04-27 21:03:37]   [11/136 · 8%] idx=3316: ✅REAL max=0.440 (81473ms) ETA=7872s
[2026-04-27 21:04:19]   [12/136 · 9%] idx=3338: ✅REAL max=0.450 (41802ms) ETA=7601s
[2026-04-27 21:05:33]   [13/136 · 10%] idx=3364: ✅REAL max=0.450 (73058ms) ETA=7660s
[2026-04-27 21:06:14]   [14/136 · 10%] idx=3366: ✅REAL max=0.550 (39215ms) ETA=7406s
[2026-04-27 21:07:04]   [15/136 · 11%] idx=3415: ✅REAL max=0.450 (49611ms) ETA=7264s
[2026-04-27 21:08:24]   [16/136 · 12%] idx=3441: ✅REAL max=0.300 (78653ms) ETA=7351s
[2026-04-27 21:09:50]   [17/136 · 12%] idx=3481: ✅REAL max=0.610 (84819ms) ETA=7462s
[2026-04-27 21:10:59]   [18/136 · 13%] idx=3488: ✅REAL max=0.550 (68710ms) ETA=7445s
[2026-04-27 21:11:39]   [19/136 · 14%] idx=3513: ✅REAL max=0.260 (38093ms) ETA=7234s
[2026-04-27 21:13:06]   [20/136 · 15%] idx=3518: ✅REAL max=0.550 (86630ms) ETA=7322s
[2026-04-27 21:13:06]   💾 [20/136] 进度已保存
[2026-04-27 21:13:33]   [21/136 · 15%] idx=3522: ✅REAL max=0.396 (25761ms) ETA=7060s
[2026-04-27 21:14:20]   [22/136 · 16%] idx=3551: ✅REAL max=0.440 (46129ms) ETA=6924s
[2026-04-27 21:15:27]   [23/136 · 17%] idx=3552: ✅REAL max=0.350 (65440ms) ETA=6892s
[2026-04-27 21:16:06]   [24/136 · 18%] idx=3560: ✅REAL max=0.778 (38613ms) ETA=6731s
[2026-04-27 21:17:01]   [25/136 · 18%] idx=3563: ✅REAL max=0.600 (53742ms) ETA=6647s
[2026-04-27 21:18:19]   [26/136 · 19%] idx=3584: ✅REAL max=0.430 (76967ms) ETA=6664s
[2026-04-27 21:19:25]   [27/136 · 20%] idx=3618: ✅REAL max=0.430 (65403ms) ETA=6627s
[2026-04-27 21:20:00]   [28/136 · 21%] idx=3621: ✅REAL max=0.350 (33930ms) ETA=6466s
[2026-04-27 21:21:10]   [29/136 · 21%] idx=3626: ✅REAL max=0.450 (68682ms) ETA=6443s
[2026-04-27 21:22:20]   [30/136 · 22%] idx=3635: ✅REAL max=0.390 (68858ms) ETA=6416s
[2026-04-27 21:22:50]   [31/136 · 23%] idx=3644: ✅REAL max=0.620 (29162ms) ETA=6253s
[2026-04-27 21:23:46]   [32/136 · 24%] idx=3656: ✅REAL max=0.430 (54547ms) ETA=6180s
[2026-04-27 21:24:30]   [33/136 · 24%] idx=3724: ✅REAL max=0.350 (43594ms) ETA=6075s
[2026-04-27 21:25:23]   [34/136 · 25%] idx=3725: ✅REAL max=0.446 (51948ms) ETA=5998s
[2026-04-27 21:26:09]   [35/136 · 26%] idx=3729: ✅REAL max=0.300 (45362ms) ETA=5903s
[2026-04-27 21:27:04]   [36/136 · 26%] idx=3731: ✅REAL max=0.510 (53299ms) ETA=5833s
[2026-04-27 21:27:39]   [37/136 · 27%] idx=3741: ✅REAL max=0.620 (34182ms) ETA=5713s
[2026-04-27 21:28:12]   [38/136 · 28%] idx=3774: ✅REAL max=0.500 (32152ms) ETA=5592s
[2026-04-27 21:28:47]   [39/136 · 29%] idx=3777: ✅REAL max=0.340 (33437ms) ETA=5479s
[2026-04-27 21:29:47]   [40/136 · 29%] idx=3826: ✅REAL max=0.550 (59236ms) ETA=5431s
[2026-04-27 21:29:47]   💾 [40/136] 进度已保存
[2026-04-27 21:30:10]   [41/136 · 30%] idx=3849: ✅REAL max=0.750 (22498ms) ETA=5298s
[2026-04-27 21:31:56]   [42/136 · 31%] idx=3879: ✅REAL max=0.400 (104615ms) ETA=5354s
[2026-04-27 21:32:44]   [43/136 · 32%] idx=3885: ✅REAL max=0.450 (46871ms) ETA=5277s
[2026-04-27 21:34:27]   [44/136 · 32%] idx=3909: ✅REAL max=0.400 (36495ms) ETA=5317s
[2026-04-27 21:35:08]   [45/136 · 33%] idx=3916: ✅REAL max=0.590 (39706ms) ETA=5225s
[2026-04-27 21:37:29]   [46/136 · 34%] idx=3919: ✅REAL max=0.530 (53589ms) ETA=5331s
[2026-04-27 21:38:16]   [47/136 · 35%] idx=3934: ✅REAL max=0.270 (46420ms) ETA=5250s
[2026-04-27 21:38:59]   [48/136 · 35%] idx=3971: ✅REAL max=0.860 (42004ms) ETA=5161s
[2026-04-27 21:39:37]   [49/136 · 36%] idx=3975: ✅REAL max=0.340 (37339ms) ETA=5067s
[2026-04-27 21:40:33]   [50/136 · 37%] idx=3976: ✅REAL max=0.450 (54131ms) ETA=5003s
[2026-04-27 21:41:31]   [51/136 · 38%] idx=3981: ✅REAL max=0.600 (57573ms) ETA=4945s
[2026-04-27 21:42:27]   [52/136 · 38%] idx=4021: ✅REAL max=0.300 (54717ms) ETA=4883s
[2026-04-27 21:42:58]   [53/136 · 39%] idx=4030: ✅REAL max=0.650 (30063ms) ETA=4783s
[2026-04-27 21:43:32]   [54/136 · 40%] idx=4038: ✅REAL max=0.440 (33332ms) ETA=4690s
[2026-04-27 21:45:07]   [55/136 · 40%] idx=4040: ✅REAL max=0.404 (93598ms) ETA=4688s
[2026-04-27 21:45:51]   [56/136 · 41%] idx=4044: ✅REAL max=0.800 (42678ms) ETA=4610s
[2026-04-27 21:47:01]   [57/136 · 42%] idx=4051: ✅REAL max=0.450 (69691ms) ETA=4570s
[2026-04-27 21:48:39]   [58/136 · 43%] idx=4055: ✅REAL max=0.440 (96409ms) ETA=4565s
[2026-04-27 21:49:14]   [59/136 · 43%] idx=4079: ✅REAL max=0.350 (34467ms) ETA=4477s
[2026-04-27 21:49:51]   [60/136 · 44%] idx=4085: ✅REAL max=0.240 (35410ms) ETA=4391s
[2026-04-27 21:49:51]   💾 [60/136] 进度已保存
[2026-04-27 21:50:28]   [61/136 · 45%] idx=4095: ✅REAL max=0.420 (36773ms) ETA=4309s
[2026-04-27 21:51:00]   [62/136 · 46%] idx=4119: ✅REAL max=0.220 (30750ms) ETA=4221s
[2026-04-27 21:51:39]   [63/136 · 46%] idx=4122: ✅REAL max=0.461 (38112ms) ETA=4143s
[2026-04-27 21:53:01]   [64/136 · 47%] idx=4128: ✅REAL max=0.523 (80453ms) ETA=4114s
[2026-04-27 21:53:32]   [65/136 · 48%] idx=4135: ✅REAL max=0.450 (30031ms) ETA=4028s
[2026-04-27 21:54:52]   [66/136 · 49%] idx=4136: ✅REAL max=0.320 (79434ms) ETA=3997s
[2026-04-27 21:56:13]   [67/136 · 49%] idx=4143: ✅REAL max=0.395 (80116ms) ETA=3964s
[2026-04-27 21:57:16]   [68/136 · 50%] idx=4144: ✅REAL max=0.675 (62244ms) ETA=3913s
[2026-04-27 21:57:59]   [69/136 · 51%] idx=4147: ✅REAL max=0.720 (41119ms) ETA=3840s
[2026-04-27 21:58:39]   [70/136 · 51%] idx=4188: ✅REAL max=0.550 (39035ms) ETA=3767s
[2026-04-27 21:59:49]   [71/136 · 52%] idx=4191: ✅REAL max=0.500 (68948ms) ETA=3721s
[2026-04-27 22:00:44]   [72/136 · 53%] idx=4202: ✅REAL max=0.365 (54500ms) ETA=3662s
[2026-04-27 22:02:02]   [73/136 · 54%] idx=4252: ✅REAL max=0.400 (77396ms) ETA=3624s
[2026-04-27 22:03:04]   [74/136 · 54%] idx=4256: ✅REAL max=0.699 (60418ms) ETA=3569s
[2026-04-27 22:04:04]   [75/136 · 55%] idx=4264: ✅REAL max=0.360 (58655ms) ETA=3513s
[2026-04-27 22:05:49]   [76/136 · 56%] idx=4282: ✅REAL max=0.550 (104175ms) ETA=3493s
[2026-04-27 22:07:30]   [77/136 · 57%] idx=4296: ✅REAL max=0.180 (40381ms) ETA=3468s
[2026-04-27 22:08:45]   [78/136 · 57%] idx=4302: ✅REAL max=0.430 (73825ms) ETA=3421s
[2026-04-27 22:09:48]   [79/136 · 58%] idx=4318: ✅REAL max=0.545 (62649ms) ETA=3365s
[2026-04-27 22:11:33]   [80/136 · 59%] idx=4328: ✅REAL max=0.450 (43887ms) ETA=3338s
[2026-04-27 22:11:33]   💾 [80/136] 进度已保存
[2026-04-27 22:12:10]   [81/136 · 60%] idx=4329: ✅REAL max=0.444 (36689ms) ETA=3264s
[2026-04-27 22:13:01]   [82/136 · 60%] idx=4341: ✅REAL max=0.320 (49996ms) ETA=3199s
[2026-04-27 22:14:02]   [83/136 · 61%] idx=4344: ✅REAL max=0.286 (59544ms) ETA=3140s
[2026-04-27 22:14:40]   [84/136 · 62%] idx=4355: ✅REAL max=0.540 (36979ms) ETA=3068s
[2026-04-27 22:15:47]   [85/136 · 62%] idx=4370: ✅REAL max=0.760 (65992ms) ETA=3014s
[2026-04-27 22:16:54]   [86/136 · 63%] idx=4379: ✅REAL max=0.450 (66210ms) ETA=2959s
[2026-04-27 22:18:20]   [87/136 · 64%] idx=4394: ✅REAL max=0.470 (84925ms) ETA=2915s
[2026-04-27 22:19:05]   [88/136 · 65%] idx=4405: ✅REAL max=0.520 (43610ms) ETA=2848s
[2026-04-27 22:19:58]   [89/136 · 65%] idx=4409: ✅REAL max=0.360 (52689ms) ETA=2785s
[2026-04-27 22:20:44]   [90/136 · 66%] idx=4413: ✅REAL max=0.400 (44233ms) ETA=2719s
[2026-04-27 22:21:45]   [91/136 · 67%] idx=4416: ✅REAL max=0.360 (60765ms) ETA=2661s
[2026-04-27 22:22:39]   [92/136 · 68%] idx=4434: ✅REAL max=0.300 (52975ms) ETA=2600s
[2026-04-27 22:23:22]   [93/136 · 68%] idx=4446: ✅REAL max=0.635 (41261ms) ETA=2533s
[2026-04-27 22:24:08]   [94/136 · 69%] idx=4449: ✅REAL max=0.380 (45452ms) ETA=2468s
[2026-04-27 22:25:11]   [95/136 · 70%] idx=4462: ✅REAL max=0.550 (61590ms) ETA=2411s
[2026-04-27 22:25:58]   [96/136 · 71%] idx=4473: ✅REAL max=0.500 (46776ms) ETA=2348s
[2026-04-27 22:26:41]   [97/136 · 71%] idx=4481: ✅REAL max=0.450 (41334ms) ETA=2282s
[2026-04-27 22:27:40]   [98/136 · 72%] idx=4488: ✅REAL max=0.660 (57973ms) ETA=2224s
[2026-04-27 22:30:23]   [99/136 · 73%] idx=4497: ✅REAL max=0.410 (162245ms) ETA=2205s
[2026-04-27 22:30:48]   [100/136 · 74%] idx=4520: ✅REAL max=0.380 (24446ms) ETA=2133s
[2026-04-27 22:30:48]   💾 [100/136] 进度已保存
[2026-04-27 22:31:59]   [101/136 · 74%] idx=4525: ✅REAL max=0.561 (69233ms) ETA=2077s
[2026-04-27 22:33:12]   [102/136 · 75%] idx=4538: ✅REAL max=0.360 (72119ms) ETA=2023s
[2026-04-27 22:34:14]   [103/136 · 76%] idx=4550: ✅REAL max=0.350 (61320ms) ETA=1964s
[2026-04-27 22:35:10]   [104/136 · 76%] idx=4551: ✅REAL max=0.550 (54384ms) ETA=1903s
[2026-04-27 22:35:48]   [105/136 · 77%] idx=4554: ✅REAL max=0.381 (37720ms) ETA=1838s
[2026-04-27 22:36:58]   [106/136 · 78%] idx=4555: ✅REAL max=0.306 (68453ms) ETA=1781s
[2026-04-27 22:37:36]   [107/136 · 79%] idx=4573: ✅REAL max=0.545 (37220ms) ETA=1716s
[2026-04-27 22:38:41]   [108/136 · 79%] idx=4588: ✅REAL max=0.350 (63748ms) ETA=1658s
[2026-04-27 22:39:13]   [109/136 · 80%] idx=4627: ✅REAL max=0.450 (31045ms) ETA=1592s
[2026-04-27 22:39:39]   [110/136 · 81%] idx=4628: ✅REAL max=0.750 (25028ms) ETA=1526s
[2026-04-27 22:40:19]   [111/136 · 82%] idx=4647: ✅REAL max=0.350 (39201ms) ETA=1463s
[2026-04-27 22:41:11]   [112/136 · 82%] idx=4656: ✅REAL max=0.720 (51404ms) ETA=1403s
[2026-04-27 22:41:38]   [113/136 · 83%] idx=4659: ✅REAL max=0.347 (25836ms) ETA=1338s
[2026-04-27 22:42:54]   [114/136 · 84%] idx=4674: ✅REAL max=0.289 (74357ms) ETA=1283s
[2026-04-27 22:43:49]   [115/136 · 85%] idx=4688: ✅REAL max=0.732 (53963ms) ETA=1224s
[2026-04-27 22:44:56]   [116/136 · 85%] idx=4694: ✅REAL max=0.205 (66050ms) ETA=1168s
[2026-04-27 22:46:24]   [117/136 · 86%] idx=4696: ✅REAL max=0.343 (87697ms) ETA=1114s
[2026-04-27 22:47:27]   [118/136 · 87%] idx=4715: ✅REAL max=0.550 (62094ms) ETA=1056s
[2026-04-27 22:48:02]   [119/136 · 88%] idx=4721: ✅REAL max=0.490 (33993ms) ETA=994s
[2026-04-27 22:48:43]   [120/136 · 88%] idx=4730: ✅REAL max=0.780 (39367ms) ETA=933s
[2026-04-27 22:48:43]   💾 [120/136] 进度已保存
[2026-04-27 22:50:45]   [121/136 · 89%] idx=4747: ✅REAL max=0.440 (34082ms) ETA=883s
[2026-04-27 22:51:20]   [122/136 · 90%] idx=4749: ✅REAL max=0.280 (33549ms) ETA=821s
[2026-04-27 22:52:10]   [123/136 · 90%] idx=4750: ✅REAL max=0.500 (48948ms) ETA=762s
[2026-04-27 22:52:46]   [124/136 · 91%] idx=4766: ✅REAL max=0.400 (35659ms) ETA=701s
[2026-04-27 22:53:28]   [125/136 · 92%] idx=4776: ✅REAL max=0.730 (40325ms) ETA=641s
[2026-04-27 22:54:08]   [126/136 · 93%] idx=4815: ✅REAL max=0.430 (38954ms) ETA=581s
[2026-04-27 22:54:45]   [127/136 · 93%] idx=4833: ✅REAL max=0.550 (36934ms) ETA=522s
[2026-04-27 22:56:11]   [128/136 · 94%] idx=4849: ✅REAL max=0.365 (84765ms) ETA=465s
[2026-04-27 22:56:59]   [129/136 · 95%] idx=4880: ✅REAL max=0.390 (46988ms) ETA=407s
[2026-04-27 22:57:47]   [130/136 · 96%] idx=4883: ✅REAL max=0.300 (47160ms) ETA=348s
[2026-04-27 22:58:46]   [131/136 · 96%] idx=4895: ✅REAL max=0.780 (57265ms) ETA=290s
[2026-04-27 22:59:28]   [132/136 · 97%] idx=4916: ✅REAL max=0.467 (41537ms) ETA=232s
[2026-04-27 23:00:57]   [133/136 · 98%] idx=4935: ✅REAL max=0.551 (87425ms) ETA=174s
[2026-04-27 23:01:39]   [134/136 · 99%] idx=4937: ✅REAL max=0.550 (41002ms) ETA=116s
[2026-04-27 23:02:35]   [135/136 · 99%] idx=4943: ✅REAL max=0.550 (55330ms) ETA=58s
[2026-04-27 23:03:27]   [136/136 · 100%] idx=4944: ✅REAL max=0.300 (51001ms) ETA=0s
[2026-04-27 23:03:28] [Proc 6] ✅ 类 6 (Lay-stand) 完成: 400/400 耗时7884s
[2026-04-27 23:03:28] [Proc 6] 全部完成 → /home/fandy/workplace/thesis/results/soft_labels/kuhar_soft_proc6.npy
[2026-04-28 00:05:08] [Proc 6] 启动，30秒后开始（避免并发冲突）
[2026-04-28 00:05:38] [数据] 从缓存加载: X_tr=/home/fandy/workplace/thesis/results/soft_labels/kuhar_X_tr.npy
[2026-04-28 00:05:39] [Proc 6] 类 6 已完成，跳过
[2026-04-28 00:05:39] [Proc 6] 全部完成 → /home/fandy/workplace/thesis/results/soft_labels/kuhar_soft_proc6.npy
[2026-04-28 00:13:10] [Proc 6] 启动，30秒后开始（避免并发冲突）
[2026-04-28 00:13:40] [数据] 从缓存加载: X_tr=/home/fandy/workplace/thesis/results/soft_labels/kuhar_X_tr.npy
[2026-04-28 00:13:40] [Proc 6] 类 6 已完成，跳过
[2026-04-28 00:13:40] [Proc 6] 全部完成 → /home/fandy/workplace/thesis/results/soft_labels/kuhar_soft_proc6.npy
[2026-04-28 00:23:49] [Proc 6] 启动，30秒后开始（避免并发冲突）
[2026-04-28 00:24:19] [数据] 从缓存加载: X_tr=/home/fandy/workplace/thesis/results/soft_labels/kuhar_X_tr.npy
[2026-04-28 00:24:19] [Proc 6] 类 6 已完成，跳过
[2026-04-28 00:24:19] [Proc 6] 全部完成 → /home/fandy/workplace/thesis/results/soft_labels/kuhar_soft_proc6.npy
