[2026-04-27 10:42:29] [Proc 5] 启动，25秒后开始（避免并发冲突）
[2026-04-27 10:42:54] [数据] 从缓存加载: X_tr=/home/fandy/workplace/thesis/results/soft_labels/kuhar_X_tr.npy
[2026-04-27 10:42:54] [Proc 5] 类 5 (Lay): 5395样本, 目标400, 已有0, 需生成400
[2026-04-27 10:44:10]   [1/400 · 0%] idx=3: ✅REAL max=0.373 (75705ms) ETA=30207s
[2026-04-27 10:45:01]   [2/400 · 0%] idx=12: ✅REAL max=0.414 (50023ms) ETA=25221s
[2026-04-27 10:45:57]   [3/400 · 1%] idx=38: ✅REAL max=0.400 (54325ms) ETA=24094s
[2026-04-27 10:46:56]   [4/400 · 1%] idx=54: ✅REAL max=0.450 (58731ms) ETA=23939s
[2026-04-27 10:49:07]   [5/400 · 1%] idx=61: ✅REAL max=0.450 (48742ms) ETA=29404s
[2026-04-27 10:50:02]   [6/400 · 2%] idx=83: ✅REAL max=0.550 (54499ms) ETA=28086s
[2026-04-27 10:51:02]   [7/400 · 2%] idx=119: ✅REAL max=0.400 (58834ms) ETA=27373s
[2026-04-27 10:51:49]   [8/400 · 2%] idx=120: ✅REAL max=0.772 (46315ms) ETA=26210s
[2026-04-27 10:53:04]   [9/400 · 2%] idx=143: ✅REAL max=0.280 (73881ms) ETA=26493s
[2026-04-27 11:22:35]   [10/400 · 2%] idx=145: ✅REAL max=0.360 (117577ms) ETA=92859s
[2026-04-27 11:32:30] [Proc 5] 启动，25秒后开始（避免并发冲突）
[2026-04-27 11:32:55] [数据] 从缓存加载: X_tr=/home/fandy/workplace/thesis/results/soft_labels/kuhar_X_tr.npy
[2026-04-27 11:32:55] [Proc 5] 类 5 (Lay): 5395样本, 目标400, 已有10, 需生成390
[2026-04-27 11:33:38]   [1/390 · 0%] idx=152: ✅REAL max=0.500 (43271ms) ETA=16832s
[2026-04-27 11:34:44]   [2/390 · 1%] idx=158: ✅REAL max=0.370 (64499ms) ETA=21102s
[2026-04-27 11:35:13]   [3/390 · 1%] idx=162: ✅REAL max=0.860 (27686ms) ETA=17733s
[2026-04-27 11:36:13]   [4/390 · 1%] idx=169: ✅REAL max=0.650 (58821ms) ETA=19039s
[2026-04-27 11:37:11]   [5/390 · 1%] idx=182: ✅REAL max=0.300 (57413ms) ETA=19690s
[2026-04-27 11:40:06]   [6/390 · 2%] idx=198: ✅REAL max=0.300 (173893ms) ETA=27559s
[2026-04-27 11:41:02]   [7/390 · 2%] idx=213: ✅REAL max=0.320 (55509ms) ETA=26653s
[2026-04-27 11:41:44]   [8/390 · 2%] idx=233: ✅REAL max=0.250 (41087ms) ETA=25270s
[2026-04-27 11:42:29]   [9/390 · 2%] idx=244: ✅REAL max=0.566 (43348ms) ETA=24281s
[2026-04-27 11:43:42]   [10/390 · 3%] idx=246: ✅REAL max=0.525 (72413ms) ETA=24585s
[2026-04-27 11:44:22]   [11/390 · 3%] idx=251: ✅REAL max=0.350 (39140ms) ETA=23675s
[2026-04-27 11:45:17]   [12/390 · 3%] idx=255: ✅REAL max=0.450 (53655ms) ETA=23366s
[2026-04-27 11:47:05]   [13/390 · 3%] idx=271: ✅REAL max=0.350 (107139ms) ETA=24648s
[2026-04-27 11:47:49]   [14/390 · 4%] idx=289: ✅REAL max=0.622 (42696ms) ETA=24001s
[2026-04-27 11:48:49]   [15/390 · 4%] idx=290: ✅REAL max=0.700 (59505ms) ETA=23854s
[2026-04-27 11:51:46]   [16/390 · 4%] idx=300: ✅REAL max=0.550 (175417ms) ETA=26427s
[2026-04-27 11:52:20]   [17/390 · 4%] idx=311: ✅REAL max=0.410 (33525ms) ETA=25564s
[2026-04-27 11:55:25]   [18/390 · 5%] idx=319: ✅REAL max=0.550 (94602ms) ETA=27894s
[2026-04-27 11:56:33]   [19/390 · 5%] idx=346: ✅REAL max=0.445 (67312ms) ETA=27689s
[2026-04-27 11:57:17]   [20/390 · 5%] idx=348: ✅REAL max=0.200 (43261ms) ETA=27052s
[2026-04-27 11:57:17]   💾 [20/390] 进度已保存
[2026-04-27 11:58:48]   [21/390 · 5%] idx=371: ✅REAL max=0.350 (89726ms) ETA=27289s
[2026-04-27 11:59:58]   [22/390 · 6%] idx=373: ✅REAL max=0.440 (68616ms) ETA=27142s
[2026-04-27 12:01:17]   [23/390 · 6%] idx=377: ✅REAL max=0.650 (78626ms) ETA=27162s
[2026-04-27 12:02:12]   [24/390 · 6%] idx=386: ✅REAL max=0.300 (53476ms) ETA=26790s
[2026-04-27 12:03:04]   [25/390 · 6%] idx=409: ✅REAL max=0.450 (50773ms) ETA=26404s
[2026-04-27 12:03:55]   [26/390 · 7%] idx=411: ✅REAL max=0.450 (49792ms) ETA=26030s
[2026-04-27 12:04:37]   [27/390 · 7%] idx=440: ✅REAL max=0.540 (41131ms) ETA=25564s
[2026-04-27 12:05:39]   [28/390 · 7%] idx=445: ✅REAL max=0.380 (61283ms) ETA=25388s
[2026-04-27 12:06:33]   [29/390 · 7%] idx=461: ✅REAL max=0.570 (53228ms) ETA=25120s
[2026-04-27 12:07:24]   [30/390 · 8%] idx=509: ✅REAL max=0.280 (49472ms) ETA=24821s
[2026-04-27 12:08:24]   [31/390 · 8%] idx=525: ✅REAL max=0.792 (59715ms) ETA=24657s
[2026-04-27 12:09:05]   [32/390 · 8%] idx=530: ✅REAL max=0.500 (39792ms) ETA=24277s
[2026-04-27 12:10:04]   [33/390 · 8%] idx=539: ✅REAL max=0.303 (57486ms) ETA=24108s
[2026-04-27 12:10:52]   [34/390 · 9%] idx=541: ✅REAL max=0.347 (47038ms) ETA=23836s
[2026-04-27 12:13:36]   [35/390 · 9%] idx=552: ✅REAL max=0.550 (163454ms) ETA=24758s
[2026-04-27 12:15:05]   [36/390 · 9%] idx=560: ✅REAL max=0.330 (87374ms) ETA=24872s
[2026-04-27 12:15:39]   [37/390 · 9%] idx=561: ✅REAL max=0.450 (33901ms) ETA=24464s
[2026-04-27 12:16:02]   [38/390 · 10%] idx=563: ✅REAL max=0.350 (21604ms) ETA=23962s
[2026-04-27 12:16:44]   [39/390 · 10%] idx=592: ✅REAL max=0.330 (40551ms) ETA=23656s
[2026-04-27 12:17:32]   [40/390 · 10%] idx=605: ✅REAL max=0.300 (46944ms) ETA=23418s
[2026-04-27 12:17:32]   💾 [40/390] 进度已保存
[2026-04-27 12:18:11]   [41/390 · 11%] idx=608: ✅REAL max=0.350 (38010ms) ETA=23114s
[2026-04-27 12:18:46]   [42/390 · 11%] idx=639: ✅REAL max=0.450 (34865ms) ETA=22796s
[2026-04-27 12:19:20]   [43/390 · 11%] idx=645: ✅REAL max=0.300 (32490ms) ETA=22472s
[2026-04-27 12:19:58]   [44/390 · 11%] idx=681: ✅REAL max=0.700 (37334ms) ETA=22200s
[2026-04-27 12:20:43]   [45/390 · 12%] idx=691: ✅REAL max=0.455 (44140ms) ETA=21990s
[2026-04-27 12:21:25]   [46/390 · 12%] idx=707: ✅REAL max=0.380 (40212ms) ETA=21758s
[2026-04-27 12:21:54]   [47/390 · 12%] idx=712: ✅REAL max=0.850 (28499ms) ETA=21448s
[2026-04-27 12:22:39]   [48/390 · 12%] idx=719: ✅REAL max=0.450 (44198ms) ETA=21262s
[2026-04-27 12:23:25]   [49/390 · 13%] idx=733: ✅REAL max=0.520 (45115ms) ETA=21088s
[2026-04-27 12:24:32]   [50/390 · 13%] idx=747: ✅REAL max=0.550 (65343ms) ETA=21057s
[2026-04-27 12:28:45]   [51/390 · 13%] idx=771: ✅REAL max=0.510 (43159ms) ETA=22263s
[2026-04-27 12:29:23]   [52/390 · 13%] idx=777: ✅REAL max=0.260 (37018ms) ETA=22018s
[2026-04-27 12:31:49]   [53/390 · 14%] idx=791: ✅REAL max=0.312 (54701ms) ETA=22469s
[2026-04-27 12:32:32]   [54/390 · 14%] idx=799: ✅REAL max=0.800 (41789ms) ETA=22254s
[2026-04-27 12:33:07]   [55/390 · 14%] idx=806: ✅REAL max=0.300 (34148ms) ETA=21998s
[2026-04-27 12:34:11]   [56/390 · 14%] idx=810: ✅REAL max=0.440 (63310ms) ETA=21924s
[2026-04-27 12:35:01]   [57/390 · 15%] idx=814: ✅REAL max=0.420 (49254ms) ETA=21769s
[2026-04-27 12:35:57]   [58/390 · 15%] idx=821: ✅REAL max=0.350 (54813ms) ETA=21649s
[2026-04-27 12:36:57]   [59/390 · 15%] idx=822: ✅REAL max=0.550 (58596ms) ETA=21552s
[2026-04-27 12:37:35]   [60/390 · 15%] idx=831: ✅REAL max=0.556 (37545ms) ETA=21341s
[2026-04-27 12:37:35]   💾 [60/390] 进度已保存
[2026-04-27 12:38:17]   [61/390 · 16%] idx=835: ✅REAL max=0.520 (40208ms) ETA=21150s
[2026-04-27 12:38:44]   [62/390 · 16%] idx=851: ✅REAL max=0.550 (26675ms) ETA=20892s
[2026-04-27 12:40:13]   [63/390 · 16%] idx=856: ✅REAL max=0.700 (87960ms) ETA=20959s
[2026-04-27 12:41:16]   [64/390 · 16%] idx=865: ✅REAL max=0.350 (62079ms) ETA=20890s
[2026-04-27 12:41:41]   [65/390 · 17%] idx=872: ✅REAL max=0.693 (23211ms) ETA=20627s
[2026-04-27 12:42:18]   [66/390 · 17%] idx=878: ✅REAL max=0.540 (35985ms) ETA=20433s
[2026-04-27 12:43:34]   [67/390 · 17%] idx=892: ✅REAL max=0.400 (75958ms) ETA=20437s
[2026-04-27 12:44:29]   [68/390 · 17%] idx=920: ✅REAL max=0.200 (53232ms) ETA=20331s
[2026-04-27 12:46:04]   [69/390 · 18%] idx=921: ✅REAL max=0.350 (94316ms) ETA=20418s
[2026-04-27 12:46:59]   [70/390 · 18%] idx=924: ✅REAL max=0.800 (53511ms) ETA=20312s
[2026-04-27 12:47:35]   [71/390 · 18%] idx=927: ✅REAL max=0.350 (35439ms) ETA=20128s
[2026-04-27 12:48:36]   [72/390 · 18%] idx=938: ✅REAL max=0.300 (59741ms) ETA=20054s
[2026-04-27 12:49:37]   [73/390 · 19%] idx=941: ✅REAL max=0.530 (59800ms) ETA=19981s
[2026-04-27 12:50:43]   [74/390 · 19%] idx=951: ✅REAL max=0.280 (65844ms) ETA=19934s
[2026-04-27 12:51:49]   [75/390 · 19%] idx=978: ✅REAL max=0.250 (64802ms) ETA=19883s
[2026-04-27 12:52:34]   [76/390 · 19%] idx=1008: ✅REAL max=0.550 (43351ms) ETA=19742s
[2026-04-27 12:53:46]   [77/390 · 20%] idx=1021: ✅REAL max=0.450 (71247ms) ETA=19717s
[2026-04-27 12:55:34]   [78/390 · 20%] idx=1024: ✅REAL max=0.400 (107617ms) ETA=19837s
[2026-04-27 12:56:20]   [79/390 · 20%] idx=1028: ✅REAL max=0.700 (44234ms) ETA=19701s
[2026-04-27 12:57:08]   [80/390 · 21%] idx=1030: ✅REAL max=0.450 (47117ms) ETA=19579s
[2026-04-27 12:57:08]   💾 [80/390] 进度已保存
[2026-04-27 12:58:39]   [81/390 · 21%] idx=1034: ✅REAL max=0.280 (89755ms) ETA=19621s
[2026-04-27 12:59:40]   [82/390 · 21%] idx=1046: ✅REAL max=0.640 (60323ms) ETA=19549s
[2026-04-27 13:00:46]   [83/390 · 21%] idx=1053: ✅REAL max=0.370 (64660ms) ETA=19494s
[2026-04-27 13:01:45]   [84/390 · 22%] idx=1080: ✅REAL max=0.540 (58113ms) ETA=19414s
[2026-04-27 13:11:37] [Proc 5] 启动，25秒后开始（避免并发冲突）
[2026-04-27 13:12:02] [数据] 从缓存加载: X_tr=/home/fandy/workplace/thesis/results/soft_labels/kuhar_X_tr.npy
[2026-04-27 13:12:02] [Proc 5] 类 5 (Lay): 5395样本, 目标400, 已有94, 需生成306
[2026-04-27 13:12:47]   [1/306 · 0%] idx=1089: ✅REAL max=0.410 (44424ms) ETA=13550s
[2026-04-27 13:13:24]   [2/306 · 1%] idx=1099: ✅REAL max=0.350 (36533ms) ETA=12460s
[2026-04-27 13:14:02]   [3/306 · 1%] idx=1108: ✅REAL max=0.702 (37216ms) ETA=12140s
[2026-04-27 13:14:36]   [4/306 · 1%] idx=1111: ✅REAL max=0.650 (33203ms) ETA=11657s
[2026-04-27 13:15:26]   [5/306 · 2%] idx=1120: ✅REAL max=0.400 (48155ms) ETA=12255s
[2026-04-27 13:16:08]   [6/306 · 2%] idx=1136: ✅REAL max=0.600 (41276ms) ETA=12292s
[2026-04-27 13:16:41]   [7/306 · 2%] idx=1148: ✅REAL max=0.600 (31844ms) ETA=11904s
[2026-04-27 13:17:48]   [8/306 · 3%] idx=1156: ✅REAL max=0.461 (65832ms) ETA=12871s
[2026-04-27 13:19:02]   [9/306 · 3%] idx=1160: ✅REAL max=0.340 (73552ms) ETA=13863s
[2026-04-27 13:21:16]   [10/306 · 3%] idx=1169: ✅REAL max=0.280 (34870ms) ETA=16393s
[2026-04-27 13:24:00]   [11/306 · 4%] idx=1170: ✅REAL max=0.300 (163422ms) ETA=19262s
[2026-04-27 13:25:04]   [12/306 · 4%] idx=1176: ✅REAL max=0.440 (62530ms) ETA=19154s
[2026-04-27 13:26:08]   [13/306 · 4%] idx=1186: ✅REAL max=0.350 (62761ms) ETA=19057s
[2026-04-27 13:28:47]   [14/306 · 5%] idx=1208: ✅REAL max=0.340 (158062ms) ETA=20953s
[2026-04-27 13:29:43]   [15/306 · 5%] idx=1216: ✅REAL max=0.300 (55045ms) ETA=20577s
[2026-04-27 13:32:35]   [16/306 · 5%] idx=1240: ✅REAL max=0.650 (171153ms) ETA=22345s
[2026-04-27 13:33:26]   [17/306 · 6%] idx=1292: ✅REAL max=0.465 (50371ms) ETA=21831s
[2026-04-27 13:34:29]   [18/306 · 6%] idx=1321: ✅REAL max=0.200 (61959ms) ETA=21555s
[2026-04-27 13:35:37]   [19/306 · 6%] idx=1326: ✅REAL max=0.440 (66307ms) ETA=21366s
[2026-04-27 13:38:12]   [20/306 · 7%] idx=1344: ✅REAL max=0.539 (77598ms) ETA=22452s
[2026-04-27 13:38:12]   💾 [20/306] 进度已保存
[2026-04-27 13:39:25]   [21/306 · 7%] idx=1354: ✅REAL max=0.350 (71360ms) ETA=22290s
[2026-04-27 13:40:26]   [22/306 · 7%] idx=1366: ✅REAL max=0.450 (60906ms) ETA=22002s
[2026-04-27 13:41:26]   [23/306 · 8%] idx=1402: ✅REAL max=0.540 (58354ms) ETA=21701s
[2026-04-27 13:42:47]   [24/306 · 8%] idx=1423: ✅REAL max=0.400 (80501ms) ETA=21681s
[2026-04-27 13:44:27]   [25/306 · 8%] idx=1436: ✅REAL max=0.400 (98712ms) ETA=21861s
[2026-04-27 13:45:21]   [26/306 · 8%] idx=1446: ✅REAL max=0.380 (53028ms) ETA=21527s
[2026-04-27 13:46:29]   [27/306 · 9%] idx=1462: ✅REAL max=0.613 (67388ms) ETA=21363s
[2026-04-27 13:47:03]   [28/306 · 9%] idx=1504: ✅REAL max=0.545 (32916ms) ETA=20863s
[2026-04-27 13:47:39]   [29/306 · 9%] idx=1506: ✅REAL max=0.860 (34347ms) ETA=20409s
[2026-04-27 13:49:03]   [30/306 · 10%] idx=1538: ✅REAL max=0.565 (83211ms) ETA=20432s
[2026-04-27 13:49:53]   [31/306 · 10%] idx=1545: ✅REAL max=0.700 (48858ms) ETA=20143s
[2026-04-27 13:50:31]   [32/306 · 10%] idx=1549: ✅REAL max=0.550 (37128ms) ETA=19769s
[2026-04-27 13:52:05]   [33/306 · 11%] idx=1550: ✅REAL max=0.420 (92981ms) ETA=19878s
[2026-04-27 13:53:48]   [34/306 · 11%] idx=1554: ✅REAL max=0.780 (102216ms) ETA=20048s
[2026-04-27 13:54:23]   [35/306 · 11%] idx=1565: ✅REAL max=0.580 (33574ms) ETA=19672s
[2026-04-27 13:55:42]   [36/306 · 12%] idx=1580: ✅REAL max=0.303 (77947ms) ETA=19647s
[2026-04-27 13:56:30]   [37/306 · 12%] idx=1583: ✅REAL max=0.270 (47046ms) ETA=19394s
[2026-04-27 13:57:54]   [38/306 · 12%] idx=1585: ✅REAL max=0.500 (83731ms) ETA=19411s
[2026-04-27 13:58:59]   [39/306 · 13%] idx=1586: ✅REAL max=0.395 (63691ms) ETA=19286s
[2026-04-27 14:00:30]   [40/306 · 13%] idx=1606: ✅REAL max=0.440 (89661ms) ETA=19336s
[2026-04-27 14:00:30]   💾 [40/306] 进度已保存
[2026-04-27 14:01:49]   [41/306 · 13%] idx=1619: ✅REAL max=0.300 (78191ms) ETA=19306s
[2026-04-27 14:03:02]   [42/306 · 14%] idx=1630: ✅REAL max=0.253 (72101ms) ETA=19235s
[2026-04-27 14:04:08]   [43/306 · 14%] idx=1633: ✅REAL max=0.490 (64706ms) ETA=19118s
[2026-04-27 14:05:42]   [44/306 · 14%] idx=1645: ✅REAL max=0.690 (93016ms) ETA=19172s
[2026-04-27 14:06:56]   [45/306 · 15%] idx=1647: ✅REAL max=0.200 (72995ms) ETA=19104s
[2026-04-27 14:08:44]   [46/306 · 15%] idx=1655: ✅REAL max=0.550 (107553ms) ETA=19231s
[2026-04-27 14:09:42]   [47/306 · 15%] idx=1659: ✅REAL max=0.450 (56522ms) ETA=19066s
[2026-04-27 14:10:24]   [48/306 · 16%] idx=1664: ✅REAL max=0.800 (41460ms) ETA=18825s
[2026-04-27 14:11:25]   [49/306 · 16%] idx=1680: ✅REAL max=0.450 (59667ms) ETA=18688s
[2026-04-27 14:12:36]   [50/306 · 16%] idx=1687: ✅REAL max=0.300 (69807ms) ETA=18605s
[2026-04-27 14:13:53]   [51/306 · 17%] idx=1693: ✅REAL max=0.550 (75994ms) ETA=18554s
[2026-04-27 14:15:03]   [52/306 · 17%] idx=1712: ✅REAL max=0.450 (69107ms) ETA=18468s
[2026-04-27 14:15:43]   [53/306 · 17%] idx=1722: ✅REAL max=0.750 (39142ms) ETA=18240s
[2026-04-27 14:16:56]   [54/306 · 18%] idx=1732: ✅REAL max=0.450 (71936ms) ETA=18172s
[2026-04-27 14:17:46]   [55/306 · 18%] idx=1760: ✅REAL max=0.470 (49059ms) ETA=17999s
[2026-04-27 14:19:16]   [56/306 · 18%] idx=1781: ✅REAL max=0.451 (88976ms) ETA=18009s
[2026-04-27 14:20:30]   [57/306 · 19%] idx=1796: ✅REAL max=0.620 (72547ms) ETA=17944s
[2026-04-27 14:21:12]   [58/306 · 19%] idx=1802: ✅REAL max=0.650 (41750ms) ETA=17746s
[2026-04-27 14:21:58]   [59/306 · 19%] idx=1804: ✅REAL max=0.500 (44812ms) ETA=17567s
[2026-04-27 14:24:18]   [60/306 · 20%] idx=1826: ✅REAL max=0.370 (62628ms) ETA=17778s
[2026-04-27 14:24:18]   💾 [60/306] 进度已保存
[2026-04-27 14:25:23]   [61/306 · 20%] idx=1828: ✅REAL max=0.520 (63485ms) ETA=17675s
[2026-04-27 14:27:59]   [62/306 · 20%] idx=1848: ✅REAL max=0.495 (58429ms) ETA=17932s
[2026-04-27 14:28:49]   [63/306 · 21%] idx=1855: ✅REAL max=0.870 (49016ms) ETA=17768s
[2026-04-27 14:29:21]   [64/306 · 21%] idx=1856: ✅REAL max=0.850 (31863ms) ETA=17542s
[2026-04-27 14:30:44]   [65/306 · 21%] idx=1864: ✅REAL max=0.300 (82051ms) ETA=17509s
[2026-04-27 14:31:39]   [66/306 · 22%] idx=1887: ✅REAL max=0.710 (53751ms) ETA=17371s
[2026-04-27 14:32:29]   [67/306 · 22%] idx=1896: ✅REAL max=0.700 (49258ms) ETA=17220s
[2026-04-27 14:37:08]   [68/306 · 22%] idx=1898: ✅REAL max=0.440 (60765ms) ETA=17871s
[2026-04-27 14:40:19]   [69/306 · 23%] idx=1900: ✅REAL max=0.570 (190019ms) ETA=18194s
[2026-04-27 14:41:26]   [70/306 · 23%] idx=1902: ✅REAL max=0.600 (65676ms) ETA=18083s
[2026-04-27 14:44:04]   [71/306 · 23%] idx=1914: ✅REAL max=0.700 (157048ms) ETA=18276s
[2026-04-27 14:44:55]   [72/306 · 24%] idx=1938: ✅REAL max=0.250 (50662ms) ETA=18113s
[2026-04-27 14:45:44]   [73/306 · 24%] idx=1963: ✅REAL max=0.300 (47315ms) ETA=17943s
[2026-04-27 14:46:46]   [74/306 · 24%] idx=2002: ✅REAL max=0.350 (61326ms) ETA=17820s
[2026-04-27 14:47:52]   [75/306 · 25%] idx=2005: ✅REAL max=0.560 (64584ms) ETA=17709s
[2026-04-27 14:48:50]   [76/306 · 25%] idx=2042: ✅REAL max=0.420 (56895ms) ETA=17575s
[2026-04-27 14:50:13]   [77/306 · 25%] idx=2051: ✅REAL max=0.860 (82288ms) ETA=17519s
[2026-04-27 14:51:20]   [78/306 · 25%] idx=2063: ✅REAL max=0.260 (66036ms) ETA=17415s
[2026-04-27 14:52:12]   [79/306 · 26%] idx=2064: ✅REAL max=0.400 (51145ms) ETA=17269s
[2026-04-27 14:54:04]   [80/306 · 26%] idx=2065: ✅REAL max=0.700 (110508ms) ETA=17293s
[2026-04-27 14:54:04]   💾 [80/306] 进度已保存
[2026-04-27 14:55:12]   [81/306 · 26%] idx=2081: ✅REAL max=0.500 (67384ms) ETA=17194s
[2026-04-27 14:58:02]   [82/306 · 27%] idx=2085: ✅REAL max=0.590 (78997ms) ETA=17372s
[2026-04-27 14:59:05]   [83/306 · 27%] idx=2086: ✅REAL max=0.550 (62071ms) ETA=17256s
[2026-04-27 14:59:45]   [84/306 · 27%] idx=2104: ✅REAL max=0.200 (39062ms) ETA=17080s
[2026-04-27 15:02:01]   [85/306 · 28%] idx=2105: ✅REAL max=0.350 (69159ms) ETA=17157s
[2026-04-27 15:03:08]   [86/306 · 28%] idx=2120: ✅REAL max=0.430 (65893ms) ETA=17052s
[2026-04-27 15:05:47]   [87/306 · 28%] idx=2129: ✅REAL max=0.580 (65339ms) ETA=17181s
[2026-04-27 15:07:16]   [88/306 · 29%] idx=2139: ✅REAL max=0.550 (87894ms) ETA=17128s
[2026-04-27 15:08:20]   [89/306 · 29%] idx=2168: ✅REAL max=0.350 (62810ms) ETA=17014s
[2026-04-27 15:09:22]   [90/306 · 29%] idx=2169: ✅REAL max=0.700 (60460ms) ETA=16895s
[2026-04-27 15:11:19]   [91/306 · 30%] idx=2170: ✅REAL max=0.743 (116167ms) ETA=16908s
[2026-04-27 15:12:40]   [92/306 · 30%] idx=2175: ✅REAL max=0.380 (80143ms) ETA=16836s
[2026-04-27 15:13:22]   [93/306 · 30%] idx=2191: ✅REAL max=0.450 (41122ms) ETA=16673s
[2026-04-27 15:14:06]   [94/306 · 31%] idx=2200: ✅REAL max=0.468 (43079ms) ETA=16518s
[2026-04-27 15:14:49]   [95/306 · 31%] idx=2208: ✅REAL max=0.350 (42167ms) ETA=16363s
[2026-04-27 15:15:24]   [96/306 · 31%] idx=2228: ✅REAL max=0.540 (34055ms) ETA=16192s
[2026-04-27 15:16:19]   [97/306 · 32%] idx=2241: ✅REAL max=0.800 (53504ms) ETA=16067s
[2026-04-27 15:17:20]   [98/306 · 32%] idx=2247: ✅REAL max=0.190 (60457ms) ETA=15957s
[2026-04-27 15:18:53]   [99/306 · 32%] idx=2250: ✅REAL max=0.441 (91816ms) ETA=15914s
[2026-04-27 15:19:57]   [100/306 · 33%] idx=2251: ✅REAL max=0.280 (62792ms) ETA=15810s
[2026-04-27 15:19:57]   💾 [100/306] 进度已保存
[2026-04-27 15:20:47]   [101/306 · 33%] idx=2264: ✅REAL max=0.780 (48777ms) ETA=15679s
[2026-04-27 15:21:30]   [102/306 · 33%] idx=2299: ✅REAL max=0.500 (42712ms) ETA=15537s
[2026-04-27 15:22:41]   [103/306 · 34%] idx=2310: ✅REAL max=0.450 (70082ms) ETA=15450s
[2026-04-27 15:24:14]   [104/306 · 34%] idx=2321: ✅REAL max=0.525 (91707ms) ETA=15407s
[2026-04-27 15:25:05]   [105/306 · 34%] idx=2330: ✅REAL max=0.700 (49614ms) ETA=15281s
[2026-04-27 15:26:00]   [106/306 · 35%] idx=2331: ✅REAL max=0.800 (54565ms) ETA=15167s
[2026-04-27 15:27:05]   [107/306 · 35%] idx=2337: ✅REAL max=0.680 (63271ms) ETA=15069s
[2026-04-27 15:27:59]   [108/306 · 35%] idx=2341: ✅REAL max=0.610 (53776ms) ETA=14955s
[2026-04-27 15:28:55]   [109/306 · 36%] idx=2383: ✅REAL max=0.400 (54620ms) ETA=14844s
[2026-04-27 15:29:57]   [110/306 · 36%] idx=2391: ✅REAL max=0.450 (60912ms) ETA=14744s
[2026-04-27 15:31:06]   [111/306 · 36%] idx=2397: ✅REAL max=0.200 (67969ms) ETA=14658s
[2026-04-27 15:32:10]   [112/306 · 37%] idx=2400: ✅REAL max=0.420 (62744ms) ETA=14563s
[2026-04-27 15:33:52]   [113/306 · 37%] idx=2414: ✅REAL max=0.510 (101729ms) ETA=14535s
[2026-04-27 15:34:42]   [114/306 · 37%] idx=2434: ✅REAL max=0.870 (48377ms) ETA=14416s
[2026-04-27 15:35:25]   [115/306 · 38%] idx=2461: ✅REAL max=0.400 (42625ms) ETA=14289s
[2026-04-27 15:37:43]   [116/306 · 38%] idx=2462: ✅REAL max=0.550 (59577ms) ETA=14317s
[2026-04-27 15:39:06]   [117/306 · 38%] idx=2470: ✅REAL max=0.510 (82062ms) ETA=14254s
[2026-04-27 15:40:08]   [118/306 · 39%] idx=2484: ✅REAL max=0.450 (60701ms) ETA=14157s
[2026-04-27 15:41:40]   [119/306 · 39%] idx=2492: ✅REAL max=0.450 (91553ms) ETA=14108s
[2026-04-27 15:43:14]   [120/306 · 39%] idx=2497: ✅REAL max=0.550 (93005ms) ETA=14062s
[2026-04-27 15:43:14]   💾 [120/306] 进度已保存
[2026-04-27 15:44:36]   [121/306 · 40%] idx=2534: ✅REAL max=0.300 (80547ms) ETA=13995s
[2026-04-27 15:45:23]   [122/306 · 40%] idx=2552: ✅REAL max=0.556 (46012ms) ETA=13876s
[2026-04-27 15:48:18]   [123/306 · 40%] idx=2554: ✅REAL max=0.800 (174230ms) ETA=13950s
[2026-04-27 15:51:06]   [124/306 · 41%] idx=2560: ✅REAL max=0.300 (96315ms) ETA=14007s
[2026-04-27 15:52:03]   [125/306 · 41%] idx=2561: ✅REAL max=0.465 (55971ms) ETA=13901s
[2026-04-27 15:53:04]   [126/306 · 41%] idx=2562: ✅REAL max=0.282 (60539ms) ETA=13803s
[2026-04-27 15:54:33]   [127/306 · 42%] idx=2564: ✅REAL max=0.480 (88386ms) ETA=13744s
[2026-04-27 15:55:25]   [128/306 · 42%] idx=2565: ✅REAL max=0.450 (50111ms) ETA=13632s
[2026-04-27 15:56:27]   [129/306 · 42%] idx=2568: ✅REAL max=0.610 (60905ms) ETA=13535s
[2026-04-27 15:58:38]   [130/306 · 42%] idx=2569: ✅REAL max=0.650 (61189ms) ETA=13532s
[2026-04-27 16:01:23]   [131/306 · 43%] idx=2582: ✅REAL max=0.700 (72565ms) ETA=13573s
[2026-04-27 16:02:41]   [132/306 · 43%] idx=2599: ✅REAL max=0.550 (77083ms) ETA=13496s
[2026-04-27 16:03:41]   [133/306 · 43%] idx=2608: ✅REAL max=0.657 (59746ms) ETA=13397s
[2026-04-27 16:04:24]   [134/306 · 44%] idx=2617: ✅REAL max=0.755 (41426ms) ETA=13275s
[2026-04-27 16:05:16]   [135/306 · 44%] idx=2619: ✅REAL max=0.680 (51560ms) ETA=13166s
[2026-04-27 16:08:54]   [136/306 · 44%] idx=2627: ✅REAL max=0.450 (216528ms) ETA=13265s
[2026-04-27 16:10:40]   [137/306 · 45%] idx=2639: ✅REAL max=0.350 (104903ms) ETA=13221s
[2026-04-27 16:11:33]   [138/306 · 45%] idx=2640: ✅REAL max=0.370 (51615ms) ETA=13112s
[2026-04-27 16:13:01]   [139/306 · 45%] idx=2648: ✅REAL max=0.550 (87837ms) ETA=13047s
[2026-04-27 16:14:05]   [140/306 · 46%] idx=2655: ✅REAL max=0.350 (62365ms) ETA=12951s
[2026-04-27 16:14:05]   💾 [140/306] 进度已保存
[2026-04-27 16:15:09]   [141/306 · 46%] idx=2662: ✅REAL max=0.560 (63144ms) ETA=12857s
[2026-04-27 16:16:57]   [142/306 · 46%] idx=2670: ✅REAL max=0.430 (107492ms) ETA=12814s
[2026-04-27 16:18:02]   [143/306 · 47%] idx=2684: ✅REAL max=0.573 (63906ms) ETA=12721s
[2026-04-27 16:19:23]   [144/306 · 47%] idx=2700: ✅REAL max=0.556 (79590ms) ETA=12646s
[2026-04-27 16:20:24]   [145/306 · 47%] idx=2703: ✅REAL max=0.340 (60506ms) ETA=12549s
[2026-04-27 16:21:36]   [146/306 · 48%] idx=2716: ✅REAL max=0.350 (70131ms) ETA=12464s
[2026-04-27 16:22:28]   [147/306 · 48%] idx=2717: ✅REAL max=0.730 (51588ms) ETA=12359s
[2026-04-27 16:23:26]   [148/306 · 48%] idx=2718: ✅REAL max=0.460 (56962ms) ETA=12260s
[2026-04-27 16:24:29]   [149/306 · 49%] idx=2732: ✅REAL max=0.450 (61922ms) ETA=12167s
[2026-04-27 16:25:34]   [150/306 · 49%] idx=2733: ✅REAL max=0.355 (64184ms) ETA=12077s
[2026-04-27 16:26:55]   [151/306 · 49%] idx=2740: ✅REAL max=0.580 (80081ms) ETA=12003s
[2026-04-27 16:28:44]   [152/306 · 50%] idx=2749: ✅REAL max=0.300 (107786ms) ETA=11957s
[2026-04-27 16:29:20]   [153/306 · 50%] idx=2768: ✅REAL max=0.550 (34479ms) ETA=11837s
[2026-04-27 16:31:08]   [154/306 · 50%] idx=2772: ✅REAL max=0.450 (52997ms) ETA=11790s
[2026-04-27 16:32:12]   [155/306 · 51%] idx=2773: ✅REAL max=0.540 (63709ms) ETA=11700s
[2026-04-27 16:33:30]   [156/306 · 51%] idx=2789: ✅REAL max=0.330 (76591ms) ETA=11623s
[2026-04-27 16:34:15]   [157/306 · 51%] idx=2802: ✅REAL max=0.850 (38279ms) ETA=11513s
[2026-04-27 16:50:02] [Proc 5] 启动，25秒后开始（避免并发冲突）
[2026-04-27 16:50:27] [数据] 从缓存加载: X_tr=/home/fandy/workplace/thesis/results/soft_labels/kuhar_X_tr.npy
[2026-04-27 16:50:27] [Proc 5] 类 5 (Lay): 5395样本, 目标400, 已有251, 需生成149
[2026-04-27 16:51:31]   [1/149 · 1%] idx=2816: ✅REAL max=0.350 (63995ms) ETA=9471s
[2026-04-27 16:52:30]   [2/149 · 1%] idx=2819: ✅REAL max=0.600 (58425ms) ETA=9072s
[2026-04-27 16:53:09]   [3/149 · 2%] idx=2868: ✅REAL max=0.200 (37152ms) ETA=7864s
[2026-04-27 16:56:29]   [4/149 · 3%] idx=2873: ✅REAL max=0.410 (93363ms) ETA=13108s
[2026-04-27 16:57:48]   [5/149 · 3%] idx=2886: ✅REAL max=0.400 (78214ms) ETA=12696s
[2026-04-27 16:58:48]   [6/149 · 4%] idx=2891: ✅REAL max=0.590 (59162ms) ETA=11940s
[2026-04-27 16:59:48]   [7/149 · 5%] idx=2893: ✅REAL max=0.340 (59403ms) ETA=11389s
[2026-04-27 17:00:40]   [8/149 · 5%] idx=2896: ✅REAL max=0.350 (50721ms) ETA=10806s
[2026-04-27 17:01:31]   [9/149 · 6%] idx=2898: ✅REAL max=0.410 (49819ms) ETA=10328s
[2026-04-27 17:02:08]   [10/149 · 7%] idx=2904: ✅REAL max=0.800 (36505ms) ETA=9750s
[2026-04-27 17:03:10]   [11/149 · 7%] idx=2911: ✅REAL max=0.723 (60210ms) ETA=9568s
[2026-04-27 17:04:22]   [12/149 · 8%] idx=2913: ✅REAL max=0.408 (71176ms) ETA=9531s
[2026-04-27 17:05:43]   [13/149 · 9%] idx=2922: ✅REAL max=0.300 (80609ms) ETA=9588s
[2026-04-27 17:06:19]   [14/149 · 9%] idx=2924: ✅REAL max=0.470 (34632ms) ETA=9181s
[2026-04-27 17:07:31]   [15/149 · 10%] idx=2928: ✅REAL max=0.560 (70788ms) ETA=9147s
[2026-04-27 19:02:29] [Proc 5] 启动，25秒后开始（避免并发冲突）
[2026-04-27 19:02:54] [数据] 从缓存加载: X_tr=/home/fandy/workplace/thesis/results/soft_labels/kuhar_X_tr.npy
[2026-04-27 19:02:55] [Proc 5] 类 5 (Lay): 5395样本, 目标400, 已有266, 需生成134
[2026-04-27 19:02:56] [Proc 5] 启动，25秒后开始（避免并发冲突）
[2026-04-27 19:03:21] [数据] 从缓存加载: X_tr=/home/fandy/workplace/thesis/results/soft_labels/kuhar_X_tr.npy
[2026-04-27 19:03:22] [Proc 5] 类 5 (Lay): 5395样本, 目标400, 已有266, 需生成134
[2026-04-27 20:48:23] [Proc 5] 启动，25秒后开始（避免并发冲突）
[2026-04-27 20:48:48] [数据] 从缓存加载: X_tr=/home/fandy/workplace/thesis/results/soft_labels/kuhar_X_tr.npy
[2026-04-27 20:48:48] [Proc 5] 类 5 (Lay): 5395样本, 目标400, 已有266, 需生成134
[2026-04-27 20:48:59] [Proc 5] 启动，25秒后开始（避免并发冲突）
[2026-04-27 20:49:24] [数据] 从缓存加载: X_tr=/home/fandy/workplace/thesis/results/soft_labels/kuhar_X_tr.npy
[2026-04-27 20:49:24] [Proc 5] 类 5 (Lay): 5395样本, 目标400, 已有266, 需生成134
[2026-04-27 20:49:36]   [1/134 · 1%] idx=2942: ✅REAL max=0.257 (47976ms) ETA=6405s
[2026-04-27 20:51:32] [Proc 5] 启动，25秒后开始（避免并发冲突）
[2026-04-27 20:51:57] [数据] 从缓存加载: X_tr=/home/fandy/workplace/thesis/results/soft_labels/kuhar_X_tr.npy
[2026-04-27 20:51:57] [Proc 5] 类 5 (Lay): 5395样本, 目标400, 已有267, 需生成133
[2026-04-27 20:53:01]   [1/133 · 1%] idx=2946: ✅REAL max=0.600 (64193ms) ETA=8474s
[2026-04-27 20:54:03]   [2/133 · 2%] idx=2962: ✅REAL max=0.310 (60942ms) ETA=8262s
[2026-04-27 20:55:11]   [3/133 · 2%] idx=2968: ✅REAL max=0.495 (67134ms) ETA=8419s
[2026-04-27 20:58:32]   [4/133 · 3%] idx=2977: ✅REAL max=0.439 (75083ms) ETA=12727s
[2026-04-27 21:00:07]   [5/133 · 4%] idx=3011: ✅REAL max=0.130 (94846ms) ETA=12556s
[2026-04-27 21:03:03]   [6/133 · 5%] idx=3017: ✅REAL max=0.700 (93398ms) ETA=14099s
[2026-04-27 21:04:12]   [7/133 · 5%] idx=3032: ✅REAL max=0.240 (67805ms) ETA=13228s
[2026-04-27 21:06:06]   [8/133 · 6%] idx=3034: ✅REAL max=0.449 (113576ms) ETA=13273s
[2026-04-27 21:06:50]   [9/133 · 7%] idx=3037: ✅REAL max=0.520 (42964ms) ETA=12310s
[2026-04-27 21:07:49]   [10/133 · 8%] idx=3045: ✅REAL max=0.440 (57397ms) ETA=11708s
[2026-04-27 21:08:41]   [11/133 · 8%] idx=3064: ✅REAL max=0.820 (50760ms) ETA=11131s
[2026-04-27 21:09:40]   [12/133 · 9%] idx=3067: ✅REAL max=0.850 (58837ms) ETA=10723s
[2026-04-27 21:12:56]   [13/133 · 10%] idx=3072: ✅REAL max=0.354 (117268ms) ETA=11624s
[2026-04-27 21:16:11]   [14/133 · 11%] idx=3080: ✅REAL max=0.380 (193908ms) ETA=12361s
[2026-04-27 21:20:20]   [15/133 · 11%] idx=3097: ✅REAL max=0.200 (57268ms) ETA=13397s
[2026-04-27 21:20:55]   [16/133 · 12%] idx=3130: ✅REAL max=0.550 (34006ms) ETA=12709s
[2026-04-27 21:21:56]   [17/133 · 13%] idx=3134: ✅REAL max=0.710 (60516ms) ETA=12279s
[2026-04-27 21:22:36]   [18/133 · 14%] idx=3167: ✅REAL max=0.790 (38582ms) ETA=11750s
[2026-04-27 21:23:45]   [19/133 · 14%] idx=3168: ✅REAL max=0.490 (67817ms) ETA=11448s
[2026-04-27 21:24:15]   [20/133 · 15%] idx=3190: ✅REAL max=0.350 (29528ms) ETA=10953s
[2026-04-27 21:24:15]   💾 [20/133] 进度已保存
[2026-04-27 21:25:17]   [21/133 · 16%] idx=3193: ✅REAL max=0.450 (60414ms) ETA=10666s
[2026-04-27 21:26:01]   [22/133 · 17%] idx=3194: ✅REAL max=0.860 (43504ms) ETA=10315s
[2026-04-27 21:27:27]   [23/133 · 17%] idx=3197: ✅REAL max=0.298 (84714ms) ETA=10188s
[2026-04-27 21:28:16]   [24/133 · 18%] idx=3215: ✅REAL max=0.450 (47938ms) ETA=9897s
[2026-04-27 21:28:47]   [25/133 · 19%] idx=3228: ✅REAL max=0.550 (29651ms) ETA=9546s
[2026-04-27 21:29:38]   [26/133 · 20%] idx=3231: ✅REAL max=0.446 (50581ms) ETA=9306s
[2026-04-27 21:30:16]   [27/133 · 20%] idx=3238: ✅REAL max=0.380 (36772ms) ETA=9026s
[2026-04-27 21:31:03]   [28/133 · 21%] idx=3241: ✅REAL max=0.400 (46212ms) ETA=8799s
[2026-04-27 21:31:39]   [29/133 · 22%] idx=3249: ✅REAL max=0.580 (35145ms) ETA=8544s
[2026-04-27 21:32:04]   [30/133 · 23%] idx=3278: ✅REAL max=0.800 (23166ms) ETA=8263s
[2026-04-27 21:32:35]   [31/133 · 23%] idx=3313: ✅REAL max=0.170 (30406ms) ETA=8022s
[2026-04-27 21:34:01]   [32/133 · 24%] idx=3317: ✅REAL max=0.300 (85193ms) ETA=7967s
[2026-04-27 21:35:32]   [33/133 · 25%] idx=3318: ✅REAL max=0.350 (89966ms) ETA=7925s
[2026-04-27 21:36:33]   [34/133 · 26%] idx=3325: ✅REAL max=0.270 (59688ms) ETA=7792s
[2026-04-27 21:37:43]   [35/133 · 26%] idx=3330: ✅REAL max=0.450 (69642ms) ETA=7690s
[2026-04-27 21:38:20]   [36/133 · 27%] idx=3332: ✅REAL max=0.450 (35746ms) ETA=7500s
[2026-04-27 21:38:57]   [37/133 · 28%] idx=3342: ✅REAL max=0.455 (36247ms) ETA=7318s
[2026-04-27 21:39:39]   [38/133 · 29%] idx=3351: ✅REAL max=0.610 (40314ms) ETA=7155s
[2026-04-27 21:40:39]   [39/133 · 29%] idx=3355: ✅REAL max=0.560 (59362ms) ETA=7043s
[2026-04-27 21:41:36]   [40/133 · 30%] idx=3367: ✅REAL max=0.400 (56039ms) ETA=6927s
[2026-04-27 21:41:36]   💾 [40/133] 进度已保存
[2026-04-27 21:42:38]   [41/133 · 31%] idx=3399: ✅REAL max=0.380 (60365ms) ETA=6823s
[2026-04-27 21:43:54]   [42/133 · 32%] idx=3420: ✅REAL max=0.333 (75568ms) ETA=6754s
[2026-04-27 21:44:53]   [43/133 · 32%] idx=3424: ✅REAL max=0.650 (57662ms) ETA=6647s
[2026-04-27 21:45:39]   [44/133 · 33%] idx=3429: ✅REAL max=0.450 (44694ms) ETA=6517s
[2026-04-27 21:46:42]   [45/133 · 34%] idx=3430: ✅REAL max=0.150 (62753ms) ETA=6425s
[2026-04-27 21:47:43]   [46/133 · 35%] idx=3450: ✅REAL max=0.430 (60176ms) ETA=6329s
[2026-04-27 21:49:17]   [47/133 · 35%] idx=3462: ✅REAL max=0.400 (92216ms) ETA=6294s
[2026-04-27 21:51:51]   [48/133 · 36%] idx=3501: ✅REAL max=0.909 (152988ms) ETA=6364s
[2026-04-27 21:52:49]   [49/133 · 37%] idx=3509: ✅REAL max=0.343 (57669ms) ETA=6261s
[2026-04-27 21:53:40]   [50/133 · 38%] idx=3512: ✅REAL max=0.350 (50064ms) ETA=6148s
[2026-04-27 21:56:01]   [51/133 · 38%] idx=3515: ✅REAL max=0.419 (57552ms) ETA=6180s
[2026-04-27 21:56:35]   [52/133 · 39%] idx=3550: ✅REAL max=0.700 (33087ms) ETA=6040s
[2026-04-27 21:57:22]   [53/133 · 40%] idx=3555: ✅REAL max=0.500 (45910ms) ETA=5924s
[2026-04-27 21:57:48]   [54/133 · 41%] idx=3562: ✅REAL max=0.429 (25562ms) ETA=5780s
[2026-04-27 21:58:52]   [55/133 · 41%] idx=3581: ✅REAL max=0.521 (63250ms) ETA=5695s
[2026-04-27 21:59:21]   [56/133 · 42%] idx=3586: ✅REAL max=0.600 (27504ms) ETA=5560s
[2026-04-27 22:00:03]   [57/133 · 43%] idx=3588: ✅REAL max=0.556 (41483ms) ETA=5449s
[2026-04-27 22:03:35]   [58/133 · 44%] idx=3600: ✅REAL max=0.590 (210564ms) ETA=5558s
[2026-04-27 22:04:20]   [59/133 · 44%] idx=3650: ✅REAL max=0.270 (43810ms) ETA=5447s
[2026-04-27 22:04:53]   [60/133 · 45%] idx=3680: ✅REAL max=0.370 (32299ms) ETA=5324s
[2026-04-27 22:04:53]   💾 [60/133] 进度已保存
[2026-04-27 22:07:10]   [61/133 · 46%] idx=3692: ✅REAL max=0.300 (49767ms) ETA=5326s
[2026-04-27 22:08:02]   [62/133 · 47%] idx=3693: ✅REAL max=0.340 (51413ms) ETA=5228s
[2026-04-27 22:08:48]   [63/133 · 47%] idx=3708: ✅REAL max=0.450 (44642ms) ETA=5123s
[2026-04-27 22:09:46]   [64/133 · 48%] idx=3721: ✅REAL max=0.330 (57178ms) ETA=5034s
[2026-04-27 22:10:37]   [65/133 · 49%] idx=3727: ✅REAL max=0.313 (50216ms) ETA=4938s
[2026-04-27 22:11:19]   [66/133 · 50%] idx=3743: ✅REAL max=0.307 (40454ms) ETA=4834s
[2026-04-27 22:12:08]   [67/133 · 50%] idx=3745: ✅REAL max=0.380 (48558ms) ETA=4739s
[2026-04-27 22:14:39]   [68/133 · 51%] idx=3746: ✅REAL max=0.350 (78015ms) ETA=4743s
[2026-04-27 22:16:10]   [69/133 · 52%] idx=3753: ✅REAL max=0.530 (89797ms) ETA=4687s
[2026-04-27 22:16:56]   [70/133 · 53%] idx=3765: ✅REAL max=0.400 (45129ms) ETA=4589s
[2026-04-27 22:17:58]   [71/133 · 53%] idx=3783: ✅REAL max=0.550 (61275ms) ETA=4507s
[2026-04-27 22:18:51]   [72/133 · 54%] idx=3789: ✅REAL max=0.750 (51913ms) ETA=4417s
[2026-04-27 22:19:54]   [73/133 · 55%] idx=3793: ✅REAL max=0.400 (62531ms) ETA=4338s
[2026-04-27 22:21:08]   [74/133 · 56%] idx=3799: ✅REAL max=0.374 (72865ms) ETA=4267s
[2026-04-27 22:21:45]   [75/133 · 56%] idx=3811: ✅REAL max=0.600 (35608ms) ETA=4167s
[2026-04-27 22:22:09]   [76/133 · 57%] idx=3834: ✅REAL max=0.500 (22859ms) ETA=4059s
[2026-04-27 22:23:25]   [77/133 · 58%] idx=3844: ✅REAL max=0.660 (75077ms) ETA=3991s
[2026-04-27 22:23:58]   [78/133 · 59%] idx=3854: ✅REAL max=0.720 (32342ms) ETA=3893s
[2026-04-27 22:24:53]   [79/133 · 59%] idx=3870: ✅REAL max=0.342 (54072ms) ETA=3812s
[2026-04-27 22:25:40]   [80/133 · 60%] idx=3873: ✅REAL max=0.630 (45941ms) ETA=3725s
[2026-04-27 22:25:40]   💾 [80/133] 进度已保存
[2026-04-27 22:26:22]   [81/133 · 61%] idx=3883: ✅REAL max=0.410 (40483ms) ETA=3637s
[2026-04-27 22:26:57]   [82/133 · 62%] idx=3915: ✅REAL max=0.450 (34283ms) ETA=3545s
[2026-04-27 22:27:22]   [83/133 · 62%] idx=3941: ✅REAL max=0.650 (23515ms) ETA=3449s
[2026-04-27 22:30:13]   [84/133 · 63%] idx=3944: ✅REAL max=0.550 (78455ms) ETA=3440s
[2026-04-27 22:31:05]   [85/133 · 64%] idx=3950: ✅REAL max=0.680 (50176ms) ETA=3359s
[2026-04-27 22:31:54]   [86/133 · 65%] idx=3970: ✅REAL max=0.500 (48275ms) ETA=3277s
[2026-04-27 22:32:44]   [87/133 · 65%] idx=3974: ✅REAL max=0.700 (49339ms) ETA=3197s
[2026-04-27 22:33:19]   [88/133 · 66%] idx=3990: ✅REAL max=0.335 (33993ms) ETA=3110s
[2026-04-27 22:35:09]   [89/133 · 67%] idx=4024: ✅REAL max=0.300 (108995ms) ETA=3061s
[2026-04-27 22:35:51]   [90/133 · 68%] idx=4033: ✅REAL max=0.390 (40252ms) ETA=2978s
[2026-04-27 22:36:59]   [91/133 · 68%] idx=4037: ✅REAL max=0.450 (67234ms) ETA=2909s
[2026-04-27 22:38:03]   [92/133 · 69%] idx=4052: ✅REAL max=0.443 (63593ms) ETA=2837s
[2026-04-27 22:38:49]   [93/133 · 70%] idx=4082: ✅REAL max=0.550 (44189ms) ETA=2758s
[2026-04-27 22:39:39]   [94/133 · 71%] idx=4108: ✅REAL max=0.580 (49591ms) ETA=2681s
[2026-04-27 22:42:37]   [95/133 · 71%] idx=4109: ✅REAL max=0.700 (107457ms) ETA=2656s
[2026-04-27 22:43:24]   [96/133 · 72%] idx=4111: ✅REAL max=0.780 (46252ms) ETA=2577s
[2026-04-27 22:47:18]   ⚠️ idx=4124 API彻底失败，标记为耗尽，设置one-hot
[2026-04-27 22:48:05]   [97/133 · 73%] idx=4137: ✅REAL max=0.495 (46642ms) ETA=2586s
[2026-04-27 22:48:55]   [98/133 · 74%] idx=4163: ✅REAL max=0.730 (48996ms) ETA=2507s
[2026-04-27 22:49:47]   [99/133 · 74%] idx=4169: ✅REAL max=0.350 (51312ms) ETA=2428s
[2026-04-27 22:50:44]   [100/133 · 75%] idx=4189: ✅REAL max=0.403 (56076ms) ETA=2352s
[2026-04-27 22:50:45]   💾 [100/133] 进度已保存
[2026-04-27 22:51:42]   [101/133 · 76%] idx=4218: ✅REAL max=0.280 (56056ms) ETA=2276s
[2026-04-27 22:52:37]   [102/133 · 77%] idx=4219: ✅REAL max=0.350 (54544ms) ETA=2200s
[2026-04-27 22:53:21]   [103/133 · 77%] idx=4220: ✅REAL max=0.550 (42594ms) ETA=2121s
[2026-04-27 22:54:04]   [104/133 · 78%] idx=4255: ✅REAL max=0.700 (42382ms) ETA=2043s
[2026-04-27 22:56:04]   [105/133 · 79%] idx=4257: ✅REAL max=0.450 (53164ms) ETA=1986s
[2026-04-27 22:59:18]   [106/133 · 80%] idx=4261: ✅REAL max=0.565 (193831ms) ETA=1946s
[2026-04-27 23:00:07]   [107/133 · 80%] idx=4267: ✅REAL max=0.440 (47450ms) ETA=1869s
[2026-04-27 23:01:10]   [108/133 · 81%] idx=4283: ✅REAL max=0.320 (61938ms) ETA=1795s
[2026-04-27 23:01:56]   [109/133 · 82%] idx=4287: ✅REAL max=0.495 (45360ms) ETA=1717s
[2026-04-27 23:03:09]   [110/133 · 83%] idx=4303: ✅REAL max=0.440 (72153ms) ETA=1646s
[2026-04-27 23:04:19]   [111/133 · 83%] idx=4305: ✅REAL max=0.539 (68821ms) ETA=1574s
[2026-04-27 23:05:13]   [112/133 · 84%] idx=4317: ✅REAL max=0.700 (53082ms) ETA=1499s
[2026-04-27 23:05:55]   [113/133 · 85%] idx=4324: ✅REAL max=0.710 (40615ms) ETA=1423s
[2026-04-27 23:06:35]   [114/133 · 86%] idx=4356: ✅REAL max=0.500 (39076ms) ETA=1346s
[2026-04-27 23:07:27]   [115/133 · 86%] idx=4372: ✅REAL max=0.810 (50613ms) ETA=1272s
[2026-04-27 23:08:20]   [116/133 · 87%] idx=4374: ✅REAL max=0.550 (52540ms) ETA=1199s
[2026-04-27 23:09:12]   [117/133 · 88%] idx=4381: ✅REAL max=0.550 (50774ms) ETA=1126s
[2026-04-27 23:10:05]   [118/133 · 89%] idx=4395: ✅REAL max=0.800 (52151ms) ETA=1054s
[2026-04-27 23:10:58]   [119/133 · 89%] idx=4404: ✅REAL max=0.450 (51706ms) ETA=981s
[2026-04-28 00:05:07] [Proc 5] 启动，25秒后开始（避免并发冲突）
[2026-04-28 00:05:32] [数据] 从缓存加载: X_tr=/home/fandy/workplace/thesis/results/soft_labels/kuhar_X_tr.npy
[2026-04-28 00:05:32] [Proc 5] 类 5 (Lay): 5395样本, 目标400, 已有386, 需生成14
[2026-04-28 00:06:18]   [1/14 · 7%] idx=4422: ✅REAL max=0.450 (46885ms) ETA=610s
[2026-04-28 00:06:59]   [2/14 · 14%] idx=4432: ✅REAL max=0.220 (39650ms) ETA=525s
[2026-04-28 00:07:30]   [3/14 · 21%] idx=4436: ✅REAL max=0.450 (30329ms) ETA=436s
[2026-04-28 00:08:13]   [4/14 · 29%] idx=4443: ✅REAL max=0.800 (41219ms) ETA=403s
[2026-04-28 00:13:08] [Proc 5] 启动，25秒后开始（避免并发冲突）
[2026-04-28 00:13:33] [数据] 从缓存加载: X_tr=/home/fandy/workplace/thesis/results/soft_labels/kuhar_X_tr.npy
[2026-04-28 00:13:33] [Proc 5] 类 5 (Lay): 5395样本, 目标400, 已有390, 需生成10
[2026-04-28 00:14:14]   [1/10 · 10%] idx=4445: ✅REAL max=0.550 (41558ms) ETA=374s
[2026-04-28 00:14:53]   [2/10 · 20%] idx=4447: ✅REAL max=0.440 (37445ms) ETA=320s
[2026-04-28 00:15:28]   [3/10 · 30%] idx=4450: ✅REAL max=0.280 (34248ms) ETA=269s
[2026-04-28 00:16:13]   [4/10 · 40%] idx=4452: ✅REAL max=0.450 (44080ms) ETA=241s
[2026-04-28 00:17:18]   [5/10 · 50%] idx=4466: ✅REAL max=0.700 (63697ms) ETA=225s
[2026-04-28 00:18:20]   [6/10 · 60%] idx=4467: ✅REAL max=0.430 (60928ms) ETA=191s
[2026-04-28 00:18:54]   [7/10 · 70%] idx=4470: ✅REAL max=0.550 (33132ms) ETA=138s
[2026-04-28 00:23:47] [Proc 5] 启动，25秒后开始（避免并发冲突）
[2026-04-28 00:24:12] [数据] 从缓存加载: X_tr=/home/fandy/workplace/thesis/results/soft_labels/kuhar_X_tr.npy
[2026-04-28 00:24:12] [Proc 5] 类 5 (Lay): 5395样本, 目标400, 已有397, 需生成3
[2026-04-28 00:24:58]   [1/3 · 33%] idx=4479: ✅REAL max=0.250 (45258ms) ETA=91s
[2026-04-28 00:25:46]   [2/3 · 67%] idx=4480: ✅REAL max=0.300 (47532ms) ETA=47s
[2026-04-28 00:27:14]   [3/3 · 100%] idx=4486: ✅REAL max=0.450 (87067ms) ETA=0s
[2026-04-28 00:27:15] [Proc 5] ✅ 类 5 (Lay) 完成: 400/400 耗时183s
[2026-04-28 00:27:15] [Proc 5] 全部完成 → /home/fandy/workplace/thesis/results/soft_labels/kuhar_soft_proc5.npy
