[2026-05-08 13:50:42] HARTH 软标签生成开始 (scripts/harth/gen.py)
[2026-05-08 13:50:42] Mimo API: https://token-plan-cn.xiaomimimo.com/v1
[2026-05-08 13:50:42] Model: mimo-v2.5-pro
[2026-05-08 13:50:42] Temperature: 0.3
[2026-05-08 13:50:42] 加载 HARTH 数据...
[2026-05-08 13:51:14]   训练数据: 59596 样本, 8 类
[2026-05-08 13:51:14]   class 0 (walk): 11950 样本
[2026-05-08 13:51:14]   class 1 (run): 2912 样本
[2026-05-08 13:51:14]   class 2 (shuffle): 2533 样本
[2026-05-08 13:51:14]   class 3 (stairs_up): 766 样本
[2026-05-08 13:51:14]   class 4 (stairs_down): 682 样本
[2026-05-08 13:51:14]   class 5 (stand): 7449 样本
[2026-05-08 13:51:14]   class 6 (sit): 29017 样本
[2026-05-08 13:51:14]   class 7 (lying): 4287 样本
[2026-05-08 13:51:14] 总计采样: 18893 个窗口（每类 ~3000）
[2026-05-08 13:51:14]   断点续传: 无，从头开始
[2026-05-08 13:51:34]   [RETRY] | true=shuffle(2) | pred=stand(5)
[2026-05-08 13:51:34]   [000/18893] | true=shuffle(2) | pred=stand(5) |  ✗ | ent=0.97 | top=5:0.75, 6:0.10
[2026-05-08 13:51:54]   [RETRY] | true=run(1) | pred=walk(0)
[2026-05-08 13:51:54]   [001/18893] | true=run(1) | pred=walk(0) |  ✗ | ent=1.30 | top=0:0.62, 4:0.15
[2026-05-08 13:52:21]   [RETRY] | true=walk(0) | pred=run(1)
[2026-05-08 13:52:21]   [002/18893] | true=walk(0) | pred=run(1) |  ✗ | ent=1.34 | top=1:0.55, 0:0.25
[2026-05-08 13:52:30]   [003/18893] | true=walk(0) | pred=walk(0) |  ✓ | ent=1.28 | top=0:0.62, 4:0.15
[2026-05-08 13:52:43]   [004/18893] | true=walk(0) | pred=walk(0) |  ✓ | ent=1.06 | top=0:0.72, 4:0.12
[2026-05-08 13:52:43]   进度: 5/18893, 准确率=40.0%, 正确样本数=2, 已保存
[2026-05-08 13:52:53]   [005/18893] | true=run(1) | pred=run(1) |  ✓ | ent=1.44 | top=1:0.52, 0:0.22
[2026-05-08 13:53:01]   [006/18893] | true=stairs_up(3) | pred=stairs_up(3) |  ✓ | ent=1.40 | top=3:0.52, 4:0.25
[2026-05-08 13:53:22]   [RETRY] | true=shuffle(2) | pred=stand(5)
[2026-05-08 13:53:22]   [007/18893] | true=shuffle(2) | pred=stand(5) |  ✗ | ent=1.18 | top=5:0.70, 6:0.06
[2026-05-08 13:53:30]   [008/18893] | true=run(1) | pred=run(1) |  ✓ | ent=0.69 | top=1:0.85, 0:0.05
[2026-05-08 13:53:46]   [RETRY] | true=walk(0) | pred=shuffle(2)
[2026-05-08 13:53:46]   [009/18893] | true=walk(0) | pred=shuffle(2) |  ✗ | ent=1.09 | top=2:0.72, 3:0.08
[2026-05-08 13:53:46]   进度: 10/18893, 准确率=50.0%, 正确样本数=5, 已保存
[2026-05-08 13:53:54]   [010/18893] | true=run(1) | pred=run(1) |  ✓ | ent=0.51 | top=1:0.90, 7:0.03
[2026-05-08 13:54:15]   [RETRY] | true=shuffle(2) | pred=walk(0)
[2026-05-08 13:54:15]   [011/18893] | true=shuffle(2) | pred=walk(0) |  ✗ | ent=1.05 | top=0:0.72, 4:0.12
[2026-05-08 13:54:34]   [RETRY] | true=walk(0) | pred=run(1)
[2026-05-08 13:54:34]   [012/18893] | true=walk(0) | pred=run(1) |  ✗ | ent=1.05 | top=1:0.72, 0:0.12
[2026-05-08 13:54:43]   [013/18893] | true=run(1) | pred=run(1) |  ✓ | ent=0.59 | top=1:0.88, 0:0.03
[2026-05-08 13:55:06]   [RETRY] | true=lying(7) | pred=sit(6)
[2026-05-08 13:55:06]   [014/18893] | true=lying(7) | pred=sit(6) |  ✗ | ent=1.18 | top=6:0.60, 5:0.25
[2026-05-08 13:55:06]   进度: 15/18893, 准确率=46.7%, 正确样本数=7, 已保存
[2026-05-08 13:55:36] HARTH 软标签生成开始 (scripts/harth/gen.py)
[2026-05-08 13:55:36] Mimo API: https://token-plan-cn.xiaomimimo.com/v1
[2026-05-08 13:55:36] Model: mimo-v2.5-pro
[2026-05-08 13:55:36] Temperature: 0.3
[2026-05-08 13:55:36] 加载 HARTH 数据...
[2026-05-08 13:56:03]   训练数据: 59596 样本, 8 类
[2026-05-08 13:56:03]   class 0 (walk): 11950 样本
[2026-05-08 13:56:03]   class 1 (run): 2912 样本
[2026-05-08 13:56:03]   class 2 (shuffle): 2533 样本
[2026-05-08 13:56:03]   class 3 (stairs_up): 766 样本
[2026-05-08 13:56:03]   class 4 (stairs_down): 682 样本
[2026-05-08 13:56:03]   class 5 (stand): 7449 样本
[2026-05-08 13:56:03]   class 6 (sit): 29017 样本
[2026-05-08 13:56:03]   class 7 (lying): 4287 样本
[2026-05-08 13:56:03] 总计采样: 18893 个窗口（每类 ~3000）
[2026-05-08 13:56:03]   断点续传: 15/18893 已处理
[2026-05-08 13:56:03]   续跑恢复: 完成=15, 正确=7, 正确样本数=7
[2026-05-08 13:56:15]   [015/18893] | true=run(1) | pred=run(1) |  ✓ | ent=0.51 | top=1:0.90, 0:0.02
[2026-05-08 13:56:25]   [016/18893] | true=sit(6) | pred=sit(6) |  ✓ | ent=0.57 | top=6:0.88, 7:0.05
[2026-05-08 13:56:36]   [017/18893] | true=sit(6) | pred=sit(6) |  ✓ | ent=0.67 | top=6:0.85, 5:0.05
[2026-05-08 13:56:44]   [018/18893] | true=sit(6) | pred=sit(6) |  ✓ | ent=0.58 | top=6:0.88, 5:0.04
[2026-05-08 13:57:07]   [RETRY] | true=shuffle(2) | pred=stand(5)
[2026-05-08 13:57:07]   [019/18893] | true=shuffle(2) | pred=stand(5) |  ✗ | ent=0.98 | top=5:0.75, 6:0.08
[2026-05-08 13:57:07]   进度: 20/18893, 准确率=55.0%, 正确样本数=11, 已保存
[2026-05-08 13:57:30]   [RETRY] | true=run(1) | pred=run(1)
[2026-05-08 13:57:30]   [020/18893] | true=run(1) | pred=run(1) |  ✓ | ent=1.43 | top=1:0.48, 0:0.27
[2026-05-08 13:57:49]   [RETRY] | true=walk(0) | pred=shuffle(2)
[2026-05-08 13:57:49]   [021/18893] | true=walk(0) | pred=shuffle(2) |  ✗ | ent=1.45 | top=2:0.55, 3:0.15
[2026-05-08 13:57:59]   [022/18893] | true=shuffle(2) | pred=shuffle(2) |  ✓ | ent=1.04 | top=2:0.72, 4:0.10
[2026-05-08 13:58:20]   [RETRY] | true=stand(5) | pred=lying(7)
[2026-05-08 13:58:20]   [023/18893] | true=stand(5) | pred=lying(7) |  ✗ | ent=1.29 | top=7:0.56, 6:0.20
[2026-05-08 13:58:32]   [024/18893] | true=walk(0) | pred=walk(0) |  ✓ | ent=1.29 | top=0:0.62, 4:0.15
[2026-05-08 13:58:32]   进度: 25/18893, 准确率=56.0%, 正确样本数=14, 已保存
[2026-05-08 13:58:54]   [RETRY] | true=lying(7) | pred=stand(5)
[2026-05-08 13:58:54]   [025/18893] | true=lying(7) | pred=stand(5) |  ✗ | ent=0.51 | top=5:0.90, 6:0.03
[2026-05-08 13:59:06]   [026/18893] | true=walk(0) | pred=walk(0) |  ✓ | ent=1.32 | top=0:0.62, 4:0.12
[2026-05-08 13:59:32]   [RETRY] | true=stairs_down(4) | pred=walk(0)
[2026-05-08 13:59:32]   [027/18893] | true=stairs_down(4) | pred=walk(0) |  ✗ | ent=1.57 | top=0:0.45, 4:0.20
[2026-05-08 13:59:43]   [028/18893] | true=stand(5) | pred=stand(5) |  ✓ | ent=0.90 | top=5:0.78, 6:0.08
[2026-05-08 14:00:04]   [RETRY] | true=lying(7) | pred=stand(5)
[2026-05-08 14:00:04]   [029/18893] | true=lying(7) | pred=stand(5) |  ✗ | ent=0.71 | top=5:0.85, 6:0.03
[2026-05-08 14:00:04]   进度: 30/18893, 准确率=53.3%, 正确样本数=16, 已保存
[2026-05-08 14:00:22]   [RETRY] | true=stairs_up(3) | pred=walk(0)
[2026-05-08 14:00:22]   [030/18893] | true=stairs_up(3) | pred=walk(0) |  ✗ | ent=1.36 | top=0:0.55, 4:0.21
[2026-05-08 14:00:33]   [031/18893] | true=sit(6) | pred=sit(6) |  ✓ | ent=0.58 | top=6:0.88, 5:0.04
[2026-05-08 14:00:43]   [032/18893] | true=run(1) | pred=run(1) |  ✓ | ent=0.59 | top=1:0.88, 0:0.03
[2026-05-08 14:01:08]   [RETRY] | true=walk(0) | pred=stairs_down(4)
[2026-05-08 14:01:08]   [033/18893] | true=walk(0) | pred=stairs_down(4) |  ✗ | ent=1.22 | top=4:0.60, 0:0.24
[2026-05-08 14:01:20]   [034/18893] | true=lying(7) | pred=lying(7) |  ✓ | ent=1.28 | top=7:0.61, 6:0.18
[2026-05-08 14:01:20]   进度: 35/18893, 准确率=54.3%, 正确样本数=19, 已保存
[2026-05-08 14:01:31]   [035/18893] | true=stand(5) | pred=stand(5) |  ✓ | ent=0.90 | top=5:0.78, 6:0.08
[2026-05-08 14:01:53]   [RETRY] | true=stairs_up(3) | pred=stairs_down(4)
[2026-05-08 14:01:53]   [036/18893] | true=stairs_up(3) | pred=stairs_down(4) |  ✗ | ent=1.44 | top=4:0.50, 0:0.25
[2026-05-08 14:02:01]   [037/18893] | true=run(1) | pred=run(1) |  ✓ | ent=0.43 | top=1:0.92, 0:0.02
[2026-05-08 14:02:10]   [038/18893] | true=shuffle(2) | pred=shuffle(2) |  ✓ | ent=1.35 | top=2:0.62, 7:0.10
[2026-05-08 14:02:18]   [039/18893] | true=run(1) | pred=run(1) |  ✓ | ent=0.51 | top=1:0.90, 0:0.02
[2026-05-08 14:02:18]   进度: 40/18893, 准确率=57.5%, 正确样本数=23, 已保存
[2026-05-08 14:02:28]   [040/18893] | true=sit(6) | pred=sit(6) |  ✓ | ent=0.66 | top=6:0.85, 7:0.07
[2026-05-08 14:02:53]   [RETRY] | true=stand(5) | pred=lying(7)
[2026-05-08 14:02:53]   [041/18893] | true=stand(5) | pred=lying(7) |  ✗ | ent=0.83 | top=7:0.78, 6:0.12
[2026-05-08 14:03:15]   [RETRY] | true=stand(5) | pred=stairs_down(4)
[2026-05-08 14:03:15]   [042/18893] | true=stand(5) | pred=stairs_down(4) |  ✗ | ent=1.74 | top=4:0.38, 3:0.22
[2026-05-08 14:03:22]   [043/18893] | true=run(1) | pred=run(1) |  ✓ | ent=0.39 | top=1:0.93, 0:0.01
[2026-05-08 14:03:33]   [044/18893] | true=run(1) | pred=run(1) |  ✓ | ent=0.43 | top=1:0.92, 0:0.02
[2026-05-08 14:03:33]   进度: 45/18893, 准确率=57.8%, 正确样本数=26, 已保存
[2026-05-08 14:03:49]   [045/18893] | true=run(1) | pred=run(1) |  ✓ | ent=0.43 | top=1:0.92, 0:0.02
[2026-05-08 14:03:57]   [046/18893] | true=sit(6) | pred=sit(6) |  ✓ | ent=0.58 | top=6:0.88, 7:0.04
[2026-05-08 14:04:20]   [RETRY] | true=stand(5) | pred=lying(7)
[2026-05-08 14:04:20]   [047/18893] | true=stand(5) | pred=lying(7) |  ✗ | ent=0.80 | top=7:0.79, 6:0.12
[2026-05-08 14:04:32]   [048/18893] | true=sit(6) | pred=sit(6) |  ✓ | ent=0.58 | top=6:0.88, 5:0.04
[2026-05-08 14:04:43]   [049/18893] | true=lying(7) | pred=lying(7) |  ✓ | ent=0.83 | top=7:0.78, 6:0.12
[2026-05-08 14:04:43]   进度: 50/18893, 准确率=60.0%, 正确样本数=30, 已保存
[2026-05-08 14:05:03]   [RETRY] | true=lying(7) | pred=sit(6)
[2026-05-08 14:05:03]   [050/18893] | true=lying(7) | pred=sit(6) |  ✗ | ent=0.51 | top=6:0.90, 7:0.03
[2026-05-08 14:05:14]   [051/18893] | true=lying(7) | pred=lying(7) |  ✓ | ent=1.34 | top=7:0.59, 5:0.15
[2026-05-08 14:05:32]   [RETRY] | true=walk(0) | pred=run(1)
[2026-05-08 14:05:32]   [052/18893] | true=walk(0) | pred=run(1) |  ✗ | ent=1.03 | top=1:0.75, 7:0.06
[2026-05-08 14:05:51]   [RETRY] | true=walk(0) | pred=stairs_up(3)
[2026-05-08 14:05:51]   [053/18893] | true=walk(0) | pred=stairs_up(3) |  ✗ | ent=1.54 | top=3:0.42, 4:0.30
[2026-05-08 14:06:04]   [054/18893] | true=stand(5) | pred=stand(5) |  ✓ | ent=0.90 | top=5:0.78, 6:0.08
[2026-05-08 14:06:04]   进度: 55/18893, 准确率=58.2%, 正确样本数=32, 已保存
[2026-05-08 14:06:13]   [055/18893] | true=sit(6) | pred=sit(6) |  ✓ | ent=0.43 | top=6:0.92, 5:0.02
[2026-05-08 14:06:33]   [RETRY] | true=stairs_down(4) | pred=stairs_up(3)
[2026-05-08 14:06:33]   [056/18893] | true=stairs_down(4) | pred=stairs_up(3) |  ✗ | ent=1.46 | top=3:0.52, 4:0.22
[2026-05-08 14:06:52]   [RETRY] | true=lying(7) | pred=stand(5)
[2026-05-08 14:06:52]   [057/18893] | true=lying(7) | pred=stand(5) |  ✗ | ent=0.97 | top=5:0.75, 6:0.10
[2026-05-08 14:07:04]   [058/18893] | true=lying(7) | pred=lying(7) |  ✓ | ent=0.83 | top=7:0.78, 6:0.12
[2026-05-08 14:07:16]   [059/18893] | true=run(1) | pred=run(1) |  ✓ | ent=0.43 | top=1:0.92, 0:0.02
[2026-05-08 14:07:16]   进度: 60/18893, 准确率=58.3%, 正确样本数=35, 已保存
[2026-05-08 14:07:41]   [RETRY] | true=shuffle(2) | pred=stand(5)
[2026-05-08 14:07:41]   [060/18893] | true=shuffle(2) | pred=stand(5) |  ✗ | ent=0.90 | top=5:0.78, 6:0.08
[2026-05-08 14:07:49]   [061/18893] | true=run(1) | pred=run(1) |  ✓ | ent=0.51 | top=1:0.90, 7:0.03
[2026-05-08 14:08:04]   [062/18893] | true=walk(0) | pred=walk(0) |  ✓ | ent=1.03 | top=0:0.72, 4:0.14
[2026-05-08 14:08:17]   [063/18893] | true=sit(6) | pred=sit(6) |  ✓ | ent=0.67 | top=6:0.85, 7:0.06
[2026-05-08 14:08:28]   [064/18893] | true=shuffle(2) | pred=shuffle(2) |  ✓ | ent=1.62 | top=2:0.48, 3:0.14
[2026-05-08 14:08:28]   进度: 65/18893, 准确率=60.0%, 正确样本数=39, 已保存
[2026-05-08 14:08:49]   [RETRY] | true=run(1) | pred=walk(0)
[2026-05-08 14:08:49]   [065/18893] | true=run(1) | pred=walk(0) |  ✗ | ent=1.27 | top=0:0.62, 4:0.14
[2026-05-08 14:09:01]   [066/18893] | true=walk(0) | pred=walk(0) |  ✓ | ent=1.46 | top=0:0.52, 4:0.22
[2026-05-08 14:09:23]   [RETRY] | true=shuffle(2) | pred=lying(7)
[2026-05-08 14:09:23]   [067/18893] | true=shuffle(2) | pred=lying(7) |  ✗ | ent=1.34 | top=7:0.59, 5:0.15
[2026-05-08 14:09:35]   [068/18893] | true=stand(5) | pred=stand(5) |  ✓ | ent=0.90 | top=5:0.78, 6:0.08
[2026-05-08 14:09:46]   [069/18893] | true=run(1) | pred=run(1) |  ✓ | ent=0.51 | top=1:0.90, 7:0.03
[2026-05-08 14:09:46]   进度: 70/18893, 准确率=60.0%, 正确样本数=42, 已保存
[2026-05-08 14:09:56]   [070/18893] | true=lying(7) | pred=lying(7) |  ✓ | ent=0.83 | top=7:0.78, 6:0.12
[2026-05-08 14:10:06]   [071/18893] | true=stand(5) | pred=stand(5) |  ✓ | ent=0.67 | top=5:0.85, 6:0.05
[2026-05-08 14:10:28]   [RETRY] | true=lying(7) | pred=stand(5)
[2026-05-08 14:10:28]   [072/18893] | true=lying(7) | pred=stand(5) |  ✗ | ent=0.90 | top=5:0.78, 6:0.08
[2026-05-08 14:10:51]   [RETRY] | true=shuffle(2) | pred=walk(0)
[2026-05-08 14:10:51]   [073/18893] | true=shuffle(2) | pred=walk(0) |  ✗ | ent=1.50 | top=0:0.52, 4:0.18
[2026-05-08 14:11:04]   [074/18893] | true=stand(5) | pred=stand(5) |  ✓ | ent=0.67 | top=5:0.85, 6:0.05
[2026-05-08 14:11:04]   进度: 75/18893, 准确率=60.0%, 正确样本数=45, 已保存
[2026-05-08 14:11:15]   [075/18893] | true=stand(5) | pred=stand(5) |  ✓ | ent=0.91 | top=5:0.78, 6:0.08
[2026-05-08 14:11:27]   [076/18893] | true=walk(0) | pred=walk(0) |  ✓ | ent=1.09 | top=0:0.72, 4:0.10
[2026-05-08 14:11:50]   [RETRY] | true=stairs_up(3) | pred=shuffle(2)
[2026-05-08 14:11:50]   [077/18893] | true=stairs_up(3) | pred=shuffle(2) |  ✗ | ent=1.48 | top=2:0.55, 3:0.15
[2026-05-08 14:12:09]   [RETRY] | true=walk(0) | pred=walk(0)
[2026-05-08 14:12:09]   [078/18893] | true=walk(0) | pred=walk(0) |  ✓ | ent=1.29 | top=0:0.55, 4:0.27
[2026-05-08 14:12:19]   [079/18893] | true=sit(6) | pred=sit(6) |  ✓ | ent=0.54 | top=6:0.89, 7:0.04
[2026-05-08 14:12:19]   进度: 80/18893, 准确率=61.3%, 正确样本数=49, 已保存
[2026-05-08 14:12:31]   [080/18893] | true=stand(5) | pred=stand(5) |  ✓ | ent=0.98 | top=5:0.75, 6:0.08
[2026-05-08 14:12:40]   [081/18893] | true=sit(6) | pred=sit(6) |  ✓ | ent=0.58 | top=6:0.88, 5:0.04
[2026-05-08 14:13:05]   [RETRY] | true=shuffle(2) | pred=stand(5)
[2026-05-08 14:13:05]   [082/18893] | true=shuffle(2) | pred=stand(5) |  ✗ | ent=0.91 | top=5:0.78, 7:0.08
[2026-05-08 14:13:24]   [RETRY] | true=stairs_up(3) | pred=walk(0)
[2026-05-08 14:13:24]   [083/18893] | true=stairs_up(3) | pred=walk(0) |  ✗ | ent=1.52 | top=0:0.52, 4:0.16
[2026-05-08 14:13:43]   [RETRY] | true=walk(0) | pred=stairs_down(4)
[2026-05-08 14:13:43]   [084/18893] | true=walk(0) | pred=stairs_down(4) |  ✗ | ent=1.31 | top=4:0.55, 3:0.25
[2026-05-08 14:13:43]   进度: 85/18893, 准确率=60.0%, 正确样本数=51, 已保存
[2026-05-08 14:14:07]   [RETRY] | true=lying(7) | pred=stand(5)
[2026-05-08 14:14:07]   [085/18893] | true=lying(7) | pred=stand(5) |  ✗ | ent=0.80 | top=5:0.82, 6:0.05
[2026-05-08 14:14:29]   [RETRY] | true=walk(0) | pred=shuffle(2)
[2026-05-08 14:14:29]   [086/18893] | true=walk(0) | pred=shuffle(2) |  ✗ | ent=1.09 | top=2:0.72, 3:0.08
[2026-05-08 14:14:52]   [RETRY] | true=lying(7) | pred=sit(6)
[2026-05-08 14:14:52]   [087/18893] | true=lying(7) | pred=sit(6) |  ✗ | ent=0.57 | top=6:0.88, 7:0.05
[2026-05-08 14:15:16]   [RETRY] | true=lying(7) | pred=stand(5)
[2026-05-08 14:15:16]   [088/18893] | true=lying(7) | pred=stand(5) |  ✗ | ent=0.58 | top=5:0.88, 6:0.04
[2026-05-08 14:15:27]   [089/18893] | true=lying(7) | pred=lying(7) |  ✓ | ent=1.11 | top=7:0.68, 6:0.15
[2026-05-08 14:15:27]   进度: 90/18893, 准确率=57.8%, 正确样本数=52, 已保存
[2026-05-08 14:15:40]   [090/18893] | true=stand(5) | pred=stand(5) |  ✓ | ent=0.90 | top=5:0.78, 6:0.08
[2026-05-08 14:15:51]   [091/18893] | true=stand(5) | pred=stand(5) |  ✓ | ent=0.96 | top=5:0.75, 6:0.12
[2026-05-08 14:16:02]   [092/18893] | true=sit(6) | pred=sit(6) |  ✓ | ent=0.43 | top=6:0.92, 5:0.02
[2026-05-08 14:16:11]   [093/18893] | true=sit(6) | pred=sit(6) |  ✓ | ent=0.58 | top=6:0.88, 5:0.04
[2026-05-08 14:16:21]   [094/18893] | true=stairs_down(4) | pred=stairs_down(4) |  ✓ | ent=1.22 | top=4:0.65, 3:0.15
[2026-05-08 14:16:21]   进度: 95/18893, 准确率=60.0%, 正确样本数=57, 已保存
[2026-05-08 14:16:45]   [RETRY] | true=sit(6) | pred=stand(5)
[2026-05-08 14:16:45]   [095/18893] | true=sit(6) | pred=stand(5) |  ✗ | ent=0.90 | top=5:0.78, 6:0.08
[2026-05-08 14:17:10]   [RETRY] | true=stairs_up(3) | pred=walk(0)
[2026-05-08 14:17:10]   [096/18893] | true=stairs_up(3) | pred=walk(0) |  ✗ | ent=1.49 | top=0:0.42, 4:0.30
[2026-05-08 14:17:20]   [097/18893] | true=lying(7) | pred=lying(7) |  ✓ | ent=0.83 | top=7:0.78, 6:0.12
[2026-05-08 14:17:35]   [098/18893] | true=sit(6) | pred=sit(6) |  ✓ | ent=0.51 | top=6:0.90, 7:0.03
[2026-05-08 14:17:44]   [099/18893] | true=sit(6) | pred=sit(6) |  ✓ | ent=0.57 | top=6:0.88, 7:0.05
[2026-05-08 14:17:44]   === 100轮统计: 整体=60/100(60.0%) walk=8/17(47%) run=15/17(88%) shuffle=3/11(27%) stairs_up=1/6(17%) stairs_down=1/3(33%) stand=10/14(71%) sit=15/16(94%) lying=7/16(44%) ===
[2026-05-08 14:17:44]   进度: 100/18893, 准确率=60.0%, 正确样本数=60, 已保存
[2026-05-08 14:18:00]   [100/18893] | true=sit(6) | pred=sit(6) |  ✓ | ent=0.51 | top=6:0.90, 5:0.03
[2026-05-08 14:18:10]   [101/18893] | true=run(1) | pred=run(1) |  ✓ | ent=0.43 | top=1:0.92, 0:0.02
[2026-05-08 14:18:30]   [RETRY] | true=stand(5) | pred=lying(7)
[2026-05-08 14:18:30]   [102/18893] | true=stand(5) | pred=lying(7) |  ✗ | ent=1.04 | top=7:0.71, 6:0.15
[2026-05-08 14:18:53]   [RETRY] | true=walk(0) | pred=run(1)
[2026-05-08 14:18:53]   [103/18893] | true=walk(0) | pred=run(1) |  ✗ | ent=1.02 | top=1:0.75, 7:0.06
[2026-05-08 14:19:03]   [104/18893] | true=sit(6) | pred=sit(6) |  ✓ | ent=0.58 | top=6:0.88, 5:0.04
[2026-05-08 14:19:03]   进度: 105/18893, 准确率=60.0%, 正确样本数=63, 已保存
[2026-05-08 14:19:23]   [RETRY] | true=shuffle(2) | pred=stairs_up(3)
[2026-05-08 14:19:23]   [105/18893] | true=shuffle(2) | pred=stairs_up(3) |  ✗ | ent=1.05 | top=3:0.72, 4:0.12
[2026-05-08 14:19:39]   [RETRY] | true=walk(0) | pred=shuffle(2)
[2026-05-08 14:19:39]   [106/18893] | true=walk(0) | pred=shuffle(2) |  ✗ | ent=1.11 | top=2:0.68, 4:0.12
[2026-05-08 14:20:08]   [RETRY] | true=lying(7) | pred=stand(5)
[2026-05-08 14:20:08]   [107/18893] | true=lying(7) | pred=stand(5) |  ✗ | ent=0.58 | top=5:0.88, 6:0.04
[2026-05-08 14:20:19]   [108/18893] | true=run(1) | pred=run(1) |  ✓ | ent=0.51 | top=1:0.90, 7:0.03
[2026-05-08 14:20:36]   [109/18893] | true=sit(6) | pred=sit(6) |  ✓ | ent=0.57 | top=6:0.88, 7:0.05
[2026-05-08 14:20:36]   进度: 110/18893, 准确率=59.1%, 正确样本数=65, 已保存
[2026-05-08 14:21:02]   [RETRY] | true=shuffle(2) | pred=walk(0)
[2026-05-08 14:21:02]   [110/18893] | true=shuffle(2) | pred=walk(0) |  ✗ | ent=1.54 | top=0:0.42, 1:0.28
[2026-05-08 14:21:17]   [111/18893] | true=walk(0) | pred=walk(0) |  ✓ | ent=1.04 | top=0:0.62, 1:0.28
[2026-05-08 14:21:29]   [112/18893] | true=run(1) | pred=run(1) |  ✓ | ent=0.28 | top=1:0.95, 0:0.01
[2026-05-08 14:21:39]   [113/18893] | true=run(1) | pred=run(1) |  ✓ | ent=0.51 | top=1:0.90, 7:0.03
[2026-05-08 14:21:53]   [114/18893] | true=sit(6) | pred=sit(6) |  ✓ | ent=0.58 | top=6:0.88, 5:0.04
[2026-05-08 14:21:53]   进度: 115/18893, 准确率=60.0%, 正确样本数=69, 已保存
[2026-05-08 14:22:01]   [115/18893] | true=run(1) | pred=run(1) |  ✓ | ent=0.51 | top=1:0.90, 0:0.02
[2026-05-08 14:22:14]   [116/18893] | true=shuffle(2) | pred=shuffle(2) |  ✓ | ent=1.49 | top=2:0.52, 3:0.18
[2026-05-08 14:22:36]   [RETRY] | true=lying(7) | pred=sit(6)
[2026-05-08 14:22:36]   [117/18893] | true=lying(7) | pred=sit(6) |  ✗ | ent=0.58 | top=6:0.88, 5:0.04
[2026-05-08 14:22:46]   [118/18893] | true=stand(5) | pred=stand(5) |  ✓ | ent=0.90 | top=5:0.78, 6:0.08
[2026-05-08 14:23:03]   [119/18893] | true=sit(6) | pred=sit(6) |  ✓ | ent=0.51 | top=6:0.90, 7:0.03
[2026-05-08 14:23:03]   进度: 120/18893, 准确率=60.8%, 正确样本数=73, 已保存
[2026-05-08 14:23:15]   [120/18893] | true=stand(5) | pred=stand(5) |  ✓ | ent=0.90 | top=5:0.78, 6:0.08
[2026-05-08 14:23:24]   [121/18893] | true=walk(0) | pred=walk(0) |  ✓ | ent=1.32 | top=0:0.62, 4:0.12
[2026-05-08 14:23:42]   [RETRY] | true=walk(0) | pred=run(1)
[2026-05-08 14:23:42]   [122/18893] | true=walk(0) | pred=run(1) |  ✗ | ent=0.59 | top=1:0.88, 7:0.03
[2026-05-08 14:24:05]   [RETRY] | true=shuffle(2) | pred=stand(5)
[2026-05-08 14:24:05]   [123/18893] | true=shuffle(2) | pred=stand(5) |  ✗ | ent=0.51 | top=5:0.90, 7:0.03
