[2026-04-27 10:42:50] [Proc 14] 启动，70秒后开始（避免并发冲突）
[2026-04-27 10:44:00] [数据] 从缓存加载: X_tr=/home/fandy/workplace/thesis/results/soft_labels/kuhar_X_tr.npy
[2026-04-27 10:44:00] [Proc 14] 类 14 (Run): 1752样本, 目标400, 已有0, 需生成400
[2026-04-27 10:45:06]   [1/400 · 0%] idx=25: ✅REAL max=0.350 (65797ms) ETA=26253s
[2026-04-27 10:45:47]   [2/400 · 0%] idx=50: ✅REAL max=0.450 (40090ms) ETA=21272s
[2026-04-27 10:46:29]   [3/400 · 1%] idx=88: ✅REAL max=0.300 (41032ms) ETA=19708s
[2026-04-27 10:47:04]   [4/400 · 1%] idx=114: ✅REAL max=0.300 (34483ms) ETA=18258s
[2026-04-27 10:47:50]   [5/400 · 1%] idx=130: ✅REAL max=0.400 (44745ms) ETA=18184s
[2026-04-27 10:48:42]   [6/400 · 2%] idx=131: ✅REAL max=0.440 (51251ms) ETA=18546s
[2026-04-27 10:50:15]   [7/400 · 2%] idx=149: ✅REAL max=0.380 (91369ms) ETA=21043s
[2026-04-27 10:51:03]   [8/400 · 2%] idx=151: ✅REAL max=0.365 (47462ms) ETA=20741s
[2026-04-27 10:51:47]   [9/400 · 2%] idx=175: ✅REAL max=0.280 (43133ms) ETA=20308s
[2026-04-27 10:52:41]   [10/400 · 2%] idx=177: ✅REAL max=0.440 (53141ms) ETA=20343s
[2026-04-27 11:22:35]   [11/400 · 3%] idx=227: ✅REAL max=0.780 (423204ms) ETA=81892s
[2026-04-27 11:32:48] [Proc 14] 启动，70秒后开始（避免并发冲突）
[2026-04-27 11:33:58] [数据] 从缓存加载: X_tr=/home/fandy/workplace/thesis/results/soft_labels/kuhar_X_tr.npy
[2026-04-27 11:33:58] [Proc 14] 类 14 (Run): 1752样本, 目标400, 已有11, 需生成389
[2026-04-27 11:35:02]   [1/389 · 0%] idx=247: ✅REAL max=0.310 (63948ms) ETA=24812s
[2026-04-27 11:35:54]   [2/389 · 1%] idx=250: ✅REAL max=0.300 (51298ms) ETA=22495s
[2026-04-27 11:36:44]   [3/389 · 1%] idx=263: ✅REAL max=0.320 (48497ms) ETA=21327s
[2026-04-27 11:37:39]   [4/389 · 1%] idx=298: ✅REAL max=0.450 (54419ms) ETA=21289s
[2026-04-27 11:39:40]   [5/389 · 1%] idx=369: ✅REAL max=0.600 (119799ms) ETA=26264s
[2026-04-27 11:40:24]   [6/389 · 2%] idx=385: ✅REAL max=0.310 (43107ms) ETA=24646s
[2026-04-27 11:41:27]   [7/389 · 2%] idx=448: ✅REAL max=0.180 (61771ms) ETA=24496s
[2026-04-27 11:42:45]   [8/389 · 2%] idx=490: ✅REAL max=0.550 (77327ms) ETA=25108s
[2026-04-27 11:43:20]   [9/389 · 2%] idx=495: ✅REAL max=0.170 (33230ms) ETA=23705s
[2026-04-27 11:44:42]   [10/389 · 3%] idx=503: ✅REAL max=0.350 (80912ms) ETA=24383s
[2026-04-27 11:45:41]   [11/389 · 3%] idx=536: ✅REAL max=0.280 (58186ms) ETA=24142s
[2026-04-27 11:47:19]   [12/389 · 3%] idx=666: ✅REAL max=0.550 (96947ms) ETA=25149s
[2026-04-27 11:47:49]   [13/389 · 3%] idx=769: ✅REAL max=0.550 (29511ms) ETA=24036s
[2026-04-27 11:48:34]   [14/389 · 4%] idx=785: ✅REAL max=0.460 (44315ms) ETA=23473s
[2026-04-27 11:49:27]   [15/389 · 4%] idx=894: ✅REAL max=0.320 (51037ms) ETA=23148s
[2026-04-27 11:50:35]   [16/389 · 4%] idx=904: ✅REAL max=0.310 (67120ms) ETA=23231s
[2026-04-27 11:50:55]   [17/389 · 4%] idx=933: ✅REAL max=0.357 (19176ms) ETA=22248s
[2026-04-27 11:51:28]   [18/389 · 5%] idx=969: ✅REAL max=0.277 (32583ms) ETA=21647s
[2026-04-27 11:52:14]   [19/389 · 5%] idx=1003: ✅REAL max=0.350 (44659ms) ETA=21342s
[2026-04-27 11:53:04]   [20/389 · 5%] idx=1166: ✅REAL max=0.330 (48907ms) ETA=21141s
[2026-04-27 11:53:04]   💾 [20/389] 进度已保存
[2026-04-27 11:53:58]   [21/389 · 5%] idx=1182: ✅REAL max=0.560 (53361ms) ETA=21032s
[2026-04-27 11:54:44]   [22/389 · 6%] idx=1277: ✅REAL max=0.400 (45039ms) ETA=20790s
[2026-04-27 11:55:39]   [23/389 · 6%] idx=1300: ✅REAL max=0.300 (53488ms) ETA=20699s
[2026-04-27 11:56:56]   [24/389 · 6%] idx=1309: ✅REAL max=0.280 (75757ms) ETA=20950s
[2026-04-27 11:57:56]   [25/389 · 6%] idx=1329: ✅REAL max=0.570 (58882ms) ETA=20929s
[2026-04-27 11:58:35]   [26/389 · 7%] idx=1341: ✅REAL max=0.700 (38809ms) ETA=20624s
[2026-04-27 11:59:42]   [27/389 · 7%] idx=1358: ✅REAL max=0.450 (66113ms) ETA=20706s
[2026-04-27 12:00:41]   [28/389 · 7%] idx=1427: ✅REAL max=0.180 (57425ms) ETA=20664s
[2026-04-27 12:01:22]   [29/389 · 7%] idx=1440: ✅REAL max=0.400 (40088ms) ETA=20407s
[2026-04-27 12:02:20]   [30/389 · 8%] idx=1442: ✅REAL max=0.490 (56612ms) ETA=20361s
[2026-04-27 12:03:23]   [31/389 · 8%] idx=1494: ✅REAL max=0.450 (62785ms) ETA=20386s
[2026-04-27 12:04:09]   [32/389 · 8%] idx=1510: ✅REAL max=0.370 (44746ms) ETA=20204s
[2026-04-27 12:04:41]   [33/389 · 8%] idx=1512: ✅REAL max=0.464 (31082ms) ETA=19883s
[2026-04-27 12:05:54]   [34/389 · 9%] idx=1604: ✅REAL max=0.380 (71242ms) ETA=19999s
[2026-04-27 12:07:04]   [35/389 · 9%] idx=1621: ✅REAL max=0.440 (69312ms) ETA=20084s
[2026-04-27 12:08:15]   [36/389 · 9%] idx=1624: ✅REAL max=0.482 (70370ms) ETA=20170s
[2026-04-27 12:09:05]   [37/389 · 10%] idx=1695: ✅REAL max=0.550 (48902ms) ETA=20045s
[2026-04-27 12:09:36]   [38/389 · 10%] idx=1747: ✅REAL max=0.290 (30332ms) ETA=19751s
[2026-04-27 12:10:12]   [39/389 · 10%] idx=1755: ✅REAL max=0.280 (34139ms) ETA=19505s
[2026-04-27 12:10:35]   [40/389 · 10%] idx=1772: ✅REAL max=0.600 (22775ms) ETA=19171s
[2026-04-27 12:10:35]   💾 [40/389] 进度已保存
[2026-04-27 12:11:44]   [41/389 · 11%] idx=1830: ✅REAL max=0.350 (68005ms) ETA=19235s
[2026-04-27 12:12:53]   [42/389 · 11%] idx=1832: ✅REAL max=0.550 (67740ms) ETA=19291s
[2026-04-27 12:13:44]   [43/389 · 11%] idx=1845: ✅REAL max=0.330 (49764ms) ETA=19197s
[2026-04-27 12:14:18]   [44/389 · 11%] idx=1846: ✅REAL max=0.350 (32887ms) ETA=18972s
[2026-04-27 12:15:01]   [45/389 · 12%] idx=1863: ✅REAL max=0.392 (42556ms) ETA=18830s
[2026-04-27 12:15:53]   [46/389 · 12%] idx=1882: ✅REAL max=0.270 (50627ms) ETA=18752s
[2026-04-27 12:16:25]   [47/389 · 12%] idx=1913: ✅REAL max=0.850 (30944ms) ETA=18532s
[2026-04-27 12:18:06]   [48/389 · 12%] idx=1987: ✅REAL max=0.450 (100043ms) ETA=18811s
[2026-04-27 12:18:48]   [49/389 · 13%] idx=1998: ✅REAL max=0.450 (40529ms) ETA=18661s
[2026-04-27 12:19:39]   [50/389 · 13%] idx=1999: ✅REAL max=0.305 (50768ms) ETA=18585s
[2026-04-27 12:21:06]   [51/389 · 13%] idx=2000: ✅REAL max=0.700 (85238ms) ETA=18738s
[2026-04-27 12:22:00]   [52/389 · 13%] idx=2053: ✅REAL max=0.303 (52995ms) ETA=18673s
[2026-04-27 12:22:54]   [53/389 · 14%] idx=2090: ✅REAL max=0.200 (53195ms) ETA=18610s
[2026-04-27 12:23:13]   [54/389 · 14%] idx=2118: ✅REAL max=0.160 (18410ms) ETA=18332s
[2026-04-27 12:25:52]   [55/389 · 14%] idx=2141: ✅REAL max=0.280 (56879ms) ETA=18907s
[2026-04-27 12:27:01]   [56/389 · 14%] idx=2146: ✅REAL max=0.250 (68352ms) ETA=18926s
[2026-04-27 12:28:01]   [57/389 · 15%] idx=2149: ✅REAL max=0.490 (59560ms) ETA=18891s
[2026-04-27 12:28:41]   [58/389 · 15%] idx=2165: ✅REAL max=0.495 (38823ms) ETA=18737s
[2026-04-27 12:29:39]   [59/389 · 15%] idx=2313: ✅REAL max=0.690 (56873ms) ETA=18687s
[2026-04-27 12:30:35]   [60/389 · 15%] idx=2315: ✅REAL max=0.540 (54750ms) ETA=18626s
[2026-04-27 12:30:35]   💾 [60/389] 进度已保存
[2026-04-27 12:31:21]   [61/389 · 16%] idx=2336: ✅REAL max=0.500 (45183ms) ETA=18513s
[2026-04-27 12:32:06]   [62/389 · 16%] idx=2339: ✅REAL max=0.270 (44226ms) ETA=18397s
[2026-04-27 12:32:59]   [63/389 · 16%] idx=2379: ✅REAL max=0.430 (51945ms) ETA=18324s
[2026-04-27 12:33:35]   [64/389 · 16%] idx=2416: ✅REAL max=0.310 (34530ms) ETA=18163s
[2026-04-27 12:34:59]   [65/389 · 17%] idx=2439: ✅REAL max=0.500 (82906ms) ETA=18247s
[2026-04-27 12:36:07]   [66/389 · 17%] idx=2508: ✅REAL max=0.150 (67650ms) ETA=18251s
[2026-04-27 12:36:43]   [67/389 · 17%] idx=2628: ✅REAL max=0.300 (34387ms) ETA=18093s
[2026-04-27 12:37:39]   [68/389 · 17%] idx=2650: ✅REAL max=0.450 (55531ms) ETA=18038s
[2026-04-27 12:38:27]   [69/389 · 18%] idx=2734: ✅REAL max=0.560 (46192ms) ETA=17940s
[2026-04-27 12:39:18]   [70/389 · 18%] idx=2777: ✅REAL max=0.330 (50529ms) ETA=17864s
[2026-04-27 12:39:54]   [71/389 · 18%] idx=2782: ✅REAL max=0.360 (35260ms) ETA=17719s
[2026-04-27 12:42:40]   [72/389 · 19%] idx=2807: ✅REAL max=0.300 (57837ms) ETA=18149s
[2026-04-27 12:43:47]   [73/389 · 19%] idx=2920: ✅REAL max=0.530 (66080ms) ETA=18134s
[2026-04-27 12:44:41]   [74/389 · 19%] idx=2956: ✅REAL max=0.200 (52645ms) ETA=18061s
[2026-04-27 12:45:44]   [75/389 · 19%] idx=3010: ✅REAL max=0.450 (62178ms) ETA=18028s
[2026-04-27 12:46:22]   [76/389 · 20%] idx=3055: ✅REAL max=0.340 (36570ms) ETA=17889s
[2026-04-27 12:47:17]   [77/389 · 20%] idx=3098: ✅REAL max=0.410 (54427ms) ETA=17825s
[2026-04-27 12:48:15]   [78/389 · 20%] idx=3160: ✅REAL max=0.450 (56493ms) ETA=17769s
[2026-04-27 12:48:48]   [79/389 · 20%] idx=3198: ✅REAL max=0.350 (32602ms) ETA=17620s
[2026-04-27 12:49:58]   [80/389 · 21%] idx=3236: ✅REAL max=0.253 (68453ms) ETA=17612s
[2026-04-27 12:49:58]   💾 [80/389] 进度已保存
[2026-04-27 12:50:38]   [81/389 · 21%] idx=3259: ✅REAL max=0.650 (39270ms) ETA=17491s
[2026-04-27 12:51:17]   [82/389 · 21%] idx=3273: ✅REAL max=0.330 (38429ms) ETA=17369s
[2026-04-27 12:51:58]   [83/389 · 21%] idx=3315: ✅REAL max=0.220 (39385ms) ETA=17253s
[2026-04-27 12:52:44]   [84/389 · 22%] idx=3348: ✅REAL max=0.291 (44643ms) ETA=17158s
[2026-04-27 12:53:21]   [85/389 · 22%] idx=3363: ✅REAL max=0.430 (36109ms) ETA=17033s
[2026-04-27 12:54:33]   [86/389 · 22%] idx=3384: ✅REAL max=0.580 (71703ms) ETA=17036s
[2026-04-27 12:55:07]   [87/389 · 22%] idx=3385: ✅REAL max=0.340 (32281ms) ETA=16900s
[2026-04-27 12:55:40]   [88/389 · 23%] idx=3391: ✅REAL max=0.420 (32479ms) ETA=16767s
[2026-04-27 12:57:17]   [89/389 · 23%] idx=3400: ✅REAL max=0.599 (95637ms) ETA=16849s
[2026-04-27 12:58:34]   [90/389 · 23%] idx=3411: ✅REAL max=0.393 (76282ms) ETA=16863s
[2026-04-27 12:59:28]   [91/389 · 23%] idx=3473: ✅REAL max=0.300 (52789ms) ETA=16798s
[2026-04-27 13:00:08]   [92/389 · 24%] idx=3492: ✅REAL max=0.357 (38798ms) ETA=16688s
[2026-04-27 13:00:54]   [93/389 · 24%] idx=3572: ✅REAL max=0.420 (45023ms) ETA=16600s
[2026-04-27 13:01:30]   [94/389 · 24%] idx=3687: ✅REAL max=0.250 (34932ms) ETA=16481s
[2026-04-27 13:02:08]   [95/389 · 24%] idx=3723: ✅REAL max=0.450 (36957ms) ETA=16369s
[2026-04-27 13:11:55] [Proc 14] 启动，70秒后开始（避免并发冲突）
[2026-04-27 13:13:05] [数据] 从缓存加载: X_tr=/home/fandy/workplace/thesis/results/soft_labels/kuhar_X_tr.npy
[2026-04-27 13:13:05] [Proc 14] 类 14 (Run): 1752样本, 目标400, 已有106, 需生成294
[2026-04-27 13:13:43]   [1/294 · 0%] idx=3736: ✅REAL max=0.360 (38071ms) ETA=11155s
[2026-04-27 13:14:19]   [2/294 · 1%] idx=3775: ✅REAL max=0.345 (34706ms) ETA=10772s
[2026-04-27 13:15:01]   [3/294 · 1%] idx=3824: ✅REAL max=0.400 (40851ms) ETA=11217s
[2026-04-27 13:17:22]   [4/294 · 1%] idx=3828: ✅REAL max=0.420 (43177ms) ETA=18645s
[2026-04-27 13:18:17]   [5/294 · 2%] idx=3852: ✅REAL max=0.250 (53335ms) ETA=18005s
[2026-04-27 13:19:04]   [6/294 · 2%] idx=3951: ✅REAL max=0.300 (46499ms) ETA=17233s
[2026-04-27 13:19:34]   [7/294 · 2%] idx=3964: ✅REAL max=0.180 (28558ms) ETA=15932s
[2026-04-27 13:20:17]   [8/294 · 3%] idx=3966: ✅REAL max=0.545 (42778ms) ETA=15457s
[2026-04-27 13:22:17]   [9/294 · 3%] idx=4053: ✅REAL max=0.303 (48505ms) ETA=17489s
[2026-04-27 13:23:34]   [10/294 · 3%] idx=4089: ✅REAL max=0.320 (75895ms) ETA=17869s
[2026-04-27 13:24:27]   [11/294 · 4%] idx=4115: ✅REAL max=0.340 (51792ms) ETA=17545s
[2026-04-27 13:25:25]   [12/294 · 4%] idx=4209: ✅REAL max=0.450 (56767ms) ETA=17384s
[2026-04-27 13:26:03]   [13/294 · 4%] idx=4212: ✅REAL max=0.280 (37339ms) ETA=16819s
[2026-04-27 13:26:42]   [14/294 · 5%] idx=4277: ✅REAL max=0.327 (37917ms) ETA=16340s
[2026-04-27 13:27:48]   [15/294 · 5%] idx=4284: ✅REAL max=0.350 (65204ms) ETA=16428s
[2026-04-27 13:28:58]   [16/294 · 5%] idx=4291: ✅REAL max=0.350 (68922ms) ETA=16561s
[2026-04-27 13:30:02]   [17/294 · 6%] idx=4293: ✅REAL max=0.390 (63182ms) ETA=16577s
[2026-04-27 13:30:41]   [18/294 · 6%] idx=4388: ✅REAL max=0.650 (37739ms) ETA=16193s
[2026-04-27 13:31:32]   [19/294 · 6%] idx=4599: ✅REAL max=0.560 (50252ms) ETA=16027s
[2026-04-27 13:32:09]   [20/294 · 7%] idx=4618: ✅REAL max=0.360 (35350ms) ETA=15669s
[2026-04-27 13:32:09]   💾 [20/294] 进度已保存
[2026-04-27 13:33:39]   [21/294 · 7%] idx=4693: ✅REAL max=0.290 (88817ms) ETA=16036s
[2026-04-27 13:34:30]   [22/294 · 7%] idx=4726: ✅REAL max=0.350 (50407ms) ETA=15886s
[2026-04-27 13:35:23]   [23/294 · 8%] idx=4737: ✅REAL max=0.450 (51538ms) ETA=15759s
[2026-04-27 13:36:18]   [24/294 · 8%] idx=4762: ✅REAL max=0.380 (54812ms) ETA=15675s
[2026-04-27 13:39:15]   [25/294 · 9%] idx=4774: ✅REAL max=0.317 (175422ms) ETA=16890s
[2026-04-27 13:40:28]   [26/294 · 9%] idx=4784: ✅REAL max=0.432 (72211ms) ETA=16935s
[2026-04-27 13:41:38]   [27/294 · 9%] idx=4794: ✅REAL max=0.220 (69415ms) ETA=16943s
[2026-04-27 13:42:37]   [28/294 · 10%] idx=4843: ✅REAL max=0.280 (57903ms) ETA=16836s
[2026-04-27 13:43:26]   [29/294 · 10%] idx=4865: ✅REAL max=0.580 (47192ms) ETA=16635s
[2026-04-27 13:44:05]   [30/294 · 10%] idx=4867: ✅REAL max=0.250 (38807ms) ETA=16370s
[2026-04-27 13:45:01]   [31/294 · 11%] idx=4870: ✅REAL max=0.154 (54837ms) ETA=16256s
[2026-04-27 13:45:45]   [32/294 · 11%] idx=4885: ✅REAL max=0.350 (43216ms) ETA=16050s
[2026-04-27 13:46:29]   [33/294 · 11%] idx=4921: ✅REAL max=0.340 (42643ms) ETA=15850s
[2026-04-27 13:47:34]   [34/294 · 12%] idx=4986: ✅REAL max=0.570 (64040ms) ETA=15822s
[2026-04-27 13:50:16]   [35/294 · 12%] idx=4996: ✅REAL max=0.300 (72673ms) ETA=16506s
[2026-04-27 13:50:58]   [36/294 · 12%] idx=5019: ✅REAL max=0.560 (40967ms) ETA=16286s
[2026-04-27 13:52:27]   [37/294 · 13%] idx=5094: ✅REAL max=0.259 (88478ms) ETA=16406s
[2026-04-27 13:53:14]   [38/294 · 13%] idx=5150: ✅REAL max=0.350 (45713ms) ETA=16227s
[2026-04-27 13:53:48]   [39/294 · 13%] idx=5163: ✅REAL max=0.340 (33343ms) ETA=15974s
[2026-04-27 13:54:56]   [40/294 · 14%] idx=5200: ✅REAL max=0.354 (66660ms) ETA=15943s
[2026-04-27 13:54:56]   💾 [40/294] 进度已保存
[2026-04-27 13:56:13]   [41/294 · 14%] idx=5278: ✅REAL max=0.326 (76233ms) ETA=15969s
[2026-04-27 13:57:19]   [42/294 · 14%] idx=5298: ✅REAL max=0.390 (64622ms) ETA=15921s
[2026-04-27 13:58:09]   [43/294 · 15%] idx=5314: ✅REAL max=0.400 (49440ms) ETA=15784s
[2026-04-27 13:58:58]   [44/294 · 15%] idx=5347: ✅REAL max=0.310 (47827ms) ETA=15641s
[2026-04-27 13:59:37]   [45/294 · 15%] idx=5358: ✅REAL max=0.450 (38198ms) ETA=15449s
[2026-04-27 14:01:28]   [46/294 · 16%] idx=5402: ✅REAL max=0.550 (109922ms) ETA=15651s
[2026-04-27 14:03:51]   [47/294 · 16%] idx=5420: ✅REAL max=0.300 (34649ms) ETA=16010s
[2026-04-27 14:04:56]   [48/294 · 16%] idx=5474: ✅REAL max=0.500 (63286ms) ETA=15942s
[2026-04-27 14:05:54]   [49/294 · 17%] idx=5510: ✅REAL max=0.300 (57284ms) ETA=15845s
[2026-04-27 14:06:27]   [50/294 · 17%] idx=5548: ✅REAL max=0.550 (31835ms) ETA=15625s
[2026-04-27 14:07:14]   [51/294 · 17%] idx=5579: ✅REAL max=0.150 (45705ms) ETA=15478s
[2026-04-27 14:07:46]   [52/294 · 18%] idx=5769: ✅REAL max=0.600 (30971ms) ETA=15267s
[2026-04-27 14:08:32]   [53/294 · 18%] idx=5825: ✅REAL max=0.240 (45350ms) ETA=15128s
[2026-04-27 14:09:08]   [54/294 · 18%] idx=5903: ✅REAL max=0.290 (34550ms) ETA=14944s
[2026-04-27 14:10:10]   [55/294 · 19%] idx=5915: ✅REAL max=0.180 (61567ms) ETA=14883s
[2026-04-27 14:10:56]   [56/294 · 19%] idx=5922: ✅REAL max=0.450 (44872ms) ETA=14751s
[2026-04-27 14:11:37]   [57/294 · 19%] idx=5926: ✅REAL max=0.450 (40254ms) ETA=14603s
[2026-04-27 14:12:32]   [58/294 · 20%] idx=5931: ✅REAL max=0.524 (53905ms) ETA=14514s
[2026-04-27 14:13:11]   [59/294 · 20%] idx=5945: ✅REAL max=0.210 (37534ms) ETA=14361s
[2026-04-27 14:16:35]   [60/294 · 20%] idx=5992: ✅REAL max=0.300 (85056ms) ETA=14860s
[2026-04-27 14:16:35]   💾 [60/294] 进度已保存
[2026-04-27 14:17:20]   [61/294 · 21%] idx=6097: ✅REAL max=0.500 (43620ms) ETA=14724s
[2026-04-27 14:18:17]   [62/294 · 21%] idx=6123: ✅REAL max=0.300 (56043ms) ETA=14638s
[2026-04-27 14:19:10]   [63/294 · 21%] idx=6171: ✅REAL max=0.300 (51489ms) ETA=14536s
[2026-04-27 14:20:15]   [64/294 · 22%] idx=6203: ✅REAL max=0.720 (64692ms) ETA=14483s
[2026-04-27 14:21:00]   [65/294 · 22%] idx=6266: ✅REAL max=0.320 (44152ms) ETA=14358s
[2026-04-27 14:21:54]   [66/294 · 22%] idx=6292: ✅REAL max=0.250 (52802ms) ETA=14264s
[2026-04-27 14:23:51]   [67/294 · 23%] idx=6348: ✅REAL max=0.250 (30278ms) ETA=14385s
[2026-04-27 14:24:45]   [68/294 · 23%] idx=6354: ✅REAL max=0.450 (52921ms) ETA=14290s
[2026-04-27 14:26:23]   [69/294 · 23%] idx=6375: ✅REAL max=0.400 (97477ms) ETA=14342s
[2026-04-27 14:27:50]   [70/294 · 24%] idx=6417: ✅REAL max=0.532 (85257ms) ETA=14350s
[2026-04-27 14:28:47]   [71/294 · 24%] idx=6489: ✅REAL max=0.350 (56899ms) ETA=14267s
[2026-04-27 14:30:49]   [72/294 · 24%] idx=6544: ✅REAL max=0.500 (120316ms) ETA=14380s
[2026-04-27 14:31:43]   [73/294 · 25%] idx=6603: ✅REAL max=0.300 (53488ms) ETA=14284s
[2026-04-27 14:33:06]   [74/294 · 25%] idx=6642: ✅REAL max=0.360 (82176ms) ETA=14274s
[2026-04-27 14:33:49]   [75/294 · 26%] idx=6718: ✅REAL max=0.320 (41736ms) ETA=14145s
[2026-04-27 14:35:12]   [76/294 · 26%] idx=6749: ✅REAL max=0.470 (81917ms) ETA=14133s
[2026-04-27 14:36:35]   [77/294 · 26%] idx=6797: ✅REAL max=0.560 (81835ms) ETA=14119s
[2026-04-27 14:37:10]   [78/294 · 27%] idx=6807: ✅REAL max=0.550 (34349ms) ETA=13971s
[2026-04-27 14:37:49]   [79/294 · 27%] idx=6840: ✅REAL max=0.280 (37669ms) ETA=13836s
[2026-04-27 14:38:40]   [80/294 · 27%] idx=6854: ✅REAL max=0.330 (50456ms) ETA=13737s
[2026-04-27 14:38:40]   💾 [80/294] 进度已保存
[2026-04-27 14:40:16]   [81/294 · 28%] idx=6891: ✅REAL max=0.400 (95041ms) ETA=13757s
[2026-04-27 14:44:13]   [82/294 · 28%] idx=6918: ✅REAL max=0.500 (61960ms) ETA=14138s
[2026-04-27 14:45:48]   [83/294 · 28%] idx=6996: ✅REAL max=0.550 (93251ms) ETA=14141s
[2026-04-27 14:46:44]   [84/294 · 29%] idx=7003: ✅REAL max=0.270 (54898ms) ETA=14046s
[2026-04-27 14:49:00]   [85/294 · 29%] idx=7007: ✅REAL max=0.580 (75834ms) ETA=14150s
[2026-04-27 14:49:42]   [86/294 · 29%] idx=7018: ✅REAL max=0.360 (41534ms) ETA=14021s
[2026-04-27 14:52:36]   [87/294 · 30%] idx=7029: ✅REAL max=0.410 (60160ms) ETA=14206s
[2026-04-27 14:53:46]   [88/294 · 30%] idx=7038: ✅REAL max=0.400 (69494ms) ETA=14142s
[2026-04-27 14:54:37]   [89/294 · 30%] idx=7043: ✅REAL max=0.330 (50149ms) ETA=14033s
[2026-04-27 14:55:42]   [90/294 · 31%] idx=7104: ✅REAL max=0.400 (63565ms) ETA=13955s
[2026-04-27 14:56:19]   [91/294 · 31%] idx=7155: ✅REAL max=0.600 (36200ms) ETA=13817s
[2026-04-27 14:57:14]   [92/294 · 31%] idx=7160: ✅REAL max=0.270 (54258ms) ETA=13721s
[2026-04-27 14:58:13]   [93/294 · 32%] idx=7170: ✅REAL max=0.290 (57724ms) ETA=13633s
[2026-04-27 14:59:11]   [94/294 · 32%] idx=7180: ✅REAL max=0.270 (56448ms) ETA=13544s
[2026-04-27 15:00:45]   [95/294 · 32%] idx=7199: ✅REAL max=0.450 (93356ms) ETA=13532s
[2026-04-27 15:01:50]   [96/294 · 33%] idx=7215: ✅REAL max=0.290 (64060ms) ETA=13458s
[2026-04-27 15:02:51]   [97/294 · 33%] idx=7243: ✅REAL max=0.240 (59573ms) ETA=13375s
[2026-04-27 15:05:10]   [98/294 · 33%] idx=7345: ✅REAL max=0.450 (63208ms) ETA=13449s
[2026-04-27 15:05:51]   [99/294 · 34%] idx=7351: ✅REAL max=0.550 (40643ms) ETA=13327s
[2026-04-27 15:07:13]   [100/294 · 34%] idx=7432: ✅REAL max=0.210 (80244ms) ETA=13284s
[2026-04-27 15:07:13]   💾 [100/294] 进度已保存
[2026-04-27 15:08:58]   [101/294 · 34%] idx=7445: ✅REAL max=0.390 (104768ms) ETA=13287s
[2026-04-27 15:09:35]   [102/294 · 35%] idx=7464: ✅REAL max=0.300 (35270ms) ETA=13157s
[2026-04-27 15:10:38]   [103/294 · 35%] idx=7470: ✅REAL max=0.550 (62424ms) ETA=13079s
[2026-04-27 15:11:19]   [104/294 · 35%] idx=7471: ✅REAL max=0.428 (40287ms) ETA=12961s
[2026-04-27 15:12:38]   [105/294 · 36%] idx=7479: ✅REAL max=0.500 (77528ms) ETA=12911s
[2026-04-27 15:14:12]   [106/294 · 36%] idx=7499: ✅REAL max=0.290 (92837ms) ETA=12888s
[2026-04-27 15:14:41]   [107/294 · 36%] idx=7575: ✅REAL max=0.300 (28709ms) ETA=12752s
[2026-04-27 15:15:16]   [108/294 · 37%] idx=7592: ✅REAL max=0.297 (33926ms) ETA=12626s
[2026-04-27 15:15:56]   [109/294 · 37%] idx=7614: ✅REAL max=0.400 (38445ms) ETA=12510s
[2026-04-27 15:16:44]   [110/294 · 37%] idx=7619: ✅REAL max=0.220 (47140ms) ETA=12410s
[2026-04-27 15:17:23]   [111/294 · 38%] idx=7654: ✅REAL max=0.450 (38030ms) ETA=12295s
[2026-04-27 15:19:32]   [112/294 · 38%] idx=7678: ✅REAL max=0.400 (57359ms) ETA=12329s
[2026-04-27 15:20:32]   [113/294 · 38%] idx=7692: ✅REAL max=0.320 (58645ms) ETA=12248s
[2026-04-27 15:22:03]   [114/294 · 39%] idx=7701: ✅REAL max=0.250 (90328ms) ETA=12218s
[2026-04-27 15:22:42]   [115/294 · 39%] idx=7710: ✅REAL max=0.300 (37329ms) ETA=12104s
[2026-04-27 15:23:58]   [116/294 · 39%] idx=7721: ✅REAL max=0.330 (74968ms) ETA=12049s
[2026-04-27 15:25:01]   [117/294 · 40%] idx=7744: ✅REAL max=0.530 (62361ms) ETA=11975s
[2026-04-27 15:26:23]   [118/294 · 40%] idx=7811: ✅REAL max=0.300 (81256ms) ETA=11929s
[2026-04-27 15:27:51]   [119/294 · 40%] idx=7814: ✅REAL max=0.300 (86735ms) ETA=11891s
[2026-04-27 15:28:38]   [120/294 · 41%] idx=7839: ✅REAL max=0.470 (46532ms) ETA=11793s
[2026-04-27 15:28:38]   💾 [120/294] 进度已保存
[2026-04-27 15:29:27]   [121/294 · 41%] idx=7856: ✅REAL max=0.340 (47108ms) ETA=11697s
[2026-04-27 15:30:23]   [122/294 · 41%] idx=7994: ✅REAL max=0.450 (55805ms) ETA=11615s
[2026-04-27 15:31:27]   [123/294 · 42%] idx=8058: ✅REAL max=0.430 (62831ms) ETA=11542s
[2026-04-27 15:32:32]   [124/294 · 42%] idx=8082: ✅REAL max=0.300 (63991ms) ETA=11471s
[2026-04-27 15:33:30]   [125/294 · 43%] idx=8083: ✅REAL max=0.550 (57164ms) ETA=11391s
[2026-04-27 15:34:19]   [126/294 · 43%] idx=8098: ✅REAL max=0.330 (47385ms) ETA=11298s
[2026-04-27 15:35:13]   [127/294 · 43%] idx=8099: ✅REAL max=0.350 (53691ms) ETA=11214s
[2026-04-27 15:35:58]   [128/294 · 44%] idx=8170: ✅REAL max=0.350 (43670ms) ETA=11118s
[2026-04-27 15:37:03]   [129/294 · 44%] idx=8216: ✅REAL max=0.450 (64143ms) ETA=11049s
[2026-04-27 15:37:40]   [130/294 · 44%] idx=8250: ✅REAL max=0.310 (36154ms) ETA=10944s
[2026-04-27 15:39:41]   [131/294 · 45%] idx=8289: ✅REAL max=0.330 (55515ms) ETA=10945s
[2026-04-27 15:40:33]   [132/294 · 45%] idx=8291: ✅REAL max=0.450 (50536ms) ETA=10858s
[2026-04-27 15:41:35]   [133/294 · 45%] idx=8298: ✅REAL max=0.400 (61312ms) ETA=10786s
[2026-04-27 15:42:21]   [134/294 · 46%] idx=8311: ✅REAL max=0.250 (45154ms) ETA=10694s
[2026-04-27 15:43:07]   [135/294 · 46%] idx=8485: ✅REAL max=0.550 (44980ms) ETA=10602s
[2026-04-27 15:43:41]   [136/294 · 46%] idx=8549: ✅REAL max=0.700 (32999ms) ETA=10498s
[2026-04-27 15:44:30]   [137/294 · 47%] idx=8599: ✅REAL max=0.450 (47865ms) ETA=10411s
[2026-04-27 15:45:26]   [138/294 · 47%] idx=8695: ✅REAL max=0.350 (54669ms) ETA=10333s
[2026-04-27 15:48:02]   [139/294 · 47%] idx=8755: ✅REAL max=0.400 (69891ms) ETA=10367s
[2026-04-27 15:48:41]   [140/294 · 48%] idx=8781: ✅REAL max=0.500 (38111ms) ETA=10270s
[2026-04-27 15:48:41]   💾 [140/294] 进度已保存
[2026-04-27 15:49:32]   [141/294 · 48%] idx=8794: ✅REAL max=0.240 (49450ms) ETA=10185s
[2026-04-27 15:50:21]   [142/294 · 48%] idx=8858: ✅REAL max=0.170 (47881ms) ETA=10100s
[2026-04-27 15:51:35]   [143/294 · 49%] idx=8866: ✅REAL max=0.520 (73174ms) ETA=10042s
[2026-04-27 15:52:40]   [144/294 · 49%] idx=8910: ✅REAL max=0.500 (64158ms) ETA=9974s
[2026-04-27 15:53:17]   [145/294 · 49%] idx=8913: ✅REAL max=0.400 (36359ms) ETA=9877s
[2026-04-27 15:54:08]   [146/294 · 50%] idx=8940: ✅REAL max=0.430 (49752ms) ETA=9795s
[2026-04-27 15:55:16]   [147/294 · 50%] idx=8961: ✅REAL max=0.440 (67232ms) ETA=9731s
[2026-04-27 15:56:01]   [148/294 · 50%] idx=8963: ✅REAL max=0.360 (43850ms) ETA=9644s
[2026-04-27 15:56:50]   [149/294 · 51%] idx=8988: ✅REAL max=0.280 (48069ms) ETA=9561s
[2026-04-27 15:57:57]   [150/294 · 51%] idx=9041: ✅REAL max=0.290 (65265ms) ETA=9496s
[2026-04-27 15:58:33]   [151/294 · 51%] idx=9063: ✅REAL max=0.350 (35681ms) ETA=9402s
[2026-04-27 15:59:25]   [152/294 · 52%] idx=9078: ✅REAL max=0.290 (50892ms) ETA=9323s
[2026-04-27 16:00:10]   [153/294 · 52%] idx=9085: ✅REAL max=0.217 (44036ms) ETA=9239s
[2026-04-27 16:01:13]   [154/294 · 52%] idx=9093: ✅REAL max=0.340 (62297ms) ETA=9171s
[2026-04-27 16:02:59]   [155/294 · 53%] idx=9104: ✅REAL max=0.450 (104740ms) ETA=9142s
[2026-04-27 16:03:45]   [156/294 · 53%] idx=9124: ✅REAL max=0.450 (45208ms) ETA=9059s
[2026-04-27 16:04:49]   [157/294 · 53%] idx=9149: ✅REAL max=0.302 (62870ms) ETA=8992s
[2026-04-27 16:05:47]   [158/294 · 54%] idx=9268: ✅REAL max=0.350 (56265ms) ETA=8919s
[2026-04-27 16:07:11]   [159/294 · 54%] idx=9356: ✅REAL max=0.550 (83694ms) ETA=8869s
[2026-04-27 16:08:17]   [160/294 · 54%] idx=9379: ✅REAL max=0.300 (64922ms) ETA=8804s
[2026-04-27 16:08:17]   💾 [160/294] 进度已保存
[2026-04-27 16:09:21]   [161/294 · 55%] idx=9426: ✅REAL max=0.200 (62545ms) ETA=8736s
[2026-04-27 16:09:56]   [162/294 · 55%] idx=9481: ✅REAL max=0.600 (34263ms) ETA=8646s
[2026-04-27 16:10:45]   [163/294 · 55%] idx=9498: ✅REAL max=0.295 (48443ms) ETA=8568s
[2026-04-27 16:12:57]   [164/294 · 56%] idx=9500: ✅REAL max=0.354 (64984ms) ETA=8555s
[2026-04-27 16:13:52]   [165/294 · 56%] idx=9524: ✅REAL max=0.300 (54269ms) ETA=8481s
[2026-04-27 16:14:44]   [166/294 · 56%] idx=9527: ✅REAL max=0.291 (50155ms) ETA=8404s
[2026-04-27 16:16:02]   [167/294 · 57%] idx=9626: ✅REAL max=0.300 (77664ms) ETA=8348s
[2026-04-27 16:16:47]   [168/294 · 57%] idx=9734: ✅REAL max=0.340 (43327ms) ETA=8266s
[2026-04-27 16:18:17]   [169/294 · 57%] idx=9740: ✅REAL max=0.432 (89821ms) ETA=8219s
[2026-04-27 16:20:58]   [170/294 · 58%] idx=9743: ✅REAL max=0.280 (80625ms) ETA=8222s
[2026-04-27 16:21:49]   [171/294 · 58%] idx=9759: ✅REAL max=0.333 (50663ms) ETA=8146s
[2026-04-27 16:23:02]   [172/294 · 59%] idx=9797: ✅REAL max=0.350 (71758ms) ETA=8084s
[2026-04-27 16:23:42]   [173/294 · 59%] idx=9814: ✅REAL max=0.418 (38588ms) ETA=7999s
[2026-04-27 16:24:51]   [174/294 · 59%] idx=9843: ✅REAL max=0.440 (68064ms) ETA=7935s
[2026-04-27 16:25:50]   [175/294 · 60%] idx=9873: ✅REAL max=0.374 (57620ms) ETA=7864s
[2026-04-27 16:26:53]   [176/294 · 60%] idx=9899: ✅REAL max=0.530 (62093ms) ETA=7796s
[2026-04-27 16:27:52]   [177/294 · 60%] idx=9956: ✅REAL max=0.300 (58565ms) ETA=7725s
[2026-04-27 16:28:59]   [178/294 · 61%] idx=9976: ✅REAL max=0.420 (66143ms) ETA=7660s
[2026-04-27 16:29:54]   [179/294 · 61%] idx=9980: ✅REAL max=0.420 (53806ms) ETA=7587s
[2026-04-27 16:31:03]   [180/294 · 61%] idx=9999: ✅REAL max=0.550 (67812ms) ETA=7523s
[2026-04-27 16:31:03]   💾 [180/294] 进度已保存
[2026-04-27 16:31:54]   [181/294 · 62%] idx=10001: ✅REAL max=0.360 (49647ms) ETA=7447s
[2026-04-27 16:32:59]   [182/294 · 62%] idx=10024: ✅REAL max=0.446 (64292ms) ETA=7381s
[2026-04-27 16:33:53]   [183/294 · 62%] idx=10089: ✅REAL max=0.450 (51079ms) ETA=7307s
[2026-04-27 16:50:20] [Proc 14] 启动，70秒后开始（避免并发冲突）
[2026-04-27 16:51:30] [数据] 从缓存加载: X_tr=/home/fandy/workplace/thesis/results/soft_labels/kuhar_X_tr.npy
[2026-04-27 16:51:30] [Proc 14] 类 14 (Run): 1752样本, 目标400, 已有289, 需生成111
[2026-04-27 16:52:42]   [1/111 · 1%] idx=10202: ✅REAL max=0.160 (72026ms) ETA=7923s
[2026-04-27 16:53:56]   [2/111 · 2%] idx=10252: ✅REAL max=0.330 (73383ms) ETA=7980s
[2026-04-27 16:55:04]   [3/111 · 3%] idx=10255: ✅REAL max=0.405 (66742ms) ETA=7710s
[2026-04-27 16:56:04]   [4/111 · 4%] idx=10359: ✅REAL max=0.292 (58562ms) ETA=7322s
[2026-04-27 16:57:32]   [5/111 · 5%] idx=10366: ✅REAL max=0.348 (86936ms) ETA=7667s
[2026-04-27 16:58:29]   [6/111 · 5%] idx=10370: ✅REAL max=0.400 (55996ms) ETA=7327s
[2026-04-27 16:58:57]   [7/111 · 6%] idx=10383: ✅REAL max=0.300 (27481ms) ETA=6643s
[2026-04-27 16:59:46]   [8/111 · 7%] idx=10426: ✅REAL max=0.800 (48320ms) ETA=6392s
[2026-04-27 17:00:46]   [9/111 · 8%] idx=10463: ✅REAL max=0.300 (58598ms) ETA=6302s
[2026-04-27 17:02:14]   [10/111 · 9%] idx=10484: ✅REAL max=0.200 (86591ms) ETA=6501s
[2026-04-27 17:03:54]   [11/111 · 10%] idx=10500: ✅REAL max=0.440 (99073ms) ETA=6761s
[2026-04-27 17:04:54]   [12/111 · 11%] idx=10529: ✅REAL max=0.350 (59273ms) ETA=6633s
[2026-04-27 17:05:55]   [13/111 · 12%] idx=10557: ✅REAL max=0.400 (60536ms) ETA=6525s
[2026-04-27 17:07:09]   [14/111 · 13%] idx=10590: ✅REAL max=0.311 (72347ms) ETA=6505s
[2026-04-27 19:02:48] [Proc 14] 启动，70秒后开始（避免并发冲突）
[2026-04-27 19:04:12] [数据] 从缓存加载: X_tr=/home/fandy/workplace/thesis/results/soft_labels/kuhar_X_tr.npy
[2026-04-27 20:48:41] [Proc 14] 启动，70秒后开始（避免并发冲突）
[2026-04-27 20:49:55] [数据] 从缓存加载: X_tr=/home/fandy/workplace/thesis/results/soft_labels/kuhar_X_tr.npy
[2026-04-27 20:51:50] [Proc 14] 启动，70秒后开始（避免并发冲突）
[2026-04-27 20:53:00] [数据] 从缓存加载: X_tr=/home/fandy/workplace/thesis/results/soft_labels/kuhar_X_tr.npy
[2026-04-27 20:53:00] [Proc 14] 类 14 (Run): 1752样本, 目标400, 已有303, 需生成97
[2026-04-27 20:53:53]   [1/97 · 1%] idx=10616: ✅REAL max=0.350 (52847ms) ETA=5073s
[2026-04-27 20:56:15]   [2/97 · 2%] idx=10623: ✅REAL max=0.310 (48954ms) ETA=9290s
[2026-04-27 20:57:00]   [3/97 · 3%] idx=10701: ✅REAL max=0.250 (43295ms) ETA=7516s
[2026-04-27 20:57:50]   [4/97 · 4%] idx=10722: ✅REAL max=0.395 (49041ms) ETA=6741s
[2026-04-27 20:58:44]   [5/97 · 5%] idx=10791: ✅REAL max=0.300 (52832ms) ETA=6325s
[2026-04-27 20:59:19]   [6/97 · 6%] idx=10815: ✅REAL max=0.449 (34847ms) ETA=5757s
[2026-04-27 21:00:09]   [7/97 · 7%] idx=10817: ✅REAL max=0.550 (48543ms) ETA=5518s
[2026-04-27 21:01:31]   [8/97 · 8%] idx=10839: ✅REAL max=0.250 (80524ms) ETA=5681s
[2026-04-27 21:02:22]   [9/97 · 9%] idx=10842: ✅REAL max=0.280 (50410ms) ETA=5496s
[2026-04-27 21:02:56]   [10/97 · 10%] idx=10855: ✅REAL max=0.300 (33171ms) ETA=5188s
[2026-04-27 21:03:31]   [11/97 · 11%] idx=10911: ✅REAL max=0.380 (33937ms) ETA=4935s
[2026-04-27 21:05:54]   [12/97 · 12%] idx=10937: ✅REAL max=0.350 (71533ms) ETA=5486s
[2026-04-27 21:06:30]   [13/97 · 13%] idx=10961: ✅REAL max=0.300 (34653ms) ETA=5235s
[2026-04-27 21:09:22]   [14/97 · 14%] idx=10990: ✅REAL max=0.430 (171133ms) ETA=5824s
[2026-04-27 21:10:10]   [15/97 · 15%] idx=11050: ✅REAL max=0.350 (46620ms) ETA=5630s
[2026-04-27 21:10:45]   [16/97 · 16%] idx=11072: ✅REAL max=0.450 (34347ms) ETA=5393s
[2026-04-27 21:11:54]   [17/97 · 18%] idx=11084: ✅REAL max=0.460 (67439ms) ETA=5335s
[2026-04-27 21:12:47]   [18/97 · 19%] idx=11096: ✅REAL max=0.200 (52676ms) ETA=5211s
[2026-04-27 21:13:44]   [19/97 · 20%] idx=11226: ✅REAL max=0.410 (55889ms) ETA=5108s
[2026-04-27 21:14:31]   [20/97 · 21%] idx=11245: ✅REAL max=0.310 (45605ms) ETA=4970s
[2026-04-27 21:14:31]   💾 [20/97] 进度已保存
[2026-04-27 21:15:21]   [21/97 · 22%] idx=11270: ✅REAL max=0.350 (49476ms) ETA=4854s
[2026-04-27 21:15:59]   [22/97 · 23%] idx=11285: ✅REAL max=0.550 (36635ms) ETA=4701s
[2026-04-27 21:17:05]   [23/97 · 24%] idx=11306: ✅REAL max=0.330 (64676ms) ETA=4648s
[2026-04-27 21:17:44]   [24/97 · 25%] idx=11353: ✅REAL max=0.200 (38068ms) ETA=4513s
[2026-04-27 21:19:04]   [25/97 · 26%] idx=11371: ✅REAL max=0.450 (79340ms) ETA=4505s
[2026-04-27 21:19:49]   [26/97 · 27%] idx=11390: ✅REAL max=0.150 (43658ms) ETA=4393s
[2026-04-27 21:20:30]   [27/97 · 28%] idx=11424: ✅REAL max=0.440 (40104ms) ETA=4277s
[2026-04-27 21:21:28]   [28/97 · 29%] idx=11432: ✅REAL max=0.420 (57389ms) ETA=4210s
[2026-04-27 21:23:41]   [29/97 · 30%] idx=11446: ✅REAL max=0.260 (45373ms) ETA=4318s
[2026-04-27 21:24:27]   [30/97 · 31%] idx=11508: ✅REAL max=0.590 (44773ms) ETA=4215s
[2026-04-27 21:25:38]   [31/97 · 32%] idx=11525: ✅REAL max=0.449 (70072ms) ETA=4170s
[2026-04-27 21:27:01]   [32/97 · 33%] idx=11542: ✅REAL max=0.343 (81902ms) ETA=4146s
[2026-04-27 21:27:42]   [33/97 · 34%] idx=11617: ✅REAL max=0.250 (40063ms) ETA=4039s
[2026-04-27 21:29:14]   [34/97 · 35%] idx=11669: ✅REAL max=0.445 (90692ms) ETA=4029s
[2026-04-27 21:29:51]   [35/97 · 36%] idx=11674: ✅REAL max=0.500 (35647ms) ETA=3916s
[2026-04-27 21:30:46]   [36/97 · 37%] idx=11686: ✅REAL max=0.280 (54210ms) ETA=3840s
[2026-04-27 21:31:17]   [37/97 · 38%] idx=11705: ✅REAL max=0.200 (30368ms) ETA=3725s
[2026-04-27 21:31:57]   [38/97 · 39%] idx=11843: ✅REAL max=0.350 (38370ms) ETA=3628s
[2026-04-27 21:32:32]   [39/97 · 40%] idx=11859: ✅REAL max=0.400 (34939ms) ETA=3529s
[2026-04-27 21:33:17]   [40/97 · 41%] idx=11871: ✅REAL max=0.300 (43998ms) ETA=3445s
[2026-04-27 21:33:18]   💾 [40/97] 进度已保存
[2026-04-27 21:34:08]   [41/97 · 42%] idx=11888: ✅REAL max=0.240 (49880ms) ETA=3372s
[2026-04-27 21:34:44]   [42/97 · 43%] idx=11889: ✅REAL max=0.330 (35030ms) ETA=3280s
[2026-04-27 21:35:27]   [43/97 · 44%] idx=12002: ✅REAL max=0.554 (41619ms) ETA=3199s
[2026-04-27 21:36:05]   [44/97 · 45%] idx=12099: ✅REAL max=0.300 (37295ms) ETA=3114s
[2026-04-27 21:36:41]   [45/97 · 46%] idx=12110: ✅REAL max=0.350 (34395ms) ETA=3029s
[2026-04-27 21:37:27]   [46/97 · 47%] idx=12173: ✅REAL max=0.285 (45067ms) ETA=2957s
[2026-04-27 21:38:07]   [47/97 · 48%] idx=12185: ✅REAL max=0.320 (39604ms) ETA=2880s
[2026-04-27 21:38:59]   [48/97 · 49%] idx=12241: ✅REAL max=0.340 (50366ms) ETA=2816s
[2026-04-27 21:39:40]   [49/97 · 51%] idx=12246: ✅REAL max=0.355 (40450ms) ETA=2743s
[2026-04-27 21:40:28]   [50/97 · 52%] idx=12282: ✅REAL max=0.570 (46834ms) ETA=2677s
[2026-04-27 21:41:02]   [51/97 · 53%] idx=12363: ✅REAL max=0.440 (32872ms) ETA=2600s
[2026-04-27 21:41:45]   [52/97 · 54%] idx=12390: ✅REAL max=0.340 (42490ms) ETA=2532s
[2026-04-27 21:42:10]   [53/97 · 55%] idx=12393: ✅REAL max=0.238 (23432ms) ETA=2449s
[2026-04-27 21:43:12]   [54/97 · 56%] idx=12479: ✅REAL max=0.320 (61061ms) ETA=2399s
[2026-04-27 21:45:15]   [55/97 · 57%] idx=12561: ✅REAL max=0.300 (47362ms) ETA=2394s
[2026-04-27 21:46:18]   [56/97 · 58%] idx=12565: ✅REAL max=0.450 (62199ms) ETA=2342s
[2026-04-27 21:47:00]   [57/97 · 59%] idx=12572: ✅REAL max=0.640 (41107ms) ETA=2274s
[2026-04-27 21:47:33]   [58/97 · 60%] idx=12592: ✅REAL max=0.490 (31460ms) ETA=2201s
[2026-04-27 21:48:06]   [59/97 · 61%] idx=12659: ✅REAL max=0.333 (32222ms) ETA=2129s
[2026-04-27 21:48:30]   [60/97 · 62%] idx=12665: ✅REAL max=0.310 (23148ms) ETA=2054s
[2026-04-27 21:48:30]   💾 [60/97] 进度已保存
[2026-04-27 21:49:37]   [61/97 · 63%] idx=12670: ✅REAL max=0.610 (66107ms) ETA=2005s
[2026-04-27 21:50:49]   [62/97 · 64%] idx=12719: ✅REAL max=0.297 (71369ms) ETA=1959s
[2026-04-27 21:51:34]   [63/97 · 65%] idx=12723: ✅REAL max=0.440 (43193ms) ETA=1896s
[2026-04-27 21:52:18]   [64/97 · 66%] idx=12749: ✅REAL max=0.450 (42838ms) ETA=1834s
[2026-04-27 21:52:54]   [65/97 · 67%] idx=12759: ✅REAL max=0.300 (35047ms) ETA=1769s
[2026-04-27 21:54:01]   [66/97 · 68%] idx=12760: ✅REAL max=0.450 (66192ms) ETA=1720s
[2026-04-27 21:54:38]   [67/97 · 69%] idx=12819: ✅REAL max=0.280 (36248ms) ETA=1656s
[2026-04-27 21:55:32]   [68/97 · 70%] idx=12844: ✅REAL max=0.440 (52510ms) ETA=1600s
[2026-04-27 21:56:18]   [69/97 · 71%] idx=12863: ✅REAL max=0.300 (45314ms) ETA=1541s
[2026-04-27 21:56:46]   [70/97 · 72%] idx=12883: ✅REAL max=0.250 (27151ms) ETA=1476s
[2026-04-27 21:57:35]   [71/97 · 73%] idx=12884: ✅REAL max=0.380 (47577ms) ETA=1419s
[2026-04-27 21:58:13]   [72/97 · 74%] idx=12900: ✅REAL max=0.370 (37355ms) ETA=1359s
[2026-04-27 21:58:55]   [73/97 · 75%] idx=12921: ✅REAL max=0.380 (41050ms) ETA=1300s
[2026-04-27 21:59:23]   [74/97 · 76%] idx=12938: ✅REAL max=0.700 (27388ms) ETA=1238s
[2026-04-27 22:00:01]   [75/97 · 77%] idx=12962: ✅REAL max=0.460 (36526ms) ETA=1180s
[2026-04-27 22:00:51]   [76/97 · 78%] idx=12991: ✅REAL max=0.350 (48956ms) ETA=1125s
[2026-04-27 22:01:51]   [77/97 · 79%] idx=12992: ✅REAL max=0.450 (59559ms) ETA=1073s
[2026-04-27 22:03:00]   [78/97 · 80%] idx=13010: ✅REAL max=0.300 (67584ms) ETA=1023s
[2026-04-27 22:03:36]   [79/97 · 81%] idx=13043: ✅REAL max=0.800 (35020ms) ETA=965s
[2026-04-27 22:04:20]   [80/97 · 82%] idx=13084: ✅REAL max=0.514 (42710ms) ETA=909s
[2026-04-27 22:04:20]   💾 [80/97] 进度已保存
[2026-04-27 22:06:49]   [81/97 · 84%] idx=13121: ✅REAL max=0.350 (64006ms) ETA=875s
[2026-04-27 22:07:21]   [82/97 · 85%] idx=13137: ✅REAL max=0.545 (31010ms) ETA=816s
[2026-04-27 22:08:19]   [83/97 · 86%] idx=13139: ✅REAL max=0.300 (56977ms) ETA=762s
[2026-04-27 22:09:22]   [84/97 · 87%] idx=13185: ✅REAL max=0.380 (61250ms) ETA=709s
[2026-04-27 22:09:57]   [85/97 · 88%] idx=13193: ✅REAL max=0.390 (34568ms) ETA=652s
[2026-04-27 22:12:50]   [86/97 · 89%] idx=13216: ✅REAL max=0.450 (42966ms) ETA=613s
[2026-04-27 22:13:50]   [87/97 · 90%] idx=13232: ✅REAL max=0.480 (59518ms) ETA=557s
[2026-04-27 22:14:32]   [88/97 · 91%] idx=13234: ✅REAL max=0.286 (40688ms) ETA=500s
[2026-04-27 22:15:05]   [89/97 · 92%] idx=13262: ✅REAL max=0.420 (32166ms) ETA=443s
[2026-04-27 22:15:46]   [90/97 · 93%] idx=13346: ✅REAL max=0.463 (39916ms) ETA=386s
[2026-04-27 22:16:23]   [91/97 · 94%] idx=13388: ✅REAL max=0.280 (35900ms) ETA=330s
[2026-04-27 22:16:54]   [92/97 · 95%] idx=13435: ✅REAL max=0.330 (30631ms) ETA=274s
[2026-04-27 22:17:40]   [93/97 · 96%] idx=13456: ✅REAL max=0.555 (44731ms) ETA=219s
[2026-04-27 22:18:25]   [94/97 · 97%] idx=13458: ✅REAL max=0.450 (43908ms) ETA=164s
[2026-04-27 22:20:06]   [95/97 · 98%] idx=13467: ✅REAL max=0.444 (27990ms) ETA=110s
[2026-04-27 22:20:53]   [96/97 · 99%] idx=13473: ✅REAL max=0.556 (45089ms) ETA=55s
[2026-04-27 22:21:33]   [97/97 · 100%] idx=13510: ✅REAL max=0.180 (39180ms) ETA=0s
[2026-04-27 22:21:34] [Proc 14] ✅ 类 14 (Run) 完成: 400/400 耗时5314s
[2026-04-27 22:21:34] [Proc 14] 全部完成 → /home/fandy/workplace/thesis/results/soft_labels/kuhar_soft_proc14.npy
[2026-04-28 00:05:25] [Proc 14] 启动，70秒后开始（避免并发冲突）
[2026-04-28 00:06:35] [数据] 从缓存加载: X_tr=/home/fandy/workplace/thesis/results/soft_labels/kuhar_X_tr.npy
[2026-04-28 00:06:35] [Proc 14] 类 14 已完成，跳过
[2026-04-28 00:06:35] [Proc 14] 全部完成 → /home/fandy/workplace/thesis/results/soft_labels/kuhar_soft_proc14.npy
[2026-04-28 00:13:26] [Proc 14] 启动，70秒后开始（避免并发冲突）
[2026-04-28 00:14:36] [数据] 从缓存加载: X_tr=/home/fandy/workplace/thesis/results/soft_labels/kuhar_X_tr.npy
[2026-04-28 00:14:36] [Proc 14] 类 14 已完成，跳过
[2026-04-28 00:14:36] [Proc 14] 全部完成 → /home/fandy/workplace/thesis/results/soft_labels/kuhar_soft_proc14.npy
[2026-04-28 00:24:05] [Proc 14] 启动，70秒后开始（避免并发冲突）
[2026-04-28 00:25:15] [数据] 从缓存加载: X_tr=/home/fandy/workplace/thesis/results/soft_labels/kuhar_X_tr.npy
[2026-04-28 00:25:15] [Proc 14] 类 14 已完成，跳过
[2026-04-28 00:25:15] [Proc 14] 全部完成 → /home/fandy/workplace/thesis/results/soft_labels/kuhar_soft_proc14.npy
