[2026-05-07 17:19:36]   [1/6498] idx=4768 true=2(standing) pred=2(standing)[✓] ent=0.622 top=[2:0.850,0:0.050]
[2026-05-07 17:20:39]   [5/6498] idx=2366 true=4(jogging) pred=4(jogging)[✓] ent=0.325 top=[4:0.900,3:0.100]
[2026-05-07 17:20:57]   [6/6498] idx=185 true=0(lying) pred=0(lying)[✓] ent=1.053 top=[0:0.450,1:0.450]
[2026-05-07 17:21:12]   [7/6498] idx=344 true=1(sitting) pred=1(sitting)[✓] ent=0.688 top=[1:0.550,0:0.450]
[2026-05-07 17:21:29]   [8/6498] idx=1880 true=0(lying) pred=0(lying)[✓] ent=0.791 top=[0:0.650,1:0.300]
[2026-05-07 17:21:38]   [9/6498] idx=1726 true=2(standing) pred=2(standing)[✓] ent=0.743 top=[2:0.800,1:0.100]
[2026-05-07 17:22:00]   [11/6498] idx=3262 true=1(sitting) pred=1(sitting)[✓] ent=0.688 top=[1:0.550,0:0.450]
[2026-05-07 17:22:16]   [12/6498] idx=4154 true=0(lying) pred=0(lying)[✓] ent=0.688 top=[0:0.550,1:0.450]
[2026-05-07 17:22:25]   [13/6498] idx=1162 true=0(lying) pred=0(lying)[✓] ent=0.949 top=[0:0.450,1:0.450]
[2026-05-07 17:22:45]   [15/6498] idx=4877 true=0(lying) pred=0(lying)[✓] ent=0.688 top=[0:0.550,1:0.450]
[2026-05-07 17:23:23]   [18/6498] idx=4446 true=3(walking) pred=3(walking)[✓] ent=0.778 top=[3:0.800,0:0.050]
[2026-05-07 17:23:36]   [19/6498] idx=6101 true=3(walking) pred=3(walking)[✓] ent=0.516 top=[3:0.880,4:0.060]
[2026-05-07 17:23:56]   [20/6498] idx=5345 true=3(walking) pred=3(walking)[✓] ent=0.423 top=[3:0.850,4:0.150]
[2026-05-07 17:24:33]   [23/6498] idx=5062 true=0(lying) pred=0(lying)[✓] ent=0.693 top=[0:0.500,1:0.500]
[2026-05-07 17:25:15]   [28/6498] idx=4228 true=0(lying) pred=0(lying)[✓] ent=0.688 top=[0:0.550,1:0.450]
[2026-05-07 17:25:27]   [29/6498] idx=3022 true=1(sitting) pred=1(sitting)[✓] ent=0.856 top=[1:0.500,0:0.450]
[2026-05-07 17:25:46]   [30/6498] idx=6476 true=4(jogging) pred=4(jogging)[✓] ent=0.419 top=[4:0.900,3:0.070]
[2026-05-07 17:26:51]   [35/6498] idx=3470 true=0(lying) pred=0(lying)[✓] ent=0.791 top=[0:0.650,1:0.300]
[2026-05-07 17:27:01]   [36/6498] idx=2950 true=2(standing) pred=2(standing)[✓] ent=0.622 top=[2:0.850,0:0.050]
[2026-05-07 17:27:09]   [37/6498] idx=2378 true=1(sitting) pred=1(sitting)[✓] ent=0.688 top=[1:0.550,0:0.450]
[2026-05-07 17:27:29]   [39/6498] idx=1557 true=2(standing) pred=2(standing)[✓] ent=0.622 top=[2:0.850,0:0.050]
[2026-05-07 17:27:58]   [40/6498] idx=1654 true=4(jogging) pred=4(jogging)[✓] ent=0.423 top=[4:0.850,3:0.150]
[2026-05-07 17:28:11]   [41/6498] idx=2864 true=0(lying) pred=0(lying)[✓] ent=0.845 top=[0:0.550,1:0.400]
[2026-05-07 17:29:20]   [48/6498] idx=1721 true=2(standing) pred=2(standing)[✓] ent=0.742 top=[2:0.800,1:0.100]
[2026-05-07 17:29:36]   [49/6498] idx=5401 true=3(walking) pred=3(walking)[✓] ent=0.613 top=[3:0.850,2:0.060]
[2026-05-07 17:29:50]   [51/6498] idx=3071 true=2(standing) pred=2(standing)[✓] ent=0.622 top=[2:0.850,0:0.050]
[2026-05-07 17:30:00]   [52/6498] idx=4293 true=2(standing) pred=2(standing)[✓] ent=0.622 top=[2:0.850,0:0.050]
[2026-05-07 17:30:18]   [53/6498] idx=4842 true=4(jogging) pred=4(jogging)[✓] ent=0.325 top=[4:0.900,3:0.100]
[2026-05-07 17:30:46]   [55/6498] idx=1374 true=0(lying) pred=0(lying)[✓] ent=0.693 top=[0:0.500,1:0.500]
[2026-05-07 17:31:04]   [57/6498] idx=3977 true=2(standing) pred=2(standing)[✓] ent=0.742 top=[2:0.800,1:0.100]
[2026-05-07 17:31:14]   [58/6498] idx=2631 true=2(standing) pred=2(standing)[✓] ent=0.622 top=[2:0.850,0:0.050]
[2026-05-07 17:31:25]   [59/6498] idx=560 true=2(standing) pred=2(standing)[✓] ent=0.742 top=[2:0.800,1:0.100]
[2026-05-07 17:32:46]   [61/6498] idx=1602 true=3(walking) pred=3(walking)[✓] ent=0.778 top=[3:0.800,0:0.050]
[2026-05-07 17:32:56]   [62/6498] idx=3327 true=1(sitting) pred=1(sitting)[✓] ent=0.927 top=[1:0.550,0:0.350]
[2026-05-07 17:34:00]   [68/6498] idx=424 true=2(standing) pred=2(standing)[✓] ent=1.030 top=[2:0.500,1:0.300]
[2026-05-07 17:34:08]   [69/6498] idx=3430 true=2(standing) pred=2(standing)[✓] ent=0.834 top=[2:0.750,1:0.150]
[2026-05-07 17:34:22]   [70/6498] idx=3409 true=0(lying) pred=0(lying)[✓] ent=0.693 top=[0:0.500,1:0.500]
[2026-05-07 17:35:47]   [72/6498] idx=1537 true=2(standing) pred=2(standing)[✓] ent=0.622 top=[2:0.850,0:0.050]
[2026-05-07 17:36:00]   [74/6498] idx=1784 true=3(walking) pred=3(walking)[✓] ent=0.778 top=[3:0.800,0:0.050]
[2026-05-07 17:36:11]   [75/6498] idx=303 true=1(sitting) pred=1(sitting)[✓] ent=0.943 top=[1:0.500,0:0.400]
[2026-05-07 17:36:33]   [77/6498] idx=3829 true=2(standing) pred=2(standing)[✓] ent=0.742 top=[2:0.800,1:0.100]
[2026-05-07 17:36:50]   [79/6498] idx=5356 true=3(walking) pred=3(walking)[✓] ent=0.652 top=[3:0.820,4:0.120]
[2026-05-07 17:37:00]   [80/6498] idx=1849 true=2(standing) pred=2(standing)[✓] ent=0.622 top=[2:0.850,0:0.050]
[2026-05-07 17:38:16]   [83/6498] idx=4617 true=1(sitting) pred=1(sitting)[✓] ent=0.688 top=[1:0.550,0:0.450]
[2026-05-07 17:38:27]   [84/6498] idx=973 true=1(sitting) pred=1(sitting)[✓] ent=1.161 top=[1:0.450,2:0.350]
[2026-05-07 17:38:59]   [87/6498] idx=3875 true=2(standing) pred=2(standing)[✓] ent=0.895 top=[2:0.750,1:0.100]
[2026-05-07 17:39:05]   [88/6498] idx=6191 true=0(lying) pred=0(lying)[✓] ent=0.693 top=[0:0.500,1:0.500]
[2026-05-07 17:39:15]   [89/6498] idx=4434 true=2(standing) pred=2(standing)[✓] ent=0.742 top=[2:0.800,1:0.100]
[2026-05-07 17:39:24]   [90/6498] idx=1114 true=0(lying) pred=0(lying)[✓] ent=0.693 top=[0:0.500,1:0.500]
[2026-05-07 17:39:39]   [92/6498] idx=2610 true=0(lying) pred=0(lying)[✓] ent=0.693 top=[0:0.500,1:0.500]
