[2026-04-27 10:42:56] [Proc 17] 启动，85秒后开始（避免并发冲突）
[2026-04-27 10:44:21] [数据] 从缓存加载: X_tr=/home/fandy/workplace/thesis/results/soft_labels/kuhar_X_tr.npy
[2026-04-27 10:44:21] [Proc 17] 类 17 (Table-tennis): 1330样本, 目标400, 已有0, 需生成400
[2026-04-27 10:45:27]   [1/400 · 0%] idx=9: ✅REAL max=0.714 (65920ms) ETA=26302s
[2026-04-27 10:46:11]   [2/400 · 0%] idx=69: ✅REAL max=0.560 (42857ms) ETA=21847s
[2026-04-27 10:46:54]   [3/400 · 1%] idx=123: ✅REAL max=0.490 (41434ms) ETA=20144s
[2026-04-27 10:47:46]   [4/400 · 1%] idx=160: ✅REAL max=0.390 (51257ms) ETA=20244s
[2026-04-27 10:48:23]   [5/400 · 1%] idx=218: ✅REAL max=0.350 (36595ms) ETA=19125s
[2026-04-27 10:50:26]   [6/400 · 2%] idx=219: ✅REAL max=0.400 (45003ms) ETA=23972s
[2026-04-27 10:51:33]   [7/400 · 2%] idx=312: ✅REAL max=0.400 (65666ms) ETA=24239s
[2026-04-27 10:52:23]   [8/400 · 2%] idx=316: ✅REAL max=0.290 (48618ms) ETA=23587s
[2026-04-27 10:53:32]   [9/400 · 2%] idx=479: ✅REAL max=0.300 (65846ms) ETA=23917s
[2026-04-27 11:22:36]   [10/400 · 2%] idx=496: ✅REAL max=0.820 (254166ms) ETA=89475s
[2026-04-27 11:32:55] [Proc 17] 启动，85秒后开始（避免并发冲突）
[2026-04-27 11:34:20] [数据] 从缓存加载: X_tr=/home/fandy/workplace/thesis/results/soft_labels/kuhar_X_tr.npy
[2026-04-27 11:34:20] [Proc 17] 类 17 (Table-tennis): 1330样本, 目标400, 已有10, 需生成390
[2026-04-27 11:35:08]   [1/390 · 0%] idx=551: ✅REAL max=0.510 (48465ms) ETA=18853s
[2026-04-27 11:37:20]   [2/390 · 1%] idx=572: ✅REAL max=0.270 (44022ms) ETA=34855s
[2026-04-27 11:38:02]   [3/390 · 1%] idx=675: ✅REAL max=0.700 (41653ms) ETA=28679s
[2026-04-27 11:38:55]   [4/390 · 1%] idx=700: ✅REAL max=0.450 (51457ms) ETA=26517s
[2026-04-27 11:40:33]   [5/390 · 1%] idx=710: ✅REAL max=0.310 (97125ms) ETA=28714s
[2026-04-27 11:41:50]   [6/390 · 2%] idx=742: ✅REAL max=0.556 (76112ms) ETA=28802s
[2026-04-27 11:42:42]   [7/390 · 2%] idx=751: ✅REAL max=0.140 (50957ms) ETA=27466s
[2026-04-27 11:44:06]   [8/390 · 2%] idx=881: ✅REAL max=0.230 (82807ms) ETA=27972s
[2026-04-27 11:44:47]   [9/390 · 2%] idx=952: ✅REAL max=0.300 (40339ms) ETA=26549s
[2026-04-27 11:45:33]   [10/390 · 3%] idx=1035: ✅REAL max=0.400 (45207ms) ETA=25588s
[2026-04-27 11:46:06]   [11/390 · 3%] idx=1040: ✅REAL max=0.637 (31918ms) ETA=24335s
[2026-04-27 11:46:38]   [12/390 · 3%] idx=1045: ✅REAL max=0.520 (30458ms) ETA=23239s
[2026-04-27 11:47:50]   [13/390 · 3%] idx=1127: ✅REAL max=0.450 (71775ms) ETA=23505s
[2026-04-27 11:48:19]   [14/390 · 4%] idx=1149: ✅REAL max=0.250 (28096ms) ETA=22550s
[2026-04-27 11:49:14]   [15/390 · 4%] idx=1205: ✅REAL max=0.390 (53403ms) ETA=22351s
[2026-04-27 11:49:53]   [16/390 · 4%] idx=1215: ✅REAL max=0.240 (38297ms) ETA=21817s
[2026-04-27 11:51:02]   [17/390 · 4%] idx=1246: ✅REAL max=0.800 (68194ms) ETA=21997s
[2026-04-27 11:52:12]   [18/390 · 5%] idx=1247: ✅REAL max=0.380 (68371ms) ETA=22153s
[2026-04-27 11:52:58]   [19/390 · 5%] idx=1263: ✅REAL max=0.420 (45550ms) ETA=21840s
[2026-04-27 11:54:39]   [20/390 · 5%] idx=1279: ✅REAL max=0.400 (33170ms) ETA=22555s
[2026-04-27 11:54:39]   💾 [20/390] 进度已保存
[2026-04-27 11:55:29]   [21/390 · 5%] idx=1333: ✅REAL max=0.554 (49332ms) ETA=22307s
[2026-04-27 11:56:40]   [22/390 · 6%] idx=1351: ✅REAL max=0.700 (70026ms) ETA=22424s
[2026-04-27 11:57:28]   [23/390 · 6%] idx=1356: ✅REAL max=0.470 (46867ms) ETA=22154s
[2026-04-27 11:58:44]   [24/390 · 6%] idx=1374: ✅REAL max=0.440 (74760ms) ETA=22329s
[2026-04-27 11:59:39]   [25/390 · 6%] idx=1470: ✅REAL max=0.590 (54118ms) ETA=22182s
[2026-04-27 12:00:29]   [26/390 · 7%] idx=1495: ✅REAL max=0.500 (48804ms) ETA=21968s
[2026-04-27 12:01:00]   [27/390 · 7%] idx=1567: ✅REAL max=0.556 (29767ms) ETA=21510s
[2026-04-27 12:02:58]   [28/390 · 7%] idx=1582: ✅REAL max=0.450 (47497ms) ETA=22212s
[2026-04-27 12:04:24]   [29/390 · 7%] idx=1610: ✅REAL max=0.400 (85424ms) ETA=22463s
[2026-04-27 12:05:21]   [30/390 · 8%] idx=1637: ✅REAL max=0.350 (55843ms) ETA=22336s
[2026-04-27 12:06:49]   [31/390 · 8%] idx=1699: ✅REAL max=0.455 (87153ms) ETA=22576s
[2026-04-27 12:07:28]   [32/390 · 8%] idx=1782: ✅REAL max=0.550 (37591ms) ETA=22242s
[2026-04-27 12:09:14]   [33/390 · 8%] idx=1829: ✅REAL max=0.370 (39963ms) ETA=22656s
[2026-04-27 12:11:18]   [34/390 · 9%] idx=1978: ✅REAL max=0.415 (43253ms) ETA=23223s
[2026-04-27 12:12:14]   [35/390 · 9%] idx=2009: ✅REAL max=0.320 (54977ms) ETA=23064s
[2026-04-27 12:13:04]   [36/390 · 9%] idx=2124: ✅REAL max=0.640 (49476ms) ETA=22857s
[2026-04-27 12:14:00]   [37/390 · 9%] idx=2258: ✅REAL max=0.360 (54674ms) ETA=22707s
[2026-04-27 12:16:09]   [38/390 · 10%] idx=2404: ✅REAL max=0.540 (43376ms) ETA=23242s
[2026-04-27 12:17:07]   [39/390 · 10%] idx=2480: ✅REAL max=0.350 (57284ms) ETA=23106s
[2026-04-27 12:17:45]   [40/390 · 10%] idx=2490: ✅REAL max=0.380 (36615ms) ETA=22793s
[2026-04-27 12:17:45]   💾 [40/390] 进度已保存
[2026-04-27 12:18:22]   [41/390 · 11%] idx=2493: ✅REAL max=0.300 (36142ms) ETA=22490s
[2026-04-27 12:19:00]   [42/390 · 11%] idx=2559: ✅REAL max=0.368 (37138ms) ETA=22208s
[2026-04-27 12:19:32]   [43/390 · 11%] idx=2668: ✅REAL max=0.500 (30498ms) ETA=21883s
[2026-04-27 12:20:07]   [44/390 · 11%] idx=2724: ✅REAL max=0.500 (34301ms) ETA=21602s
[2026-04-27 12:20:44]   [45/390 · 12%] idx=2914: ✅REAL max=0.700 (35681ms) ETA=21342s
[2026-04-27 12:22:08]   [46/390 · 12%] idx=2974: ✅REAL max=0.400 (83811ms) ETA=21452s
[2026-04-27 12:23:01]   [47/390 · 12%] idx=3085: ✅REAL max=0.440 (51588ms) ETA=21318s
[2026-04-27 12:23:44]   [48/390 · 12%] idx=3120: ✅REAL max=0.410 (42313ms) ETA=21122s
[2026-04-27 12:24:51]   [49/390 · 13%] idx=3200: ✅REAL max=0.550 (65504ms) ETA=21093s
[2026-04-27 12:25:36]   [50/390 · 13%] idx=3395: ✅REAL max=0.350 (43962ms) ETA=20916s
[2026-04-27 12:26:21]   [51/390 · 13%] idx=3451: ✅REAL max=0.700 (43704ms) ETA=20743s
[2026-04-27 12:27:03]   [52/390 · 13%] idx=3477: ✅REAL max=0.299 (41397ms) ETA=20560s
[2026-04-27 12:29:22]   [53/390 · 14%] idx=3493: ✅REAL max=0.300 (55290ms) ETA=20995s
[2026-04-27 12:29:57]   [54/390 · 14%] idx=3535: ✅REAL max=0.550 (34693ms) ETA=20767s
[2026-04-27 12:31:00]   [55/390 · 14%] idx=3592: ✅REAL max=0.330 (61395ms) ETA=20709s
[2026-04-27 12:31:42]   [56/390 · 14%] idx=3642: ✅REAL max=0.400 (40717ms) ETA=20527s
[2026-04-27 12:32:26]   [57/390 · 15%] idx=3677: ✅REAL max=0.370 (43006ms) ETA=20364s
[2026-04-27 12:33:46]   [58/390 · 15%] idx=3684: ✅REAL max=0.700 (79694ms) ETA=20415s
[2026-04-27 12:35:10]   [59/390 · 15%] idx=3842: ✅REAL max=0.300 (82868ms) ETA=20479s
[2026-04-27 12:36:17]   [60/390 · 15%] idx=3910: ✅REAL max=0.190 (66027ms) ETA=20445s
[2026-04-27 12:36:17]   💾 [60/390] 进度已保存
[2026-04-27 12:36:55]   [61/390 · 16%] idx=3911: ✅REAL max=0.750 (37274ms) ETA=20256s
[2026-04-27 12:40:18]   [62/390 · 16%] idx=3963: ✅REAL max=0.463 (201334ms) ETA=20939s
[2026-04-27 12:40:55]   [63/390 · 16%] idx=4059: ✅REAL max=0.520 (36688ms) ETA=20739s
[2026-04-27 12:41:35]   [64/390 · 16%] idx=4084: ✅REAL max=0.150 (38470ms) ETA=20554s
[2026-04-27 12:42:04]   [65/390 · 17%] idx=4087: ✅REAL max=0.400 (28498ms) ETA=20323s
[2026-04-27 12:42:44]   [66/390 · 17%] idx=4153: ✅REAL max=0.250 (38614ms) ETA=20148s
[2026-04-27 12:43:17]   [67/390 · 17%] idx=4215: ✅REAL max=0.420 (31667ms) ETA=19944s
[2026-04-27 12:43:54]   [68/390 · 17%] idx=4249: ✅REAL max=0.350 (36192ms) ETA=19766s
[2026-04-27 12:44:57]   [69/390 · 18%] idx=4281: ✅REAL max=0.250 (61703ms) ETA=19710s
[2026-04-27 12:45:34]   [70/390 · 18%] idx=4338: ✅REAL max=0.680 (35895ms) ETA=19537s
[2026-04-27 12:46:13]   [71/390 · 18%] idx=4464: ✅REAL max=0.300 (38928ms) ETA=19381s
[2026-04-27 12:47:08]   [72/390 · 18%] idx=4490: ✅REAL max=0.340 (53527ms) ETA=19293s
[2026-04-27 12:48:07]   [73/390 · 19%] idx=4578: ✅REAL max=0.320 (57802ms) ETA=19224s
[2026-04-27 12:48:43]   [74/390 · 19%] idx=4590: ✅REAL max=0.240 (35316ms) ETA=19060s
[2026-04-27 12:49:28]   [75/390 · 19%] idx=4638: ✅REAL max=0.430 (43949ms) ETA=18935s
[2026-04-27 12:50:10]   [76/390 · 19%] idx=4640: ✅REAL max=0.300 (41346ms) ETA=18801s
[2026-04-27 12:50:57]   [77/390 · 20%] idx=4642: ✅REAL max=0.400 (45285ms) ETA=18686s
[2026-04-27 12:51:44]   [78/390 · 20%] idx=4665: ✅REAL max=0.400 (46318ms) ETA=18577s
[2026-04-27 12:52:28]   [79/390 · 20%] idx=4717: ✅REAL max=0.430 (42919ms) ETA=18456s
[2026-04-27 12:54:20]   [80/390 · 21%] idx=4727: ✅REAL max=0.550 (111493ms) ETA=18603s
[2026-04-27 12:54:20]   💾 [80/390] 进度已保存
[2026-04-27 12:55:27]   [81/390 · 21%] idx=4799: ✅REAL max=0.280 (65720ms) ETA=18568s
[2026-04-27 12:56:15]   [82/390 · 21%] idx=4806: ✅REAL max=0.650 (47028ms) ETA=18463s
[2026-04-27 12:56:49]   [83/390 · 21%] idx=4899: ✅REAL max=0.700 (32393ms) ETA=18305s
[2026-04-27 12:58:35]   [84/390 · 22%] idx=4903: ✅REAL max=0.350 (105346ms) ETA=18415s
[2026-04-27 12:59:53]   [85/390 · 22%] idx=4911: ✅REAL max=0.220 (76530ms) ETA=18417s
[2026-04-27 13:00:38]   [86/390 · 22%] idx=4929: ✅REAL max=0.450 (44384ms) ETA=18304s
[2026-04-27 13:01:27]   [87/390 · 22%] idx=4957: ✅REAL max=0.280 (47819ms) ETA=18204s
[2026-04-27 13:12:01] [Proc 17] 启动，85秒后开始（避免并发冲突）
[2026-04-27 13:13:26] [数据] 从缓存加载: X_tr=/home/fandy/workplace/thesis/results/soft_labels/kuhar_X_tr.npy
[2026-04-27 13:13:26] [Proc 17] 类 17 (Table-tennis): 1330样本, 目标400, 已有97, 需生成303
[2026-04-27 13:14:07]   [1/303 · 0%] idx=4958: ✅REAL max=0.250 (41302ms) ETA=12473s
[2026-04-27 13:15:10]   [2/303 · 1%] idx=5029: ✅REAL max=0.430 (61358ms) ETA=15601s
[2026-04-27 13:15:49]   [3/303 · 1%] idx=5195: ✅REAL max=0.250 (38449ms) ETA=14312s
[2026-04-27 13:16:42]   [4/303 · 1%] idx=5256: ✅REAL max=0.400 (51466ms) ETA=14620s
[2026-04-27 13:17:39]   [5/303 · 2%] idx=5262: ✅REAL max=0.222 (56037ms) ETA=15057s
[2026-04-27 13:18:13]   [6/303 · 2%] idx=5323: ✅REAL max=0.250 (33442ms) ETA=14210s
[2026-04-27 13:19:20]   [7/303 · 2%] idx=5441: ✅REAL max=0.330 (66247ms) ETA=14983s
[2026-04-27 13:20:39]   [8/303 · 3%] idx=5499: ✅REAL max=0.400 (77146ms) ETA=15948s
[2026-04-27 13:21:31]   [9/303 · 3%] idx=5538: ✅REAL max=0.340 (51080ms) ETA=15829s
[2026-04-27 13:22:17]   [10/303 · 3%] idx=5540: ✅REAL max=0.540 (44928ms) ETA=15544s
[2026-04-27 13:23:21]   [11/303 · 4%] idx=5543: ✅REAL max=0.180 (63465ms) ETA=15794s
[2026-04-27 13:24:09]   [12/303 · 4%] idx=5555: ✅REAL max=0.590 (46635ms) ETA=15583s
[2026-04-27 13:25:00]   [13/303 · 4%] idx=5624: ✅REAL max=0.450 (50680ms) ETA=15488s
[2026-04-27 13:26:06]   [14/303 · 5%] idx=5633: ✅REAL max=0.249 (65007ms) ETA=15695s
[2026-04-27 13:26:53]   [15/303 · 5%] idx=5657: ✅REAL max=0.700 (45157ms) ETA=15484s
[2026-04-27 13:28:35]   [16/303 · 5%] idx=5692: ✅REAL max=0.250 (100881ms) ETA=16294s
[2026-04-27 13:29:51]   [17/303 · 6%] idx=5702: ✅REAL max=0.556 (75390ms) ETA=16567s
[2026-04-27 13:30:32]   [18/303 · 6%] idx=5716: ✅REAL max=0.579 (39687ms) ETA=16236s
[2026-04-27 13:31:26]   [19/303 · 6%] idx=5736: ✅REAL max=0.550 (53021ms) ETA=16135s
[2026-04-27 13:31:51]   [20/303 · 7%] idx=5757: ✅REAL max=0.250 (24633ms) ETA=15637s
[2026-04-27 13:31:51]   💾 [20/303] 进度已保存
[2026-04-27 13:32:41]   [21/303 · 7%] idx=5790: ✅REAL max=0.350 (48583ms) ETA=15506s
[2026-04-27 13:35:35]   [22/303 · 7%] idx=5821: ✅REAL max=0.320 (59742ms) ETA=16975s
[2026-04-27 13:37:14]   [23/303 · 8%] idx=5827: ✅REAL max=0.450 (98312ms) ETA=17388s
[2026-04-27 13:37:53]   [24/303 · 8%] idx=5831: ✅REAL max=0.714 (37253ms) ETA=17049s
[2026-04-27 13:38:52]   [25/303 · 8%] idx=5934: ✅REAL max=0.450 (58511ms) ETA=16970s
[2026-04-27 13:39:36]   [26/303 · 9%] idx=5940: ✅REAL max=0.350 (42732ms) ETA=16725s
[2026-04-27 13:40:28]   [27/303 · 9%] idx=6026: ✅REAL max=0.580 (50815ms) ETA=16577s
[2026-04-27 13:41:10]   [28/303 · 9%] idx=6043: ✅REAL max=0.360 (40699ms) ETA=16337s
[2026-04-27 13:42:17]   [29/303 · 10%] idx=6044: ✅REAL max=0.300 (66119ms) ETA=16350s
[2026-04-27 13:43:29]   [30/303 · 10%] idx=6067: ✅REAL max=0.320 (71034ms) ETA=16403s
[2026-04-27 13:44:46]   [31/303 · 10%] idx=6232: ✅REAL max=0.400 (76406ms) ETA=16495s
[2026-04-27 13:46:10]   [32/303 · 11%] idx=6314: ✅REAL max=0.380 (82784ms) ETA=16630s
[2026-04-27 13:47:31]   [33/303 · 11%] idx=6316: ✅REAL max=0.420 (79705ms) ETA=16727s
[2026-04-27 13:48:02]   [34/303 · 11%] idx=6340: ✅REAL max=0.350 (30266ms) ETA=16422s
[2026-04-27 13:49:29]   [35/303 · 12%] idx=6392: ✅REAL max=0.550 (86343ms) ETA=16563s
[2026-04-27 13:50:24]   [36/303 · 12%] idx=6398: ✅REAL max=0.440 (53547ms) ETA=16447s
[2026-04-27 13:51:15]   [37/303 · 12%] idx=6471: ✅REAL max=0.550 (49987ms) ETA=16309s
[2026-04-27 13:51:59]   [38/303 · 13%] idx=6561: ✅REAL max=0.561 (43130ms) ETA=16128s
[2026-04-27 13:53:02]   [39/303 · 13%] idx=6734: ✅REAL max=0.470 (62244ms) ETA=16084s
[2026-04-27 13:54:00]   [40/303 · 13%] idx=6825: ✅REAL max=0.445 (56452ms) ETA=16000s
[2026-04-27 13:54:00]   💾 [40/303] 进度已保存
[2026-04-27 13:54:55]   [41/303 · 14%] idx=6933: ✅REAL max=0.250 (54820ms) ETA=15907s
[2026-04-27 13:55:51]   [42/303 · 14%] idx=6940: ✅REAL max=0.200 (54479ms) ETA=15814s
[2026-04-27 13:59:19]   [43/303 · 14%] idx=6950: ✅REAL max=0.450 (206786ms) ETA=16643s
[2026-04-27 14:00:38]   [44/303 · 15%] idx=6959: ✅REAL max=0.290 (78779ms) ETA=16672s
[2026-04-27 14:01:40]   [45/303 · 15%] idx=6976: ✅REAL max=0.576 (60946ms) ETA=16594s
[2026-04-27 14:03:07]   [46/303 · 15%] idx=7040: ✅REAL max=0.190 (85872ms) ETA=16656s
[2026-04-27 14:04:39]   [47/303 · 16%] idx=7047: ✅REAL max=0.420 (90374ms) ETA=16735s
[2026-04-27 14:06:06]   [48/303 · 16%] idx=7143: ✅REAL max=0.360 (86273ms) ETA=16786s
[2026-04-27 14:06:53]   [49/303 · 16%] idx=7196: ✅REAL max=0.540 (45916ms) ETA=16623s
[2026-04-27 14:08:23]   [50/303 · 17%] idx=7271: ✅REAL max=0.450 (88872ms) ETA=16681s
[2026-04-27 14:10:11]   [51/303 · 17%] idx=7412: ✅REAL max=0.551 (107370ms) ETA=16825s
[2026-04-27 14:13:15]   [52/303 · 17%] idx=7416: ✅REAL max=0.450 (182631ms) ETA=17322s
[2026-04-27 14:14:46]   [53/303 · 17%] idx=7425: ✅REAL max=0.450 (89922ms) ETA=17356s
[2026-04-27 14:15:56]   [54/303 · 18%] idx=7447: ✅REAL max=0.350 (69255ms) ETA=17291s
[2026-04-27 14:16:46]   [55/303 · 18%] idx=7466: ✅REAL max=0.700 (48542ms) ETA=17132s
[2026-04-27 14:17:38]   [56/303 · 18%] idx=7483: ✅REAL max=0.800 (51615ms) ETA=16990s
[2026-04-27 14:18:50]   [57/303 · 19%] idx=7560: ✅REAL max=0.480 (70633ms) ETA=16934s
[2026-04-27 14:19:31]   [58/303 · 19%] idx=7571: ✅REAL max=0.300 (40113ms) ETA=16748s
[2026-04-27 14:20:57]   [59/303 · 19%] idx=7581: ✅REAL max=0.220 (84777ms) ETA=16751s
[2026-04-27 14:23:17]   [60/303 · 20%] idx=7635: ✅REAL max=0.450 (51892ms) ETA=16971s
[2026-04-27 14:23:17]   💾 [60/303] 进度已保存
[2026-04-27 14:24:35]   [61/303 · 20%] idx=7752: ✅REAL max=0.440 (77741ms) ETA=16936s
[2026-04-27 14:25:23]   [62/303 · 20%] idx=7791: ✅REAL max=0.490 (46515ms) ETA=16779s
[2026-04-27 14:27:52]   [63/303 · 21%] idx=7855: ✅REAL max=0.440 (83191ms) ETA=17014s
[2026-04-27 14:28:40]   [64/303 · 21%] idx=7928: ✅REAL max=0.190 (46334ms) ETA=16855s
[2026-04-27 14:29:23]   [65/303 · 21%] idx=7934: ✅REAL max=0.330 (42785ms) ETA=16687s
[2026-04-27 14:30:55]   [66/303 · 22%] idx=7937: ✅REAL max=0.440 (91061ms) ETA=16695s
[2026-04-27 14:31:43]   [67/303 · 22%] idx=7949: ✅REAL max=0.283 (46868ms) ETA=16545s
[2026-04-27 14:32:44]   [68/303 · 22%] idx=7951: ✅REAL max=0.530 (59979ms) ETA=16444s
[2026-04-27 14:33:57]   [69/303 · 23%] idx=7978: ✅REAL max=0.300 (71439ms) ETA=16382s
[2026-04-27 14:36:50]   [70/303 · 23%] idx=7981: ✅REAL max=0.350 (172598ms) ETA=16657s
[2026-04-27 14:39:07]   [71/303 · 23%] idx=8037: ✅REAL max=0.316 (54513ms) ETA=16798s
[2026-04-27 14:40:29]   [72/303 · 24%] idx=8038: ✅REAL max=0.299 (80923ms) ETA=16757s
[2026-04-27 14:43:08]   [73/303 · 24%] idx=8048: ✅REAL max=0.550 (53588ms) ETA=16956s
[2026-04-27 14:43:40]   [74/303 · 24%] idx=8096: ✅REAL max=0.300 (31113ms) ETA=16753s
[2026-04-27 14:44:18]   [75/303 · 25%] idx=8110: ✅REAL max=0.710 (36890ms) ETA=16573s
[2026-04-27 14:45:10]   [76/303 · 25%] idx=8145: ✅REAL max=0.420 (51037ms) ETA=16439s
[2026-04-27 14:46:33]   [77/303 · 25%] idx=8192: ✅REAL max=0.350 (81668ms) ETA=16396s
[2026-04-27 14:48:31]   [78/303 · 26%] idx=8294: ✅REAL max=0.680 (117643ms) ETA=16457s
[2026-04-27 14:49:21]   [79/303 · 26%] idx=8379: ✅REAL max=0.450 (48355ms) ETA=16316s
[2026-04-27 14:52:41]   [80/303 · 26%] idx=8394: ✅REAL max=0.230 (92546ms) ETA=16599s
[2026-04-27 14:52:41]   💾 [80/303] 进度已保存
[2026-04-27 14:53:43]   [81/303 · 27%] idx=8402: ✅REAL max=0.550 (60703ms) ETA=16490s
[2026-04-27 14:55:01]   [82/303 · 27%] idx=8440: ✅REAL max=0.550 (77095ms) ETA=16426s
[2026-04-27 14:55:59]   [83/303 · 27%] idx=8443: ✅REAL max=0.335 (56870ms) ETA=16308s
[2026-04-27 14:57:02]   [84/303 · 28%] idx=8451: ✅REAL max=0.200 (62334ms) ETA=16206s
[2026-04-27 14:58:33]   [85/303 · 28%] idx=8468: ✅REAL max=0.850 (90139ms) ETA=16176s
[2026-04-27 14:59:22]   [86/303 · 28%] idx=8487: ✅REAL max=0.550 (47784ms) ETA=16037s
[2026-04-27 15:00:16]   [87/303 · 29%] idx=8494: ✅REAL max=0.340 (52930ms) ETA=15914s
[2026-04-27 15:01:23]   [88/303 · 29%] idx=8498: ✅REAL max=0.310 (66441ms) ETA=15825s
[2026-04-27 15:02:42]   [89/303 · 29%] idx=8531: ✅REAL max=0.410 (77846ms) ETA=15764s
[2026-04-27 15:04:00]   [90/303 · 30%] idx=8613: ✅REAL max=0.330 (76987ms) ETA=15701s
[2026-04-27 15:04:48]   [91/303 · 30%] idx=8614: ✅REAL max=0.350 (47093ms) ETA=15567s
[2026-04-27 15:05:26]   [92/303 · 30%] idx=8619: ✅REAL max=0.550 (36553ms) ETA=15412s
[2026-04-27 15:08:01]   [93/303 · 31%] idx=8653: ✅REAL max=0.500 (58622ms) ETA=15524s
[2026-04-27 15:11:54]   [94/303 · 31%] idx=8654: ✅REAL max=0.300 (68652ms) ETA=15803s
[2026-04-27 15:13:10]   [95/303 · 31%] idx=8706: ✅REAL max=0.450 (75089ms) ETA=15728s
[2026-04-27 15:14:04]   [96/303 · 32%] idx=8855: ✅REAL max=0.550 (53540ms) ETA=15607s
[2026-04-27 15:15:20]   [97/303 · 32%] idx=8863: ✅REAL max=0.300 (74306ms) ETA=15531s
[2026-04-27 15:16:29]   [98/303 · 32%] idx=8932: ✅REAL max=0.380 (68418ms) ETA=15444s
[2026-04-27 15:17:20]   [99/303 · 33%] idx=8983: ✅REAL max=0.220 (50148ms) ETA=15318s
[2026-04-27 15:18:08]   [100/303 · 33%] idx=9026: ✅REAL max=0.210 (46582ms) ETA=15187s
[2026-04-27 15:18:08]   💾 [100/303] 进度已保存
[2026-04-27 15:19:20]   [101/303 · 33%] idx=9027: ✅REAL max=0.350 (71001ms) ETA=15107s
[2026-04-27 15:20:11]   [102/303 · 34%] idx=9095: ✅REAL max=0.530 (50189ms) ETA=14986s
[2026-04-27 15:21:25]   [103/303 · 34%] idx=9151: ✅REAL max=0.320 (73586ms) ETA=14911s
[2026-04-27 15:22:11]   [104/303 · 34%] idx=9156: ✅REAL max=0.500 (44221ms) ETA=14781s
[2026-04-27 15:24:52]   [105/303 · 35%] idx=9173: ✅REAL max=0.450 (50918ms) ETA=14870s
[2026-04-27 15:25:36]   [106/303 · 35%] idx=9260: ✅REAL max=0.400 (42801ms) ETA=14737s
[2026-04-27 15:26:48]   [107/303 · 35%] idx=9269: ✅REAL max=0.248 (71176ms) ETA=14657s
[2026-04-27 15:27:53]   [108/303 · 36%] idx=9324: ✅REAL max=0.400 (64286ms) ETA=14565s
[2026-04-27 15:28:45]   [109/303 · 36%] idx=9446: ✅REAL max=0.400 (50327ms) ETA=14449s
[2026-04-27 15:30:00]   [110/303 · 36%] idx=9484: ✅REAL max=0.400 (74371ms) ETA=14376s
[2026-04-27 15:31:15]   [111/303 · 37%] idx=9540: ✅REAL max=0.450 (73862ms) ETA=14302s
[2026-04-27 15:32:26]   [112/303 · 37%] idx=9572: ✅REAL max=0.310 (70377ms) ETA=14223s
[2026-04-27 15:33:59]   [113/303 · 37%] idx=9606: ✅REAL max=0.500 (91881ms) ETA=14179s
[2026-04-27 15:35:24]   [114/303 · 38%] idx=9614: ✅REAL max=0.550 (84105ms) ETA=14122s
[2026-04-27 15:36:23]   [115/303 · 38%] idx=9618: ✅REAL max=0.550 (57953ms) ETA=14021s
[2026-04-27 15:37:21]   [116/303 · 38%] idx=9737: ✅REAL max=0.280 (57269ms) ETA=13921s
[2026-04-27 15:38:01]   [117/303 · 39%] idx=9939: ✅REAL max=0.700 (38751ms) ETA=13791s
[2026-04-27 15:39:29]   [118/303 · 39%] idx=9954: ✅REAL max=0.550 (86598ms) ETA=13738s
[2026-04-27 15:40:09]   [119/303 · 39%] idx=9970: ✅REAL max=0.495 (38741ms) ETA=13610s
[2026-04-27 15:40:56]   [120/303 · 40%] idx=10003: ✅REAL max=0.450 (46039ms) ETA=13495s
[2026-04-27 15:40:56]   💾 [120/303] 进度已保存
[2026-04-27 15:42:03]   [121/303 · 40%] idx=10063: ✅REAL max=0.464 (66357ms) ETA=13412s
[2026-04-27 15:44:45]   [122/303 · 40%] idx=10201: ✅REAL max=0.847 (64664ms) ETA=13469s
[2026-04-27 15:45:45]   [123/303 · 41%] idx=10224: ✅REAL max=0.366 (59173ms) ETA=13374s
[2026-04-27 15:46:54]   [124/303 · 41%] idx=10244: ✅REAL max=0.350 (67997ms) ETA=13292s
[2026-04-27 15:47:44]   [125/303 · 41%] idx=10306: ✅REAL max=0.440 (49271ms) ETA=13183s
[2026-04-27 15:48:34]   [126/303 · 42%] idx=10345: ✅REAL max=0.800 (48522ms) ETA=13075s
[2026-04-27 15:49:23]   [127/303 · 42%] idx=10374: ✅REAL max=0.350 (48389ms) ETA=12967s
[2026-04-27 15:50:43]   [128/303 · 42%] idx=10418: ✅REAL max=0.260 (79270ms) ETA=12902s
[2026-04-27 15:51:42]   [129/303 · 43%] idx=10432: ✅REAL max=0.446 (57746ms) ETA=12808s
[2026-04-27 15:55:33]   [130/303 · 43%] idx=10452: ✅REAL max=0.455 (87598ms) ETA=12944s
[2026-04-27 15:56:16]   [131/303 · 43%] idx=10468: ✅REAL max=0.550 (42170ms) ETA=12828s
[2026-04-27 15:57:14]   [132/303 · 44%] idx=10570: ✅REAL max=0.350 (56645ms) ETA=12732s
[2026-04-27 15:58:10]   [133/303 · 44%] idx=10593: ✅REAL max=0.600 (54482ms) ETA=12633s
[2026-04-27 15:59:28]   [134/303 · 44%] idx=10603: ✅REAL max=0.500 (77829ms) ETA=12564s
[2026-04-27 16:00:36]   [135/303 · 45%] idx=10748: ✅REAL max=0.300 (67067ms) ETA=12482s
[2026-04-27 16:01:56]   [136/303 · 45%] idx=10762: ✅REAL max=0.550 (78060ms) ETA=12414s
[2026-04-27 16:02:53]   [137/303 · 45%] idx=10947: ✅REAL max=0.350 (56049ms) ETA=12318s
[2026-04-27 16:03:57]   [138/303 · 46%] idx=11010: ✅REAL max=0.450 (63793ms) ETA=12233s
[2026-04-27 16:05:42]   [139/303 · 46%] idx=11118: ✅REAL max=0.700 (36035ms) ETA=12195s
[2026-04-27 16:10:51]   [140/303 · 46%] idx=11123: ✅REAL max=0.820 (88240ms) ETA=12394s
[2026-04-27 16:10:51]   💾 [140/303] 进度已保存
[2026-04-27 16:12:51]   [141/303 · 47%] idx=11201: ✅REAL max=0.417 (118057ms) ETA=12368s
[2026-04-27 16:13:45]   [142/303 · 47%] idx=11248: ✅REAL max=0.285 (53143ms) ETA=12266s
[2026-04-27 16:16:18]   [143/303 · 47%] idx=11259: ✅REAL max=0.390 (90614ms) ETA=12276s
[2026-04-27 16:17:19]   [144/303 · 48%] idx=11288: ✅REAL max=0.350 (60069ms) ETA=12182s
[2026-04-27 16:18:19]   [145/303 · 48%] idx=11423: ✅REAL max=0.550 (59247ms) ETA=12088s
[2026-04-27 16:19:18]   [146/303 · 48%] idx=11459: ✅REAL max=0.340 (58103ms) ETA=11992s
[2026-04-27 16:20:30]   [147/303 · 49%] idx=11512: ✅REAL max=0.450 (70169ms) ETA=11910s
[2026-04-27 16:21:38]   [148/303 · 49%] idx=11679: ✅REAL max=0.440 (67174ms) ETA=11826s
[2026-04-27 16:22:27]   [149/303 · 49%] idx=11885: ✅REAL max=0.450 (48479ms) ETA=11722s
[2026-04-27 16:25:08]   [150/303 · 50%] idx=11902: ✅REAL max=0.680 (159762ms) ETA=11732s
[2026-04-27 16:26:50]   [151/303 · 50%] idx=11931: ✅REAL max=0.720 (101115ms) ETA=11681s
[2026-04-27 16:27:53]   [152/303 · 50%] idx=11967: ✅REAL max=0.450 (61621ms) ETA=11590s
[2026-04-27 16:28:47]   [153/303 · 50%] idx=12026: ✅REAL max=0.350 (53370ms) ETA=11491s
[2026-04-27 16:30:02]   [154/303 · 51%] idx=12041: ✅REAL max=0.550 (74379ms) ETA=11413s
[2026-04-27 16:33:16]   [155/303 · 51%] idx=12125: ✅REAL max=0.390 (192649ms) ETA=11448s
[2026-04-27 16:34:15]   [156/303 · 51%] idx=12199: ✅REAL max=0.400 (52038ms) ETA=11352s
[2026-04-27 16:50:26] [Proc 17] 启动，85秒后开始（避免并发冲突）
[2026-04-27 16:51:51] [数据] 从缓存加载: X_tr=/home/fandy/workplace/thesis/results/soft_labels/kuhar_X_tr.npy
[2026-04-27 16:51:51] [Proc 17] 类 17 (Table-tennis): 1330样本, 目标400, 已有253, 需生成147
[2026-04-27 16:52:48]   [1/147 · 1%] idx=12277: ✅REAL max=0.810 (57289ms) ETA=8364s
[2026-04-27 16:53:54]   [2/147 · 1%] idx=12320: ✅REAL max=0.300 (65171ms) ETA=8952s
[2026-04-27 16:55:39]   [3/147 · 2%] idx=12339: ✅REAL max=0.500 (104067ms) ETA=10970s
[2026-04-27 16:56:55]   [4/147 · 3%] idx=12340: ✅REAL max=0.400 (74681ms) ETA=10876s
[2026-04-27 16:59:36]   [5/147 · 3%] idx=12341: ✅REAL max=0.530 (71657ms) ETA=13198s
[2026-04-27 17:00:34]   [6/147 · 4%] idx=12410: ✅REAL max=0.500 (57574ms) ETA=12298s
[2026-04-27 17:01:36]   [7/147 · 5%] idx=12413: ✅REAL max=0.550 (61208ms) ETA=11710s
[2026-04-27 17:02:34]   [8/147 · 5%] idx=12465: ✅REAL max=0.450 (56988ms) ETA=11181s
[2026-04-27 17:03:38]   [9/147 · 6%] idx=12496: ✅REAL max=0.230 (62296ms) ETA=10838s
[2026-04-27 17:04:37]   [10/147 · 7%] idx=12520: ✅REAL max=0.350 (58507ms) ETA=10499s
[2026-04-27 17:05:30]   [11/147 · 7%] idx=12589: ✅REAL max=0.300 (51799ms) ETA=10127s
[2026-04-27 17:06:28]   [12/147 · 8%] idx=12616: ✅REAL max=0.230 (56771ms) ETA=9865s
[2026-04-27 17:07:29]   [13/147 · 9%] idx=12803: ✅REAL max=0.700 (60160ms) ETA=9669s
[2026-04-27 19:02:56] [Proc 17] 启动，85秒后开始（避免并发冲突）
[2026-04-27 19:04:35] [数据] 从缓存加载: X_tr=/home/fandy/workplace/thesis/results/soft_labels/kuhar_X_tr.npy
[2026-04-27 20:48:47] [Proc 17] 启动，85秒后开始（避免并发冲突）
[2026-04-27 20:50:20] [数据] 从缓存加载: X_tr=/home/fandy/workplace/thesis/results/soft_labels/kuhar_X_tr.npy
[2026-04-27 20:51:56] [Proc 17] 启动，85秒后开始（避免并发冲突）
[2026-04-27 20:53:21] [数据] 从缓存加载: X_tr=/home/fandy/workplace/thesis/results/soft_labels/kuhar_X_tr.npy
[2026-04-27 20:53:21] [Proc 17] 类 17 (Table-tennis): 1330样本, 目标400, 已有266, 需生成134
[2026-04-27 20:54:14]   [1/134 · 1%] idx=12855: ✅REAL max=0.210 (53314ms) ETA=7091s
[2026-04-27 20:55:21]   [2/134 · 1%] idx=12861: ✅REAL max=0.380 (65896ms) ETA=7934s
[2026-04-27 20:56:16]   [3/134 · 2%] idx=12869: ✅REAL max=0.380 (53865ms) ETA=7645s
[2026-04-27 20:56:39]   [4/134 · 3%] idx=12878: ✅REAL max=0.870 (22348ms) ETA=6449s
[2026-04-27 20:57:19]   [5/134 · 4%] idx=12959: ✅REAL max=0.350 (38268ms) ETA=6133s
[2026-04-27 20:58:18]   [6/134 · 4%] idx=12965: ✅REAL max=0.300 (58369ms) ETA=6338s
[2026-04-27 20:58:54]   [7/134 · 5%] idx=12990: ✅REAL max=0.400 (35268ms) ETA=6048s
[2026-04-27 21:00:03]   [8/134 · 6%] idx=13021: ✅REAL max=0.380 (67941ms) ETA=6336s
[2026-04-27 21:00:39]   [9/134 · 7%] idx=13032: ✅REAL max=0.435 (35270ms) ETA=6091s
[2026-04-27 21:01:34]   [10/134 · 7%] idx=13036: ✅REAL max=0.250 (53167ms) ETA=6110s
[2026-04-27 21:02:18]   [11/134 · 8%] idx=13051: ✅REAL max=0.450 (43845ms) ETA=6011s
[2026-04-27 21:02:57]   [12/134 · 9%] idx=13107: ✅REAL max=0.700 (38058ms) ETA=5863s
[2026-04-27 21:03:47]   [13/134 · 10%] idx=13119: ✅REAL max=0.372 (48915ms) ETA=5832s
[2026-04-27 21:04:31]   [14/134 · 10%] idx=13189: ✅REAL max=0.440 (42097ms) ETA=5740s
[2026-04-27 21:05:30]   [15/134 · 11%] idx=13218: ✅REAL max=0.630 (58954ms) ETA=5789s
[2026-04-27 21:06:31]   [16/134 · 12%] idx=13226: ✅REAL max=0.320 (59625ms) ETA=5828s
[2026-04-27 21:07:38]   [17/134 · 13%] idx=13233: ✅REAL max=0.300 (65719ms) ETA=5898s
[2026-04-27 21:08:17]   [18/134 · 13%] idx=13354: ✅REAL max=0.440 (37838ms) ETA=5773s
[2026-04-27 21:10:44]   [19/134 · 14%] idx=13407: ✅REAL max=0.350 (60905ms) ETA=6314s
[2026-04-27 21:11:37]   [20/134 · 15%] idx=13431: ✅REAL max=0.700 (52185ms) ETA=6249s
[2026-04-27 21:11:37]   💾 [20/134] 进度已保存
[2026-04-27 21:12:39]   [21/134 · 16%] idx=13486: ✅REAL max=0.440 (60467ms) ETA=6230s
[2026-04-27 21:13:19]   [22/134 · 16%] idx=13568: ✅REAL max=0.450 (39055ms) ETA=6098s
[2026-04-27 21:16:31]   [23/134 · 17%] idx=13593: ✅REAL max=0.450 (77210ms) ETA=6711s
[2026-04-27 21:17:40]   [24/134 · 18%] idx=13621: ✅REAL max=0.450 (67606ms) ETA=6688s
[2026-04-27 21:18:35]   [25/134 · 19%] idx=13635: ✅REAL max=0.410 (53739ms) ETA=6601s
[2026-04-27 21:19:40]   [26/134 · 19%] idx=13735: ✅REAL max=0.510 (64163ms) ETA=6560s
[2026-04-27 21:20:35]   [27/134 · 20%] idx=13756: ✅REAL max=0.302 (53513ms) ETA=6474s
[2026-04-27 21:21:29]   [28/134 · 21%] idx=13790: ✅REAL max=0.350 (52979ms) ETA=6389s
[2026-04-27 21:22:20]   [29/134 · 22%] idx=13815: ✅REAL max=0.300 (50583ms) ETA=6297s
[2026-04-27 21:25:12]   [30/134 · 22%] idx=13821: ✅REAL max=0.180 (170853ms) ETA=6625s
[2026-04-27 21:25:51]   [31/134 · 23%] idx=13841: ✅REAL max=0.300 (38383ms) ETA=6481s
[2026-04-27 21:26:42]   [32/134 · 24%] idx=13860: ✅REAL max=0.300 (49695ms) ETA=6379s
[2026-04-27 21:27:35]   [33/134 · 25%] idx=13961: ✅REAL max=0.390 (51790ms) ETA=6287s
[2026-04-27 21:28:24]   [34/134 · 25%] idx=13974: ✅REAL max=0.460 (48503ms) ETA=6187s
[2026-04-27 21:29:04]   [35/134 · 26%] idx=14043: ✅REAL max=0.280 (38453ms) ETA=6062s
[2026-04-27 21:30:31]   [36/134 · 27%] idx=14072: ✅REAL max=0.500 (86424ms) ETA=6072s
[2026-04-27 21:31:42]   [37/134 · 28%] idx=14142: ✅REAL max=0.370 (70099ms) ETA=6034s
[2026-04-27 21:32:32]   [38/134 · 28%] idx=14189: ✅REAL max=0.300 (48430ms) ETA=5939s
[2026-04-27 21:33:06]   [39/134 · 29%] idx=14298: ✅REAL max=0.450 (32758ms) ETA=5809s
[2026-04-27 21:36:52]   [40/134 · 30%] idx=14348: ✅REAL max=0.690 (32337ms) ETA=6136s
[2026-04-27 21:36:52]   💾 [40/134] 进度已保存
[2026-04-27 21:38:03]   [41/134 · 31%] idx=14351: ✅REAL max=0.300 (70425ms) ETA=6084s
[2026-04-27 21:38:35]   [42/134 · 31%] idx=14434: ✅REAL max=0.300 (30584ms) ETA=5945s
[2026-04-27 21:39:45]   [43/134 · 32%] idx=14588: ✅REAL max=0.294 (69620ms) ETA=5893s
[2026-04-27 21:40:19]   [44/134 · 33%] idx=14628: ✅REAL max=0.520 (32198ms) ETA=5763s
[2026-04-27 21:40:56]   [45/134 · 34%] idx=14661: ✅REAL max=0.347 (36784ms) ETA=5648s
[2026-04-27 21:42:08]   [46/134 · 34%] idx=14771: ✅REAL max=0.540 (70858ms) ETA=5600s
[2026-04-27 21:42:51]   [47/134 · 35%] idx=14874: ✅REAL max=0.560 (42012ms) ETA=5498s
[2026-04-27 21:43:27]   [48/134 · 36%] idx=14880: ✅REAL max=0.400 (35252ms) ETA=5387s
[2026-04-27 21:45:50]   [49/134 · 37%] idx=14888: ✅REAL max=0.380 (59877ms) ETA=5462s
[2026-04-27 21:47:07]   [50/134 · 37%] idx=14909: ✅REAL max=0.550 (75984ms) ETA=5419s
[2026-04-27 21:47:51]   [51/134 · 38%] idx=14968: ✅REAL max=0.570 (43558ms) ETA=5322s
[2026-04-27 21:48:32]   [52/134 · 39%] idx=14970: ✅REAL max=0.550 (39660ms) ETA=5221s
[2026-04-27 21:48:59]   [53/134 · 40%] idx=14981: ✅REAL max=0.440 (26221ms) ETA=5102s
[2026-04-27 21:51:31]   [54/134 · 40%] idx=15036: ✅REAL max=0.450 (36982ms) ETA=5171s
[2026-04-27 21:52:41]   [55/134 · 41%] idx=15047: ✅REAL max=0.600 (68916ms) ETA=5114s
[2026-04-27 21:53:22]   [56/134 · 42%] idx=15056: ✅REAL max=0.330 (39163ms) ETA=5015s
[2026-04-27 21:54:16]   [57/134 · 43%] idx=15096: ✅REAL max=0.800 (53400ms) ETA=4938s
[2026-04-27 21:55:04]   [58/134 · 43%] idx=15098: ✅REAL max=0.238 (46620ms) ETA=4852s
[2026-04-27 21:55:47]   [59/134 · 44%] idx=15185: ✅REAL max=0.556 (42223ms) ETA=4762s
[2026-04-27 21:56:42]   [60/134 · 45%] idx=15189: ✅REAL max=0.280 (54208ms) ETA=4688s
[2026-04-27 21:56:42]   💾 [60/134] 进度已保存
[2026-04-27 21:57:26]   [61/134 · 46%] idx=15196: ✅REAL max=0.400 (43068ms) ETA=4602s
[2026-04-27 21:58:00]   [62/134 · 46%] idx=15228: ✅REAL max=0.300 (32514ms) ETA=4504s
[2026-04-27 22:00:42]   [63/134 · 47%] idx=15230: ✅REAL max=0.430 (161482ms) ETA=4554s
[2026-04-27 22:02:11]   [64/134 · 48%] idx=15263: ✅REAL max=0.400 (87409ms) ETA=4517s
[2026-04-27 22:02:48]   [65/134 · 49%] idx=15310: ✅REAL max=0.700 (36809ms) ETA=4424s
[2026-04-27 22:03:41]   [66/134 · 49%] idx=15381: ✅REAL max=0.700 (51673ms) ETA=4348s
[2026-04-27 22:04:22]   [67/134 · 50%] idx=15443: ✅REAL max=0.110 (40330ms) ETA=4262s
[2026-04-27 22:06:37]   [68/134 · 51%] idx=15458: ✅REAL max=0.440 (49630ms) ETA=4266s
[2026-04-27 22:07:25]   [69/134 · 51%] idx=15500: ✅REAL max=0.460 (47211ms) ETA=4186s
[2026-04-27 22:08:23]   [70/134 · 52%] idx=15508: ✅REAL max=0.792 (57359ms) ETA=4116s
[2026-04-27 22:09:46]   [71/134 · 53%] idx=15555: ✅REAL max=0.250 (81728ms) ETA=4068s
[2026-04-27 22:12:50]   [72/134 · 54%] idx=15568: ✅REAL max=0.550 (69677ms) ETA=4107s
[2026-04-27 22:13:58]   [73/134 · 54%] idx=15592: ✅REAL max=0.345 (66557ms) ETA=4042s
[2026-04-27 22:15:21]   [74/134 · 55%] idx=15596: ✅REAL max=0.440 (82815ms) ETA=3990s
[2026-04-27 22:16:12]   [75/134 · 56%] idx=15610: ✅REAL max=0.440 (49382ms) ETA=3910s
[2026-04-27 22:16:45]   [76/134 · 57%] idx=15657: ✅REAL max=0.500 (32221ms) ETA=3819s
[2026-04-27 22:17:30]   [77/134 · 57%] idx=15767: ✅REAL max=0.147 (44138ms) ETA=3738s
[2026-04-27 22:19:17]   [78/134 · 58%] idx=15806: ✅REAL max=0.300 (106365ms) ETA=3702s
[2026-04-27 22:20:10]   [79/134 · 59%] idx=15820: ✅REAL max=0.340 (51381ms) ETA=3627s
[2026-04-27 22:21:23]   [80/134 · 60%] idx=15836: ✅REAL max=0.900 (72514ms) ETA=3566s
[2026-04-27 22:21:23]   💾 [80/134] 进度已保存
[2026-04-27 22:22:30]   [81/134 · 60%] idx=15854: ✅REAL max=0.200 (65192ms) ETA=3500s
[2026-04-27 22:23:50]   [82/134 · 61%] idx=15865: ✅REAL max=0.449 (79893ms) ETA=3443s
[2026-04-27 22:24:24]   [83/134 · 62%] idx=15866: ✅REAL max=0.253 (32455ms) ETA=3357s
[2026-04-27 22:25:29]   [84/134 · 63%] idx=16006: ✅REAL max=0.470 (63624ms) ETA=3290s
[2026-04-27 22:26:30]   [85/134 · 63%] idx=16009: ✅REAL max=0.576 (60110ms) ETA=3222s
[2026-04-27 22:27:14]   [86/134 · 64%] idx=16072: ✅REAL max=0.554 (43554ms) ETA=3144s
[2026-04-27 22:27:48]   [87/134 · 65%] idx=16192: ✅REAL max=0.450 (32919ms) ETA=3062s
[2026-04-27 22:28:26]   [88/134 · 66%] idx=16216: ✅REAL max=0.357 (36365ms) ETA=2982s
[2026-04-27 22:30:16]   [89/134 · 66%] idx=16258: ✅REAL max=0.560 (25740ms) ETA=2940s
[2026-04-27 22:31:13]   [90/134 · 67%] idx=16295: ✅REAL max=0.550 (55927ms) ETA=2871s
[2026-04-27 22:32:16]   [91/134 · 68%] idx=16309: ✅REAL max=0.470 (61668ms) ETA=2805s
[2026-04-27 22:33:41]   [92/134 · 69%] idx=16411: ✅REAL max=0.550 (83841ms) ETA=2748s
[2026-04-27 22:34:31]   [93/134 · 69%] idx=16432: ✅REAL max=0.450 (49457ms) ETA=2676s
[2026-04-27 22:35:18]   [94/134 · 70%] idx=16449: ✅REAL max=0.300 (46070ms) ETA=2603s
[2026-04-27 22:36:18]   [95/134 · 71%] idx=16485: ✅REAL max=0.350 (58287ms) ETA=2536s
[2026-04-27 22:37:01]   [96/134 · 72%] idx=16503: ✅REAL max=0.350 (41845ms) ETA=2462s
[2026-04-27 22:38:02]   [97/134 · 72%] idx=16511: ✅REAL max=0.450 (60553ms) ETA=2396s
[2026-04-27 22:39:07]   [98/134 · 73%] idx=16550: ✅REAL max=0.380 (63988ms) ETA=2331s
[2026-04-27 22:40:41]   [99/134 · 74%] idx=16565: ✅REAL max=0.360 (92976ms) ETA=2277s
[2026-04-27 22:41:38]   [100/134 · 75%] idx=16618: ✅REAL max=0.570 (55863ms) ETA=2209s
[2026-04-27 22:41:38]   💾 [100/134] 进度已保存
[2026-04-27 22:42:25]   [101/134 · 75%] idx=16635: ✅REAL max=0.560 (46236ms) ETA=2138s
[2026-04-27 22:43:36]   [102/134 · 76%] idx=16649: ✅REAL max=0.310 (69317ms) ETA=2075s
[2026-04-27 22:44:42]   [103/134 · 77%] idx=16710: ✅REAL max=0.400 (65092ms) ETA=2011s
[2026-04-27 22:45:27]   [104/134 · 78%] idx=16733: ✅REAL max=0.360 (44810ms) ETA=1940s
[2026-04-27 22:46:20]   [105/134 · 78%] idx=16739: ✅REAL max=0.400 (51899ms) ETA=1872s
[2026-04-27 22:47:02]   [106/134 · 79%] idx=16746: ✅REAL max=0.350 (40475ms) ETA=1802s
[2026-04-27 22:48:15]   [107/134 · 80%] idx=16835: ✅REAL max=0.810 (71989ms) ETA=1740s
[2026-04-27 22:49:03]   [108/134 · 81%] idx=16996: ✅REAL max=0.303 (47190ms) ETA=1671s
[2026-04-27 22:49:38]   [109/134 · 81%] idx=17004: ✅REAL max=0.720 (34405ms) ETA=1600s
[2026-04-27 22:50:38]   [110/134 · 82%] idx=17050: ✅REAL max=0.510 (58485ms) ETA=1535s
[2026-04-27 22:51:30]   [111/134 · 83%] idx=17098: ✅REAL max=0.351 (51178ms) ETA=1469s
[2026-04-27 22:54:38]   [112/134 · 84%] idx=17132: ✅REAL max=0.300 (186583ms) ETA=1429s
[2026-04-27 22:55:21]   [113/134 · 84%] idx=17214: ✅REAL max=0.461 (42215ms) ETA=1360s
[2026-04-27 22:56:01]   [114/134 · 85%] idx=17266: ✅REAL max=0.710 (39138ms) ETA=1291s
[2026-04-27 22:56:44]   [115/134 · 86%] idx=17406: ✅REAL max=0.350 (42136ms) ETA=1223s
[2026-04-27 22:57:40]   [116/134 · 87%] idx=17482: ✅REAL max=0.220 (54973ms) ETA=1157s
[2026-04-27 22:58:22]   [117/134 · 87%] idx=17531: ✅REAL max=0.400 (40949ms) ETA=1090s
[2026-04-27 23:00:14]   [118/134 · 88%] idx=17629: ✅REAL max=0.350 (111150ms) ETA=1032s
[2026-04-27 23:00:52]   [119/134 · 89%] idx=17690: ✅REAL max=0.550 (36682ms) ETA=964s
[2026-04-27 23:01:36]   [120/134 · 90%] idx=17711: ✅REAL max=0.550 (42731ms) ETA=898s
[2026-04-27 23:01:36]   💾 [120/134] 进度已保存
[2026-04-27 23:03:04]   [121/134 · 90%] idx=17713: ✅REAL max=0.450 (87459ms) ETA=836s
[2026-04-27 23:03:51]   [122/134 · 91%] idx=17723: ✅REAL max=0.320 (45485ms) ETA=770s
[2026-04-27 23:05:43]   [123/134 · 92%] idx=17729: ✅REAL max=0.400 (111137ms) ETA=710s
[2026-04-27 23:06:51]   [124/134 · 93%] idx=17782: ✅REAL max=0.340 (66946ms) ETA=646s
[2026-04-27 23:09:47]   [125/134 · 93%] idx=17799: ✅REAL max=0.760 (95021ms) ETA=589s
[2026-04-28 00:05:31] [Proc 17] 启动，85秒后开始（避免并发冲突）
[2026-04-28 00:06:56] [数据] 从缓存加载: X_tr=/home/fandy/workplace/thesis/results/soft_labels/kuhar_X_tr.npy
[2026-04-28 00:06:56] [Proc 17] 类 17 (Table-tennis): 1330样本, 目标400, 已有391, 需生成9
[2026-04-28 00:07:34]   [1/9 · 11%] idx=17804: ✅REAL max=0.700 (38382ms) ETA=307s
[2026-04-28 00:08:40]   [2/9 · 22%] idx=17862: ✅REAL max=0.460 (64608ms) ETA=364s
[2026-04-28 00:13:32] [Proc 17] 启动，85秒后开始（避免并发冲突）
[2026-04-28 00:14:57] [数据] 从缓存加载: X_tr=/home/fandy/workplace/thesis/results/soft_labels/kuhar_X_tr.npy
[2026-04-28 00:14:57] [Proc 17] 类 17 (Table-tennis): 1330样本, 目标400, 已有393, 需生成7
[2026-04-28 00:15:32]   [1/7 · 14%] idx=17954: ✅REAL max=0.250 (35704ms) ETA=214s
[2026-04-28 00:16:22]   [2/7 · 29%] idx=17959: ✅REAL max=0.460 (48614ms) ETA=213s
[2026-04-28 00:16:51]   [3/7 · 43%] idx=18078: ✅REAL max=0.550 (28291ms) ETA=153s
[2026-04-28 00:18:12]   [4/7 · 57%] idx=18258: ✅REAL max=0.351 (79766ms) ETA=147s
[2026-04-28 00:19:13]   [5/7 · 71%] idx=18310: ✅REAL max=0.350 (59654ms) ETA=102s
[2026-04-28 00:24:11] [Proc 17] 启动，85秒后开始（避免并发冲突）
[2026-04-28 00:25:36] [数据] 从缓存加载: X_tr=/home/fandy/workplace/thesis/results/soft_labels/kuhar_X_tr.npy
[2026-04-28 00:25:36] [Proc 17] 类 17 (Table-tennis): 1330样本, 目标400, 已有398, 需生成2
[2026-04-28 00:26:25]   [1/2 · 50%] idx=18324: ✅REAL max=0.550 (48513ms) ETA=49s
[2026-04-28 00:27:21]   [2/2 · 100%] idx=18359: ✅REAL max=0.358 (54806ms) ETA=0s
[2026-04-28 00:27:22] [Proc 17] ✅ 类 17 (Table-tennis) 完成: 400/400 耗时105s
[2026-04-28 00:27:22] [Proc 17] 全部完成 → /home/fandy/workplace/thesis/results/soft_labels/kuhar_soft_proc17.npy
