object address  : 0x7f6211694580
object refcount : 6
object type     : 0xa31960
object type name: ValueError
object repr     : ValueError('I/O operation on closed file.')
lost sys.stderr
0): {0: 145, 1: 312, 2: 309, 3: 131, 4: 89}
[2026-05-01 08:59:50]   计划总软标签: 986
[2026-05-01 08:59:50]   各class详情:
[2026-05-01 08:59:50]     Class 0 (downstairs): 416样本 → 145软标签
[2026-05-01 08:59:50]     Class 1 (sitting): 892样本 → 312软标签
[2026-05-01 08:59:50]     Class 2 (standing): 885样本 → 309软标签
[2026-05-01 08:59:50]     Class 3 (walking): 377样本 → 131软标签
[2026-05-01 08:59:50]     Class 4 (jogging): 256样本 → 89软标签
[2026-05-01 08:59:50] ============================================================
[2026-05-01 08:59:50]   PAMAP2 软标签生成 (T=1.2, max_tokens=5000)
[2026-05-01 08:59:50] ============================================================
[2026-05-01 08:59:50]   类别数: 5, 每类软标签: {0: 145, 1: 312, 2: 309, 3: 131, 4: 89}
[2026-05-01 08:59:50]   --force 模式：已删除 pamap2_soft.npy, gen_pamap2_errors.log，从头开始
[2026-05-01 08:59:50] 
[2026-05-01 08:59:50]   Class 0 (downstairs): 目标145 (0已有, 145待生成)
[2026-05-01 09:00:21]     [1] idx=12: REAL sum=1.0 max=0.55
[2026-05-01 09:01:00]     [2] idx=16: REAL sum=1.0 max=0.48
[2026-05-01 09:01:41]     [3] idx=19: REAL sum=1.0 max=0.63
[2026-05-01 09:02:16]     [4] idx=23: REAL sum=1.0 max=0.4
[2026-05-01 09:02:49]     [5] idx=29: REAL sum=1.0 max=0.45
[2026-05-01 09:02:49]   进度: +5已处理, 累计5真软标签, 已保存
[2026-05-01 09:03:16]     [6] idx=32: REAL sum=1.0 max=0.45
[2026-05-01 09:04:00]     [7] idx=47: REAL sum=1.0 max=0.45
[2026-05-01 09:04:34]     [8] idx=53: REAL sum=1.0 max=0.45
[2026-05-01 09:05:02]     [9] idx=55: REAL sum=1.0 max=0.55
[2026-05-01 09:05:30]     [10] idx=58: REAL sum=1.0 max=0.55
[2026-05-01 09:05:30]   进度: +10已处理, 累计10真软标签, 已保存
[2026-05-01 09:06:19]     [11] idx=59: REAL sum=1.0 max=0.45
[2026-05-01 09:07:06]     [12] idx=69: REAL sum=1.0 max=0.45
[2026-05-01 09:08:25]     [13] idx=71: REAL sum=1.0 max=0.4
[2026-05-01 09:08:52]     [14] idx=81: REAL sum=1.0 max=0.45
[2026-05-01 09:09:19]     [15] idx=93: REAL sum=1.0 max=0.45
[2026-05-01 09:09:19]   进度: +15已处理, 累计15真软标签, 已保存
[2026-05-01 09:09:45]     [16] idx=106: REAL sum=1.0 max=0.4
[2026-05-01 09:10:11]     [17] idx=115: REAL sum=1.0000000000000002 max=0.35000000000000003
[2026-05-01 09:10:35]     [18] idx=116: REAL sum=1.0 max=0.65
[2026-05-01 09:10:58]     [19] idx=137: REAL sum=1.0 max=0.52
[2026-05-01 09:11:29]     [20] idx=140: REAL sum=0.9999999999999998 max=0.3999999999999999
[2026-05-01 09:11:29]   进度: +20已处理, 累计20真软标签, 已保存
[2026-05-01 09:12:17]     [21] idx=148: REAL sum=1.0 max=0.55
[2026-05-01 09:12:45]     [22] idx=149: REAL sum=1.0 max=0.47
[2026-05-01 09:13:24]     [23] idx=158: REAL sum=1.0 max=0.6
[2026-05-01 09:13:53]     [24] idx=162: REAL sum=1.0 max=0.45
[2026-05-01 09:14:35]     [25] idx=178: REAL sum=1.0 max=0.48
[2026-05-01 09:14:35]   进度: +25已处理, 累计25真软标签, 已保存
[2026-05-01 09:15:07]     [26] idx=181: REAL sum=1.0 max=0.53
[2026-05-01 09:16:00]     [27] idx=183: REAL sum=1.0 max=0.45
[2026-05-01 09:16:46]     [28] idx=200: REAL sum=1.0 max=0.4
[2026-05-01 09:17:11]     [29] idx=218: REAL sum=1.0 max=0.55
[2026-05-01 09:17:31]     [30] idx=255: REAL sum=1.0 max=0.4
[2026-05-01 09:17:31]   进度: +30已处理, 累计30真软标签, 已保存
[2026-05-01 09:18:00]     [31] idx=257: REAL sum=1.0 max=0.55
[2026-05-01 09:18:24]     [32] idx=260: REAL sum=1.0 max=0.45
[2026-05-01 09:18:52]     [33] idx=261: REAL sum=1.0 max=0.6
[2026-05-01 09:19:31]     [34] idx=262: REAL sum=1.0 max=0.45
[2026-05-01 09:20:04]     [35] idx=265: REAL sum=1.0 max=0.44
[2026-05-01 09:20:04]   进度: +35已处理, 累计35真软标签, 已保存
[2026-05-01 09:20:21]     [36] idx=267: REAL sum=1.0 max=0.55
[2026-05-01 09:20:41]     [37] idx=270: REAL sum=1.0 max=0.45
[2026-05-01 09:21:01]     [38] idx=277: REAL sum=1.0 max=0.4
[2026-05-01 09:21:21]     [39] idx=282: REAL sum=1.0 max=0.5
[2026-05-01 09:21:39]     [40] idx=289: REAL sum=1.0 max=0.55
[2026-05-01 09:21:39]   进度: +40已处理, 累计40真软标签, 已保存
[2026-05-01 09:22:24]     [41] idx=292: REAL sum=1.0000000000000002 max=0.35000000000000003
[2026-05-01 09:23:07]     [42] idx=299: REAL sum=1.0 max=0.5
[2026-05-01 09:23:34]     [43] idx=305: REAL sum=1.0 max=0.45
[2026-05-01 09:23:56]     [44] idx=308: REAL sum=1.0 max=0.55
[2026-05-01 09:24:23]     [45] idx=312: REAL sum=1.0 max=0.45
[2026-05-01 09:24:23]   进度: +45已处理, 累计45真软标签, 已保存
[2026-05-01 09:24:54]     [46] idx=313: REAL sum=1.0 max=0.45
[2026-05-01 09:25:29]     [47] idx=331: REAL sum=1.0 max=0.45
[2026-05-01 09:25:59]     [48] idx=338: REAL sum=1.0 max=0.5
[2026-05-01 09:26:22]     [49] idx=347: REAL sum=1.0 max=0.4
[2026-05-01 09:26:42]     [50] idx=351: REAL sum=1.0 max=0.53
[2026-05-01 09:26:42]   进度: +50已处理, 累计50真软标签, 已保存
[2026-05-01 09:27:09]     [51] idx=356: REAL sum=1.0 max=0.63
[2026-05-01 09:28:29]     [52] idx=363: REAL sum=1.0 max=0.45
[2026-05-01 09:28:51]     [53] idx=366: REAL sum=1.0000000000000002 max=0.35000000000000003
[2026-05-01 09:29:21]     [54] idx=376: REAL sum=1.0000000000000002 max=0.45000000000000007
[2026-05-01 09:30:05]     [55] idx=379: REAL sum=1.0 max=0.35
[2026-05-01 09:30:05]   进度: +55已处理, 累计55真软标签, 已保存
[2026-05-01 09:30:35]     [56] idx=388: REAL sum=1.0 max=0.36
[2026-05-01 09:30:59]     [57] idx=389: REAL sum=1.0 max=0.45
[2026-05-01 09:31:15]     [58] idx=392: REAL sum=1.0 max=0.4
[2026-05-01 09:31:40]     [59] idx=397: REAL sum=1.0 max=0.5
[2026-05-01 09:32:09]     [60] idx=401: REAL sum=1.0 max=0.35
[2026-05-01 09:32:09]   进度: +60已处理, 累计60真软标签, 已保存
[2026-05-01 09:32:42]     [61] idx=404: REAL sum=1.0 max=0.55
[2026-05-01 09:33:09]     [62] idx=407: REAL sum=1.0 max=0.45
[2026-05-01 09:33:38]     [63] idx=412: REAL sum=1.0 max=0.45
[2026-05-01 09:33:59]     [64] idx=414: REAL sum=1.0 max=0.45
[2026-05-01 09:34:26]     [65] idx=415: REAL sum=1.0 max=0.45
[2026-05-01 09:34:26]   进度: +65已处理, 累计65真软标签, 已保存
[2026-05-01 09:34:59]     [66] idx=419: REAL sum=1.0 max=0.5
[2026-05-01 09:35:29]     [67] idx=434: REAL sum=1.0 max=0.45
[2026-05-01 09:35:52]     [68] idx=437: REAL sum=1.0 max=0.4
[2026-05-01 09:36:21]     [69] idx=441: REAL sum=1.0 max=0.45
[2026-05-01 09:37:28]     [70] idx=442: REAL sum=1.0 max=0.45
[2026-05-01 09:37:28]   进度: +70已处理, 累计70真软标签, 已保存
[2026-05-01 09:37:57]     [71] idx=454: REAL sum=1.0 max=0.48
[2026-05-01 09:38:34]     [72] idx=460: REAL sum=1.0 max=0.45
[2026-05-01 09:39:14]     [73] idx=463: REAL sum=1.0 max=0.5
[2026-05-01 09:39:33]     [74] idx=465: REAL sum=1.0 max=0.45
[2026-05-01 09:40:01]     [75] idx=466: REAL sum=1.0 max=0.65
[2026-05-01 09:40:01]   进度: +75已处理, 累计75真软标签, 已保存
[2026-05-01 09:40:30]     [76] idx=468: REAL sum=1.0000000000000002 max=0.5000000000000001
[2026-05-01 09:41:01]     [77] idx=471: REAL sum=1.0 max=0.48
[2026-05-01 09:41:40]     [78] idx=473: REAL sum=1.0 max=0.4
[2026-05-01 09:42:02]     [79] idx=492: REAL sum=1.0 max=0.5
[2026-05-01 09:42:39]     [80] idx=494: REAL sum=1.0 max=0.4
[2026-05-01 09:42:39]   进度: +80已处理, 累计80真软标签, 已保存
[2026-05-01 09:43:18]     [81] idx=508: REAL sum=1.0 max=0.33
[2026-05-01 09:44:05]     [82] idx=511: REAL sum=1.0 max=0.51
[2026-05-01 09:44:41]     [83] idx=520: REAL sum=1.0 max=0.5
[2026-05-01 09:45:08]     [84] idx=523: REAL sum=1.0 max=0.45
[2026-05-01 09:45:31]     [85] idx=529: REAL sum=1.0 max=0.45
[2026-05-01 09:45:31]   进度: +85已处理, 累计85真软标签, 已保存
[2026-05-01 09:45:56]     [86] idx=532: REAL sum=1.0 max=0.45
[2026-05-01 09:46:15]     [87] idx=537: REAL sum=1.0 max=0.5
[2026-05-01 09:46:35]     [88] idx=538: REAL sum=1.0 max=0.55
[2026-05-01 09:47:18]     [89] idx=560: REAL sum=1.0 max=0.55
[2026-05-01 09:48:00]     [90] idx=563: REAL sum=1.0 max=0.45
[2026-05-01 09:48:00]   进度: +90已处理, 累计90真软标签, 已保存
[2026-05-01 09:48:25]     [91] idx=564: REAL sum=1.0 max=0.56
[2026-05-01 09:48:50]     [92] idx=570: REAL sum=1.0 max=0.59
[2026-05-01 09:49:17]     [93] idx=573: REAL sum=1.0 max=0.55
[2026-05-01 09:49:35]     [94] idx=575: REAL sum=1.0000000000000002 max=0.35000000000000003
[2026-05-01 09:50:17]     [95] idx=582: REAL sum=1.0000000000000002 max=0.30000000000000004
[2026-05-01 09:50:17]   进度: +95已处理, 累计95真软标签, 已保存
[2026-05-01 09:51:44]     [96] idx=590: REAL sum=1.0 max=0.4
[2026-05-01 09:52:16]     [97] idx=591: REAL sum=1.0 max=0.4
[2026-05-01 09:52:49]     [98] idx=598: REAL sum=1.0 max=0.45
[2026-05-01 09:53:15]     [99] idx=603: REAL sum=1.0 max=0.45
[2026-05-01 09:53:47]     [100] idx=607: REAL sum=1.0 max=0.56
[2026-05-01 09:53:47]   进度: +100已处理, 累计100真软标签, 已保存
[2026-05-01 09:54:13]     [101] idx=613: REAL sum=1.0 max=0.4
[2026-05-01 09:55:06]     [102] idx=614: REAL sum=1.0 max=0.45
[2026-05-01 09:55:35]     [103] idx=622: REAL sum=1.0 max=0.52
[2026-05-01 09:56:00]     [104] idx=624: REAL sum=1.0 max=0.55
[2026-05-01 09:56:51]     [105] idx=637: REAL sum=1.0 max=0.45
[2026-05-01 09:56:51]   进度: +105已处理, 累计105真软标签, 已保存
[2026-05-01 09:57:17]     [106] idx=647: REAL sum=1.0 max=0.45
[2026-05-01 09:57:40]     [107] idx=649: REAL sum=1.0 max=0.5
[2026-05-01 09:58:08]     [108] idx=654: REAL sum=1.0 max=0.5
[2026-05-01 09:58:35]     [109] idx=664: REAL sum=1.0 max=0.45
[2026-05-01 09:58:55]     [110] idx=675: REAL sum=1.0 max=0.55
[2026-05-01 09:58:55]   进度: +110已处理, 累计110真软标签, 已保存
[2026-05-01 09:59:43]     [111] idx=684: REAL sum=1.0 max=0.4
[2026-05-01 10:00:16]     [112] idx=703: REAL sum=1.0 max=0.52
[2026-05-01 10:00:54]     [113] idx=709: REAL sum=1.0 max=0.55
[2026-05-01 10:01:33]     [114] idx=722: REAL sum=1.0 max=0.55
[2026-05-01 10:02:07]     [115] idx=728: REAL sum=1.0 max=0.46
[2026-05-01 10:02:07]   进度: +115已处理, 累计115真软标签, 已保存
[2026-05-01 10:02:43]     [116] idx=738: REAL sum=1.0 max=0.5
[2026-05-01 10:03:01]     [117] idx=752: REAL sum=1.0 max=0.45
[2026-05-01 10:03:24]     [118] idx=754: REAL sum=1.0 max=0.6
[2026-05-01 10:04:10]     [119] idx=756: REAL sum=1.0 max=0.55
[2026-05-01 10:04:53]     [120] idx=769: REAL sum=1.0 max=0.45
[2026-05-01 10:04:53]   进度: +120已处理, 累计120真软标签, 已保存
[2026-05-01 10:05:21]     [121] idx=788: REAL sum=1.0 max=0.5
[2026-05-01 10:05:51]     [122] idx=794: REAL sum=1.0 max=0.4
[2026-05-01 10:06:13]     [123] idx=796: REAL sum=1.0 max=0.5
[2026-05-01 10:07:07]     [124] idx=797: REAL sum=1.0 max=0.45
[2026-05-01 10:07:46]     [125] idx=803: REAL sum=1.0 max=0.4
[2026-05-01 10:07:46]   进度: +125已处理, 累计125真软标签, 已保存
[2026-05-01 10:08:15]     [126] idx=804: REAL sum=0.9999999999999998 max=0.4499999999999999
[2026-05-01 10:09:30]     [127] idx=805: REAL sum=1.0 max=0.45
[2026-05-01 10:10:19]     [128] idx=809: REAL sum=1.0 max=0.45
[2026-05-01 10:11:14]     [129] idx=842: REAL sum=1.0 max=0.48
[2026-05-01 10:11:44]     [130] idx=843: REAL sum=1.0 max=0.45
[2026-05-01 10:11:44]   进度: +130已处理, 累计130真软标签, 已保存
[2026-05-01 10:12:13]     [131] idx=859: REAL sum=1.0 max=0.55
[2026-05-01 10:13:02]     [132] idx=862: REAL sum=1.0 max=0.5
[2026-05-01 10:13:42]     [133] idx=867: REAL sum=1.0 max=0.4
[2026-05-01 10:14:19]     [134] idx=872: REAL sum=1.0 max=0.5
[2026-05-01 10:14:50]     [135] idx=875: REAL sum=1.0 max=0.44
[2026-05-01 10:14:50]   进度: +135已处理, 累计135真软标签, 已保存
[2026-05-01 10:15:22]     [136] idx=876: REAL sum=1.0 max=0.5
[2026-05-01 10:16:09]     [137] idx=877: REAL sum=1.0 max=0.55
[2026-05-01 10:16:39]     [138] idx=883: REAL sum=1.0 max=0.55
[2026-05-01 10:17:19]     [139] idx=888: REAL sum=1.0 max=0.5
[2026-05-01 10:17:57]     [140] idx=889: REAL sum=1.0 max=0.5
[2026-05-01 10:17:57]   进度: +140已处理, 累计140真软标签, 已保存
[2026-05-01 10:18:20]     [141] idx=892: REAL sum=1.0 max=0.65
[2026-05-01 10:18:46]     [142] idx=914: REAL sum=1.0 max=0.5
[2026-05-01 10:19:08]     [143] idx=920: REAL sum=1.0 max=0.38
[2026-05-01 10:19:49]     [144] idx=923: REAL sum=1.0 max=0.55
[2026-05-01 10:20:34]     [145] idx=933: REAL sum=1.0 max=0.48
[2026-05-01 10:20:34]   进度: +145已处理, 累计145真软标签, 已保存
[2026-05-01 10:20:35] 
[2026-05-01 10:20:35] 
[2026-05-01 10:20:35]   Class 1 (sitting): 目标312 (0已有, 312待生成)
[2026-05-01 10:21:07]     [146] idx=0: REAL sum=1.0 max=0.55
[2026-05-01 10:22:09]     [147] idx=5: REAL sum=1.0 max=0.55
[2026-05-01 10:22:41]     [148] idx=15: REAL sum=1.0 max=0.5
[2026-05-01 10:23:22]     [149] idx=20: REAL sum=1.0 max=0.4
[2026-05-01 10:24:22]     [150] idx=21: REAL sum=1.0 max=0.4
[2026-05-01 10:24:22]   进度: +150已处理, 累计150真软标签, 已保存
[2026-05-01 10:24:52]     [151] idx=28: REAL sum=1.0 max=0.35
[2026-05-01 10:25:32]     [152] idx=30: REAL sum=1.0 max=0.45
[2026-05-01 10:26:30]     [153] idx=35: REAL sum=1.0 max=0.38
[2026-05-01 10:27:08]     [154] idx=37: REAL sum=1.0 max=0.45
[2026-05-01 10:27:28]     [155] idx=41: REAL sum=1.0 max=0.5
[2026-05-01 10:27:28]   进度: +155已处理, 累计155真软标签, 已保存
[2026-05-01 10:27:58]     [156] idx=43: REAL sum=1.0 max=0.55
[2026-05-01 10:28:40]     [157] idx=49: REAL sum=1.0 max=0.45
[2026-05-01 10:29:03]     [158] idx=51: REAL sum=1.0 max=0.45
[2026-05-01 10:29:45]     [159] idx=52: REAL sum=1.0 max=0.5
[2026-05-01 10:30:24]     [160] idx=54: REAL sum=1.0 max=0.45
[2026-05-01 10:30:24]   进度: +160已处理, 累计160真软标签, 已保存
[2026-05-01 10:31:00]     [161] idx=57: REAL sum=1.0 max=0.45
[2026-05-01 10:31:46]     [162] idx=68: REAL sum=1.0 max=0.4
[2026-05-01 10:32:17]     [163] idx=70: REAL sum=1.0 max=0.45
[2026-05-01 10:32:47]     [164] idx=73: REAL sum=1.0 max=0.55
[2026-05-01 10:33:28]     [165] idx=74: REAL sum=1.0 max=0.5
[2026-05-01 10:33:29]   进度: +165已处理, 累计165真软标签, 已保存
[2026-05-01 10:33:55]     [166] idx=77: REAL sum=1.0 max=0.45
[2026-05-01 10:34:55]     [167] idx=78: REAL sum=1.0 max=0.45
[2026-05-01 10:35:33]     [168] idx=80: REAL sum=1.0 max=0.34
[2026-05-01 10:36:09]     [169] idx=85: REAL sum=1.0000000000000002 max=0.35000000000000003
[2026-05-01 10:36:44]     [170] idx=86: REAL sum=1.0 max=0.45
[2026-05-01 10:36:44]   进度: +170已处理, 累计170真软标签, 已保存
[2026-05-01 10:37:21]     [171] idx=91: REAL sum=1.0 max=0.46
[2026-05-01 10:38:01]     [172] idx=92: REAL sum=1.0 max=0.55
[2026-05-01 10:38:40]     [173] idx=96: REAL sum=1.0 max=0.45
[2026-05-01 10:39:05]     [174] idx=107: REAL sum=1.0 max=0.44
[2026-05-01 10:39:27]     [175] idx=108: REAL sum=1.0 max=0.45
[2026-05-01 10:39:27]   进度: +175已处理, 累计175真软标签, 已保存
[2026-05-01 10:40:06]     [176] idx=109: REAL sum=1.0 max=0.5
[2026-05-01 10:40:32]     [177] idx=110: REAL sum=1.0 max=0.45
[2026-05-01 10:40:53]     [178] idx=111: REAL sum=1.0 max=0.45
[2026-05-01 10:41:23]     [179] idx=112: REAL sum=1.0 max=0.5
[2026-05-01 10:41:49]     [180] idx=114: REAL sum=1.0 max=0.45
[2026-05-01 10:41:49]   进度: +180已处理, 累计180真软标签, 已保存
[2026-05-01 10:42:17]     [181] idx=118: REAL sum=1.0 max=0.5
[2026-05-01 10:42:46]     [182] idx=119: REAL sum=1.0 max=0.5
[2026-05-01 10:43:28]     [183] idx=129: REAL sum=1.0 max=0.46
[2026-05-01 10:43:56]     [184] idx=134: REAL sum=1.0 max=0.4
[2026-05-01 10:44:36]     [185] idx=135: REAL sum=1.0 max=0.5
[2026-05-01 10:44:36]   进度: +185已处理, 累计185真软标签, 已保存
[2026-05-01 10:44:53]     [186] idx=136: REAL sum=1.0 max=0.5
[2026-05-01 10:45:25]     [187] idx=142: REAL sum=1.0 max=0.45
[2026-05-01 10:46:00]     [188] idx=143: REAL sum=1.0 max=0.45
[2026-05-01 10:46:32]     [189] idx=146: REAL sum=1.0 max=0.35
[2026-05-01 10:47:18]     [190] idx=151: REAL sum=1.0 max=0.45
[2026-05-01 10:47:18]   进度: +190已处理, 累计190真软标签, 已保存
[2026-05-01 10:48:29]     [191] idx=152: REAL sum=1.0 max=0.5
[2026-05-01 10:49:26]     [192] idx=153: REAL sum=1.0 max=0.5
[2026-05-01 10:50:07]     [193] idx=163: REAL sum=1.0 max=0.4
[2026-05-01 10:50:45]     [194] idx=168: REAL sum=1.0 max=0.5
[2026-05-01 10:51:24]     [195] idx=170: REAL sum=1.0 max=0.5
[2026-05-01 10:51:24]   进度: +195已处理, 累计195真软标签, 已保存
[2026-05-01 10:52:13]     [196] idx=174: REAL sum=1.0 max=0.4
[2026-05-01 10:52:47]     [197] idx=176: REAL sum=1.0 max=0.55
[2026-05-01 10:53:10]     [198] idx=184: REAL sum=1.0 max=0.45
[2026-05-01 10:53:40]     [199] idx=186: REAL sum=1.0 max=0.55
[2026-05-01 10:54:12]     [200] idx=187: REAL sum=1.0 max=0.55
[2026-05-01 10:54:12]   进度: +200已处理, 累计200真软标签, 已保存
[2026-05-01 10:54:41]     [201] idx=189: REAL sum=1.0 max=0.47
[2026-05-01 10:55:18]     [202] idx=197: REAL sum=1.0 max=0.48
[2026-05-01 10:56:17]     [203] idx=201: REAL sum=1.0 max=0.35
[2026-05-01 10:57:01]     [204] idx=202: REAL sum=1.0 max=0.55
[2026-05-01 10:58:34]     [205] idx=203: REAL sum=1.0 max=0.4
[2026-05-01 10:58:34]   进度: +205已处理, 累计205真软标签, 已保存
[2026-05-01 10:58:59]     [206] idx=204: REAL sum=1.0 max=0.38
[2026-05-01 10:59:25]     [207] idx=211: REAL sum=1.0 max=0.4
[2026-05-01 11:00:17]     [208] idx=213: REAL sum=1.0 max=0.5
[2026-05-01 11:00:50]     [209] idx=215: REAL sum=1.0 max=0.55
[2026-05-01 11:01:46]     [210] idx=219: REAL sum=1.0 max=0.4
[2026-05-01 11:01:46]   进度: +210已处理, 累计210真软标签, 已保存
[2026-05-01 11:02:17]     [211] idx=220: REAL sum=1.0 max=0.45
[2026-05-01 11:02:42]     [212] idx=221: REAL sum=1.0 max=0.4
[2026-05-01 11:03:24]     [213] idx=225: REAL sum=1.0 max=0.35
[2026-05-01 11:03:53]     [214] idx=228: REAL sum=1.0 max=0.45
[2026-05-01 11:04:31]     [215] idx=229: REAL sum=1.0 max=0.45
[2026-05-01 11:04:31]   进度: +215已处理, 累计215真软标签, 已保存
[2026-05-01 11:05:15]     [216] idx=232: REAL sum=1.0 max=0.4
[2026-05-01 11:05:47]     [217] idx=237: REAL sum=1.0 max=0.4
[2026-05-01 11:06:34]     [218] idx=244: REAL sum=1.0 max=0.45
[2026-05-01 11:07:21]     [219] idx=248: REAL sum=1.0 max=0.55
[2026-05-01 11:08:44]     [220] idx=252: REAL sum=1.0 max=0.5
[2026-05-01 11:08:44]   进度: +220已处理, 累计220真软标签, 已保存
[2026-05-01 11:09:18]     [221] idx=253: REAL sum=1.0 max=0.5
[2026-05-01 11:09:40]     [222] idx=254: REAL sum=1.0 max=0.55
[2026-05-01 11:10:37]     [223] idx=256: REAL sum=1.0 max=0.45
[2026-05-01 11:11:05]     [224] idx=263: REAL sum=1.0 max=0.5
[2026-05-01 11:11:58]     [225] idx=264: REAL sum=1.0 max=0.35
[2026-05-01 11:11:58]   进度: +225已处理, 累计225真软标签, 已保存
[2026-05-01 11:12:49]     [226] idx=266: REAL sum=1.0 max=0.45
[2026-05-01 11:13:20]     [227] idx=268: REAL sum=1.0 max=0.45
[2026-05-01 11:13:44]     [228] idx=273: REAL sum=1.0 max=0.4
[2026-05-01 11:14:14]     [229] idx=279: REAL sum=1.0 max=0.45
[2026-05-01 11:15:10]     [230] idx=285: REAL sum=1.0 max=0.4
[2026-05-01 11:15:10]   进度: +230已处理, 累计230真软标签, 已保存
[2026-05-01 11:15:44]     [231] idx=287: REAL sum=1.0 max=0.55
[2026-05-01 11:16:17]     [232] idx=291: REAL sum=1.0 max=0.45
[2026-05-01 11:16:52]     [233] idx=293: REAL sum=1.0 max=0.35
[2026-05-01 11:17:14]     [234] idx=294: REAL sum=1.0 max=0.45
[2026-05-01 11:17:40]     [235] idx=297: REAL sum=1.0 max=0.45
[2026-05-01 11:17:40]   进度: +235已处理, 累计235真软标签, 已保存
[2026-05-01 11:18:39]     [236] idx=301: REAL sum=1.0 max=0.5
[2026-05-01 11:19:19]     [237] idx=307: REAL sum=1.0 max=0.55
[2026-05-01 11:19:39]     [238] idx=314: REAL sum=1.0 max=0.45
[2026-05-01 11:20:27]     [239] idx=316: REAL sum=1.0 max=0.45
[2026-05-01 11:21:08]     [240] idx=318: REAL sum=1.0 max=0.45
[2026-05-01 11:21:08]   进度: +240已处理, 累计240真软标签, 已保存
[2026-05-01 11:21:45]     [241] idx=321: REAL sum=1.0 max=0.35
[2026-05-01 11:22:35]     [242] idx=326: REAL sum=1.0 max=0.45
[2026-05-01 11:22:59]     [243] idx=332: REAL sum=1.0 max=0.45
[2026-05-01 11:23:41]     [244] idx=333: REAL sum=1.0 max=0.45
[2026-05-01 11:24:15]     [245] idx=340: REAL sum=1.0 max=0.55
[2026-05-01 11:24:15]   进度: +245已处理, 累计245真软标签, 已保存
[2026-05-01 11:24:34]     [246] idx=342: REAL sum=1.0 max=0.45
[2026-05-01 11:25:14]     [247] idx=344: REAL sum=1.0 max=0.45
[2026-05-01 11:25:57]     [248] idx=352: REAL sum=1.0 max=0.38
[2026-05-01 11:26:33]     [249] idx=359: REAL sum=1.0 max=0.4
[2026-05-01 11:27:09]     [250] idx=360: REAL sum=1.0 max=0.45
[2026-05-01 11:27:09]   进度: +250已处理, 累计250真软标签, 已保存
[2026-05-01 11:27:28]     [251] idx=361: REAL sum=1.0 max=0.4
[2026-05-01 11:28:03]     [252] idx=362: REAL sum=1.0 max=0.45
[2026-05-01 11:28:33]     [253] idx=364: REAL sum=1.0 max=0.45
[2026-05-01 11:29:04]     [254] idx=365: REAL sum=1.0 max=0.45
[2026-05-01 11:29:25]     [255] idx=367: REAL sum=1.0 max=0.55
[2026-05-01 11:29:25]   进度: +255已处理, 累计255真软标签, 已保存
[2026-05-01 11:29:51]     [256] idx=368: REAL sum=1.0 max=0.5
[2026-05-01 11:30:29]     [257] idx=369: REAL sum=1.0 max=0.42
[2026-05-01 11:31:10]     [258] idx=373: REAL sum=1.0 max=0.4
[2026-05-01 11:31:41]     [259] idx=375: REAL sum=1.0 max=0.45
[2026-05-01 11:32:00]     [260] idx=377: REAL sum=1.0 max=0.55
[2026-05-01 11:32:00]   进度: +260已处理, 累计260真软标签, 已保存
[2026-05-01 11:32:24]     [261] idx=378: REAL sum=1.0 max=0.45
[2026-05-01 11:32:48]     [262] idx=382: REAL sum=1.0 max=0.5
[2026-05-01 11:33:14]     [263] idx=383: REAL sum=1.0 max=0.5
[2026-05-01 11:33:40]     [264] idx=385: REAL sum=1.0 max=0.55
[2026-05-01 11:34:15]     [265] idx=386: REAL sum=1.0 max=0.46
[2026-05-01 11:34:15]   进度: +265已处理, 累计265真软标签, 已保存
[2026-05-01 11:35:01]     [266] idx=390: REAL sum=0.9999999999999997 max=0.3999999999999999
[2026-05-01 11:35:25]     [267] idx=398: REAL sum=1.0 max=0.4
[2026-05-01 11:36:20]     [268] idx=405: REAL sum=1.0 max=0.4
[2026-05-01 11:36:49]     [269] idx=406: REAL sum=1.0 max=0.5
[2026-05-01 11:37:23]     [270] idx=417: REAL sum=1.0 max=0.5
[2026-05-01 11:37:23]   进度: +270已处理, 累计270真软标签, 已保存
[2026-05-01 11:37:55]     [271] idx=418: REAL sum=1.0 max=0.48
[2026-05-01 11:38:22]     [272] idx=420: REAL sum=1.0 max=0.45
[2026-05-01 11:38:45]     [273] idx=425: REAL sum=1.0 max=0.45
[2026-05-01 11:39:16]     [274] idx=426: REAL sum=1.0 max=0.7
[2026-05-01 11:39:48]     [275] idx=427: REAL sum=1.0 max=0.6
[2026-05-01 11:39:48]   进度: +275已处理, 累计275真软标签, 已保存
[2026-05-01 11:40:21]     [276] idx=433: REAL sum=1.0 max=0.45
[2026-05-01 11:41:00]     [277] idx=436: REAL sum=1.0 max=0.45
[2026-05-01 11:41:46]     [278] idx=438: REAL sum=1.0 max=0.45
[2026-05-01 11:42:12]     [279] idx=446: REAL sum=1.0 max=0.45
[2026-05-01 11:42:29]     [280] idx=447: REAL sum=1.0 max=0.55
[2026-05-01 11:42:29]   进度: +280已处理, 累计280真软标签, 已保存
[2026-05-01 11:42:58]     [281] idx=449: REAL sum=1.0 max=0.45
[2026-05-01 11:43:26]     [282] idx=451: REAL sum=1.0 max=0.5
[2026-05-01 11:44:09]     [283] idx=453: REAL sum=1.0 max=0.46
[2026-05-01 11:44:38]     [284] idx=455: REAL sum=1.0 max=0.45
[2026-05-01 11:45:12]     [285] idx=458: REAL sum=1.0 max=0.45
[2026-05-01 11:45:12]   进度: +285已处理, 累计285真软标签, 已保存
[2026-05-01 11:45:56]     [286] idx=461: REAL sum=1.0 max=0.4
[2026-05-01 11:47:17]     [287] idx=462: REAL sum=1.0 max=0.5
[2026-05-01 11:47:38]     [288] idx=469: REAL sum=1.0 max=0.45
[2026-05-01 11:48:35]     [289] idx=474: REAL sum=1.0 max=0.5
[2026-05-01 11:48:58]     [290] idx=476: REAL sum=1.0 max=0.45
[2026-05-01 11:48:58]   进度: +290已处理, 累计290真软标签, 已保存
[2026-05-01 11:49:57]     [291] idx=478: REAL sum=1.0 max=0.45
[2026-05-01 11:50:20]     [292] idx=479: REAL sum=1.0 max=0.38
[2026-05-01 11:50:41]     [293] idx=484: REAL sum=1.0 max=0.45
[2026-05-01 11:51:09]     [294] idx=486: REAL sum=1.0 max=0.5
[2026-05-01 11:51:39]     [295] idx=490: REAL sum=1.0 max=0.45
[2026-05-01 11:51:39]   进度: +295已处理, 累计295真软标签, 已保存
[2026-05-01 11:52:34]     [296] idx=491: REAL sum=1.0 max=0.5
[2026-05-01 11:53:47]     [297] idx=493: REAL sum=1.0 max=0.45
[2026-05-01 11:54:32]     [298] idx=496: REAL sum=1.0 max=0.4
[2026-05-01 11:55:59]     [299] idx=502: REAL sum=1.0 max=0.4
[2026-05-01 11:56:25]     [300] idx=503: REAL sum=1.0 max=0.5
[2026-05-01 11:56:25]   进度: +300已处理, 累计300真软标签, 已保存
[2026-05-01 11:57:42]     [301] idx=504: REAL sum=1.0 max=0.35
[2026-05-01 11:58:09]     [302] idx=513: REAL sum=1.0 max=0.3883495145631068
[2026-05-01 11:58:32]     [303] idx=515: REAL sum=1.0 max=0.4
[2026-05-01 11:59:04]     [304] idx=516: REAL sum=1.0 max=0.4
[2026-05-01 11:59:36]     [305] idx=524: REAL sum=1.0 max=0.5
[2026-05-01 11:59:36]   进度: +305已处理, 累计305真软标签, 已保存
[2026-05-01 12:00:08]     [306] idx=526: REAL sum=1.0000000000000002 max=0.35000000000000003
[2026-05-01 12:00:50]     [307] idx=533: REAL sum=1.0 max=0.45
[2026-05-01 12:02:28]     [308] idx=535: REAL sum=1.0 max=0.45
[2026-05-01 12:03:06]     [309] idx=545: REAL sum=1.0 max=0.32
[2026-05-01 12:03:34]     [310] idx=546: REAL sum=1.0 max=0.65
[2026-05-01 12:03:34]   进度: +310已处理, 累计310真软标签, 已保存
[2026-05-01 12:04:04]     [311] idx=549: REAL sum=1.0 max=0.51
[2026-05-01 12:04:27]     [312] idx=551: REAL sum=1.0 max=0.55
[2026-05-01 12:05:14]     [313] idx=556: REAL sum=1.0 max=0.45
[2026-05-01 12:05:54]     [314] idx=558: REAL sum=1.0 max=0.4411764705882353
[2026-05-01 12:07:00]     [315] idx=565: REAL sum=1.0 max=0.45
[2026-05-01 12:07:00]   进度: +315已处理, 累计315真软标签, 已保存
[2026-05-01 12:07:42]     [316] idx=566: REAL sum=1.0 max=0.65
[2026-05-01 12:08:12]     [317] idx=569: REAL sum=1.0 max=0.55
[2026-05-01 12:08:44]     [318] idx=571: REAL sum=1.0 max=0.4
[2026-05-01 12:09:57]     [319] idx=572: REAL sum=1.0000000000000002 max=0.35000000000000003
[2026-05-01 12:10:40]     [320] idx=577: REAL sum=1.0 max=0.45
[2026-05-01 12:10:40]   进度: +320已处理, 累计320真软标签, 已保存
[2026-05-01 12:11:14]     [321] idx=578: REAL sum=1.0 max=0.38
[2026-05-01 12:11:45]     [322] idx=580: REAL sum=1.0 max=0.55
[2026-05-01 12:12:18]     [323] idx=583: REAL sum=1.0 max=0.45
[2026-05-01 12:13:04]     [324] idx=589: REAL sum=1.0 max=0.35
[2026-05-01 12:13:47]     [325] idx=595: REAL sum=1.0 max=0.4
[2026-05-01 12:13:47]   进度: +325已处理, 累计325真软标签, 已保存
[2026-05-01 12:14:11]     [326] idx=596: REAL sum=1.0 max=0.45
[2026-05-01 12:15:03]     [327] idx=597: REAL sum=1.0 max=0.45
[2026-05-01 12:15:40]     [328] idx=608: REAL sum=1.0 max=0.45
[2026-05-01 12:16:17]     [329] idx=610: REAL sum=1.0 max=0.4
[2026-05-01 12:16:47]     [330] idx=625: REAL sum=1.0 max=0.45
[2026-05-01 12:16:47]   进度: +330已处理, 累计330真软标签, 已保存
[2026-05-01 12:17:10]     [331] idx=631: REAL sum=1.0 max=0.55
[2026-05-01 12:17:43]     [332] idx=632: REAL sum=1.0 max=0.45
[2026-05-01 12:18:19]     [333] idx=638: REAL sum=1.0 max=0.5
[2026-05-01 12:18:55]     [334] idx=640: REAL sum=1.0 max=0.5
[2026-05-01 12:19:29]     [335] idx=641: REAL sum=1.0 max=0.45
[2026-05-01 12:19:29]   进度: +335已处理, 累计335真软标签, 已保存
[2026-05-01 12:20:09]     [336] idx=643: REAL sum=1.0 max=0.38
[2026-05-01 12:20:57]     [337] idx=648: REAL sum=1.0 max=0.3
[2026-05-01 12:21:25]     [338] idx=657: REAL sum=1.0 max=0.49
[2026-05-01 12:22:06]     [339] idx=662: REAL sum=1.0 max=0.45
[2026-05-01 12:22:35]     [340] idx=667: REAL sum=1.0 max=0.41
[2026-05-01 12:22:35]   进度: +340已处理, 累计340真软标签, 已保存
[2026-05-01 12:23:15]     [341] idx=676: REAL sum=1.0 max=0.43
[2026-05-01 12:23:39]     [342] idx=680: REAL sum=1.0 max=0.45
[2026-05-01 12:24:16]     [343] idx=681: REAL sum=1.0 max=0.45
[2026-05-01 12:24:39]     [344] idx=683: REAL sum=1.0 max=0.55
[2026-05-01 12:25:12]     [345] idx=686: REAL sum=1.0 max=0.4
[2026-05-01 12:25:12]   进度: +345已处理, 累计345真软标签, 已保存
[2026-05-01 12:25:35]     [346] idx=687: REAL sum=1.0 max=0.5
[2026-05-01 12:26:05]     [347] idx=688: REAL sum=1.0 max=0.4
[2026-05-01 12:26:33]     [348] idx=690: REAL sum=1.0 max=0.4
[2026-05-01 12:27:00]     [349] idx=693: REAL sum=1.0 max=0.3
[2026-05-01 12:27:22]     [350] idx=695: REAL sum=1.0000000000000002 max=0.35000000000000003
[2026-05-01 12:27:22]   进度: +350已处理, 累计350真软标签, 已保存
[2026-05-01 12:28:02]     [351] idx=697: REAL sum=1.0 max=0.5
[2026-05-01 12:28:31]     [352] idx=699: REAL sum=1.0 max=0.5
[2026-05-01 12:29:03]     [353] idx=704: REAL sum=1.0 max=0.52
[2026-05-01 12:29:26]     [354] idx=707: REAL sum=1.0 max=0.4
[2026-05-01 12:30:00]     [355] idx=710: REAL sum=1.0 max=0.55
[2026-05-01 12:30:00]   进度: +355已处理, 累计355真软标签, 已保存
[2026-05-01 12:30:36]     [356] idx=714: REAL sum=1.0 max=0.45
[2026-05-01 12:31:06]     [357] idx=715: REAL sum=1.0 max=0.6
[2026-05-01 12:31:58]     [358] idx=717: REAL sum=1.0 max=0.45
[2026-05-01 12:32:37]     [359] idx=721: REAL sum=1.0 max=0.45
[2026-05-01 12:33:05]     [360] idx=723: REAL sum=1.0 max=0.4
[2026-05-01 12:33:05]   进度: +360已处理, 累计360真软标签, 已保存
[2026-05-01 12:34:04]     [361] idx=724: REAL sum=1.0 max=0.45
[2026-05-01 12:34:25]     [362] idx=726: REAL sum=1.0 max=0.55
[2026-05-01 12:35:02]     [363] idx=727: REAL sum=1.0 max=0.4
[2026-05-01 12:36:10]     [364] idx=732: REAL sum=1.0 max=0.5
[2026-05-01 12:36:39]     [365] idx=734: REAL sum=1.0 max=0.45
[2026-05-01 12:36:39]   进度: +365已处理, 累计365真软标签, 已保存
[2026-05-01 12:37:16]     [366] idx=736: REAL sum=1.0 max=0.5
[2026-05-01 12:37:46]     [367] idx=737: REAL sum=1.0 max=0.55
[2026-05-01 12:38:24]     [368] idx=740: REAL sum=1.0 max=0.45
[2026-05-01 12:38:43]     [369] idx=744: REAL sum=1.0 max=0.55
[2026-05-01 12:39:27]     [370] idx=745: REAL sum=1.0 max=0.4
[2026-05-01 12:39:27]   进度: +370已处理, 累计370真软标签, 已保存
[2026-05-01 12:39:55]     [371] idx=747: REAL sum=1.0 max=0.4
[2026-05-01 12:40:33]     [372] idx=750: REAL sum=1.0 max=0.45
[2026-05-01 12:41:10]     [373] idx=753: REAL sum=1.0 max=0.4
[2026-05-01 12:42:06]     [374] idx=755: REAL sum=1.0 max=0.55
[2026-05-01 12:42:35]     [375] idx=758: REAL sum=1.0 max=0.45
[2026-05-01 12:42:35]   进度: +375已处理, 累计375真软标签, 已保存
[2026-05-01 12:43:06]     [376] idx=759: REAL sum=1.0 max=0.4
[2026-05-01 12:43:30]     [377] idx=763: REAL sum=1.0 max=0.5
[2026-05-01 12:44:04]     [378] idx=765: REAL sum=1.0 max=0.6
[2026-05-01 12:44:30]     [379] idx=766: REAL sum=1.0 max=0.5
[2026-05-01 12:45:06]     [380] idx=767: REAL sum=1.0 max=0.4
[2026-05-01 12:45:06]   进度: +380已处理, 累计380真软标签, 已保存
[2026-05-01 12:45:48]     [381] idx=768: REAL sum=1.0 max=0.45
[2026-05-01 12:46:19]     [382] idx=770: REAL sum=1.0 max=0.42
[2026-05-01 12:47:01]     [383] idx=772: REAL sum=1.0 max=0.55
[2026-05-01 12:47:26]     [384] idx=774: REAL sum=1.0 max=0.4
[2026-05-01 12:47:53]     [385] idx=775: REAL sum=1.0 max=0.35
[2026-05-01 12:47:53]   进度: +385已处理, 累计385真软标签, 已保存
[2026-05-01 12:48:13]     [386] idx=776: REAL sum=1.0000000000000002 max=0.45000000000000007
[2026-05-01 12:48:51]     [387] idx=778: REAL sum=1.0 max=0.35
[2026-05-01 12:49:32]     [388] idx=779: REAL sum=1.0 max=0.45
[2026-05-01 12:49:51]     [389] idx=780: REAL sum=1.0 max=0.6
[2026-05-01 12:50:22]     [390] idx=781: REAL sum=1.0 max=0.45
[2026-05-01 12:50:22]   进度: +390已处理, 累计390真软标签, 已保存
[2026-05-01 12:50:54]     [391] idx=782: REAL sum=1.0 max=0.45
[2026-05-01 12:51:42]     [392] idx=784: REAL sum=1.0 max=0.58
[2026-05-01 12:52:06]     [393] idx=785: REAL sum=1.0 max=0.55
[2026-05-01 12:52:40]     [394] idx=786: REAL sum=1.0 max=0.5
[2026-05-01 12:53:18]     [395] idx=787: REAL sum=1.0 max=0.38
[2026-05-01 12:53:18]   进度: +395已处理, 累计395真软标签, 已保存
[2026-05-01 12:54:01]     [396] idx=792: REAL sum=1.0 max=0.5
[2026-05-01 12:54:30]     [397] idx=802: REAL sum=1.0 max=0.46
[2026-05-01 12:55:01]     [398] idx=806: REAL sum=1.0 max=0.38
[2026-05-01 12:55:37]     [399] idx=807: REAL sum=1.0 max=0.6
[2026-05-01 12:55:57]     [400] idx=810: REAL sum=1.0 max=0.45
[2026-05-01 12:55:57]   进度: +400已处理, 累计400真软标签, 已保存
[2026-05-01 12:56:39]     [401] idx=819: REAL sum=1.0 max=0.5
[2026-05-01 12:57:28]     [402] idx=820: REAL sum=1.0 max=0.48
[2026-05-01 12:58:09]     [403] idx=822: REAL sum=1.0 max=0.48
[2026-05-01 12:58:32]     [404] idx=831: REAL sum=1.0 max=0.45
[2026-05-01 12:59:08]     [405] idx=835: REAL sum=1.0 max=0.5
[2026-05-01 12:59:08]   进度: +405已处理, 累计405真软标签, 已保存
[2026-05-01 12:59:37]     [406] idx=836: REAL sum=1.0 max=0.45
[2026-05-01 13:00:02]     [407] idx=841: REAL sum=1.0 max=0.43
[2026-05-01 13:00:47]     [408] idx=844: REAL sum=1.0 max=0.4
[2026-05-01 13:01:21]     [409] idx=847: REAL sum=1.0 max=0.42
[2026-05-01 13:02:09]     [410] idx=849: REAL sum=1.0 max=0.35
[2026-05-01 13:02:09]   进度: +410已处理, 累计410真软标签, 已保存
[2026-05-01 13:03:17]     [411] idx=850: REAL sum=1.0 max=0.4
[2026-05-01 13:03:45]     [412] idx=851: REAL sum=1.0 max=0.45
[2026-05-01 13:04:22]     [413] idx=853: REAL sum=1.0 max=0.45
[2026-05-01 13:04:59]     [414] idx=854: REAL sum=1.0 max=0.38
[2026-05-01 13:05:26]     [415] idx=857: REAL sum=1.0 max=0.4
[2026-05-01 13:05:26]   进度: +415已处理, 累计415真软标签, 已保存
[2026-05-01 13:05:56]     [416] idx=858: REAL sum=1.0 max=0.65
[2026-05-01 13:06:32]     [417] idx=861: REAL sum=1.0 max=0.45
[2026-05-01 13:07:07]     [418] idx=865: REAL sum=1.0 max=0.55
[2026-05-01 13:07:37]     [419] idx=880: REAL sum=1.0 max=0.55
[2026-05-01 13:08:08]     [420] idx=881: REAL sum=1.0 max=0.55
[2026-05-01 13:08:08]   进度: +420已处理, 累计420真软标签, 已保存
[2026-05-01 13:09:03]     [421] idx=886: REAL sum=1.0 max=0.55
[2026-05-01 13:09:45]     [422] idx=891: REAL sum=1.0 max=0.45
[2026-05-01 13:10:55]     [423] idx=893: REAL sum=1.0 max=0.55
[2026-05-01 13:11:39]     [424] idx=894: REAL sum=1.0 max=0.35
[2026-05-01 13:12:05]     [425] idx=895: REAL sum=1.0 max=0.55
[2026-05-01 13:12:05]   进度: +425已处理, 累计425真软标签, 已保存
[2026-05-01 13:12:35]     [426] idx=896: REAL sum=1.0 max=0.5
[2026-05-01 13:13:01]     [427] idx=899: REAL sum=1.0 max=0.42
[2026-05-01 13:14:25]     [428] idx=903: REAL sum=1.0 max=0.4
[2026-05-01 13:15:03]     [429] idx=911: REAL sum=1.0 max=0.45
[2026-05-01 13:15:32]     [430] idx=918: REAL sum=1.0 max=0.42
[2026-05-01 13:15:32]   进度: +430已处理, 累计430真软标签, 已保存
[2026-05-01 13:16:00]     [431] idx=919: REAL sum=1.0 max=0.68
[2026-05-01 13:16:58]     [432] idx=921: REAL sum=1.0 max=0.4
[2026-05-01 13:17:28]     [433] idx=922: REAL sum=1.0 max=0.45
[2026-05-01 13:18:00]     [434] idx=924: REAL sum=1.0 max=0.35
[2026-05-01 13:18:30]     [435] idx=926: REAL sum=1.0 max=0.45
[2026-05-01 13:18:30]   进度: +435已处理, 累计435真软标签, 已保存
[2026-05-01 13:19:01]     [436] idx=927: REAL sum=1.0 max=0.55
[2026-05-01 13:19:35]     [437] idx=929: REAL sum=1.0 max=0.6
[2026-05-01 13:19:56]     [438] idx=932: REAL sum=1.0 max=0.45
[2026-05-01 13:20:34]     [439] idx=940: REAL sum=1.0 max=0.5
[2026-05-01 13:21:04]     [440] idx=942: REAL sum=1.0 max=0.45
[2026-05-01 13:21:04]   进度: +440已处理, 累计440真软标签, 已保存
[2026-05-01 13:21:32]     [441] idx=943: REAL sum=1.0 max=0.4
[2026-05-01 13:21:59]     [442] idx=944: REAL sum=1.0 max=0.55
[2026-05-01 13:22:31]     [443] idx=945: REAL sum=1.0 max=0.55
[2026-05-01 13:23:05]     [444] idx=947: REAL sum=1.0 max=0.45
[2026-05-01 13:23:39]     [445] idx=954: REAL sum=1.0 max=0.42
[2026-05-01 13:23:39]   进度: +445已处理, 累计445真软标签, 已保存
[2026-05-01 13:23:57]     [446] idx=955: REAL sum=1.0 max=0.4
[2026-05-01 13:24:19]     [447] idx=956: REAL sum=1.0 max=0.45
[2026-05-01 13:24:45]     [448] idx=962: REAL sum=1.0 max=0.5
[2026-05-01 13:25:12]     [449] idx=974: REAL sum=1.0 max=0.55
[2026-05-01 13:25:41]     [450] idx=979: REAL sum=1.0 max=0.44
[2026-05-01 13:25:41]   进度: +450已处理, 累计450真软标签, 已保存
[2026-05-01 13:26:05]     [451] idx=982: REAL sum=1.0 max=0.4
[2026-05-01 13:26:27]     [452] idx=985: REAL sum=1.0 max=0.45
[2026-05-01 13:26:50]     [453] idx=988: REAL sum=1.0 max=0.45
[2026-05-01 13:27:15]     [454] idx=998: REAL sum=1.0 max=0.45
[2026-05-01 13:27:58]     [455] idx=1001: REAL sum=1.0 max=0.45
[2026-05-01 13:27:58]   进度: +455已处理, 累计455真软标签, 已保存
[2026-05-01 13:28:46]     [456] idx=1005: REAL sum=1.0 max=0.45
[2026-05-01 13:29:17]     [457] idx=1008: REAL sum=1.0000000000000002 max=0.5000000000000001
[2026-05-01 13:29:18] 
[2026-05-01 13:29:18] 
[2026-05-01 13:29:18]   Class 2 (standing): 目标309 (0已有, 309待生成)
[2026-05-01 13:30:13]     [458] idx=4: REAL sum=1.0 max=0.4
[2026-05-01 13:30:35]     [459] idx=8: REAL sum=1.0 max=0.55
[2026-05-01 13:31:11]     [460] idx=9: REAL sum=1.0 max=0.47
[2026-05-01 13:31:11]   进度: +460已处理, 累计460真软标签, 已保存
[2026-05-01 13:32:39]     [461] idx=14: REAL sum=1.0 max=0.4
[2026-05-01 13:33:07]     [462] idx=17: REAL sum=1.0 max=0.4
[2026-05-01 13:34:36]     [463] idx=22: REAL sum=1.0 max=0.4
[2026-05-01 13:35:04]     [464] idx=24: REAL sum=1.0 max=0.45
[2026-05-01 13:35:30]     [465] idx=25: REAL sum=1.0 max=0.48
[2026-05-01 13:35:30]   进度: +465已处理, 累计465真软标签, 已保存
[2026-05-01 13:36:14]     [466] idx=27: REAL sum=1.0 max=0.55
[2026-05-01 13:36:40]     [467] idx=31: REAL sum=1.0 max=0.55
[2026-05-01 13:38:05]     [468] idx=33: REAL sum=1.0 max=0.45
[2026-05-01 13:38:37]     [469] idx=36: REAL sum=1.0 max=0.49
[2026-05-01 13:39:14]     [470] idx=38: REAL sum=1.0 max=0.55
[2026-05-01 13:39:14]   进度: +470已处理, 累计470真软标签, 已保存
[2026-05-01 13:39:43]     [471] idx=39: REAL sum=1.0 max=0.45
[2026-05-01 13:40:23]     [472] idx=40: REAL sum=1.0 max=0.45
[2026-05-01 13:40:55]     [473] idx=42: REAL sum=1.0 max=0.45
[2026-05-01 13:41:27]     [474] idx=44: REAL sum=1.0 max=0.45
[2026-05-01 13:41:51]     [475] idx=45: REAL sum=1.0 max=0.5
[2026-05-01 13:41:51]   进度: +475已处理, 累计475真软标签, 已保存
[2026-05-01 13:42:20]     [476] idx=46: REAL sum=1.0 max=0.45
[2026-05-01 13:42:54]     [477] idx=48: REAL sum=1.0 max=0.38
[2026-05-01 13:43:27]     [478] idx=50: REAL sum=1.0 max=0.5
[2026-05-01 13:43:50]     [479] idx=60: REAL sum=1.0 max=0.5
[2026-05-01 13:44:23]     [480] idx=61: REAL sum=1.0 max=0.42
[2026-05-01 13:44:23]   进度: +480已处理, 累计480真软标签, 已保存
[2026-05-01 13:44:45]     [481] idx=64: REAL sum=1.0 max=0.4
[2026-05-01 13:45:12]     [482] idx=65: REAL sum=1.0 max=0.4
[2026-05-01 13:45:39]     [483] idx=72: REAL sum=1.0 max=0.6
[2026-05-01 13:46:17]     [484] idx=75: REAL sum=1.0 max=0.37
[2026-05-01 13:47:05]     [485] idx=76: REAL sum=1.0 max=0.45
[2026-05-01 13:47:05]   进度: +485已处理, 累计485真软标签, 已保存
[2026-05-01 13:47:32]     [486] idx=82: REAL sum=1.0 max=0.5
[2026-05-01 13:48:13]     [487] idx=83: REAL sum=1.0 max=0.55
[2026-05-01 13:48:38]     [488] idx=87: REAL sum=1.0 max=0.42
[2026-05-01 13:49:03]     [489] idx=88: REAL sum=1.0 max=0.55
[2026-05-01 13:49:35]     [490] idx=89: REAL sum=1.0 max=0.45
[2026-05-01 13:49:35]   进度: +490已处理, 累计490真软标签, 已保存
[2026-05-01 13:50:16]     [491] idx=94: REAL sum=1.0 max=0.5
[2026-05-01 13:50:43]     [492] idx=95: REAL sum=1.0 max=0.45
[2026-05-01 13:51:25]     [493] idx=97: REAL sum=1.0 max=0.6
[2026-05-01 13:51:56]     [494] idx=98: REAL sum=1.0 max=0.45
[2026-05-01 13:52:26]     [495] idx=100: REAL sum=1.0 max=0.45
[2026-05-01 13:52:26]   进度: +495已处理, 累计495真软标签, 已保存
[2026-05-01 13:52:55]     [496] idx=102: REAL sum=1.0 max=0.6
[2026-05-01 13:53:27]     [497] idx=104: REAL sum=1.0 max=0.45
[2026-05-01 13:54:02]     [498] idx=113: REAL sum=1.0 max=0.5
[2026-05-01 13:54:39]     [499] idx=125: REAL sum=1.0 max=0.5
[2026-05-01 13:55:09]     [500] idx=126: REAL sum=1.0 max=0.45
[2026-05-01 13:55:09]   进度: +500已处理, 累计500真软标签, 已保存
[2026-05-01 13:55:36]     [501] idx=127: REAL sum=1.0 max=0.69
[2026-05-01 13:55:56]     [502] idx=130: REAL sum=1.0 max=0.55
[2026-05-01 13:56:23]     [503] idx=131: REAL sum=1.0 max=0.55
[2026-05-01 13:56:55]     [504] idx=138: REAL sum=1.0 max=0.55
[2026-05-01 13:57:35]     [505] idx=139: REAL sum=1.0 max=0.55
[2026-05-01 13:57:35]   进度: +505已处理, 累计505真软标签, 已保存
[2026-05-01 13:58:07]     [506] idx=144: REAL sum=1.0 max=0.4
[2026-05-01 13:58:31]     [507] idx=154: REAL sum=1.0 max=0.5
[2026-05-01 13:59:01]     [508] idx=156: REAL sum=1.0 max=0.55
[2026-05-01 13:59:33]     [509] idx=157: REAL sum=1.0 max=0.33
[2026-05-01 13:59:58]     [510] idx=159: REAL sum=1.0 max=0.5
[2026-05-01 13:59:58]   进度: +510已处理, 累计510真软标签, 已保存
[2026-05-01 14:00:25]     [511] idx=160: REAL sum=1.0 max=0.4
[2026-05-01 14:00:56]     [512] idx=161: REAL sum=1.0 max=0.45
[2026-05-01 14:01:27]     [513] idx=164: REAL sum=1.0 max=0.55
[2026-05-01 14:02:00]     [514] idx=165: REAL sum=1.0 max=0.55
[2026-05-01 14:02:45]     [515] idx=166: REAL sum=1.0 max=0.5
[2026-05-01 14:02:45]   进度: +515已处理, 累计515真软标签, 已保存
[2026-05-01 14:03:10]     [516] idx=167: REAL sum=1.0 max=0.55
[2026-05-01 14:03:37]     [517] idx=169: REAL sum=1.0 max=0.6
[2026-05-01 14:04:12]     [518] idx=175: REAL sum=1.0 max=0.5
[2026-05-01 14:04:35]     [519] idx=177: REAL sum=1.0 max=0.6
[2026-05-01 14:05:05]     [520] idx=179: REAL sum=1.0 max=0.6
[2026-05-01 14:05:05]   进度: +520已处理, 累计520真软标签, 已保存
[2026-05-01 14:05:46]     [521] idx=182: REAL sum=1.0 max=0.48
[2026-05-01 14:06:09]     [522] idx=185: REAL sum=1.0 max=0.55
[2026-05-01 14:06:37]     [523] idx=188: REAL sum=1.0 max=0.45
[2026-05-01 14:07:06]     [524] idx=190: REAL sum=1.0 max=0.4
[2026-05-01 14:07:40]     [525] idx=191: REAL sum=1.0 max=0.4
[2026-05-01 14:07:40]   进度: +525已处理, 累计525真软标签, 已保存
[2026-05-01 14:08:27]     [526] idx=192: REAL sum=1.0 max=0.45
[2026-05-01 14:08:58]     [527] idx=196: REAL sum=1.0 max=0.6
[2026-05-01 14:09:41]     [528] idx=207: REAL sum=1.0 max=0.55
[2026-05-01 14:10:10]     [529] idx=210: REAL sum=1.0 max=0.55
[2026-05-01 14:10:32]     [530] idx=214: REAL sum=1.0 max=0.5
[2026-05-01 14:10:32]   进度: +530已处理, 累计530真软标签, 已保存
[2026-05-01 14:11:10]     [531] idx=216: REAL sum=1.0 max=0.4
[2026-05-01 14:11:36]     [532] idx=217: REAL sum=1.0 max=0.45
[2026-05-01 14:12:03]     [533] idx=222: REAL sum=1.0 max=0.45
[2026-05-01 14:12:32]     [534] idx=223: REAL sum=1.0 max=0.55
[2026-05-01 14:13:08]     [535] idx=224: REAL sum=1.0 max=0.5
[2026-05-01 14:13:08]   进度: +535已处理, 累计535真软标签, 已保存
[2026-05-01 14:13:35]     [536] idx=226: REAL sum=1.0 max=0.5238095238095238
[2026-05-01 14:14:04]     [537] idx=227: REAL sum=1.0 max=0.45
[2026-05-01 14:14:23]     [538] idx=231: REAL sum=1.0 max=0.48
[2026-05-01 14:14:44]     [539] idx=233: REAL sum=1.0 max=0.55
[2026-05-01 14:15:10]     [540] idx=235: REAL sum=1.0 max=0.55
[2026-05-01 14:15:10]   进度: +540已处理, 累计540真软标签, 已保存
[2026-05-01 14:15:33]     [541] idx=236: REAL sum=1.0 max=0.42
[2026-05-01 14:16:05]     [542] idx=240: REAL sum=1.0 max=0.5
[2026-05-01 14:16:25]     [543] idx=245: REAL sum=1.0 max=0.45
[2026-05-01 14:16:56]     [544] idx=246: REAL sum=1.0 max=0.5
[2026-05-01 14:17:15]     [545] idx=250: REAL sum=1.0 max=0.55
[2026-05-01 14:17:15]   进度: +545已处理, 累计545真软标签, 已保存
[2026-05-01 14:17:57]     [546] idx=269: REAL sum=1.0 max=0.45
[2026-05-01 14:18:26]     [547] idx=271: REAL sum=1.0 max=0.52
[2026-05-01 14:18:53]     [548] idx=275: REAL sum=1.0 max=0.5
[2026-05-01 14:19:20]     [549] idx=278: REAL sum=1.0 max=0.52
[2026-05-01 14:20:10]     [550] idx=283: REAL sum=1.0 max=0.45
[2026-05-01 14:20:10]   进度: +550已处理, 累计550真软标签, 已保存
[2026-05-01 14:21:39]     [551] idx=284: REAL sum=1.0 max=0.6
[2026-05-01 14:21:55]     [552] idx=286: REAL sum=1.0 max=0.45
[2026-05-01 14:22:28]     [553] idx=295: REAL sum=1.0 max=0.45
[2026-05-01 14:22:47]     [554] idx=296: REAL sum=1.0 max=0.6
[2026-05-01 14:23:26]     [555] idx=300: REAL sum=1.0 max=0.45
[2026-05-01 14:23:26]   进度: +555已处理, 累计555真软标签, 已保存
[2026-05-01 14:23:56]     [556] idx=302: REAL sum=1.0 max=0.4
[2026-05-01 14:24:36]     [557] idx=303: REAL sum=1.0 max=0.45
[2026-05-01 14:25:12]     [558] idx=306: REAL sum=1.0 max=0.45
[2026-05-01 14:25:42]     [559] idx=310: REAL sum=1.0 max=0.4
[2026-05-01 14:26:20]     [560] idx=311: REAL sum=1.0 max=0.56
[2026-05-01 14:26:20]   进度: +560已处理, 累计560真软标签, 已保存
[2026-05-01 14:26:44]     [561] idx=315: REAL sum=1.0 max=0.55
[2026-05-01 14:27:11]     [562] idx=317: REAL sum=1.0 max=0.45
[2026-05-01 14:27:40]     [563] idx=319: REAL sum=1.0 max=0.45
[2026-05-01 14:28:29]     [564] idx=320: REAL sum=1.0 max=0.4
[2026-05-01 14:28:52]     [565] idx=322: REAL sum=1.0 max=0.4
[2026-05-01 14:28:52]   进度: +565已处理, 累计565真软标签, 已保存
[2026-05-01 14:29:23]     [566] idx=327: REAL sum=1.0 max=0.45
[2026-05-01 14:29:58]     [567] idx=328: REAL sum=1.0 max=0.5
[2026-05-01 14:30:18]     [568] idx=334: REAL sum=1.0 max=0.5
[2026-05-01 14:30:56]     [569] idx=335: REAL sum=1.0 max=0.6
[2026-05-01 14:31:25]     [570] idx=341: REAL sum=1.0 max=0.38
[2026-05-01 14:31:25]   进度: +570已处理, 累计570真软标签, 已保存
[2026-05-01 14:31:52]     [571] idx=343: REAL sum=1.0 max=0.5
[2026-05-01 14:32:34]     [572] idx=348: REAL sum=1.0 max=0.42
[2026-05-01 14:33:13]     [573] idx=349: REAL sum=1.0 max=0.45
[2026-05-01 14:33:45]     [574] idx=353: REAL sum=1.0 max=0.45
[2026-05-01 14:34:12]     [575] idx=355: REAL sum=1.0 max=0.45
[2026-05-01 14:34:12]   进度: +575已处理, 累计575真软标签, 已保存
[2026-05-01 14:34:32]     [576] idx=357: REAL sum=1.0 max=0.58
[2026-05-01 14:35:08]     [577] idx=371: REAL sum=1.0 max=0.4
[2026-05-01 14:35:33]     [578] idx=372: REAL sum=1.0 max=0.45
[2026-05-01 14:36:00]     [579] idx=374: REAL sum=1.0 max=0.45
[2026-05-01 14:36:27]     [580] idx=387: REAL sum=1.0 max=0.55
[2026-05-01 14:36:27]   进度: +580已处理, 累计580真软标签, 已保存
[2026-05-01 14:37:04]     [581] idx=391: REAL sum=1.0 max=0.4
[2026-05-01 14:37:45]     [582] idx=393: REAL sum=1.0 max=0.52
[2026-05-01 14:38:05]     [583] idx=395: REAL sum=1.0 max=0.55
[2026-05-01 14:38:25]     [584] idx=402: REAL sum=1.0 max=0.55
[2026-05-01 14:38:46]     [585] idx=408: REAL sum=1.0 max=0.49
[2026-05-01 14:38:46]   进度: +585已处理, 累计585真软标签, 已保存
[2026-05-01 14:39:15]     [586] idx=411: REAL sum=1.0 max=0.5
[2026-05-01 14:39:40]     [587] idx=416: REAL sum=1.0 max=0.55
[2026-05-01 14:40:22]     [588] idx=421: REAL sum=1.0 max=0.55
[2026-05-01 14:40:47]     [589] idx=422: REAL sum=1.0 max=0.5
[2026-05-01 14:41:10]     [590] idx=423: REAL sum=1.0 max=0.55
[2026-05-01 14:41:10]   进度: +590已处理, 累计590真软标签, 已保存
[2026-05-01 14:41:38]     [591] idx=424: REAL sum=1.0 max=0.5
[2026-05-01 14:42:26]     [592] idx=428: REAL sum=1.0 max=0.4
[2026-05-01 14:43:11]     [593] idx=429: REAL sum=1.0 max=0.5
[2026-05-01 14:43:47]     [594] idx=432: REAL sum=1.0 max=0.45
[2026-05-01 14:44:20]     [595] idx=443: REAL sum=1.0 max=0.7
[2026-05-01 14:44:20]   进度: +595已处理, 累计595真软标签, 已保存
[2026-05-01 14:44:45]     [596] idx=456: REAL sum=1.0 max=0.45
[2026-05-01 14:45:32]     [597] idx=459: REAL sum=1.0 max=0.45
[2026-05-01 14:46:05]     [598] idx=467: REAL sum=1.0 max=0.45
[2026-05-01 14:47:00]     [599] idx=470: REAL sum=1.0 max=0.49
[2026-05-01 14:47:30]     [600] idx=472: REAL sum=1.0 max=0.5
[2026-05-01 14:47:30]   进度: +600已处理, 累计600真软标签, 已保存
[2026-05-01 14:48:08]     [601] idx=475: REAL sum=1.0 max=0.42
[2026-05-01 14:48:33]     [602] idx=477: REAL sum=1.0 max=0.68
[2026-05-01 14:49:01]     [603] idx=482: REAL sum=1.0 max=0.66
[2026-05-01 14:49:39]     [604] idx=483: REAL sum=1.0 max=0.4
[2026-05-01 14:50:14]     [605] idx=487: REAL sum=1.0 max=0.4
[2026-05-01 14:50:14]   进度: +605已处理, 累计605真软标签, 已保存
[2026-05-01 14:50:41]     [606] idx=505: REAL sum=1.0 max=0.45
[2026-05-01 14:51:26]     [607] idx=510: REAL sum=1.0 max=0.4
[2026-05-01 14:51:51]     [608] idx=512: REAL sum=1.0 max=0.48
[2026-05-01 14:52:19]     [609] idx=514: REAL sum=1.0 max=0.55
[2026-05-01 14:53:12]     [610] idx=517: REAL sum=1.0 max=0.45
[2026-05-01 14:53:12]   进度: +610已处理, 累计610真软标签, 已保存
[2026-05-01 14:53:40]     [611] idx=519: REAL sum=1.0 max=0.6
[2026-05-01 14:53:59]     [612] idx=521: REAL sum=1.0 max=0.53
[2026-05-01 14:54:18]     [613] idx=525: REAL sum=1.0 max=0.55
[2026-05-01 14:54:57]     [614] idx=528: REAL sum=1.0 max=0.6
[2026-05-01 14:55:19]     [615] idx=530: REAL sum=1.0 max=0.41
[2026-05-01 14:55:19]   进度: +615已处理, 累计615真软标签, 已保存
[2026-05-01 14:55:39]     [616] idx=534: REAL sum=1.0 max=0.4
[2026-05-01 14:56:50]     [617] idx=539: REAL sum=1.0 max=0.35
[2026-05-01 14:57:18]     [618] idx=540: REAL sum=1.0 max=0.45
[2026-05-01 14:58:09]     [619] idx=542: REAL sum=1.0 max=0.35
[2026-05-01 14:58:45]     [620] idx=544: REAL sum=1.0 max=0.45
[2026-05-01 14:58:45]   进度: +620已处理, 累计620真软标签, 已保存
[2026-05-01 14:59:20]     [621] idx=547: REAL sum=1.0 max=0.4
[2026-05-01 14:59:57]     [622] idx=548: REAL sum=1.0 max=0.45
[2026-05-01 15:00:19]     [623] idx=552: REAL sum=1.0 max=0.56
[2026-05-01 15:00:39]     [624] idx=553: REAL sum=1.0 max=0.5
[2026-05-01 15:01:09]     [625] idx=557: REAL sum=1.0 max=0.38
[2026-05-01 15:01:09]   进度: +625已处理, 累计625真软标签, 已保存
[2026-05-01 15:01:54]     [626] idx=561: REAL sum=1.0 max=0.5
[2026-05-01 15:02:34]     [627] idx=567: REAL sum=1.0 max=0.43
[2026-05-01 15:03:02]     [628] idx=568: REAL sum=1.0 max=0.41
[2026-05-01 15:03:35]     [629] idx=574: REAL sum=1.0 max=0.45
[2026-05-01 15:04:03]     [630] idx=586: REAL sum=1.0 max=0.45
[2026-05-01 15:04:03]   进度: +630已处理, 累计630真软标签, 已保存
[2026-05-01 15:04:46]     [631] idx=588: REAL sum=1.0 max=0.5
[2026-05-01 15:05:25]     [632] idx=593: REAL sum=1.0 max=0.45
[2026-05-01 15:06:30]     [633] idx=594: REAL sum=1.0 max=0.4
[2026-05-01 15:06:58]     [634] idx=601: REAL sum=1.0 max=0.5
[2026-05-01 15:07:33]     [635] idx=604: REAL sum=1.0 max=0.4
[2026-05-01 15:07:33]   进度: +635已处理, 累计635真软标签, 已保存
[2026-05-01 15:08:07]     [636] idx=605: REAL sum=1.0 max=0.61
[2026-05-01 15:08:45]     [637] idx=611: REAL sum=1.0 max=0.5
[2026-05-01 15:09:05]     [638] idx=612: REAL sum=1.0 max=0.65
[2026-05-01 15:09:39]     [639] idx=615: REAL sum=1.0 max=0.45
[2026-05-01 15:10:01]     [640] idx=616: REAL sum=1.0 max=0.45
[2026-05-01 15:10:01]   进度: +640已处理, 累计640真软标签, 已保存
[2026-05-01 15:10:36]     [641] idx=617: REAL sum=1.0 max=0.55
[2026-05-01 15:11:00]     [642] idx=618: REAL sum=1.0 max=0.62
[2026-05-01 15:11:19]     [643] idx=619: REAL sum=1.0 max=0.45
[2026-05-01 15:11:45]     [644] idx=621: REAL sum=1.0000000000000002 max=0.5000000000000001
[2026-05-01 15:12:33]     [645] idx=626: REAL sum=1.0 max=0.45
[2026-05-01 15:12:33]   进度: +645已处理, 累计645真软标签, 已保存
[2026-05-01 15:13:05]     [646] idx=627: REAL sum=1.0 max=0.4
[2026-05-01 15:13:31]     [647] idx=630: REAL sum=1.0 max=0.38
[2026-05-01 15:14:03]     [648] idx=633: REAL sum=1.0 max=0.45
[2026-05-01 15:14:30]     [649] idx=634: REAL sum=1.0 max=0.45
[2026-05-01 15:15:03]     [650] idx=636: REAL sum=1.0 max=0.45
[2026-05-01 15:15:03]   进度: +650已处理, 累计650真软标签, 已保存
[2026-05-01 15:15:37]     [651] idx=642: REAL sum=1.0 max=0.53
[2026-05-01 15:16:16]     [652] idx=645: REAL sum=1.0 max=0.4
[2026-05-01 15:16:39]     [653] idx=650: REAL sum=1.0 max=0.45
[2026-05-01 15:17:03]     [654] idx=651: REAL sum=1.0 max=0.5
[2026-05-01 15:17:20]     [655] idx=652: REAL sum=1.0 max=0.65
[2026-05-01 15:17:20]   进度: +655已处理, 累计655真软标签, 已保存
[2026-05-01 15:18:03]     [656] idx=653: REAL sum=1.0 max=0.5
[2026-05-01 15:18:30]     [657] idx=656: REAL sum=1.0 max=0.48
[2026-05-01 15:19:08]     [658] idx=658: REAL sum=1.0 max=0.45
[2026-05-01 15:19:48]     [659] idx=659: REAL sum=1.0 max=0.55
[2026-05-01 15:20:09]     [660] idx=660: REAL sum=1.0 max=0.45
[2026-05-01 15:20:09]   进度: +660已处理, 累计660真软标签, 已保存
[2026-05-01 15:20:45]     [661] idx=661: REAL sum=1.0 max=0.55
[2026-05-01 15:21:13]     [662] idx=663: REAL sum=1.0 max=0.45
[2026-05-01 15:21:59]     [663] idx=665: REAL sum=1.0000000000000002 max=0.35000000000000003
[2026-05-01 15:22:25]     [664] idx=668: REAL sum=1.0 max=0.45
[2026-05-01 15:22:46]     [665] idx=669: REAL sum=1.0 max=0.45
[2026-05-01 15:22:46]   进度: +665已处理, 累计665真软标签, 已保存
[2026-05-01 15:23:26]     [666] idx=671: REAL sum=1.0 max=0.45
[2026-05-01 15:24:07]     [667] idx=672: REAL sum=1.0 max=0.56
[2026-05-01 15:25:29]     [668] idx=674: REAL sum=1.0 max=0.48
[2026-05-01 15:25:52]     [669] idx=677: REAL sum=1.0 max=0.5
[2026-05-01 15:26:17]     [670] idx=678: REAL sum=1.0 max=0.58
[2026-05-01 15:26:17]   进度: +670已处理, 累计670真软标签, 已保存
[2026-05-01 15:26:54]     [671] idx=679: REAL sum=1.0 max=0.5
[2026-05-01 15:27:32]     [672] idx=685: REAL sum=1.0000000000000002 max=0.35000000000000003
[2026-05-01 15:28:02]     [673] idx=689: REAL sum=1.0 max=0.6
[2026-05-01 15:28:29]     [674] idx=691: REAL sum=1.0 max=0.55
[2026-05-01 15:29:18]     [675] idx=692: REAL sum=1.0 max=0.47
[2026-05-01 15:29:18]   进度: +675已处理, 累计675真软标签, 已保存
[2026-05-01 15:29:49]     [676] idx=696: REAL sum=1.0 max=0.45
[2026-05-01 15:30:22]     [677] idx=702: REAL sum=1.0 max=0.43
[2026-05-01 15:30:55]     [678] idx=706: REAL sum=1.0000000000000002 max=0.5000000000000001
[2026-05-01 15:31:20]     [679] idx=708: REAL sum=1.0 max=0.45
[2026-05-01 15:31:36]     [680] idx=711: REAL sum=1.0 max=0.55
[2026-05-01 15:31:36]   进度: +680已处理, 累计680真软标签, 已保存
[2026-05-01 15:32:00]     [681] idx=713: REAL sum=1.0 max=0.45
[2026-05-01 15:32:28]     [682] idx=720: REAL sum=1.0 max=0.45
[2026-05-01 15:33:05]     [683] idx=725: REAL sum=1.0 max=0.45
[2026-05-01 15:33:37]     [684] idx=729: REAL sum=1.0 max=0.55
[2026-05-01 15:34:05]     [685] idx=730: REAL sum=1.0 max=0.7
[2026-05-01 15:34:05]   进度: +685已处理, 累计685真软标签, 已保存
[2026-05-01 15:34:54]     [686] idx=731: REAL sum=1.0 max=0.45
[2026-05-01 15:35:19]     [687] idx=733: REAL sum=1.0 max=0.55
[2026-05-01 15:36:16]     [688] idx=735: REAL sum=1.0 max=0.45
[2026-05-01 15:36:45]     [689] idx=743: REAL sum=1.0 max=0.35
[2026-05-01 15:37:57]     [690] idx=746: REAL sum=1.0 max=0.42
[2026-05-01 15:37:57]   进度: +690已处理, 累计690真软标签, 已保存
[2026-05-01 15:38:23]     [691] idx=749: REAL sum=1.0 max=0.6
[2026-05-01 15:38:45]     [692] idx=751: REAL sum=1.0 max=0.45
[2026-05-01 15:39:35]     [693] idx=760: REAL sum=1.0 max=0.6
[2026-05-01 15:40:03]     [694] idx=761: REAL sum=1.0 max=0.55
[2026-05-01 15:40:25]     [695] idx=762: REAL sum=1.0 max=0.55
[2026-05-01 15:40:25]   进度: +695已处理, 累计695真软标签, 已保存
[2026-05-01 15:40:51]     [696] idx=777: REAL sum=1.0 max=0.5
[2026-05-01 15:41:25]     [697] idx=783: REAL sum=1.0 max=0.52
[2026-05-01 15:41:50]     [698] idx=789: REAL sum=1.0 max=0.5
[2026-05-01 15:43:24]     [699] idx=791: REAL sum=1.0000000000000002 max=0.35000000000000003
[2026-05-01 15:43:58]     [700] idx=799: REAL sum=1.0 max=0.55
[2026-05-01 15:43:58]   进度: +700已处理, 累计700真软标签, 已保存
[2026-05-01 15:44:34]     [701] idx=800: REAL sum=1.0 max=0.45
[2026-05-01 15:45:44]     [702] idx=801: REAL sum=1.0 max=0.5
[2026-05-01 15:46:17]     [703] idx=808: REAL sum=1.0 max=0.45
[2026-05-01 15:47:05]     [704] idx=811: REAL sum=1.0 max=0.45
[2026-05-01 15:47:35]     [705] idx=812: REAL sum=1.0 max=0.45
[2026-05-01 15:47:35]   进度: +705已处理, 累计705真软标签, 已保存
[2026-05-01 15:48:09]     [706] idx=813: REAL sum=1.0 max=0.42
[2026-05-01 15:48:52]     [707] idx=814: REAL sum=1.0 max=0.5
[2026-05-01 15:50:20]     [708] idx=815: REAL sum=1.0 max=0.4
[2026-05-01 15:50:44]     [709] idx=816: REAL sum=1.0 max=0.35
[2026-05-01 15:51:26]     [710] idx=817: REAL sum=1.0 max=0.4
[2026-05-01 15:51:26]   进度: +710已处理, 累计710真软标签, 已保存
[2026-05-01 15:51:49]     [711] idx=818: REAL sum=1.0 max=0.4
[2026-05-01 15:52:15]     [712] idx=821: REAL sum=1.0 max=0.4
[2026-05-01 15:52:40]     [713] idx=823: REAL sum=1.0 max=0.4
[2026-05-01 15:53:10]     [714] idx=826: REAL sum=1.0 max=0.45
[2026-05-01 15:53:42]     [715] idx=827: REAL sum=1.0 max=0.47
[2026-05-01 15:53:42]   进度: +715已处理, 累计715真软标签, 已保存
[2026-05-01 15:54:12]     [716] idx=828: REAL sum=1.0 max=0.38
[2026-05-01 15:54:58]     [717] idx=829: REAL sum=1.0 max=0.5
[2026-05-01 15:55:17]     [718] idx=833: REAL sum=1.0 max=0.55
[2026-05-01 15:56:00]     [719] idx=834: REAL sum=1.0 max=0.45
[2026-05-01 15:56:33]     [720] idx=837: REAL sum=1.0 max=0.55
[2026-05-01 15:56:34]   进度: +720已处理, 累计720真软标签, 已保存
[2026-05-01 15:57:12]     [721] idx=839: REAL sum=1.0 max=0.5
[2026-05-01 15:57:47]     [722] idx=840: REAL sum=1.0 max=0.51
[2026-05-01 15:58:32]     [723] idx=845: REAL sum=1.0 max=0.45
[2026-05-01 15:58:59]     [724] idx=846: REAL sum=1.0 max=0.56
[2026-05-01 15:59:51]     [725] idx=852: REAL sum=1.0 max=0.52
[2026-05-01 15:59:51]   进度: +725已处理, 累计725真软标签, 已保存
[2026-05-01 16:00:38]     [726] idx=856: REAL sum=1.0 max=0.35
[2026-05-01 16:01:13]     [727] idx=863: REAL sum=1.0 max=0.4
[2026-05-01 16:01:36]     [728] idx=866: REAL sum=1.0 max=0.45
[2026-05-01 16:02:07]     [729] idx=868: REAL sum=1.0 max=0.4
[2026-05-01 16:03:05]     [730] idx=869: REAL sum=1.0 max=0.4
[2026-05-01 16:03:05]   进度: +730已处理, 累计730真软标签, 已保存
[2026-05-01 16:04:11]     [731] idx=870: REAL sum=1.0 max=0.4
[2026-05-01 16:04:45]     [732] idx=871: REAL sum=1.0 max=0.6
[2026-05-01 16:05:18]     [733] idx=873: REAL sum=1.0 max=0.5
[2026-05-01 16:05:52]     [734] idx=882: REAL sum=1.0 max=0.5
[2026-05-01 16:06:19]     [735] idx=884: REAL sum=1.0 max=0.5
[2026-05-01 16:06:19]   进度: +735已处理, 累计735真软标签, 已保存
[2026-05-01 16:06:49]     [736] idx=887: REAL sum=1.0 max=0.45
[2026-05-01 16:07:16]     [737] idx=890: REAL sum=1.0 max=0.45
[2026-05-01 16:07:55]     [738] idx=898: REAL sum=1.0 max=0.44
[2026-05-01 16:08:29]     [739] idx=900: REAL sum=1.0 max=0.4
[2026-05-01 16:09:10]     [740] idx=901: REAL sum=1.0 max=0.5
[2026-05-01 16:09:10]   进度: +740已处理, 累计740真软标签, 已保存
[2026-05-01 16:09:53]     [741] idx=905: REAL sum=1.0 max=0.5
[2026-05-01 16:10:14]     [742] idx=906: REAL sum=1.0 max=0.45
[2026-05-01 16:10:42]     [743] idx=907: REAL sum=1.0 max=0.55
[2026-05-01 16:11:10]     [744] idx=909: REAL sum=1.0 max=0.5
[2026-05-01 16:11:38]     [745] idx=910: REAL sum=1.0 max=0.45
[2026-05-01 16:11:38]   进度: +745已处理, 累计745真软标签, 已保存
[2026-05-01 16:12:06]     [746] idx=912: REAL sum=1.0 max=0.45
[2026-05-01 16:12:41]     [747] idx=917: REAL sum=1.0 max=0.4
[2026-05-01 16:13:07]     [748] idx=925: REAL sum=1.0 max=0.4
[2026-05-01 16:13:43]     [749] idx=928: REAL sum=1.0 max=0.47
[2026-05-01 16:14:15]     [750] idx=930: REAL sum=1.0 max=0.4
[2026-05-01 16:14:15]   进度: +750已处理, 累计750真软标签, 已保存
[2026-05-01 16:14:55]     [751] idx=935: REAL sum=1.0 max=0.5
[2026-05-01 16:15:22]     [752] idx=941: REAL sum=1.0 max=0.5
[2026-05-01 16:15:56]     [753] idx=948: REAL sum=1.0 max=0.45
[2026-05-01 16:16:30]     [754] idx=949: REAL sum=1.0 max=0.48
[2026-05-01 16:17:11]     [755] idx=950: REAL sum=1.0 max=0.41
[2026-05-01 16:17:11]   进度: +755已处理, 累计755真软标签, 已保存
[2026-05-01 16:17:41]     [756] idx=951: REAL sum=1.0 max=0.5
[2026-05-01 16:18:05]     [757] idx=957: REAL sum=1.0 max=0.45
[2026-05-01 16:18:33]     [758] idx=958: REAL sum=1.0 max=0.6
[2026-05-01 16:19:48]     [759] idx=959: REAL sum=1.0 max=0.5
[2026-05-01 16:20:46]     [760] idx=968: REAL sum=1.0 max=0.45
[2026-05-01 16:20:46]   进度: +760已处理, 累计760真软标签, 已保存
[2026-05-01 16:21:29]     [761] idx=971: REAL sum=1.0 max=0.45
[2026-05-01 16:22:02]     [762] idx=975: REAL sum=1.0 max=0.55
[2026-05-01 16:22:45]     [763] idx=976: REAL sum=1.0 max=0.45
[2026-05-01 16:23:24]     [764] idx=980: REAL sum=1.0 max=0.5
[2026-05-01 16:23:51]     [765] idx=981: REAL sum=1.0 max=0.65
[2026-05-01 16:23:51]   进度: +765已处理, 累计765真软标签, 已保存
[2026-05-01 16:24:18]     [766] idx=983: REAL sum=1.0 max=0.52
[2026-05-01 16:24:19] 
[2026-05-01 16:24:19] 
[2026-05-01 16:24:19]   Class 3 (walking): 目标131 (0已有, 131待生成)
[2026-05-01 16:24:43]     [767] idx=1: REAL sum=1.0 max=0.45
[2026-05-01 16:25:19]     [768] idx=2: REAL sum=1.0 max=0.52
[2026-05-01 16:25:48]     [769] idx=3: REAL sum=1.0 max=0.4
[2026-05-01 16:26:19]     [770] idx=6: REAL sum=1.0 max=0.45
[2026-05-01 16:26:19]   进度: +770已处理, 累计770真软标签, 已保存
[2026-05-01 16:26:54]     [771] idx=7: REAL sum=1.0 max=0.63
[2026-05-01 16:27:31]     [772] idx=10: REAL sum=1.0 max=0.45
[2026-05-01 16:28:11]     [773] idx=18: REAL sum=1.0 max=0.55
[2026-05-01 16:29:00]     [774] idx=26: REAL sum=1.0 max=0.48
[2026-05-01 16:29:18]     [775] idx=34: REAL sum=1.0 max=0.55
[2026-05-01 16:29:18]   进度: +775已处理, 累计775真软标签, 已保存
[2026-05-01 16:29:48]     [776] idx=62: REAL sum=1.0 max=0.5
[2026-05-01 16:30:24]     [777] idx=63: REAL sum=1.0 max=0.45
[2026-05-01 16:30:53]     [778] idx=67: REAL sum=1.0 max=0.47
[2026-05-01 16:31:21]     [779] idx=90: REAL sum=1.0 max=0.6
[2026-05-01 16:31:49]     [780] idx=99: REAL sum=1.0 max=0.45
[2026-05-01 16:31:49]   进度: +780已处理, 累计780真软标签, 已保存
[2026-05-01 16:32:27]     [781] idx=101: REAL sum=1.0 max=0.5
[2026-05-01 16:32:49]     [782] idx=117: REAL sum=1.0 max=0.61
[2026-05-01 16:33:27]     [783] idx=120: REAL sum=1.0 max=0.45
[2026-05-01 16:33:51]     [784] idx=121: REAL sum=1.0 max=0.45
[2026-05-01 16:34:19]     [785] idx=122: REAL sum=1.0 max=0.45
[2026-05-01 16:34:19]   进度: +785已处理, 累计785真软标签, 已保存
[2026-05-01 16:35:20]     [786] idx=124: REAL sum=1.0 max=0.45
[2026-05-01 16:35:52]     [787] idx=128: REAL sum=1.0 max=0.45
[2026-05-01 16:36:25]     [788] idx=132: REAL sum=1.0 max=0.5
[2026-05-01 16:36:46]     [789] idx=141: REAL sum=1.0 max=0.5
[2026-05-01 16:37:06]     [790] idx=145: REAL sum=1.0 max=0.45
[2026-05-01 16:37:06]   进度: +790已处理, 累计790真软标签, 已保存
[2026-05-01 16:37:37]     [791] idx=147: REAL sum=1.0 max=0.55
[2026-05-01 16:38:01]     [792] idx=155: REAL sum=1.0 max=0.45
[2026-05-01 16:38:22]     [793] idx=172: REAL sum=1.0 max=0.35
[2026-05-01 16:38:39]     [794] idx=180: REAL sum=1.0 max=0.45
[2026-05-01 16:39:12]     [795] idx=193: REAL sum=1.0 max=0.5
[2026-05-01 16:39:12]   进度: +795已处理, 累计795真软标签, 已保存
[2026-05-01 16:39:53]     [796] idx=194: REAL sum=1.0 max=0.48
[2026-05-01 16:40:19]     [797] idx=195: REAL sum=1.0 max=0.45
[2026-05-01 16:40:49]     [798] idx=206: REAL sum=1.0 max=0.45
[2026-05-01 16:41:24]     [799] idx=212: REAL sum=1.0 max=0.4
[2026-05-01 16:41:47]     [800] idx=230: REAL sum=1.0 max=0.45
[2026-05-01 16:41:47]   进度: +800已处理, 累计800真软标签, 已保存
[2026-05-01 16:42:09]     [801] idx=234: REAL sum=1.0 max=0.45
[2026-05-01 16:42:35]     [802] idx=241: REAL sum=1.0 max=0.44
[2026-05-01 16:43:17]     [803] idx=247: REAL sum=1.0 max=0.4
[2026-05-01 16:43:59]     [804] idx=251: REAL sum=1.0 max=0.45
[2026-05-01 16:44:30]     [805] idx=258: REAL sum=1.0 max=0.45
[2026-05-01 16:44:30]   进度: +805已处理, 累计805真软标签, 已保存
[2026-05-01 16:45:05]     [806] idx=259: REAL sum=1.0 max=0.5
[2026-05-01 16:45:41]     [807] idx=276: REAL sum=1.0 max=0.55
[2026-05-01 16:46:17]     [808] idx=280: REAL sum=1.0 max=0.55
[2026-05-01 16:46:42]     [809] idx=288: REAL sum=1.0 max=0.45
[2026-05-01 16:47:11]     [810] idx=298: REAL sum=1.0 max=0.49
[2026-05-01 16:47:11]   进度: +810已处理, 累计810真软标签, 已保存
[2026-05-01 16:47:40]     [811] idx=304: REAL sum=1.0 max=0.4
[2026-05-01 16:48:17]     [812] idx=309: REAL sum=1.0 max=0.45
[2026-05-01 16:48:48]     [813] idx=323: REAL sum=1.0 max=0.55
[2026-05-01 16:49:16]     [814] idx=324: REAL sum=1.0 max=0.45
[2026-05-01 16:49:57]     [815] idx=330: REAL sum=1.0 max=0.55
[2026-05-01 16:49:57]   进度: +815已处理, 累计815真软标签, 已保存
[2026-05-01 16:50:37]     [816] idx=336: REAL sum=1.0 max=0.42
[2026-05-01 16:51:23]     [817] idx=339: REAL sum=1.0 max=0.5
[2026-05-01 16:51:55]     [818] idx=345: REAL sum=1.0 max=0.45
[2026-05-01 16:52:20]     [819] idx=350: REAL sum=1.0 max=0.4
[2026-05-01 16:52:53]     [820] idx=354: REAL sum=1.0 max=0.55
[2026-05-01 16:52:53]   进度: +820已处理, 累计820真软标签, 已保存
[2026-05-01 16:53:26]     [821] idx=384: REAL sum=1.0 max=0.4
[2026-05-01 16:53:52]     [822] idx=394: REAL sum=1.0 max=0.6
[2026-05-01 16:54:13]     [823] idx=396: REAL sum=1.0 max=0.45
[2026-05-01 16:54:36]     [824] idx=399: REAL sum=1.0 max=0.48
[2026-05-01 16:55:11]     [825] idx=409: REAL sum=1.0 max=0.55
[2026-05-01 16:55:11]   进度: +825已处理, 累计825真软标签, 已保存
[2026-05-01 16:55:39]     [826] idx=410: REAL sum=1.0 max=0.55
[2026-05-01 16:56:16]     [827] idx=431: REAL sum=1.0 max=0.6
[2026-05-01 16:56:41]     [828] idx=439: REAL sum=1.0 max=0.45
[2026-05-01 16:57:29]     [829] idx=440: REAL sum=1.0 max=0.45
[2026-05-01 16:57:55]     [830] idx=448: REAL sum=1.0 max=0.45
[2026-05-01 16:57:55]   进度: +830已处理, 累计830真软标签, 已保存
[2026-05-01 16:58:25]     [831] idx=485: REAL sum=1.0 max=0.45
[2026-05-01 16:59:02]     [832] idx=489: REAL sum=1.0 max=0.6
[2026-05-01 16:59:27]     [833] idx=497: REAL sum=1.0 max=0.45
[2026-05-01 17:00:14]     [834] idx=500: REAL sum=1.0 max=0.4
[2026-05-01 17:00:57]     [835] idx=522: REAL sum=1.0 max=0.38
[2026-05-01 17:00:57]   进度: +835已处理, 累计835真软标签, 已保存
[2026-05-01 17:01:21]     [836] idx=531: REAL sum=1.0 max=0.5
[2026-05-01 17:02:30]     [837] idx=550: REAL sum=1.0 max=0.5
[2026-05-01 17:02:48]     [838] idx=554: REAL sum=1.0 max=0.45
[2026-05-01 17:03:16]     [839] idx=555: REAL sum=1.0 max=0.45
[2026-05-01 17:03:43]     [840] idx=562: REAL sum=1.0 max=0.6
[2026-05-01 17:03:43]   进度: +840已处理, 累计840真软标签, 已保存
[2026-05-01 17:04:23]     [841] idx=581: REAL sum=1.0 max=0.4
[2026-05-01 17:04:53]     [842] idx=585: REAL sum=1.0 max=0.55
[2026-05-01 17:05:49]     [843] idx=592: REAL sum=1.0 max=0.45
[2026-05-01 17:06:14]     [844] idx=600: REAL sum=1.0 max=0.5
[2026-05-01 17:07:02]     [845] idx=602: REAL sum=1.0 max=0.5
[2026-05-01 17:07:02]   进度: +845已处理, 累计845真软标签, 已保存
[2026-05-01 17:07:27]     [846] idx=606: REAL sum=1.0 max=0.55
[2026-05-01 17:08:08]     [847] idx=609: REAL sum=1.0 max=0.45
[2026-05-01 17:08:31]     [848] idx=620: REAL sum=1.0 max=0.45
[2026-05-01 17:09:10]     [849] idx=623: REAL sum=1.0 max=0.55
[2026-05-01 17:09:32]     [850] idx=639: REAL sum=1.0 max=0.45
[2026-05-01 17:09:32]   进度: +850已处理, 累计850真软标签, 已保存
[2026-05-01 17:10:08]     [851] idx=655: REAL sum=1.0 max=0.55
[2026-05-01 17:10:44]     [852] idx=682: REAL sum=1.0 max=0.45
[2026-05-01 17:11:07]     [853] idx=698: REAL sum=1.0 max=0.45
[2026-05-01 17:12:07]     [854] idx=700: REAL sum=1.0 max=0.55
[2026-05-01 17:12:30]     [855] idx=705: REAL sum=1.0 max=0.5
[2026-05-01 17:12:31]   进度: +855已处理, 累计855真软标签, 已保存
[2026-05-01 17:12:52]     [856] idx=712: REAL sum=1.0 max=0.55
[2026-05-01 17:13:19]     [857] idx=718: REAL sum=1.0 max=0.4
[2026-05-01 17:13:59]     [858] idx=719: REAL sum=1.0 max=0.52
[2026-05-01 17:14:27]     [859] idx=739: REAL sum=1.0 max=0.45
[2026-05-01 17:15:11]     [860] idx=742: REAL sum=1.0 max=0.5
[2026-05-01 17:15:11]   进度: +860已处理, 累计860真软标签, 已保存
[2026-05-01 17:15:42]     [861] idx=748: REAL sum=1.0 max=0.45
[2026-05-01 17:16:16]     [862] idx=757: REAL sum=1.0 max=0.55
[2026-05-01 17:16:46]     [863] idx=764: REAL sum=1.0 max=0.4
[2026-05-01 17:17:15]     [864] idx=773: REAL sum=1.0 max=0.5
[2026-05-01 17:17:42]     [865] idx=790: REAL sum=1.0 max=0.55
[2026-05-01 17:17:42]   进度: +865已处理, 累计865真软标签, 已保存
[2026-05-01 17:18:18]     [866] idx=793: REAL sum=1.0 max=0.45
[2026-05-01 17:18:53]     [867] idx=795: REAL sum=1.0 max=0.45
[2026-05-01 17:19:34]     [868] idx=824: REAL sum=1.0 max=0.45
[2026-05-01 17:20:07]     [869] idx=832: REAL sum=1.0 max=0.5
[2026-05-01 17:20:54]     [870] idx=838: REAL sum=1.0 max=0.45
[2026-05-01 17:20:54]   进度: +870已处理, 累计870真软标签, 已保存
[2026-05-01 17:21:25]     [871] idx=848: REAL sum=1.0 max=0.45
[2026-05-01 17:21:48]     [872] idx=855: REAL sum=1.0 max=0.55
[2026-05-01 17:22:18]     [873] idx=860: REAL sum=1.0 max=0.4
[2026-05-01 17:22:47]     [874] idx=878: REAL sum=1.0 max=0.5
[2026-05-01 17:23:20]     [875] idx=879: REAL sum=1.0 max=0.42
[2026-05-01 17:23:20]   进度: +875已处理, 累计875真软标签, 已保存
[2026-05-01 17:23:41]     [876] idx=885: REAL sum=1.0 max=0.6
[2026-05-01 17:24:32]     [877] idx=897: REAL sum=1.0 max=0.4
[2026-05-01 17:25:08]     [878] idx=904: REAL sum=1.0 max=0.5
[2026-05-01 17:25:48]     [879] idx=916: REAL sum=1.0 max=0.45
[2026-05-01 17:27:03]     [880] idx=931: REAL sum=1.0 max=0.45
[2026-05-01 17:27:03]   进度: +880已处理, 累计880真软标签, 已保存
[2026-05-01 17:27:30]     [881] idx=937: REAL sum=1.0 max=0.45
[2026-05-01 17:27:58]     [882] idx=939: REAL sum=1.0 max=0.45
[2026-05-01 17:28:40]     [883] idx=960: REAL sum=1.0 max=0.35
[2026-05-01 17:29:10]     [884] idx=963: REAL sum=1.0 max=0.6
[2026-05-01 17:29:35]     [885] idx=967: REAL sum=1.0 max=0.38
[2026-05-01 17:29:35]   进度: +885已处理, 累计885真软标签, 已保存
[2026-05-01 17:31:02]     [886] idx=969: REAL sum=1.0 max=0.45
[2026-05-01 17:31:41]     [887] idx=973: REAL sum=1.0 max=0.45
[2026-05-01 17:32:04]     [888] idx=977: REAL sum=1.0 max=0.45
[2026-05-01 17:32:38]     [889] idx=978: REAL sum=1.0 max=0.45
[2026-05-01 17:33:02]     [890] idx=996: REAL sum=1.0 max=0.45
[2026-05-01 17:33:02]   进度: +890已处理, 累计890真软标签, 已保存
[2026-05-01 17:33:23]     [891] idx=999: REAL sum=1.0 max=0.45
[2026-05-01 17:34:09]     [892] idx=1002: REAL sum=1.0 max=0.45
[2026-05-01 17:34:47]     [893] idx=1004: REAL sum=0.9999999999999998 max=0.4499999999999999
[2026-05-01 17:36:15]     [894] idx=1017: REAL sum=1.0 max=0.55
[2026-05-01 17:36:51]     [895] idx=1020: REAL sum=1.0 max=0.5
[2026-05-01 17:36:51]   进度: +895已处理, 累计895真软标签, 已保存
[2026-05-01 17:37:28]     [896] idx=1025: REAL sum=1.0 max=0.48
[2026-05-01 17:38:01]     [897] idx=1039: REAL sum=1.0 max=0.6
[2026-05-01 17:38:02] 
[2026-05-01 17:38:02] 
[2026-05-01 17:38:02]   Class 4 (jogging): 目标89 (0已有, 89待生成)
[2026-05-01 17:38:26]     [898] idx=11: REAL sum=1.0 max=0.45
[2026-05-01 17:38:58]     [899] idx=13: REAL sum=1.0 max=0.5
[2026-05-01 17:39:35]     [900] idx=56: REAL sum=1.0 max=0.52
[2026-05-01 17:39:35]   进度: +900已处理, 累计900真软标签, 已保存
[2026-05-01 17:40:02]     [901] idx=66: REAL sum=1.0 max=0.5
[2026-05-01 17:40:34]     [902] idx=79: REAL sum=1.0 max=0.43
[2026-05-01 17:41:10]     [903] idx=84: REAL sum=1.0 max=0.44
[2026-05-01 17:41:33]     [904] idx=103: REAL sum=1.0 max=0.4
[2026-05-01 17:42:16]     [905] idx=105: REAL sum=1.0 max=0.58
[2026-05-01 17:42:16]   进度: +905已处理, 累计905真软标签, 已保存
[2026-05-01 17:42:56]     [906] idx=123: REAL sum=1.0 max=0.48
[2026-05-01 17:43:33]     [907] idx=133: REAL sum=1.0 max=0.45
[2026-05-01 17:44:02]     [908] idx=150: REAL sum=1.0000000000000002 max=0.35000000000000003
[2026-05-01 17:44:42]     [909] idx=171: REAL sum=1.0 max=0.4
[2026-05-01 17:45:28]     [910] idx=173: REAL sum=1.0 max=0.66
[2026-05-01 17:45:28]   进度: +910已处理, 累计910真软标签, 已保存
[2026-05-01 17:45:53]     [911] idx=198: REAL sum=1.0 max=0.5
[2026-05-01 17:46:17]     [912] idx=199: REAL sum=1.0 max=0.5
[2026-05-01 17:46:42]     [913] idx=205: REAL sum=1.0 max=0.55
[2026-05-01 17:47:11]     [914] idx=208: REAL sum=1.0 max=0.55
[2026-05-01 17:47:39]     [915] idx=209: REAL sum=1.0 max=0.45
[2026-05-01 17:47:39]   进度: +915已处理, 累计915真软标签, 已保存
[2026-05-01 17:48:15]     [916] idx=238: REAL sum=1.0 max=0.5
[2026-05-01 17:48:42]     [917] idx=239: REAL sum=1.0 max=0.5
[2026-05-01 17:49:12]     [918] idx=242: REAL sum=1.0 max=0.66
[2026-05-01 17:49:48]     [919] idx=243: REAL sum=1.0 max=0.45
[2026-05-01 17:50:53]     [920] idx=249: REAL sum=1.0 max=0.45
[2026-05-01 17:50:53]   进度: +920已处理, 累计920真软标签, 已保存
[2026-05-01 17:51:18]     [921] idx=272: REAL sum=1.0 max=0.4
[2026-05-01 17:51:53]     [922] idx=274: REAL sum=1.0 max=0.42
[2026-05-01 17:52:33]     [923] idx=281: REAL sum=1.0 max=0.4
[2026-05-01 17:53:04]     [924] idx=290: REAL sum=1.0 max=0.48
[2026-05-01 17:53:50]     [925] idx=325: REAL sum=1.0 max=0.55
[2026-05-01 17:53:50]   进度: +925已处理, 累计925真软标签, 已保存
[2026-05-01 17:54:28]     [926] idx=329: REAL sum=1.0 max=0.6
[2026-05-01 17:54:50]     [927] idx=337: REAL sum=1.0 max=0.5
[2026-05-01 17:55:18]     [928] idx=346: REAL sum=1.0 max=0.53
[2026-05-01 17:55:42]     [929] idx=358: REAL sum=1.0 max=0.45
[2026-05-01 17:56:08]     [930] idx=370: REAL sum=1.0 max=0.45
[2026-05-01 17:56:08]   进度: +930已处理, 累计930真软标签, 已保存
[2026-05-01 17:56:26]     [931] idx=380: REAL sum=1.0 max=0.45
[2026-05-01 17:56:59]     [932] idx=381: REAL sum=1.0 max=0.43
[2026-05-01 17:57:39]     [933] idx=400: REAL sum=1.0 max=0.35
[2026-05-01 17:58:05]     [934] idx=403: REAL sum=1.0 max=0.5
[2026-05-01 17:58:27]     [935] idx=413: REAL sum=1.0 max=0.6
[2026-05-01 17:58:27]   进度: +935已处理, 累计935真软标签, 已保存
[2026-05-01 17:58:53]     [936] idx=430: REAL sum=1.0 max=0.45
[2026-05-01 17:59:38]     [937] idx=435: REAL sum=1.0 max=0.4
[2026-05-01 18:00:04]     [938] idx=444: REAL sum=1.0 max=0.5
[2026-05-01 18:00:32]     [939] idx=445: REAL sum=1.0 max=0.45
[2026-05-01 18:00:53]     [940] idx=450: REAL sum=1.0 max=0.5
[2026-05-01 18:00:53]   进度: +940已处理, 累计940真软标签, 已保存
[2026-05-01 18:01:40]     [941] idx=452: REAL sum=1.0 max=0.45
[2026-05-01 18:02:39]     [942] idx=457: REAL sum=1.0 max=0.4
[2026-05-01 18:03:19]     [943] idx=464: REAL sum=1.0 max=0.55
[2026-05-01 18:03:52]     [944] idx=480: REAL sum=1.0 max=0.45
[2026-05-01 18:04:35]     [945] idx=481: REAL sum=1.0 max=0.6
[2026-05-01 18:04:35]   进度: +945已处理, 累计945真软标签, 已保存
[2026-05-01 18:05:24]     [946] idx=488: REAL sum=1.0 max=0.5
[2026-05-01 18:05:52]     [947] idx=495: REAL sum=1.0 max=0.45
[2026-05-01 18:06:36]     [948] idx=498: REAL sum=1.0 max=0.48
[2026-05-01 18:07:09]     [949] idx=499: REAL sum=1.0 max=0.6
[2026-05-01 18:07:39]     [950] idx=501: REAL sum=1.0 max=0.4
[2026-05-01 18:07:39]   进度: +950已处理, 累计950真软标签, 已保存
[2026-05-01 18:08:09]     [951] idx=506: REAL sum=1.0 max=0.45
[2026-05-01 18:08:47]     [952] idx=507: REAL sum=1.0 max=0.5
[2026-05-01 18:10:09]     [953] idx=509: REAL sum=1.0 max=0.55
[2026-05-01 18:10:57]     [954] idx=518: REAL sum=1.0 max=0.5
[2026-05-01 18:11:22]     [955] idx=527: REAL sum=1.0 max=0.45
[2026-05-01 18:11:22]   进度: +955已处理, 累计955真软标签, 已保存
[2026-05-01 18:11:39]     [956] idx=536: REAL sum=1.0 max=0.45
[2026-05-01 18:12:09]     [957] idx=541: REAL sum=1.0 max=0.5
[2026-05-01 18:12:44]     [958] idx=543: REAL sum=1.0 max=0.45
[2026-05-01 18:13:15]     [959] idx=559: REAL sum=1.0 max=0.45
[2026-05-01 18:13:57]     [960] idx=576: REAL sum=1.0 max=0.47
[2026-05-01 18:13:57]   进度: +960已处理, 累计960真软标签, 已保存
[2026-05-01 18:14:17]     [961] idx=579: REAL sum=1.0 max=0.45
[2026-05-01 18:14:54]     [962] idx=584: REAL sum=1.0 max=0.45
[2026-05-01 18:15:18]     [963] idx=587: REAL sum=1.0 max=0.45
[2026-05-01 18:15:57]     [964] idx=599: REAL sum=1.0 max=0.55
[2026-05-01 18:16:52]     [965] idx=628: REAL sum=1.0 max=0.45
[2026-05-01 18:16:52]   进度: +965已处理, 累计965真软标签, 已保存
[2026-05-01 18:17:18]     [966] idx=629: REAL sum=1.0 max=0.55
[2026-05-01 18:17:44]     [967] idx=635: REAL sum=1.0 max=0.35000000000000003
[2026-05-01 18:18:04]     [968] idx=644: REAL sum=1.0 max=0.5
[2026-05-01 18:18:58]     [969] idx=646: REAL sum=1.0 max=0.5
[2026-05-01 18:19:31]     [970] idx=666: REAL sum=1.0 max=0.45
[2026-05-01 18:19:31]   进度: +970已处理, 累计970真软标签, 已保存
[2026-05-01 18:20:09]     [971] idx=670: REAL sum=1.0 max=0.45
[2026-05-01 18:21:19]     [972] idx=673: REAL sum=1.0 max=0.38
[2026-05-01 18:22:06]     [973] idx=694: REAL sum=1.0 max=0.3
[2026-05-01 18:22:29]     [974] idx=701: REAL sum=1.0 max=0.55
[2026-05-01 18:23:01]     [975] idx=716: REAL sum=1.0 max=0.45
[2026-05-01 18:23:01]   进度: +975已处理, 累计975真软标签, 已保存
[2026-05-01 18:23:21]     [976] idx=741: REAL sum=1.0 max=0.45
[2026-05-01 18:24:13]     [977] idx=771: REAL sum=1.0 max=0.45
[2026-05-01 18:24:44]     [978] idx=798: REAL sum=1.0 max=0.5
[2026-05-01 18:25:18]     [979] idx=825: REAL sum=1.0 max=0.55
[2026-05-01 18:25:54]     [980] idx=830: REAL sum=1.0 max=0.8
[2026-05-01 18:25:54]   进度: +980已处理, 累计980真软标签, 已保存
[2026-05-01 18:26:43]     [981] idx=864: REAL sum=1.0 max=0.46
[2026-05-01 18:27:23]     [982] idx=874: REAL sum=1.0 max=0.5
[2026-05-01 18:27:42]     [983] idx=902: REAL sum=1.0 max=0.43
[2026-05-01 18:28:12]     [984] idx=908: REAL sum=1.0 max=0.45
[2026-05-01 18:28:35]     [985] idx=913: REAL sum=1.0 max=0.45
[2026-05-01 18:28:35]   进度: +985已处理, 累计985真软标签, 已保存
[2026-05-01 18:29:21]     [986] idx=915: REAL sum=1.0 max=0.5
[2026-05-01 18:29:22] 
