[2026-04-27 10:42:45] [Proc 12] 启动，60秒后开始（避免并发冲突）
[2026-04-27 10:43:45] [数据] 从缓存加载: X_tr=/home/fandy/workplace/thesis/results/soft_labels/kuhar_X_tr.npy
[2026-04-27 10:43:45] [Proc 12] 类 12 (Walk-backwards): 902样本, 目标360, 已有0, 需生成360
[2026-04-27 10:45:04]   [1/360 · 0%] idx=5: ✅REAL max=0.500 (79086ms) ETA=28392s
[2026-04-27 10:45:45]   [2/360 · 1%] idx=277: ✅REAL max=0.420 (40528ms) ETA=21591s
[2026-04-27 10:46:48]   [3/360 · 1%] idx=281: ✅REAL max=0.350 (61118ms) ETA=21747s
[2026-04-27 10:47:29]   [4/360 · 1%] idx=455: ✅REAL max=0.446 (40859ms) ETA=19990s
[2026-04-27 10:48:39]   [5/360 · 1%] idx=494: ✅REAL max=0.280 (68689ms) ETA=20895s
[2026-04-27 10:49:19]   [6/360 · 2%] idx=620: ✅REAL max=0.340 (39125ms) ETA=19731s
[2026-04-27 10:49:55]   [7/360 · 2%] idx=658: ✅REAL max=0.290 (34869ms) ETA=18674s
[2026-04-27 10:51:14]   [8/360 · 2%] idx=669: ✅REAL max=0.657 (78236ms) ETA=19780s
[2026-04-27 10:52:06]   [9/360 · 2%] idx=699: ✅REAL max=0.303 (50625ms) ETA=19547s
[2026-04-27 10:53:05]   [10/360 · 3%] idx=766: ✅REAL max=0.204 (58046ms) ETA=19611s
[2026-04-27 10:54:16]   [11/360 · 3%] idx=844: ✅REAL max=0.450 (69762ms) ETA=20024s
[2026-04-27 11:22:06]   [12/360 · 3%] idx=876: ✅REAL max=0.400 (1544153ms) ETA=65561s
[2026-04-27 11:32:44] [Proc 12] 启动，60秒后开始（避免并发冲突）
[2026-04-27 11:33:44] [数据] 从缓存加载: X_tr=/home/fandy/workplace/thesis/results/soft_labels/kuhar_X_tr.npy
[2026-04-27 11:33:44] [Proc 12] 类 12 (Walk-backwards): 902样本, 目标360, 已有12, 需生成348
[2026-04-27 11:34:50]   [1/348 · 0%] idx=931: ✅REAL max=0.450 (65483ms) ETA=22723s
[2026-04-27 11:35:52]   [2/348 · 1%] idx=1015: ✅REAL max=0.505 (60968ms) ETA=22050s
[2026-04-27 11:36:40]   [3/348 · 1%] idx=1235: ✅REAL max=0.440 (47383ms) ETA=20222s
[2026-04-27 11:39:03]   [4/348 · 1%] idx=1390: ✅REAL max=0.390 (57075ms) ETA=27450s
[2026-04-27 11:42:18]   [5/348 · 1%] idx=1406: ✅REAL max=0.500 (63988ms) ETA=35229s
[2026-04-27 11:43:22]   [6/348 · 2%] idx=1410: ✅REAL max=0.400 (63120ms) ETA=32927s
[2026-04-27 11:44:15]   [7/348 · 2%] idx=1480: ✅REAL max=0.350 (51711ms) ETA=30709s
[2026-04-27 11:45:04]   [8/348 · 2%] idx=1527: ✅REAL max=0.300 (48048ms) ETA=28876s
[2026-04-27 11:48:55]   [9/348 · 3%] idx=1577: ✅REAL max=0.430 (38064ms) ETA=34301s
[2026-04-27 11:51:00]   [10/348 · 3%] idx=1643: ✅REAL max=0.688 (43588ms) ETA=35024s
[2026-04-27 11:51:45]   [11/348 · 3%] idx=1728: ✅REAL max=0.550 (43392ms) ETA=33106s
[2026-04-27 11:52:56]   [12/348 · 3%] idx=1779: ✅REAL max=0.550 (70310ms) ETA=32254s
[2026-04-27 11:53:55]   [13/348 · 4%] idx=1926: ✅REAL max=0.290 (57837ms) ETA=31201s
[2026-04-27 11:55:20]   [14/348 · 4%] idx=2031: ✅REAL max=0.300 (83716ms) ETA=30907s
[2026-04-27 11:55:59]   [15/348 · 4%] idx=2178: ✅REAL max=0.410 (38622ms) ETA=29640s
[2026-04-27 11:56:34]   [16/348 · 5%] idx=2245: ✅REAL max=0.550 (33559ms) ETA=28421s
[2026-04-27 11:57:48]   [17/348 · 5%] idx=2272: ✅REAL max=0.280 (72791ms) ETA=28105s
[2026-04-27 11:58:58]   [18/348 · 5%] idx=2348: ✅REAL max=0.400 (69535ms) ETA=27757s
[2026-04-27 11:59:43]   [19/348 · 5%] idx=2352: ✅REAL max=0.303 (43426ms) ETA=26986s
[2026-04-27 12:00:30]   [20/348 · 6%] idx=2359: ✅REAL max=0.356 (46174ms) ETA=26332s
[2026-04-27 12:00:30]   💾 [20/348] 进度已保存
[2026-04-27 12:01:17]   [21/348 · 6%] idx=2411: ✅REAL max=0.450 (46004ms) ETA=25734s
[2026-04-27 12:02:48]   [22/348 · 6%] idx=2420: ✅REAL max=0.450 (89699ms) ETA=25833s
[2026-04-27 12:04:21]   [23/348 · 7%] idx=2483: ✅REAL max=0.400 (92147ms) ETA=25950s
[2026-04-27 12:05:14]   [24/348 · 7%] idx=2524: ✅REAL max=0.550 (52188ms) ETA=25511s
[2026-04-27 12:05:57]   [25/348 · 7%] idx=2594: ✅REAL max=0.430 (42110ms) ETA=24972s
[2026-04-27 12:06:43]   [26/348 · 7%] idx=2602: ✅REAL max=0.850 (45365ms) ETA=24511s
[2026-04-27 12:07:28]   [27/348 · 8%] idx=2603: ✅REAL max=0.350 (43620ms) ETA=24061s
[2026-04-27 12:08:37]   [28/348 · 8%] idx=2652: ✅REAL max=0.650 (67712ms) ETA=23914s
[2026-04-27 12:09:07]   [29/348 · 8%] idx=2781: ✅REAL max=0.700 (29510ms) ETA=23353s
[2026-04-27 12:10:06]   [30/348 · 9%] idx=2784: ✅REAL max=0.446 (58060ms) ETA=23130s
[2026-04-27 12:10:42]   [31/348 · 9%] idx=2844: ✅REAL max=0.580 (34839ms) ETA=22680s
[2026-04-27 12:11:04]   [32/348 · 9%] idx=2921: ✅REAL max=0.808 (20963ms) ETA=22119s
[2026-04-27 12:11:58]   [33/348 · 9%] idx=3138: ✅REAL max=0.300 (53095ms) ETA=21897s
[2026-04-27 12:13:23]   [34/348 · 10%] idx=3294: ✅REAL max=0.220 (83957ms) ETA=21970s
[2026-04-27 12:16:26]   [35/348 · 10%] idx=3308: ✅REAL max=0.470 (181897ms) ETA=22910s
[2026-04-27 12:17:46]   [36/348 · 10%] idx=3337: ✅REAL max=0.350 (79311ms) ETA=22899s
[2026-04-27 12:18:20]   [37/348 · 11%] idx=3354: ✅REAL max=0.547 (32428ms) ETA=22490s
[2026-04-27 12:18:57]   [38/348 · 11%] idx=3444: ✅REAL max=0.270 (35877ms) ETA=22128s
[2026-04-27 12:19:36]   [39/348 · 11%] idx=3696: ✅REAL max=0.363 (38104ms) ETA=21801s
[2026-04-27 12:20:37]   [40/348 · 11%] idx=3850: ✅REAL max=0.510 (60175ms) ETA=21658s
[2026-04-27 12:20:37]   💾 [40/348] 进度已保存
[2026-04-27 12:21:54]   [41/348 · 12%] idx=3878: ✅REAL max=0.446 (75805ms) ETA=21637s
[2026-04-27 12:22:52]   [42/348 · 12%] idx=3940: ✅REAL max=0.750 (56923ms) ETA=21475s
[2026-04-27 12:23:21]   [43/348 · 12%] idx=3959: ✅REAL max=0.550 (27888ms) ETA=21112s
[2026-04-27 12:24:15]   [44/348 · 13%] idx=3972: ✅REAL max=0.220 (53612ms) ETA=20942s
[2026-04-27 12:24:50]   [45/348 · 13%] idx=3987: ✅REAL max=0.340 (33833ms) ETA=20644s
[2026-04-27 12:25:35]   [46/348 · 13%] idx=4090: ✅REAL max=0.550 (44430ms) ETA=20426s
[2026-04-27 12:26:26]   [47/348 · 14%] idx=4194: ✅REAL max=0.550 (49293ms) ETA=20248s
[2026-04-27 12:27:11]   [48/348 · 14%] idx=4201: ✅REAL max=0.400 (44334ms) ETA=20043s
[2026-04-27 12:28:25]   [49/348 · 14%] idx=4230: ✅REAL max=0.370 (72476ms) ETA=20017s
[2026-04-27 12:28:58]   [50/348 · 14%] idx=4232: ✅REAL max=0.350 (32822ms) ETA=19753s
[2026-04-27 12:29:53]   [51/348 · 15%] idx=4476: ✅REAL max=0.550 (53913ms) ETA=19621s
[2026-04-27 12:30:32]   [52/348 · 15%] idx=4491: ✅REAL max=0.875 (37474ms) ETA=19397s
[2026-04-27 12:31:30]   [53/348 · 15%] idx=4507: ✅REAL max=0.200 (57480ms) ETA=19293s
[2026-04-27 12:32:16]   [54/348 · 16%] idx=4509: ✅REAL max=0.520 (45146ms) ETA=19122s
[2026-04-27 12:33:00]   [55/348 · 16%] idx=4516: ✅REAL max=0.750 (42586ms) ETA=18943s
[2026-04-27 12:33:47]   [56/348 · 16%] idx=4528: ✅REAL max=0.290 (45932ms) ETA=18786s
[2026-04-27 12:34:37]   [57/348 · 16%] idx=4601: ✅REAL max=0.580 (48948ms) ETA=18648s
[2026-04-27 12:35:12]   [58/348 · 17%] idx=4619: ✅REAL max=0.600 (33822ms) ETA=18438s
[2026-04-27 12:35:56]   [59/348 · 17%] idx=4650: ✅REAL max=0.300 (43322ms) ETA=18280s
[2026-04-27 12:36:55]   [60/348 · 17%] idx=4652: ✅REAL max=0.375 (57888ms) ETA=18196s
[2026-04-27 12:36:55]   💾 [60/348] 进度已保存
[2026-04-27 12:38:24]   [61/348 · 18%] idx=4685: ✅REAL max=0.550 (88227ms) ETA=18255s
[2026-04-27 12:39:10]   [62/348 · 18%] idx=4695: ✅REAL max=0.250 (44933ms) ETA=18110s
[2026-04-27 12:39:50]   [63/348 · 18%] idx=4725: ✅REAL max=0.380 (38739ms) ETA=17940s
[2026-04-27 12:40:48]   [64/348 · 18%] idx=4764: ✅REAL max=0.595 (57286ms) ETA=17857s
[2026-04-27 12:41:27]   [65/348 · 19%] idx=4831: ✅REAL max=0.576 (37375ms) ETA=17687s
[2026-04-27 12:43:10]   [66/348 · 19%] idx=4893: ✅REAL max=0.535 (102804ms) ETA=17801s
[2026-04-27 12:44:08]   [67/348 · 19%] idx=5042: ✅REAL max=0.250 (56849ms) ETA=17716s
[2026-04-27 12:45:59]   [68/348 · 20%] idx=5048: ✅REAL max=0.150 (38841ms) ETA=17848s
[2026-04-27 12:47:19]   [69/348 · 20%] idx=5071: ✅REAL max=0.300 (79355ms) ETA=17852s
[2026-04-27 12:48:30]   [70/348 · 20%] idx=5078: ✅REAL max=0.250 (70354ms) ETA=17817s
[2026-04-27 12:50:29]   [71/348 · 20%] idx=5102: ✅REAL max=0.380 (45186ms) ETA=17966s
[2026-04-27 12:51:16]   [72/348 · 21%] idx=5109: ✅REAL max=0.530 (45336ms) ETA=17830s
[2026-04-27 12:52:01]   [73/348 · 21%] idx=5127: ✅REAL max=0.400 (44200ms) ETA=17693s
[2026-04-27 12:53:23]   [74/348 · 21%] idx=5158: ✅REAL max=0.440 (81010ms) ETA=17694s
[2026-04-27 12:53:58]   [75/348 · 22%] idx=5201: ✅REAL max=0.480 (34603ms) ETA=17524s
[2026-04-27 12:55:40]   [76/348 · 22%] idx=5227: ✅REAL max=0.500 (38172ms) ETA=17594s
[2026-04-27 12:56:15]   [77/348 · 22%] idx=5280: ✅REAL max=0.333 (34348ms) ETA=17426s
[2026-04-27 12:56:53]   [78/348 · 22%] idx=5312: ✅REAL max=0.470 (37028ms) ETA=17270s
[2026-04-27 12:57:48]   [79/348 · 23%] idx=5523: ✅REAL max=0.300 (53207ms) ETA=17173s
[2026-04-27 12:58:46]   [80/348 · 23%] idx=5634: ✅REAL max=0.505 (57844ms) ETA=17093s
[2026-04-27 12:58:46]   💾 [80/348] 进度已保存
[2026-04-27 12:59:37]   [81/348 · 23%] idx=5679: ✅REAL max=0.330 (49649ms) ETA=16986s
[2026-04-27 13:01:30]   [82/348 · 24%] idx=5727: ✅REAL max=0.350 (111640ms) ETA=17081s
[2026-04-27 13:11:51] [Proc 12] 启动，60秒后开始（避免并发冲突）
[2026-04-27 13:12:51] [数据] 从缓存加载: X_tr=/home/fandy/workplace/thesis/results/soft_labels/kuhar_X_tr.npy
[2026-04-27 13:12:51] [Proc 12] 类 12 (Walk-backwards): 902样本, 目标360, 已有94, 需生成266
[2026-04-27 13:13:42]   [1/266 · 0%] idx=5748: ✅REAL max=0.279 (50580ms) ETA=13404s
[2026-04-27 13:14:36]   [2/266 · 1%] idx=5766: ✅REAL max=0.450 (53023ms) ETA=13808s
[2026-04-27 13:15:13]   [3/266 · 1%] idx=5874: ✅REAL max=0.460 (35874ms) ETA=12404s
[2026-04-27 13:16:01]   [4/266 · 2%] idx=5899: ✅REAL max=0.340 (47594ms) ETA=12451s
[2026-04-27 13:16:49]   [5/266 · 2%] idx=6121: ✅REAL max=0.554 (47047ms) ETA=12431s
[2026-04-27 13:18:11]   [6/266 · 2%] idx=6214: ✅REAL max=0.340 (81113ms) ETA=13878s
[2026-04-27 13:19:06]   [7/266 · 3%] idx=6425: ✅REAL max=0.534 (53419ms) ETA=13863s
[2026-04-27 13:19:49]   [8/266 · 3%] idx=6437: ✅REAL max=0.390 (42506ms) ETA=13487s
[2026-04-27 13:21:06]   [9/266 · 3%] idx=6459: ✅REAL max=0.261 (75350ms) ETA=14122s
[2026-04-27 13:21:58]   [10/266 · 4%] idx=6495: ✅REAL max=0.302 (51524ms) ETA=14005s
[2026-04-27 13:22:50]   [11/266 · 4%] idx=6555: ✅REAL max=0.300 (51235ms) ETA=13893s
[2026-04-27 13:23:48]   [12/266 · 5%] idx=6611: ✅REAL max=0.400 (56112ms) ETA=13895s
[2026-04-27 13:27:15]   [13/266 · 5%] idx=6652: ✅REAL max=0.350 (34781ms) ETA=16818s
[2026-04-27 13:28:18]   [14/266 · 5%] idx=6929: ✅REAL max=0.360 (61327ms) ETA=16677s
[2026-04-27 13:28:49]   [15/266 · 6%] idx=6967: ✅REAL max=0.620 (30447ms) ETA=16030s
[2026-04-27 13:29:33]   [16/266 · 6%] idx=7039: ✅REAL max=0.310 (43007ms) ETA=15656s
[2026-04-27 13:30:39]   [17/266 · 6%] idx=7087: ✅REAL max=0.480 (64380ms) ETA=15634s
[2026-04-27 13:31:29]   [18/266 · 7%] idx=7232: ✅REAL max=0.250 (49156ms) ETA=15397s
[2026-04-27 13:32:10]   [19/266 · 7%] idx=7277: ✅REAL max=0.550 (40477ms) ETA=15067s
[2026-04-27 13:33:06]   [20/266 · 8%] idx=7280: ✅REAL max=0.400 (54509ms) ETA=14938s
[2026-04-27 13:33:06]   💾 [20/266] 进度已保存
[2026-04-27 13:34:11]   [21/266 · 8%] idx=7297: ✅REAL max=0.640 (64435ms) ETA=14933s
[2026-04-27 13:34:57]   [22/266 · 8%] idx=7372: ✅REAL max=0.400 (44376ms) ETA=14699s
[2026-04-27 13:35:54]   [23/266 · 9%] idx=7419: ✅REAL max=0.150 (56807ms) ETA=14613s
[2026-04-27 13:36:38]   [24/266 · 9%] idx=7437: ✅REAL max=0.350 (42499ms) ETA=14385s
[2026-04-27 13:37:16]   [25/266 · 9%] idx=7717: ✅REAL max=0.300 (37251ms) ETA=14122s
[2026-04-27 13:38:38]   [26/266 · 10%] idx=7778: ✅REAL max=0.300 (80813ms) ETA=14277s
[2026-04-27 13:39:56]   [27/266 · 10%] idx=7799: ✅REAL max=0.330 (76776ms) ETA=14380s
[2026-04-27 13:41:05]   [28/266 · 11%] idx=7804: ✅REAL max=0.306 (67904ms) ETA=14394s
[2026-04-27 13:43:01]   [29/266 · 11%] idx=7806: ✅REAL max=0.680 (115662ms) ETA=14793s
[2026-04-27 13:43:32]   [30/266 · 11%] idx=7900: ✅REAL max=0.800 (30061ms) ETA=14484s
[2026-04-27 13:44:09]   [31/266 · 12%] idx=7930: ✅REAL max=0.600 (35557ms) ETA=14234s
[2026-04-27 13:45:01]   [32/266 · 12%] idx=8123: ✅REAL max=0.390 (50840ms) ETA=14110s
[2026-04-27 13:45:38]   [33/266 · 12%] idx=8195: ✅REAL max=0.360 (36102ms) ETA=13886s
[2026-04-27 13:46:41]   [34/266 · 13%] idx=8226: ✅REAL max=0.550 (62545ms) ETA=13853s
[2026-04-27 13:48:14]   [35/266 · 13%] idx=8312: ✅REAL max=0.270 (92085ms) ETA=14014s
[2026-04-27 13:49:37]   [36/266 · 14%] idx=8497: ✅REAL max=0.400 (81971ms) ETA=14096s
[2026-04-27 13:50:28]   [37/266 · 14%] idx=8561: ✅REAL max=0.300 (49838ms) ETA=13970s
[2026-04-27 13:53:43]   [38/266 · 14%] idx=8578: ✅REAL max=0.350 (193992ms) ETA=14713s
[2026-04-27 13:54:45]   [39/266 · 15%] idx=8634: ✅REAL max=0.620 (61117ms) ETA=14634s
[2026-04-27 13:55:59]   [40/266 · 15%] idx=8647: ✅REAL max=0.455 (72278ms) ETA=14619s
[2026-04-27 13:55:59]   💾 [40/266] 进度已保存
[2026-04-27 13:57:04]   [41/266 · 15%] idx=8693: ✅REAL max=0.400 (63855ms) ETA=14556s
[2026-04-27 13:58:50]   [42/266 · 16%] idx=8712: ✅REAL max=0.350 (105392ms) ETA=14713s
[2026-04-27 14:00:07]   [43/266 · 16%] idx=8716: ✅REAL max=0.390 (75810ms) ETA=14706s
[2026-04-27 14:03:54]   [44/266 · 17%] idx=8766: ✅REAL max=0.380 (226120ms) ETA=15453s
[2026-04-27 14:05:50]   [45/266 · 17%] idx=8984: ✅REAL max=0.360 (115028ms) ETA=15611s
[2026-04-27 14:08:34]   [46/266 · 17%] idx=9036: ✅REAL max=0.840 (83573ms) ETA=15986s
[2026-04-27 14:09:53]   [47/266 · 18%] idx=9051: ✅REAL max=0.350 (78603ms) ETA=15946s
[2026-04-27 14:10:55]   [48/266 · 18%] idx=9113: ✅REAL max=0.550 (60291ms) ETA=15820s
[2026-04-27 14:12:03]   [49/266 · 18%] idx=9265: ✅REAL max=0.600 (67835ms) ETA=15731s
[2026-04-27 14:12:34]   [50/266 · 19%] idx=9331: ✅REAL max=0.450 (29966ms) ETA=15479s
[2026-04-27 14:14:52]   [51/266 · 19%] idx=9419: ✅REAL max=0.560 (37687ms) ETA=15684s
[2026-04-27 14:16:06]   [52/266 · 20%] idx=9444: ✅REAL max=0.335 (73317ms) ETA=15617s
[2026-04-27 14:16:57]   [53/266 · 20%] idx=9445: ✅REAL max=0.400 (50529ms) ETA=15458s
[2026-04-27 14:18:17]   [54/266 · 20%] idx=9671: ✅REAL max=0.320 (78944ms) ETA=15414s
[2026-04-27 14:19:08]   [55/266 · 21%] idx=9675: ✅REAL max=0.280 (49502ms) ETA=15256s
[2026-04-27 14:20:12]   [56/266 · 21%] idx=9678: ✅REAL max=0.340 (63372ms) ETA=15154s
[2026-04-27 14:21:03]   [57/266 · 21%] idx=9711: ✅REAL max=0.345 (49793ms) ETA=15004s
[2026-04-27 14:22:00]   [58/266 · 22%] idx=9718: ✅REAL max=0.340 (55895ms) ETA=14879s
[2026-04-27 14:22:52]   [59/266 · 22%] idx=9854: ✅REAL max=0.350 (51419ms) ETA=14740s
[2026-04-27 14:24:00]   [60/266 · 23%] idx=9890: ✅REAL max=0.460 (66970ms) ETA=14658s
[2026-04-27 14:24:00]   💾 [60/266] 进度已保存
[2026-04-27 14:24:39]   [61/266 · 23%] idx=9917: ✅REAL max=0.828 (38017ms) ETA=14479s
[2026-04-27 14:25:19]   [62/266 · 23%] idx=9941: ✅REAL max=0.200 (38788ms) ETA=14307s
[2026-04-27 14:28:09]   [63/266 · 24%] idx=9951: ✅REAL max=0.530 (68244ms) ETA=14559s
[2026-04-27 14:29:35]   [64/266 · 24%] idx=10039: ✅REAL max=0.700 (84569ms) ETA=14531s
[2026-04-27 14:30:54]   [65/266 · 24%] idx=10097: ✅REAL max=0.240 (78016ms) ETA=14481s
[2026-04-27 14:32:00]   [66/266 · 25%] idx=10407: ✅REAL max=0.280 (64678ms) ETA=14390s
[2026-04-27 14:33:12]   [67/266 · 25%] idx=10549: ✅REAL max=0.370 (71174ms) ETA=14318s
[2026-04-27 14:34:10]   [68/266 · 26%] idx=10638: ✅REAL max=0.450 (56852ms) ETA=14205s
[2026-04-27 14:37:00]   [69/266 · 26%] idx=10805: ✅REAL max=0.400 (70740ms) ETA=14415s
[2026-04-27 14:38:09]   [70/266 · 26%] idx=10807: ✅REAL max=0.580 (68037ms) ETA=14330s
[2026-04-27 14:39:01]   [71/266 · 27%] idx=10970: ✅REAL max=0.350 (51287ms) ETA=14200s
[2026-04-27 14:40:19]   [72/266 · 27%] idx=11007: ✅REAL max=0.420 (76262ms) ETA=14139s
[2026-04-27 14:41:22]   [73/266 · 27%] idx=11012: ✅REAL max=0.490 (62668ms) ETA=14042s
[2026-04-27 14:42:04]   [74/266 · 28%] idx=11166: ✅REAL max=0.590 (40442ms) ETA=13888s
[2026-04-27 14:43:01]   [75/266 · 28%] idx=11198: ✅REAL max=0.300 (56486ms) ETA=13777s
[2026-04-27 14:43:58]   [76/266 · 29%] idx=11211: ✅REAL max=0.200 (56063ms) ETA=13668s
[2026-04-27 14:45:05]   [77/266 · 29%] idx=11311: ✅REAL max=0.300 (65959ms) ETA=13584s
[2026-04-27 14:45:59]   [78/266 · 29%] idx=11362: ✅REAL max=0.430 (52408ms) ETA=13467s
[2026-04-27 14:47:27]   [79/266 · 30%] idx=11398: ✅REAL max=0.450 (87593ms) ETA=13436s
[2026-04-27 14:48:44]   [80/266 · 30%] idx=11563: ✅REAL max=0.480 (75467ms) ETA=13375s
[2026-04-27 14:48:44]   💾 [80/266] 进度已保存
[2026-04-27 14:49:44]   [81/266 · 30%] idx=11566: ✅REAL max=0.392 (59291ms) ETA=13276s
[2026-04-27 14:51:05]   [82/266 · 31%] idx=11658: ✅REAL max=0.450 (79574ms) ETA=13224s
[2026-04-27 14:52:14]   [83/266 · 31%] idx=11710: ✅REAL max=0.380 (67968ms) ETA=13146s
[2026-04-27 14:56:58]   [84/266 · 32%] idx=11827: ✅REAL max=0.450 (184548ms) ETA=13534s
[2026-04-27 14:58:17]   [85/266 · 32%] idx=11947: ✅REAL max=0.700 (77714ms) ETA=13469s
[2026-04-27 14:59:00]   [86/266 · 32%] idx=12080: ✅REAL max=0.370 (42942ms) ETA=13331s
[2026-04-27 15:00:01]   [87/266 · 33%] idx=12239: ✅REAL max=0.300 (59048ms) ETA=13228s
[2026-04-27 15:01:07]   [88/266 · 33%] idx=12302: ✅REAL max=0.285 (65603ms) ETA=13140s
[2026-04-27 15:02:09]   [89/266 · 33%] idx=12459: ✅REAL max=0.400 (60943ms) ETA=13042s
[2026-04-27 15:04:00]   [90/266 · 34%] idx=12512: ✅REAL max=0.390 (109505ms) ETA=13040s
[2026-04-27 15:04:53]   [91/266 · 34%] idx=12532: ✅REAL max=0.330 (52447ms) ETA=12927s
[2026-04-27 15:07:16]   [92/266 · 35%] idx=12571: ✅REAL max=0.480 (51090ms) ETA=12983s
[2026-04-27 15:08:21]   [93/266 · 35%] idx=12602: ✅REAL max=0.800 (64335ms) ETA=12891s
[2026-04-27 15:09:37]   [94/266 · 35%] idx=12766: ✅REAL max=0.500 (74953ms) ETA=12819s
[2026-04-27 15:10:19]   [95/266 · 36%] idx=12811: ✅REAL max=0.279 (41373ms) ETA=12687s
[2026-04-27 15:10:55]   [96/266 · 36%] idx=12827: ✅REAL max=0.310 (34223ms) ETA=12544s
[2026-04-27 15:11:55]   [97/266 · 36%] idx=12903: ✅REAL max=0.283 (59109ms) ETA=12446s
[2026-04-27 15:13:03]   [98/266 · 37%] idx=12982: ✅REAL max=0.300 (66872ms) ETA=12362s
[2026-04-27 15:13:56]   [99/266 · 37%] idx=13005: ✅REAL max=0.420 (52113ms) ETA=12254s
[2026-04-27 15:14:48]   [100/266 · 38%] idx=13027: ✅REAL max=0.400 (51386ms) ETA=12146s
[2026-04-27 15:14:48]   💾 [100/266] 进度已保存
[2026-04-27 15:15:36]   [101/266 · 38%] idx=13080: ✅REAL max=0.594 (47162ms) ETA=12032s
[2026-04-27 15:16:09]   [102/266 · 38%] idx=13274: ✅REAL max=0.650 (32045ms) ETA=11895s
[2026-04-27 15:17:03]   [103/266 · 39%] idx=13377: ✅REAL max=0.480 (52875ms) ETA=11793s
[2026-04-27 15:18:06]   [104/266 · 39%] idx=13465: ✅REAL max=0.300 (62217ms) ETA=11706s
[2026-04-27 15:18:59]   [105/266 · 39%] idx=13524: ✅REAL max=0.444 (51502ms) ETA=11604s
[2026-04-27 15:20:16]   [106/266 · 40%] idx=13853: ✅REAL max=0.450 (76261ms) ETA=11540s
[2026-04-27 15:23:53]   [107/266 · 40%] idx=13998: ✅REAL max=0.270 (107028ms) ETA=11683s
[2026-04-27 15:24:49]   [108/266 · 41%] idx=14002: ✅REAL max=0.570 (54612ms) ETA=11583s
[2026-04-27 15:25:56]   [109/266 · 41%] idx=14010: ✅REAL max=0.350 (65834ms) ETA=11500s
[2026-04-27 15:26:44]   [110/266 · 41%] idx=14013: ✅REAL max=0.450 (47207ms) ETA=11392s
[2026-04-27 15:27:54]   [111/266 · 42%] idx=14044: ✅REAL max=0.400 (69551ms) ETA=11315s
[2026-04-27 15:28:49]   [112/266 · 42%] idx=14075: ✅REAL max=0.460 (53951ms) ETA=11217s
[2026-04-27 15:31:05]   [113/266 · 42%] idx=14171: ✅REAL max=0.300 (49011ms) ETA=11229s
[2026-04-27 15:32:09]   [114/266 · 43%] idx=14325: ✅REAL max=0.230 (63134ms) ETA=11144s
[2026-04-27 15:33:54]   [115/266 · 43%] idx=14400: ✅REAL max=0.600 (104277ms) ETA=11112s
[2026-04-27 15:34:44]   [116/266 · 44%] idx=14429: ✅REAL max=0.700 (49205ms) ETA=11008s
[2026-04-27 15:35:53]   [117/266 · 44%] idx=14631: ✅REAL max=0.550 (67144ms) ETA=10928s
[2026-04-27 15:37:19]   [118/266 · 44%] idx=14659: ✅REAL max=0.260 (85131ms) ETA=10871s
[2026-04-27 15:38:47]   [119/266 · 45%] idx=14708: ✅REAL max=0.600 (87632ms) ETA=10816s
[2026-04-27 15:40:09]   [120/266 · 45%] idx=14755: ✅REAL max=0.310 (80685ms) ETA=10753s
[2026-04-27 15:40:09]   💾 [120/266] 进度已保存
[2026-04-27 15:41:06]   [121/266 · 45%] idx=14860: ✅REAL max=0.429 (56162ms) ETA=10659s
[2026-04-27 15:42:09]   [122/266 · 46%] idx=14869: ✅REAL max=0.250 (62095ms) ETA=10573s
[2026-04-27 15:43:19]   [123/266 · 46%] idx=15010: ✅REAL max=0.300 (68466ms) ETA=10495s
[2026-04-27 15:44:28]   [124/266 · 47%] idx=15133: ✅REAL max=0.667 (68717ms) ETA=10418s
[2026-04-27 15:45:07]   [125/266 · 47%] idx=15146: ✅REAL max=0.340 (37499ms) ETA=10305s
[2026-04-27 15:46:14]   [126/266 · 47%] idx=15285: ✅REAL max=0.330 (65822ms) ETA=10225s
[2026-04-27 15:47:10]   [127/266 · 48%] idx=15328: ✅REAL max=0.350 (55633ms) ETA=10134s
[2026-04-27 15:48:07]   [128/266 · 48%] idx=15459: ✅REAL max=0.450 (55780ms) ETA=10044s
[2026-04-27 15:49:56]   [129/266 · 48%] idx=15563: ✅REAL max=0.300 (107321ms) ETA=10009s
[2026-04-27 15:50:50]   [130/266 · 49%] idx=15605: ✅REAL max=0.350 (53874ms) ETA=9917s
[2026-04-27 15:52:33]   [131/266 · 49%] idx=15625: ✅REAL max=0.306 (101546ms) ETA=9874s
[2026-04-27 15:53:53]   [132/266 · 50%] idx=15676: ✅REAL max=0.550 (78930ms) ETA=9808s
[2026-04-27 15:54:51]   [133/266 · 50%] idx=15744: ✅REAL max=0.500 (56934ms) ETA=9720s
[2026-04-27 15:56:59]   [134/266 · 50%] idx=15751: ✅REAL max=0.300 (54143ms) ETA=9700s
[2026-04-27 15:59:12]   [135/266 · 51%] idx=15837: ✅REAL max=0.350 (47859ms) ETA=9685s
[2026-04-27 16:00:28]   [136/266 · 51%] idx=16039: ✅REAL max=0.530 (75009ms) ETA=9614s
[2026-04-27 16:03:04]   [137/266 · 52%] idx=16092: ✅REAL max=0.520 (61064ms) ETA=9617s
[2026-04-27 16:04:32]   [138/266 · 52%] idx=16116: ✅REAL max=0.180 (86315ms) ETA=9554s
[2026-04-27 16:05:13]   [139/266 · 52%] idx=16201: ✅REAL max=0.350 (40664ms) ETA=9449s
[2026-04-27 16:06:28]   [140/266 · 53%] idx=16209: ✅REAL max=0.275 (73776ms) ETA=9375s
[2026-04-27 16:06:28]   💾 [140/266] 进度已保存
[2026-04-27 16:07:58]   [141/266 · 53%] idx=16228: ✅REAL max=0.250 (88754ms) ETA=9314s
[2026-04-27 16:09:13]   [142/266 · 53%] idx=16326: ✅REAL max=0.556 (74200ms) ETA=9241s
[2026-04-27 16:10:00]   [143/266 · 54%] idx=16359: ✅REAL max=0.550 (45608ms) ETA=9142s
[2026-04-27 16:11:01]   [144/266 · 54%] idx=16369: ✅REAL max=0.190 (60248ms) ETA=9057s
[2026-04-27 16:12:59]   [145/266 · 55%] idx=16374: ✅REAL max=0.380 (117382ms) ETA=9019s
[2026-04-27 16:13:53]   [146/266 · 55%] idx=16426: ✅REAL max=0.400 (53053ms) ETA=8928s
[2026-04-27 16:15:01]   [147/266 · 55%] idx=16561: ✅REAL max=0.330 (66220ms) ETA=8848s
[2026-04-27 16:16:19]   [148/266 · 56%] idx=16572: ✅REAL max=0.250 (76921ms) ETA=8776s
[2026-04-27 16:16:58]   [149/266 · 56%] idx=16651: ✅REAL max=0.450 (38899ms) ETA=8675s
[2026-04-27 16:17:56]   [150/266 · 56%] idx=16661: ✅REAL max=0.550 (56598ms) ETA=8588s
[2026-04-27 16:18:56]   [151/266 · 57%] idx=16724: ✅REAL max=0.400 (58531ms) ETA=8503s
[2026-04-27 16:20:25]   [152/266 · 57%] idx=16744: ✅REAL max=0.600 (88859ms) ETA=8441s
[2026-04-27 16:21:57]   [153/266 · 58%] idx=16975: ✅REAL max=0.260 (90300ms) ETA=8379s
[2026-04-27 16:25:20]   [154/266 · 58%] idx=17151: ✅REAL max=0.510 (201858ms) ETA=8399s
[2026-04-27 16:26:59]   [155/266 · 58%] idx=17179: ✅REAL max=0.250 (97879ms) ETA=8341s
[2026-04-27 16:28:44]   [156/266 · 59%] idx=17184: ✅REAL max=0.235 (104356ms) ETA=8287s
[2026-04-27 16:32:07]   [157/266 · 59%] idx=17219: ✅REAL max=0.450 (103789ms) ETA=8301s
[2026-04-27 16:33:02]   [158/266 · 59%] idx=17246: ✅REAL max=0.450 (53504ms) ETA=8210s
[2026-04-27 16:34:22]   [159/266 · 60%] idx=17433: ✅REAL max=0.384 (74017ms) ETA=8136s
[2026-04-27 16:50:16] [Proc 12] 启动，60秒后开始（避免并发冲突）
[2026-04-27 16:51:16] [数据] 从缓存加载: X_tr=/home/fandy/workplace/thesis/results/soft_labels/kuhar_X_tr.npy
[2026-04-27 16:51:16] [Proc 12] 类 12 (Walk-backwards): 902样本, 目标360, 已有253, 需生成107
[2026-04-27 16:52:01]   [1/107 · 1%] idx=17446: ✅REAL max=0.650 (44702ms) ETA=4738s
[2026-04-27 16:53:18]   [2/107 · 2%] idx=17695: ✅REAL max=0.370 (76469ms) ETA=6414s
[2026-04-27 16:53:53]   [3/107 · 3%] idx=17815: ✅REAL max=0.400 (34029ms) ETA=5450s
[2026-04-27 16:55:42]   [4/107 · 4%] idx=17900: ✅REAL max=0.290 (107725ms) ETA=6848s
[2026-04-27 16:56:47]   [5/107 · 5%] idx=18012: ✅REAL max=0.220 (64115ms) ETA=6754s
[2026-04-27 16:57:36]   [6/107 · 6%] idx=18059: ✅REAL max=0.200 (47890ms) ETA=6396s
[2026-04-27 16:58:36]   [7/107 · 7%] idx=18062: ✅REAL max=0.350 (58990ms) ETA=6285s
[2026-04-27 16:59:37]   [8/107 · 7%] idx=18081: ✅REAL max=0.310 (59875ms) ETA=6198s
[2026-04-27 17:03:08]   [9/107 · 8%] idx=18098: ✅REAL max=0.383 (210698ms) ETA=7759s
[2026-04-27 17:06:22]   [10/107 · 9%] idx=18164: ✅REAL max=0.380 (192295ms) ETA=8787s
[2026-04-27 17:07:42]   [11/107 · 10%] idx=18186: ✅REAL max=0.310 (78904ms) ETA=8603s
[2026-04-27 19:02:44] [Proc 12] 启动，60秒后开始（避免并发冲突）
[2026-04-27 19:03:44] [数据] 从缓存加载: X_tr=/home/fandy/workplace/thesis/results/soft_labels/kuhar_X_tr.npy
[2026-04-27 20:48:37] [Proc 12] 启动，60秒后开始（避免并发冲突）
[2026-04-27 20:49:38] [数据] 从缓存加载: X_tr=/home/fandy/workplace/thesis/results/soft_labels/kuhar_X_tr.npy
[2026-04-27 20:50:34] [Proc 12] 类 12 (Walk-backwards): 902样本, 目标360, 已有264, 需生成96
[2026-04-27 20:51:46] [Proc 12] 启动，60秒后开始（避免并发冲突）
[2026-04-27 20:52:46] [数据] 从缓存加载: X_tr=/home/fandy/workplace/thesis/results/soft_labels/kuhar_X_tr.npy
[2026-04-27 20:52:46] [Proc 12] 类 12 (Walk-backwards): 902样本, 目标360, 已有264, 需生成96
[2026-04-27 20:53:46]   [1/96 · 1%] idx=18210: ✅REAL max=0.450 (60436ms) ETA=5741s
[2026-04-27 20:54:37]   [2/96 · 2%] idx=18230: ✅REAL max=0.300 (49379ms) ETA=5209s
[2026-04-27 20:55:29]   [3/96 · 3%] idx=18260: ✅REAL max=0.535 (51106ms) ETA=5051s
[2026-04-27 20:56:25]   [4/96 · 4%] idx=18272: ✅REAL max=0.570 (55723ms) ETA=5052s
[2026-04-27 20:57:47]   [5/96 · 5%] idx=18334: ✅REAL max=0.250 (80848ms) ETA=5487s
[2026-04-27 20:58:27]   [6/96 · 6%] idx=18389: ✅REAL max=0.450 (38988ms) ETA=5123s
[2026-04-27 20:59:28]   [7/96 · 7%] idx=18626: ✅REAL max=0.530 (59930ms) ETA=5117s
[2026-04-27 21:00:26]   [8/96 · 8%] idx=18786: ✅REAL max=0.325 (57147ms) ETA=5066s
[2026-04-27 21:01:48]   [9/96 · 9%] idx=18896: ✅REAL max=0.415 (80748ms) ETA=5243s
[2026-04-27 21:02:22]   [10/96 · 10%] idx=18905: ✅REAL max=0.510 (32427ms) ETA=4952s
[2026-04-27 21:03:13]   [11/96 · 11%] idx=18997: ✅REAL max=0.650 (50326ms) ETA=4846s
[2026-04-27 21:04:56]   [12/96 · 12%] idx=19000: ✅REAL max=0.709 (101631ms) ETA=5108s
[2026-04-27 21:05:56]   [13/96 · 14%] idx=19012: ✅REAL max=0.200 (59642ms) ETA=5046s
[2026-04-27 21:08:12]   [14/96 · 15%] idx=19115: ✅REAL max=0.410 (63703ms) ETA=5426s
[2026-04-27 21:09:09]   [15/96 · 16%] idx=19227: ✅REAL max=0.350 (55618ms) ETA=5309s
[2026-04-27 21:12:10]   [16/96 · 17%] idx=19256: ✅REAL max=0.650 (51525ms) ETA=5823s
[2026-04-27 21:12:52]   [17/96 · 18%] idx=19289: ✅REAL max=0.340 (40304ms) ETA=5604s
[2026-04-27 21:13:34]   [18/96 · 19%] idx=19358: ✅REAL max=0.350 (41517ms) ETA=5410s
[2026-04-27 21:14:29]   [19/96 · 20%] idx=19474: ✅REAL max=0.280 (53791ms) ETA=5281s
[2026-04-27 21:15:10]   [20/96 · 21%] idx=19561: ✅REAL max=0.550 (40361ms) ETA=5109s
[2026-04-27 21:15:10]   💾 [20/96] 进度已保存
[2026-04-27 21:15:58]   [21/96 · 22%] idx=19670: ✅REAL max=0.300 (46693ms) ETA=4972s
[2026-04-27 21:16:53]   [22/96 · 23%] idx=20255: ✅REAL max=0.300 (54220ms) ETA=4869s
[2026-04-27 21:17:29]   [23/96 · 24%] idx=20271: ✅REAL max=0.410 (34432ms) ETA=4707s
[2026-04-27 21:20:21]   [24/96 · 25%] idx=20360: ✅REAL max=0.620 (171294ms) ETA=4966s
[2026-04-27 21:21:29]   [25/96 · 26%] idx=20374: ✅REAL max=0.450 (66815ms) ETA=4893s
[2026-04-27 21:22:43]   [26/96 · 27%] idx=20395: ✅REAL max=0.400 (73116ms) ETA=4839s
[2026-04-27 21:23:26]   [27/96 · 28%] idx=20404: ✅REAL max=0.250 (42465ms) ETA=4704s
[2026-04-27 21:24:16]   [28/96 · 29%] idx=20496: ✅REAL max=0.350 (49053ms) ETA=4592s
[2026-04-27 21:25:19]   [29/96 · 30%] idx=20658: ✅REAL max=0.300 (61789ms) ETA=4513s
[2026-04-27 21:25:41]   [30/96 · 31%] idx=20695: ✅REAL max=0.350 (21145ms) ETA=4346s
[2026-04-27 21:26:30]   [31/96 · 32%] idx=20728: ✅REAL max=0.400 (47431ms) ETA=4244s
[2026-04-27 21:27:17]   [32/96 · 33%] idx=20805: ✅REAL max=0.560 (46192ms) ETA=4143s
[2026-04-27 21:28:14]   [33/96 · 34%] idx=20831: ✅REAL max=0.580 (55979ms) ETA=4063s
[2026-04-27 21:29:38]   [34/96 · 35%] idx=20850: ✅REAL max=0.200 (82806ms) ETA=4034s
[2026-04-27 21:30:12]   [35/96 · 36%] idx=20916: ✅REAL max=0.420 (33507ms) ETA=3915s
[2026-04-27 21:31:21]   [36/96 · 38%] idx=20930: ✅REAL max=0.400 (67360ms) ETA=3858s
[2026-04-27 21:32:32]   [37/96 · 39%] idx=21279: ✅REAL max=0.390 (70162ms) ETA=3805s
[2026-04-27 21:33:14]   [38/96 · 40%] idx=21522: ✅REAL max=0.400 (40623ms) ETA=3706s
[2026-04-27 21:34:15]   [39/96 · 41%] idx=21533: ✅REAL max=0.350 (59989ms) ETA=3637s
[2026-04-27 21:35:12]   [40/96 · 42%] idx=21566: ✅REAL max=0.330 (56005ms) ETA=3564s
[2026-04-27 21:35:12]   💾 [40/96] 进度已保存
[2026-04-27 21:36:50]   [41/96 · 43%] idx=21747: ✅REAL max=0.400 (97707ms) ETA=3547s
[2026-04-27 21:37:43]   [42/96 · 44%] idx=21852: ✅REAL max=0.530 (51666ms) ETA=3468s
[2026-04-27 21:38:33]   [43/96 · 45%] idx=21934: ✅REAL max=0.380 (48975ms) ETA=3386s
[2026-04-27 21:39:55]   [44/96 · 46%] idx=22134: ✅REAL max=0.600 (80963ms) ETA=3343s
[2026-04-27 21:42:01]   [45/96 · 47%] idx=22144: ✅REAL max=0.140 (64104ms) ETA=3349s
[2026-04-27 21:43:06]   [46/96 · 48%] idx=22248: ✅REAL max=0.480 (64105ms) ETA=3283s
[2026-04-27 21:44:53]   [47/96 · 49%] idx=22330: ✅REAL max=0.400 (106687ms) ETA=3261s
[2026-04-27 21:46:00]   [48/96 · 50%] idx=22364: ✅REAL max=0.290 (65601ms) ETA=3194s
[2026-04-27 21:47:03]   [49/96 · 51%] idx=22369: ✅REAL max=0.550 (61694ms) ETA=3124s
[2026-04-27 21:47:55]   [50/96 · 52%] idx=22374: ✅REAL max=0.300 (51658ms) ETA=3045s
[2026-04-27 21:50:46]   [51/96 · 53%] idx=22499: ✅REAL max=0.450 (44937ms) ETA=3070s
[2026-04-27 21:52:14]   [52/96 · 54%] idx=22502: ✅REAL max=0.450 (87123ms) ETA=3019s
[2026-04-27 21:53:18]   [53/96 · 55%] idx=22540: ✅REAL max=0.440 (62906ms) ETA=2947s
[2026-04-27 21:55:08]   [54/96 · 56%] idx=22586: ✅REAL max=0.292 (28542ms) ETA=2911s
[2026-04-27 21:55:45]   [55/96 · 57%] idx=22611: ✅REAL max=0.350 (35285ms) ETA=2817s
[2026-04-27 21:56:38]   [56/96 · 58%] idx=22616: ✅REAL max=0.410 (52106ms) ETA=2737s
[2026-04-27 21:57:55]   [57/96 · 59%] idx=22820: ✅REAL max=0.520 (76216ms) ETA=2675s
[2026-04-27 21:58:49]   [58/96 · 60%] idx=22821: ✅REAL max=0.390 (53130ms) ETA=2597s
[2026-04-27 21:59:31]   [59/96 · 61%] idx=22848: ✅REAL max=0.400 (40704ms) ETA=2512s
[2026-04-27 22:00:10]   [60/96 · 62%] idx=22849: ✅REAL max=0.340 (38293ms) ETA=2427s
[2026-04-27 22:00:10]   💾 [60/96] 进度已保存
[2026-04-27 22:00:51]   [61/96 · 64%] idx=22851: ✅REAL max=0.200 (40082ms) ETA=2344s
[2026-04-27 22:01:28]   [62/96 · 65%] idx=22867: ✅REAL max=0.150 (35855ms) ETA=2261s
[2026-04-27 22:02:19]   [63/96 · 66%] idx=22970: ✅REAL max=0.350 (49870ms) ETA=2186s
[2026-04-27 22:03:08]   [64/96 · 67%] idx=22975: ✅REAL max=0.500 (48233ms) ETA=2111s
[2026-04-27 22:03:48]   [65/96 · 68%] idx=23013: ✅REAL max=0.750 (39257ms) ETA=2033s
[2026-04-27 22:04:40]   [66/96 · 69%] idx=23077: ✅REAL max=0.350 (51014ms) ETA=1961s
[2026-04-27 22:05:53]   [67/96 · 70%] idx=23117: ✅REAL max=0.450 (71829ms) ETA=1899s
[2026-04-27 22:06:35]   [68/96 · 71%] idx=23250: ✅REAL max=0.710 (40512ms) ETA=1824s
[2026-04-27 22:08:33]   [69/96 · 72%] idx=23257: ✅REAL max=0.460 (53059ms) ETA=1779s
[2026-04-27 22:09:17]   [70/96 · 73%] idx=23332: ✅REAL max=0.380 (42833ms) ETA=1705s
[2026-04-27 22:10:04]   [71/96 · 74%] idx=23418: ✅REAL max=0.340 (45825ms) ETA=1633s
[2026-04-27 22:10:38]   [72/96 · 75%] idx=23419: ✅REAL max=0.350 (33847ms) ETA=1558s
[2026-04-27 22:11:23]   [73/96 · 76%] idx=23495: ✅REAL max=0.450 (43241ms) ETA=1486s
[2026-04-27 22:12:14]   [74/96 · 77%] idx=23550: ✅REAL max=0.800 (49907ms) ETA=1417s
[2026-04-27 22:13:08]   [75/96 · 78%] idx=23599: ✅REAL max=0.510 (53565ms) ETA=1350s
[2026-04-27 22:13:57]   [76/96 · 79%] idx=23815: ✅REAL max=0.400 (47472ms) ETA=1282s
[2026-04-27 22:14:31]   [77/96 · 80%] idx=23820: ✅REAL max=0.450 (32977ms) ETA=1210s
[2026-04-27 22:15:25]   [78/96 · 81%] idx=23865: ✅REAL max=0.380 (53130ms) ETA=1144s
[2026-04-27 22:16:13]   [79/96 · 82%] idx=23872: ✅REAL max=0.450 (47453ms) ETA=1078s
[2026-04-27 22:17:02]   [80/96 · 83%] idx=23897: ✅REAL max=0.440 (47671ms) ETA=1011s
[2026-04-27 22:17:02]   💾 [80/96] 进度已保存
[2026-04-27 22:17:34]   [81/96 · 84%] idx=24055: ✅REAL max=0.400 (31597ms) ETA=942s
[2026-04-27 22:19:54]   [82/96 · 85%] idx=24160: ✅REAL max=0.404 (34693ms) ETA=893s
[2026-04-27 22:20:40]   [83/96 · 86%] idx=24345: ✅REAL max=0.700 (45746ms) ETA=826s
[2026-04-27 22:21:38]   [84/96 · 88%] idx=24347: ✅REAL max=0.450 (56781ms) ETA=762s
[2026-04-27 22:22:57]   [85/96 · 89%] idx=24351: ✅REAL max=0.300 (78184ms) ETA=700s
[2026-04-27 22:24:00]   [86/96 · 90%] idx=24384: ✅REAL max=0.390 (61460ms) ETA=637s
[2026-04-27 22:24:28]   [87/96 · 91%] idx=24487: ✅REAL max=0.697 (27545ms) ETA=569s
[2026-04-27 22:25:22]   [88/96 · 92%] idx=24525: ✅REAL max=0.350 (52964ms) ETA=505s
[2026-04-27 22:26:06]   [89/96 · 93%] idx=24560: ✅REAL max=0.558 (43101ms) ETA=440s
[2026-04-27 22:27:23]   [90/96 · 94%] idx=24727: ✅REAL max=0.270 (75812ms) ETA=378s
[2026-04-27 22:28:40]   [91/96 · 95%] idx=24779: ✅REAL max=0.200 (75695ms) ETA=316s
[2026-04-27 22:29:31]   [92/96 · 96%] idx=24847: ✅REAL max=0.704 (50516ms) ETA=252s
[2026-04-27 22:30:05]   [93/96 · 97%] idx=25233: ✅REAL max=0.550 (32545ms) ETA=188s
[2026-04-27 22:31:32]   [94/96 · 98%] idx=25279: ✅REAL max=0.320 (85589ms) ETA=126s
[2026-04-27 22:32:12]   [95/96 · 99%] idx=25322: ✅REAL max=0.300 (39169ms) ETA=63s
[2026-04-27 22:32:45]   [96/96 · 100%] idx=25372: ✅REAL max=0.300 (32681ms) ETA=0s
[2026-04-27 22:32:46] [Proc 12] ✅ 类 12 (Walk-backwards) 完成: 360/360 耗时6001s
[2026-04-27 22:32:46] [Proc 12] 全部完成 → /home/fandy/workplace/thesis/results/soft_labels/kuhar_soft_proc12.npy
[2026-04-28 00:05:21] [Proc 12] 启动，60秒后开始（避免并发冲突）
[2026-04-28 00:06:21] [数据] 从缓存加载: X_tr=/home/fandy/workplace/thesis/results/soft_labels/kuhar_X_tr.npy
[2026-04-28 00:06:21] [Proc 12] 类 12 已完成，跳过
[2026-04-28 00:06:21] [Proc 12] 全部完成 → /home/fandy/workplace/thesis/results/soft_labels/kuhar_soft_proc12.npy
[2026-04-28 00:13:22] [Proc 12] 启动，60秒后开始（避免并发冲突）
[2026-04-28 00:14:22] [数据] 从缓存加载: X_tr=/home/fandy/workplace/thesis/results/soft_labels/kuhar_X_tr.npy
[2026-04-28 00:14:22] [Proc 12] 类 12 已完成，跳过
[2026-04-28 00:14:22] [Proc 12] 全部完成 → /home/fandy/workplace/thesis/results/soft_labels/kuhar_soft_proc12.npy
[2026-04-28 00:24:01] [Proc 12] 启动，60秒后开始（避免并发冲突）
[2026-04-28 00:25:01] [数据] 从缓存加载: X_tr=/home/fandy/workplace/thesis/results/soft_labels/kuhar_X_tr.npy
[2026-04-28 00:25:01] [Proc 12] 类 12 已完成，跳过
[2026-04-28 00:25:01] [Proc 12] 全部完成 → /home/fandy/workplace/thesis/results/soft_labels/kuhar_soft_proc12.npy
