[2026-05-07 20:19:38] UCI-HAR 软标签生成开始
[2026-05-07 20:19:38] Mimo API: https://token-plan-cn.xiaomimimo.com/v1 | Model: mimo-v2.5-pro | T=0.3
[2026-05-07 20:19:38]   训练数据: 5881 样本, 6 类
[2026-05-07 20:19:38]   class 0 (WALKING): 981 样本
[2026-05-07 20:19:38]   class 1 (WALKING_UP): 858 样本
[2026-05-07 20:19:38]   class 2 (WALKING_DOWN): 789 样本
[2026-05-07 20:19:38]   class 3 (SITTING): 1029 样本
[2026-05-07 20:19:38]   class 4 (STANDING): 1099 样本
[2026-05-07 20:19:38]   class 5 (LAYING): 1125 样本
[2026-05-07 20:19:38]   总计采样: 1200 个窗口（每类最多 200）
[2026-05-07 20:19:47]   [1/1200] idx=5720 true=0(WALKING) pred=1(WALKING_UP)[✗] ent=1.297 top=[1:0.600,0:0.100]
[2026-05-07 20:19:53]   [2/1200] idx=9 true=3(SITTING) pred=5(LAYING)[✗] ent=0.681 top=[5:0.840,3:0.050]
[2026-05-07 20:20:02]   [3/1200] idx=5239 true=4(STANDING) pred=4(STANDING)[✓] ent=0.943 top=[4:0.740,3:0.120]
[2026-05-07 20:20:15]   [4/1200] idx=1634 true=2(WALKING_DOWN) pred=2(WALKING_DOWN)[✓] ent=1.267 top=[2:0.620,5:0.100]
[2026-05-07 20:20:28]   [5/1200] idx=2296 true=0(WALKING) pred=0(WALKING)[✓] ent=1.249 top=[0:0.620,1:0.120]
[2026-05-07 20:20:28]   进度: 5/1200, 准确率=60.0%, 已保存
[2026-05-07 20:20:36]   [6/1200] idx=46 true=3(SITTING) pred=4(STANDING)[✗] ent=0.993 top=[4:0.720,3:0.120]
[2026-05-07 20:20:44]   [7/1200] idx=5088 true=1(WALKING_UP) pred=1(WALKING_UP)[✓] ent=1.339 top=[1:0.580,0:0.120]
[2026-05-07 20:20:51]   [8/1200] idx=1438 true=1(WALKING_UP) pred=0(WALKING)[✗] ent=1.258 top=[0:0.620,1:0.120]
[2026-05-07 20:20:57]   [9/1200] idx=3073 true=4(STANDING) pred=4(STANDING)[✓] ent=0.943 top=[4:0.740,3:0.120]
[2026-05-07 20:21:05]   [10/1200] idx=3904 true=2(WALKING_DOWN) pred=0(WALKING)[✗] ent=1.246 top=[0:0.620,1:0.120]
[2026-05-07 20:21:05]   进度: 10/1200, 准确率=50.0%, 已保存
[2026-05-07 20:21:12]   [11/1200] idx=1444 true=1(WALKING_UP) pred=1(WALKING_UP)[✓] ent=1.297 top=[1:0.600,0:0.100]
[2026-05-07 20:21:19]   [12/1200] idx=2331 true=2(WALKING_DOWN) pred=2(WALKING_DOWN)[✓] ent=1.297 top=[2:0.600,0:0.100]
[2026-05-07 20:21:27]   [13/1200] idx=2713 true=3(SITTING) pred=3(SITTING)[✓] ent=0.977 top=[3:0.720,4:0.140]
[2026-05-07 20:21:36]   [14/1200] idx=635 true=4(STANDING) pred=4(STANDING)[✓] ent=0.943 top=[4:0.740,3:0.120]
[2026-05-07 20:21:44]   [15/1200] idx=5144 true=0(WALKING) pred=1(WALKING_UP)[✗] ent=1.330 top=[1:0.580,0:0.120]
[2026-05-07 20:21:44]   进度: 15/1200, 准确率=60.0%, 已保存
[2026-05-07 20:21:53]   [16/1200] idx=104 true=2(WALKING_DOWN) pred=2(WALKING_DOWN)[✓] ent=1.136 top=[2:0.680,0:0.080]
[2026-05-07 20:22:03]   [17/1200] idx=3202 true=5(LAYING) pred=5(LAYING)[✓] ent=0.486 top=[5:0.900,0:0.020]
[2026-05-07 20:22:19]   [18/1200] idx=959 true=1(WALKING_UP) pred=1(WALKING_UP)[✓] ent=1.330 top=[1:0.580,0:0.120]
[2026-05-07 20:22:27]   [19/1200] idx=2281 true=4(STANDING) pred=3(SITTING)[✗] ent=0.977 top=[3:0.720,4:0.140]
[2026-05-07 20:22:34]   [20/1200] idx=2896 true=0(WALKING) pred=2(WALKING_DOWN)[✗] ent=1.087 top=[2:0.700,0:0.080]
[2026-05-07 20:22:34]   进度: 20/1200, 准确率=60.0%, 已保存
[2026-05-07 20:22:45]   [21/1200] idx=1829 true=4(STANDING) pred=4(STANDING)[✓] ent=0.993 top=[4:0.720,3:0.120]
[2026-05-07 20:22:53]   [22/1200] idx=4263 true=0(WALKING) pred=1(WALKING_UP)[✗] ent=1.297 top=[1:0.600,0:0.100]
[2026-05-07 20:22:59]   [23/1200] idx=108 true=4(STANDING) pred=4(STANDING)[✓] ent=0.943 top=[4:0.740,3:0.120]
[2026-05-07 20:23:06]   [24/1200] idx=5459 true=5(LAYING) pred=5(LAYING)[✓] ent=0.486 top=[5:0.900,0:0.020]
[2026-05-07 20:23:13]   [25/1200] idx=1331 true=3(SITTING) pred=3(SITTING)[✓] ent=0.977 top=[3:0.720,4:0.140]
[2026-05-07 20:23:13]   进度: 25/1200, 准确率=64.0%, 已保存
[2026-05-07 20:23:31]   [26/1200] idx=3658 true=5(LAYING) pred=5(LAYING)[✓] ent=0.622 top=[5:0.860,3:0.040]
[2026-05-07 20:23:42]   [27/1200] idx=1237 true=4(STANDING) pred=4(STANDING)[✓] ent=0.772 top=[4:0.800,3:0.100]
[2026-05-07 20:23:48]   [28/1200] idx=881 true=1(WALKING_UP) pred=1(WALKING_UP)[✓] ent=1.347 top=[1:0.580,0:0.120]
[2026-05-07 20:23:56]   [29/1200] idx=1147 true=2(WALKING_DOWN) pred=2(WALKING_DOWN)[✓] ent=1.087 top=[2:0.700,0:0.080]
[2026-05-07 20:24:02]   [30/1200] idx=1596 true=2(WALKING_DOWN) pred=2(WALKING_DOWN)[✓] ent=1.293 top=[2:0.600,1:0.120]
[2026-05-07 20:24:02]   进度: 30/1200, 准确率=70.0%, 已保存
[2026-05-07 20:24:08]   [31/1200] idx=5391 true=2(WALKING_DOWN) pred=2(WALKING_DOWN)[✓] ent=1.087 top=[2:0.700,0:0.080]
[2026-05-07 20:24:13]   [32/1200] idx=3055 true=2(WALKING_DOWN) pred=2(WALKING_DOWN)[✓] ent=1.136 top=[2:0.680,0:0.080]
[2026-05-07 20:24:18]   [33/1200] idx=2270 true=3(SITTING) pred=5(LAYING)[✗] ent=0.622 top=[5:0.860,3:0.040]
[2026-05-07 20:24:23]   [34/1200] idx=2285 true=5(LAYING) pred=5(LAYING)[✓] ent=0.622 top=[5:0.860,3:0.040]
[2026-05-07 20:24:31]   [35/1200] idx=3511 true=5(LAYING) pred=0(WALKING)[✗] ent=1.275 top=[0:0.620,1:0.080]
[2026-05-07 20:24:31]   进度: 35/1200, 准确率=68.6%, 已保存
[2026-05-07 20:24:37]   [36/1200] idx=4309 true=5(LAYING) pred=5(LAYING)[✓] ent=0.486 top=[5:0.900,0:0.020]
[2026-05-07 20:24:44]   [37/1200] idx=2697 true=1(WALKING_UP) pred=1(WALKING_UP)[✓] ent=1.330 top=[1:0.580,0:0.120]
[2026-05-07 20:24:50]   [38/1200] idx=3917 true=1(WALKING_UP) pred=1(WALKING_UP)[✓] ent=1.297 top=[1:0.600,0:0.100]
[2026-05-07 20:24:58]   [39/1200] idx=1576 true=2(WALKING_DOWN) pred=2(WALKING_DOWN)[✓] ent=1.087 top=[2:0.700,0:0.080]
[2026-05-07 20:25:04]   [40/1200] idx=2304 true=0(WALKING) pred=0(WALKING)[✓] ent=1.190 top=[0:0.650,1:0.100]
[2026-05-07 20:25:04]   进度: 40/1200, 准确率=72.5%, 已保存
[2026-05-07 20:25:10]   [41/1200] idx=2524 true=0(WALKING) pred=0(WALKING)[✓] ent=1.246 top=[0:0.620,1:0.120]
[2026-05-07 20:25:18]   [42/1200] idx=2166 true=3(SITTING) pred=0(WALKING)[✗] ent=1.029 top=[0:0.720,1:0.080]
[2026-05-07 20:25:23]   [43/1200] idx=1602 true=0(WALKING) pred=1(WALKING_UP)[✗] ent=1.297 top=[1:0.600,0:0.100]
[2026-05-07 20:25:32]   [44/1200] idx=3587 true=5(LAYING) pred=5(LAYING)[✓] ent=0.681 top=[5:0.840,3:0.050]
[2026-05-07 20:25:37]   [45/1200] idx=4833 true=4(STANDING) pred=4(STANDING)[✓] ent=0.812 top=[4:0.780,3:0.120]
[2026-05-07 20:25:37]   进度: 45/1200, 准确率=71.1%, 已保存
[2026-05-07 20:25:51]   [46/1200] idx=1252 true=5(LAYING) pred=5(LAYING)[✓] ent=0.784 top=[5:0.800,3:0.080]
[2026-05-07 20:26:00]   [47/1200] idx=2475 true=0(WALKING) pred=0(WALKING)[✓] ent=1.249 top=[0:0.620,1:0.120]
[2026-05-07 20:26:08]   [48/1200] idx=791 true=0(WALKING) pred=0(WALKING)[✓] ent=1.238 top=[0:0.620,1:0.120]
[2026-05-07 20:26:16]   [49/1200] idx=1469 true=5(LAYING) pred=5(LAYING)[✓] ent=0.651 top=[5:0.850,4:0.050]
[2026-05-07 20:26:25]   [50/1200] idx=735 true=5(LAYING) pred=5(LAYING)[✓] ent=0.558 top=[5:0.880,3:0.030]
[2026-05-07 20:26:25]   进度: 50/1200, 准确率=74.0%, 已保存
[2026-05-07 20:26:33]   [51/1200] idx=4516 true=1(WALKING_UP) pred=1(WALKING_UP)[✓] ent=1.297 top=[1:0.600,0:0.100]
[2026-05-07 20:26:39]   [52/1200] idx=3025 true=0(WALKING) pred=0(WALKING)[✓] ent=1.255 top=[0:0.620,1:0.120]
[2026-05-07 20:26:48]   [53/1200] idx=3154 true=5(LAYING) pred=5(LAYING)[✓] ent=0.622 top=[5:0.860,3:0.040]
[2026-05-07 20:26:54]   [54/1200] idx=394 true=0(WALKING) pred=1(WALKING_UP)[✗] ent=1.297 top=[1:0.600,0:0.100]
[2026-05-07 20:27:02]   [55/1200] idx=2547 true=5(LAYING) pred=5(LAYING)[✓] ent=0.558 top=[5:0.880,3:0.030]
[2026-05-07 20:27:02]   进度: 55/1200, 准确率=74.5%, 已保存
[2026-05-07 20:27:10]   [56/1200] idx=2984 true=2(WALKING_DOWN) pred=2(WALKING_DOWN)[✓] ent=1.087 top=[2:0.700,0:0.080]
[2026-05-07 20:27:34]   [57/1200] idx=4982 true=2(WALKING_DOWN) pred=0(WALKING)[✗] ent=1.275 top=[0:0.620,1:0.080]
[2026-05-07 20:27:42]   [58/1200] idx=3110 true=2(WALKING_DOWN) pred=2(WALKING_DOWN)[✓] ent=1.370 top=[2:0.550,1:0.170]
[2026-05-07 20:27:48]   [59/1200] idx=3732 true=1(WALKING_UP) pred=1(WALKING_UP)[✓] ent=1.340 top=[1:0.580,0:0.120]
[2026-05-07 20:27:54]   [60/1200] idx=1524 true=1(WALKING_UP) pred=2(WALKING_DOWN)[✗] ent=1.087 top=[2:0.700,0:0.080]
[2026-05-07 20:27:54]   进度: 60/1200, 准确率=73.3%, 已保存
[2026-05-07 20:28:02]   [61/1200] idx=5102 true=2(WALKING_DOWN) pred=2(WALKING_DOWN)[✓] ent=1.087 top=[2:0.700,0:0.080]
[2026-05-07 20:28:08]   [62/1200] idx=5430 true=1(WALKING_UP) pred=1(WALKING_UP)[✓] ent=1.297 top=[1:0.600,0:0.100]
[2026-05-07 20:28:14]   [63/1200] idx=3298 true=0(WALKING) pred=1(WALKING_UP)[✗] ent=1.297 top=[1:0.600,0:0.100]
[2026-05-07 20:28:22]   [64/1200] idx=4848 true=0(WALKING) pred=1(WALKING_UP)[✗] ent=1.297 top=[1:0.600,0:0.100]
[2026-05-07 20:28:30]   [65/1200] idx=896 true=5(LAYING) pred=5(LAYING)[✓] ent=0.622 top=[5:0.860,3:0.040]
[2026-05-07 20:28:30]   进度: 65/1200, 准确率=72.3%, 已保存
[2026-05-07 20:28:37]   [66/1200] idx=1166 true=3(SITTING) pred=3(SITTING)[✓] ent=0.977 top=[3:0.720,4:0.140]
[2026-05-07 20:28:48]   [67/1200] idx=2336 true=4(STANDING) pred=4(STANDING)[✓] ent=0.943 top=[4:0.740,3:0.120]
[2026-05-07 20:28:55]   [68/1200] idx=5656 true=3(SITTING) pred=3(SITTING)[✓] ent=1.164 top=[3:0.650,4:0.150]
[2026-05-07 20:29:01]   [69/1200] idx=4392 true=4(STANDING) pred=4(STANDING)[✓] ent=1.079 top=[4:0.700,3:0.100]
[2026-05-07 20:29:06]   [70/1200] idx=1234 true=1(WALKING_UP) pred=1(WALKING_UP)[✓] ent=1.330 top=[1:0.580,0:0.120]
[2026-05-07 20:29:06]   进度: 70/1200, 准确率=74.3%, 已保存
[2026-05-07 20:29:12]   [71/1200] idx=568 true=1(WALKING_UP) pred=1(WALKING_UP)[✓] ent=1.330 top=[1:0.580,0:0.120]
[2026-05-07 20:29:18]   [72/1200] idx=517 true=1(WALKING_UP) pred=0(WALKING)[✗] ent=1.258 top=[0:0.620,1:0.120]
[2026-05-07 20:29:25]   [73/1200] idx=2625 true=3(SITTING) pred=4(STANDING)[✗] ent=0.943 top=[4:0.740,3:0.120]
[2026-05-07 20:29:34]   [74/1200] idx=82 true=5(LAYING) pred=0(WALKING)[✗] ent=1.275 top=[0:0.620,1:0.080]
[2026-05-07 20:29:43]   [75/1200] idx=3510 true=5(LAYING) pred=5(LAYING)[✓] ent=0.622 top=[5:0.860,3:0.040]
[2026-05-07 20:29:43]   进度: 75/1200, 准确率=72.0%, 已保存
[2026-05-07 20:29:51]   [76/1200] idx=3446 true=1(WALKING_UP) pred=1(WALKING_UP)[✓] ent=1.330 top=[1:0.580,0:0.120]
[2026-05-07 20:30:00]   [77/1200] idx=1824 true=0(WALKING) pred=1(WALKING_UP)[✗] ent=1.330 top=[1:0.580,0:0.120]
[2026-05-07 20:30:07]   [78/1200] idx=4557 true=1(WALKING_UP) pred=0(WALKING)[✗] ent=1.249 top=[0:0.620,1:0.120]
[2026-05-07 20:30:13]   [79/1200] idx=5730 true=2(WALKING_DOWN) pred=2(WALKING_DOWN)[✓] ent=0.965 top=[2:0.750,0:0.050]
[2026-05-07 20:30:32]   [80/1200] idx=4712 true=1(WALKING_UP) pred=0(WALKING)[✗] ent=1.249 top=[0:0.620,1:0.120]
[2026-05-07 20:30:32]   进度: 80/1200, 准确率=70.0%, 已保存
[2026-05-07 20:30:38]   [81/1200] idx=1794 true=0(WALKING) pred=1(WALKING_UP)[✗] ent=1.330 top=[1:0.580,0:0.120]
[2026-05-07 20:30:45]   [82/1200] idx=262 true=3(SITTING) pred=3(SITTING)[✓] ent=0.733 top=[3:0.820,4:0.070]
[2026-05-07 20:30:52]   [83/1200] idx=3722 true=4(STANDING) pred=4(STANDING)[✓] ent=0.993 top=[4:0.720,3:0.120]
[2026-05-07 20:30:58]   [84/1200] idx=1608 true=0(WALKING) pred=0(WALKING)[✓] ent=1.267 top=[0:0.620,4:0.100]
[2026-05-07 20:31:08]   [85/1200] idx=4391 true=3(SITTING) pred=4(STANDING)[✗] ent=1.079 top=[4:0.700,3:0.100]
[2026-05-07 20:31:08]   进度: 85/1200, 准确率=69.4%, 已保存
[2026-05-07 20:31:14]   [86/1200] idx=59 true=4(STANDING) pred=4(STANDING)[✓] ent=1.079 top=[4:0.700,3:0.100]
[2026-05-07 20:31:24]   [87/1200] idx=5839 true=1(WALKING_UP) pred=1(WALKING_UP)[✓] ent=1.330 top=[1:0.580,0:0.120]
[2026-05-07 20:31:36]   [88/1200] idx=548 true=2(WALKING_DOWN) pred=2(WALKING_DOWN)[✓] ent=1.198 top=[2:0.650,0:0.100]
[2026-05-07 20:31:41]   [89/1200] idx=4631 true=3(SITTING) pred=3(SITTING)[✓] ent=0.915 top=[3:0.750,4:0.120]
[2026-05-07 20:31:54]   [90/1200] idx=494 true=1(WALKING_UP) pred=0(WALKING)[✗] ent=1.029 top=[0:0.720,1:0.080]
[2026-05-07 20:31:54]   进度: 90/1200, 准确率=70.0%, 已保存
[2026-05-07 20:32:00]   [91/1200] idx=3442 true=3(SITTING) pred=4(STANDING)[✗] ent=1.059 top=[4:0.700,3:0.120]
[2026-05-07 20:32:11]   [92/1200] idx=4039 true=4(STANDING) pred=4(STANDING)[✓] ent=0.993 top=[4:0.720,3:0.120]
[2026-05-07 20:32:18]   [93/1200] idx=2385 true=2(WALKING_DOWN) pred=0(WALKING)[✗] ent=1.249 top=[0:0.620,1:0.120]
[2026-05-07 20:32:24]   [94/1200] idx=742 true=3(SITTING) pred=3(SITTING)[✓] ent=1.040 top=[3:0.700,4:0.140]
[2026-05-07 20:32:36]   [95/1200] idx=1685 true=1(WALKING_UP) pred=0(WALKING)[✗] ent=1.259 top=[0:0.620,2:0.100]
[2026-05-07 20:32:36]   进度: 95/1200, 准确率=68.4%, 已保存
[2026-05-07 20:32:46]   [96/1200] idx=651 true=5(LAYING) pred=5(LAYING)[✓] ent=0.622 top=[5:0.860,3:0.040]
[2026-05-07 20:32:52]   [97/1200] idx=5876 true=3(SITTING) pred=3(SITTING)[✓] ent=0.637 top=[3:0.850,4:0.070]
[2026-05-07 20:32:57]   [98/1200] idx=5161 true=3(SITTING) pred=3(SITTING)[✓] ent=1.164 top=[3:0.650,4:0.150]
[2026-05-07 20:33:12]   [99/1200] idx=2492 true=0(WALKING) pred=0(WALKING)[✓] ent=1.258 top=[0:0.620,1:0.120]
[2026-05-07 20:33:17]   [100/1200] idx=4247 true=4(STANDING) pred=4(STANDING)[✓] ent=1.164 top=[4:0.650,3:0.150]
[2026-05-07 20:33:17]   100轮: 70/100(70.0%) WALKING=8/18(44%) WALKING_UP=13/20(65%) WALKING_DOWN=13/16(81%) SITTING=9/16(56%) STANDING=13/14(93%) LAYING=14/16(88%)
[2026-05-07 20:33:17]   进度: 100/1200, 准确率=70.0%, 已保存
[2026-05-07 20:33:25]   [101/1200] idx=3992 true=5(LAYING) pred=5(LAYING)[✓] ent=0.622 top=[5:0.860,3:0.040]
[2026-05-07 20:33:34]   [102/1200] idx=5151 true=1(WALKING_UP) pred=0(WALKING)[✗] ent=1.255 top=[0:0.620,1:0.120]
[2026-05-07 20:33:43]   [103/1200] idx=1943 true=0(WALKING) pred=0(WALKING)[✓] ent=1.190 top=[0:0.650,1:0.100]
[2026-05-07 20:33:52]   [104/1200] idx=2159 true=3(SITTING) pred=3(SITTING)[✓] ent=0.977 top=[3:0.720,4:0.140]
[2026-05-07 20:34:02]   [105/1200] idx=226 true=0(WALKING) pred=1(WALKING_UP)[✗] ent=1.305 top=[1:0.600,0:0.100]
[2026-05-07 20:34:02]   进度: 105/1200, 准确率=69.5%, 已保存
[2026-05-07 20:34:18]   [106/1200] idx=1691 true=2(WALKING_DOWN) pred=0(WALKING)[✗] ent=1.246 top=[0:0.620,1:0.120]
[2026-05-07 20:34:25]   [107/1200] idx=2165 true=0(WALKING) pred=0(WALKING)[✓] ent=1.249 top=[0:0.620,1:0.120]
[2026-05-07 20:34:32]   [108/1200] idx=4457 true=3(SITTING) pred=3(SITTING)[✓] ent=1.164 top=[3:0.650,4:0.150]
[2026-05-07 20:34:45]   [109/1200] idx=4716 true=1(WALKING_UP) pred=1(WALKING_UP)[✓] ent=1.340 top=[1:0.580,0:0.120]
[2026-05-07 20:34:53]   [110/1200] idx=1982 true=5(LAYING) pred=5(LAYING)[✓] ent=0.651 top=[5:0.850,3:0.050]
[2026-05-07 20:34:53]   进度: 110/1200, 准确率=70.0%, 已保存
[2026-05-07 20:35:04]   [111/1200] idx=4900 true=5(LAYING) pred=5(LAYING)[✓] ent=0.486 top=[5:0.900,0:0.020]
[2026-05-07 20:35:11]   [112/1200] idx=4718 true=5(LAYING) pred=5(LAYING)[✓] ent=0.622 top=[5:0.860,3:0.040]
[2026-05-07 20:35:22]   [113/1200] idx=4243 true=0(WALKING) pred=1(WALKING_UP)[✗] ent=1.339 top=[1:0.580,0:0.120]
[2026-05-07 20:35:29]   [114/1200] idx=1327 true=0(WALKING) pred=0(WALKING)[✓] ent=1.258 top=[0:0.620,1:0.120]
[2026-05-07 20:35:35]   [115/1200] idx=5005 true=4(STANDING) pred=4(STANDING)[✓] ent=0.943 top=[4:0.740,3:0.120]
[2026-05-07 20:35:35]   进度: 115/1200, 准确率=70.4%, 已保存
[2026-05-07 20:35:42]   [116/1200] idx=2168 true=3(SITTING) pred=3(SITTING)[✓] ent=1.083 top=[3:0.680,4:0.150]
[2026-05-07 20:35:50]   [117/1200] idx=617 true=3(SITTING) pred=3(SITTING)[✓] ent=0.977 top=[3:0.720,4:0.140]
[2026-05-07 20:35:57]   [118/1200] idx=2995 true=2(WALKING_DOWN) pred=2(WALKING_DOWN)[✓] ent=0.811 top=[2:0.800,0:0.050]
[2026-05-07 20:36:02]   [119/1200] idx=1260 true=2(WALKING_DOWN) pred=2(WALKING_DOWN)[✓] ent=1.087 top=[2:0.700,0:0.080]
[2026-05-07 20:36:10]   [120/1200] idx=3243 true=4(STANDING) pred=4(STANDING)[✓] ent=0.943 top=[4:0.740,3:0.120]
[2026-05-07 20:36:10]   进度: 120/1200, 准确率=71.7%, 已保存
[2026-05-07 20:36:17]   [121/1200] idx=3030 true=4(STANDING) pred=4(STANDING)[✓] ent=0.993 top=[4:0.720,3:0.120]
[2026-05-07 20:36:26]   [122/1200] idx=4821 true=0(WALKING) pred=0(WALKING)[✓] ent=1.190 top=[0:0.650,1:0.100]
[2026-05-07 20:36:32]   [123/1200] idx=1240 true=1(WALKING_UP) pred=0(WALKING)[✗] ent=1.249 top=[0:0.620,1:0.120]
[2026-05-07 20:36:37]   [124/1200] idx=3462 true=5(LAYING) pred=5(LAYING)[✓] ent=0.622 top=[5:0.860,3:0.040]
[2026-05-07 20:36:43]   [125/1200] idx=1712 true=1(WALKING_UP) pred=1(WALKING_UP)[✓] ent=1.330 top=[1:0.580,0:0.120]
[2026-05-07 20:36:43]   进度: 125/1200, 准确率=72.0%, 已保存
[2026-05-07 20:36:51]   [126/1200] idx=3212 true=4(STANDING) pred=4(STANDING)[✓] ent=0.993 top=[4:0.720,3:0.120]
[2026-05-07 20:36:58]   [127/1200] idx=4518 true=3(SITTING) pred=3(SITTING)[✓] ent=0.941 top=[3:0.720,4:0.160]
[2026-05-07 20:37:04]   [128/1200] idx=1137 true=4(STANDING) pred=4(STANDING)[✓] ent=0.772 top=[4:0.800,3:0.100]
[2026-05-07 20:37:17]   [129/1200] idx=2684 true=3(SITTING) pred=4(STANDING)[✗] ent=1.079 top=[4:0.700,3:0.100]
[2026-05-07 20:37:23]   [130/1200] idx=1649 true=2(WALKING_DOWN) pred=2(WALKING_DOWN)[✓] ent=1.198 top=[2:0.650,5:0.100]
[2026-05-07 20:37:23]   进度: 130/1200, 准确率=72.3%, 已保存
[2026-05-07 20:37:29]   [131/1200] idx=2917 true=4(STANDING) pred=4(STANDING)[✓] ent=0.943 top=[4:0.740,3:0.120]
[2026-05-07 20:37:37]   [132/1200] idx=4288 true=5(LAYING) pred=5(LAYING)[✓] ent=0.622 top=[5:0.860,3:0.040]
[2026-05-07 20:37:45]   [133/1200] idx=4296 true=0(WALKING) pred=0(WALKING)[✓] ent=1.249 top=[0:0.620,1:0.120]
[2026-05-07 20:37:54]   [134/1200] idx=250 true=5(LAYING) pred=5(LAYING)[✓] ent=0.622 top=[5:0.860,3:0.040]
[2026-05-07 20:38:06]   [135/1200] idx=273 true=1(WALKING_UP) pred=1(WALKING_UP)[✓] ent=1.347 top=[1:0.580,0:0.120]
[2026-05-07 20:38:06]   进度: 135/1200, 准确率=73.3%, 已保存
[2026-05-07 20:38:11]   [136/1200] idx=3149 true=5(LAYING) pred=5(LAYING)[✓] ent=0.486 top=[5:0.900,0:0.020]
[2026-05-07 20:38:17]   [137/1200] idx=3921 true=2(WALKING_DOWN) pred=2(WALKING_DOWN)[✓] ent=1.136 top=[2:0.680,0:0.080]
[2026-05-07 20:38:25]   [138/1200] idx=4959 true=0(WALKING) pred=0(WALKING)[✓] ent=1.255 top=[0:0.620,1:0.120]
[2026-05-07 20:38:32]   [139/1200] idx=492 true=1(WALKING_UP) pred=1(WALKING_UP)[✓] ent=1.347 top=[1:0.580,0:0.120]
[2026-05-07 20:38:42]   [140/1200] idx=3892 true=0(WALKING) pred=0(WALKING)[✓] ent=1.258 top=[0:0.620,1:0.120]
[2026-05-07 20:38:42]   进度: 140/1200, 准确率=74.3%, 已保存
[2026-05-07 20:38:51]   [141/1200] idx=3988 true=4(STANDING) pred=4(STANDING)[✓] ent=1.164 top=[4:0.650,3:0.150]
[2026-05-07 20:38:59]   [142/1200] idx=1346 true=2(WALKING_DOWN) pred=2(WALKING_DOWN)[✓] ent=1.255 top=[2:0.620,1:0.120]
[2026-05-07 20:39:07]   [143/1200] idx=4059 true=4(STANDING) pred=4(STANDING)[✓] ent=1.006 top=[4:0.720,3:0.120]
[2026-05-07 20:39:14]   [144/1200] idx=542 true=5(LAYING) pred=5(LAYING)[✓] ent=0.558 top=[5:0.880,3:0.030]
[2026-05-07 20:39:21]   [145/1200] idx=171 true=1(WALKING_UP) pred=1(WALKING_UP)[✓] ent=1.330 top=[1:0.580,0:0.120]
[2026-05-07 20:39:21]   进度: 145/1200, 准确率=75.2%, 已保存
[2026-05-07 20:39:31]   [146/1200] idx=1523 true=4(STANDING) pred=4(STANDING)[✓] ent=0.943 top=[4:0.740,3:0.120]
[2026-05-07 20:39:44]   [147/1200] idx=2919 true=3(SITTING) pred=3(SITTING)[✓] ent=1.006 top=[3:0.720,4:0.120]
[2026-05-07 20:39:51]   [148/1200] idx=5703 true=4(STANDING) pred=4(STANDING)[✓] ent=1.079 top=[4:0.700,3:0.100]
[2026-05-07 20:39:58]   [149/1200] idx=3790 true=2(WALKING_DOWN) pred=2(WALKING_DOWN)[✓] ent=1.087 top=[2:0.700,0:0.080]
[2026-05-07 20:40:04]   [150/1200] idx=1389 true=4(STANDING) pred=4(STANDING)[✓] ent=1.164 top=[4:0.650,3:0.150]
[2026-05-07 20:40:04]   进度: 150/1200, 准确率=76.0%, 已保存
[2026-05-07 20:40:22]   [151/1200] idx=3384 true=0(WALKING) pred=0(WALKING)[✓] ent=1.198 top=[0:0.650,4:0.100]
[2026-05-07 20:40:31]   [152/1200] idx=4108 true=1(WALKING_UP) pred=0(WALKING)[✗] ent=1.249 top=[0:0.620,1:0.120]
[2026-05-07 20:40:38]   [153/1200] idx=4637 true=1(WALKING_UP) pred=0(WALKING)[✗] ent=1.255 top=[0:0.620,1:0.120]
[2026-05-07 20:40:50]   [154/1200] idx=4877 true=3(SITTING) pred=4(STANDING)[✗] ent=0.864 top=[4:0.750,3:0.150]
[2026-05-07 20:40:57]   [155/1200] idx=1052 true=5(LAYING) pred=5(LAYING)[✓] ent=0.622 top=[5:0.860,3:0.040]
[2026-05-07 20:40:57]   进度: 155/1200, 准确率=74.8%, 已保存
[2026-05-07 20:41:05]   [156/1200] idx=5242 true=0(WALKING) pred=0(WALKING)[✓] ent=1.258 top=[0:0.620,1:0.120]
[2026-05-07 20:41:11]   [157/1200] idx=1360 true=1(WALKING_UP) pred=1(WALKING_UP)[✓] ent=1.297 top=[1:0.600,0:0.100]
[2026-05-07 20:41:19]   [158/1200] idx=1964 true=0(WALKING) pred=2(WALKING_DOWN)[✗] ent=1.297 top=[2:0.600,0:0.100]
[2026-05-07 20:41:29]   [159/1200] idx=3548 true=1(WALKING_UP) pred=1(WALKING_UP)[✓] ent=1.330 top=[1:0.580,0:0.120]
[2026-05-07 20:41:36]   [160/1200] idx=5353 true=3(SITTING) pred=4(STANDING)[✗] ent=1.164 top=[4:0.650,3:0.150]
[2026-05-07 20:41:36]   进度: 160/1200, 准确率=74.4%, 已保存
[2026-05-07 20:41:44]   [161/1200] idx=3387 true=2(WALKING_DOWN) pred=2(WALKING_DOWN)[✓] ent=1.297 top=[2:0.600,0:0.100]
[2026-05-07 20:41:52]   [162/1200] idx=1000 true=5(LAYING) pred=5(LAYING)[✓] ent=0.622 top=[5:0.860,3:0.040]
[2026-05-07 20:42:01]   [163/1200] idx=2824 true=1(WALKING_UP) pred=0(WALKING)[✗] ent=1.258 top=[0:0.620,1:0.120]
[2026-05-07 20:42:06]   [164/1200] idx=2840 true=0(WALKING) pred=2(WALKING_DOWN)[✗] ent=1.087 top=[2:0.700,0:0.080]
[2026-05-07 20:42:15]   [165/1200] idx=3741 true=4(STANDING) pred=4(STANDING)[✓] ent=0.993 top=[4:0.720,3:0.120]
[2026-05-07 20:42:15]   进度: 165/1200, 准确率=73.9%, 已保存
[2026-05-07 20:42:24]   [166/1200] idx=2374 true=5(LAYING) pred=5(LAYING)[✓] ent=0.486 top=[5:0.900,0:0.020]
[2026-05-07 20:42:33]   [167/1200] idx=444 true=2(WALKING_DOWN) pred=2(WALKING_DOWN)[✓] ent=1.267 top=[2:0.620,5:0.100]
[2026-05-07 20:42:40]   [168/1200] idx=4293 true=3(SITTING) pred=4(STANDING)[✗] ent=0.799 top=[4:0.780,3:0.130]
[2026-05-07 20:42:47]   [169/1200] idx=5026 true=1(WALKING_UP) pred=0(WALKING)[✗] ent=1.255 top=[0:0.620,1:0.120]
[2026-05-07 20:42:52]   [170/1200] idx=936 true=2(WALKING_DOWN) pred=2(WALKING_DOWN)[✓] ent=0.965 top=[2:0.750,0:0.050]
[2026-05-07 20:42:52]   进度: 170/1200, 准确率=73.5%, 已保存
[2026-05-07 20:43:04]   [171/1200] idx=5588 true=5(LAYING) pred=5(LAYING)[✓] ent=0.622 top=[5:0.860,3:0.040]
[2026-05-07 20:43:12]   [172/1200] idx=4739 true=2(WALKING_DOWN) pred=2(WALKING_DOWN)[✓] ent=1.136 top=[2:0.680,0:0.080]
[2026-05-07 20:43:17]   [173/1200] idx=2074 true=0(WALKING) pred=1(WALKING_UP)[✗] ent=1.297 top=[1:0.600,0:0.100]
[2026-05-07 20:43:24]   [174/1200] idx=1680 true=5(LAYING) pred=5(LAYING)[✓] ent=0.681 top=[5:0.840,3:0.050]
[2026-05-07 20:43:32]   [175/1200] idx=2397 true=4(STANDING) pred=4(STANDING)[✓] ent=0.943 top=[4:0.740,3:0.120]
[2026-05-07 20:43:32]   进度: 175/1200, 准确率=73.7%, 已保存
[2026-05-07 20:43:40]   [176/1200] idx=138 true=3(SITTING) pred=3(SITTING)[✓] ent=0.977 top=[3:0.720,4:0.140]
[2026-05-07 20:43:46]   [177/1200] idx=5862 true=5(LAYING) pred=5(LAYING)[✓] ent=0.486 top=[5:0.900,0:0.020]
[2026-05-07 20:43:55]   [178/1200] idx=4282 true=4(STANDING) pred=4(STANDING)[✓] ent=0.943 top=[4:0.740,3:0.120]
[2026-05-07 20:44:02]   [179/1200] idx=4885 true=0(WALKING) pred=1(WALKING_UP)[✗] ent=1.340 top=[1:0.580,0:0.120]
[2026-05-07 20:44:14]   [180/1200] idx=4705 true=2(WALKING_DOWN) pred=2(WALKING_DOWN)[✓] ent=0.811 top=[2:0.800,0:0.050]
[2026-05-07 20:44:14]   进度: 180/1200, 准确率=73.9%, 已保存
[2026-05-07 20:44:25]   [181/1200] idx=297 true=4(STANDING) pred=4(STANDING)[✓] ent=1.164 top=[4:0.650,3:0.150]
[2026-05-07 20:44:32]   [182/1200] idx=781 true=4(STANDING) pred=0(WALKING)[✗] ent=1.258 top=[0:0.620,1:0.110]
[2026-05-07 20:44:38]   [183/1200] idx=4218 true=3(SITTING) pred=3(SITTING)[✓] ent=0.977 top=[3:0.720,4:0.140]
[2026-05-07 20:44:44]   [184/1200] idx=3781 true=2(WALKING_DOWN) pred=2(WALKING_DOWN)[✓] ent=1.297 top=[2:0.600,0:0.100]
[2026-05-07 20:44:50]   [185/1200] idx=3956 true=2(WALKING_DOWN) pred=2(WALKING_DOWN)[✓] ent=1.087 top=[2:0.700,0:0.080]
[2026-05-07 20:44:50]   进度: 185/1200, 准确率=74.1%, 已保存
[2026-05-07 20:44:57]   [186/1200] idx=2950 true=5(LAYING) pred=5(LAYING)[✓] ent=0.486 top=[5:0.900,0:0.020]
[2026-05-07 20:45:03]   [187/1200] idx=3129 true=5(LAYING) pred=5(LAYING)[✓] ent=0.622 top=[5:0.860,3:0.040]
[2026-05-07 20:45:12]   [188/1200] idx=3199 true=3(SITTING) pred=0(WALKING)[✗] ent=1.190 top=[0:0.650,1:0.100]
[2026-05-07 20:45:23]   [189/1200] idx=5264 true=0(WALKING) pred=0(WALKING)[✓] ent=1.238 top=[0:0.620,1:0.120]
[2026-05-07 20:45:33]   [190/1200] idx=5568 true=5(LAYING) pred=5(LAYING)[✓] ent=0.622 top=[5:0.860,3:0.040]
[2026-05-07 20:45:33]   进度: 190/1200, 准确率=74.2%, 已保存
[2026-05-07 20:45:40]   [191/1200] idx=5415 true=5(LAYING) pred=5(LAYING)[✓] ent=0.558 top=[5:0.880,3:0.030]
[2026-05-07 20:45:50]   [192/1200] idx=454 true=3(SITTING) pred=4(STANDING)[✗] ent=0.943 top=[4:0.740,3:0.120]
[2026-05-07 20:45:57]   [193/1200] idx=1078 true=4(STANDING) pred=4(STANDING)[✓] ent=0.943 top=[4:0.740,3:0.120]
[2026-05-07 20:46:03]   [194/1200] idx=2378 true=1(WALKING_UP) pred=1(WALKING_UP)[✓] ent=1.373 top=[1:0.550,0:0.150]
[2026-05-07 20:46:09]   [195/1200] idx=1502 true=1(WALKING_UP) pred=0(WALKING)[✗] ent=1.190 top=[0:0.650,1:0.100]
[2026-05-07 20:46:09]   进度: 195/1200, 准确率=73.8%, 已保存
[2026-05-07 20:46:15]   [196/1200] idx=5217 true=2(WALKING_DOWN) pred=2(WALKING_DOWN)[✓] ent=1.087 top=[2:0.700,0:0.080]
[2026-05-07 20:46:25]   [197/1200] idx=2251 true=4(STANDING) pred=4(STANDING)[✓] ent=0.942 top=[4:0.720,3:0.150]
[2026-05-07 20:46:34]   [198/1200] idx=4388 true=1(WALKING_UP) pred=1(WALKING_UP)[✓] ent=1.340 top=[1:0.580,0:0.120]
[2026-05-07 20:46:38]   [199/1200] idx=2172 true=5(LAYING) pred=5(LAYING)[✓] ent=0.558 top=[5:0.880,3:0.030]
[2026-05-07 20:46:44]   [200/1200] idx=4964 true=0(WALKING) pred=1(WALKING_UP)[✗] ent=1.340 top=[1:0.580,0:0.120]
[2026-05-07 20:46:44]   100轮: 148/200(74.0%) WALKING=18/35(51%) WALKING_UP=22/36(61%) WALKING_DOWN=27/31(87%) SITTING=17/30(57%) STANDING=30/32(94%) LAYING=34/36(94%)
[2026-05-07 20:46:44]   进度: 200/1200, 准确率=74.0%, 已保存
[2026-05-07 20:46:54]   [201/1200] idx=1460 true=3(SITTING) pred=3(SITTING)[✓] ent=0.845 top=[3:0.780,4:0.100]
[2026-05-07 20:47:02]   [202/1200] idx=5403 true=3(SITTING) pred=3(SITTING)[✓] ent=1.193 top=[3:0.620,4:0.180]
[2026-05-07 20:47:06]   [203/1200] idx=5519 true=0(WALKING) pred=1(WALKING_UP)[✗] ent=1.339 top=[1:0.580,0:0.120]
[2026-05-07 20:47:13]   [204/1200] idx=2901 true=2(WALKING_DOWN) pred=2(WALKING_DOWN)[✓] ent=1.087 top=[2:0.700,0:0.080]
[2026-05-07 20:47:24]   [205/1200] idx=2746 true=2(WALKING_DOWN) pred=2(WALKING_DOWN)[✓] ent=1.190 top=[2:0.650,0:0.100]
[2026-05-07 20:47:24]   进度: 205/1200, 准确率=74.1%, 已保存
[2026-05-07 20:47:30]   [206/1200] idx=1043 true=4(STANDING) pred=4(STANDING)[✓] ent=1.190 top=[4:0.650,3:0.100]
[2026-05-07 20:47:37]   [207/1200] idx=1796 true=4(STANDING) pred=4(STANDING)[✓] ent=1.164 top=[4:0.650,3:0.150]
[2026-05-07 20:47:45]   [208/1200] idx=2967 true=5(LAYING) pred=5(LAYING)[✓] ent=0.486 top=[5:0.900,0:0.020]
[2026-05-07 20:47:53]   [209/1200] idx=4074 true=3(SITTING) pred=4(STANDING)[✗] ent=0.943 top=[4:0.740,3:0.120]
[2026-05-07 20:48:00]   [210/1200] idx=1623 true=5(LAYING) pred=5(LAYING)[✓] ent=0.486 top=[5:0.900,0:0.020]
[2026-05-07 20:48:00]   进度: 210/1200, 准确率=74.3%, 已保存
[2026-05-07 20:48:07]   [211/1200] idx=1885 true=0(WALKING) pred=0(WALKING)[✓] ent=1.249 top=[0:0.620,1:0.120]
[2026-05-07 20:48:15]   [212/1200] idx=2877 true=0(WALKING) pred=1(WALKING_UP)[✗] ent=1.347 top=[1:0.580,0:0.120]
[2026-05-07 20:48:22]   [213/1200] idx=2787 true=2(WALKING_DOWN) pred=2(WALKING_DOWN)[✓] ent=1.136 top=[2:0.680,0:0.080]
[2026-05-07 20:48:31]   [214/1200] idx=3478 true=4(STANDING) pred=4(STANDING)[✓] ent=0.943 top=[4:0.740,3:0.120]
[2026-05-07 20:48:38]   [215/1200] idx=1204 true=2(WALKING_DOWN) pred=0(WALKING)[✗] ent=1.172 top=[0:0.650,1:0.120]
[2026-05-07 20:48:38]   进度: 215/1200, 准确率=74.0%, 已保存
[2026-05-07 20:48:47]   [216/1200] idx=2025 true=4(STANDING) pred=4(STANDING)[✓] ent=0.864 top=[4:0.750,3:0.150]
[2026-05-07 20:48:57]   [217/1200] idx=4832 true=0(WALKING) pred=0(WALKING)[✓] ent=1.249 top=[0:0.620,1:0.120]
[2026-05-07 20:49:09]   [218/1200] idx=4497 true=4(STANDING) pred=4(STANDING)[✓] ent=0.772 top=[4:0.800,3:0.100]
[2026-05-07 20:49:17]   [219/1200] idx=5562 true=1(WALKING_UP) pred=1(WALKING_UP)[✓] ent=1.297 top=[1:0.600,0:0.100]
[2026-05-07 20:49:24]   [220/1200] idx=47 true=3(SITTING) pred=3(SITTING)[✓] ent=1.164 top=[3:0.650,4:0.150]
[2026-05-07 20:49:24]   进度: 220/1200, 准确率=74.5%, 已保存
[2026-05-07 20:49:32]   [221/1200] idx=4510 true=1(WALKING_UP) pred=1(WALKING_UP)[✓] ent=1.347 top=[1:0.580,0:0.120]
