
=== HARTH - V3 ===
Start time: 2026-04-28 23:43:19
Dataset config: {'classes': 6, 'cn': ['左立', '走路', '上楼', '下楼', '右立', '站立'], 'loader': 'load_harth', 'channels': 3, 'max_train': 20000}

Data: Train=22744, Val=5686, Test=7108
[Limit] Max train: 20000
Model: CNN1D, in_dim=128, n_cls=6
Soft labels truncated: 22744 -> 20000
Soft labels: /home/fandy/workplace/thesis/results/soft_labels/harth_soft.npy, shape=(20000, 6)
[SKIP Stage1] 跳过纯CNN训练，直接用已有权重 (val_acc=85.58%)
[LOAD] harth_pure_cnn_best.pt

[S1] Loaded: val=85.58% test=85.85%
[S1] Per-class acc: {'左立': 0.9107587064676617, '走路': 0.9732360097323601, '上楼': 0.4317241379310345, '下楼': 0.7295918367346939, '右立': 0.6888888888888889, '站立': 0.9106145251396648}

=== Stage 2: V3 Distillation (T=1.5, alpha=0.85) ===
[S2] ep 10: loss=0.2285 val=85.7% best_val=85.9%
[S2] ep 20: loss=0.1993 val=85.8% best_val=85.9%
[S2] ep 30: loss=0.1900 val=85.8% best_val=85.9%
[S2] ep 40: loss=0.1779 val=85.0% best_val=85.9%
[S2] ep 50: loss=0.1598 val=85.4% best_val=85.9%
[S2] ep 60: loss=0.1491 val=84.9% best_val=85.9%
[S2] ep 70: loss=0.1433 val=84.3% best_val=85.9%
[S2] ep 80: loss=0.1412 val=84.3% best_val=85.9%
[S2] ep 90: loss=0.1394 val=84.4% best_val=85.9%
[S2] ep100: loss=0.1449 val=84.3% best_val=85.9%
[S2] ep110: loss=0.1408 val=84.0% best_val=85.9%
[S2] ep120: loss=0.1374 val=84.1% best_val=85.9%
[S2] ep130: loss=0.1344 val=84.3% best_val=85.9%
[S2] ep140: loss=0.1329 val=84.0% best_val=85.9%
[S2] ep150: loss=0.1317 val=84.0% best_val=85.9%
[S2] ep160: loss=0.1308 val=84.6% best_val=85.9%
[S2] ep170: loss=0.1300 val=84.6% best_val=85.9%
[S2] ep180: loss=0.1292 val=84.4% best_val=85.9%
[S2] ep190: loss=0.1288 val=84.4% best_val=85.9%
[S2] ep200: loss=0.1287 val=84.4% best_val=85.9%
[S2] ep210: loss=0.1285 val=84.2% best_val=85.9%
[S2] ep220: loss=0.1342 val=84.3% best_val=85.9%
[S2] ep230: loss=0.1311 val=84.1% best_val=85.9%
[S2] ep240: loss=0.1318 val=84.0% best_val=85.9%
[S2] ep250: loss=0.1300 val=84.3% best_val=85.9%
[S2] ep260: loss=0.1298 val=84.2% best_val=85.9%
[S2] ep270: loss=0.1288 val=83.5% best_val=85.9%
[S2] ep280: loss=0.1283 val=84.0% best_val=85.9%
[S2] ep290: loss=0.1285 val=84.4% best_val=85.9%
[S2] ep300: loss=0.1284 val=83.8% best_val=85.9%

V3 Final: val=85.93% test=86.42%
[V3] Per-class acc: {'左立': 0.9306592039800995, '走路': 0.9720194647201946, '上楼': 0.4910344827586207, '下楼': 0.7091836734693877, '右立': 0.7166666666666667, '站立': 0.8770949720670391}

Total time: 63.6min
End time: 2026-04-29 00:47:09
