
=== HARTH - V1 ===
Start time: 2026-04-28 21:12:34
Dataset config: {'classes': 6, 'cn': ['左立', '走路', '上楼', '下楼', '右立', '站立'], 'loader': 'load_harth', 'channels': 3, 'max_train': 20000}

Data: Train=22744, Val=5686, Test=7108
[Limit] Max train: 20000
Model: CNN1D, in_dim=128, n_cls=6
Soft labels truncated: 22744 -> 20000
Soft labels: /home/fandy/workplace/thesis/results/soft_labels/harth_soft.npy, shape=(20000, 6)
[SKIP Stage1] 跳过纯CNN训练，直接用已有权重 (val_acc=85.58%)
[LOAD] harth_pure_cnn_best.pt

[S1] Loaded: val=85.58% test=85.86%
[S1] Per-class acc: {'左立': 0.9110696517412935, '走路': 0.9732360097323601, '上楼': 0.4317241379310345, '下楼': 0.7295918367346939, '右立': 0.6888888888888889, '站立': 0.9106145251396648}

=== Stage 2: V1 Distillation (T=3.0, alpha=0.6) ===
[S2] ep 10: loss=0.2867 val=85.4% best_val=85.6%
[S2] ep 20: loss=0.2593 val=85.6% best_val=85.9%
[S2] ep 30: loss=0.2518 val=85.9% best_val=85.9%
[S2] ep 40: loss=0.2386 val=84.9% best_val=85.9%
[S2] ep 50: loss=0.2256 val=85.3% best_val=85.9%
[S2] ep 60: loss=0.2179 val=84.8% best_val=85.9%
[S2] ep 70: loss=0.2137 val=84.6% best_val=85.9%
[S2] ep 80: loss=0.2114 val=84.7% best_val=85.9%
[S2] ep 90: loss=0.2109 val=84.6% best_val=85.9%
[S2] ep100: loss=0.2149 val=84.3% best_val=85.9%
[S2] ep110: loss=0.2115 val=84.6% best_val=85.9%
[S2] ep120: loss=0.2089 val=84.6% best_val=85.9%
[S2] ep130: loss=0.2059 val=84.2% best_val=85.9%
[S2] ep140: loss=0.2048 val=84.4% best_val=85.9%
[S2] ep150: loss=0.2036 val=84.3% best_val=85.9%
[S2] ep160: loss=0.2031 val=84.6% best_val=85.9%
[S2] ep170: loss=0.2022 val=84.3% best_val=85.9%
[S2] ep180: loss=0.2023 val=84.5% best_val=85.9%
[S2] ep190: loss=0.2016 val=84.3% best_val=85.9%
[S2] ep200: loss=0.2015 val=84.5% best_val=85.9%
[S2] ep210: loss=0.2013 val=84.7% best_val=85.9%
[S2] ep220: loss=0.2054 val=84.1% best_val=85.9%
[S2] ep230: loss=0.2048 val=84.0% best_val=85.9%
[S2] ep240: loss=0.2035 val=84.3% best_val=85.9%
[S2] ep250: loss=0.2034 val=84.5% best_val=85.9%
[S2] ep260: loss=0.2035 val=84.5% best_val=85.9%
[S2] ep270: loss=0.2028 val=84.2% best_val=85.9%
[S2] ep280: loss=0.2013 val=84.4% best_val=85.9%
[S2] ep290: loss=0.2008 val=84.1% best_val=85.9%
[S2] ep300: loss=0.2002 val=84.2% best_val=85.9%

V1 Final: val=85.95% test=86.28%
[V1] Per-class acc: {'左立': 0.9291044776119403, '走路': 0.975669099756691, '上楼': 0.4413793103448276, '下楼': 0.6581632653061225, '右立': 0.7111111111111111, '站立': 0.8969019807008634}

Total time: 64.1min
End time: 2026-04-28 22:16:53
