
=== KUHAR - V3 ===
Start time: 2026-04-28 15:31:54
Dataset config: {'classes': 18, 'cn': ['Stand', 'Sit', 'Talk-sit', 'Talk-stand', 'Stand-sit', 'Lay', 'Lay-stand', 'Pick', 'Jump', 'Push-up', 'Sit-up', 'Walk', 'Walk-backwards', 'Walk-circle', 'Run', 'Stair-up', 'Stair-down', 'Table-tennis'], 'loader': 'load_kuhar', 'channels': 8, 'max_train': 20000}

Data: Train=61210, Val=15303, Test=19129
[Limit] Max train: 20000
Model: CNN1D, in_dim=128, n_cls=18
Soft labels truncated: 61210 -> 20000
Soft labels: /home/fandy/workplace/thesis/results/soft_labels/kuhar_soft.npy, shape=(20000, 18)
[SKIP Stage1] 跳过纯CNN训练，直接用已有权重 (val_acc=94.13%)
[LOAD] kuhar_pure_cnn_best.pt

[S1] Loaded: val=94.13% test=93.94%
[S1] Per-class acc: {'Stand': 0.9075678798382438, 'Sit': 0.9213744903902155, 'Talk-sit': 0.9076644538322269, 'Talk-stand': 0.9685863874345549, 'Stand-sit': 0.9765425803161653, 'Lay': 0.9092526690391459, 'Lay-stand': 0.9250936329588015, 'Pick': 0.9549918166939444, 'Jump': 0.9826498422712934, 'Push-up': 0.9611231101511879, 'Sit-up': 0.9382845188284519, 'Walk': 0.9574742268041238, 'Walk-backwards': 0.9786476868327402, 'Walk-circle': 0.8841201716738197, 'Run': 0.9397810218978102, 'Stair-up': 0.9431524547803618, 'Stair-down': 0.9402390438247012, 'Table-tennis': 0.9807692307692307}

=== Stage 2: V3 Distillation (T=1.5, alpha=0.85) ===
[S2] ep 10: loss=0.5491 val=93.0% best_val=93.0%
[S2] ep 20: loss=0.4579 val=93.2% best_val=94.0%
[S2] ep 30: loss=0.4492 val=92.5% best_val=94.0%
[S2] ep 40: loss=0.3832 val=94.1% best_val=94.1%
[S2] ep 50: loss=0.3490 val=94.6% best_val=94.9%
[S2] ep 60: loss=0.3296 val=94.7% best_val=94.9%
[S2] ep 70: loss=0.3165 val=94.4% best_val=94.9%
[S2] ep 80: loss=0.3119 val=94.6% best_val=94.9%
[S2] ep 90: loss=0.3104 val=95.1% best_val=95.1%
[S2] ep100: loss=0.3046 val=94.9% best_val=95.1%
[S2] ep110: loss=0.2945 val=94.3% best_val=95.2%
[S2] ep120: loss=0.2828 val=95.1% best_val=95.2%
[S2] ep130: loss=0.2756 val=94.9% best_val=95.2%
[S2] ep140: loss=0.2689 val=94.3% best_val=95.2%
[S2] ep150: loss=0.2671 val=95.1% best_val=95.3%
[S2] ep160: loss=0.2624 val=94.6% best_val=95.3%
[S2] ep170: loss=0.2607 val=95.1% best_val=95.3%
[S2] ep180: loss=0.2574 val=95.3% best_val=95.3%
[S2] ep190: loss=0.2572 val=94.9% best_val=95.4%
[S2] ep200: loss=0.2563 val=95.2% best_val=95.4%
[S2] ep210: loss=0.2555 val=95.2% best_val=95.4%
[S2] ep220: loss=0.2623 val=95.3% best_val=95.4%
[S2] ep230: loss=0.2574 val=94.4% best_val=95.4%
[S2] ep240: loss=0.2540 val=94.6% best_val=95.4%
[S2] ep250: loss=0.2515 val=94.5% best_val=95.4%
[S2] ep260: loss=0.2488 val=95.2% best_val=95.4%
[S2] ep270: loss=0.2452 val=95.2% best_val=95.4%
[S2] ep280: loss=0.2428 val=94.0% best_val=95.4%
[S2] ep290: loss=0.2412 val=94.9% best_val=95.4%
[S2] ep300: loss=0.2409 val=95.0% best_val=95.4%

V3 Final: val=95.41% test=95.21%
[V3] Per-class acc: {'Stand': 0.9179664933564413, 'Sit': 0.9458357600465929, 'Talk-sit': 0.9233554616777309, 'Talk-stand': 0.9808027923211169, 'Stand-sit': 0.9770525242223356, 'Lay': 0.9365361803084223, 'Lay-stand': 0.9450686641697877, 'Pick': 0.9631751227495908, 'Jump': 0.9842271293375394, 'Push-up': 0.9762419006479481, 'Sit-up': 0.948744769874477, 'Walk': 0.9600515463917526, 'Walk-backwards': 0.9715302491103203, 'Walk-circle': 0.9184549356223176, 'Run': 0.9562043795620438, 'Stair-up': 0.937984496124031, 'Stair-down': 0.9654714475431607, 'Table-tennis': 0.9759615384615384}

Total time: 79.3min
End time: 2026-04-28 16:51:25
