
=== MOTIONSENSE - PURE_CNN ===
Start time: 2026-04-28 12:18:14
Dataset config: {'classes': 6, 'cn': ['downstairs', 'jogging', 'sitting', 'standing', 'upstairs', 'walking'], 'loader': 'load_motionsense', 'channels': 3, 'max_train': 11000}

Data: Train=13993, Val=3499, Test=4373
[Limit] Max train: 11000
Model: CNN1D, in_dim=128, n_cls=6
Soft labels: one-hot (pure_cnn mode)

=== Stage 1: 纯CNN训练 (300 epochs) ===
[S1] ep 10: loss=0.0139 val=98.6% best_val=98.6%
[S1] ep 20: loss=0.0026 val=98.9% best_val=98.9%
[S1] ep 30: loss=0.0106 val=98.2% best_val=98.9%
[S1] ep 40: loss=0.0053 val=98.5% best_val=99.0%
[S1] ep 50: loss=0.0006 val=98.6% best_val=99.1%
[S1] ep 60: loss=0.0007 val=98.9% best_val=99.1%
[S1] ep 70: loss=0.0047 val=98.9% best_val=99.1%
[S1] ep 80: loss=0.0036 val=98.7% best_val=99.1%
[S1] ep 90: loss=0.0015 val=98.8% best_val=99.1%
[S1] ep100: loss=0.0003 val=98.8% best_val=99.1%
[S1] ep110: loss=0.0002 val=98.8% best_val=99.1%
[S1] ep120: loss=0.0002 val=98.9% best_val=99.1%
