
=== MOTIONSENSE_DM - V2 ===
Start time: 2026-04-28 05:03:02
Dataset config: {'classes': 6, 'cn': ['downstairs', 'jogging', 'sitting', 'standing', 'upstairs', 'walking'], 'loader': 'load_motionsense_dm', 'channels': 3, 'max_train': 10000}

Data: Train=13784, Val=3447, Test=4308
[Limit] Max train: 10000
Model: CNN1D, in_dim=128, n_cls=6
Soft labels truncated: 13784 -> 10000
Soft labels: /home/fandy/workplace/thesis/results/soft_labels/motionsense_dm_soft.npy, shape=(10000, 6)
[SKIP Stage1] 跳过纯CNN训练，直接用已有权重 (val_acc=98.43%)
[LOAD] motionsense_dm_pure_cnn_best.pt

[S1] Loaded: val=98.43% test=98.21%
[S1] Per-class acc: {'downstairs': 0.9514066496163683, 'jogging': 0.9925925925925926, 'sitting': 0.9923371647509579, 'standing': 0.9872746553552492, 'upstairs': 0.948936170212766, 'walking': 0.9895734597156398}

=== Stage 2: V2 Distillation (T=2.5, alpha=0.8) ===
[S2] ep 10: loss=0.2716 val=96.7% best_val=97.0%
[S2] ep 20: loss=0.2380 val=97.7% best_val=97.8%
[S2] ep 30: loss=0.2302 val=97.8% best_val=97.9%
[S2] ep 40: loss=0.2102 val=98.0% best_val=98.0%
[S2] ep 50: loss=0.1975 val=98.3% best_val=98.4%
[S2] ep 60: loss=0.1908 val=98.3% best_val=98.4%
[S2] ep 70: loss=0.1862 val=98.3% best_val=98.5%
[S2] ep 80: loss=0.1859 val=98.4% best_val=98.5%
[S2] ep 90: loss=0.1842 val=98.4% best_val=98.5%
[S2] ep100: loss=0.1830 val=98.2% best_val=98.5%
[S2] ep110: loss=0.1794 val=98.4% best_val=98.5%
[S2] ep120: loss=0.1750 val=98.3% best_val=98.5%
[S2] ep130: loss=0.1725 val=98.3% best_val=98.5%
[S2] ep140: loss=0.1698 val=98.5% best_val=98.5%
[S2] ep150: loss=0.1689 val=98.5% best_val=98.5%
[S2] ep160: loss=0.1682 val=98.6% best_val=98.6%
[S2] ep170: loss=0.1669 val=98.6% best_val=98.6%
[S2] ep180: loss=0.1666 val=98.5% best_val=98.6%
[S2] ep190: loss=0.1652 val=98.4% best_val=98.6%
[S2] ep200: loss=0.1657 val=98.5% best_val=98.6%
[S2] ep210: loss=0.1658 val=98.5% best_val=98.6%
[S2] ep220: loss=0.1671 val=98.5% best_val=98.6%
[S2] ep230: loss=0.1669 val=98.1% best_val=98.6%
[S2] ep240: loss=0.1658 val=98.4% best_val=98.6%
[S2] ep250: loss=0.1657 val=98.5% best_val=98.6%
[S2] ep260: loss=0.1657 val=98.3% best_val=98.6%
[S2] ep270: loss=0.1644 val=98.4% best_val=98.6%
[S2] ep280: loss=0.1633 val=98.3% best_val=98.6%
[S2] ep290: loss=0.1617 val=98.4% best_val=98.6%
[S2] ep300: loss=0.1617 val=98.5% best_val=98.7%

V2 Final: val=98.72% test=98.89%
[V2] Per-class acc: {'downstairs': 0.9744245524296675, 'jogging': 0.9950617283950617, 'sitting': 0.9932950191570882, 'standing': 0.9904559915164369, 'upstairs': 0.9765957446808511, 'walking': 0.9914691943127962}

Total time: 33.0min
End time: 2026-04-28 05:36:08
