
=== MOTIONSENSE_DM - PURE_CNN ===
Start time: 2026-04-28 03:52:42
Dataset config: {'classes': 6, 'cn': ['downstairs', 'jogging', 'sitting', 'standing', 'upstairs', 'walking'], 'loader': 'load_motionsense_dm', 'channels': 3, 'max_train': 10000}

Data: Train=13784, Val=3447, Test=4308
[Limit] Max train: 10000
Model: CNN1D, in_dim=128, n_cls=6
Soft labels: one-hot (pure_cnn mode)

=== Stage 1: 纯CNN训练 (300 epochs) ===
[S1] ep 10: loss=0.0675 val=89.8% best_val=89.8%
[S1] ep 20: loss=0.0399 val=93.8% best_val=94.3%
[S1] ep 30: loss=0.0398 val=94.4% best_val=94.5%
[S1] ep 40: loss=0.0268 val=95.6% best_val=95.6%
[S1] ep 50: loss=0.0171 val=97.0% best_val=97.0%
[S1] ep 60: loss=0.0131 val=97.4% best_val=97.4%
[S1] ep 70: loss=0.0289 val=94.9% best_val=97.4%
[S1] ep 80: loss=0.0232 val=96.8% best_val=97.4%
[S1] ep 90: loss=0.0178 val=96.7% best_val=97.5%
[S1] ep100: loss=0.0103 val=97.7% best_val=97.8%
[S1] ep110: loss=0.0079 val=98.0% best_val=98.0%
[S1] ep120: loss=0.0051 val=98.0% best_val=98.3%
[S1] ep130: loss=0.0036 val=98.2% best_val=98.3%
[S1] ep140: loss=0.0029 val=98.1% best_val=98.3%
[S1] ep150: loss=0.0119 val=96.9% best_val=98.3%
[S1] ep160: loss=0.0229 val=96.2% best_val=98.3%
[S1] ep170: loss=0.0141 val=97.5% best_val=98.3%
[S1] ep180: loss=0.0140 val=95.7% best_val=98.3%
[S1] ep190: loss=0.0076 val=97.8% best_val=98.3%
[S1] ep200: loss=0.0066 val=98.3% best_val=98.3%
[S1] ep210: loss=0.0087 val=97.9% best_val=98.3%
[S1] ep220: loss=0.0086 val=98.1% best_val=98.3%
[S1] ep230: loss=0.0034 val=97.9% best_val=98.3%
[S1] ep240: loss=0.0039 val=98.0% best_val=98.3%
[S1] ep250: loss=0.0032 val=98.1% best_val=98.3%
[S1] ep260: loss=0.0022 val=98.1% best_val=98.4%
[S1] ep270: loss=0.0016 val=98.1% best_val=98.4%
[S1] ep280: loss=0.0012 val=98.0% best_val=98.4%
[S1] ep290: loss=0.0021 val=98.2% best_val=98.4%
[S1] ep300: loss=0.0010 val=98.2% best_val=98.4%

[S1] Final: val=98.43% test=98.21%
[S1] Per-class acc: {'downstairs': 0.9514066496163683, 'jogging': 0.9925925925925926, 'sitting': 0.9932950191570882, 'standing': 0.9872746553552492, 'upstairs': 0.948936170212766, 'walking': 0.9886255924170616}

Total time: 37.2min
End time: 2026-04-28 04:30:01
