
=== MOTIONSENSE - V1 ===
Start time: 2026-04-28 02:02:21
Dataset config: {'classes': 6, 'cn': ['downstairs', 'jogging', 'sitting', 'standing', 'upstairs', 'walking'], 'loader': 'load_motionsense', 'channels': 3, 'max_train': 11000}

Data: Train=13993, Val=3499, Test=4373
[Limit] Max train: 11000
Model: CNN1D, in_dim=128, n_cls=6
Soft labels truncated: 13993 -> 11000
Soft labels: /home/fandy/workplace/thesis/results/soft_labels/motionsense_soft.npy, shape=(11000, 6)
[SKIP Stage1] 跳过纯CNN训练，直接用已有权重 (val_acc=99.00%)
[LOAD] motionsense_pure_cnn_best.pt

[S1] Loaded: val=99.00% test=98.72%
[S1] Per-class acc: {'downstairs': 0.9724310776942355, 'jogging': 0.9902912621359223, 'sitting': 1.0, 'standing': 1.0, 'upstairs': 0.9436325678496869, 'walking': 0.9869036482694107}

=== Stage 2: V1 Distillation (T=3.0, alpha=0.6) ===
[S2] ep 10: loss=0.3009 val=98.8% best_val=98.8%
[S2] ep 20: loss=0.2725 val=98.9% best_val=98.9%
[S2] ep 30: loss=0.2690 val=99.0% best_val=99.0%
[S2] ep 40: loss=0.2474 val=99.0% best_val=99.1%
[S2] ep 50: loss=0.2365 val=98.9% best_val=99.1%
[S2] ep 60: loss=0.2319 val=98.9% best_val=99.1%
[S2] ep 70: loss=0.2306 val=98.9% best_val=99.1%
[S2] ep 80: loss=0.2286 val=98.9% best_val=99.1%
[S2] ep 90: loss=0.2285 val=98.9% best_val=99.1%
[S2] ep100: loss=0.2266 val=98.9% best_val=99.1%
[S2] ep110: loss=0.2243 val=98.9% best_val=99.1%
[S2] ep120: loss=0.2226 val=99.1% best_val=99.1%
[S2] ep130: loss=0.2214 val=98.9% best_val=99.1%
[S2] ep140: loss=0.2211 val=98.9% best_val=99.1%
[S2] ep150: loss=0.2201 val=99.0% best_val=99.1%
[S2] ep160: loss=0.2206 val=99.0% best_val=99.1%
[S2] ep170: loss=0.2196 val=99.1% best_val=99.1%
[S2] ep180: loss=0.2195 val=99.0% best_val=99.1%
[S2] ep190: loss=0.2194 val=99.0% best_val=99.1%
[S2] ep200: loss=0.2195 val=99.0% best_val=99.1%
[S2] ep210: loss=0.2194 val=99.0% best_val=99.1%
[S2] ep220: loss=0.2190 val=99.1% best_val=99.1%
[S2] ep230: loss=0.2189 val=99.0% best_val=99.1%
[S2] ep240: loss=0.2187 val=98.9% best_val=99.2%
[S2] ep250: loss=0.2182 val=99.0% best_val=99.2%
[S2] ep260: loss=0.2181 val=99.1% best_val=99.2%
[S2] ep270: loss=0.2174 val=98.9% best_val=99.2%
[S2] ep280: loss=0.2174 val=98.9% best_val=99.2%
[S2] ep290: loss=0.2173 val=98.7% best_val=99.2%
[S2] ep300: loss=0.2173 val=99.0% best_val=99.2%

V1 Final: val=99.20% test=98.86%
[V1] Per-class acc: {'downstairs': 0.9699248120300752, 'jogging': 0.9902912621359223, 'sitting': 1.0, 'standing': 1.0, 'upstairs': 0.9519832985386222, 'walking': 0.9897100093545369}

Total time: 37.3min
End time: 2026-04-28 02:39:38
