
=== MOTIONSENSE_DM - V3 ===
Start time: 2026-04-28 05:36:11
Dataset config: {'classes': 6, 'cn': ['downstairs', 'jogging', 'sitting', 'standing', 'upstairs', 'walking'], 'loader': 'load_motionsense_dm', 'channels': 3, 'max_train': 10000}

Data: Train=13784, Val=3447, Test=4308
[Limit] Max train: 10000
Model: CNN1D, in_dim=128, n_cls=6
Soft labels truncated: 13784 -> 10000
Soft labels: /home/fandy/workplace/thesis/results/soft_labels/motionsense_dm_soft.npy, shape=(10000, 6)
[SKIP Stage1] 跳过纯CNN训练，直接用已有权重 (val_acc=98.43%)
[LOAD] motionsense_dm_pure_cnn_best.pt

[S1] Loaded: val=98.43% test=98.24%
[S1] Per-class acc: {'downstairs': 0.9514066496163683, 'jogging': 0.9925925925925926, 'sitting': 0.9923371647509579, 'standing': 0.9883351007423118, 'upstairs': 0.948936170212766, 'walking': 0.9895734597156398}

=== Stage 2: V3 Distillation (T=1.5, alpha=0.85) ===
[S2] ep 10: loss=0.2397 val=97.5% best_val=97.5%
[S2] ep 20: loss=0.2093 val=97.7% best_val=97.8%
[S2] ep 30: loss=0.2048 val=97.9% best_val=97.9%
[S2] ep 40: loss=0.1851 val=97.8% best_val=98.0%
[S2] ep 50: loss=0.1748 val=98.1% best_val=98.2%
[S2] ep 60: loss=0.1687 val=98.3% best_val=98.3%
[S2] ep 70: loss=0.1676 val=98.1% best_val=98.4%
[S2] ep 80: loss=0.1655 val=98.3% best_val=98.5%
[S2] ep 90: loss=0.1654 val=98.3% best_val=98.5%
[S2] ep100: loss=0.1638 val=98.2% best_val=98.5%
[S2] ep110: loss=0.1585 val=98.0% best_val=98.5%
[S2] ep120: loss=0.1544 val=98.5% best_val=98.6%
[S2] ep130: loss=0.1523 val=98.3% best_val=98.6%
[S2] ep140: loss=0.1519 val=98.5% best_val=98.6%
[S2] ep150: loss=0.1495 val=98.6% best_val=98.6%
[S2] ep160: loss=0.1479 val=98.5% best_val=98.6%
[S2] ep170: loss=0.1472 val=98.6% best_val=98.6%
[S2] ep180: loss=0.1469 val=98.5% best_val=98.6%
[S2] ep190: loss=0.1472 val=98.6% best_val=98.7%
[S2] ep200: loss=0.1468 val=98.6% best_val=98.7%
[S2] ep210: loss=0.1478 val=98.5% best_val=98.7%
[S2] ep220: loss=0.1493 val=98.5% best_val=98.7%
[S2] ep230: loss=0.1491 val=98.4% best_val=98.7%
[S2] ep240: loss=0.1471 val=98.5% best_val=98.7%
[S2] ep250: loss=0.1449 val=98.4% best_val=98.7%
[S2] ep260: loss=0.1483 val=98.4% best_val=98.7%
[S2] ep270: loss=0.1454 val=98.4% best_val=98.7%
[S2] ep280: loss=0.1452 val=98.6% best_val=98.7%
[S2] ep290: loss=0.1441 val=98.4% best_val=98.7%
[S2] ep300: loss=0.1425 val=98.5% best_val=98.7%

V3 Final: val=98.69% test=98.54%
[V3] Per-class acc: {'downstairs': 0.959079283887468, 'jogging': 0.9950617283950617, 'sitting': 0.9923371647509579, 'standing': 0.9904559915164369, 'upstairs': 0.9659574468085106, 'walking': 0.9886255924170616}

Total time: 32.9min
End time: 2026-04-28 06:09:10
