
=== MOTIONSENSE - V3 ===
Start time: 2026-04-28 03:15:57
Dataset config: {'classes': 6, 'cn': ['downstairs', 'jogging', 'sitting', 'standing', 'upstairs', 'walking'], 'loader': 'load_motionsense', 'channels': 3, 'max_train': 11000}

Data: Train=13993, Val=3499, Test=4373
[Limit] Max train: 11000
Model: CNN1D, in_dim=128, n_cls=6
Soft labels truncated: 13993 -> 11000
Soft labels: /home/fandy/workplace/thesis/results/soft_labels/motionsense_soft.npy, shape=(11000, 6)
[SKIP Stage1] 跳过纯CNN训练，直接用已有权重 (val_acc=99.00%)
[LOAD] motionsense_pure_cnn_best.pt

[S1] Loaded: val=99.00% test=98.72%
[S1] Per-class acc: {'downstairs': 0.9724310776942355, 'jogging': 0.9902912621359223, 'sitting': 1.0, 'standing': 1.0, 'upstairs': 0.9436325678496869, 'walking': 0.9869036482694107}

=== Stage 2: V3 Distillation (T=1.5, alpha=0.85) ===
[S2] ep 10: loss=0.2088 val=98.9% best_val=99.0%
[S2] ep 20: loss=0.1869 val=99.0% best_val=99.1%
[S2] ep 30: loss=0.1830 val=99.0% best_val=99.1%
[S2] ep 40: loss=0.1657 val=99.0% best_val=99.2%
[S2] ep 50: loss=0.1564 val=99.0% best_val=99.2%
[S2] ep 60: loss=0.1525 val=99.0% best_val=99.2%
[S2] ep 70: loss=0.1499 val=99.1% best_val=99.2%
[S2] ep 80: loss=0.1486 val=99.1% best_val=99.2%
[S2] ep 90: loss=0.1491 val=99.0% best_val=99.2%
[S2] ep100: loss=0.1460 val=99.0% best_val=99.2%
[S2] ep110: loss=0.1434 val=99.1% best_val=99.2%
[S2] ep120: loss=0.1436 val=99.1% best_val=99.2%
[S2] ep130: loss=0.1417 val=99.1% best_val=99.2%
[S2] ep140: loss=0.1404 val=99.0% best_val=99.2%
[S2] ep150: loss=0.1398 val=99.0% best_val=99.2%
[S2] ep160: loss=0.1398 val=99.0% best_val=99.2%
[S2] ep170: loss=0.1398 val=99.0% best_val=99.2%
[S2] ep180: loss=0.1397 val=99.1% best_val=99.2%
[S2] ep190: loss=0.1395 val=99.1% best_val=99.2%
[S2] ep200: loss=0.1395 val=99.1% best_val=99.2%
[S2] ep210: loss=0.1393 val=99.1% best_val=99.2%
[S2] ep220: loss=0.1394 val=98.9% best_val=99.2%
[S2] ep230: loss=0.1400 val=99.1% best_val=99.2%
[S2] ep240: loss=0.1390 val=99.1% best_val=99.2%
[S2] ep250: loss=0.1387 val=99.2% best_val=99.2%
[S2] ep260: loss=0.1383 val=98.9% best_val=99.2%
[S2] ep270: loss=0.1382 val=99.0% best_val=99.2%
[S2] ep280: loss=0.1381 val=99.1% best_val=99.2%
[S2] ep290: loss=0.1378 val=99.1% best_val=99.2%
[S2] ep300: loss=0.1374 val=98.9% best_val=99.2%

V3 Final: val=99.23% test=98.95%
[V3] Per-class acc: {'downstairs': 0.9774436090225563, 'jogging': 0.9878640776699029, 'sitting': 1.0, 'standing': 1.0, 'upstairs': 0.9561586638830898, 'walking': 0.9897100093545369}

Total time: 36.7min
End time: 2026-04-28 03:52:38
