
=== MOTIONSENSE_DM - V1 ===
Start time: 2026-04-17 23:37:59
Dataset config: {'classes': 6, 'cn': ['downstairs', 'jogging', 'sitting', 'standing', 'upstairs', 'walking'], 'loader': 'load_motionsense_dm', 'channels': 3, 'max_train': 10000}

Data: Train=13784, Val=3447, Test=4308
[Limit] Max train: 10000
Model: CNN1D, in_dim=128, n_cls=6
Soft labels: /home/fandy/workplace/thesis/results/soft_labels/motionsense_dm_soft.npy, shape=(10000, 6)
[SKIP Stage1] 跳过纯CNN训练，直接用已有权重 (val_acc=98.49%)
[LOAD] motionsense_dm_pure_cnn_best.pt

[S1] Loaded: val=98.49% test=98.44%

=== Stage 2: V1 Distillation (T=3.0, alpha=0.6) ===
[S2] ep 10: loss=0.3258 val=96.8% best_val=96.8%
[S2] ep 20: loss=0.2971 val=97.6% best_val=97.6%
[S2] ep 30: loss=0.2931 val=97.7% best_val=97.7%
[S2] ep 40: loss=0.2699 val=98.3% best_val=98.3%
[S2] ep 50: loss=0.2592 val=98.5% best_val=98.5%
[S2] ep 60: loss=0.2542 val=98.5% best_val=98.6%
[S2] ep 70: loss=0.2517 val=98.3% best_val=98.6%
[S2] ep 80: loss=0.2497 val=98.7% best_val=98.7%
[S2] ep 90: loss=0.2486 val=98.7% best_val=98.7%
[S2] ep100: loss=0.2446 val=98.9% best_val=98.9%
[S2] ep110: loss=0.2404 val=98.2% best_val=98.9%
[S2] ep120: loss=0.2363 val=98.3% best_val=98.9%
[S2] ep130: loss=0.2338 val=98.8% best_val=98.9%
[S2] ep140: loss=0.2319 val=98.6% best_val=98.9%
[S2] ep150: loss=0.2307 val=98.5% best_val=98.9%
[S2] ep160: loss=0.2307 val=98.6% best_val=98.9%
[S2] ep170: loss=0.2301 val=98.8% best_val=98.9%
[S2] ep180: loss=0.2298 val=98.8% best_val=99.0%
[S2] ep190: loss=0.2294 val=98.8% best_val=99.0%
[S2] ep200: loss=0.2291 val=98.6% best_val=99.0%
[S2] ep210: loss=0.2291 val=98.7% best_val=99.0%
[S2] ep220: loss=0.2293 val=98.3% best_val=99.0%
[S2] ep230: loss=0.2291 val=98.7% best_val=99.0%
[S2] ep240: loss=0.2280 val=98.6% best_val=99.0%
[S2] ep250: loss=0.2275 val=98.8% best_val=99.0%
[S2] ep260: loss=0.2277 val=98.6% best_val=99.0%
[S2] ep270: loss=0.2270 val=98.6% best_val=99.0%
[S2] ep280: loss=0.2265 val=98.8% best_val=99.0%
[S2] ep290: loss=0.2258 val=98.8% best_val=99.0%
[S2] ep300: loss=0.2253 val=98.7% best_val=99.0%

V1 Final: val=98.96% test=98.65%

Total time: 45.6min
End time: 2026-04-18 00:23:42
