
=== MOTIONSENSE - V2 ===
Start time: 2026-04-28 02:39:41
Dataset config: {'classes': 6, 'cn': ['downstairs', 'jogging', 'sitting', 'standing', 'upstairs', 'walking'], 'loader': 'load_motionsense', 'channels': 3, 'max_train': 11000}

Data: Train=13993, Val=3499, Test=4373
[Limit] Max train: 11000
Model: CNN1D, in_dim=128, n_cls=6
Soft labels truncated: 13993 -> 11000
Soft labels: /home/fandy/workplace/thesis/results/soft_labels/motionsense_soft.npy, shape=(11000, 6)
[SKIP Stage1] 跳过纯CNN训练，直接用已有权重 (val_acc=99.00%)
[LOAD] motionsense_pure_cnn_best.pt

[S1] Loaded: val=99.00% test=98.72%
[S1] Per-class acc: {'downstairs': 0.9724310776942355, 'jogging': 0.9902912621359223, 'sitting': 1.0, 'standing': 1.0, 'upstairs': 0.9436325678496869, 'walking': 0.9869036482694107}

=== Stage 2: V2 Distillation (T=2.5, alpha=0.8) ===
[S2] ep 10: loss=0.2362 val=99.1% best_val=99.1%
[S2] ep 20: loss=0.2102 val=99.0% best_val=99.1%
[S2] ep 30: loss=0.2053 val=99.1% best_val=99.1%
[S2] ep 40: loss=0.1859 val=99.0% best_val=99.1%
[S2] ep 50: loss=0.1755 val=98.9% best_val=99.1%
[S2] ep 60: loss=0.1701 val=99.2% best_val=99.2%
[S2] ep 70: loss=0.1677 val=99.1% best_val=99.2%
[S2] ep 80: loss=0.1668 val=99.1% best_val=99.2%
[S2] ep 90: loss=0.1674 val=99.1% best_val=99.2%
[S2] ep100: loss=0.1635 val=99.2% best_val=99.2%
[S2] ep110: loss=0.1615 val=99.1% best_val=99.2%
[S2] ep120: loss=0.1603 val=99.1% best_val=99.2%
[S2] ep130: loss=0.1599 val=99.1% best_val=99.2%
[S2] ep140: loss=0.1590 val=99.2% best_val=99.2%
[S2] ep150: loss=0.1581 val=99.2% best_val=99.2%
[S2] ep160: loss=0.1574 val=99.1% best_val=99.2%
[S2] ep170: loss=0.1580 val=99.2% best_val=99.2%
[S2] ep180: loss=0.1574 val=99.2% best_val=99.2%
[S2] ep190: loss=0.1572 val=99.1% best_val=99.2%
[S2] ep200: loss=0.1581 val=99.2% best_val=99.2%
[S2] ep210: loss=0.1574 val=99.1% best_val=99.2%
[S2] ep220: loss=0.1573 val=99.1% best_val=99.3%
[S2] ep230: loss=0.1570 val=99.1% best_val=99.3%
[S2] ep240: loss=0.1563 val=99.1% best_val=99.3%
[S2] ep250: loss=0.1564 val=99.2% best_val=99.3%
[S2] ep260: loss=0.1565 val=99.1% best_val=99.3%
[S2] ep270: loss=0.1561 val=99.1% best_val=99.3%
[S2] ep280: loss=0.1560 val=99.1% best_val=99.3%
[S2] ep290: loss=0.1564 val=99.0% best_val=99.3%
[S2] ep300: loss=0.1559 val=99.1% best_val=99.3%

V2 Final: val=99.26% test=99.02%
[V2] Per-class acc: {'downstairs': 0.974937343358396, 'jogging': 0.9902912621359223, 'sitting': 1.0, 'standing': 1.0, 'upstairs': 0.964509394572025, 'walking': 0.9887745556594949}

Total time: 36.2min
End time: 2026-04-28 03:15:53
