
=== PAMAP2 - V3 ===
Start time: 2026-04-28 11:52:18
Dataset config: {'classes': 5, 'cn': ['downstairs', 'sitting', 'standing', 'walking', 'jogging'], 'loader': 'load_pamap2', 'channels': 6, 'max_train': 2200}

Data: Train=2826, Val=707, Test=884
[Limit] Max train: 2200
Model: CNN1D, in_dim=128, n_cls=5
Soft labels truncated: 2826 -> 2200
Soft labels: /home/fandy/workplace/thesis/results/soft_labels/pamap2_soft.npy, shape=(2200, 5)
[SKIP Stage1] 跳过纯CNN训练，直接用已有权重 (val_acc=94.34%)
[LOAD] pamap2_pure_cnn_best.pt

[S1] Loaded: val=94.34% test=94.68%
[S1] Per-class acc: {'downstairs': 0.9615384615384616, 'sitting': 0.956989247311828, 'standing': 0.9675090252707581, 'walking': 0.9067796610169492, 'jogging': 0.875}

=== Stage 2: V3 Distillation (T=1.5, alpha=0.85) ===
[S2] ep 10: loss=0.2010 val=93.6% best_val=93.6%
[S2] ep 20: loss=0.1864 val=94.3% best_val=94.6%
[S2] ep 30: loss=0.1873 val=94.5% best_val=94.9%
[S2] ep 40: loss=0.1837 val=93.9% best_val=94.9%
[S2] ep 50: loss=0.1777 val=93.9% best_val=94.9%
[S2] ep 60: loss=0.1649 val=94.2% best_val=95.0%
[S2] ep 70: loss=0.1620 val=94.6% best_val=95.0%
[S2] ep 80: loss=0.1634 val=94.3% best_val=95.0%
[S2] ep 90: loss=0.1608 val=94.3% best_val=95.0%
[S2] ep100: loss=0.1632 val=93.9% best_val=95.0%
[S2] ep110: loss=0.1640 val=93.9% best_val=95.0%
[S2] ep120: loss=0.1565 val=93.6% best_val=95.0%
[S2] ep130: loss=0.1590 val=93.2% best_val=95.0%
[S2] ep140: loss=0.1528 val=94.6% best_val=95.0%
[S2] ep150: loss=0.1521 val=93.6% best_val=95.0%
[S2] ep160: loss=0.1475 val=93.9% best_val=95.0%
[S2] ep170: loss=0.1503 val=93.6% best_val=95.0%
[S2] ep180: loss=0.1509 val=93.8% best_val=95.0%
[S2] ep190: loss=0.1465 val=94.2% best_val=95.0%
[S2] ep200: loss=0.1471 val=93.6% best_val=95.0%
[S2] ep210: loss=0.1467 val=93.6% best_val=95.0%
[S2] ep220: loss=0.1511 val=94.2% best_val=95.0%
[S2] ep230: loss=0.1509 val=93.6% best_val=95.0%
[S2] ep240: loss=0.1509 val=93.9% best_val=95.0%
[S2] ep250: loss=0.1471 val=93.2% best_val=95.0%
[S2] ep260: loss=0.1471 val=92.9% best_val=95.0%
[S2] ep270: loss=0.1454 val=93.5% best_val=95.0%
[S2] ep280: loss=0.1478 val=94.2% best_val=95.0%
[S2] ep290: loss=0.1446 val=92.9% best_val=95.0%
[S2] ep300: loss=0.1430 val=93.4% best_val=95.0%

V3 Final: val=95.05% test=95.93%
[V3] Per-class acc: {'downstairs': 0.9692307692307692, 'sitting': 0.96415770609319, 'standing': 0.9566787003610109, 'walking': 0.9491525423728814, 'jogging': 0.95}

Total time: 6.9min
End time: 2026-04-28 11:59:36
