
=== PAMAP2 - V1 ===
Start time: 2026-04-17 00:39:27
Dataset config: {'classes': 5, 'cn': ['downstairs', 'sitting', 'standing', 'walking', 'jogging'], 'loader': 'load_pamap2', 'channels': 6, 'max_train': 2200}

Data: Train=2826, Val=707, Test=884
[Limit] Max train: 2200
Model: CNN1D, in_dim=128, n_cls=5
Soft labels: /home/fandy/workplace/thesis/results/soft_labels/pamap2_soft.npy, shape=(2200, 5)
[SKIP] Stage 1 (using checkpoint: pamap2_v1_pure_cnn_best.pt, val_acc=94.91%)
ep 10: loss=0.0465 val=93.5% best_val=94.8%
ep 20: loss=0.0251 val=94.1% best_val=94.8%
ep 30: loss=0.0686 val=92.6% best_val=94.8%
ep 40: loss=0.0328 val=93.8% best_val=94.8%
ep 50: loss=0.0217 val=94.2% best_val=94.8%
ep 60: loss=0.0151 val=94.3% best_val=94.8%
ep 70: loss=0.0276 val=93.2% best_val=94.8%
ep 80: loss=0.0228 val=93.5% best_val=94.8%
ep 90: loss=0.0160 val=93.2% best_val=94.8%
ep100: loss=0.0108 val=93.8% best_val=94.8%
ep110: loss=0.0135 val=93.2% best_val=94.8%
ep120: loss=0.0061 val=93.1% best_val=94.8%
ep130: loss=0.0070 val=93.2% best_val=94.8%
ep140: loss=0.0058 val=93.6% best_val=94.8%
ep150: loss=0.0448 val=92.8% best_val=94.8%
ep160: loss=0.0335 val=91.1% best_val=94.8%
ep170: loss=0.0228 val=92.5% best_val=94.8%
ep180: loss=0.0164 val=92.9% best_val=94.8%
ep190: loss=0.0119 val=92.9% best_val=94.8%
ep200: loss=0.0172 val=94.1% best_val=94.8%
ep210: loss=0.0049 val=94.1% best_val=94.8%
ep220: loss=0.0054 val=93.6% best_val=94.8%
ep230: loss=0.0040 val=93.4% best_val=94.8%
ep240: loss=0.0057 val=93.2% best_val=94.8%
ep250: loss=0.0049 val=94.1% best_val=94.8%
ep260: loss=0.0027 val=93.5% best_val=94.8%
ep270: loss=0.0019 val=94.1% best_val=94.8%
ep280: loss=0.0021 val=93.6% best_val=94.8%
ep290: loss=0.0022 val=93.8% best_val=94.8%
ep300: loss=0.0016 val=93.9% best_val=94.8%

Pure CNN Final: val=94.77% test=93.89%

=== Stage 2: V1 Distillation (T=3.0, alpha=0.6) ===
ep 10: loss=0.2804 val=92.8% best_val=93.5%
ep 20: loss=0.2635 val=93.5% best_val=93.6%
ep 30: loss=0.2636 val=93.6% best_val=93.8%
ep 40: loss=0.2503 val=93.5% best_val=94.3%
ep 50: loss=0.2438 val=94.8% best_val=94.8%
ep 60: loss=0.2365 val=94.1% best_val=94.9%
ep 70: loss=0.2372 val=93.9% best_val=94.9%
ep 80: loss=0.2328 val=94.1% best_val=94.9%
ep 90: loss=0.2343 val=94.3% best_val=94.9%
ep100: loss=0.2365 val=94.5% best_val=94.9%
ep110: loss=0.2319 val=93.9% best_val=94.9%
ep120: loss=0.2285 val=94.2% best_val=95.0%
ep130: loss=0.2263 val=93.6% best_val=95.0%
ep140: loss=0.2252 val=93.8% best_val=95.0%
ep150: loss=0.2228 val=94.5% best_val=95.0%
ep160: loss=0.2216 val=93.8% best_val=95.0%
ep170: loss=0.2191 val=94.1% best_val=95.0%
ep180: loss=0.2188 val=93.9% best_val=95.0%
ep190: loss=0.2195 val=93.8% best_val=95.0%
ep200: loss=0.2180 val=93.6% best_val=95.0%
ep210: loss=0.2205 val=93.8% best_val=95.0%
ep220: loss=0.2207 val=93.5% best_val=95.0%
ep230: loss=0.2201 val=93.4% best_val=95.0%
ep240: loss=0.2155 val=94.1% best_val=95.0%
ep250: loss=0.2156 val=93.1% best_val=95.0%
ep260: loss=0.2161 val=93.2% best_val=95.0%
ep270: loss=0.2136 val=93.4% best_val=95.0%
ep280: loss=0.2137 val=93.2% best_val=95.0%
ep290: loss=0.2126 val=93.4% best_val=95.0%
ep300: loss=0.2140 val=92.6% best_val=95.0%

V1 Final: val=95.05% test=95.70%

Total time: 19.1min
End time: 2026-04-17 00:59:01
