
=== PAMAP2 - PURE_CNN ===
Start time: 2026-04-17 00:26:20
Dataset config: {'classes': 5, 'cn': ['downstairs', 'sitting', 'standing', 'walking', 'jogging'], 'loader': 'load_pamap2', 'channels': 6, 'max_train': 2200}

Data: Train=2826, Val=707, Test=884
[Limit] Max train: 2200
Model: CNN1D, in_dim=128, n_cls=5
Soft labels: one-hot (pure_cnn mode)

=== Stage 1: Pure CNN (300 epochs) ===
ep 10: loss=0.1170 val=92.6% best_val=92.6%
ep 20: loss=0.0689 val=92.6% best_val=93.2%
ep 30: loss=0.0860 val=92.4% best_val=93.2%
ep 40: loss=0.0466 val=93.2% best_val=93.2%
ep 50: loss=0.0299 val=94.3% best_val=94.6%
ep 60: loss=0.0315 val=94.2% best_val=94.6%
ep 70: loss=0.0530 val=93.1% best_val=94.6%
ep 80: loss=0.0462 val=93.6% best_val=94.6%
ep 90: loss=0.0239 val=94.6% best_val=94.6%
ep100: loss=0.0237 val=93.6% best_val=94.6%
ep110: loss=0.0268 val=94.3% best_val=94.6%
ep120: loss=0.0128 val=94.3% best_val=95.0%
ep130: loss=0.0097 val=94.9% best_val=95.3%
ep140: loss=0.0101 val=94.1% best_val=95.3%
ep150: loss=0.0410 val=94.1% best_val=95.3%
ep160: loss=0.0347 val=91.9% best_val=95.3%
ep170: loss=0.0337 val=92.8% best_val=95.3%
ep180: loss=0.0214 val=92.9% best_val=95.3%
ep190: loss=0.0191 val=93.9% best_val=95.3%
ep200: loss=0.0167 val=93.1% best_val=95.3%
ep210: loss=0.0165 val=93.8% best_val=95.3%
ep220: loss=0.0071 val=94.2% best_val=95.3%
ep230: loss=0.0091 val=93.9% best_val=95.3%
ep240: loss=0.0069 val=94.1% best_val=95.3%
ep250: loss=0.0074 val=93.9% best_val=95.3%
ep260: loss=0.0062 val=94.5% best_val=95.3%
ep270: loss=0.0034 val=94.3% best_val=95.3%
ep280: loss=0.0031 val=94.8% best_val=95.3%
ep290: loss=0.0041 val=94.8% best_val=95.3%
ep300: loss=0.0051 val=94.3% best_val=95.3%

Pure CNN Final: val=95.33% test=94.46%

Total time: 9.6min
End time: 2026-04-17 00:36:21
