
=== UCI_HAR - V1 ===
Start time: 2026-04-28 12:01:58
Dataset config: {'classes': 6, 'cn': ['WALKING', 'WALKING_UP', 'WALKING_DOWN', 'SITTING', 'STANDING', 'LAYING'], 'loader': 'load_uci_har', 'channels': 9, 'max_train': 6000}

Data: Train=5881, Val=1471, Test=2947
Model: MLP, in_dim=561, n_cls=6
Soft labels: /home/fandy/workplace/thesis/results/soft_labels/uci_har_soft.npy, shape=(5881, 6)
[SKIP Stage1] 跳过纯CNN训练，直接用已有权重 (val_acc=98.84%)
[LOAD] uci_har_pure_cnn_best.pt

[S1] Loaded: val=98.84% test=95.86%
[S1] Per-class acc: {'WALKING': 0.9919354838709677, 'WALKING_UP': 0.9745222929936306, 'WALKING_DOWN': 0.9523809523809523, 'SITTING': 0.8574338085539714, 'STANDING': 0.9699248120300752, 'LAYING': 1.0}

=== Stage 2: V1 Distillation (T=3.0, alpha=0.6) ===
[S2] ep 10: loss=0.8021 val=98.0% best_val=98.1%
[S2] ep 20: loss=0.5333 val=98.4% best_val=98.4%
[S2] ep 30: loss=0.5064 val=98.2% best_val=98.6%
[S2] ep 40: loss=0.3520 val=98.4% best_val=98.6%
[S2] ep 50: loss=0.2832 val=98.5% best_val=98.6%
[S2] ep 60: loss=0.2470 val=98.7% best_val=98.7%
[S2] ep 70: loss=0.2321 val=98.8% best_val=98.8%
[S2] ep 80: loss=0.2232 val=98.3% best_val=98.8%
[S2] ep 90: loss=0.2247 val=98.8% best_val=98.8%
[S2] ep100: loss=0.1979 val=98.7% best_val=98.8%
[S2] ep110: loss=0.1836 val=98.6% best_val=98.8%
[S2] ep120: loss=0.1749 val=98.6% best_val=98.8%
[S2] ep130: loss=0.1705 val=98.7% best_val=98.8%
[S2] ep140: loss=0.1690 val=98.6% best_val=98.8%
[S2] ep150: loss=0.1656 val=98.7% best_val=98.8%
[S2] ep160: loss=0.1638 val=98.6% best_val=98.8%
[S2] ep170: loss=0.1624 val=98.6% best_val=98.8%
[S2] ep180: loss=0.1625 val=98.8% best_val=98.8%
[S2] ep190: loss=0.1625 val=98.7% best_val=98.8%
[S2] ep200: loss=0.1627 val=98.6% best_val=98.8%
[S2] ep210: loss=0.1611 val=98.6% best_val=98.8%
[S2] ep220: loss=0.1609 val=98.7% best_val=98.8%
[S2] ep230: loss=0.1602 val=98.8% best_val=98.8%
[S2] ep240: loss=0.1582 val=98.5% best_val=98.8%
[S2] ep250: loss=0.1573 val=98.6% best_val=98.8%
[S2] ep260: loss=0.1565 val=98.8% best_val=98.9%
[S2] ep270: loss=0.1563 val=98.6% best_val=98.9%
[S2] ep280: loss=0.1549 val=98.8% best_val=98.9%
[S2] ep290: loss=0.1572 val=98.7% best_val=98.9%
[S2] ep300: loss=0.1559 val=98.8% best_val=98.9%

V1 Final: val=98.91% test=96.10%
[V1] Per-class acc: {'WALKING': 1.0, 'WALKING_UP': 0.9469214437367304, 'WALKING_DOWN': 0.9619047619047619, 'SITTING': 0.8879837067209776, 'STANDING': 0.9642857142857143, 'LAYING': 1.0}

Total time: 2.3min
End time: 2026-04-28 12:04:20
