
=== UCI_HAR_NEW - V3 ===
Start time: 2026-04-18 02:23:01
Dataset config: {'classes': 12, 'cn': ['WALKING', 'WALKING_UP', 'WALKING_DOWN', 'SITTING', 'STANDING', 'LAYING', 'SIT_TO_STAND', 'STAND_TO_SIT', 'SIT_TO_LIE', 'LIE_TO_SIT', 'STAND_TO_LIE', 'LIE_TO_STAND'], 'loader': 'load_uci_har_new', 'channels': 9, 'max_train': 5000}

Data: Train=6213, Val=1554, Test=3162
[Limit] Max train: 5000
Model: MLP, in_dim=561, n_cls=12
Soft labels: /home/fandy/workplace/thesis/results/soft_labels/uci_har_new_soft.npy, shape=(5000, 12)
[SKIP Stage1] 跳过纯CNN训练，直接用已有权重 (val_acc=97.68%)
[LOAD] uci_har_new_pure_cnn_best.pt

[S1] Loaded: val=97.68% test=94.78%

=== Stage 2: V3 Distillation (T=1.5, alpha=0.85) ===
[S2] ep 10: loss=0.6358 val=97.2% best_val=97.2%
[S2] ep 20: loss=0.4897 val=97.3% best_val=97.3%
[S2] ep 30: loss=0.4597 val=97.3% best_val=97.4%
[S2] ep 40: loss=0.3535 val=97.0% best_val=97.4%
[S2] ep 50: loss=0.3033 val=97.4% best_val=97.5%
[S2] ep 60: loss=0.2838 val=97.4% best_val=97.6%
[S2] ep 70: loss=0.2676 val=97.6% best_val=97.6%
[S2] ep 80: loss=0.2651 val=97.4% best_val=97.6%
[S2] ep 90: loss=0.2638 val=97.7% best_val=97.7%
[S2] ep100: loss=0.2429 val=97.7% best_val=97.7%
[S2] ep110: loss=0.2273 val=97.7% best_val=97.9%
[S2] ep120: loss=0.2211 val=97.9% best_val=98.1%
[S2] ep130: loss=0.2163 val=97.8% best_val=98.1%
[S2] ep140: loss=0.2094 val=97.9% best_val=98.1%
[S2] ep150: loss=0.2070 val=97.9% best_val=98.1%
[S2] ep160: loss=0.2027 val=98.0% best_val=98.1%
[S2] ep170: loss=0.2031 val=97.8% best_val=98.1%
[S2] ep180: loss=0.2021 val=97.6% best_val=98.1%
[S2] ep190: loss=0.2072 val=97.7% best_val=98.1%
[S2] ep200: loss=0.1998 val=97.6% best_val=98.1%
[S2] ep210: loss=0.2005 val=97.6% best_val=98.1%
[S2] ep220: loss=0.1970 val=97.7% best_val=98.1%
[S2] ep230: loss=0.1947 val=97.7% best_val=98.1%
[S2] ep240: loss=0.1989 val=97.6% best_val=98.1%
[S2] ep250: loss=0.1941 val=97.8% best_val=98.1%
[S2] ep260: loss=0.1908 val=97.6% best_val=98.1%
[S2] ep270: loss=0.1933 val=97.7% best_val=98.1%
[S2] ep280: loss=0.1937 val=97.6% best_val=98.1%
[S2] ep290: loss=0.1886 val=97.7% best_val=98.1%
[S2] ep300: loss=0.1864 val=97.9% best_val=98.1%

V3 Final: val=98.07% test=94.91%

Total time: 3.0min
End time: 2026-04-18 02:26:01
