
=== UCI_HAR - V3 ===
Start time: 2026-04-28 12:06:44
Dataset config: {'classes': 6, 'cn': ['WALKING', 'WALKING_UP', 'WALKING_DOWN', 'SITTING', 'STANDING', 'LAYING'], 'loader': 'load_uci_har', 'channels': 9, 'max_train': 6000}

Data: Train=5881, Val=1471, Test=2947
Model: MLP, in_dim=561, n_cls=6
Soft labels: /home/fandy/workplace/thesis/results/soft_labels/uci_har_soft.npy, shape=(5881, 6)
[SKIP Stage1] 跳过纯CNN训练，直接用已有权重 (val_acc=98.84%)
[LOAD] uci_har_pure_cnn_best.pt

[S1] Loaded: val=98.84% test=95.86%
[S1] Per-class acc: {'WALKING': 0.9919354838709677, 'WALKING_UP': 0.9745222929936306, 'WALKING_DOWN': 0.9523809523809523, 'SITTING': 0.8574338085539714, 'STANDING': 0.9699248120300752, 'LAYING': 1.0}

=== Stage 2: V3 Distillation (T=1.5, alpha=0.85) ===
[S2] ep 10: loss=0.3697 val=98.5% best_val=98.7%
[S2] ep 20: loss=0.2642 val=98.6% best_val=98.7%
[S2] ep 30: loss=0.2589 val=98.6% best_val=98.7%
[S2] ep 40: loss=0.1947 val=98.5% best_val=98.7%
[S2] ep 50: loss=0.1670 val=98.6% best_val=98.7%
[S2] ep 60: loss=0.1502 val=98.6% best_val=98.7%
[S2] ep 70: loss=0.1442 val=98.6% best_val=98.7%
[S2] ep 80: loss=0.1413 val=98.6% best_val=98.7%
[S2] ep 90: loss=0.1413 val=98.6% best_val=98.8%
[S2] ep100: loss=0.1290 val=98.5% best_val=98.8%
[S2] ep110: loss=0.1231 val=98.7% best_val=98.8%
[S2] ep120: loss=0.1172 val=98.7% best_val=98.8%
[S2] ep130: loss=0.1154 val=98.7% best_val=98.8%
[S2] ep140: loss=0.1138 val=98.6% best_val=98.9%
[S2] ep150: loss=0.1134 val=98.6% best_val=98.9%
[S2] ep160: loss=0.1115 val=98.5% best_val=98.9%
[S2] ep170: loss=0.1111 val=98.6% best_val=98.9%
[S2] ep180: loss=0.1106 val=98.6% best_val=98.9%
[S2] ep190: loss=0.1104 val=98.7% best_val=98.9%
[S2] ep200: loss=0.1107 val=98.8% best_val=98.9%
[S2] ep210: loss=0.1111 val=98.8% best_val=98.9%
[S2] ep220: loss=0.1101 val=98.6% best_val=98.9%
[S2] ep230: loss=0.1092 val=98.8% best_val=99.0%
[S2] ep240: loss=0.1093 val=98.6% best_val=99.0%
[S2] ep250: loss=0.1075 val=98.8% best_val=99.0%
[S2] ep260: loss=0.1072 val=98.8% best_val=99.0%
[S2] ep270: loss=0.1068 val=98.6% best_val=99.0%
[S2] ep280: loss=0.1081 val=98.7% best_val=99.0%
[S2] ep290: loss=0.1065 val=98.8% best_val=99.0%
[S2] ep300: loss=0.1067 val=98.8% best_val=99.0%

V3 Final: val=99.05% test=96.44%
[V3] Per-class acc: {'WALKING': 1.0, 'WALKING_UP': 0.9617834394904459, 'WALKING_DOWN': 0.9666666666666667, 'SITTING': 0.8879837067209776, 'STANDING': 0.9661654135338346, 'LAYING': 1.0}

Total time: 2.3min
End time: 2026-04-28 12:09:00
