
=== UCI_HAR_NEW - V2 ===
Start time: 2026-04-18 02:18:00
Dataset config: {'classes': 12, 'cn': ['WALKING', 'WALKING_UP', 'WALKING_DOWN', 'SITTING', 'STANDING', 'LAYING', 'SIT_TO_STAND', 'STAND_TO_SIT', 'SIT_TO_LIE', 'LIE_TO_SIT', 'STAND_TO_LIE', 'LIE_TO_STAND'], 'loader': 'load_uci_har_new', 'channels': 9, 'max_train': 5000}

Data: Train=6213, Val=1554, Test=3162
[Limit] Max train: 5000
Model: MLP, in_dim=561, n_cls=12
Soft labels: /home/fandy/workplace/thesis/results/soft_labels/uci_har_new_soft.npy, shape=(5000, 12)
[SKIP Stage1] 跳过纯CNN训练，直接用已有权重 (val_acc=97.68%)
[LOAD] uci_har_new_pure_cnn_best.pt

[S1] Loaded: val=97.68% test=94.88%

=== Stage 2: V2 Distillation (T=2.5, alpha=0.8) ===
[S2] ep 10: loss=0.8163 val=96.7% best_val=97.1%
[S2] ep 20: loss=0.5825 val=97.0% best_val=97.3%
[S2] ep 30: loss=0.5450 val=96.8% best_val=97.3%
[S2] ep 40: loss=0.4103 val=97.2% best_val=97.3%
[S2] ep 50: loss=0.3495 val=97.1% best_val=97.3%
[S2] ep 60: loss=0.3193 val=97.4% best_val=97.4%
[S2] ep 70: loss=0.2982 val=97.3% best_val=97.4%
[S2] ep 80: loss=0.2971 val=97.4% best_val=97.5%
[S2] ep 90: loss=0.2969 val=97.3% best_val=97.6%
[S2] ep100: loss=0.2725 val=97.3% best_val=97.6%
[S2] ep110: loss=0.2488 val=97.7% best_val=97.7%
[S2] ep120: loss=0.2422 val=97.6% best_val=97.7%
[S2] ep130: loss=0.2338 val=97.4% best_val=97.7%
[S2] ep140: loss=0.2303 val=97.6% best_val=97.8%
[S2] ep150: loss=0.2236 val=97.5% best_val=97.8%
[S2] ep160: loss=0.2201 val=97.4% best_val=97.8%
[S2] ep170: loss=0.2155 val=97.9% best_val=97.9%
[S2] ep180: loss=0.2163 val=97.5% best_val=97.9%
[S2] ep190: loss=0.2173 val=97.4% best_val=97.9%
[S2] ep200: loss=0.2216 val=97.5% best_val=97.9%
[S2] ep210: loss=0.2153 val=97.7% best_val=97.9%
[S2] ep220: loss=0.2130 val=97.6% best_val=97.9%
[S2] ep230: loss=0.2087 val=97.7% best_val=97.9%
[S2] ep240: loss=0.2071 val=97.7% best_val=97.9%
[S2] ep250: loss=0.2062 val=97.7% best_val=97.9%
[S2] ep260: loss=0.2035 val=97.7% best_val=97.9%
[S2] ep270: loss=0.2040 val=97.6% best_val=97.9%
[S2] ep280: loss=0.2019 val=97.6% best_val=97.9%
[S2] ep290: loss=0.1991 val=97.6% best_val=97.9%
[S2] ep300: loss=0.1988 val=97.7% best_val=97.9%

V2 Final: val=97.94% test=94.59%

Total time: 2.6min
End time: 2026-04-18 02:20:41
