
=== UCI_HAR_NEW - V1 ===
Start time: 2026-04-29 10:12:55
Dataset config: {'classes': 12, 'cn': ['WALKING', 'WALKING_UP', 'WALKING_DOWN', 'SITTING', 'STANDING', 'LAYING', 'SIT_TO_STAND', 'STAND_TO_SIT', 'SIT_TO_LIE', 'LIE_TO_SIT', 'STAND_TO_LIE', 'LIE_TO_STAND'], 'loader': 'load_uci_har_new', 'channels': 9, 'max_train': 5000}

Data: Train=6213, Val=1554, Test=3162
[Limit] Max train: 5000
Model: MLP, in_dim=561, n_cls=12
Soft labels truncated: 6213 -> 5000
Soft labels: /home/fandy/workplace/thesis/results/soft_labels/uci_har_new_soft.npy, shape=(5000, 12)
[SKIP Stage1] 跳过纯CNN训练，直接用已有权重 (val_acc=97.81%)
[LOAD] uci_har_new_pure_cnn_best.pt

[S1] Loaded: val=97.81% test=94.69%
[S1] Per-class acc: {'WALKING': 0.9899193548387096, 'WALKING_UP': 0.9363057324840764, 'WALKING_DOWN': 0.9595238095238096, 'SITTING': 0.8917322834645669, 'STANDING': 0.9694244604316546, 'LAYING': 1.0, 'SIT_TO_STAND': 0.8260869565217391, 'STAND_TO_SIT': 0.9, 'SIT_TO_LIE': 0.59375, 'LIE_TO_SIT': 0.72, 'STAND_TO_LIE': 0.7959183673469388, 'LIE_TO_STAND': 0.6666666666666666}

=== Stage 2: V1 Distillation (T=3.0, alpha=0.6) ===
[S2] ep 10: loss=1.1981 val=95.6% best_val=95.6%
[S2] ep 20: loss=0.8381 val=96.5% best_val=96.5%
[S2] ep 30: loss=0.7926 val=96.5% best_val=97.0%
[S2] ep 40: loss=0.5874 val=97.2% best_val=97.2%
[S2] ep 50: loss=0.4995 val=97.4% best_val=97.6%
[S2] ep 60: loss=0.4522 val=97.4% best_val=97.6%
[S2] ep 70: loss=0.4272 val=97.6% best_val=97.6%
[S2] ep 80: loss=0.4207 val=97.4% best_val=97.6%
[S2] ep 90: loss=0.4141 val=97.2% best_val=97.6%
[S2] ep100: loss=0.3736 val=97.6% best_val=97.6%
[S2] ep110: loss=0.3529 val=97.5% best_val=97.7%
[S2] ep120: loss=0.3335 val=97.4% best_val=97.7%
[S2] ep130: loss=0.3162 val=97.5% best_val=97.7%
[S2] ep140: loss=0.3067 val=97.6% best_val=97.7%
[S2] ep150: loss=0.3038 val=97.3% best_val=97.7%
[S2] ep160: loss=0.2958 val=97.4% best_val=97.7%
[S2] ep170: loss=0.2940 val=97.0% best_val=97.7%
[S2] ep180: loss=0.2934 val=97.6% best_val=97.7%
[S2] ep190: loss=0.2901 val=97.5% best_val=97.7%
[S2] ep200: loss=0.2937 val=97.4% best_val=97.7%
[S2] ep210: loss=0.2932 val=97.2% best_val=97.7%
[S2] ep220: loss=0.2860 val=97.2% best_val=97.7%
[S2] ep230: loss=0.2836 val=97.4% best_val=97.7%
[S2] ep240: loss=0.2800 val=97.2% best_val=97.7%
[S2] ep250: loss=0.2745 val=97.2% best_val=97.7%
[S2] ep260: loss=0.2704 val=97.4% best_val=97.8%
[S2] ep270: loss=0.2745 val=97.4% best_val=97.8%
[S2] ep280: loss=0.2701 val=97.5% best_val=97.9%
[S2] ep290: loss=0.2682 val=97.4% best_val=97.9%
[S2] ep300: loss=0.2670 val=97.5% best_val=97.9%

V1 Final: val=97.88% test=94.72%
[V1] Per-class acc: {'WALKING': 1.0, 'WALKING_UP': 0.9426751592356688, 'WALKING_DOWN': 0.9523809523809523, 'SITTING': 0.905511811023622, 'STANDING': 0.9658273381294964, 'LAYING': 1.0, 'SIT_TO_STAND': 0.782608695652174, 'STAND_TO_SIT': 0.7, 'SIT_TO_LIE': 0.6875, 'LIE_TO_SIT': 0.24, 'STAND_TO_LIE': 0.7959183673469388, 'LIE_TO_STAND': 0.7777777777777778}

Total time: 2.0min
End time: 2026-04-29 10:14:57
