
=== WISDM - PURE_CNN ===
Start time: 2026-04-18 07:42:59
Dataset config: {'classes': 6, 'cn': ['Walking', 'Jogging', 'Upstairs', 'Downstairs', 'Sitting', 'Standing'], 'loader': 'load_wisdm', 'channels': 3, 'max_train': 100000}

Data: Train=10864, Val=2716, Test=3395
Model: CNN1D, in_dim=128, n_cls=6
Soft labels: one-hot (pure_cnn mode)

=== Stage 1: 纯CNN训练 (300 epochs) ===
[S1] ep 10: loss=0.0161 val=97.7% best_val=97.7%
[S1] ep 20: loss=0.0030 val=98.5% best_val=98.5%
[S1] ep 30: loss=0.0073 val=97.6% best_val=98.5%
[S1] ep 40: loss=0.0030 val=98.2% best_val=98.5%
[S1] ep 50: loss=0.0011 val=98.6% best_val=98.7%
[S1] ep 60: loss=0.0009 val=98.6% best_val=98.7%
[S1] ep 70: loss=0.0081 val=98.2% best_val=98.7%
[S1] ep 80: loss=0.0078 val=98.1% best_val=98.7%
[S1] ep 90: loss=0.0044 val=98.2% best_val=98.7%
[S1] ep100: loss=0.0011 val=98.4% best_val=98.7%
[S1] ep110: loss=0.0014 val=98.1% best_val=98.7%
[S1] ep120: loss=0.0006 val=98.5% best_val=98.7%
[S1] ep130: loss=0.0006 val=98.7% best_val=98.7%
[S1] ep140: loss=0.0002 val=98.7% best_val=98.7%
[S1] ep150: loss=0.0028 val=97.9% best_val=98.7%
[S1] ep160: loss=0.0009 val=98.0% best_val=98.7%
[S1] ep170: loss=0.0025 val=98.2% best_val=98.7%
[S1] ep180: loss=0.0011 val=98.4% best_val=98.7%
[S1] ep190: loss=0.0011 val=98.2% best_val=98.7%
[S1] ep200: loss=0.0014 val=98.3% best_val=98.7%
[S1] ep210: loss=0.0030 val=98.3% best_val=98.7%
[S1] ep220: loss=0.0002 val=98.1% best_val=98.7%
[S1] ep230: loss=0.0002 val=98.3% best_val=98.7%
[S1] ep240: loss=0.0001 val=98.5% best_val=98.8%
[S1] ep250: loss=0.0001 val=98.6% best_val=98.8%
[S1] ep260: loss=0.0011 val=98.3% best_val=98.8%
[S1] ep270: loss=0.0000 val=98.6% best_val=98.8%
[S1] ep280: loss=0.0000 val=98.5% best_val=98.8%
[S1] ep290: loss=0.0000 val=98.7% best_val=98.8%
[S1] ep300: loss=0.0002 val=98.6% best_val=98.8%

[S1] Final: val=98.78% test=98.44%

Total time: 52.8min
End time: 2026-04-18 08:35:51
