
=== WISDM - V2 ===
Start time: 2026-04-28 07:27:11
Dataset config: {'classes': 6, 'cn': ['Walking', 'Jogging', 'Upstairs', 'Downstairs', 'Sitting', 'Standing'], 'loader': 'load_wisdm', 'channels': 3, 'max_train': 100000}

Data: Train=10864, Val=2716, Test=3395
Model: CNN1D, in_dim=128, n_cls=6
Soft labels: /home/fandy/workplace/thesis/results/soft_labels/wisdm_soft.npy, shape=(10864, 6)
[SKIP Stage1] 跳过纯CNN训练，直接用已有权重 (val_acc=98.78%)
[LOAD] wisdm_pure_cnn_best.pt

[S1] Loaded: val=98.78% test=98.00%
[S1] Per-class acc: {'Walking': 0.990053557765876, 'Jogging': 0.994291151284491, 'Upstairs': 0.9402597402597402, 'Downstairs': 0.9363057324840764, 'Sitting': 0.983957219251337, 'Standing': 0.9801324503311258}

=== Stage 2: V2 Distillation (T=2.5, alpha=0.8) ===
[S2] ep 10: loss=0.1704 val=98.2% best_val=98.5%
[S2] ep 20: loss=0.1429 val=98.5% best_val=98.5%
[S2] ep 30: loss=0.1388 val=98.4% best_val=98.5%
[S2] ep 40: loss=0.1230 val=98.5% best_val=98.5%
[S2] ep 50: loss=0.1142 val=98.6% best_val=98.6%
[S2] ep 60: loss=0.1088 val=98.5% best_val=98.6%
[S2] ep 70: loss=0.1069 val=98.5% best_val=98.6%
[S2] ep 80: loss=0.1062 val=98.6% best_val=98.6%
[S2] ep 90: loss=0.1055 val=98.5% best_val=98.6%
[S2] ep100: loss=0.1032 val=98.6% best_val=98.7%
[S2] ep110: loss=0.1007 val=98.7% best_val=98.7%
[S2] ep120: loss=0.0994 val=98.5% best_val=98.8%
[S2] ep130: loss=0.0980 val=98.8% best_val=98.8%
[S2] ep140: loss=0.0989 val=98.6% best_val=98.8%
[S2] ep150: loss=0.0976 val=98.6% best_val=98.8%
[S2] ep160: loss=0.0974 val=98.6% best_val=98.8%
[S2] ep170: loss=0.0972 val=98.6% best_val=98.8%
[S2] ep180: loss=0.0972 val=98.6% best_val=98.8%
[S2] ep190: loss=0.0971 val=98.7% best_val=98.9%
[S2] ep200: loss=0.0970 val=98.7% best_val=98.9%
[S2] ep210: loss=0.0972 val=98.6% best_val=98.9%
[S2] ep220: loss=0.0974 val=98.7% best_val=98.9%
[S2] ep230: loss=0.0968 val=98.9% best_val=98.9%
[S2] ep240: loss=0.0968 val=98.7% best_val=98.9%
[S2] ep250: loss=0.0967 val=98.7% best_val=98.9%
[S2] ep260: loss=0.0966 val=98.6% best_val=98.9%
[S2] ep270: loss=0.0964 val=98.6% best_val=98.9%
[S2] ep280: loss=0.0956 val=98.5% best_val=98.9%
[S2] ep290: loss=0.0959 val=98.6% best_val=98.9%
[S2] ep300: loss=0.0962 val=98.4% best_val=98.9%

V2 Final: val=98.90% test=98.26%
[V2] Per-class acc: {'Walking': 0.9946442234123948, 'Jogging': 0.9971455756422455, 'Upstairs': 0.9324675324675324, 'Downstairs': 0.945859872611465, 'Sitting': 0.9786096256684492, 'Standing': 0.9867549668874173}

Total time: 34.4min
End time: 2026-04-28 08:01:37
