15:11:29 | ============================================================
15:11:29 | 阶段2: PURECNN 蒸馏 | PAMAP2 | all α=0.5 T=3.5
15:11:29 | 硬标签 50% | 软标签 50% | 基线 test=0.9436
15:11:29 | ============================================================
15:11:39 | E001 | loss=2.8924 train=0.9216 val=0.9038 lr=9.94e-05
15:12:11 | E005 | loss=2.2153 train=0.8694 val=0.8756 lr=8.54e-05
15:12:49 | E010 | loss=2.0239 train=0.8626 val=0.8713 lr=5.00e-05
15:13:28 | E015 | loss=1.9577 train=0.8576 val=0.8744 lr=1.46e-05
15:13:36 | 早停 @ E16 (best val=0.9038 @ E1)
15:13:37 | 
============================================================
15:13:37 | 阶段2 完成!  train=0.9193  val=0.9038 @ E1
15:13:37 | test=0.8971 (基线 0.9436, -4.66pp)  2.1min
15:13:37 | 每类准确率 (test):
15:13:37 |   lying       : 0.9308
15:13:37 |   sitting     : 0.8709
15:13:37 |   standing    : 0.8991
15:13:37 |   walking     : 0.8670
15:13:37 |   jogging     : 0.9070
15:13:37 | 混淆矩阵 (test):
15:13:37 |            lying  sitting standing  walking  jogging
15:13:37 |   lying         417        2       15       12        2
15:13:37 |   sitting         0      371       40       15        0
15:13:37 |   standing        2       11      383       25        5
15:13:37 |   walking         0        1        9      176       17
15:13:37 |   jogging         0        4        6        2      117
15:13:37 | ============================================================
15:13:37 | 模型: pamap2_purecnn_phase2_all_a0.5_T3.5.pt  结果: pamap2_purecnn_phase2_all_a0.5_T3.5.json  日志: pamap2_purecnn_phase2_all_a0.5_T3.5.log
