14:34:23 | ============================================================
14:34:23 | 阶段1: CNNRES 预训练 | PAMAP2
14:34:23 | 参数量: 144,997  Focal Loss γ=2.0  lr=0.0005
14:34:23 | train=7613 val=1632 test=1632
14:34:23 | ============================================================
14:34:28 | E001 | loss=0.4756 train=0.7281 val=0.8732 lr=4.97e-04
14:34:48 | E005 | loss=0.1952 train=0.8856 val=0.9032 lr=4.27e-04
14:35:13 | E010 | loss=0.1564 train=0.9011 val=0.9185 lr=2.50e-04
14:35:37 | E015 | loss=0.1253 train=0.9216 val=0.9320 lr=7.32e-05
14:36:01 | E020 | loss=0.1188 train=0.9245 val=0.9338 lr=5.00e-04
14:36:26 | E025 | loss=0.1316 train=0.9121 val=0.9295 lr=4.81e-04
14:36:50 | E030 | loss=0.1268 train=0.9092 val=0.9314 lr=4.27e-04
14:36:55 | 早停 @ E31 (best val=0.9357 @ E16)
14:36:56 | 
============================================================
14:36:56 | 阶段1 完成!  train=0.9429  val=0.9357 @ E16  test=0.9271  2.5min
14:36:56 | 每类准确率 (test):
14:36:56 |   lying       : 0.9487
14:36:56 |   sitting     : 0.9437
14:36:56 |   standing    : 0.9225
14:36:56 |   walking     : 0.8966
14:36:56 |   jogging     : 0.8605
14:36:56 | 混淆矩阵 (test):
14:36:56 |            lying  sitting standing  walking  jogging
14:36:56 |   lying         425        8       14        0        1
14:36:56 |   sitting         2      402       18        4        0
14:36:56 |   standing        6       22      393        5        0
14:36:56 |   walking         3        5       13      182        0
14:36:56 |   jogging         0        7        7        4      111
14:36:56 | ============================================================
14:36:56 | 模型: pamap2_cnnres_phase1.pt  结果: pamap2_cnnres_phase1.json  日志: pamap2_cnnres_phase1.log
