14:27:44 | ============================================================
14:27:44 | 阶段1: PURECNN 预训练 | PAMAP2
14:27:44 | 参数量: 611,909  Focal Loss γ=2.0  lr=0.0005
14:27:44 | train=7613 val=1632 test=1632
14:27:44 | ============================================================
14:27:52 | E001 | loss=0.3648 train=0.8048 val=0.8689 lr=4.97e-04
14:28:15 | E005 | loss=0.1796 train=0.8903 val=0.9136 lr=4.27e-04
14:28:43 | E010 | loss=0.1287 train=0.9102 val=0.9283 lr=2.50e-04
14:29:10 | E015 | loss=0.0964 train=0.9345 val=0.9363 lr=7.32e-05
14:29:37 | E020 | loss=0.0753 train=0.9471 val=0.9400 lr=5.00e-04
14:30:05 | E025 | loss=0.1111 train=0.9212 val=0.9265 lr=4.81e-04
14:30:32 | E030 | loss=0.0936 train=0.9324 val=0.9338 lr=4.27e-04
14:30:59 | E035 | loss=0.0838 train=0.9367 val=0.9412 lr=3.46e-04
14:31:27 | E040 | loss=0.0688 train=0.9454 val=0.9375 lr=2.50e-04
14:31:55 | E045 | loss=0.0602 train=0.9546 val=0.9400 lr=1.54e-04
14:32:22 | E050 | loss=0.0490 train=0.9605 val=0.9479 lr=7.32e-05
14:32:49 | E055 | loss=0.0411 train=0.9682 val=0.9510 lr=1.90e-05
14:33:17 | E060 | loss=0.0399 train=0.9668 val=0.9510 lr=5.00e-04
14:33:44 | E065 | loss=0.0728 train=0.9404 val=0.9381 lr=4.95e-04
14:34:11 | E070 | loss=0.0723 train=0.9429 val=0.9375 lr=4.81e-04
14:34:22 | 早停 @ E72 (best val=0.9522 @ E57)
14:34:23 | 
============================================================
14:34:23 | 阶段1 完成!  train=0.9824  val=0.9522 @ E57  test=0.9436  6.6min
14:34:23 | 每类准确率 (test):
14:34:23 |   lying       : 0.9710
14:34:23 |   sitting     : 0.9460
14:34:23 |   standing    : 0.9390
14:34:23 |   walking     : 0.9261
14:34:23 |   jogging     : 0.8837
14:34:23 | 混淆矩阵 (test):
14:34:23 |            lying  sitting standing  walking  jogging
14:34:23 |   lying         435        1        8        3        1
14:34:23 |   sitting         2      403       20        1        0
14:34:23 |   standing        8       14      400        4        0
14:34:23 |   walking         2        1       12      188        0
14:34:23 |   jogging         0        5        7        3      114
14:34:23 | ============================================================
14:34:23 | 模型: pamap2_purecnn_phase1.pt  结果: pamap2_purecnn_phase1.json  日志: pamap2_purecnn_phase1.log
