15:13:37 | ============================================================
15:13:37 | 阶段2: CNNRES 蒸馏 | PAMAP2 | filtered α=0.7 T=1.5
15:13:37 | 硬标签 70% | 软标签 30% | 基线 test=0.9271
15:13:37 | ============================================================
15:13:44 | E001 | loss=0.4094 train=0.9158 val=0.9271 lr=9.94e-05
15:14:21 | E005 | loss=0.3831 train=0.9117 val=0.9308 lr=8.54e-05
15:15:04 | E010 | loss=0.3737 train=0.9130 val=0.9320 lr=5.00e-05
15:15:42 | E015 | loss=0.3694 train=0.9136 val=0.9246 lr=1.46e-05
15:16:19 | E020 | loss=0.3578 train=0.9159 val=0.9295 lr=1.00e-04
15:16:56 | E025 | loss=0.3561 train=0.9163 val=0.9320 lr=9.62e-05
15:17:04 | 早停 @ E26 (best val=0.9326 @ E11)
15:17:04 | 
============================================================
15:17:04 | 阶段2 完成!  train=0.9448  val=0.9326 @ E11
15:17:04 | test=0.9277 (基线 0.9271, +0.06pp)  3.5min
15:17:04 | 每类准确率 (test):
15:17:04 |   lying       : 0.9397
15:17:04 |   sitting     : 0.9366
15:17:04 |   standing    : 0.9249
15:17:04 |   walking     : 0.9163
15:17:04 |   jogging     : 0.8837
15:17:04 | 混淆矩阵 (test):
15:17:04 |            lying  sitting standing  walking  jogging
15:17:04 |   lying         421        8       14        3        2
15:17:04 |   sitting         0      399       23        4        0
15:17:04 |   standing        6       20      394        6        0
15:17:04 |   walking         2        3       10      186        2
15:17:04 |   jogging         0        7        7        1      114
15:17:04 | ============================================================
15:17:04 | 模型: pamap2_cnnres_phase2_filtered_a0.7_T1.5.pt  结果: pamap2_cnnres_phase2_filtered_a0.7_T1.5.json  日志: pamap2_cnnres_phase2_filtered_a0.7_T1.5.log
